[2022-10-06T12:36:54.593+0000] {taskinstance.py:1171} INFO - Dependencies all met for <TaskInstance: vecap_etl.geography_dim scheduled__2022-10-04T00:00:00+00:00 [queued]>
[2022-10-06T12:36:54.640+0000] {taskinstance.py:1171} INFO - Dependencies all met for <TaskInstance: vecap_etl.geography_dim scheduled__2022-10-04T00:00:00+00:00 [queued]>
[2022-10-06T12:36:54.646+0000] {taskinstance.py:1368} INFO - 
--------------------------------------------------------------------------------
[2022-10-06T12:36:54.649+0000] {taskinstance.py:1369} INFO - Starting attempt 1 of 1
[2022-10-06T12:36:54.650+0000] {taskinstance.py:1370} INFO - 
--------------------------------------------------------------------------------
[2022-10-06T12:36:54.697+0000] {taskinstance.py:1389} INFO - Executing <Task(PythonOperator): geography_dim> on 2022-10-04 00:00:00+00:00
[2022-10-06T12:36:54.708+0000] {standard_task_runner.py:52} INFO - Started process 206 to run task
[2022-10-06T12:36:54.725+0000] {standard_task_runner.py:79} INFO - Running: ['***', 'tasks', 'run', 'vecap_etl', 'geography_dim', 'scheduled__2022-10-04T00:00:00+00:00', '--job-id', '173', '--raw', '--subdir', 'DAGS_FOLDER/c_dag.py', '--cfg-path', '/tmp/tmpjci_r3tb', '--error-file', '/tmp/tmpjiyr6fj8']
[2022-10-06T12:36:54.733+0000] {standard_task_runner.py:80} INFO - Job 173: Subtask geography_dim
[2022-10-06T12:36:55.045+0000] {task_command.py:371} INFO - Running <TaskInstance: vecap_etl.geography_dim scheduled__2022-10-04T00:00:00+00:00 [running]> on host a41ad1c55a2c
[2022-10-06T12:36:55.319+0000] {taskinstance.py:1583} INFO - Exporting the following env vars:
AIRFLOW_CTX_DAG_EMAIL=admin@vecap.com
AIRFLOW_CTX_DAG_OWNER=***
AIRFLOW_CTX_DAG_ID=vecap_etl
AIRFLOW_CTX_TASK_ID=geography_dim
AIRFLOW_CTX_EXECUTION_DATE=2022-10-04T00:00:00+00:00
AIRFLOW_CTX_TRY_NUMBER=1
AIRFLOW_CTX_DAG_RUN_ID=scheduled__2022-10-04T00:00:00+00:00
[2022-10-06T12:37:00.677+0000] {python.py:173} INFO - Done. Returned value was: None
[2022-10-06T12:37:00.705+0000] {taskinstance.py:1412} INFO - Marking task as SUCCESS. dag_id=vecap_etl, task_id=geography_dim, execution_date=20221004T000000, start_date=20221006T123654, end_date=20221006T123700
[2022-10-06T12:37:00.776+0000] {local_task_job.py:156} INFO - Task exited with return code 0
