[2022-09-17T10:27:33.585+0000] {processor.py:153} INFO - Started process (PID=208) to work on /home/airflow/.local/lib/python3.7/site-packages/airflow/example_dags/example_latest_only.py
[2022-09-17T10:27:33.589+0000] {processor.py:640} INFO - Processing file /home/airflow/.local/lib/python3.7/site-packages/airflow/example_dags/example_latest_only.py for tasks to queue
[2022-09-17T10:27:33.591+0000] {logging_mixin.py:115} INFO - [2022-09-17T10:27:33.591+0000] {dagbag.py:508} INFO - Filling up the DagBag from /home/airflow/.local/lib/python3.7/site-packages/airflow/example_dags/example_latest_only.py
[2022-09-17T10:27:33.618+0000] {processor.py:650} INFO - DAG(s) dict_keys(['latest_only']) retrieved from /home/airflow/.local/lib/python3.7/site-packages/airflow/example_dags/example_latest_only.py
[2022-09-17T10:27:33.664+0000] {logging_mixin.py:115} INFO - [2022-09-17T10:27:33.664+0000] {dag.py:2429} INFO - Sync 1 DAGs
[2022-09-17T10:27:33.717+0000] {logging_mixin.py:115} INFO - [2022-09-17T10:27:33.717+0000] {dag.py:2981} INFO - Setting next_dagrun for latest_only to 2022-09-17T06:27:33.717298+00:00, run_after=2022-09-17T10:27:33.717298+00:00
[2022-09-17T10:27:33.752+0000] {processor.py:161} INFO - Processing /home/airflow/.local/lib/python3.7/site-packages/airflow/example_dags/example_latest_only.py took 0.172 seconds
[2022-09-17T10:28:04.297+0000] {processor.py:153} INFO - Started process (PID=420) to work on /home/airflow/.local/lib/python3.7/site-packages/airflow/example_dags/example_latest_only.py
[2022-09-17T10:28:04.300+0000] {processor.py:640} INFO - Processing file /home/airflow/.local/lib/python3.7/site-packages/airflow/example_dags/example_latest_only.py for tasks to queue
[2022-09-17T10:28:04.303+0000] {logging_mixin.py:115} INFO - [2022-09-17T10:28:04.303+0000] {dagbag.py:508} INFO - Filling up the DagBag from /home/airflow/.local/lib/python3.7/site-packages/airflow/example_dags/example_latest_only.py
[2022-09-17T10:28:04.315+0000] {processor.py:650} INFO - DAG(s) dict_keys(['latest_only']) retrieved from /home/airflow/.local/lib/python3.7/site-packages/airflow/example_dags/example_latest_only.py
[2022-09-17T10:28:04.403+0000] {logging_mixin.py:115} INFO - [2022-09-17T10:28:04.403+0000] {dag.py:2429} INFO - Sync 1 DAGs
[2022-09-17T10:28:04.484+0000] {logging_mixin.py:115} INFO - [2022-09-17T10:28:04.483+0000] {dag.py:2981} INFO - Setting next_dagrun for latest_only to 2022-09-17T06:28:04.482920+00:00, run_after=2022-09-17T10:28:04.482920+00:00
[2022-09-17T10:28:04.510+0000] {processor.py:161} INFO - Processing /home/airflow/.local/lib/python3.7/site-packages/airflow/example_dags/example_latest_only.py took 0.219 seconds
[2022-09-17T10:28:36.174+0000] {processor.py:153} INFO - Started process (PID=634) to work on /home/airflow/.local/lib/python3.7/site-packages/airflow/example_dags/example_latest_only.py
[2022-09-17T10:28:36.178+0000] {processor.py:640} INFO - Processing file /home/airflow/.local/lib/python3.7/site-packages/airflow/example_dags/example_latest_only.py for tasks to queue
[2022-09-17T10:28:36.180+0000] {logging_mixin.py:115} INFO - [2022-09-17T10:28:36.180+0000] {dagbag.py:508} INFO - Filling up the DagBag from /home/airflow/.local/lib/python3.7/site-packages/airflow/example_dags/example_latest_only.py
[2022-09-17T10:28:36.218+0000] {processor.py:650} INFO - DAG(s) dict_keys(['latest_only']) retrieved from /home/airflow/.local/lib/python3.7/site-packages/airflow/example_dags/example_latest_only.py
[2022-09-17T10:28:36.328+0000] {logging_mixin.py:115} INFO - [2022-09-17T10:28:36.327+0000] {dag.py:2429} INFO - Sync 1 DAGs
[2022-09-17T10:28:36.419+0000] {logging_mixin.py:115} INFO - [2022-09-17T10:28:36.419+0000] {dag.py:2981} INFO - Setting next_dagrun for latest_only to 2022-09-17T06:28:36.418443+00:00, run_after=2022-09-17T10:28:36.418443+00:00
[2022-09-17T10:28:36.458+0000] {processor.py:161} INFO - Processing /home/airflow/.local/lib/python3.7/site-packages/airflow/example_dags/example_latest_only.py took 0.304 seconds
[2022-09-17T10:29:07.287+0000] {processor.py:153} INFO - Started process (PID=839) to work on /home/airflow/.local/lib/python3.7/site-packages/airflow/example_dags/example_latest_only.py
[2022-09-17T10:29:07.291+0000] {processor.py:640} INFO - Processing file /home/airflow/.local/lib/python3.7/site-packages/airflow/example_dags/example_latest_only.py for tasks to queue
[2022-09-17T10:29:07.296+0000] {logging_mixin.py:115} INFO - [2022-09-17T10:29:07.295+0000] {dagbag.py:508} INFO - Filling up the DagBag from /home/airflow/.local/lib/python3.7/site-packages/airflow/example_dags/example_latest_only.py
[2022-09-17T10:29:07.308+0000] {processor.py:650} INFO - DAG(s) dict_keys(['latest_only']) retrieved from /home/airflow/.local/lib/python3.7/site-packages/airflow/example_dags/example_latest_only.py
[2022-09-17T10:29:07.374+0000] {logging_mixin.py:115} INFO - [2022-09-17T10:29:07.373+0000] {dag.py:2429} INFO - Sync 1 DAGs
[2022-09-17T10:29:07.419+0000] {logging_mixin.py:115} INFO - [2022-09-17T10:29:07.419+0000] {dag.py:2981} INFO - Setting next_dagrun for latest_only to 2022-09-17T06:29:07.419172+00:00, run_after=2022-09-17T10:29:07.419172+00:00
[2022-09-17T10:29:07.451+0000] {processor.py:161} INFO - Processing /home/airflow/.local/lib/python3.7/site-packages/airflow/example_dags/example_latest_only.py took 0.169 seconds
[2022-09-17T10:29:38.502+0000] {processor.py:153} INFO - Started process (PID=1052) to work on /home/airflow/.local/lib/python3.7/site-packages/airflow/example_dags/example_latest_only.py
[2022-09-17T10:29:38.504+0000] {processor.py:640} INFO - Processing file /home/airflow/.local/lib/python3.7/site-packages/airflow/example_dags/example_latest_only.py for tasks to queue
[2022-09-17T10:29:38.516+0000] {logging_mixin.py:115} INFO - [2022-09-17T10:29:38.516+0000] {dagbag.py:508} INFO - Filling up the DagBag from /home/airflow/.local/lib/python3.7/site-packages/airflow/example_dags/example_latest_only.py
[2022-09-17T10:29:38.539+0000] {processor.py:650} INFO - DAG(s) dict_keys(['latest_only']) retrieved from /home/airflow/.local/lib/python3.7/site-packages/airflow/example_dags/example_latest_only.py
[2022-09-17T10:29:38.613+0000] {logging_mixin.py:115} INFO - [2022-09-17T10:29:38.613+0000] {dag.py:2429} INFO - Sync 1 DAGs
[2022-09-17T10:29:38.657+0000] {logging_mixin.py:115} INFO - [2022-09-17T10:29:38.656+0000] {dag.py:2981} INFO - Setting next_dagrun for latest_only to 2022-09-17T06:29:38.656434+00:00, run_after=2022-09-17T10:29:38.656434+00:00
[2022-09-17T10:29:38.690+0000] {processor.py:161} INFO - Processing /home/airflow/.local/lib/python3.7/site-packages/airflow/example_dags/example_latest_only.py took 0.195 seconds
[2022-09-17T10:30:09.688+0000] {processor.py:153} INFO - Started process (PID=1258) to work on /home/airflow/.local/lib/python3.7/site-packages/airflow/example_dags/example_latest_only.py
[2022-09-17T10:30:09.691+0000] {processor.py:640} INFO - Processing file /home/airflow/.local/lib/python3.7/site-packages/airflow/example_dags/example_latest_only.py for tasks to queue
[2022-09-17T10:30:09.695+0000] {logging_mixin.py:115} INFO - [2022-09-17T10:30:09.695+0000] {dagbag.py:508} INFO - Filling up the DagBag from /home/airflow/.local/lib/python3.7/site-packages/airflow/example_dags/example_latest_only.py
[2022-09-17T10:30:09.706+0000] {processor.py:650} INFO - DAG(s) dict_keys(['latest_only']) retrieved from /home/airflow/.local/lib/python3.7/site-packages/airflow/example_dags/example_latest_only.py
[2022-09-17T10:30:09.783+0000] {logging_mixin.py:115} INFO - [2022-09-17T10:30:09.782+0000] {dag.py:2429} INFO - Sync 1 DAGs
[2022-09-17T10:30:09.839+0000] {logging_mixin.py:115} INFO - [2022-09-17T10:30:09.838+0000] {dag.py:2981} INFO - Setting next_dagrun for latest_only to 2022-09-17T06:30:09.838467+00:00, run_after=2022-09-17T10:30:09.838467+00:00
[2022-09-17T10:30:09.885+0000] {processor.py:161} INFO - Processing /home/airflow/.local/lib/python3.7/site-packages/airflow/example_dags/example_latest_only.py took 0.203 seconds
[2022-09-17T10:30:40.809+0000] {processor.py:153} INFO - Started process (PID=1465) to work on /home/airflow/.local/lib/python3.7/site-packages/airflow/example_dags/example_latest_only.py
[2022-09-17T10:30:40.812+0000] {processor.py:640} INFO - Processing file /home/airflow/.local/lib/python3.7/site-packages/airflow/example_dags/example_latest_only.py for tasks to queue
[2022-09-17T10:30:40.814+0000] {logging_mixin.py:115} INFO - [2022-09-17T10:30:40.814+0000] {dagbag.py:508} INFO - Filling up the DagBag from /home/airflow/.local/lib/python3.7/site-packages/airflow/example_dags/example_latest_only.py
[2022-09-17T10:30:40.821+0000] {processor.py:650} INFO - DAG(s) dict_keys(['latest_only']) retrieved from /home/airflow/.local/lib/python3.7/site-packages/airflow/example_dags/example_latest_only.py
[2022-09-17T10:30:40.871+0000] {logging_mixin.py:115} INFO - [2022-09-17T10:30:40.870+0000] {dag.py:2429} INFO - Sync 1 DAGs
[2022-09-17T10:30:40.906+0000] {logging_mixin.py:115} INFO - [2022-09-17T10:30:40.905+0000] {dag.py:2981} INFO - Setting next_dagrun for latest_only to 2022-09-17T06:30:40.905613+00:00, run_after=2022-09-17T10:30:40.905613+00:00
[2022-09-17T10:30:40.927+0000] {processor.py:161} INFO - Processing /home/airflow/.local/lib/python3.7/site-packages/airflow/example_dags/example_latest_only.py took 0.122 seconds
[2022-09-17T10:31:13.976+0000] {processor.py:153} INFO - Started process (PID=1677) to work on /home/airflow/.local/lib/python3.7/site-packages/airflow/example_dags/example_latest_only.py
[2022-09-17T10:31:13.982+0000] {processor.py:640} INFO - Processing file /home/airflow/.local/lib/python3.7/site-packages/airflow/example_dags/example_latest_only.py for tasks to queue
[2022-09-17T10:31:13.991+0000] {logging_mixin.py:115} INFO - [2022-09-17T10:31:13.990+0000] {dagbag.py:508} INFO - Filling up the DagBag from /home/airflow/.local/lib/python3.7/site-packages/airflow/example_dags/example_latest_only.py
[2022-09-17T10:31:14.024+0000] {processor.py:650} INFO - DAG(s) dict_keys(['latest_only']) retrieved from /home/airflow/.local/lib/python3.7/site-packages/airflow/example_dags/example_latest_only.py
[2022-09-17T10:31:14.169+0000] {logging_mixin.py:115} INFO - [2022-09-17T10:31:14.169+0000] {dag.py:2429} INFO - Sync 1 DAGs
[2022-09-17T10:31:14.287+0000] {logging_mixin.py:115} INFO - [2022-09-17T10:31:14.287+0000] {dag.py:2981} INFO - Setting next_dagrun for latest_only to 2022-09-17T06:31:14.286060+00:00, run_after=2022-09-17T10:31:14.286060+00:00
[2022-09-17T10:31:14.388+0000] {processor.py:161} INFO - Processing /home/airflow/.local/lib/python3.7/site-packages/airflow/example_dags/example_latest_only.py took 0.420 seconds
[2022-09-17T10:31:44.655+0000] {processor.py:153} INFO - Started process (PID=1881) to work on /home/airflow/.local/lib/python3.7/site-packages/airflow/example_dags/example_latest_only.py
[2022-09-17T10:31:44.658+0000] {processor.py:640} INFO - Processing file /home/airflow/.local/lib/python3.7/site-packages/airflow/example_dags/example_latest_only.py for tasks to queue
[2022-09-17T10:31:44.665+0000] {logging_mixin.py:115} INFO - [2022-09-17T10:31:44.665+0000] {dagbag.py:508} INFO - Filling up the DagBag from /home/airflow/.local/lib/python3.7/site-packages/airflow/example_dags/example_latest_only.py
[2022-09-17T10:31:44.699+0000] {processor.py:650} INFO - DAG(s) dict_keys(['latest_only']) retrieved from /home/airflow/.local/lib/python3.7/site-packages/airflow/example_dags/example_latest_only.py
[2022-09-17T10:31:44.765+0000] {logging_mixin.py:115} INFO - [2022-09-17T10:31:44.764+0000] {dag.py:2429} INFO - Sync 1 DAGs
[2022-09-17T10:31:44.819+0000] {logging_mixin.py:115} INFO - [2022-09-17T10:31:44.819+0000] {dag.py:2981} INFO - Setting next_dagrun for latest_only to 2022-09-17T06:31:44.818778+00:00, run_after=2022-09-17T10:31:44.818778+00:00
[2022-09-17T10:31:44.841+0000] {processor.py:161} INFO - Processing /home/airflow/.local/lib/python3.7/site-packages/airflow/example_dags/example_latest_only.py took 0.193 seconds
[2022-09-17T10:32:15.525+0000] {processor.py:153} INFO - Started process (PID=2093) to work on /home/airflow/.local/lib/python3.7/site-packages/airflow/example_dags/example_latest_only.py
[2022-09-17T10:32:15.528+0000] {processor.py:640} INFO - Processing file /home/airflow/.local/lib/python3.7/site-packages/airflow/example_dags/example_latest_only.py for tasks to queue
[2022-09-17T10:32:15.530+0000] {logging_mixin.py:115} INFO - [2022-09-17T10:32:15.530+0000] {dagbag.py:508} INFO - Filling up the DagBag from /home/airflow/.local/lib/python3.7/site-packages/airflow/example_dags/example_latest_only.py
[2022-09-17T10:32:15.538+0000] {processor.py:650} INFO - DAG(s) dict_keys(['latest_only']) retrieved from /home/airflow/.local/lib/python3.7/site-packages/airflow/example_dags/example_latest_only.py
[2022-09-17T10:32:15.581+0000] {logging_mixin.py:115} INFO - [2022-09-17T10:32:15.581+0000] {dag.py:2429} INFO - Sync 1 DAGs
[2022-09-17T10:32:15.621+0000] {logging_mixin.py:115} INFO - [2022-09-17T10:32:15.620+0000] {dag.py:2981} INFO - Setting next_dagrun for latest_only to 2022-09-17T06:32:15.620565+00:00, run_after=2022-09-17T10:32:15.620565+00:00
[2022-09-17T10:32:15.642+0000] {processor.py:161} INFO - Processing /home/airflow/.local/lib/python3.7/site-packages/airflow/example_dags/example_latest_only.py took 0.122 seconds
[2022-09-17T10:32:45.816+0000] {processor.py:153} INFO - Started process (PID=2292) to work on /home/airflow/.local/lib/python3.7/site-packages/airflow/example_dags/example_latest_only.py
[2022-09-17T10:32:45.820+0000] {processor.py:640} INFO - Processing file /home/airflow/.local/lib/python3.7/site-packages/airflow/example_dags/example_latest_only.py for tasks to queue
[2022-09-17T10:32:45.822+0000] {logging_mixin.py:115} INFO - [2022-09-17T10:32:45.822+0000] {dagbag.py:508} INFO - Filling up the DagBag from /home/airflow/.local/lib/python3.7/site-packages/airflow/example_dags/example_latest_only.py
[2022-09-17T10:32:45.833+0000] {processor.py:650} INFO - DAG(s) dict_keys(['latest_only']) retrieved from /home/airflow/.local/lib/python3.7/site-packages/airflow/example_dags/example_latest_only.py
[2022-09-17T10:32:45.891+0000] {logging_mixin.py:115} INFO - [2022-09-17T10:32:45.890+0000] {dag.py:2429} INFO - Sync 1 DAGs
[2022-09-17T10:32:45.936+0000] {logging_mixin.py:115} INFO - [2022-09-17T10:32:45.935+0000] {dag.py:2981} INFO - Setting next_dagrun for latest_only to 2022-09-17T06:32:45.935547+00:00, run_after=2022-09-17T10:32:45.935547+00:00
[2022-09-17T10:32:45.962+0000] {processor.py:161} INFO - Processing /home/airflow/.local/lib/python3.7/site-packages/airflow/example_dags/example_latest_only.py took 0.154 seconds
[2022-09-17T10:33:16.914+0000] {processor.py:153} INFO - Started process (PID=2508) to work on /home/airflow/.local/lib/python3.7/site-packages/airflow/example_dags/example_latest_only.py
[2022-09-17T10:33:16.917+0000] {processor.py:640} INFO - Processing file /home/airflow/.local/lib/python3.7/site-packages/airflow/example_dags/example_latest_only.py for tasks to queue
[2022-09-17T10:33:16.918+0000] {logging_mixin.py:115} INFO - [2022-09-17T10:33:16.918+0000] {dagbag.py:508} INFO - Filling up the DagBag from /home/airflow/.local/lib/python3.7/site-packages/airflow/example_dags/example_latest_only.py
[2022-09-17T10:33:16.926+0000] {processor.py:650} INFO - DAG(s) dict_keys(['latest_only']) retrieved from /home/airflow/.local/lib/python3.7/site-packages/airflow/example_dags/example_latest_only.py
[2022-09-17T10:33:16.975+0000] {logging_mixin.py:115} INFO - [2022-09-17T10:33:16.974+0000] {dag.py:2429} INFO - Sync 1 DAGs
[2022-09-17T10:33:17.015+0000] {logging_mixin.py:115} INFO - [2022-09-17T10:33:17.014+0000] {dag.py:2981} INFO - Setting next_dagrun for latest_only to 2022-09-17T06:33:17.014495+00:00, run_after=2022-09-17T10:33:17.014495+00:00
[2022-09-17T10:33:17.041+0000] {processor.py:161} INFO - Processing /home/airflow/.local/lib/python3.7/site-packages/airflow/example_dags/example_latest_only.py took 0.132 seconds
