[2022-09-17T10:27:36.017+0000] {processor.py:153} INFO - Started process (PID=273) to work on /home/airflow/.local/lib/python3.7/site-packages/airflow/example_dags/example_complex.py
[2022-09-17T10:27:36.020+0000] {processor.py:640} INFO - Processing file /home/airflow/.local/lib/python3.7/site-packages/airflow/example_dags/example_complex.py for tasks to queue
[2022-09-17T10:27:36.022+0000] {logging_mixin.py:115} INFO - [2022-09-17T10:27:36.022+0000] {dagbag.py:508} INFO - Filling up the DagBag from /home/airflow/.local/lib/python3.7/site-packages/airflow/example_dags/example_complex.py
[2022-09-17T10:27:36.052+0000] {processor.py:650} INFO - DAG(s) dict_keys(['example_complex']) retrieved from /home/airflow/.local/lib/python3.7/site-packages/airflow/example_dags/example_complex.py
[2022-09-17T10:27:36.127+0000] {logging_mixin.py:115} INFO - [2022-09-17T10:27:36.127+0000] {dag.py:2429} INFO - Sync 1 DAGs
[2022-09-17T10:27:36.167+0000] {logging_mixin.py:115} INFO - [2022-09-17T10:27:36.166+0000] {dag.py:2981} INFO - Setting next_dagrun for example_complex to None, run_after=None
[2022-09-17T10:27:36.190+0000] {processor.py:161} INFO - Processing /home/airflow/.local/lib/python3.7/site-packages/airflow/example_dags/example_complex.py took 0.178 seconds
[2022-09-17T10:28:07.515+0000] {processor.py:153} INFO - Started process (PID=492) to work on /home/airflow/.local/lib/python3.7/site-packages/airflow/example_dags/example_complex.py
[2022-09-17T10:28:07.519+0000] {processor.py:640} INFO - Processing file /home/airflow/.local/lib/python3.7/site-packages/airflow/example_dags/example_complex.py for tasks to queue
[2022-09-17T10:28:07.524+0000] {logging_mixin.py:115} INFO - [2022-09-17T10:28:07.523+0000] {dagbag.py:508} INFO - Filling up the DagBag from /home/airflow/.local/lib/python3.7/site-packages/airflow/example_dags/example_complex.py
[2022-09-17T10:28:07.574+0000] {processor.py:650} INFO - DAG(s) dict_keys(['example_complex']) retrieved from /home/airflow/.local/lib/python3.7/site-packages/airflow/example_dags/example_complex.py
[2022-09-17T10:28:07.685+0000] {logging_mixin.py:115} INFO - [2022-09-17T10:28:07.684+0000] {dag.py:2429} INFO - Sync 1 DAGs
[2022-09-17T10:28:07.761+0000] {logging_mixin.py:115} INFO - [2022-09-17T10:28:07.761+0000] {dag.py:2981} INFO - Setting next_dagrun for example_complex to None, run_after=None
[2022-09-17T10:28:07.829+0000] {processor.py:161} INFO - Processing /home/airflow/.local/lib/python3.7/site-packages/airflow/example_dags/example_complex.py took 0.324 seconds
[2022-09-17T10:28:38.683+0000] {processor.py:153} INFO - Started process (PID=699) to work on /home/airflow/.local/lib/python3.7/site-packages/airflow/example_dags/example_complex.py
[2022-09-17T10:28:38.687+0000] {processor.py:640} INFO - Processing file /home/airflow/.local/lib/python3.7/site-packages/airflow/example_dags/example_complex.py for tasks to queue
[2022-09-17T10:28:38.694+0000] {logging_mixin.py:115} INFO - [2022-09-17T10:28:38.693+0000] {dagbag.py:508} INFO - Filling up the DagBag from /home/airflow/.local/lib/python3.7/site-packages/airflow/example_dags/example_complex.py
[2022-09-17T10:28:38.746+0000] {processor.py:650} INFO - DAG(s) dict_keys(['example_complex']) retrieved from /home/airflow/.local/lib/python3.7/site-packages/airflow/example_dags/example_complex.py
[2022-09-17T10:28:38.853+0000] {logging_mixin.py:115} INFO - [2022-09-17T10:28:38.852+0000] {dag.py:2429} INFO - Sync 1 DAGs
[2022-09-17T10:28:38.901+0000] {logging_mixin.py:115} INFO - [2022-09-17T10:28:38.901+0000] {dag.py:2981} INFO - Setting next_dagrun for example_complex to None, run_after=None
[2022-09-17T10:28:38.939+0000] {processor.py:161} INFO - Processing /home/airflow/.local/lib/python3.7/site-packages/airflow/example_dags/example_complex.py took 0.267 seconds
[2022-09-17T10:29:09.087+0000] {processor.py:153} INFO - Started process (PID=904) to work on /home/airflow/.local/lib/python3.7/site-packages/airflow/example_dags/example_complex.py
[2022-09-17T10:29:09.090+0000] {processor.py:640} INFO - Processing file /home/airflow/.local/lib/python3.7/site-packages/airflow/example_dags/example_complex.py for tasks to queue
[2022-09-17T10:29:09.094+0000] {logging_mixin.py:115} INFO - [2022-09-17T10:29:09.093+0000] {dagbag.py:508} INFO - Filling up the DagBag from /home/airflow/.local/lib/python3.7/site-packages/airflow/example_dags/example_complex.py
[2022-09-17T10:29:09.121+0000] {processor.py:650} INFO - DAG(s) dict_keys(['example_complex']) retrieved from /home/airflow/.local/lib/python3.7/site-packages/airflow/example_dags/example_complex.py
[2022-09-17T10:29:09.200+0000] {logging_mixin.py:115} INFO - [2022-09-17T10:29:09.199+0000] {dag.py:2429} INFO - Sync 1 DAGs
[2022-09-17T10:29:09.248+0000] {logging_mixin.py:115} INFO - [2022-09-17T10:29:09.248+0000] {dag.py:2981} INFO - Setting next_dagrun for example_complex to None, run_after=None
[2022-09-17T10:29:09.282+0000] {processor.py:161} INFO - Processing /home/airflow/.local/lib/python3.7/site-packages/airflow/example_dags/example_complex.py took 0.201 seconds
[2022-09-17T10:29:40.394+0000] {processor.py:153} INFO - Started process (PID=1119) to work on /home/airflow/.local/lib/python3.7/site-packages/airflow/example_dags/example_complex.py
[2022-09-17T10:29:40.396+0000] {processor.py:640} INFO - Processing file /home/airflow/.local/lib/python3.7/site-packages/airflow/example_dags/example_complex.py for tasks to queue
[2022-09-17T10:29:40.398+0000] {logging_mixin.py:115} INFO - [2022-09-17T10:29:40.398+0000] {dagbag.py:508} INFO - Filling up the DagBag from /home/airflow/.local/lib/python3.7/site-packages/airflow/example_dags/example_complex.py
[2022-09-17T10:29:40.418+0000] {processor.py:650} INFO - DAG(s) dict_keys(['example_complex']) retrieved from /home/airflow/.local/lib/python3.7/site-packages/airflow/example_dags/example_complex.py
[2022-09-17T10:29:40.478+0000] {logging_mixin.py:115} INFO - [2022-09-17T10:29:40.477+0000] {dag.py:2429} INFO - Sync 1 DAGs
[2022-09-17T10:29:40.517+0000] {logging_mixin.py:115} INFO - [2022-09-17T10:29:40.517+0000] {dag.py:2981} INFO - Setting next_dagrun for example_complex to None, run_after=None
[2022-09-17T10:29:40.539+0000] {processor.py:161} INFO - Processing /home/airflow/.local/lib/python3.7/site-packages/airflow/example_dags/example_complex.py took 0.150 seconds
[2022-09-17T10:30:11.748+0000] {processor.py:153} INFO - Started process (PID=1323) to work on /home/airflow/.local/lib/python3.7/site-packages/airflow/example_dags/example_complex.py
[2022-09-17T10:30:11.751+0000] {processor.py:640} INFO - Processing file /home/airflow/.local/lib/python3.7/site-packages/airflow/example_dags/example_complex.py for tasks to queue
[2022-09-17T10:30:11.753+0000] {logging_mixin.py:115} INFO - [2022-09-17T10:30:11.753+0000] {dagbag.py:508} INFO - Filling up the DagBag from /home/airflow/.local/lib/python3.7/site-packages/airflow/example_dags/example_complex.py
[2022-09-17T10:30:11.786+0000] {processor.py:650} INFO - DAG(s) dict_keys(['example_complex']) retrieved from /home/airflow/.local/lib/python3.7/site-packages/airflow/example_dags/example_complex.py
[2022-09-17T10:30:11.864+0000] {logging_mixin.py:115} INFO - [2022-09-17T10:30:11.864+0000] {dag.py:2429} INFO - Sync 1 DAGs
[2022-09-17T10:30:11.912+0000] {logging_mixin.py:115} INFO - [2022-09-17T10:30:11.912+0000] {dag.py:2981} INFO - Setting next_dagrun for example_complex to None, run_after=None
[2022-09-17T10:30:11.939+0000] {processor.py:161} INFO - Processing /home/airflow/.local/lib/python3.7/site-packages/airflow/example_dags/example_complex.py took 0.200 seconds
[2022-09-17T10:30:42.352+0000] {processor.py:153} INFO - Started process (PID=1536) to work on /home/airflow/.local/lib/python3.7/site-packages/airflow/example_dags/example_complex.py
[2022-09-17T10:30:42.354+0000] {processor.py:640} INFO - Processing file /home/airflow/.local/lib/python3.7/site-packages/airflow/example_dags/example_complex.py for tasks to queue
[2022-09-17T10:30:42.356+0000] {logging_mixin.py:115} INFO - [2022-09-17T10:30:42.355+0000] {dagbag.py:508} INFO - Filling up the DagBag from /home/airflow/.local/lib/python3.7/site-packages/airflow/example_dags/example_complex.py
[2022-09-17T10:30:42.375+0000] {processor.py:650} INFO - DAG(s) dict_keys(['example_complex']) retrieved from /home/airflow/.local/lib/python3.7/site-packages/airflow/example_dags/example_complex.py
[2022-09-17T10:30:42.423+0000] {logging_mixin.py:115} INFO - [2022-09-17T10:30:42.423+0000] {dag.py:2429} INFO - Sync 1 DAGs
[2022-09-17T10:30:42.453+0000] {logging_mixin.py:115} INFO - [2022-09-17T10:30:42.453+0000] {dag.py:2981} INFO - Setting next_dagrun for example_complex to None, run_after=None
[2022-09-17T10:30:42.473+0000] {processor.py:161} INFO - Processing /home/airflow/.local/lib/python3.7/site-packages/airflow/example_dags/example_complex.py took 0.126 seconds
[2022-09-17T10:31:16.975+0000] {processor.py:153} INFO - Started process (PID=1740) to work on /home/airflow/.local/lib/python3.7/site-packages/airflow/example_dags/example_complex.py
[2022-09-17T10:31:16.977+0000] {processor.py:640} INFO - Processing file /home/airflow/.local/lib/python3.7/site-packages/airflow/example_dags/example_complex.py for tasks to queue
[2022-09-17T10:31:16.980+0000] {logging_mixin.py:115} INFO - [2022-09-17T10:31:16.980+0000] {dagbag.py:508} INFO - Filling up the DagBag from /home/airflow/.local/lib/python3.7/site-packages/airflow/example_dags/example_complex.py
[2022-09-17T10:31:17.002+0000] {processor.py:650} INFO - DAG(s) dict_keys(['example_complex']) retrieved from /home/airflow/.local/lib/python3.7/site-packages/airflow/example_dags/example_complex.py
[2022-09-17T10:31:17.082+0000] {logging_mixin.py:115} INFO - [2022-09-17T10:31:17.081+0000] {dag.py:2429} INFO - Sync 1 DAGs
[2022-09-17T10:31:17.209+0000] {logging_mixin.py:115} INFO - [2022-09-17T10:31:17.209+0000] {dag.py:2981} INFO - Setting next_dagrun for example_complex to None, run_after=None
[2022-09-17T10:31:17.254+0000] {processor.py:161} INFO - Processing /home/airflow/.local/lib/python3.7/site-packages/airflow/example_dags/example_complex.py took 0.287 seconds
[2022-09-17T10:31:48.054+0000] {processor.py:153} INFO - Started process (PID=1946) to work on /home/airflow/.local/lib/python3.7/site-packages/airflow/example_dags/example_complex.py
[2022-09-17T10:31:48.058+0000] {processor.py:640} INFO - Processing file /home/airflow/.local/lib/python3.7/site-packages/airflow/example_dags/example_complex.py for tasks to queue
[2022-09-17T10:31:48.060+0000] {logging_mixin.py:115} INFO - [2022-09-17T10:31:48.060+0000] {dagbag.py:508} INFO - Filling up the DagBag from /home/airflow/.local/lib/python3.7/site-packages/airflow/example_dags/example_complex.py
[2022-09-17T10:31:48.105+0000] {processor.py:650} INFO - DAG(s) dict_keys(['example_complex']) retrieved from /home/airflow/.local/lib/python3.7/site-packages/airflow/example_dags/example_complex.py
[2022-09-17T10:31:48.200+0000] {logging_mixin.py:115} INFO - [2022-09-17T10:31:48.199+0000] {dag.py:2429} INFO - Sync 1 DAGs
[2022-09-17T10:31:48.268+0000] {logging_mixin.py:115} INFO - [2022-09-17T10:31:48.268+0000] {dag.py:2981} INFO - Setting next_dagrun for example_complex to None, run_after=None
[2022-09-17T10:31:48.287+0000] {processor.py:161} INFO - Processing /home/airflow/.local/lib/python3.7/site-packages/airflow/example_dags/example_complex.py took 0.240 seconds
[2022-09-17T10:32:19.001+0000] {processor.py:153} INFO - Started process (PID=2159) to work on /home/airflow/.local/lib/python3.7/site-packages/airflow/example_dags/example_complex.py
[2022-09-17T10:32:19.003+0000] {processor.py:640} INFO - Processing file /home/airflow/.local/lib/python3.7/site-packages/airflow/example_dags/example_complex.py for tasks to queue
[2022-09-17T10:32:19.004+0000] {logging_mixin.py:115} INFO - [2022-09-17T10:32:19.004+0000] {dagbag.py:508} INFO - Filling up the DagBag from /home/airflow/.local/lib/python3.7/site-packages/airflow/example_dags/example_complex.py
[2022-09-17T10:32:19.024+0000] {processor.py:650} INFO - DAG(s) dict_keys(['example_complex']) retrieved from /home/airflow/.local/lib/python3.7/site-packages/airflow/example_dags/example_complex.py
[2022-09-17T10:32:19.092+0000] {logging_mixin.py:115} INFO - [2022-09-17T10:32:19.092+0000] {dag.py:2429} INFO - Sync 1 DAGs
[2022-09-17T10:32:19.130+0000] {logging_mixin.py:115} INFO - [2022-09-17T10:32:19.130+0000] {dag.py:2981} INFO - Setting next_dagrun for example_complex to None, run_after=None
[2022-09-17T10:32:19.151+0000] {processor.py:161} INFO - Processing /home/airflow/.local/lib/python3.7/site-packages/airflow/example_dags/example_complex.py took 0.155 seconds
[2022-09-17T10:32:49.967+0000] {processor.py:153} INFO - Started process (PID=2364) to work on /home/airflow/.local/lib/python3.7/site-packages/airflow/example_dags/example_complex.py
[2022-09-17T10:32:49.969+0000] {processor.py:640} INFO - Processing file /home/airflow/.local/lib/python3.7/site-packages/airflow/example_dags/example_complex.py for tasks to queue
[2022-09-17T10:32:49.970+0000] {logging_mixin.py:115} INFO - [2022-09-17T10:32:49.970+0000] {dagbag.py:508} INFO - Filling up the DagBag from /home/airflow/.local/lib/python3.7/site-packages/airflow/example_dags/example_complex.py
[2022-09-17T10:32:49.996+0000] {processor.py:650} INFO - DAG(s) dict_keys(['example_complex']) retrieved from /home/airflow/.local/lib/python3.7/site-packages/airflow/example_dags/example_complex.py
[2022-09-17T10:32:50.043+0000] {logging_mixin.py:115} INFO - [2022-09-17T10:32:50.042+0000] {dag.py:2429} INFO - Sync 1 DAGs
[2022-09-17T10:32:50.075+0000] {logging_mixin.py:115} INFO - [2022-09-17T10:32:50.075+0000] {dag.py:2981} INFO - Setting next_dagrun for example_complex to None, run_after=None
[2022-09-17T10:32:50.096+0000] {processor.py:161} INFO - Processing /home/airflow/.local/lib/python3.7/site-packages/airflow/example_dags/example_complex.py took 0.135 seconds
[2022-09-17T10:33:20.725+0000] {processor.py:153} INFO - Started process (PID=2580) to work on /home/airflow/.local/lib/python3.7/site-packages/airflow/example_dags/example_complex.py
[2022-09-17T10:33:20.727+0000] {processor.py:640} INFO - Processing file /home/airflow/.local/lib/python3.7/site-packages/airflow/example_dags/example_complex.py for tasks to queue
[2022-09-17T10:33:20.729+0000] {logging_mixin.py:115} INFO - [2022-09-17T10:33:20.728+0000] {dagbag.py:508} INFO - Filling up the DagBag from /home/airflow/.local/lib/python3.7/site-packages/airflow/example_dags/example_complex.py
[2022-09-17T10:33:20.751+0000] {processor.py:650} INFO - DAG(s) dict_keys(['example_complex']) retrieved from /home/airflow/.local/lib/python3.7/site-packages/airflow/example_dags/example_complex.py
[2022-09-17T10:33:20.794+0000] {logging_mixin.py:115} INFO - [2022-09-17T10:33:20.794+0000] {dag.py:2429} INFO - Sync 1 DAGs
[2022-09-17T10:33:20.823+0000] {logging_mixin.py:115} INFO - [2022-09-17T10:33:20.823+0000] {dag.py:2981} INFO - Setting next_dagrun for example_complex to None, run_after=None
[2022-09-17T10:33:20.842+0000] {processor.py:161} INFO - Processing /home/airflow/.local/lib/python3.7/site-packages/airflow/example_dags/example_complex.py took 0.122 seconds
