[2022-09-17T10:27:38.026+0000] {processor.py:153} INFO - Started process (PID=338) to work on /home/airflow/.local/lib/python3.7/site-packages/airflow/example_dags/example_nested_branch_dag.py
[2022-09-17T10:27:38.028+0000] {processor.py:640} INFO - Processing file /home/airflow/.local/lib/python3.7/site-packages/airflow/example_dags/example_nested_branch_dag.py for tasks to queue
[2022-09-17T10:27:38.033+0000] {logging_mixin.py:115} INFO - [2022-09-17T10:27:38.032+0000] {dagbag.py:508} INFO - Filling up the DagBag from /home/airflow/.local/lib/python3.7/site-packages/airflow/example_dags/example_nested_branch_dag.py
[2022-09-17T10:27:38.069+0000] {processor.py:650} INFO - DAG(s) dict_keys(['example_nested_branch_dag']) retrieved from /home/airflow/.local/lib/python3.7/site-packages/airflow/example_dags/example_nested_branch_dag.py
[2022-09-17T10:27:38.116+0000] {logging_mixin.py:115} INFO - [2022-09-17T10:27:38.116+0000] {dag.py:2429} INFO - Sync 1 DAGs
[2022-09-17T10:27:38.155+0000] {logging_mixin.py:115} INFO - [2022-09-17T10:27:38.155+0000] {dag.py:2981} INFO - Setting next_dagrun for example_nested_branch_dag to 2022-09-16T00:00:00+00:00, run_after=2022-09-17T00:00:00+00:00
[2022-09-17T10:27:38.183+0000] {processor.py:161} INFO - Processing /home/airflow/.local/lib/python3.7/site-packages/airflow/example_dags/example_nested_branch_dag.py took 0.163 seconds
[2022-09-17T10:28:09.925+0000] {processor.py:153} INFO - Started process (PID=559) to work on /home/airflow/.local/lib/python3.7/site-packages/airflow/example_dags/example_nested_branch_dag.py
[2022-09-17T10:28:09.930+0000] {processor.py:640} INFO - Processing file /home/airflow/.local/lib/python3.7/site-packages/airflow/example_dags/example_nested_branch_dag.py for tasks to queue
[2022-09-17T10:28:09.934+0000] {logging_mixin.py:115} INFO - [2022-09-17T10:28:09.933+0000] {dagbag.py:508} INFO - Filling up the DagBag from /home/airflow/.local/lib/python3.7/site-packages/airflow/example_dags/example_nested_branch_dag.py
[2022-09-17T10:28:09.966+0000] {processor.py:650} INFO - DAG(s) dict_keys(['example_nested_branch_dag']) retrieved from /home/airflow/.local/lib/python3.7/site-packages/airflow/example_dags/example_nested_branch_dag.py
[2022-09-17T10:28:10.045+0000] {logging_mixin.py:115} INFO - [2022-09-17T10:28:10.045+0000] {dag.py:2429} INFO - Sync 1 DAGs
[2022-09-17T10:28:10.120+0000] {logging_mixin.py:115} INFO - [2022-09-17T10:28:10.120+0000] {dag.py:2981} INFO - Setting next_dagrun for example_nested_branch_dag to 2022-09-16T00:00:00+00:00, run_after=2022-09-17T00:00:00+00:00
[2022-09-17T10:28:10.178+0000] {processor.py:161} INFO - Processing /home/airflow/.local/lib/python3.7/site-packages/airflow/example_dags/example_nested_branch_dag.py took 0.265 seconds
[2022-09-17T10:28:40.816+0000] {processor.py:153} INFO - Started process (PID=764) to work on /home/airflow/.local/lib/python3.7/site-packages/airflow/example_dags/example_nested_branch_dag.py
[2022-09-17T10:28:40.822+0000] {processor.py:640} INFO - Processing file /home/airflow/.local/lib/python3.7/site-packages/airflow/example_dags/example_nested_branch_dag.py for tasks to queue
[2022-09-17T10:28:40.828+0000] {logging_mixin.py:115} INFO - [2022-09-17T10:28:40.827+0000] {dagbag.py:508} INFO - Filling up the DagBag from /home/airflow/.local/lib/python3.7/site-packages/airflow/example_dags/example_nested_branch_dag.py
[2022-09-17T10:28:40.859+0000] {processor.py:650} INFO - DAG(s) dict_keys(['example_nested_branch_dag']) retrieved from /home/airflow/.local/lib/python3.7/site-packages/airflow/example_dags/example_nested_branch_dag.py
[2022-09-17T10:28:40.923+0000] {logging_mixin.py:115} INFO - [2022-09-17T10:28:40.922+0000] {dag.py:2429} INFO - Sync 1 DAGs
[2022-09-17T10:28:40.972+0000] {logging_mixin.py:115} INFO - [2022-09-17T10:28:40.972+0000] {dag.py:2981} INFO - Setting next_dagrun for example_nested_branch_dag to 2022-09-16T00:00:00+00:00, run_after=2022-09-17T00:00:00+00:00
[2022-09-17T10:28:41.003+0000] {processor.py:161} INFO - Processing /home/airflow/.local/lib/python3.7/site-packages/airflow/example_dags/example_nested_branch_dag.py took 0.199 seconds
[2022-09-17T10:29:12.119+0000] {processor.py:153} INFO - Started process (PID=969) to work on /home/airflow/.local/lib/python3.7/site-packages/airflow/example_dags/example_nested_branch_dag.py
[2022-09-17T10:29:12.124+0000] {processor.py:640} INFO - Processing file /home/airflow/.local/lib/python3.7/site-packages/airflow/example_dags/example_nested_branch_dag.py for tasks to queue
[2022-09-17T10:29:12.126+0000] {logging_mixin.py:115} INFO - [2022-09-17T10:29:12.126+0000] {dagbag.py:508} INFO - Filling up the DagBag from /home/airflow/.local/lib/python3.7/site-packages/airflow/example_dags/example_nested_branch_dag.py
[2022-09-17T10:29:12.160+0000] {processor.py:650} INFO - DAG(s) dict_keys(['example_nested_branch_dag']) retrieved from /home/airflow/.local/lib/python3.7/site-packages/airflow/example_dags/example_nested_branch_dag.py
[2022-09-17T10:29:12.267+0000] {logging_mixin.py:115} INFO - [2022-09-17T10:29:12.266+0000] {dag.py:2429} INFO - Sync 1 DAGs
[2022-09-17T10:29:12.323+0000] {logging_mixin.py:115} INFO - [2022-09-17T10:29:12.323+0000] {dag.py:2981} INFO - Setting next_dagrun for example_nested_branch_dag to 2022-09-16T00:00:00+00:00, run_after=2022-09-17T00:00:00+00:00
[2022-09-17T10:29:12.370+0000] {processor.py:161} INFO - Processing /home/airflow/.local/lib/python3.7/site-packages/airflow/example_dags/example_nested_branch_dag.py took 0.262 seconds
[2022-09-17T10:29:43.107+0000] {processor.py:153} INFO - Started process (PID=1182) to work on /home/airflow/.local/lib/python3.7/site-packages/airflow/example_dags/example_nested_branch_dag.py
[2022-09-17T10:29:43.109+0000] {processor.py:640} INFO - Processing file /home/airflow/.local/lib/python3.7/site-packages/airflow/example_dags/example_nested_branch_dag.py for tasks to queue
[2022-09-17T10:29:43.111+0000] {logging_mixin.py:115} INFO - [2022-09-17T10:29:43.111+0000] {dagbag.py:508} INFO - Filling up the DagBag from /home/airflow/.local/lib/python3.7/site-packages/airflow/example_dags/example_nested_branch_dag.py
[2022-09-17T10:29:43.129+0000] {processor.py:650} INFO - DAG(s) dict_keys(['example_nested_branch_dag']) retrieved from /home/airflow/.local/lib/python3.7/site-packages/airflow/example_dags/example_nested_branch_dag.py
[2022-09-17T10:29:43.174+0000] {logging_mixin.py:115} INFO - [2022-09-17T10:29:43.174+0000] {dag.py:2429} INFO - Sync 1 DAGs
[2022-09-17T10:29:43.221+0000] {logging_mixin.py:115} INFO - [2022-09-17T10:29:43.221+0000] {dag.py:2981} INFO - Setting next_dagrun for example_nested_branch_dag to 2022-09-16T00:00:00+00:00, run_after=2022-09-17T00:00:00+00:00
[2022-09-17T10:29:43.253+0000] {processor.py:161} INFO - Processing /home/airflow/.local/lib/python3.7/site-packages/airflow/example_dags/example_nested_branch_dag.py took 0.151 seconds
[2022-09-17T10:30:13.798+0000] {processor.py:153} INFO - Started process (PID=1388) to work on /home/airflow/.local/lib/python3.7/site-packages/airflow/example_dags/example_nested_branch_dag.py
[2022-09-17T10:30:13.801+0000] {processor.py:640} INFO - Processing file /home/airflow/.local/lib/python3.7/site-packages/airflow/example_dags/example_nested_branch_dag.py for tasks to queue
[2022-09-17T10:30:13.803+0000] {logging_mixin.py:115} INFO - [2022-09-17T10:30:13.803+0000] {dagbag.py:508} INFO - Filling up the DagBag from /home/airflow/.local/lib/python3.7/site-packages/airflow/example_dags/example_nested_branch_dag.py
[2022-09-17T10:30:13.823+0000] {processor.py:650} INFO - DAG(s) dict_keys(['example_nested_branch_dag']) retrieved from /home/airflow/.local/lib/python3.7/site-packages/airflow/example_dags/example_nested_branch_dag.py
[2022-09-17T10:30:13.885+0000] {logging_mixin.py:115} INFO - [2022-09-17T10:30:13.884+0000] {dag.py:2429} INFO - Sync 1 DAGs
[2022-09-17T10:30:13.930+0000] {logging_mixin.py:115} INFO - [2022-09-17T10:30:13.929+0000] {dag.py:2981} INFO - Setting next_dagrun for example_nested_branch_dag to 2022-09-16T00:00:00+00:00, run_after=2022-09-17T00:00:00+00:00
[2022-09-17T10:30:13.959+0000] {processor.py:161} INFO - Processing /home/airflow/.local/lib/python3.7/site-packages/airflow/example_dags/example_nested_branch_dag.py took 0.169 seconds
[2022-09-17T10:30:44.878+0000] {processor.py:153} INFO - Started process (PID=1601) to work on /home/airflow/.local/lib/python3.7/site-packages/airflow/example_dags/example_nested_branch_dag.py
[2022-09-17T10:30:44.880+0000] {processor.py:640} INFO - Processing file /home/airflow/.local/lib/python3.7/site-packages/airflow/example_dags/example_nested_branch_dag.py for tasks to queue
[2022-09-17T10:30:44.882+0000] {logging_mixin.py:115} INFO - [2022-09-17T10:30:44.882+0000] {dagbag.py:508} INFO - Filling up the DagBag from /home/airflow/.local/lib/python3.7/site-packages/airflow/example_dags/example_nested_branch_dag.py
[2022-09-17T10:30:44.899+0000] {processor.py:650} INFO - DAG(s) dict_keys(['example_nested_branch_dag']) retrieved from /home/airflow/.local/lib/python3.7/site-packages/airflow/example_dags/example_nested_branch_dag.py
[2022-09-17T10:30:44.945+0000] {logging_mixin.py:115} INFO - [2022-09-17T10:30:44.945+0000] {dag.py:2429} INFO - Sync 1 DAGs
[2022-09-17T10:30:44.987+0000] {logging_mixin.py:115} INFO - [2022-09-17T10:30:44.986+0000] {dag.py:2981} INFO - Setting next_dagrun for example_nested_branch_dag to 2022-09-16T00:00:00+00:00, run_after=2022-09-17T00:00:00+00:00
[2022-09-17T10:30:45.007+0000] {processor.py:161} INFO - Processing /home/airflow/.local/lib/python3.7/site-packages/airflow/example_dags/example_nested_branch_dag.py took 0.134 seconds
[2022-09-17T10:31:19.608+0000] {processor.py:153} INFO - Started process (PID=1805) to work on /home/airflow/.local/lib/python3.7/site-packages/airflow/example_dags/example_nested_branch_dag.py
[2022-09-17T10:31:19.611+0000] {processor.py:640} INFO - Processing file /home/airflow/.local/lib/python3.7/site-packages/airflow/example_dags/example_nested_branch_dag.py for tasks to queue
[2022-09-17T10:31:19.614+0000] {logging_mixin.py:115} INFO - [2022-09-17T10:31:19.614+0000] {dagbag.py:508} INFO - Filling up the DagBag from /home/airflow/.local/lib/python3.7/site-packages/airflow/example_dags/example_nested_branch_dag.py
[2022-09-17T10:31:19.644+0000] {processor.py:650} INFO - DAG(s) dict_keys(['example_nested_branch_dag']) retrieved from /home/airflow/.local/lib/python3.7/site-packages/airflow/example_dags/example_nested_branch_dag.py
[2022-09-17T10:31:19.784+0000] {logging_mixin.py:115} INFO - [2022-09-17T10:31:19.783+0000] {dag.py:2429} INFO - Sync 1 DAGs
[2022-09-17T10:31:19.856+0000] {logging_mixin.py:115} INFO - [2022-09-17T10:31:19.856+0000] {dag.py:2981} INFO - Setting next_dagrun for example_nested_branch_dag to 2022-09-16T00:00:00+00:00, run_after=2022-09-17T00:00:00+00:00
[2022-09-17T10:31:19.893+0000] {processor.py:161} INFO - Processing /home/airflow/.local/lib/python3.7/site-packages/airflow/example_dags/example_nested_branch_dag.py took 0.294 seconds
[2022-09-17T10:31:50.622+0000] {processor.py:153} INFO - Started process (PID=2011) to work on /home/airflow/.local/lib/python3.7/site-packages/airflow/example_dags/example_nested_branch_dag.py
[2022-09-17T10:31:50.625+0000] {processor.py:640} INFO - Processing file /home/airflow/.local/lib/python3.7/site-packages/airflow/example_dags/example_nested_branch_dag.py for tasks to queue
[2022-09-17T10:31:50.627+0000] {logging_mixin.py:115} INFO - [2022-09-17T10:31:50.627+0000] {dagbag.py:508} INFO - Filling up the DagBag from /home/airflow/.local/lib/python3.7/site-packages/airflow/example_dags/example_nested_branch_dag.py
[2022-09-17T10:31:50.643+0000] {processor.py:650} INFO - DAG(s) dict_keys(['example_nested_branch_dag']) retrieved from /home/airflow/.local/lib/python3.7/site-packages/airflow/example_dags/example_nested_branch_dag.py
[2022-09-17T10:31:50.690+0000] {logging_mixin.py:115} INFO - [2022-09-17T10:31:50.690+0000] {dag.py:2429} INFO - Sync 1 DAGs
[2022-09-17T10:31:50.726+0000] {logging_mixin.py:115} INFO - [2022-09-17T10:31:50.726+0000] {dag.py:2981} INFO - Setting next_dagrun for example_nested_branch_dag to 2022-09-16T00:00:00+00:00, run_after=2022-09-17T00:00:00+00:00
[2022-09-17T10:31:50.747+0000] {processor.py:161} INFO - Processing /home/airflow/.local/lib/python3.7/site-packages/airflow/example_dags/example_nested_branch_dag.py took 0.134 seconds
[2022-09-17T10:32:21.393+0000] {processor.py:153} INFO - Started process (PID=2224) to work on /home/airflow/.local/lib/python3.7/site-packages/airflow/example_dags/example_nested_branch_dag.py
[2022-09-17T10:32:21.396+0000] {processor.py:640} INFO - Processing file /home/airflow/.local/lib/python3.7/site-packages/airflow/example_dags/example_nested_branch_dag.py for tasks to queue
[2022-09-17T10:32:21.397+0000] {logging_mixin.py:115} INFO - [2022-09-17T10:32:21.397+0000] {dagbag.py:508} INFO - Filling up the DagBag from /home/airflow/.local/lib/python3.7/site-packages/airflow/example_dags/example_nested_branch_dag.py
[2022-09-17T10:32:21.413+0000] {processor.py:650} INFO - DAG(s) dict_keys(['example_nested_branch_dag']) retrieved from /home/airflow/.local/lib/python3.7/site-packages/airflow/example_dags/example_nested_branch_dag.py
[2022-09-17T10:32:21.456+0000] {logging_mixin.py:115} INFO - [2022-09-17T10:32:21.456+0000] {dag.py:2429} INFO - Sync 1 DAGs
[2022-09-17T10:32:21.490+0000] {logging_mixin.py:115} INFO - [2022-09-17T10:32:21.489+0000] {dag.py:2981} INFO - Setting next_dagrun for example_nested_branch_dag to 2022-09-16T00:00:00+00:00, run_after=2022-09-17T00:00:00+00:00
[2022-09-17T10:32:21.514+0000] {processor.py:161} INFO - Processing /home/airflow/.local/lib/python3.7/site-packages/airflow/example_dags/example_nested_branch_dag.py took 0.126 seconds
[2022-09-17T10:32:52.611+0000] {processor.py:153} INFO - Started process (PID=2438) to work on /home/airflow/.local/lib/python3.7/site-packages/airflow/example_dags/example_nested_branch_dag.py
[2022-09-17T10:32:52.614+0000] {processor.py:640} INFO - Processing file /home/airflow/.local/lib/python3.7/site-packages/airflow/example_dags/example_nested_branch_dag.py for tasks to queue
[2022-09-17T10:32:52.616+0000] {logging_mixin.py:115} INFO - [2022-09-17T10:32:52.616+0000] {dagbag.py:508} INFO - Filling up the DagBag from /home/airflow/.local/lib/python3.7/site-packages/airflow/example_dags/example_nested_branch_dag.py
[2022-09-17T10:32:52.643+0000] {processor.py:650} INFO - DAG(s) dict_keys(['example_nested_branch_dag']) retrieved from /home/airflow/.local/lib/python3.7/site-packages/airflow/example_dags/example_nested_branch_dag.py
[2022-09-17T10:32:52.694+0000] {logging_mixin.py:115} INFO - [2022-09-17T10:32:52.694+0000] {dag.py:2429} INFO - Sync 1 DAGs
[2022-09-17T10:32:52.739+0000] {logging_mixin.py:115} INFO - [2022-09-17T10:32:52.739+0000] {dag.py:2981} INFO - Setting next_dagrun for example_nested_branch_dag to 2022-09-16T00:00:00+00:00, run_after=2022-09-17T00:00:00+00:00
[2022-09-17T10:32:52.774+0000] {processor.py:161} INFO - Processing /home/airflow/.local/lib/python3.7/site-packages/airflow/example_dags/example_nested_branch_dag.py took 0.168 seconds
[2022-09-17T10:33:23.226+0000] {processor.py:153} INFO - Started process (PID=2645) to work on /home/airflow/.local/lib/python3.7/site-packages/airflow/example_dags/example_nested_branch_dag.py
[2022-09-17T10:33:23.228+0000] {processor.py:640} INFO - Processing file /home/airflow/.local/lib/python3.7/site-packages/airflow/example_dags/example_nested_branch_dag.py for tasks to queue
[2022-09-17T10:33:23.230+0000] {logging_mixin.py:115} INFO - [2022-09-17T10:33:23.229+0000] {dagbag.py:508} INFO - Filling up the DagBag from /home/airflow/.local/lib/python3.7/site-packages/airflow/example_dags/example_nested_branch_dag.py
[2022-09-17T10:33:23.250+0000] {processor.py:650} INFO - DAG(s) dict_keys(['example_nested_branch_dag']) retrieved from /home/airflow/.local/lib/python3.7/site-packages/airflow/example_dags/example_nested_branch_dag.py
[2022-09-17T10:33:23.287+0000] {logging_mixin.py:115} INFO - [2022-09-17T10:33:23.287+0000] {dag.py:2429} INFO - Sync 1 DAGs
[2022-09-17T10:33:23.321+0000] {logging_mixin.py:115} INFO - [2022-09-17T10:33:23.320+0000] {dag.py:2981} INFO - Setting next_dagrun for example_nested_branch_dag to 2022-09-16T00:00:00+00:00, run_after=2022-09-17T00:00:00+00:00
[2022-09-17T10:33:23.343+0000] {processor.py:161} INFO - Processing /home/airflow/.local/lib/python3.7/site-packages/airflow/example_dags/example_nested_branch_dag.py took 0.122 seconds
