[2022-09-17T10:27:38.291+0000] {processor.py:153} INFO - Started process (PID=343) to work on /home/airflow/.local/lib/python3.7/site-packages/airflow/example_dags/example_external_task_marker_dag.py
[2022-09-17T10:27:38.295+0000] {processor.py:640} INFO - Processing file /home/airflow/.local/lib/python3.7/site-packages/airflow/example_dags/example_external_task_marker_dag.py for tasks to queue
[2022-09-17T10:27:38.300+0000] {logging_mixin.py:115} INFO - [2022-09-17T10:27:38.300+0000] {dagbag.py:508} INFO - Filling up the DagBag from /home/airflow/.local/lib/python3.7/site-packages/airflow/example_dags/example_external_task_marker_dag.py
[2022-09-17T10:27:38.317+0000] {processor.py:650} INFO - DAG(s) dict_keys(['example_external_task_marker_parent', 'example_external_task_marker_child']) retrieved from /home/airflow/.local/lib/python3.7/site-packages/airflow/example_dags/example_external_task_marker_dag.py
[2022-09-17T10:27:38.824+0000] {logging_mixin.py:115} INFO - [2022-09-17T10:27:38.823+0000] {dag.py:2429} INFO - Sync 2 DAGs
[2022-09-17T10:27:38.915+0000] {logging_mixin.py:115} INFO - [2022-09-17T10:27:38.914+0000] {dag.py:2981} INFO - Setting next_dagrun for example_external_task_marker_child to None, run_after=None
[2022-09-17T10:27:38.919+0000] {logging_mixin.py:115} INFO - [2022-09-17T10:27:38.919+0000] {dag.py:2981} INFO - Setting next_dagrun for example_external_task_marker_parent to None, run_after=None
[2022-09-17T10:27:38.946+0000] {processor.py:161} INFO - Processing /home/airflow/.local/lib/python3.7/site-packages/airflow/example_dags/example_external_task_marker_dag.py took 0.687 seconds
[2022-09-17T10:28:10.381+0000] {processor.py:153} INFO - Started process (PID=569) to work on /home/airflow/.local/lib/python3.7/site-packages/airflow/example_dags/example_external_task_marker_dag.py
[2022-09-17T10:28:10.388+0000] {processor.py:640} INFO - Processing file /home/airflow/.local/lib/python3.7/site-packages/airflow/example_dags/example_external_task_marker_dag.py for tasks to queue
[2022-09-17T10:28:10.392+0000] {logging_mixin.py:115} INFO - [2022-09-17T10:28:10.391+0000] {dagbag.py:508} INFO - Filling up the DagBag from /home/airflow/.local/lib/python3.7/site-packages/airflow/example_dags/example_external_task_marker_dag.py
[2022-09-17T10:28:10.413+0000] {processor.py:650} INFO - DAG(s) dict_keys(['example_external_task_marker_parent', 'example_external_task_marker_child']) retrieved from /home/airflow/.local/lib/python3.7/site-packages/airflow/example_dags/example_external_task_marker_dag.py
[2022-09-17T10:28:11.039+0000] {logging_mixin.py:115} INFO - [2022-09-17T10:28:11.039+0000] {dag.py:2429} INFO - Sync 2 DAGs
[2022-09-17T10:28:11.111+0000] {logging_mixin.py:115} INFO - [2022-09-17T10:28:11.111+0000] {dag.py:2981} INFO - Setting next_dagrun for example_external_task_marker_child to None, run_after=None
[2022-09-17T10:28:11.113+0000] {logging_mixin.py:115} INFO - [2022-09-17T10:28:11.113+0000] {dag.py:2981} INFO - Setting next_dagrun for example_external_task_marker_parent to None, run_after=None
[2022-09-17T10:28:11.153+0000] {processor.py:161} INFO - Processing /home/airflow/.local/lib/python3.7/site-packages/airflow/example_dags/example_external_task_marker_dag.py took 0.782 seconds
[2022-09-17T10:28:41.285+0000] {processor.py:153} INFO - Started process (PID=779) to work on /home/airflow/.local/lib/python3.7/site-packages/airflow/example_dags/example_external_task_marker_dag.py
[2022-09-17T10:28:41.288+0000] {processor.py:640} INFO - Processing file /home/airflow/.local/lib/python3.7/site-packages/airflow/example_dags/example_external_task_marker_dag.py for tasks to queue
[2022-09-17T10:28:41.294+0000] {logging_mixin.py:115} INFO - [2022-09-17T10:28:41.292+0000] {dagbag.py:508} INFO - Filling up the DagBag from /home/airflow/.local/lib/python3.7/site-packages/airflow/example_dags/example_external_task_marker_dag.py
[2022-09-17T10:28:41.311+0000] {processor.py:650} INFO - DAG(s) dict_keys(['example_external_task_marker_parent', 'example_external_task_marker_child']) retrieved from /home/airflow/.local/lib/python3.7/site-packages/airflow/example_dags/example_external_task_marker_dag.py
[2022-09-17T10:28:41.751+0000] {logging_mixin.py:115} INFO - [2022-09-17T10:28:41.750+0000] {dag.py:2429} INFO - Sync 2 DAGs
[2022-09-17T10:28:41.798+0000] {logging_mixin.py:115} INFO - [2022-09-17T10:28:41.798+0000] {dag.py:2981} INFO - Setting next_dagrun for example_external_task_marker_child to None, run_after=None
[2022-09-17T10:28:41.800+0000] {logging_mixin.py:115} INFO - [2022-09-17T10:28:41.800+0000] {dag.py:2981} INFO - Setting next_dagrun for example_external_task_marker_parent to None, run_after=None
[2022-09-17T10:28:41.829+0000] {processor.py:161} INFO - Processing /home/airflow/.local/lib/python3.7/site-packages/airflow/example_dags/example_external_task_marker_dag.py took 0.555 seconds
[2022-09-17T10:29:12.600+0000] {processor.py:153} INFO - Started process (PID=984) to work on /home/airflow/.local/lib/python3.7/site-packages/airflow/example_dags/example_external_task_marker_dag.py
[2022-09-17T10:29:12.604+0000] {processor.py:640} INFO - Processing file /home/airflow/.local/lib/python3.7/site-packages/airflow/example_dags/example_external_task_marker_dag.py for tasks to queue
[2022-09-17T10:29:12.607+0000] {logging_mixin.py:115} INFO - [2022-09-17T10:29:12.607+0000] {dagbag.py:508} INFO - Filling up the DagBag from /home/airflow/.local/lib/python3.7/site-packages/airflow/example_dags/example_external_task_marker_dag.py
[2022-09-17T10:29:12.617+0000] {processor.py:650} INFO - DAG(s) dict_keys(['example_external_task_marker_parent', 'example_external_task_marker_child']) retrieved from /home/airflow/.local/lib/python3.7/site-packages/airflow/example_dags/example_external_task_marker_dag.py
[2022-09-17T10:29:13.245+0000] {logging_mixin.py:115} INFO - [2022-09-17T10:29:13.245+0000] {dag.py:2429} INFO - Sync 2 DAGs
[2022-09-17T10:29:13.298+0000] {logging_mixin.py:115} INFO - [2022-09-17T10:29:13.297+0000] {dag.py:2981} INFO - Setting next_dagrun for example_external_task_marker_child to None, run_after=None
[2022-09-17T10:29:13.301+0000] {logging_mixin.py:115} INFO - [2022-09-17T10:29:13.300+0000] {dag.py:2981} INFO - Setting next_dagrun for example_external_task_marker_parent to None, run_after=None
[2022-09-17T10:29:13.333+0000] {processor.py:161} INFO - Processing /home/airflow/.local/lib/python3.7/site-packages/airflow/example_dags/example_external_task_marker_dag.py took 0.741 seconds
[2022-09-17T10:29:43.757+0000] {processor.py:153} INFO - Started process (PID=1207) to work on /home/airflow/.local/lib/python3.7/site-packages/airflow/example_dags/example_external_task_marker_dag.py
[2022-09-17T10:29:43.760+0000] {processor.py:640} INFO - Processing file /home/airflow/.local/lib/python3.7/site-packages/airflow/example_dags/example_external_task_marker_dag.py for tasks to queue
[2022-09-17T10:29:43.764+0000] {logging_mixin.py:115} INFO - [2022-09-17T10:29:43.764+0000] {dagbag.py:508} INFO - Filling up the DagBag from /home/airflow/.local/lib/python3.7/site-packages/airflow/example_dags/example_external_task_marker_dag.py
[2022-09-17T10:29:43.773+0000] {processor.py:650} INFO - DAG(s) dict_keys(['example_external_task_marker_parent', 'example_external_task_marker_child']) retrieved from /home/airflow/.local/lib/python3.7/site-packages/airflow/example_dags/example_external_task_marker_dag.py
[2022-09-17T10:29:44.223+0000] {logging_mixin.py:115} INFO - [2022-09-17T10:29:44.222+0000] {dag.py:2429} INFO - Sync 2 DAGs
[2022-09-17T10:29:44.257+0000] {logging_mixin.py:115} INFO - [2022-09-17T10:29:44.256+0000] {dag.py:2981} INFO - Setting next_dagrun for example_external_task_marker_child to None, run_after=None
[2022-09-17T10:29:44.258+0000] {logging_mixin.py:115} INFO - [2022-09-17T10:29:44.258+0000] {dag.py:2981} INFO - Setting next_dagrun for example_external_task_marker_parent to None, run_after=None
[2022-09-17T10:29:44.279+0000] {processor.py:161} INFO - Processing /home/airflow/.local/lib/python3.7/site-packages/airflow/example_dags/example_external_task_marker_dag.py took 0.527 seconds
[2022-09-17T10:30:14.367+0000] {processor.py:153} INFO - Started process (PID=1408) to work on /home/airflow/.local/lib/python3.7/site-packages/airflow/example_dags/example_external_task_marker_dag.py
[2022-09-17T10:30:14.374+0000] {processor.py:640} INFO - Processing file /home/airflow/.local/lib/python3.7/site-packages/airflow/example_dags/example_external_task_marker_dag.py for tasks to queue
[2022-09-17T10:30:14.378+0000] {logging_mixin.py:115} INFO - [2022-09-17T10:30:14.378+0000] {dagbag.py:508} INFO - Filling up the DagBag from /home/airflow/.local/lib/python3.7/site-packages/airflow/example_dags/example_external_task_marker_dag.py
[2022-09-17T10:30:14.391+0000] {processor.py:650} INFO - DAG(s) dict_keys(['example_external_task_marker_parent', 'example_external_task_marker_child']) retrieved from /home/airflow/.local/lib/python3.7/site-packages/airflow/example_dags/example_external_task_marker_dag.py
[2022-09-17T10:30:14.808+0000] {logging_mixin.py:115} INFO - [2022-09-17T10:30:14.808+0000] {dag.py:2429} INFO - Sync 2 DAGs
[2022-09-17T10:30:14.855+0000] {logging_mixin.py:115} INFO - [2022-09-17T10:30:14.855+0000] {dag.py:2981} INFO - Setting next_dagrun for example_external_task_marker_child to None, run_after=None
[2022-09-17T10:30:14.857+0000] {logging_mixin.py:115} INFO - [2022-09-17T10:30:14.856+0000] {dag.py:2981} INFO - Setting next_dagrun for example_external_task_marker_parent to None, run_after=None
[2022-09-17T10:30:14.880+0000] {processor.py:161} INFO - Processing /home/airflow/.local/lib/python3.7/site-packages/airflow/example_dags/example_external_task_marker_dag.py took 0.521 seconds
[2022-09-17T10:30:45.310+0000] {processor.py:153} INFO - Started process (PID=1623) to work on /home/airflow/.local/lib/python3.7/site-packages/airflow/example_dags/example_external_task_marker_dag.py
[2022-09-17T10:30:45.312+0000] {processor.py:640} INFO - Processing file /home/airflow/.local/lib/python3.7/site-packages/airflow/example_dags/example_external_task_marker_dag.py for tasks to queue
[2022-09-17T10:30:45.314+0000] {logging_mixin.py:115} INFO - [2022-09-17T10:30:45.314+0000] {dagbag.py:508} INFO - Filling up the DagBag from /home/airflow/.local/lib/python3.7/site-packages/airflow/example_dags/example_external_task_marker_dag.py
[2022-09-17T10:30:45.323+0000] {processor.py:650} INFO - DAG(s) dict_keys(['example_external_task_marker_parent', 'example_external_task_marker_child']) retrieved from /home/airflow/.local/lib/python3.7/site-packages/airflow/example_dags/example_external_task_marker_dag.py
[2022-09-17T10:30:45.669+0000] {logging_mixin.py:115} INFO - [2022-09-17T10:30:45.669+0000] {dag.py:2429} INFO - Sync 2 DAGs
[2022-09-17T10:30:45.714+0000] {logging_mixin.py:115} INFO - [2022-09-17T10:30:45.714+0000] {dag.py:2981} INFO - Setting next_dagrun for example_external_task_marker_child to None, run_after=None
[2022-09-17T10:30:45.717+0000] {logging_mixin.py:115} INFO - [2022-09-17T10:30:45.716+0000] {dag.py:2981} INFO - Setting next_dagrun for example_external_task_marker_parent to None, run_after=None
[2022-09-17T10:30:45.741+0000] {processor.py:161} INFO - Processing /home/airflow/.local/lib/python3.7/site-packages/airflow/example_dags/example_external_task_marker_dag.py took 0.437 seconds
[2022-09-17T10:31:19.969+0000] {processor.py:153} INFO - Started process (PID=1812) to work on /home/airflow/.local/lib/python3.7/site-packages/airflow/example_dags/example_external_task_marker_dag.py
[2022-09-17T10:31:19.972+0000] {processor.py:640} INFO - Processing file /home/airflow/.local/lib/python3.7/site-packages/airflow/example_dags/example_external_task_marker_dag.py for tasks to queue
[2022-09-17T10:31:19.974+0000] {logging_mixin.py:115} INFO - [2022-09-17T10:31:19.974+0000] {dagbag.py:508} INFO - Filling up the DagBag from /home/airflow/.local/lib/python3.7/site-packages/airflow/example_dags/example_external_task_marker_dag.py
[2022-09-17T10:31:19.985+0000] {processor.py:650} INFO - DAG(s) dict_keys(['example_external_task_marker_parent', 'example_external_task_marker_child']) retrieved from /home/airflow/.local/lib/python3.7/site-packages/airflow/example_dags/example_external_task_marker_dag.py
[2022-09-17T10:31:20.770+0000] {logging_mixin.py:115} INFO - [2022-09-17T10:31:20.769+0000] {dag.py:2429} INFO - Sync 2 DAGs
[2022-09-17T10:31:20.892+0000] {logging_mixin.py:115} INFO - [2022-09-17T10:31:20.891+0000] {dag.py:2981} INFO - Setting next_dagrun for example_external_task_marker_child to None, run_after=None
[2022-09-17T10:31:20.898+0000] {logging_mixin.py:115} INFO - [2022-09-17T10:31:20.894+0000] {dag.py:2981} INFO - Setting next_dagrun for example_external_task_marker_parent to None, run_after=None
[2022-09-17T10:31:21.004+0000] {processor.py:161} INFO - Processing /home/airflow/.local/lib/python3.7/site-packages/airflow/example_dags/example_external_task_marker_dag.py took 1.042 seconds
[2022-09-17T10:31:51.202+0000] {processor.py:153} INFO - Started process (PID=2040) to work on /home/airflow/.local/lib/python3.7/site-packages/airflow/example_dags/example_external_task_marker_dag.py
[2022-09-17T10:31:51.205+0000] {processor.py:640} INFO - Processing file /home/airflow/.local/lib/python3.7/site-packages/airflow/example_dags/example_external_task_marker_dag.py for tasks to queue
[2022-09-17T10:31:51.208+0000] {logging_mixin.py:115} INFO - [2022-09-17T10:31:51.207+0000] {dagbag.py:508} INFO - Filling up the DagBag from /home/airflow/.local/lib/python3.7/site-packages/airflow/example_dags/example_external_task_marker_dag.py
[2022-09-17T10:31:51.220+0000] {processor.py:650} INFO - DAG(s) dict_keys(['example_external_task_marker_parent', 'example_external_task_marker_child']) retrieved from /home/airflow/.local/lib/python3.7/site-packages/airflow/example_dags/example_external_task_marker_dag.py
[2022-09-17T10:31:51.566+0000] {logging_mixin.py:115} INFO - [2022-09-17T10:31:51.566+0000] {dag.py:2429} INFO - Sync 2 DAGs
[2022-09-17T10:31:51.602+0000] {logging_mixin.py:115} INFO - [2022-09-17T10:31:51.602+0000] {dag.py:2981} INFO - Setting next_dagrun for example_external_task_marker_child to None, run_after=None
[2022-09-17T10:31:51.604+0000] {logging_mixin.py:115} INFO - [2022-09-17T10:31:51.603+0000] {dag.py:2981} INFO - Setting next_dagrun for example_external_task_marker_parent to None, run_after=None
[2022-09-17T10:31:51.626+0000] {processor.py:161} INFO - Processing /home/airflow/.local/lib/python3.7/site-packages/airflow/example_dags/example_external_task_marker_dag.py took 0.432 seconds
[2022-09-17T10:32:21.798+0000] {processor.py:153} INFO - Started process (PID=2246) to work on /home/airflow/.local/lib/python3.7/site-packages/airflow/example_dags/example_external_task_marker_dag.py
[2022-09-17T10:32:21.801+0000] {processor.py:640} INFO - Processing file /home/airflow/.local/lib/python3.7/site-packages/airflow/example_dags/example_external_task_marker_dag.py for tasks to queue
[2022-09-17T10:32:21.803+0000] {logging_mixin.py:115} INFO - [2022-09-17T10:32:21.802+0000] {dagbag.py:508} INFO - Filling up the DagBag from /home/airflow/.local/lib/python3.7/site-packages/airflow/example_dags/example_external_task_marker_dag.py
[2022-09-17T10:32:21.809+0000] {processor.py:650} INFO - DAG(s) dict_keys(['example_external_task_marker_parent', 'example_external_task_marker_child']) retrieved from /home/airflow/.local/lib/python3.7/site-packages/airflow/example_dags/example_external_task_marker_dag.py
[2022-09-17T10:32:22.067+0000] {logging_mixin.py:115} INFO - [2022-09-17T10:32:22.067+0000] {dag.py:2429} INFO - Sync 2 DAGs
[2022-09-17T10:32:22.095+0000] {logging_mixin.py:115} INFO - [2022-09-17T10:32:22.095+0000] {dag.py:2981} INFO - Setting next_dagrun for example_external_task_marker_child to None, run_after=None
[2022-09-17T10:32:22.096+0000] {logging_mixin.py:115} INFO - [2022-09-17T10:32:22.096+0000] {dag.py:2981} INFO - Setting next_dagrun for example_external_task_marker_parent to None, run_after=None
[2022-09-17T10:32:22.120+0000] {processor.py:161} INFO - Processing /home/airflow/.local/lib/python3.7/site-packages/airflow/example_dags/example_external_task_marker_dag.py took 0.326 seconds
[2022-09-17T10:32:53.175+0000] {processor.py:153} INFO - Started process (PID=2458) to work on /home/airflow/.local/lib/python3.7/site-packages/airflow/example_dags/example_external_task_marker_dag.py
[2022-09-17T10:32:53.179+0000] {processor.py:640} INFO - Processing file /home/airflow/.local/lib/python3.7/site-packages/airflow/example_dags/example_external_task_marker_dag.py for tasks to queue
[2022-09-17T10:32:53.181+0000] {logging_mixin.py:115} INFO - [2022-09-17T10:32:53.180+0000] {dagbag.py:508} INFO - Filling up the DagBag from /home/airflow/.local/lib/python3.7/site-packages/airflow/example_dags/example_external_task_marker_dag.py
[2022-09-17T10:32:53.188+0000] {processor.py:650} INFO - DAG(s) dict_keys(['example_external_task_marker_parent', 'example_external_task_marker_child']) retrieved from /home/airflow/.local/lib/python3.7/site-packages/airflow/example_dags/example_external_task_marker_dag.py
[2022-09-17T10:32:53.554+0000] {logging_mixin.py:115} INFO - [2022-09-17T10:32:53.553+0000] {dag.py:2429} INFO - Sync 2 DAGs
[2022-09-17T10:32:53.600+0000] {logging_mixin.py:115} INFO - [2022-09-17T10:32:53.600+0000] {dag.py:2981} INFO - Setting next_dagrun for example_external_task_marker_child to None, run_after=None
[2022-09-17T10:32:53.601+0000] {logging_mixin.py:115} INFO - [2022-09-17T10:32:53.601+0000] {dag.py:2981} INFO - Setting next_dagrun for example_external_task_marker_parent to None, run_after=None
[2022-09-17T10:32:53.620+0000] {processor.py:161} INFO - Processing /home/airflow/.local/lib/python3.7/site-packages/airflow/example_dags/example_external_task_marker_dag.py took 0.451 seconds
[2022-09-17T10:33:23.719+0000] {processor.py:153} INFO - Started process (PID=2670) to work on /home/airflow/.local/lib/python3.7/site-packages/airflow/example_dags/example_external_task_marker_dag.py
[2022-09-17T10:33:23.721+0000] {processor.py:640} INFO - Processing file /home/airflow/.local/lib/python3.7/site-packages/airflow/example_dags/example_external_task_marker_dag.py for tasks to queue
[2022-09-17T10:33:23.722+0000] {logging_mixin.py:115} INFO - [2022-09-17T10:33:23.722+0000] {dagbag.py:508} INFO - Filling up the DagBag from /home/airflow/.local/lib/python3.7/site-packages/airflow/example_dags/example_external_task_marker_dag.py
[2022-09-17T10:33:23.729+0000] {processor.py:650} INFO - DAG(s) dict_keys(['example_external_task_marker_parent', 'example_external_task_marker_child']) retrieved from /home/airflow/.local/lib/python3.7/site-packages/airflow/example_dags/example_external_task_marker_dag.py
[2022-09-17T10:33:23.985+0000] {logging_mixin.py:115} INFO - [2022-09-17T10:33:23.985+0000] {dag.py:2429} INFO - Sync 2 DAGs
[2022-09-17T10:33:24.012+0000] {logging_mixin.py:115} INFO - [2022-09-17T10:33:24.012+0000] {dag.py:2981} INFO - Setting next_dagrun for example_external_task_marker_child to None, run_after=None
[2022-09-17T10:33:24.014+0000] {logging_mixin.py:115} INFO - [2022-09-17T10:33:24.013+0000] {dag.py:2981} INFO - Setting next_dagrun for example_external_task_marker_parent to None, run_after=None
[2022-09-17T10:33:24.033+0000] {processor.py:161} INFO - Processing /home/airflow/.local/lib/python3.7/site-packages/airflow/example_dags/example_external_task_marker_dag.py took 0.319 seconds
