[2022-09-17T10:27:33.216+0000] {processor.py:153} INFO - Started process (PID=199) to work on /home/airflow/.local/lib/python3.7/site-packages/airflow/example_dags/example_latest_only_with_trigger.py
[2022-09-17T10:27:33.221+0000] {processor.py:640} INFO - Processing file /home/airflow/.local/lib/python3.7/site-packages/airflow/example_dags/example_latest_only_with_trigger.py for tasks to queue
[2022-09-17T10:27:33.234+0000] {logging_mixin.py:115} INFO - [2022-09-17T10:27:33.234+0000] {dagbag.py:508} INFO - Filling up the DagBag from /home/airflow/.local/lib/python3.7/site-packages/airflow/example_dags/example_latest_only_with_trigger.py
[2022-09-17T10:27:33.260+0000] {processor.py:650} INFO - DAG(s) dict_keys(['latest_only_with_trigger']) retrieved from /home/airflow/.local/lib/python3.7/site-packages/airflow/example_dags/example_latest_only_with_trigger.py
[2022-09-17T10:27:33.354+0000] {logging_mixin.py:115} INFO - [2022-09-17T10:27:33.353+0000] {dag.py:2429} INFO - Sync 1 DAGs
[2022-09-17T10:27:33.451+0000] {logging_mixin.py:115} INFO - [2022-09-17T10:27:33.450+0000] {dag.py:2981} INFO - Setting next_dagrun for latest_only_with_trigger to 2022-09-17T06:27:33.449734+00:00, run_after=2022-09-17T10:27:33.449734+00:00
[2022-09-17T10:27:33.504+0000] {processor.py:161} INFO - Processing /home/airflow/.local/lib/python3.7/site-packages/airflow/example_dags/example_latest_only_with_trigger.py took 0.302 seconds
[2022-09-17T10:28:04.215+0000] {processor.py:153} INFO - Started process (PID=415) to work on /home/airflow/.local/lib/python3.7/site-packages/airflow/example_dags/example_latest_only_with_trigger.py
[2022-09-17T10:28:04.218+0000] {processor.py:640} INFO - Processing file /home/airflow/.local/lib/python3.7/site-packages/airflow/example_dags/example_latest_only_with_trigger.py for tasks to queue
[2022-09-17T10:28:04.220+0000] {logging_mixin.py:115} INFO - [2022-09-17T10:28:04.219+0000] {dagbag.py:508} INFO - Filling up the DagBag from /home/airflow/.local/lib/python3.7/site-packages/airflow/example_dags/example_latest_only_with_trigger.py
[2022-09-17T10:28:04.230+0000] {processor.py:650} INFO - DAG(s) dict_keys(['latest_only_with_trigger']) retrieved from /home/airflow/.local/lib/python3.7/site-packages/airflow/example_dags/example_latest_only_with_trigger.py
[2022-09-17T10:28:04.301+0000] {logging_mixin.py:115} INFO - [2022-09-17T10:28:04.300+0000] {dag.py:2429} INFO - Sync 1 DAGs
[2022-09-17T10:28:04.360+0000] {logging_mixin.py:115} INFO - [2022-09-17T10:28:04.359+0000] {dag.py:2981} INFO - Setting next_dagrun for latest_only_with_trigger to 2022-09-17T06:28:04.358783+00:00, run_after=2022-09-17T10:28:04.358783+00:00
[2022-09-17T10:28:04.405+0000] {processor.py:161} INFO - Processing /home/airflow/.local/lib/python3.7/site-packages/airflow/example_dags/example_latest_only_with_trigger.py took 0.195 seconds
[2022-09-17T10:28:35.912+0000] {processor.py:153} INFO - Started process (PID=629) to work on /home/airflow/.local/lib/python3.7/site-packages/airflow/example_dags/example_latest_only_with_trigger.py
[2022-09-17T10:28:35.915+0000] {processor.py:640} INFO - Processing file /home/airflow/.local/lib/python3.7/site-packages/airflow/example_dags/example_latest_only_with_trigger.py for tasks to queue
[2022-09-17T10:28:35.917+0000] {logging_mixin.py:115} INFO - [2022-09-17T10:28:35.917+0000] {dagbag.py:508} INFO - Filling up the DagBag from /home/airflow/.local/lib/python3.7/site-packages/airflow/example_dags/example_latest_only_with_trigger.py
[2022-09-17T10:28:35.930+0000] {processor.py:650} INFO - DAG(s) dict_keys(['latest_only_with_trigger']) retrieved from /home/airflow/.local/lib/python3.7/site-packages/airflow/example_dags/example_latest_only_with_trigger.py
[2022-09-17T10:28:35.997+0000] {logging_mixin.py:115} INFO - [2022-09-17T10:28:35.996+0000] {dag.py:2429} INFO - Sync 1 DAGs
[2022-09-17T10:28:36.049+0000] {logging_mixin.py:115} INFO - [2022-09-17T10:28:36.049+0000] {dag.py:2981} INFO - Setting next_dagrun for latest_only_with_trigger to 2022-09-17T06:28:36.048657+00:00, run_after=2022-09-17T10:28:36.048657+00:00
[2022-09-17T10:28:36.086+0000] {processor.py:161} INFO - Processing /home/airflow/.local/lib/python3.7/site-packages/airflow/example_dags/example_latest_only_with_trigger.py took 0.182 seconds
[2022-09-17T10:29:07.100+0000] {processor.py:153} INFO - Started process (PID=834) to work on /home/airflow/.local/lib/python3.7/site-packages/airflow/example_dags/example_latest_only_with_trigger.py
[2022-09-17T10:29:07.103+0000] {processor.py:640} INFO - Processing file /home/airflow/.local/lib/python3.7/site-packages/airflow/example_dags/example_latest_only_with_trigger.py for tasks to queue
[2022-09-17T10:29:07.106+0000] {logging_mixin.py:115} INFO - [2022-09-17T10:29:07.106+0000] {dagbag.py:508} INFO - Filling up the DagBag from /home/airflow/.local/lib/python3.7/site-packages/airflow/example_dags/example_latest_only_with_trigger.py
[2022-09-17T10:29:07.120+0000] {processor.py:650} INFO - DAG(s) dict_keys(['latest_only_with_trigger']) retrieved from /home/airflow/.local/lib/python3.7/site-packages/airflow/example_dags/example_latest_only_with_trigger.py
[2022-09-17T10:29:07.182+0000] {logging_mixin.py:115} INFO - [2022-09-17T10:29:07.182+0000] {dag.py:2429} INFO - Sync 1 DAGs
[2022-09-17T10:29:07.227+0000] {logging_mixin.py:115} INFO - [2022-09-17T10:29:07.226+0000] {dag.py:2981} INFO - Setting next_dagrun for latest_only_with_trigger to 2022-09-17T06:29:07.225116+00:00, run_after=2022-09-17T10:29:07.225116+00:00
[2022-09-17T10:29:07.255+0000] {processor.py:161} INFO - Processing /home/airflow/.local/lib/python3.7/site-packages/airflow/example_dags/example_latest_only_with_trigger.py took 0.163 seconds
[2022-09-17T10:29:38.461+0000] {processor.py:153} INFO - Started process (PID=1047) to work on /home/airflow/.local/lib/python3.7/site-packages/airflow/example_dags/example_latest_only_with_trigger.py
[2022-09-17T10:29:38.463+0000] {processor.py:640} INFO - Processing file /home/airflow/.local/lib/python3.7/site-packages/airflow/example_dags/example_latest_only_with_trigger.py for tasks to queue
[2022-09-17T10:29:38.466+0000] {logging_mixin.py:115} INFO - [2022-09-17T10:29:38.466+0000] {dagbag.py:508} INFO - Filling up the DagBag from /home/airflow/.local/lib/python3.7/site-packages/airflow/example_dags/example_latest_only_with_trigger.py
[2022-09-17T10:29:38.501+0000] {processor.py:650} INFO - DAG(s) dict_keys(['latest_only_with_trigger']) retrieved from /home/airflow/.local/lib/python3.7/site-packages/airflow/example_dags/example_latest_only_with_trigger.py
[2022-09-17T10:29:38.582+0000] {logging_mixin.py:115} INFO - [2022-09-17T10:29:38.582+0000] {dag.py:2429} INFO - Sync 1 DAGs
[2022-09-17T10:29:38.634+0000] {logging_mixin.py:115} INFO - [2022-09-17T10:29:38.634+0000] {dag.py:2981} INFO - Setting next_dagrun for latest_only_with_trigger to 2022-09-17T06:29:38.633447+00:00, run_after=2022-09-17T10:29:38.633447+00:00
[2022-09-17T10:29:38.661+0000] {processor.py:161} INFO - Processing /home/airflow/.local/lib/python3.7/site-packages/airflow/example_dags/example_latest_only_with_trigger.py took 0.208 seconds
[2022-09-17T10:30:09.590+0000] {processor.py:153} INFO - Started process (PID=1253) to work on /home/airflow/.local/lib/python3.7/site-packages/airflow/example_dags/example_latest_only_with_trigger.py
[2022-09-17T10:30:09.594+0000] {processor.py:640} INFO - Processing file /home/airflow/.local/lib/python3.7/site-packages/airflow/example_dags/example_latest_only_with_trigger.py for tasks to queue
[2022-09-17T10:30:09.597+0000] {logging_mixin.py:115} INFO - [2022-09-17T10:30:09.597+0000] {dagbag.py:508} INFO - Filling up the DagBag from /home/airflow/.local/lib/python3.7/site-packages/airflow/example_dags/example_latest_only_with_trigger.py
[2022-09-17T10:30:09.613+0000] {processor.py:650} INFO - DAG(s) dict_keys(['latest_only_with_trigger']) retrieved from /home/airflow/.local/lib/python3.7/site-packages/airflow/example_dags/example_latest_only_with_trigger.py
[2022-09-17T10:30:09.698+0000] {logging_mixin.py:115} INFO - [2022-09-17T10:30:09.698+0000] {dag.py:2429} INFO - Sync 1 DAGs
[2022-09-17T10:30:09.751+0000] {logging_mixin.py:115} INFO - [2022-09-17T10:30:09.751+0000] {dag.py:2981} INFO - Setting next_dagrun for latest_only_with_trigger to 2022-09-17T06:30:09.750829+00:00, run_after=2022-09-17T10:30:09.750829+00:00
[2022-09-17T10:30:09.789+0000] {processor.py:161} INFO - Processing /home/airflow/.local/lib/python3.7/site-packages/airflow/example_dags/example_latest_only_with_trigger.py took 0.204 seconds
[2022-09-17T10:30:40.677+0000] {processor.py:153} INFO - Started process (PID=1460) to work on /home/airflow/.local/lib/python3.7/site-packages/airflow/example_dags/example_latest_only_with_trigger.py
[2022-09-17T10:30:40.679+0000] {processor.py:640} INFO - Processing file /home/airflow/.local/lib/python3.7/site-packages/airflow/example_dags/example_latest_only_with_trigger.py for tasks to queue
[2022-09-17T10:30:40.681+0000] {logging_mixin.py:115} INFO - [2022-09-17T10:30:40.681+0000] {dagbag.py:508} INFO - Filling up the DagBag from /home/airflow/.local/lib/python3.7/site-packages/airflow/example_dags/example_latest_only_with_trigger.py
[2022-09-17T10:30:40.688+0000] {processor.py:650} INFO - DAG(s) dict_keys(['latest_only_with_trigger']) retrieved from /home/airflow/.local/lib/python3.7/site-packages/airflow/example_dags/example_latest_only_with_trigger.py
[2022-09-17T10:30:40.727+0000] {logging_mixin.py:115} INFO - [2022-09-17T10:30:40.727+0000] {dag.py:2429} INFO - Sync 1 DAGs
[2022-09-17T10:30:40.759+0000] {logging_mixin.py:115} INFO - [2022-09-17T10:30:40.758+0000] {dag.py:2981} INFO - Setting next_dagrun for latest_only_with_trigger to 2022-09-17T06:30:40.758522+00:00, run_after=2022-09-17T10:30:40.758522+00:00
[2022-09-17T10:30:40.775+0000] {processor.py:161} INFO - Processing /home/airflow/.local/lib/python3.7/site-packages/airflow/example_dags/example_latest_only_with_trigger.py took 0.102 seconds
[2022-09-17T10:31:13.610+0000] {processor.py:153} INFO - Started process (PID=1670) to work on /home/airflow/.local/lib/python3.7/site-packages/airflow/example_dags/example_latest_only_with_trigger.py
[2022-09-17T10:31:13.613+0000] {processor.py:640} INFO - Processing file /home/airflow/.local/lib/python3.7/site-packages/airflow/example_dags/example_latest_only_with_trigger.py for tasks to queue
[2022-09-17T10:31:13.620+0000] {logging_mixin.py:115} INFO - [2022-09-17T10:31:13.619+0000] {dagbag.py:508} INFO - Filling up the DagBag from /home/airflow/.local/lib/python3.7/site-packages/airflow/example_dags/example_latest_only_with_trigger.py
[2022-09-17T10:31:13.650+0000] {processor.py:650} INFO - DAG(s) dict_keys(['latest_only_with_trigger']) retrieved from /home/airflow/.local/lib/python3.7/site-packages/airflow/example_dags/example_latest_only_with_trigger.py
[2022-09-17T10:31:13.724+0000] {logging_mixin.py:115} INFO - [2022-09-17T10:31:13.723+0000] {dag.py:2429} INFO - Sync 1 DAGs
[2022-09-17T10:31:13.772+0000] {logging_mixin.py:115} INFO - [2022-09-17T10:31:13.770+0000] {dag.py:2981} INFO - Setting next_dagrun for latest_only_with_trigger to 2022-09-17T06:31:13.769061+00:00, run_after=2022-09-17T10:31:13.769061+00:00
[2022-09-17T10:31:13.813+0000] {processor.py:161} INFO - Processing /home/airflow/.local/lib/python3.7/site-packages/airflow/example_dags/example_latest_only_with_trigger.py took 0.210 seconds
[2022-09-17T10:31:44.398+0000] {processor.py:153} INFO - Started process (PID=1876) to work on /home/airflow/.local/lib/python3.7/site-packages/airflow/example_dags/example_latest_only_with_trigger.py
[2022-09-17T10:31:44.400+0000] {processor.py:640} INFO - Processing file /home/airflow/.local/lib/python3.7/site-packages/airflow/example_dags/example_latest_only_with_trigger.py for tasks to queue
[2022-09-17T10:31:44.403+0000] {logging_mixin.py:115} INFO - [2022-09-17T10:31:44.403+0000] {dagbag.py:508} INFO - Filling up the DagBag from /home/airflow/.local/lib/python3.7/site-packages/airflow/example_dags/example_latest_only_with_trigger.py
[2022-09-17T10:31:44.414+0000] {processor.py:650} INFO - DAG(s) dict_keys(['latest_only_with_trigger']) retrieved from /home/airflow/.local/lib/python3.7/site-packages/airflow/example_dags/example_latest_only_with_trigger.py
[2022-09-17T10:31:44.462+0000] {logging_mixin.py:115} INFO - [2022-09-17T10:31:44.462+0000] {dag.py:2429} INFO - Sync 1 DAGs
[2022-09-17T10:31:44.496+0000] {logging_mixin.py:115} INFO - [2022-09-17T10:31:44.496+0000] {dag.py:2981} INFO - Setting next_dagrun for latest_only_with_trigger to 2022-09-17T06:31:44.495692+00:00, run_after=2022-09-17T10:31:44.495692+00:00
[2022-09-17T10:31:44.526+0000] {processor.py:161} INFO - Processing /home/airflow/.local/lib/python3.7/site-packages/airflow/example_dags/example_latest_only_with_trigger.py took 0.134 seconds
[2022-09-17T10:32:15.215+0000] {processor.py:153} INFO - Started process (PID=2081) to work on /home/airflow/.local/lib/python3.7/site-packages/airflow/example_dags/example_latest_only_with_trigger.py
[2022-09-17T10:32:15.218+0000] {processor.py:640} INFO - Processing file /home/airflow/.local/lib/python3.7/site-packages/airflow/example_dags/example_latest_only_with_trigger.py for tasks to queue
[2022-09-17T10:32:15.221+0000] {logging_mixin.py:115} INFO - [2022-09-17T10:32:15.220+0000] {dagbag.py:508} INFO - Filling up the DagBag from /home/airflow/.local/lib/python3.7/site-packages/airflow/example_dags/example_latest_only_with_trigger.py
[2022-09-17T10:32:15.234+0000] {processor.py:650} INFO - DAG(s) dict_keys(['latest_only_with_trigger']) retrieved from /home/airflow/.local/lib/python3.7/site-packages/airflow/example_dags/example_latest_only_with_trigger.py
[2022-09-17T10:32:15.283+0000] {logging_mixin.py:115} INFO - [2022-09-17T10:32:15.283+0000] {dag.py:2429} INFO - Sync 1 DAGs
[2022-09-17T10:32:15.316+0000] {logging_mixin.py:115} INFO - [2022-09-17T10:32:15.316+0000] {dag.py:2981} INFO - Setting next_dagrun for latest_only_with_trigger to 2022-09-17T06:32:15.315602+00:00, run_after=2022-09-17T10:32:15.315602+00:00
[2022-09-17T10:32:15.344+0000] {processor.py:161} INFO - Processing /home/airflow/.local/lib/python3.7/site-packages/airflow/example_dags/example_latest_only_with_trigger.py took 0.138 seconds
[2022-09-17T10:32:45.632+0000] {processor.py:153} INFO - Started process (PID=2284) to work on /home/airflow/.local/lib/python3.7/site-packages/airflow/example_dags/example_latest_only_with_trigger.py
[2022-09-17T10:32:45.635+0000] {processor.py:640} INFO - Processing file /home/airflow/.local/lib/python3.7/site-packages/airflow/example_dags/example_latest_only_with_trigger.py for tasks to queue
[2022-09-17T10:32:45.639+0000] {logging_mixin.py:115} INFO - [2022-09-17T10:32:45.639+0000] {dagbag.py:508} INFO - Filling up the DagBag from /home/airflow/.local/lib/python3.7/site-packages/airflow/example_dags/example_latest_only_with_trigger.py
[2022-09-17T10:32:45.649+0000] {processor.py:650} INFO - DAG(s) dict_keys(['latest_only_with_trigger']) retrieved from /home/airflow/.local/lib/python3.7/site-packages/airflow/example_dags/example_latest_only_with_trigger.py
[2022-09-17T10:32:45.683+0000] {logging_mixin.py:115} INFO - [2022-09-17T10:32:45.683+0000] {dag.py:2429} INFO - Sync 1 DAGs
[2022-09-17T10:32:45.723+0000] {logging_mixin.py:115} INFO - [2022-09-17T10:32:45.723+0000] {dag.py:2981} INFO - Setting next_dagrun for latest_only_with_trigger to 2022-09-17T06:32:45.722784+00:00, run_after=2022-09-17T10:32:45.722784+00:00
[2022-09-17T10:32:45.753+0000] {processor.py:161} INFO - Processing /home/airflow/.local/lib/python3.7/site-packages/airflow/example_dags/example_latest_only_with_trigger.py took 0.150 seconds
[2022-09-17T10:33:15.873+0000] {processor.py:153} INFO - Started process (PID=2490) to work on /home/airflow/.local/lib/python3.7/site-packages/airflow/example_dags/example_latest_only_with_trigger.py
[2022-09-17T10:33:15.875+0000] {processor.py:640} INFO - Processing file /home/airflow/.local/lib/python3.7/site-packages/airflow/example_dags/example_latest_only_with_trigger.py for tasks to queue
[2022-09-17T10:33:15.876+0000] {logging_mixin.py:115} INFO - [2022-09-17T10:33:15.876+0000] {dagbag.py:508} INFO - Filling up the DagBag from /home/airflow/.local/lib/python3.7/site-packages/airflow/example_dags/example_latest_only_with_trigger.py
[2022-09-17T10:33:15.884+0000] {processor.py:650} INFO - DAG(s) dict_keys(['latest_only_with_trigger']) retrieved from /home/airflow/.local/lib/python3.7/site-packages/airflow/example_dags/example_latest_only_with_trigger.py
[2022-09-17T10:33:15.920+0000] {logging_mixin.py:115} INFO - [2022-09-17T10:33:15.919+0000] {dag.py:2429} INFO - Sync 1 DAGs
[2022-09-17T10:33:15.948+0000] {logging_mixin.py:115} INFO - [2022-09-17T10:33:15.948+0000] {dag.py:2981} INFO - Setting next_dagrun for latest_only_with_trigger to 2022-09-17T06:33:15.948371+00:00, run_after=2022-09-17T10:33:15.948371+00:00
[2022-09-17T10:33:15.967+0000] {processor.py:161} INFO - Processing /home/airflow/.local/lib/python3.7/site-packages/airflow/example_dags/example_latest_only_with_trigger.py took 0.099 seconds
