[2022-09-17T10:27:36.097+0000] {processor.py:153} INFO - Started process (PID=278) to work on /home/airflow/.local/lib/python3.7/site-packages/airflow/example_dags/example_branch_day_of_week_operator.py
[2022-09-17T10:27:36.100+0000] {processor.py:640} INFO - Processing file /home/airflow/.local/lib/python3.7/site-packages/airflow/example_dags/example_branch_day_of_week_operator.py for tasks to queue
[2022-09-17T10:27:36.102+0000] {logging_mixin.py:115} INFO - [2022-09-17T10:27:36.102+0000] {dagbag.py:508} INFO - Filling up the DagBag from /home/airflow/.local/lib/python3.7/site-packages/airflow/example_dags/example_branch_day_of_week_operator.py
[2022-09-17T10:27:36.119+0000] {processor.py:650} INFO - DAG(s) dict_keys(['example_weekday_branch_operator']) retrieved from /home/airflow/.local/lib/python3.7/site-packages/airflow/example_dags/example_branch_day_of_week_operator.py
[2022-09-17T10:27:36.182+0000] {logging_mixin.py:115} INFO - [2022-09-17T10:27:36.182+0000] {dag.py:2429} INFO - Sync 1 DAGs
[2022-09-17T10:27:36.222+0000] {logging_mixin.py:115} INFO - [2022-09-17T10:27:36.222+0000] {dag.py:2981} INFO - Setting next_dagrun for example_weekday_branch_operator to 2022-09-16T00:00:00+00:00, run_after=2022-09-17T00:00:00+00:00
[2022-09-17T10:27:36.263+0000] {processor.py:161} INFO - Processing /home/airflow/.local/lib/python3.7/site-packages/airflow/example_dags/example_branch_day_of_week_operator.py took 0.172 seconds
[2022-09-17T10:28:07.580+0000] {processor.py:153} INFO - Started process (PID=497) to work on /home/airflow/.local/lib/python3.7/site-packages/airflow/example_dags/example_branch_day_of_week_operator.py
[2022-09-17T10:28:07.584+0000] {processor.py:640} INFO - Processing file /home/airflow/.local/lib/python3.7/site-packages/airflow/example_dags/example_branch_day_of_week_operator.py for tasks to queue
[2022-09-17T10:28:07.587+0000] {logging_mixin.py:115} INFO - [2022-09-17T10:28:07.586+0000] {dagbag.py:508} INFO - Filling up the DagBag from /home/airflow/.local/lib/python3.7/site-packages/airflow/example_dags/example_branch_day_of_week_operator.py
[2022-09-17T10:28:07.630+0000] {processor.py:650} INFO - DAG(s) dict_keys(['example_weekday_branch_operator']) retrieved from /home/airflow/.local/lib/python3.7/site-packages/airflow/example_dags/example_branch_day_of_week_operator.py
[2022-09-17T10:28:07.726+0000] {logging_mixin.py:115} INFO - [2022-09-17T10:28:07.726+0000] {dag.py:2429} INFO - Sync 1 DAGs
[2022-09-17T10:28:07.858+0000] {logging_mixin.py:115} INFO - [2022-09-17T10:28:07.857+0000] {dag.py:2981} INFO - Setting next_dagrun for example_weekday_branch_operator to 2022-09-16T00:00:00+00:00, run_after=2022-09-17T00:00:00+00:00
[2022-09-17T10:28:07.903+0000] {processor.py:161} INFO - Processing /home/airflow/.local/lib/python3.7/site-packages/airflow/example_dags/example_branch_day_of_week_operator.py took 0.330 seconds
[2022-09-17T10:28:39.010+0000] {processor.py:153} INFO - Started process (PID=704) to work on /home/airflow/.local/lib/python3.7/site-packages/airflow/example_dags/example_branch_day_of_week_operator.py
[2022-09-17T10:28:39.013+0000] {processor.py:640} INFO - Processing file /home/airflow/.local/lib/python3.7/site-packages/airflow/example_dags/example_branch_day_of_week_operator.py for tasks to queue
[2022-09-17T10:28:39.016+0000] {logging_mixin.py:115} INFO - [2022-09-17T10:28:39.016+0000] {dagbag.py:508} INFO - Filling up the DagBag from /home/airflow/.local/lib/python3.7/site-packages/airflow/example_dags/example_branch_day_of_week_operator.py
[2022-09-17T10:28:39.047+0000] {processor.py:650} INFO - DAG(s) dict_keys(['example_weekday_branch_operator']) retrieved from /home/airflow/.local/lib/python3.7/site-packages/airflow/example_dags/example_branch_day_of_week_operator.py
[2022-09-17T10:28:39.106+0000] {logging_mixin.py:115} INFO - [2022-09-17T10:28:39.106+0000] {dag.py:2429} INFO - Sync 1 DAGs
[2022-09-17T10:28:39.156+0000] {logging_mixin.py:115} INFO - [2022-09-17T10:28:39.156+0000] {dag.py:2981} INFO - Setting next_dagrun for example_weekday_branch_operator to 2022-09-16T00:00:00+00:00, run_after=2022-09-17T00:00:00+00:00
[2022-09-17T10:28:39.187+0000] {processor.py:161} INFO - Processing /home/airflow/.local/lib/python3.7/site-packages/airflow/example_dags/example_branch_day_of_week_operator.py took 0.189 seconds
[2022-09-17T10:29:09.353+0000] {processor.py:153} INFO - Started process (PID=911) to work on /home/airflow/.local/lib/python3.7/site-packages/airflow/example_dags/example_branch_day_of_week_operator.py
[2022-09-17T10:29:09.355+0000] {processor.py:640} INFO - Processing file /home/airflow/.local/lib/python3.7/site-packages/airflow/example_dags/example_branch_day_of_week_operator.py for tasks to queue
[2022-09-17T10:29:09.357+0000] {logging_mixin.py:115} INFO - [2022-09-17T10:29:09.357+0000] {dagbag.py:508} INFO - Filling up the DagBag from /home/airflow/.local/lib/python3.7/site-packages/airflow/example_dags/example_branch_day_of_week_operator.py
[2022-09-17T10:29:09.375+0000] {processor.py:650} INFO - DAG(s) dict_keys(['example_weekday_branch_operator']) retrieved from /home/airflow/.local/lib/python3.7/site-packages/airflow/example_dags/example_branch_day_of_week_operator.py
[2022-09-17T10:29:09.431+0000] {logging_mixin.py:115} INFO - [2022-09-17T10:29:09.431+0000] {dag.py:2429} INFO - Sync 1 DAGs
[2022-09-17T10:29:09.473+0000] {logging_mixin.py:115} INFO - [2022-09-17T10:29:09.473+0000] {dag.py:2981} INFO - Setting next_dagrun for example_weekday_branch_operator to 2022-09-16T00:00:00+00:00, run_after=2022-09-17T00:00:00+00:00
[2022-09-17T10:29:09.503+0000] {processor.py:161} INFO - Processing /home/airflow/.local/lib/python3.7/site-packages/airflow/example_dags/example_branch_day_of_week_operator.py took 0.156 seconds
[2022-09-17T10:29:40.583+0000] {processor.py:153} INFO - Started process (PID=1124) to work on /home/airflow/.local/lib/python3.7/site-packages/airflow/example_dags/example_branch_day_of_week_operator.py
[2022-09-17T10:29:40.585+0000] {processor.py:640} INFO - Processing file /home/airflow/.local/lib/python3.7/site-packages/airflow/example_dags/example_branch_day_of_week_operator.py for tasks to queue
[2022-09-17T10:29:40.588+0000] {logging_mixin.py:115} INFO - [2022-09-17T10:29:40.588+0000] {dagbag.py:508} INFO - Filling up the DagBag from /home/airflow/.local/lib/python3.7/site-packages/airflow/example_dags/example_branch_day_of_week_operator.py
[2022-09-17T10:29:40.602+0000] {processor.py:650} INFO - DAG(s) dict_keys(['example_weekday_branch_operator']) retrieved from /home/airflow/.local/lib/python3.7/site-packages/airflow/example_dags/example_branch_day_of_week_operator.py
[2022-09-17T10:29:40.650+0000] {logging_mixin.py:115} INFO - [2022-09-17T10:29:40.649+0000] {dag.py:2429} INFO - Sync 1 DAGs
[2022-09-17T10:29:40.694+0000] {logging_mixin.py:115} INFO - [2022-09-17T10:29:40.694+0000] {dag.py:2981} INFO - Setting next_dagrun for example_weekday_branch_operator to 2022-09-16T00:00:00+00:00, run_after=2022-09-17T00:00:00+00:00
[2022-09-17T10:29:40.728+0000] {processor.py:161} INFO - Processing /home/airflow/.local/lib/python3.7/site-packages/airflow/example_dags/example_branch_day_of_week_operator.py took 0.150 seconds
[2022-09-17T10:30:11.860+0000] {processor.py:153} INFO - Started process (PID=1328) to work on /home/airflow/.local/lib/python3.7/site-packages/airflow/example_dags/example_branch_day_of_week_operator.py
[2022-09-17T10:30:11.864+0000] {processor.py:640} INFO - Processing file /home/airflow/.local/lib/python3.7/site-packages/airflow/example_dags/example_branch_day_of_week_operator.py for tasks to queue
[2022-09-17T10:30:11.867+0000] {logging_mixin.py:115} INFO - [2022-09-17T10:30:11.866+0000] {dagbag.py:508} INFO - Filling up the DagBag from /home/airflow/.local/lib/python3.7/site-packages/airflow/example_dags/example_branch_day_of_week_operator.py
[2022-09-17T10:30:11.885+0000] {processor.py:650} INFO - DAG(s) dict_keys(['example_weekday_branch_operator']) retrieved from /home/airflow/.local/lib/python3.7/site-packages/airflow/example_dags/example_branch_day_of_week_operator.py
[2022-09-17T10:30:11.944+0000] {logging_mixin.py:115} INFO - [2022-09-17T10:30:11.943+0000] {dag.py:2429} INFO - Sync 1 DAGs
[2022-09-17T10:30:12.000+0000] {logging_mixin.py:115} INFO - [2022-09-17T10:30:12.000+0000] {dag.py:2981} INFO - Setting next_dagrun for example_weekday_branch_operator to 2022-09-16T00:00:00+00:00, run_after=2022-09-17T00:00:00+00:00
[2022-09-17T10:30:12.027+0000] {processor.py:161} INFO - Processing /home/airflow/.local/lib/python3.7/site-packages/airflow/example_dags/example_branch_day_of_week_operator.py took 0.173 seconds
[2022-09-17T10:30:42.527+0000] {processor.py:153} INFO - Started process (PID=1541) to work on /home/airflow/.local/lib/python3.7/site-packages/airflow/example_dags/example_branch_day_of_week_operator.py
[2022-09-17T10:30:42.530+0000] {processor.py:640} INFO - Processing file /home/airflow/.local/lib/python3.7/site-packages/airflow/example_dags/example_branch_day_of_week_operator.py for tasks to queue
[2022-09-17T10:30:42.531+0000] {logging_mixin.py:115} INFO - [2022-09-17T10:30:42.531+0000] {dagbag.py:508} INFO - Filling up the DagBag from /home/airflow/.local/lib/python3.7/site-packages/airflow/example_dags/example_branch_day_of_week_operator.py
[2022-09-17T10:30:42.549+0000] {processor.py:650} INFO - DAG(s) dict_keys(['example_weekday_branch_operator']) retrieved from /home/airflow/.local/lib/python3.7/site-packages/airflow/example_dags/example_branch_day_of_week_operator.py
[2022-09-17T10:30:42.621+0000] {logging_mixin.py:115} INFO - [2022-09-17T10:30:42.620+0000] {dag.py:2429} INFO - Sync 1 DAGs
[2022-09-17T10:30:42.664+0000] {logging_mixin.py:115} INFO - [2022-09-17T10:30:42.664+0000] {dag.py:2981} INFO - Setting next_dagrun for example_weekday_branch_operator to 2022-09-16T00:00:00+00:00, run_after=2022-09-17T00:00:00+00:00
[2022-09-17T10:30:42.687+0000] {processor.py:161} INFO - Processing /home/airflow/.local/lib/python3.7/site-packages/airflow/example_dags/example_branch_day_of_week_operator.py took 0.167 seconds
[2022-09-17T10:31:17.094+0000] {processor.py:153} INFO - Started process (PID=1745) to work on /home/airflow/.local/lib/python3.7/site-packages/airflow/example_dags/example_branch_day_of_week_operator.py
[2022-09-17T10:31:17.098+0000] {processor.py:640} INFO - Processing file /home/airflow/.local/lib/python3.7/site-packages/airflow/example_dags/example_branch_day_of_week_operator.py for tasks to queue
[2022-09-17T10:31:17.104+0000] {logging_mixin.py:115} INFO - [2022-09-17T10:31:17.103+0000] {dagbag.py:508} INFO - Filling up the DagBag from /home/airflow/.local/lib/python3.7/site-packages/airflow/example_dags/example_branch_day_of_week_operator.py
[2022-09-17T10:31:17.141+0000] {processor.py:650} INFO - DAG(s) dict_keys(['example_weekday_branch_operator']) retrieved from /home/airflow/.local/lib/python3.7/site-packages/airflow/example_dags/example_branch_day_of_week_operator.py
[2022-09-17T10:31:17.274+0000] {logging_mixin.py:115} INFO - [2022-09-17T10:31:17.273+0000] {dag.py:2429} INFO - Sync 1 DAGs
[2022-09-17T10:31:17.496+0000] {logging_mixin.py:115} INFO - [2022-09-17T10:31:17.496+0000] {dag.py:2981} INFO - Setting next_dagrun for example_weekday_branch_operator to 2022-09-16T00:00:00+00:00, run_after=2022-09-17T00:00:00+00:00
[2022-09-17T10:31:17.561+0000] {processor.py:161} INFO - Processing /home/airflow/.local/lib/python3.7/site-packages/airflow/example_dags/example_branch_day_of_week_operator.py took 0.487 seconds
[2022-09-17T10:31:48.216+0000] {processor.py:153} INFO - Started process (PID=1951) to work on /home/airflow/.local/lib/python3.7/site-packages/airflow/example_dags/example_branch_day_of_week_operator.py
[2022-09-17T10:31:48.224+0000] {processor.py:640} INFO - Processing file /home/airflow/.local/lib/python3.7/site-packages/airflow/example_dags/example_branch_day_of_week_operator.py for tasks to queue
[2022-09-17T10:31:48.229+0000] {logging_mixin.py:115} INFO - [2022-09-17T10:31:48.228+0000] {dagbag.py:508} INFO - Filling up the DagBag from /home/airflow/.local/lib/python3.7/site-packages/airflow/example_dags/example_branch_day_of_week_operator.py
[2022-09-17T10:31:48.255+0000] {processor.py:650} INFO - DAG(s) dict_keys(['example_weekday_branch_operator']) retrieved from /home/airflow/.local/lib/python3.7/site-packages/airflow/example_dags/example_branch_day_of_week_operator.py
[2022-09-17T10:31:48.303+0000] {logging_mixin.py:115} INFO - [2022-09-17T10:31:48.303+0000] {dag.py:2429} INFO - Sync 1 DAGs
[2022-09-17T10:31:48.357+0000] {logging_mixin.py:115} INFO - [2022-09-17T10:31:48.357+0000] {dag.py:2981} INFO - Setting next_dagrun for example_weekday_branch_operator to 2022-09-16T00:00:00+00:00, run_after=2022-09-17T00:00:00+00:00
[2022-09-17T10:31:48.379+0000] {processor.py:161} INFO - Processing /home/airflow/.local/lib/python3.7/site-packages/airflow/example_dags/example_branch_day_of_week_operator.py took 0.175 seconds
[2022-09-17T10:32:19.107+0000] {processor.py:153} INFO - Started process (PID=2164) to work on /home/airflow/.local/lib/python3.7/site-packages/airflow/example_dags/example_branch_day_of_week_operator.py
[2022-09-17T10:32:19.109+0000] {processor.py:640} INFO - Processing file /home/airflow/.local/lib/python3.7/site-packages/airflow/example_dags/example_branch_day_of_week_operator.py for tasks to queue
[2022-09-17T10:32:19.111+0000] {logging_mixin.py:115} INFO - [2022-09-17T10:32:19.111+0000] {dagbag.py:508} INFO - Filling up the DagBag from /home/airflow/.local/lib/python3.7/site-packages/airflow/example_dags/example_branch_day_of_week_operator.py
[2022-09-17T10:32:19.124+0000] {processor.py:650} INFO - DAG(s) dict_keys(['example_weekday_branch_operator']) retrieved from /home/airflow/.local/lib/python3.7/site-packages/airflow/example_dags/example_branch_day_of_week_operator.py
[2022-09-17T10:32:19.178+0000] {logging_mixin.py:115} INFO - [2022-09-17T10:32:19.177+0000] {dag.py:2429} INFO - Sync 1 DAGs
[2022-09-17T10:32:19.219+0000] {logging_mixin.py:115} INFO - [2022-09-17T10:32:19.219+0000] {dag.py:2981} INFO - Setting next_dagrun for example_weekday_branch_operator to 2022-09-16T00:00:00+00:00, run_after=2022-09-17T00:00:00+00:00
[2022-09-17T10:32:19.239+0000] {processor.py:161} INFO - Processing /home/airflow/.local/lib/python3.7/site-packages/airflow/example_dags/example_branch_day_of_week_operator.py took 0.136 seconds
[2022-09-17T10:32:50.137+0000] {processor.py:153} INFO - Started process (PID=2369) to work on /home/airflow/.local/lib/python3.7/site-packages/airflow/example_dags/example_branch_day_of_week_operator.py
[2022-09-17T10:32:50.139+0000] {processor.py:640} INFO - Processing file /home/airflow/.local/lib/python3.7/site-packages/airflow/example_dags/example_branch_day_of_week_operator.py for tasks to queue
[2022-09-17T10:32:50.142+0000] {logging_mixin.py:115} INFO - [2022-09-17T10:32:50.141+0000] {dagbag.py:508} INFO - Filling up the DagBag from /home/airflow/.local/lib/python3.7/site-packages/airflow/example_dags/example_branch_day_of_week_operator.py
[2022-09-17T10:32:50.160+0000] {processor.py:650} INFO - DAG(s) dict_keys(['example_weekday_branch_operator']) retrieved from /home/airflow/.local/lib/python3.7/site-packages/airflow/example_dags/example_branch_day_of_week_operator.py
[2022-09-17T10:32:50.213+0000] {logging_mixin.py:115} INFO - [2022-09-17T10:32:50.212+0000] {dag.py:2429} INFO - Sync 1 DAGs
[2022-09-17T10:32:50.250+0000] {logging_mixin.py:115} INFO - [2022-09-17T10:32:50.250+0000] {dag.py:2981} INFO - Setting next_dagrun for example_weekday_branch_operator to 2022-09-16T00:00:00+00:00, run_after=2022-09-17T00:00:00+00:00
[2022-09-17T10:32:50.270+0000] {processor.py:161} INFO - Processing /home/airflow/.local/lib/python3.7/site-packages/airflow/example_dags/example_branch_day_of_week_operator.py took 0.139 seconds
[2022-09-17T10:33:20.886+0000] {processor.py:153} INFO - Started process (PID=2587) to work on /home/airflow/.local/lib/python3.7/site-packages/airflow/example_dags/example_branch_day_of_week_operator.py
[2022-09-17T10:33:20.888+0000] {processor.py:640} INFO - Processing file /home/airflow/.local/lib/python3.7/site-packages/airflow/example_dags/example_branch_day_of_week_operator.py for tasks to queue
[2022-09-17T10:33:20.889+0000] {logging_mixin.py:115} INFO - [2022-09-17T10:33:20.889+0000] {dagbag.py:508} INFO - Filling up the DagBag from /home/airflow/.local/lib/python3.7/site-packages/airflow/example_dags/example_branch_day_of_week_operator.py
[2022-09-17T10:33:20.905+0000] {processor.py:650} INFO - DAG(s) dict_keys(['example_weekday_branch_operator']) retrieved from /home/airflow/.local/lib/python3.7/site-packages/airflow/example_dags/example_branch_day_of_week_operator.py
[2022-09-17T10:33:20.950+0000] {logging_mixin.py:115} INFO - [2022-09-17T10:33:20.950+0000] {dag.py:2429} INFO - Sync 1 DAGs
[2022-09-17T10:33:20.986+0000] {logging_mixin.py:115} INFO - [2022-09-17T10:33:20.985+0000] {dag.py:2981} INFO - Setting next_dagrun for example_weekday_branch_operator to 2022-09-16T00:00:00+00:00, run_after=2022-09-17T00:00:00+00:00
[2022-09-17T10:33:21.011+0000] {processor.py:161} INFO - Processing /home/airflow/.local/lib/python3.7/site-packages/airflow/example_dags/example_branch_day_of_week_operator.py took 0.129 seconds
