[2022-09-17T10:27:35.323+0000] {processor.py:153} INFO - Started process (PID=245) to work on /home/airflow/.local/lib/python3.7/site-packages/airflow/example_dags/example_task_group.py
[2022-09-17T10:27:35.324+0000] {processor.py:640} INFO - Processing file /home/airflow/.local/lib/python3.7/site-packages/airflow/example_dags/example_task_group.py for tasks to queue
[2022-09-17T10:27:35.326+0000] {logging_mixin.py:115} INFO - [2022-09-17T10:27:35.326+0000] {dagbag.py:508} INFO - Filling up the DagBag from /home/airflow/.local/lib/python3.7/site-packages/airflow/example_dags/example_task_group.py
[2022-09-17T10:27:35.340+0000] {processor.py:650} INFO - DAG(s) dict_keys(['example_task_group']) retrieved from /home/airflow/.local/lib/python3.7/site-packages/airflow/example_dags/example_task_group.py
[2022-09-17T10:27:35.397+0000] {logging_mixin.py:115} INFO - [2022-09-17T10:27:35.396+0000] {dag.py:2429} INFO - Sync 1 DAGs
[2022-09-17T10:27:35.438+0000] {logging_mixin.py:115} INFO - [2022-09-17T10:27:35.438+0000] {dag.py:2981} INFO - Setting next_dagrun for example_task_group to 2022-09-16T10:27:35.438402+00:00, run_after=2022-09-17T10:27:35.438402+00:00
[2022-09-17T10:27:35.464+0000] {processor.py:161} INFO - Processing /home/airflow/.local/lib/python3.7/site-packages/airflow/example_dags/example_task_group.py took 0.147 seconds
[2022-09-17T10:28:06.479+0000] {processor.py:153} INFO - Started process (PID=455) to work on /home/airflow/.local/lib/python3.7/site-packages/airflow/example_dags/example_task_group.py
[2022-09-17T10:28:06.482+0000] {processor.py:640} INFO - Processing file /home/airflow/.local/lib/python3.7/site-packages/airflow/example_dags/example_task_group.py for tasks to queue
[2022-09-17T10:28:06.485+0000] {logging_mixin.py:115} INFO - [2022-09-17T10:28:06.484+0000] {dagbag.py:508} INFO - Filling up the DagBag from /home/airflow/.local/lib/python3.7/site-packages/airflow/example_dags/example_task_group.py
[2022-09-17T10:28:06.503+0000] {processor.py:650} INFO - DAG(s) dict_keys(['example_task_group']) retrieved from /home/airflow/.local/lib/python3.7/site-packages/airflow/example_dags/example_task_group.py
[2022-09-17T10:28:06.579+0000] {logging_mixin.py:115} INFO - [2022-09-17T10:28:06.578+0000] {dag.py:2429} INFO - Sync 1 DAGs
[2022-09-17T10:28:06.626+0000] {logging_mixin.py:115} INFO - [2022-09-17T10:28:06.626+0000] {dag.py:2981} INFO - Setting next_dagrun for example_task_group to 2022-09-16T10:28:06.625654+00:00, run_after=2022-09-17T10:28:06.625654+00:00
[2022-09-17T10:28:06.660+0000] {processor.py:161} INFO - Processing /home/airflow/.local/lib/python3.7/site-packages/airflow/example_dags/example_task_group.py took 0.188 seconds
[2022-09-17T10:28:37.621+0000] {processor.py:153} INFO - Started process (PID=671) to work on /home/airflow/.local/lib/python3.7/site-packages/airflow/example_dags/example_task_group.py
[2022-09-17T10:28:37.625+0000] {processor.py:640} INFO - Processing file /home/airflow/.local/lib/python3.7/site-packages/airflow/example_dags/example_task_group.py for tasks to queue
[2022-09-17T10:28:37.629+0000] {logging_mixin.py:115} INFO - [2022-09-17T10:28:37.629+0000] {dagbag.py:508} INFO - Filling up the DagBag from /home/airflow/.local/lib/python3.7/site-packages/airflow/example_dags/example_task_group.py
[2022-09-17T10:28:37.648+0000] {processor.py:650} INFO - DAG(s) dict_keys(['example_task_group']) retrieved from /home/airflow/.local/lib/python3.7/site-packages/airflow/example_dags/example_task_group.py
[2022-09-17T10:28:37.715+0000] {logging_mixin.py:115} INFO - [2022-09-17T10:28:37.715+0000] {dag.py:2429} INFO - Sync 1 DAGs
[2022-09-17T10:28:37.772+0000] {logging_mixin.py:115} INFO - [2022-09-17T10:28:37.772+0000] {dag.py:2981} INFO - Setting next_dagrun for example_task_group to 2022-09-16T10:28:37.771649+00:00, run_after=2022-09-17T10:28:37.771649+00:00
[2022-09-17T10:28:37.800+0000] {processor.py:161} INFO - Processing /home/airflow/.local/lib/python3.7/site-packages/airflow/example_dags/example_task_group.py took 0.187 seconds
[2022-09-17T10:29:08.163+0000] {processor.py:153} INFO - Started process (PID=874) to work on /home/airflow/.local/lib/python3.7/site-packages/airflow/example_dags/example_task_group.py
[2022-09-17T10:29:08.167+0000] {processor.py:640} INFO - Processing file /home/airflow/.local/lib/python3.7/site-packages/airflow/example_dags/example_task_group.py for tasks to queue
[2022-09-17T10:29:08.171+0000] {logging_mixin.py:115} INFO - [2022-09-17T10:29:08.171+0000] {dagbag.py:508} INFO - Filling up the DagBag from /home/airflow/.local/lib/python3.7/site-packages/airflow/example_dags/example_task_group.py
[2022-09-17T10:29:08.191+0000] {processor.py:650} INFO - DAG(s) dict_keys(['example_task_group']) retrieved from /home/airflow/.local/lib/python3.7/site-packages/airflow/example_dags/example_task_group.py
[2022-09-17T10:29:08.269+0000] {logging_mixin.py:115} INFO - [2022-09-17T10:29:08.269+0000] {dag.py:2429} INFO - Sync 1 DAGs
[2022-09-17T10:29:08.321+0000] {logging_mixin.py:115} INFO - [2022-09-17T10:29:08.321+0000] {dag.py:2981} INFO - Setting next_dagrun for example_task_group to 2022-09-16T10:29:08.320716+00:00, run_after=2022-09-17T10:29:08.320716+00:00
[2022-09-17T10:29:08.350+0000] {processor.py:161} INFO - Processing /home/airflow/.local/lib/python3.7/site-packages/airflow/example_dags/example_task_group.py took 0.195 seconds
[2022-09-17T10:29:39.479+0000] {processor.py:153} INFO - Started process (PID=1087) to work on /home/airflow/.local/lib/python3.7/site-packages/airflow/example_dags/example_task_group.py
[2022-09-17T10:29:39.482+0000] {processor.py:640} INFO - Processing file /home/airflow/.local/lib/python3.7/site-packages/airflow/example_dags/example_task_group.py for tasks to queue
[2022-09-17T10:29:39.484+0000] {logging_mixin.py:115} INFO - [2022-09-17T10:29:39.484+0000] {dagbag.py:508} INFO - Filling up the DagBag from /home/airflow/.local/lib/python3.7/site-packages/airflow/example_dags/example_task_group.py
[2022-09-17T10:29:39.501+0000] {processor.py:650} INFO - DAG(s) dict_keys(['example_task_group']) retrieved from /home/airflow/.local/lib/python3.7/site-packages/airflow/example_dags/example_task_group.py
[2022-09-17T10:29:39.558+0000] {logging_mixin.py:115} INFO - [2022-09-17T10:29:39.558+0000] {dag.py:2429} INFO - Sync 1 DAGs
[2022-09-17T10:29:39.600+0000] {logging_mixin.py:115} INFO - [2022-09-17T10:29:39.600+0000] {dag.py:2981} INFO - Setting next_dagrun for example_task_group to 2022-09-16T10:29:39.599808+00:00, run_after=2022-09-17T10:29:39.599808+00:00
[2022-09-17T10:29:39.626+0000] {processor.py:161} INFO - Processing /home/airflow/.local/lib/python3.7/site-packages/airflow/example_dags/example_task_group.py took 0.154 seconds
[2022-09-17T10:30:10.755+0000] {processor.py:153} INFO - Started process (PID=1295) to work on /home/airflow/.local/lib/python3.7/site-packages/airflow/example_dags/example_task_group.py
[2022-09-17T10:30:10.758+0000] {processor.py:640} INFO - Processing file /home/airflow/.local/lib/python3.7/site-packages/airflow/example_dags/example_task_group.py for tasks to queue
[2022-09-17T10:30:10.762+0000] {logging_mixin.py:115} INFO - [2022-09-17T10:30:10.761+0000] {dagbag.py:508} INFO - Filling up the DagBag from /home/airflow/.local/lib/python3.7/site-packages/airflow/example_dags/example_task_group.py
[2022-09-17T10:30:10.782+0000] {processor.py:650} INFO - DAG(s) dict_keys(['example_task_group']) retrieved from /home/airflow/.local/lib/python3.7/site-packages/airflow/example_dags/example_task_group.py
[2022-09-17T10:30:10.850+0000] {logging_mixin.py:115} INFO - [2022-09-17T10:30:10.850+0000] {dag.py:2429} INFO - Sync 1 DAGs
[2022-09-17T10:30:10.897+0000] {logging_mixin.py:115} INFO - [2022-09-17T10:30:10.897+0000] {dag.py:2981} INFO - Setting next_dagrun for example_task_group to 2022-09-16T10:30:10.896848+00:00, run_after=2022-09-17T10:30:10.896848+00:00
[2022-09-17T10:30:10.925+0000] {processor.py:161} INFO - Processing /home/airflow/.local/lib/python3.7/site-packages/airflow/example_dags/example_task_group.py took 0.176 seconds
[2022-09-17T10:30:41.513+0000] {processor.py:153} INFO - Started process (PID=1504) to work on /home/airflow/.local/lib/python3.7/site-packages/airflow/example_dags/example_task_group.py
[2022-09-17T10:30:41.517+0000] {processor.py:640} INFO - Processing file /home/airflow/.local/lib/python3.7/site-packages/airflow/example_dags/example_task_group.py for tasks to queue
[2022-09-17T10:30:41.520+0000] {logging_mixin.py:115} INFO - [2022-09-17T10:30:41.520+0000] {dagbag.py:508} INFO - Filling up the DagBag from /home/airflow/.local/lib/python3.7/site-packages/airflow/example_dags/example_task_group.py
[2022-09-17T10:30:41.534+0000] {processor.py:650} INFO - DAG(s) dict_keys(['example_task_group']) retrieved from /home/airflow/.local/lib/python3.7/site-packages/airflow/example_dags/example_task_group.py
[2022-09-17T10:30:41.612+0000] {logging_mixin.py:115} INFO - [2022-09-17T10:30:41.612+0000] {dag.py:2429} INFO - Sync 1 DAGs
[2022-09-17T10:30:41.666+0000] {logging_mixin.py:115} INFO - [2022-09-17T10:30:41.666+0000] {dag.py:2981} INFO - Setting next_dagrun for example_task_group to 2022-09-16T10:30:41.666139+00:00, run_after=2022-09-17T10:30:41.666139+00:00
[2022-09-17T10:30:41.690+0000] {processor.py:161} INFO - Processing /home/airflow/.local/lib/python3.7/site-packages/airflow/example_dags/example_task_group.py took 0.187 seconds
[2022-09-17T10:31:15.491+0000] {processor.py:153} INFO - Started process (PID=1710) to work on /home/airflow/.local/lib/python3.7/site-packages/airflow/example_dags/example_task_group.py
[2022-09-17T10:31:15.494+0000] {processor.py:640} INFO - Processing file /home/airflow/.local/lib/python3.7/site-packages/airflow/example_dags/example_task_group.py for tasks to queue
[2022-09-17T10:31:15.498+0000] {logging_mixin.py:115} INFO - [2022-09-17T10:31:15.497+0000] {dagbag.py:508} INFO - Filling up the DagBag from /home/airflow/.local/lib/python3.7/site-packages/airflow/example_dags/example_task_group.py
[2022-09-17T10:31:15.521+0000] {processor.py:650} INFO - DAG(s) dict_keys(['example_task_group']) retrieved from /home/airflow/.local/lib/python3.7/site-packages/airflow/example_dags/example_task_group.py
[2022-09-17T10:31:15.632+0000] {logging_mixin.py:115} INFO - [2022-09-17T10:31:15.632+0000] {dag.py:2429} INFO - Sync 1 DAGs
[2022-09-17T10:31:15.684+0000] {logging_mixin.py:115} INFO - [2022-09-17T10:31:15.684+0000] {dag.py:2981} INFO - Setting next_dagrun for example_task_group to 2022-09-16T10:31:15.683642+00:00, run_after=2022-09-17T10:31:15.683642+00:00
[2022-09-17T10:31:15.709+0000] {processor.py:161} INFO - Processing /home/airflow/.local/lib/python3.7/site-packages/airflow/example_dags/example_task_group.py took 0.226 seconds
[2022-09-17T10:31:46.421+0000] {processor.py:153} INFO - Started process (PID=1916) to work on /home/airflow/.local/lib/python3.7/site-packages/airflow/example_dags/example_task_group.py
[2022-09-17T10:31:46.424+0000] {processor.py:640} INFO - Processing file /home/airflow/.local/lib/python3.7/site-packages/airflow/example_dags/example_task_group.py for tasks to queue
[2022-09-17T10:31:46.425+0000] {logging_mixin.py:115} INFO - [2022-09-17T10:31:46.425+0000] {dagbag.py:508} INFO - Filling up the DagBag from /home/airflow/.local/lib/python3.7/site-packages/airflow/example_dags/example_task_group.py
[2022-09-17T10:31:46.442+0000] {processor.py:650} INFO - DAG(s) dict_keys(['example_task_group']) retrieved from /home/airflow/.local/lib/python3.7/site-packages/airflow/example_dags/example_task_group.py
[2022-09-17T10:31:46.504+0000] {logging_mixin.py:115} INFO - [2022-09-17T10:31:46.503+0000] {dag.py:2429} INFO - Sync 1 DAGs
[2022-09-17T10:31:46.554+0000] {logging_mixin.py:115} INFO - [2022-09-17T10:31:46.553+0000] {dag.py:2981} INFO - Setting next_dagrun for example_task_group to 2022-09-16T10:31:46.553556+00:00, run_after=2022-09-17T10:31:46.553556+00:00
[2022-09-17T10:31:46.578+0000] {processor.py:161} INFO - Processing /home/airflow/.local/lib/python3.7/site-packages/airflow/example_dags/example_task_group.py took 0.165 seconds
[2022-09-17T10:32:17.404+0000] {processor.py:153} INFO - Started process (PID=2129) to work on /home/airflow/.local/lib/python3.7/site-packages/airflow/example_dags/example_task_group.py
[2022-09-17T10:32:17.407+0000] {processor.py:640} INFO - Processing file /home/airflow/.local/lib/python3.7/site-packages/airflow/example_dags/example_task_group.py for tasks to queue
[2022-09-17T10:32:17.409+0000] {logging_mixin.py:115} INFO - [2022-09-17T10:32:17.409+0000] {dagbag.py:508} INFO - Filling up the DagBag from /home/airflow/.local/lib/python3.7/site-packages/airflow/example_dags/example_task_group.py
[2022-09-17T10:32:17.420+0000] {processor.py:650} INFO - DAG(s) dict_keys(['example_task_group']) retrieved from /home/airflow/.local/lib/python3.7/site-packages/airflow/example_dags/example_task_group.py
[2022-09-17T10:32:17.472+0000] {logging_mixin.py:115} INFO - [2022-09-17T10:32:17.471+0000] {dag.py:2429} INFO - Sync 1 DAGs
[2022-09-17T10:32:17.506+0000] {logging_mixin.py:115} INFO - [2022-09-17T10:32:17.505+0000] {dag.py:2981} INFO - Setting next_dagrun for example_task_group to 2022-09-16T10:32:17.505474+00:00, run_after=2022-09-17T10:32:17.505474+00:00
[2022-09-17T10:32:17.523+0000] {processor.py:161} INFO - Processing /home/airflow/.local/lib/python3.7/site-packages/airflow/example_dags/example_task_group.py took 0.123 seconds
[2022-09-17T10:32:48.321+0000] {processor.py:153} INFO - Started process (PID=2334) to work on /home/airflow/.local/lib/python3.7/site-packages/airflow/example_dags/example_task_group.py
[2022-09-17T10:32:48.324+0000] {processor.py:640} INFO - Processing file /home/airflow/.local/lib/python3.7/site-packages/airflow/example_dags/example_task_group.py for tasks to queue
[2022-09-17T10:32:48.326+0000] {logging_mixin.py:115} INFO - [2022-09-17T10:32:48.325+0000] {dagbag.py:508} INFO - Filling up the DagBag from /home/airflow/.local/lib/python3.7/site-packages/airflow/example_dags/example_task_group.py
[2022-09-17T10:32:48.339+0000] {processor.py:650} INFO - DAG(s) dict_keys(['example_task_group']) retrieved from /home/airflow/.local/lib/python3.7/site-packages/airflow/example_dags/example_task_group.py
[2022-09-17T10:32:48.393+0000] {logging_mixin.py:115} INFO - [2022-09-17T10:32:48.393+0000] {dag.py:2429} INFO - Sync 1 DAGs
[2022-09-17T10:32:48.427+0000] {logging_mixin.py:115} INFO - [2022-09-17T10:32:48.427+0000] {dag.py:2981} INFO - Setting next_dagrun for example_task_group to 2022-09-16T10:32:48.427098+00:00, run_after=2022-09-17T10:32:48.427098+00:00
[2022-09-17T10:32:48.447+0000] {processor.py:161} INFO - Processing /home/airflow/.local/lib/python3.7/site-packages/airflow/example_dags/example_task_group.py took 0.131 seconds
[2022-09-17T10:33:19.056+0000] {processor.py:153} INFO - Started process (PID=2550) to work on /home/airflow/.local/lib/python3.7/site-packages/airflow/example_dags/example_task_group.py
[2022-09-17T10:33:19.059+0000] {processor.py:640} INFO - Processing file /home/airflow/.local/lib/python3.7/site-packages/airflow/example_dags/example_task_group.py for tasks to queue
[2022-09-17T10:33:19.060+0000] {logging_mixin.py:115} INFO - [2022-09-17T10:33:19.060+0000] {dagbag.py:508} INFO - Filling up the DagBag from /home/airflow/.local/lib/python3.7/site-packages/airflow/example_dags/example_task_group.py
[2022-09-17T10:33:19.071+0000] {processor.py:650} INFO - DAG(s) dict_keys(['example_task_group']) retrieved from /home/airflow/.local/lib/python3.7/site-packages/airflow/example_dags/example_task_group.py
[2022-09-17T10:33:19.116+0000] {logging_mixin.py:115} INFO - [2022-09-17T10:33:19.116+0000] {dag.py:2429} INFO - Sync 1 DAGs
[2022-09-17T10:33:19.150+0000] {logging_mixin.py:115} INFO - [2022-09-17T10:33:19.150+0000] {dag.py:2981} INFO - Setting next_dagrun for example_task_group to 2022-09-16T10:33:19.149868+00:00, run_after=2022-09-17T10:33:19.149868+00:00
[2022-09-17T10:33:19.170+0000] {processor.py:161} INFO - Processing /home/airflow/.local/lib/python3.7/site-packages/airflow/example_dags/example_task_group.py took 0.118 seconds
