[2022-09-17T10:27:38.338+0000] {processor.py:153} INFO - Started process (PID=348) to work on /home/airflow/.local/lib/python3.7/site-packages/airflow/example_dags/example_branch_operator.py
[2022-09-17T10:27:38.340+0000] {processor.py:640} INFO - Processing file /home/airflow/.local/lib/python3.7/site-packages/airflow/example_dags/example_branch_operator.py for tasks to queue
[2022-09-17T10:27:38.343+0000] {logging_mixin.py:115} INFO - [2022-09-17T10:27:38.342+0000] {dagbag.py:508} INFO - Filling up the DagBag from /home/airflow/.local/lib/python3.7/site-packages/airflow/example_dags/example_branch_operator.py
[2022-09-17T10:27:38.380+0000] {processor.py:650} INFO - DAG(s) dict_keys(['example_branch_operator']) retrieved from /home/airflow/.local/lib/python3.7/site-packages/airflow/example_dags/example_branch_operator.py
[2022-09-17T10:27:38.468+0000] {logging_mixin.py:115} INFO - [2022-09-17T10:27:38.468+0000] {dag.py:2429} INFO - Sync 1 DAGs
[2022-09-17T10:27:38.507+0000] {logging_mixin.py:115} INFO - [2022-09-17T10:27:38.507+0000] {dag.py:2981} INFO - Setting next_dagrun for example_branch_operator to 2022-09-16T00:00:00+00:00, run_after=2022-09-17T00:00:00+00:00
[2022-09-17T10:27:38.530+0000] {processor.py:161} INFO - Processing /home/airflow/.local/lib/python3.7/site-packages/airflow/example_dags/example_branch_operator.py took 0.200 seconds
[2022-09-17T10:28:10.261+0000] {processor.py:153} INFO - Started process (PID=564) to work on /home/airflow/.local/lib/python3.7/site-packages/airflow/example_dags/example_branch_operator.py
[2022-09-17T10:28:10.265+0000] {processor.py:640} INFO - Processing file /home/airflow/.local/lib/python3.7/site-packages/airflow/example_dags/example_branch_operator.py for tasks to queue
[2022-09-17T10:28:10.269+0000] {logging_mixin.py:115} INFO - [2022-09-17T10:28:10.268+0000] {dagbag.py:508} INFO - Filling up the DagBag from /home/airflow/.local/lib/python3.7/site-packages/airflow/example_dags/example_branch_operator.py
[2022-09-17T10:28:10.314+0000] {processor.py:650} INFO - DAG(s) dict_keys(['example_branch_operator']) retrieved from /home/airflow/.local/lib/python3.7/site-packages/airflow/example_dags/example_branch_operator.py
[2022-09-17T10:28:10.452+0000] {logging_mixin.py:115} INFO - [2022-09-17T10:28:10.451+0000] {dag.py:2429} INFO - Sync 1 DAGs
[2022-09-17T10:28:10.518+0000] {logging_mixin.py:115} INFO - [2022-09-17T10:28:10.518+0000] {dag.py:2981} INFO - Setting next_dagrun for example_branch_operator to 2022-09-16T00:00:00+00:00, run_after=2022-09-17T00:00:00+00:00
[2022-09-17T10:28:10.549+0000] {processor.py:161} INFO - Processing /home/airflow/.local/lib/python3.7/site-packages/airflow/example_dags/example_branch_operator.py took 0.297 seconds
[2022-09-17T10:28:41.026+0000] {processor.py:153} INFO - Started process (PID=769) to work on /home/airflow/.local/lib/python3.7/site-packages/airflow/example_dags/example_branch_operator.py
[2022-09-17T10:28:41.030+0000] {processor.py:640} INFO - Processing file /home/airflow/.local/lib/python3.7/site-packages/airflow/example_dags/example_branch_operator.py for tasks to queue
[2022-09-17T10:28:41.034+0000] {logging_mixin.py:115} INFO - [2022-09-17T10:28:41.034+0000] {dagbag.py:508} INFO - Filling up the DagBag from /home/airflow/.local/lib/python3.7/site-packages/airflow/example_dags/example_branch_operator.py
[2022-09-17T10:28:41.061+0000] {processor.py:650} INFO - DAG(s) dict_keys(['example_branch_operator']) retrieved from /home/airflow/.local/lib/python3.7/site-packages/airflow/example_dags/example_branch_operator.py
[2022-09-17T10:28:41.123+0000] {logging_mixin.py:115} INFO - [2022-09-17T10:28:41.123+0000] {dag.py:2429} INFO - Sync 1 DAGs
[2022-09-17T10:28:41.172+0000] {logging_mixin.py:115} INFO - [2022-09-17T10:28:41.172+0000] {dag.py:2981} INFO - Setting next_dagrun for example_branch_operator to 2022-09-16T00:00:00+00:00, run_after=2022-09-17T00:00:00+00:00
[2022-09-17T10:28:41.207+0000] {processor.py:161} INFO - Processing /home/airflow/.local/lib/python3.7/site-packages/airflow/example_dags/example_branch_operator.py took 0.188 seconds
[2022-09-17T10:29:12.273+0000] {processor.py:153} INFO - Started process (PID=974) to work on /home/airflow/.local/lib/python3.7/site-packages/airflow/example_dags/example_branch_operator.py
[2022-09-17T10:29:12.277+0000] {processor.py:640} INFO - Processing file /home/airflow/.local/lib/python3.7/site-packages/airflow/example_dags/example_branch_operator.py for tasks to queue
[2022-09-17T10:29:12.281+0000] {logging_mixin.py:115} INFO - [2022-09-17T10:29:12.280+0000] {dagbag.py:508} INFO - Filling up the DagBag from /home/airflow/.local/lib/python3.7/site-packages/airflow/example_dags/example_branch_operator.py
[2022-09-17T10:29:12.317+0000] {processor.py:650} INFO - DAG(s) dict_keys(['example_branch_operator']) retrieved from /home/airflow/.local/lib/python3.7/site-packages/airflow/example_dags/example_branch_operator.py
[2022-09-17T10:29:12.432+0000] {logging_mixin.py:115} INFO - [2022-09-17T10:29:12.431+0000] {dag.py:2429} INFO - Sync 1 DAGs
[2022-09-17T10:29:12.493+0000] {logging_mixin.py:115} INFO - [2022-09-17T10:29:12.493+0000] {dag.py:2981} INFO - Setting next_dagrun for example_branch_operator to 2022-09-16T00:00:00+00:00, run_after=2022-09-17T00:00:00+00:00
[2022-09-17T10:29:12.524+0000] {processor.py:161} INFO - Processing /home/airflow/.local/lib/python3.7/site-packages/airflow/example_dags/example_branch_operator.py took 0.267 seconds
[2022-09-17T10:29:43.297+0000] {processor.py:153} INFO - Started process (PID=1187) to work on /home/airflow/.local/lib/python3.7/site-packages/airflow/example_dags/example_branch_operator.py
[2022-09-17T10:29:43.299+0000] {processor.py:640} INFO - Processing file /home/airflow/.local/lib/python3.7/site-packages/airflow/example_dags/example_branch_operator.py for tasks to queue
[2022-09-17T10:29:43.301+0000] {logging_mixin.py:115} INFO - [2022-09-17T10:29:43.300+0000] {dagbag.py:508} INFO - Filling up the DagBag from /home/airflow/.local/lib/python3.7/site-packages/airflow/example_dags/example_branch_operator.py
[2022-09-17T10:29:43.319+0000] {processor.py:650} INFO - DAG(s) dict_keys(['example_branch_operator']) retrieved from /home/airflow/.local/lib/python3.7/site-packages/airflow/example_dags/example_branch_operator.py
[2022-09-17T10:29:43.370+0000] {logging_mixin.py:115} INFO - [2022-09-17T10:29:43.369+0000] {dag.py:2429} INFO - Sync 1 DAGs
[2022-09-17T10:29:43.404+0000] {logging_mixin.py:115} INFO - [2022-09-17T10:29:43.404+0000] {dag.py:2981} INFO - Setting next_dagrun for example_branch_operator to 2022-09-16T00:00:00+00:00, run_after=2022-09-17T00:00:00+00:00
[2022-09-17T10:29:43.424+0000] {processor.py:161} INFO - Processing /home/airflow/.local/lib/python3.7/site-packages/airflow/example_dags/example_branch_operator.py took 0.132 seconds
[2022-09-17T10:30:14.015+0000] {processor.py:153} INFO - Started process (PID=1393) to work on /home/airflow/.local/lib/python3.7/site-packages/airflow/example_dags/example_branch_operator.py
[2022-09-17T10:30:14.018+0000] {processor.py:640} INFO - Processing file /home/airflow/.local/lib/python3.7/site-packages/airflow/example_dags/example_branch_operator.py for tasks to queue
[2022-09-17T10:30:14.021+0000] {logging_mixin.py:115} INFO - [2022-09-17T10:30:14.020+0000] {dagbag.py:508} INFO - Filling up the DagBag from /home/airflow/.local/lib/python3.7/site-packages/airflow/example_dags/example_branch_operator.py
[2022-09-17T10:30:14.048+0000] {processor.py:650} INFO - DAG(s) dict_keys(['example_branch_operator']) retrieved from /home/airflow/.local/lib/python3.7/site-packages/airflow/example_dags/example_branch_operator.py
[2022-09-17T10:30:14.111+0000] {logging_mixin.py:115} INFO - [2022-09-17T10:30:14.111+0000] {dag.py:2429} INFO - Sync 1 DAGs
[2022-09-17T10:30:14.159+0000] {logging_mixin.py:115} INFO - [2022-09-17T10:30:14.158+0000] {dag.py:2981} INFO - Setting next_dagrun for example_branch_operator to 2022-09-16T00:00:00+00:00, run_after=2022-09-17T00:00:00+00:00
[2022-09-17T10:30:14.186+0000] {processor.py:161} INFO - Processing /home/airflow/.local/lib/python3.7/site-packages/airflow/example_dags/example_branch_operator.py took 0.178 seconds
[2022-09-17T10:30:45.050+0000] {processor.py:153} INFO - Started process (PID=1606) to work on /home/airflow/.local/lib/python3.7/site-packages/airflow/example_dags/example_branch_operator.py
[2022-09-17T10:30:45.052+0000] {processor.py:640} INFO - Processing file /home/airflow/.local/lib/python3.7/site-packages/airflow/example_dags/example_branch_operator.py for tasks to queue
[2022-09-17T10:30:45.054+0000] {logging_mixin.py:115} INFO - [2022-09-17T10:30:45.053+0000] {dagbag.py:508} INFO - Filling up the DagBag from /home/airflow/.local/lib/python3.7/site-packages/airflow/example_dags/example_branch_operator.py
[2022-09-17T10:30:45.075+0000] {processor.py:650} INFO - DAG(s) dict_keys(['example_branch_operator']) retrieved from /home/airflow/.local/lib/python3.7/site-packages/airflow/example_dags/example_branch_operator.py
[2022-09-17T10:30:45.133+0000] {logging_mixin.py:115} INFO - [2022-09-17T10:30:45.133+0000] {dag.py:2429} INFO - Sync 1 DAGs
[2022-09-17T10:30:45.170+0000] {logging_mixin.py:115} INFO - [2022-09-17T10:30:45.169+0000] {dag.py:2981} INFO - Setting next_dagrun for example_branch_operator to 2022-09-16T00:00:00+00:00, run_after=2022-09-17T00:00:00+00:00
[2022-09-17T10:30:45.193+0000] {processor.py:161} INFO - Processing /home/airflow/.local/lib/python3.7/site-packages/airflow/example_dags/example_branch_operator.py took 0.149 seconds
[2022-09-17T10:31:20.000+0000] {processor.py:153} INFO - Started process (PID=1815) to work on /home/airflow/.local/lib/python3.7/site-packages/airflow/example_dags/example_branch_operator.py
[2022-09-17T10:31:20.005+0000] {processor.py:640} INFO - Processing file /home/airflow/.local/lib/python3.7/site-packages/airflow/example_dags/example_branch_operator.py for tasks to queue
[2022-09-17T10:31:20.010+0000] {logging_mixin.py:115} INFO - [2022-09-17T10:31:20.009+0000] {dagbag.py:508} INFO - Filling up the DagBag from /home/airflow/.local/lib/python3.7/site-packages/airflow/example_dags/example_branch_operator.py
[2022-09-17T10:31:20.036+0000] {processor.py:650} INFO - DAG(s) dict_keys(['example_branch_operator']) retrieved from /home/airflow/.local/lib/python3.7/site-packages/airflow/example_dags/example_branch_operator.py
[2022-09-17T10:31:20.110+0000] {logging_mixin.py:115} INFO - [2022-09-17T10:31:20.109+0000] {dag.py:2429} INFO - Sync 1 DAGs
[2022-09-17T10:31:20.175+0000] {logging_mixin.py:115} INFO - [2022-09-17T10:31:20.175+0000] {dag.py:2981} INFO - Setting next_dagrun for example_branch_operator to 2022-09-16T00:00:00+00:00, run_after=2022-09-17T00:00:00+00:00
[2022-09-17T10:31:20.201+0000] {processor.py:161} INFO - Processing /home/airflow/.local/lib/python3.7/site-packages/airflow/example_dags/example_branch_operator.py took 0.214 seconds
[2022-09-17T10:31:50.782+0000] {processor.py:153} INFO - Started process (PID=2018) to work on /home/airflow/.local/lib/python3.7/site-packages/airflow/example_dags/example_branch_operator.py
[2022-09-17T10:31:50.784+0000] {processor.py:640} INFO - Processing file /home/airflow/.local/lib/python3.7/site-packages/airflow/example_dags/example_branch_operator.py for tasks to queue
[2022-09-17T10:31:50.786+0000] {logging_mixin.py:115} INFO - [2022-09-17T10:31:50.786+0000] {dagbag.py:508} INFO - Filling up the DagBag from /home/airflow/.local/lib/python3.7/site-packages/airflow/example_dags/example_branch_operator.py
[2022-09-17T10:31:50.803+0000] {processor.py:650} INFO - DAG(s) dict_keys(['example_branch_operator']) retrieved from /home/airflow/.local/lib/python3.7/site-packages/airflow/example_dags/example_branch_operator.py
[2022-09-17T10:31:50.845+0000] {logging_mixin.py:115} INFO - [2022-09-17T10:31:50.844+0000] {dag.py:2429} INFO - Sync 1 DAGs
[2022-09-17T10:31:50.877+0000] {logging_mixin.py:115} INFO - [2022-09-17T10:31:50.876+0000] {dag.py:2981} INFO - Setting next_dagrun for example_branch_operator to 2022-09-16T00:00:00+00:00, run_after=2022-09-17T00:00:00+00:00
[2022-09-17T10:31:50.899+0000] {processor.py:161} INFO - Processing /home/airflow/.local/lib/python3.7/site-packages/airflow/example_dags/example_branch_operator.py took 0.122 seconds
[2022-09-17T10:32:21.552+0000] {processor.py:153} INFO - Started process (PID=2229) to work on /home/airflow/.local/lib/python3.7/site-packages/airflow/example_dags/example_branch_operator.py
[2022-09-17T10:32:21.554+0000] {processor.py:640} INFO - Processing file /home/airflow/.local/lib/python3.7/site-packages/airflow/example_dags/example_branch_operator.py for tasks to queue
[2022-09-17T10:32:21.557+0000] {logging_mixin.py:115} INFO - [2022-09-17T10:32:21.557+0000] {dagbag.py:508} INFO - Filling up the DagBag from /home/airflow/.local/lib/python3.7/site-packages/airflow/example_dags/example_branch_operator.py
[2022-09-17T10:32:21.576+0000] {processor.py:650} INFO - DAG(s) dict_keys(['example_branch_operator']) retrieved from /home/airflow/.local/lib/python3.7/site-packages/airflow/example_dags/example_branch_operator.py
[2022-09-17T10:32:21.619+0000] {logging_mixin.py:115} INFO - [2022-09-17T10:32:21.619+0000] {dag.py:2429} INFO - Sync 1 DAGs
[2022-09-17T10:32:21.656+0000] {logging_mixin.py:115} INFO - [2022-09-17T10:32:21.655+0000] {dag.py:2981} INFO - Setting next_dagrun for example_branch_operator to 2022-09-16T00:00:00+00:00, run_after=2022-09-17T00:00:00+00:00
[2022-09-17T10:32:21.675+0000] {processor.py:161} INFO - Processing /home/airflow/.local/lib/python3.7/site-packages/airflow/example_dags/example_branch_operator.py took 0.128 seconds
[2022-09-17T10:32:52.823+0000] {processor.py:153} INFO - Started process (PID=2443) to work on /home/airflow/.local/lib/python3.7/site-packages/airflow/example_dags/example_branch_operator.py
[2022-09-17T10:32:52.826+0000] {processor.py:640} INFO - Processing file /home/airflow/.local/lib/python3.7/site-packages/airflow/example_dags/example_branch_operator.py for tasks to queue
[2022-09-17T10:32:52.828+0000] {logging_mixin.py:115} INFO - [2022-09-17T10:32:52.828+0000] {dagbag.py:508} INFO - Filling up the DagBag from /home/airflow/.local/lib/python3.7/site-packages/airflow/example_dags/example_branch_operator.py
[2022-09-17T10:32:52.855+0000] {processor.py:650} INFO - DAG(s) dict_keys(['example_branch_operator']) retrieved from /home/airflow/.local/lib/python3.7/site-packages/airflow/example_dags/example_branch_operator.py
[2022-09-17T10:32:52.911+0000] {logging_mixin.py:115} INFO - [2022-09-17T10:32:52.911+0000] {dag.py:2429} INFO - Sync 1 DAGs
[2022-09-17T10:32:52.958+0000] {logging_mixin.py:115} INFO - [2022-09-17T10:32:52.958+0000] {dag.py:2981} INFO - Setting next_dagrun for example_branch_operator to 2022-09-16T00:00:00+00:00, run_after=2022-09-17T00:00:00+00:00
[2022-09-17T10:32:52.984+0000] {processor.py:161} INFO - Processing /home/airflow/.local/lib/python3.7/site-packages/airflow/example_dags/example_branch_operator.py took 0.166 seconds
[2022-09-17T10:33:23.385+0000] {processor.py:153} INFO - Started process (PID=2650) to work on /home/airflow/.local/lib/python3.7/site-packages/airflow/example_dags/example_branch_operator.py
[2022-09-17T10:33:23.387+0000] {processor.py:640} INFO - Processing file /home/airflow/.local/lib/python3.7/site-packages/airflow/example_dags/example_branch_operator.py for tasks to queue
[2022-09-17T10:33:23.389+0000] {logging_mixin.py:115} INFO - [2022-09-17T10:33:23.389+0000] {dagbag.py:508} INFO - Filling up the DagBag from /home/airflow/.local/lib/python3.7/site-packages/airflow/example_dags/example_branch_operator.py
[2022-09-17T10:33:23.413+0000] {processor.py:650} INFO - DAG(s) dict_keys(['example_branch_operator']) retrieved from /home/airflow/.local/lib/python3.7/site-packages/airflow/example_dags/example_branch_operator.py
[2022-09-17T10:33:23.454+0000] {logging_mixin.py:115} INFO - [2022-09-17T10:33:23.454+0000] {dag.py:2429} INFO - Sync 1 DAGs
[2022-09-17T10:33:23.488+0000] {logging_mixin.py:115} INFO - [2022-09-17T10:33:23.488+0000] {dag.py:2981} INFO - Setting next_dagrun for example_branch_operator to 2022-09-16T00:00:00+00:00, run_after=2022-09-17T00:00:00+00:00
[2022-09-17T10:33:23.509+0000] {processor.py:161} INFO - Processing /home/airflow/.local/lib/python3.7/site-packages/airflow/example_dags/example_branch_operator.py took 0.128 seconds
