[2022-09-17T10:27:37.936+0000] {processor.py:153} INFO - Started process (PID=333) to work on /home/airflow/.local/lib/python3.7/site-packages/airflow/example_dags/example_task_group_decorator.py
[2022-09-17T10:27:37.944+0000] {processor.py:640} INFO - Processing file /home/airflow/.local/lib/python3.7/site-packages/airflow/example_dags/example_task_group_decorator.py for tasks to queue
[2022-09-17T10:27:37.947+0000] {logging_mixin.py:115} INFO - [2022-09-17T10:27:37.947+0000] {dagbag.py:508} INFO - Filling up the DagBag from /home/airflow/.local/lib/python3.7/site-packages/airflow/example_dags/example_task_group_decorator.py
[2022-09-17T10:27:38.037+0000] {processor.py:650} INFO - DAG(s) dict_keys(['example_task_group_decorator']) retrieved from /home/airflow/.local/lib/python3.7/site-packages/airflow/example_dags/example_task_group_decorator.py
[2022-09-17T10:27:38.158+0000] {logging_mixin.py:115} INFO - [2022-09-17T10:27:38.158+0000] {dag.py:2429} INFO - Sync 1 DAGs
[2022-09-17T10:27:38.199+0000] {logging_mixin.py:115} INFO - [2022-09-17T10:27:38.199+0000] {dag.py:2981} INFO - Setting next_dagrun for example_task_group_decorator to 2022-09-16T10:27:38.198919+00:00, run_after=2022-09-17T10:27:38.198919+00:00
[2022-09-17T10:27:38.242+0000] {processor.py:161} INFO - Processing /home/airflow/.local/lib/python3.7/site-packages/airflow/example_dags/example_task_group_decorator.py took 0.312 seconds
[2022-09-17T10:28:09.879+0000] {processor.py:153} INFO - Started process (PID=554) to work on /home/airflow/.local/lib/python3.7/site-packages/airflow/example_dags/example_task_group_decorator.py
[2022-09-17T10:28:09.883+0000] {processor.py:640} INFO - Processing file /home/airflow/.local/lib/python3.7/site-packages/airflow/example_dags/example_task_group_decorator.py for tasks to queue
[2022-09-17T10:28:09.886+0000] {logging_mixin.py:115} INFO - [2022-09-17T10:28:09.885+0000] {dagbag.py:508} INFO - Filling up the DagBag from /home/airflow/.local/lib/python3.7/site-packages/airflow/example_dags/example_task_group_decorator.py
[2022-09-17T10:28:09.967+0000] {processor.py:650} INFO - DAG(s) dict_keys(['example_task_group_decorator']) retrieved from /home/airflow/.local/lib/python3.7/site-packages/airflow/example_dags/example_task_group_decorator.py
[2022-09-17T10:28:10.167+0000] {logging_mixin.py:115} INFO - [2022-09-17T10:28:10.166+0000] {dag.py:2429} INFO - Sync 1 DAGs
[2022-09-17T10:28:10.256+0000] {logging_mixin.py:115} INFO - [2022-09-17T10:28:10.255+0000] {dag.py:2981} INFO - Setting next_dagrun for example_task_group_decorator to 2022-09-16T10:28:10.254882+00:00, run_after=2022-09-17T10:28:10.254882+00:00
[2022-09-17T10:28:10.303+0000] {processor.py:161} INFO - Processing /home/airflow/.local/lib/python3.7/site-packages/airflow/example_dags/example_task_group_decorator.py took 0.431 seconds
[2022-09-17T10:28:40.657+0000] {processor.py:153} INFO - Started process (PID=759) to work on /home/airflow/.local/lib/python3.7/site-packages/airflow/example_dags/example_task_group_decorator.py
[2022-09-17T10:28:40.661+0000] {processor.py:640} INFO - Processing file /home/airflow/.local/lib/python3.7/site-packages/airflow/example_dags/example_task_group_decorator.py for tasks to queue
[2022-09-17T10:28:40.665+0000] {logging_mixin.py:115} INFO - [2022-09-17T10:28:40.664+0000] {dagbag.py:508} INFO - Filling up the DagBag from /home/airflow/.local/lib/python3.7/site-packages/airflow/example_dags/example_task_group_decorator.py
[2022-09-17T10:28:40.728+0000] {processor.py:650} INFO - DAG(s) dict_keys(['example_task_group_decorator']) retrieved from /home/airflow/.local/lib/python3.7/site-packages/airflow/example_dags/example_task_group_decorator.py
[2022-09-17T10:28:40.885+0000] {logging_mixin.py:115} INFO - [2022-09-17T10:28:40.885+0000] {dag.py:2429} INFO - Sync 1 DAGs
[2022-09-17T10:28:40.927+0000] {logging_mixin.py:115} INFO - [2022-09-17T10:28:40.927+0000] {dag.py:2981} INFO - Setting next_dagrun for example_task_group_decorator to 2022-09-16T10:28:40.927337+00:00, run_after=2022-09-17T10:28:40.927337+00:00
[2022-09-17T10:28:40.967+0000] {processor.py:161} INFO - Processing /home/airflow/.local/lib/python3.7/site-packages/airflow/example_dags/example_task_group_decorator.py took 0.317 seconds
[2022-09-17T10:29:11.910+0000] {processor.py:153} INFO - Started process (PID=964) to work on /home/airflow/.local/lib/python3.7/site-packages/airflow/example_dags/example_task_group_decorator.py
[2022-09-17T10:29:11.914+0000] {processor.py:640} INFO - Processing file /home/airflow/.local/lib/python3.7/site-packages/airflow/example_dags/example_task_group_decorator.py for tasks to queue
[2022-09-17T10:29:11.917+0000] {logging_mixin.py:115} INFO - [2022-09-17T10:29:11.917+0000] {dagbag.py:508} INFO - Filling up the DagBag from /home/airflow/.local/lib/python3.7/site-packages/airflow/example_dags/example_task_group_decorator.py
[2022-09-17T10:29:11.989+0000] {processor.py:650} INFO - DAG(s) dict_keys(['example_task_group_decorator']) retrieved from /home/airflow/.local/lib/python3.7/site-packages/airflow/example_dags/example_task_group_decorator.py
[2022-09-17T10:29:12.060+0000] {logging_mixin.py:115} INFO - [2022-09-17T10:29:12.059+0000] {dag.py:2429} INFO - Sync 1 DAGs
[2022-09-17T10:29:12.138+0000] {logging_mixin.py:115} INFO - [2022-09-17T10:29:12.137+0000] {dag.py:2981} INFO - Setting next_dagrun for example_task_group_decorator to 2022-09-16T10:29:12.137164+00:00, run_after=2022-09-17T10:29:12.137164+00:00
[2022-09-17T10:29:12.173+0000] {processor.py:161} INFO - Processing /home/airflow/.local/lib/python3.7/site-packages/airflow/example_dags/example_task_group_decorator.py took 0.269 seconds
[2022-09-17T10:29:43.064+0000] {processor.py:153} INFO - Started process (PID=1177) to work on /home/airflow/.local/lib/python3.7/site-packages/airflow/example_dags/example_task_group_decorator.py
[2022-09-17T10:29:43.066+0000] {processor.py:640} INFO - Processing file /home/airflow/.local/lib/python3.7/site-packages/airflow/example_dags/example_task_group_decorator.py for tasks to queue
[2022-09-17T10:29:43.068+0000] {logging_mixin.py:115} INFO - [2022-09-17T10:29:43.068+0000] {dagbag.py:508} INFO - Filling up the DagBag from /home/airflow/.local/lib/python3.7/site-packages/airflow/example_dags/example_task_group_decorator.py
[2022-09-17T10:29:43.124+0000] {processor.py:650} INFO - DAG(s) dict_keys(['example_task_group_decorator']) retrieved from /home/airflow/.local/lib/python3.7/site-packages/airflow/example_dags/example_task_group_decorator.py
[2022-09-17T10:29:43.252+0000] {logging_mixin.py:115} INFO - [2022-09-17T10:29:43.251+0000] {dag.py:2429} INFO - Sync 1 DAGs
[2022-09-17T10:29:43.292+0000] {logging_mixin.py:115} INFO - [2022-09-17T10:29:43.292+0000] {dag.py:2981} INFO - Setting next_dagrun for example_task_group_decorator to 2022-09-16T10:29:43.291603+00:00, run_after=2022-09-17T10:29:43.291603+00:00
[2022-09-17T10:29:43.317+0000] {processor.py:161} INFO - Processing /home/airflow/.local/lib/python3.7/site-packages/airflow/example_dags/example_task_group_decorator.py took 0.260 seconds
[2022-09-17T10:30:13.777+0000] {processor.py:153} INFO - Started process (PID=1385) to work on /home/airflow/.local/lib/python3.7/site-packages/airflow/example_dags/example_task_group_decorator.py
[2022-09-17T10:30:13.781+0000] {processor.py:640} INFO - Processing file /home/airflow/.local/lib/python3.7/site-packages/airflow/example_dags/example_task_group_decorator.py for tasks to queue
[2022-09-17T10:30:13.784+0000] {logging_mixin.py:115} INFO - [2022-09-17T10:30:13.784+0000] {dagbag.py:508} INFO - Filling up the DagBag from /home/airflow/.local/lib/python3.7/site-packages/airflow/example_dags/example_task_group_decorator.py
[2022-09-17T10:30:13.847+0000] {processor.py:650} INFO - DAG(s) dict_keys(['example_task_group_decorator']) retrieved from /home/airflow/.local/lib/python3.7/site-packages/airflow/example_dags/example_task_group_decorator.py
[2022-09-17T10:30:13.984+0000] {logging_mixin.py:115} INFO - [2022-09-17T10:30:13.983+0000] {dag.py:2429} INFO - Sync 1 DAGs
[2022-09-17T10:30:14.030+0000] {logging_mixin.py:115} INFO - [2022-09-17T10:30:14.030+0000] {dag.py:2981} INFO - Setting next_dagrun for example_task_group_decorator to 2022-09-16T10:30:14.029388+00:00, run_after=2022-09-17T10:30:14.029388+00:00
[2022-09-17T10:30:14.066+0000] {processor.py:161} INFO - Processing /home/airflow/.local/lib/python3.7/site-packages/airflow/example_dags/example_task_group_decorator.py took 0.294 seconds
[2022-09-17T10:30:44.838+0000] {processor.py:153} INFO - Started process (PID=1596) to work on /home/airflow/.local/lib/python3.7/site-packages/airflow/example_dags/example_task_group_decorator.py
[2022-09-17T10:30:44.840+0000] {processor.py:640} INFO - Processing file /home/airflow/.local/lib/python3.7/site-packages/airflow/example_dags/example_task_group_decorator.py for tasks to queue
[2022-09-17T10:30:44.843+0000] {logging_mixin.py:115} INFO - [2022-09-17T10:30:44.843+0000] {dagbag.py:508} INFO - Filling up the DagBag from /home/airflow/.local/lib/python3.7/site-packages/airflow/example_dags/example_task_group_decorator.py
[2022-09-17T10:30:44.891+0000] {processor.py:650} INFO - DAG(s) dict_keys(['example_task_group_decorator']) retrieved from /home/airflow/.local/lib/python3.7/site-packages/airflow/example_dags/example_task_group_decorator.py
[2022-09-17T10:30:45.019+0000] {logging_mixin.py:115} INFO - [2022-09-17T10:30:45.019+0000] {dag.py:2429} INFO - Sync 1 DAGs
[2022-09-17T10:30:45.055+0000] {logging_mixin.py:115} INFO - [2022-09-17T10:30:45.055+0000] {dag.py:2981} INFO - Setting next_dagrun for example_task_group_decorator to 2022-09-16T10:30:45.054869+00:00, run_after=2022-09-17T10:30:45.054869+00:00
[2022-09-17T10:30:45.078+0000] {processor.py:161} INFO - Processing /home/airflow/.local/lib/python3.7/site-packages/airflow/example_dags/example_task_group_decorator.py took 0.245 seconds
[2022-09-17T10:31:19.527+0000] {processor.py:153} INFO - Started process (PID=1800) to work on /home/airflow/.local/lib/python3.7/site-packages/airflow/example_dags/example_task_group_decorator.py
[2022-09-17T10:31:19.530+0000] {processor.py:640} INFO - Processing file /home/airflow/.local/lib/python3.7/site-packages/airflow/example_dags/example_task_group_decorator.py for tasks to queue
[2022-09-17T10:31:19.532+0000] {logging_mixin.py:115} INFO - [2022-09-17T10:31:19.532+0000] {dagbag.py:508} INFO - Filling up the DagBag from /home/airflow/.local/lib/python3.7/site-packages/airflow/example_dags/example_task_group_decorator.py
[2022-09-17T10:31:19.583+0000] {processor.py:650} INFO - DAG(s) dict_keys(['example_task_group_decorator']) retrieved from /home/airflow/.local/lib/python3.7/site-packages/airflow/example_dags/example_task_group_decorator.py
[2022-09-17T10:31:19.655+0000] {logging_mixin.py:115} INFO - [2022-09-17T10:31:19.655+0000] {dag.py:2429} INFO - Sync 1 DAGs
[2022-09-17T10:31:19.752+0000] {logging_mixin.py:115} INFO - [2022-09-17T10:31:19.750+0000] {dag.py:2981} INFO - Setting next_dagrun for example_task_group_decorator to 2022-09-16T10:31:19.750279+00:00, run_after=2022-09-17T10:31:19.750279+00:00
[2022-09-17T10:31:19.871+0000] {processor.py:161} INFO - Processing /home/airflow/.local/lib/python3.7/site-packages/airflow/example_dags/example_task_group_decorator.py took 0.351 seconds
[2022-09-17T10:31:50.505+0000] {processor.py:153} INFO - Started process (PID=2006) to work on /home/airflow/.local/lib/python3.7/site-packages/airflow/example_dags/example_task_group_decorator.py
[2022-09-17T10:31:50.507+0000] {processor.py:640} INFO - Processing file /home/airflow/.local/lib/python3.7/site-packages/airflow/example_dags/example_task_group_decorator.py for tasks to queue
[2022-09-17T10:31:50.509+0000] {logging_mixin.py:115} INFO - [2022-09-17T10:31:50.509+0000] {dagbag.py:508} INFO - Filling up the DagBag from /home/airflow/.local/lib/python3.7/site-packages/airflow/example_dags/example_task_group_decorator.py
[2022-09-17T10:31:50.556+0000] {processor.py:650} INFO - DAG(s) dict_keys(['example_task_group_decorator']) retrieved from /home/airflow/.local/lib/python3.7/site-packages/airflow/example_dags/example_task_group_decorator.py
[2022-09-17T10:31:50.686+0000] {logging_mixin.py:115} INFO - [2022-09-17T10:31:50.686+0000] {dag.py:2429} INFO - Sync 1 DAGs
[2022-09-17T10:31:50.717+0000] {logging_mixin.py:115} INFO - [2022-09-17T10:31:50.717+0000] {dag.py:2981} INFO - Setting next_dagrun for example_task_group_decorator to 2022-09-16T10:31:50.717386+00:00, run_after=2022-09-17T10:31:50.717386+00:00
[2022-09-17T10:31:50.742+0000] {processor.py:161} INFO - Processing /home/airflow/.local/lib/python3.7/site-packages/airflow/example_dags/example_task_group_decorator.py took 0.242 seconds
[2022-09-17T10:32:21.345+0000] {processor.py:153} INFO - Started process (PID=2219) to work on /home/airflow/.local/lib/python3.7/site-packages/airflow/example_dags/example_task_group_decorator.py
[2022-09-17T10:32:21.347+0000] {processor.py:640} INFO - Processing file /home/airflow/.local/lib/python3.7/site-packages/airflow/example_dags/example_task_group_decorator.py for tasks to queue
[2022-09-17T10:32:21.349+0000] {logging_mixin.py:115} INFO - [2022-09-17T10:32:21.349+0000] {dagbag.py:508} INFO - Filling up the DagBag from /home/airflow/.local/lib/python3.7/site-packages/airflow/example_dags/example_task_group_decorator.py
[2022-09-17T10:32:21.394+0000] {processor.py:650} INFO - DAG(s) dict_keys(['example_task_group_decorator']) retrieved from /home/airflow/.local/lib/python3.7/site-packages/airflow/example_dags/example_task_group_decorator.py
[2022-09-17T10:32:21.491+0000] {logging_mixin.py:115} INFO - [2022-09-17T10:32:21.491+0000] {dag.py:2429} INFO - Sync 1 DAGs
[2022-09-17T10:32:21.521+0000] {logging_mixin.py:115} INFO - [2022-09-17T10:32:21.521+0000] {dag.py:2981} INFO - Setting next_dagrun for example_task_group_decorator to 2022-09-16T10:32:21.521299+00:00, run_after=2022-09-17T10:32:21.521299+00:00
[2022-09-17T10:32:21.546+0000] {processor.py:161} INFO - Processing /home/airflow/.local/lib/python3.7/site-packages/airflow/example_dags/example_task_group_decorator.py took 0.206 seconds
[2022-09-17T10:32:52.556+0000] {processor.py:153} INFO - Started process (PID=2433) to work on /home/airflow/.local/lib/python3.7/site-packages/airflow/example_dags/example_task_group_decorator.py
[2022-09-17T10:32:52.558+0000] {processor.py:640} INFO - Processing file /home/airflow/.local/lib/python3.7/site-packages/airflow/example_dags/example_task_group_decorator.py for tasks to queue
[2022-09-17T10:32:52.561+0000] {logging_mixin.py:115} INFO - [2022-09-17T10:32:52.561+0000] {dagbag.py:508} INFO - Filling up the DagBag from /home/airflow/.local/lib/python3.7/site-packages/airflow/example_dags/example_task_group_decorator.py
[2022-09-17T10:32:52.629+0000] {processor.py:650} INFO - DAG(s) dict_keys(['example_task_group_decorator']) retrieved from /home/airflow/.local/lib/python3.7/site-packages/airflow/example_dags/example_task_group_decorator.py
[2022-09-17T10:32:52.763+0000] {logging_mixin.py:115} INFO - [2022-09-17T10:32:52.763+0000] {dag.py:2429} INFO - Sync 1 DAGs
[2022-09-17T10:32:52.807+0000] {logging_mixin.py:115} INFO - [2022-09-17T10:32:52.806+0000] {dag.py:2981} INFO - Setting next_dagrun for example_task_group_decorator to 2022-09-16T10:32:52.806617+00:00, run_after=2022-09-17T10:32:52.806617+00:00
[2022-09-17T10:32:53.021+0000] {processor.py:161} INFO - Processing /home/airflow/.local/lib/python3.7/site-packages/airflow/example_dags/example_task_group_decorator.py took 0.471 seconds
[2022-09-17T10:33:23.197+0000] {processor.py:153} INFO - Started process (PID=2640) to work on /home/airflow/.local/lib/python3.7/site-packages/airflow/example_dags/example_task_group_decorator.py
[2022-09-17T10:33:23.199+0000] {processor.py:640} INFO - Processing file /home/airflow/.local/lib/python3.7/site-packages/airflow/example_dags/example_task_group_decorator.py for tasks to queue
[2022-09-17T10:33:23.201+0000] {logging_mixin.py:115} INFO - [2022-09-17T10:33:23.200+0000] {dagbag.py:508} INFO - Filling up the DagBag from /home/airflow/.local/lib/python3.7/site-packages/airflow/example_dags/example_task_group_decorator.py
[2022-09-17T10:33:23.246+0000] {processor.py:650} INFO - DAG(s) dict_keys(['example_task_group_decorator']) retrieved from /home/airflow/.local/lib/python3.7/site-packages/airflow/example_dags/example_task_group_decorator.py
[2022-09-17T10:33:23.361+0000] {logging_mixin.py:115} INFO - [2022-09-17T10:33:23.361+0000] {dag.py:2429} INFO - Sync 1 DAGs
[2022-09-17T10:33:23.395+0000] {logging_mixin.py:115} INFO - [2022-09-17T10:33:23.395+0000] {dag.py:2981} INFO - Setting next_dagrun for example_task_group_decorator to 2022-09-16T10:33:23.394936+00:00, run_after=2022-09-17T10:33:23.394936+00:00
[2022-09-17T10:33:23.588+0000] {processor.py:161} INFO - Processing /home/airflow/.local/lib/python3.7/site-packages/airflow/example_dags/example_task_group_decorator.py took 0.397 seconds
