[2022-09-17T10:27:33.967+0000] {processor.py:153} INFO - Started process (PID=221) to work on /home/airflow/.local/lib/python3.7/site-packages/airflow/example_dags/example_branch_python_dop_operator_3.py
[2022-09-17T10:27:33.975+0000] {processor.py:640} INFO - Processing file /home/airflow/.local/lib/python3.7/site-packages/airflow/example_dags/example_branch_python_dop_operator_3.py for tasks to queue
[2022-09-17T10:27:33.980+0000] {logging_mixin.py:115} INFO - [2022-09-17T10:27:33.979+0000] {dagbag.py:508} INFO - Filling up the DagBag from /home/airflow/.local/lib/python3.7/site-packages/airflow/example_dags/example_branch_python_dop_operator_3.py
[2022-09-17T10:27:34.016+0000] {processor.py:650} INFO - DAG(s) dict_keys(['example_branch_dop_operator_v3']) retrieved from /home/airflow/.local/lib/python3.7/site-packages/airflow/example_dags/example_branch_python_dop_operator_3.py
[2022-09-17T10:27:34.148+0000] {logging_mixin.py:115} INFO - [2022-09-17T10:27:34.148+0000] {dag.py:2429} INFO - Sync 1 DAGs
[2022-09-17T10:27:34.327+0000] {logging_mixin.py:115} INFO - [2022-09-17T10:27:34.327+0000] {dag.py:2981} INFO - Setting next_dagrun for example_branch_dop_operator_v3 to 2022-09-17T10:26:00+00:00, run_after=2022-09-17T10:27:00+00:00
[2022-09-17T10:27:34.393+0000] {processor.py:161} INFO - Processing /home/airflow/.local/lib/python3.7/site-packages/airflow/example_dags/example_branch_python_dop_operator_3.py took 0.436 seconds
[2022-09-17T10:28:04.769+0000] {processor.py:153} INFO - Started process (PID=435) to work on /home/airflow/.local/lib/python3.7/site-packages/airflow/example_dags/example_branch_python_dop_operator_3.py
[2022-09-17T10:28:04.773+0000] {processor.py:640} INFO - Processing file /home/airflow/.local/lib/python3.7/site-packages/airflow/example_dags/example_branch_python_dop_operator_3.py for tasks to queue
[2022-09-17T10:28:04.775+0000] {logging_mixin.py:115} INFO - [2022-09-17T10:28:04.775+0000] {dagbag.py:508} INFO - Filling up the DagBag from /home/airflow/.local/lib/python3.7/site-packages/airflow/example_dags/example_branch_python_dop_operator_3.py
[2022-09-17T10:28:04.802+0000] {processor.py:650} INFO - DAG(s) dict_keys(['example_branch_dop_operator_v3']) retrieved from /home/airflow/.local/lib/python3.7/site-packages/airflow/example_dags/example_branch_python_dop_operator_3.py
[2022-09-17T10:28:04.867+0000] {logging_mixin.py:115} INFO - [2022-09-17T10:28:04.866+0000] {dag.py:2429} INFO - Sync 1 DAGs
[2022-09-17T10:28:04.917+0000] {logging_mixin.py:115} INFO - [2022-09-17T10:28:04.917+0000] {dag.py:2981} INFO - Setting next_dagrun for example_branch_dop_operator_v3 to 2022-09-17T10:27:00+00:00, run_after=2022-09-17T10:28:00+00:00
[2022-09-17T10:28:04.936+0000] {processor.py:161} INFO - Processing /home/airflow/.local/lib/python3.7/site-packages/airflow/example_dags/example_branch_python_dop_operator_3.py took 0.173 seconds
[2022-09-17T10:28:36.586+0000] {processor.py:153} INFO - Started process (PID=649) to work on /home/airflow/.local/lib/python3.7/site-packages/airflow/example_dags/example_branch_python_dop_operator_3.py
[2022-09-17T10:28:36.592+0000] {processor.py:640} INFO - Processing file /home/airflow/.local/lib/python3.7/site-packages/airflow/example_dags/example_branch_python_dop_operator_3.py for tasks to queue
[2022-09-17T10:28:36.597+0000] {logging_mixin.py:115} INFO - [2022-09-17T10:28:36.597+0000] {dagbag.py:508} INFO - Filling up the DagBag from /home/airflow/.local/lib/python3.7/site-packages/airflow/example_dags/example_branch_python_dop_operator_3.py
[2022-09-17T10:28:36.631+0000] {processor.py:650} INFO - DAG(s) dict_keys(['example_branch_dop_operator_v3']) retrieved from /home/airflow/.local/lib/python3.7/site-packages/airflow/example_dags/example_branch_python_dop_operator_3.py
[2022-09-17T10:28:36.736+0000] {logging_mixin.py:115} INFO - [2022-09-17T10:28:36.736+0000] {dag.py:2429} INFO - Sync 1 DAGs
[2022-09-17T10:28:36.856+0000] {logging_mixin.py:115} INFO - [2022-09-17T10:28:36.855+0000] {dag.py:2981} INFO - Setting next_dagrun for example_branch_dop_operator_v3 to 2022-09-17T10:27:00+00:00, run_after=2022-09-17T10:28:00+00:00
[2022-09-17T10:28:36.903+0000] {processor.py:161} INFO - Processing /home/airflow/.local/lib/python3.7/site-packages/airflow/example_dags/example_branch_python_dop_operator_3.py took 0.323 seconds
[2022-09-17T10:29:07.553+0000] {processor.py:153} INFO - Started process (PID=854) to work on /home/airflow/.local/lib/python3.7/site-packages/airflow/example_dags/example_branch_python_dop_operator_3.py
[2022-09-17T10:29:07.557+0000] {processor.py:640} INFO - Processing file /home/airflow/.local/lib/python3.7/site-packages/airflow/example_dags/example_branch_python_dop_operator_3.py for tasks to queue
[2022-09-17T10:29:07.559+0000] {logging_mixin.py:115} INFO - [2022-09-17T10:29:07.559+0000] {dagbag.py:508} INFO - Filling up the DagBag from /home/airflow/.local/lib/python3.7/site-packages/airflow/example_dags/example_branch_python_dop_operator_3.py
[2022-09-17T10:29:07.582+0000] {processor.py:650} INFO - DAG(s) dict_keys(['example_branch_dop_operator_v3']) retrieved from /home/airflow/.local/lib/python3.7/site-packages/airflow/example_dags/example_branch_python_dop_operator_3.py
[2022-09-17T10:29:07.638+0000] {logging_mixin.py:115} INFO - [2022-09-17T10:29:07.638+0000] {dag.py:2429} INFO - Sync 1 DAGs
[2022-09-17T10:29:07.691+0000] {logging_mixin.py:115} INFO - [2022-09-17T10:29:07.691+0000] {dag.py:2981} INFO - Setting next_dagrun for example_branch_dop_operator_v3 to 2022-09-17T10:28:00+00:00, run_after=2022-09-17T10:29:00+00:00
[2022-09-17T10:29:07.720+0000] {processor.py:161} INFO - Processing /home/airflow/.local/lib/python3.7/site-packages/airflow/example_dags/example_branch_python_dop_operator_3.py took 0.172 seconds
[2022-09-17T10:29:38.972+0000] {processor.py:153} INFO - Started process (PID=1067) to work on /home/airflow/.local/lib/python3.7/site-packages/airflow/example_dags/example_branch_python_dop_operator_3.py
[2022-09-17T10:29:38.975+0000] {processor.py:640} INFO - Processing file /home/airflow/.local/lib/python3.7/site-packages/airflow/example_dags/example_branch_python_dop_operator_3.py for tasks to queue
[2022-09-17T10:29:38.977+0000] {logging_mixin.py:115} INFO - [2022-09-17T10:29:38.977+0000] {dagbag.py:508} INFO - Filling up the DagBag from /home/airflow/.local/lib/python3.7/site-packages/airflow/example_dags/example_branch_python_dop_operator_3.py
[2022-09-17T10:29:39.002+0000] {processor.py:650} INFO - DAG(s) dict_keys(['example_branch_dop_operator_v3']) retrieved from /home/airflow/.local/lib/python3.7/site-packages/airflow/example_dags/example_branch_python_dop_operator_3.py
[2022-09-17T10:29:39.055+0000] {logging_mixin.py:115} INFO - [2022-09-17T10:29:39.053+0000] {dag.py:2429} INFO - Sync 1 DAGs
[2022-09-17T10:29:39.102+0000] {logging_mixin.py:115} INFO - [2022-09-17T10:29:39.101+0000] {dag.py:2981} INFO - Setting next_dagrun for example_branch_dop_operator_v3 to 2022-09-17T10:28:00+00:00, run_after=2022-09-17T10:29:00+00:00
[2022-09-17T10:29:39.124+0000] {processor.py:161} INFO - Processing /home/airflow/.local/lib/python3.7/site-packages/airflow/example_dags/example_branch_python_dop_operator_3.py took 0.159 seconds
[2022-09-17T10:30:10.128+0000] {processor.py:153} INFO - Started process (PID=1273) to work on /home/airflow/.local/lib/python3.7/site-packages/airflow/example_dags/example_branch_python_dop_operator_3.py
[2022-09-17T10:30:10.131+0000] {processor.py:640} INFO - Processing file /home/airflow/.local/lib/python3.7/site-packages/airflow/example_dags/example_branch_python_dop_operator_3.py for tasks to queue
[2022-09-17T10:30:10.133+0000] {logging_mixin.py:115} INFO - [2022-09-17T10:30:10.133+0000] {dagbag.py:508} INFO - Filling up the DagBag from /home/airflow/.local/lib/python3.7/site-packages/airflow/example_dags/example_branch_python_dop_operator_3.py
[2022-09-17T10:30:10.157+0000] {processor.py:650} INFO - DAG(s) dict_keys(['example_branch_dop_operator_v3']) retrieved from /home/airflow/.local/lib/python3.7/site-packages/airflow/example_dags/example_branch_python_dop_operator_3.py
[2022-09-17T10:30:10.219+0000] {logging_mixin.py:115} INFO - [2022-09-17T10:30:10.219+0000] {dag.py:2429} INFO - Sync 1 DAGs
[2022-09-17T10:30:10.277+0000] {logging_mixin.py:115} INFO - [2022-09-17T10:30:10.277+0000] {dag.py:2981} INFO - Setting next_dagrun for example_branch_dop_operator_v3 to 2022-09-17T10:29:00+00:00, run_after=2022-09-17T10:30:00+00:00
[2022-09-17T10:30:10.302+0000] {processor.py:161} INFO - Processing /home/airflow/.local/lib/python3.7/site-packages/airflow/example_dags/example_branch_python_dop_operator_3.py took 0.181 seconds
[2022-09-17T10:30:41.030+0000] {processor.py:153} INFO - Started process (PID=1478) to work on /home/airflow/.local/lib/python3.7/site-packages/airflow/example_dags/example_branch_python_dop_operator_3.py
[2022-09-17T10:30:41.031+0000] {processor.py:640} INFO - Processing file /home/airflow/.local/lib/python3.7/site-packages/airflow/example_dags/example_branch_python_dop_operator_3.py for tasks to queue
[2022-09-17T10:30:41.033+0000] {logging_mixin.py:115} INFO - [2022-09-17T10:30:41.033+0000] {dagbag.py:508} INFO - Filling up the DagBag from /home/airflow/.local/lib/python3.7/site-packages/airflow/example_dags/example_branch_python_dop_operator_3.py
[2022-09-17T10:30:41.047+0000] {processor.py:650} INFO - DAG(s) dict_keys(['example_branch_dop_operator_v3']) retrieved from /home/airflow/.local/lib/python3.7/site-packages/airflow/example_dags/example_branch_python_dop_operator_3.py
[2022-09-17T10:30:41.103+0000] {logging_mixin.py:115} INFO - [2022-09-17T10:30:41.103+0000] {dag.py:2429} INFO - Sync 1 DAGs
[2022-09-17T10:30:41.158+0000] {logging_mixin.py:115} INFO - [2022-09-17T10:30:41.158+0000] {dag.py:2981} INFO - Setting next_dagrun for example_branch_dop_operator_v3 to 2022-09-17T10:29:00+00:00, run_after=2022-09-17T10:30:00+00:00
[2022-09-17T10:30:41.178+0000] {processor.py:161} INFO - Processing /home/airflow/.local/lib/python3.7/site-packages/airflow/example_dags/example_branch_python_dop_operator_3.py took 0.153 seconds
[2022-09-17T10:31:14.585+0000] {processor.py:153} INFO - Started process (PID=1690) to work on /home/airflow/.local/lib/python3.7/site-packages/airflow/example_dags/example_branch_python_dop_operator_3.py
[2022-09-17T10:31:14.589+0000] {processor.py:640} INFO - Processing file /home/airflow/.local/lib/python3.7/site-packages/airflow/example_dags/example_branch_python_dop_operator_3.py for tasks to queue
[2022-09-17T10:31:14.593+0000] {logging_mixin.py:115} INFO - [2022-09-17T10:31:14.593+0000] {dagbag.py:508} INFO - Filling up the DagBag from /home/airflow/.local/lib/python3.7/site-packages/airflow/example_dags/example_branch_python_dop_operator_3.py
[2022-09-17T10:31:14.635+0000] {processor.py:650} INFO - DAG(s) dict_keys(['example_branch_dop_operator_v3']) retrieved from /home/airflow/.local/lib/python3.7/site-packages/airflow/example_dags/example_branch_python_dop_operator_3.py
[2022-09-17T10:31:14.734+0000] {logging_mixin.py:115} INFO - [2022-09-17T10:31:14.734+0000] {dag.py:2429} INFO - Sync 1 DAGs
[2022-09-17T10:31:14.843+0000] {logging_mixin.py:115} INFO - [2022-09-17T10:31:14.842+0000] {dag.py:2981} INFO - Setting next_dagrun for example_branch_dop_operator_v3 to 2022-09-17T10:30:00+00:00, run_after=2022-09-17T10:31:00+00:00
[2022-09-17T10:31:14.875+0000] {processor.py:161} INFO - Processing /home/airflow/.local/lib/python3.7/site-packages/airflow/example_dags/example_branch_python_dop_operator_3.py took 0.308 seconds
[2022-09-17T10:31:44.929+0000] {processor.py:153} INFO - Started process (PID=1891) to work on /home/airflow/.local/lib/python3.7/site-packages/airflow/example_dags/example_branch_python_dop_operator_3.py
[2022-09-17T10:31:44.931+0000] {processor.py:640} INFO - Processing file /home/airflow/.local/lib/python3.7/site-packages/airflow/example_dags/example_branch_python_dop_operator_3.py for tasks to queue
[2022-09-17T10:31:44.934+0000] {logging_mixin.py:115} INFO - [2022-09-17T10:31:44.934+0000] {dagbag.py:508} INFO - Filling up the DagBag from /home/airflow/.local/lib/python3.7/site-packages/airflow/example_dags/example_branch_python_dop_operator_3.py
[2022-09-17T10:31:44.951+0000] {processor.py:650} INFO - DAG(s) dict_keys(['example_branch_dop_operator_v3']) retrieved from /home/airflow/.local/lib/python3.7/site-packages/airflow/example_dags/example_branch_python_dop_operator_3.py
[2022-09-17T10:31:45.013+0000] {logging_mixin.py:115} INFO - [2022-09-17T10:31:45.013+0000] {dag.py:2429} INFO - Sync 1 DAGs
[2022-09-17T10:31:45.069+0000] {logging_mixin.py:115} INFO - [2022-09-17T10:31:45.068+0000] {dag.py:2981} INFO - Setting next_dagrun for example_branch_dop_operator_v3 to 2022-09-17T10:30:00+00:00, run_after=2022-09-17T10:31:00+00:00
[2022-09-17T10:31:45.093+0000] {processor.py:161} INFO - Processing /home/airflow/.local/lib/python3.7/site-packages/airflow/example_dags/example_branch_python_dop_operator_3.py took 0.169 seconds
[2022-09-17T10:32:16.020+0000] {processor.py:153} INFO - Started process (PID=2109) to work on /home/airflow/.local/lib/python3.7/site-packages/airflow/example_dags/example_branch_python_dop_operator_3.py
[2022-09-17T10:32:16.023+0000] {processor.py:640} INFO - Processing file /home/airflow/.local/lib/python3.7/site-packages/airflow/example_dags/example_branch_python_dop_operator_3.py for tasks to queue
[2022-09-17T10:32:16.026+0000] {logging_mixin.py:115} INFO - [2022-09-17T10:32:16.025+0000] {dagbag.py:508} INFO - Filling up the DagBag from /home/airflow/.local/lib/python3.7/site-packages/airflow/example_dags/example_branch_python_dop_operator_3.py
[2022-09-17T10:32:16.042+0000] {processor.py:650} INFO - DAG(s) dict_keys(['example_branch_dop_operator_v3']) retrieved from /home/airflow/.local/lib/python3.7/site-packages/airflow/example_dags/example_branch_python_dop_operator_3.py
[2022-09-17T10:32:16.116+0000] {logging_mixin.py:115} INFO - [2022-09-17T10:32:16.115+0000] {dag.py:2429} INFO - Sync 1 DAGs
[2022-09-17T10:32:16.160+0000] {logging_mixin.py:115} INFO - [2022-09-17T10:32:16.160+0000] {dag.py:2981} INFO - Setting next_dagrun for example_branch_dop_operator_v3 to 2022-09-17T10:31:00+00:00, run_after=2022-09-17T10:32:00+00:00
[2022-09-17T10:32:16.181+0000] {processor.py:161} INFO - Processing /home/airflow/.local/lib/python3.7/site-packages/airflow/example_dags/example_branch_python_dop_operator_3.py took 0.167 seconds
[2022-09-17T10:32:46.865+0000] {processor.py:153} INFO - Started process (PID=2314) to work on /home/airflow/.local/lib/python3.7/site-packages/airflow/example_dags/example_branch_python_dop_operator_3.py
[2022-09-17T10:32:46.867+0000] {processor.py:640} INFO - Processing file /home/airflow/.local/lib/python3.7/site-packages/airflow/example_dags/example_branch_python_dop_operator_3.py for tasks to queue
[2022-09-17T10:32:46.869+0000] {logging_mixin.py:115} INFO - [2022-09-17T10:32:46.869+0000] {dagbag.py:508} INFO - Filling up the DagBag from /home/airflow/.local/lib/python3.7/site-packages/airflow/example_dags/example_branch_python_dop_operator_3.py
[2022-09-17T10:32:46.890+0000] {processor.py:650} INFO - DAG(s) dict_keys(['example_branch_dop_operator_v3']) retrieved from /home/airflow/.local/lib/python3.7/site-packages/airflow/example_dags/example_branch_python_dop_operator_3.py
[2022-09-17T10:32:46.938+0000] {logging_mixin.py:115} INFO - [2022-09-17T10:32:46.938+0000] {dag.py:2429} INFO - Sync 1 DAGs
[2022-09-17T10:32:46.997+0000] {logging_mixin.py:115} INFO - [2022-09-17T10:32:46.997+0000] {dag.py:2981} INFO - Setting next_dagrun for example_branch_dop_operator_v3 to 2022-09-17T10:31:00+00:00, run_after=2022-09-17T10:32:00+00:00
[2022-09-17T10:32:47.025+0000] {processor.py:161} INFO - Processing /home/airflow/.local/lib/python3.7/site-packages/airflow/example_dags/example_branch_python_dop_operator_3.py took 0.167 seconds
[2022-09-17T10:33:17.629+0000] {processor.py:153} INFO - Started process (PID=2529) to work on /home/airflow/.local/lib/python3.7/site-packages/airflow/example_dags/example_branch_python_dop_operator_3.py
[2022-09-17T10:33:17.632+0000] {processor.py:640} INFO - Processing file /home/airflow/.local/lib/python3.7/site-packages/airflow/example_dags/example_branch_python_dop_operator_3.py for tasks to queue
[2022-09-17T10:33:17.635+0000] {logging_mixin.py:115} INFO - [2022-09-17T10:33:17.634+0000] {dagbag.py:508} INFO - Filling up the DagBag from /home/airflow/.local/lib/python3.7/site-packages/airflow/example_dags/example_branch_python_dop_operator_3.py
[2022-09-17T10:33:17.657+0000] {processor.py:650} INFO - DAG(s) dict_keys(['example_branch_dop_operator_v3']) retrieved from /home/airflow/.local/lib/python3.7/site-packages/airflow/example_dags/example_branch_python_dop_operator_3.py
[2022-09-17T10:33:17.703+0000] {logging_mixin.py:115} INFO - [2022-09-17T10:33:17.703+0000] {dag.py:2429} INFO - Sync 1 DAGs
[2022-09-17T10:33:17.752+0000] {logging_mixin.py:115} INFO - [2022-09-17T10:33:17.751+0000] {dag.py:2981} INFO - Setting next_dagrun for example_branch_dop_operator_v3 to 2022-09-17T10:32:00+00:00, run_after=2022-09-17T10:33:00+00:00
[2022-09-17T10:33:17.770+0000] {processor.py:161} INFO - Processing /home/airflow/.local/lib/python3.7/site-packages/airflow/example_dags/example_branch_python_dop_operator_3.py took 0.148 seconds
