[2022-09-17T10:27:37.272+0000] {processor.py:153} INFO - Started process (PID=328) to work on /home/airflow/.local/lib/python3.7/site-packages/airflow/example_dags/example_time_delta_sensor_async.py
[2022-09-17T10:27:37.274+0000] {processor.py:640} INFO - Processing file /home/airflow/.local/lib/python3.7/site-packages/airflow/example_dags/example_time_delta_sensor_async.py for tasks to queue
[2022-09-17T10:27:37.275+0000] {logging_mixin.py:115} INFO - [2022-09-17T10:27:37.275+0000] {dagbag.py:508} INFO - Filling up the DagBag from /home/airflow/.local/lib/python3.7/site-packages/airflow/example_dags/example_time_delta_sensor_async.py
[2022-09-17T10:27:37.283+0000] {processor.py:650} INFO - DAG(s) dict_keys(['example_time_delta_sensor_async']) retrieved from /home/airflow/.local/lib/python3.7/site-packages/airflow/example_dags/example_time_delta_sensor_async.py
[2022-09-17T10:27:37.752+0000] {logging_mixin.py:115} INFO - [2022-09-17T10:27:37.752+0000] {dag.py:2429} INFO - Sync 1 DAGs
[2022-09-17T10:27:37.832+0000] {logging_mixin.py:115} INFO - [2022-09-17T10:27:37.831+0000] {dag.py:2981} INFO - Setting next_dagrun for example_time_delta_sensor_async to None, run_after=None
[2022-09-17T10:27:37.861+0000] {processor.py:161} INFO - Processing /home/airflow/.local/lib/python3.7/site-packages/airflow/example_dags/example_time_delta_sensor_async.py took 0.593 seconds
[2022-09-17T10:28:09.304+0000] {processor.py:153} INFO - Started process (PID=549) to work on /home/airflow/.local/lib/python3.7/site-packages/airflow/example_dags/example_time_delta_sensor_async.py
[2022-09-17T10:28:09.308+0000] {processor.py:640} INFO - Processing file /home/airflow/.local/lib/python3.7/site-packages/airflow/example_dags/example_time_delta_sensor_async.py for tasks to queue
[2022-09-17T10:28:09.313+0000] {logging_mixin.py:115} INFO - [2022-09-17T10:28:09.312+0000] {dagbag.py:508} INFO - Filling up the DagBag from /home/airflow/.local/lib/python3.7/site-packages/airflow/example_dags/example_time_delta_sensor_async.py
[2022-09-17T10:28:09.328+0000] {processor.py:650} INFO - DAG(s) dict_keys(['example_time_delta_sensor_async']) retrieved from /home/airflow/.local/lib/python3.7/site-packages/airflow/example_dags/example_time_delta_sensor_async.py
[2022-09-17T10:28:09.758+0000] {logging_mixin.py:115} INFO - [2022-09-17T10:28:09.758+0000] {dag.py:2429} INFO - Sync 1 DAGs
[2022-09-17T10:28:09.804+0000] {logging_mixin.py:115} INFO - [2022-09-17T10:28:09.804+0000] {dag.py:2981} INFO - Setting next_dagrun for example_time_delta_sensor_async to None, run_after=None
[2022-09-17T10:28:09.836+0000] {processor.py:161} INFO - Processing /home/airflow/.local/lib/python3.7/site-packages/airflow/example_dags/example_time_delta_sensor_async.py took 0.541 seconds
[2022-09-17T10:28:40.223+0000] {processor.py:153} INFO - Started process (PID=754) to work on /home/airflow/.local/lib/python3.7/site-packages/airflow/example_dags/example_time_delta_sensor_async.py
[2022-09-17T10:28:40.227+0000] {processor.py:640} INFO - Processing file /home/airflow/.local/lib/python3.7/site-packages/airflow/example_dags/example_time_delta_sensor_async.py for tasks to queue
[2022-09-17T10:28:40.229+0000] {logging_mixin.py:115} INFO - [2022-09-17T10:28:40.229+0000] {dagbag.py:508} INFO - Filling up the DagBag from /home/airflow/.local/lib/python3.7/site-packages/airflow/example_dags/example_time_delta_sensor_async.py
[2022-09-17T10:28:40.239+0000] {processor.py:650} INFO - DAG(s) dict_keys(['example_time_delta_sensor_async']) retrieved from /home/airflow/.local/lib/python3.7/site-packages/airflow/example_dags/example_time_delta_sensor_async.py
[2022-09-17T10:28:40.665+0000] {logging_mixin.py:115} INFO - [2022-09-17T10:28:40.665+0000] {dag.py:2429} INFO - Sync 1 DAGs
[2022-09-17T10:28:40.719+0000] {logging_mixin.py:115} INFO - [2022-09-17T10:28:40.719+0000] {dag.py:2981} INFO - Setting next_dagrun for example_time_delta_sensor_async to None, run_after=None
[2022-09-17T10:28:40.744+0000] {processor.py:161} INFO - Processing /home/airflow/.local/lib/python3.7/site-packages/airflow/example_dags/example_time_delta_sensor_async.py took 0.527 seconds
[2022-09-17T10:29:11.398+0000] {processor.py:153} INFO - Started process (PID=959) to work on /home/airflow/.local/lib/python3.7/site-packages/airflow/example_dags/example_time_delta_sensor_async.py
[2022-09-17T10:29:11.410+0000] {processor.py:640} INFO - Processing file /home/airflow/.local/lib/python3.7/site-packages/airflow/example_dags/example_time_delta_sensor_async.py for tasks to queue
[2022-09-17T10:29:11.421+0000] {logging_mixin.py:115} INFO - [2022-09-17T10:29:11.420+0000] {dagbag.py:508} INFO - Filling up the DagBag from /home/airflow/.local/lib/python3.7/site-packages/airflow/example_dags/example_time_delta_sensor_async.py
[2022-09-17T10:29:11.442+0000] {processor.py:650} INFO - DAG(s) dict_keys(['example_time_delta_sensor_async']) retrieved from /home/airflow/.local/lib/python3.7/site-packages/airflow/example_dags/example_time_delta_sensor_async.py
[2022-09-17T10:29:11.954+0000] {logging_mixin.py:115} INFO - [2022-09-17T10:29:11.954+0000] {dag.py:2429} INFO - Sync 1 DAGs
[2022-09-17T10:29:12.007+0000] {logging_mixin.py:115} INFO - [2022-09-17T10:29:12.006+0000] {dag.py:2981} INFO - Setting next_dagrun for example_time_delta_sensor_async to None, run_after=None
[2022-09-17T10:29:12.041+0000] {processor.py:161} INFO - Processing /home/airflow/.local/lib/python3.7/site-packages/airflow/example_dags/example_time_delta_sensor_async.py took 0.651 seconds
[2022-09-17T10:29:42.585+0000] {processor.py:153} INFO - Started process (PID=1172) to work on /home/airflow/.local/lib/python3.7/site-packages/airflow/example_dags/example_time_delta_sensor_async.py
[2022-09-17T10:29:42.592+0000] {processor.py:640} INFO - Processing file /home/airflow/.local/lib/python3.7/site-packages/airflow/example_dags/example_time_delta_sensor_async.py for tasks to queue
[2022-09-17T10:29:42.594+0000] {logging_mixin.py:115} INFO - [2022-09-17T10:29:42.594+0000] {dagbag.py:508} INFO - Filling up the DagBag from /home/airflow/.local/lib/python3.7/site-packages/airflow/example_dags/example_time_delta_sensor_async.py
[2022-09-17T10:29:42.605+0000] {processor.py:650} INFO - DAG(s) dict_keys(['example_time_delta_sensor_async']) retrieved from /home/airflow/.local/lib/python3.7/site-packages/airflow/example_dags/example_time_delta_sensor_async.py
[2022-09-17T10:29:42.948+0000] {logging_mixin.py:115} INFO - [2022-09-17T10:29:42.948+0000] {dag.py:2429} INFO - Sync 1 DAGs
[2022-09-17T10:29:42.992+0000] {logging_mixin.py:115} INFO - [2022-09-17T10:29:42.992+0000] {dag.py:2981} INFO - Setting next_dagrun for example_time_delta_sensor_async to None, run_after=None
[2022-09-17T10:29:43.017+0000] {processor.py:161} INFO - Processing /home/airflow/.local/lib/python3.7/site-packages/airflow/example_dags/example_time_delta_sensor_async.py took 0.439 seconds
[2022-09-17T10:30:13.275+0000] {processor.py:153} INFO - Started process (PID=1378) to work on /home/airflow/.local/lib/python3.7/site-packages/airflow/example_dags/example_time_delta_sensor_async.py
[2022-09-17T10:30:13.278+0000] {processor.py:640} INFO - Processing file /home/airflow/.local/lib/python3.7/site-packages/airflow/example_dags/example_time_delta_sensor_async.py for tasks to queue
[2022-09-17T10:30:13.281+0000] {logging_mixin.py:115} INFO - [2022-09-17T10:30:13.280+0000] {dagbag.py:508} INFO - Filling up the DagBag from /home/airflow/.local/lib/python3.7/site-packages/airflow/example_dags/example_time_delta_sensor_async.py
[2022-09-17T10:30:13.291+0000] {processor.py:650} INFO - DAG(s) dict_keys(['example_time_delta_sensor_async']) retrieved from /home/airflow/.local/lib/python3.7/site-packages/airflow/example_dags/example_time_delta_sensor_async.py
[2022-09-17T10:30:13.659+0000] {logging_mixin.py:115} INFO - [2022-09-17T10:30:13.658+0000] {dag.py:2429} INFO - Sync 1 DAGs
[2022-09-17T10:30:13.706+0000] {logging_mixin.py:115} INFO - [2022-09-17T10:30:13.706+0000] {dag.py:2981} INFO - Setting next_dagrun for example_time_delta_sensor_async to None, run_after=None
[2022-09-17T10:30:13.735+0000] {processor.py:161} INFO - Processing /home/airflow/.local/lib/python3.7/site-packages/airflow/example_dags/example_time_delta_sensor_async.py took 0.466 seconds
[2022-09-17T10:30:44.462+0000] {processor.py:153} INFO - Started process (PID=1590) to work on /home/airflow/.local/lib/python3.7/site-packages/airflow/example_dags/example_time_delta_sensor_async.py
[2022-09-17T10:30:44.464+0000] {processor.py:640} INFO - Processing file /home/airflow/.local/lib/python3.7/site-packages/airflow/example_dags/example_time_delta_sensor_async.py for tasks to queue
[2022-09-17T10:30:44.466+0000] {logging_mixin.py:115} INFO - [2022-09-17T10:30:44.466+0000] {dagbag.py:508} INFO - Filling up the DagBag from /home/airflow/.local/lib/python3.7/site-packages/airflow/example_dags/example_time_delta_sensor_async.py
[2022-09-17T10:30:44.475+0000] {processor.py:650} INFO - DAG(s) dict_keys(['example_time_delta_sensor_async']) retrieved from /home/airflow/.local/lib/python3.7/site-packages/airflow/example_dags/example_time_delta_sensor_async.py
[2022-09-17T10:30:44.745+0000] {logging_mixin.py:115} INFO - [2022-09-17T10:30:44.745+0000] {dag.py:2429} INFO - Sync 1 DAGs
[2022-09-17T10:30:44.774+0000] {logging_mixin.py:115} INFO - [2022-09-17T10:30:44.774+0000] {dag.py:2981} INFO - Setting next_dagrun for example_time_delta_sensor_async to None, run_after=None
[2022-09-17T10:30:44.798+0000] {processor.py:161} INFO - Processing /home/airflow/.local/lib/python3.7/site-packages/airflow/example_dags/example_time_delta_sensor_async.py took 0.343 seconds
[2022-09-17T10:31:18.953+0000] {processor.py:153} INFO - Started process (PID=1795) to work on /home/airflow/.local/lib/python3.7/site-packages/airflow/example_dags/example_time_delta_sensor_async.py
[2022-09-17T10:31:18.955+0000] {processor.py:640} INFO - Processing file /home/airflow/.local/lib/python3.7/site-packages/airflow/example_dags/example_time_delta_sensor_async.py for tasks to queue
[2022-09-17T10:31:18.958+0000] {logging_mixin.py:115} INFO - [2022-09-17T10:31:18.957+0000] {dagbag.py:508} INFO - Filling up the DagBag from /home/airflow/.local/lib/python3.7/site-packages/airflow/example_dags/example_time_delta_sensor_async.py
[2022-09-17T10:31:18.967+0000] {processor.py:650} INFO - DAG(s) dict_keys(['example_time_delta_sensor_async']) retrieved from /home/airflow/.local/lib/python3.7/site-packages/airflow/example_dags/example_time_delta_sensor_async.py
[2022-09-17T10:31:19.483+0000] {logging_mixin.py:115} INFO - [2022-09-17T10:31:19.482+0000] {dag.py:2429} INFO - Sync 1 DAGs
[2022-09-17T10:31:19.538+0000] {logging_mixin.py:115} INFO - [2022-09-17T10:31:19.538+0000] {dag.py:2981} INFO - Setting next_dagrun for example_time_delta_sensor_async to None, run_after=None
[2022-09-17T10:31:19.559+0000] {processor.py:161} INFO - Processing /home/airflow/.local/lib/python3.7/site-packages/airflow/example_dags/example_time_delta_sensor_async.py took 0.612 seconds
[2022-09-17T10:31:50.079+0000] {processor.py:153} INFO - Started process (PID=2001) to work on /home/airflow/.local/lib/python3.7/site-packages/airflow/example_dags/example_time_delta_sensor_async.py
[2022-09-17T10:31:50.081+0000] {processor.py:640} INFO - Processing file /home/airflow/.local/lib/python3.7/site-packages/airflow/example_dags/example_time_delta_sensor_async.py for tasks to queue
[2022-09-17T10:31:50.083+0000] {logging_mixin.py:115} INFO - [2022-09-17T10:31:50.083+0000] {dagbag.py:508} INFO - Filling up the DagBag from /home/airflow/.local/lib/python3.7/site-packages/airflow/example_dags/example_time_delta_sensor_async.py
[2022-09-17T10:31:50.091+0000] {processor.py:650} INFO - DAG(s) dict_keys(['example_time_delta_sensor_async']) retrieved from /home/airflow/.local/lib/python3.7/site-packages/airflow/example_dags/example_time_delta_sensor_async.py
[2022-09-17T10:31:50.409+0000] {logging_mixin.py:115} INFO - [2022-09-17T10:31:50.409+0000] {dag.py:2429} INFO - Sync 1 DAGs
[2022-09-17T10:31:50.441+0000] {logging_mixin.py:115} INFO - [2022-09-17T10:31:50.441+0000] {dag.py:2981} INFO - Setting next_dagrun for example_time_delta_sensor_async to None, run_after=None
[2022-09-17T10:31:50.459+0000] {processor.py:161} INFO - Processing /home/airflow/.local/lib/python3.7/site-packages/airflow/example_dags/example_time_delta_sensor_async.py took 0.386 seconds
[2022-09-17T10:32:20.952+0000] {processor.py:153} INFO - Started process (PID=2214) to work on /home/airflow/.local/lib/python3.7/site-packages/airflow/example_dags/example_time_delta_sensor_async.py
[2022-09-17T10:32:20.956+0000] {processor.py:640} INFO - Processing file /home/airflow/.local/lib/python3.7/site-packages/airflow/example_dags/example_time_delta_sensor_async.py for tasks to queue
[2022-09-17T10:32:20.958+0000] {logging_mixin.py:115} INFO - [2022-09-17T10:32:20.958+0000] {dagbag.py:508} INFO - Filling up the DagBag from /home/airflow/.local/lib/python3.7/site-packages/airflow/example_dags/example_time_delta_sensor_async.py
[2022-09-17T10:32:20.966+0000] {processor.py:650} INFO - DAG(s) dict_keys(['example_time_delta_sensor_async']) retrieved from /home/airflow/.local/lib/python3.7/site-packages/airflow/example_dags/example_time_delta_sensor_async.py
[2022-09-17T10:32:21.224+0000] {logging_mixin.py:115} INFO - [2022-09-17T10:32:21.224+0000] {dag.py:2429} INFO - Sync 1 DAGs
[2022-09-17T10:32:21.272+0000] {logging_mixin.py:115} INFO - [2022-09-17T10:32:21.271+0000] {dag.py:2981} INFO - Setting next_dagrun for example_time_delta_sensor_async to None, run_after=None
[2022-09-17T10:32:21.299+0000] {processor.py:161} INFO - Processing /home/airflow/.local/lib/python3.7/site-packages/airflow/example_dags/example_time_delta_sensor_async.py took 0.352 seconds
[2022-09-17T10:32:52.087+0000] {processor.py:153} INFO - Started process (PID=2428) to work on /home/airflow/.local/lib/python3.7/site-packages/airflow/example_dags/example_time_delta_sensor_async.py
[2022-09-17T10:32:52.090+0000] {processor.py:640} INFO - Processing file /home/airflow/.local/lib/python3.7/site-packages/airflow/example_dags/example_time_delta_sensor_async.py for tasks to queue
[2022-09-17T10:32:52.092+0000] {logging_mixin.py:115} INFO - [2022-09-17T10:32:52.092+0000] {dagbag.py:508} INFO - Filling up the DagBag from /home/airflow/.local/lib/python3.7/site-packages/airflow/example_dags/example_time_delta_sensor_async.py
[2022-09-17T10:32:52.102+0000] {processor.py:650} INFO - DAG(s) dict_keys(['example_time_delta_sensor_async']) retrieved from /home/airflow/.local/lib/python3.7/site-packages/airflow/example_dags/example_time_delta_sensor_async.py
[2022-09-17T10:32:52.424+0000] {logging_mixin.py:115} INFO - [2022-09-17T10:32:52.424+0000] {dag.py:2429} INFO - Sync 1 DAGs
[2022-09-17T10:32:52.470+0000] {logging_mixin.py:115} INFO - [2022-09-17T10:32:52.469+0000] {dag.py:2981} INFO - Setting next_dagrun for example_time_delta_sensor_async to None, run_after=None
[2022-09-17T10:32:52.502+0000] {processor.py:161} INFO - Processing /home/airflow/.local/lib/python3.7/site-packages/airflow/example_dags/example_time_delta_sensor_async.py took 0.423 seconds
[2022-09-17T10:33:22.806+0000] {processor.py:153} INFO - Started process (PID=2635) to work on /home/airflow/.local/lib/python3.7/site-packages/airflow/example_dags/example_time_delta_sensor_async.py
[2022-09-17T10:33:22.814+0000] {processor.py:640} INFO - Processing file /home/airflow/.local/lib/python3.7/site-packages/airflow/example_dags/example_time_delta_sensor_async.py for tasks to queue
[2022-09-17T10:33:22.815+0000] {logging_mixin.py:115} INFO - [2022-09-17T10:33:22.815+0000] {dagbag.py:508} INFO - Filling up the DagBag from /home/airflow/.local/lib/python3.7/site-packages/airflow/example_dags/example_time_delta_sensor_async.py
[2022-09-17T10:33:22.823+0000] {processor.py:650} INFO - DAG(s) dict_keys(['example_time_delta_sensor_async']) retrieved from /home/airflow/.local/lib/python3.7/site-packages/airflow/example_dags/example_time_delta_sensor_async.py
[2022-09-17T10:33:23.103+0000] {logging_mixin.py:115} INFO - [2022-09-17T10:33:23.102+0000] {dag.py:2429} INFO - Sync 1 DAGs
[2022-09-17T10:33:23.136+0000] {logging_mixin.py:115} INFO - [2022-09-17T10:33:23.136+0000] {dag.py:2981} INFO - Setting next_dagrun for example_time_delta_sensor_async to None, run_after=None
[2022-09-17T10:33:23.155+0000] {processor.py:161} INFO - Processing /home/airflow/.local/lib/python3.7/site-packages/airflow/example_dags/example_time_delta_sensor_async.py took 0.353 seconds
