[2022-09-17T10:27:35.334+0000] {processor.py:153} INFO - Started process (PID=248) to work on /home/airflow/.local/lib/python3.7/site-packages/airflow/example_dags/example_short_circuit_operator.py
[2022-09-17T10:27:35.337+0000] {processor.py:640} INFO - Processing file /home/airflow/.local/lib/python3.7/site-packages/airflow/example_dags/example_short_circuit_operator.py for tasks to queue
[2022-09-17T10:27:35.339+0000] {logging_mixin.py:115} INFO - [2022-09-17T10:27:35.338+0000] {dagbag.py:508} INFO - Filling up the DagBag from /home/airflow/.local/lib/python3.7/site-packages/airflow/example_dags/example_short_circuit_operator.py
[2022-09-17T10:27:35.356+0000] {processor.py:650} INFO - DAG(s) dict_keys(['example_short_circuit_operator']) retrieved from /home/airflow/.local/lib/python3.7/site-packages/airflow/example_dags/example_short_circuit_operator.py
[2022-09-17T10:27:35.417+0000] {logging_mixin.py:115} INFO - [2022-09-17T10:27:35.417+0000] {dag.py:2429} INFO - Sync 1 DAGs
[2022-09-17T10:27:35.454+0000] {logging_mixin.py:115} INFO - [2022-09-17T10:27:35.454+0000] {dag.py:2981} INFO - Setting next_dagrun for example_short_circuit_operator to 2022-09-16T10:27:35.453872+00:00, run_after=2022-09-17T10:27:35.453872+00:00
[2022-09-17T10:27:35.471+0000] {processor.py:161} INFO - Processing /home/airflow/.local/lib/python3.7/site-packages/airflow/example_dags/example_short_circuit_operator.py took 0.142 seconds
[2022-09-17T10:28:06.556+0000] {processor.py:153} INFO - Started process (PID=460) to work on /home/airflow/.local/lib/python3.7/site-packages/airflow/example_dags/example_short_circuit_operator.py
[2022-09-17T10:28:06.562+0000] {processor.py:640} INFO - Processing file /home/airflow/.local/lib/python3.7/site-packages/airflow/example_dags/example_short_circuit_operator.py for tasks to queue
[2022-09-17T10:28:06.565+0000] {logging_mixin.py:115} INFO - [2022-09-17T10:28:06.565+0000] {dagbag.py:508} INFO - Filling up the DagBag from /home/airflow/.local/lib/python3.7/site-packages/airflow/example_dags/example_short_circuit_operator.py
[2022-09-17T10:28:06.585+0000] {processor.py:650} INFO - DAG(s) dict_keys(['example_short_circuit_operator']) retrieved from /home/airflow/.local/lib/python3.7/site-packages/airflow/example_dags/example_short_circuit_operator.py
[2022-09-17T10:28:06.656+0000] {logging_mixin.py:115} INFO - [2022-09-17T10:28:06.656+0000] {dag.py:2429} INFO - Sync 1 DAGs
[2022-09-17T10:28:06.723+0000] {logging_mixin.py:115} INFO - [2022-09-17T10:28:06.721+0000] {dag.py:2981} INFO - Setting next_dagrun for example_short_circuit_operator to 2022-09-16T10:28:06.720981+00:00, run_after=2022-09-17T10:28:06.720981+00:00
[2022-09-17T10:28:06.761+0000] {processor.py:161} INFO - Processing /home/airflow/.local/lib/python3.7/site-packages/airflow/example_dags/example_short_circuit_operator.py took 0.212 seconds
[2022-09-17T10:28:37.854+0000] {processor.py:153} INFO - Started process (PID=676) to work on /home/airflow/.local/lib/python3.7/site-packages/airflow/example_dags/example_short_circuit_operator.py
[2022-09-17T10:28:37.857+0000] {processor.py:640} INFO - Processing file /home/airflow/.local/lib/python3.7/site-packages/airflow/example_dags/example_short_circuit_operator.py for tasks to queue
[2022-09-17T10:28:37.860+0000] {logging_mixin.py:115} INFO - [2022-09-17T10:28:37.860+0000] {dagbag.py:508} INFO - Filling up the DagBag from /home/airflow/.local/lib/python3.7/site-packages/airflow/example_dags/example_short_circuit_operator.py
[2022-09-17T10:28:37.878+0000] {processor.py:650} INFO - DAG(s) dict_keys(['example_short_circuit_operator']) retrieved from /home/airflow/.local/lib/python3.7/site-packages/airflow/example_dags/example_short_circuit_operator.py
[2022-09-17T10:28:37.935+0000] {logging_mixin.py:115} INFO - [2022-09-17T10:28:37.935+0000] {dag.py:2429} INFO - Sync 1 DAGs
[2022-09-17T10:28:37.979+0000] {logging_mixin.py:115} INFO - [2022-09-17T10:28:37.979+0000] {dag.py:2981} INFO - Setting next_dagrun for example_short_circuit_operator to 2022-09-16T10:28:37.978637+00:00, run_after=2022-09-17T10:28:37.978637+00:00
[2022-09-17T10:28:38.009+0000] {processor.py:161} INFO - Processing /home/airflow/.local/lib/python3.7/site-packages/airflow/example_dags/example_short_circuit_operator.py took 0.161 seconds
[2022-09-17T10:29:08.286+0000] {processor.py:153} INFO - Started process (PID=879) to work on /home/airflow/.local/lib/python3.7/site-packages/airflow/example_dags/example_short_circuit_operator.py
[2022-09-17T10:29:08.288+0000] {processor.py:640} INFO - Processing file /home/airflow/.local/lib/python3.7/site-packages/airflow/example_dags/example_short_circuit_operator.py for tasks to queue
[2022-09-17T10:29:08.290+0000] {logging_mixin.py:115} INFO - [2022-09-17T10:29:08.290+0000] {dagbag.py:508} INFO - Filling up the DagBag from /home/airflow/.local/lib/python3.7/site-packages/airflow/example_dags/example_short_circuit_operator.py
[2022-09-17T10:29:08.309+0000] {processor.py:650} INFO - DAG(s) dict_keys(['example_short_circuit_operator']) retrieved from /home/airflow/.local/lib/python3.7/site-packages/airflow/example_dags/example_short_circuit_operator.py
[2022-09-17T10:29:08.375+0000] {logging_mixin.py:115} INFO - [2022-09-17T10:29:08.375+0000] {dag.py:2429} INFO - Sync 1 DAGs
[2022-09-17T10:29:08.428+0000] {logging_mixin.py:115} INFO - [2022-09-17T10:29:08.427+0000] {dag.py:2981} INFO - Setting next_dagrun for example_short_circuit_operator to 2022-09-16T10:29:08.426433+00:00, run_after=2022-09-17T10:29:08.426433+00:00
[2022-09-17T10:29:08.453+0000] {processor.py:161} INFO - Processing /home/airflow/.local/lib/python3.7/site-packages/airflow/example_dags/example_short_circuit_operator.py took 0.173 seconds
[2022-09-17T10:29:39.611+0000] {processor.py:153} INFO - Started process (PID=1092) to work on /home/airflow/.local/lib/python3.7/site-packages/airflow/example_dags/example_short_circuit_operator.py
[2022-09-17T10:29:39.614+0000] {processor.py:640} INFO - Processing file /home/airflow/.local/lib/python3.7/site-packages/airflow/example_dags/example_short_circuit_operator.py for tasks to queue
[2022-09-17T10:29:39.616+0000] {logging_mixin.py:115} INFO - [2022-09-17T10:29:39.616+0000] {dagbag.py:508} INFO - Filling up the DagBag from /home/airflow/.local/lib/python3.7/site-packages/airflow/example_dags/example_short_circuit_operator.py
[2022-09-17T10:29:39.634+0000] {processor.py:650} INFO - DAG(s) dict_keys(['example_short_circuit_operator']) retrieved from /home/airflow/.local/lib/python3.7/site-packages/airflow/example_dags/example_short_circuit_operator.py
[2022-09-17T10:29:39.688+0000] {logging_mixin.py:115} INFO - [2022-09-17T10:29:39.688+0000] {dag.py:2429} INFO - Sync 1 DAGs
[2022-09-17T10:29:39.720+0000] {logging_mixin.py:115} INFO - [2022-09-17T10:29:39.720+0000] {dag.py:2981} INFO - Setting next_dagrun for example_short_circuit_operator to 2022-09-16T10:29:39.720122+00:00, run_after=2022-09-17T10:29:39.720122+00:00
[2022-09-17T10:29:39.741+0000] {processor.py:161} INFO - Processing /home/airflow/.local/lib/python3.7/site-packages/airflow/example_dags/example_short_circuit_operator.py took 0.136 seconds
[2022-09-17T10:30:10.766+0000] {processor.py:153} INFO - Started process (PID=1298) to work on /home/airflow/.local/lib/python3.7/site-packages/airflow/example_dags/example_short_circuit_operator.py
[2022-09-17T10:30:10.769+0000] {processor.py:640} INFO - Processing file /home/airflow/.local/lib/python3.7/site-packages/airflow/example_dags/example_short_circuit_operator.py for tasks to queue
[2022-09-17T10:30:10.771+0000] {logging_mixin.py:115} INFO - [2022-09-17T10:30:10.771+0000] {dagbag.py:508} INFO - Filling up the DagBag from /home/airflow/.local/lib/python3.7/site-packages/airflow/example_dags/example_short_circuit_operator.py
[2022-09-17T10:30:10.792+0000] {processor.py:650} INFO - DAG(s) dict_keys(['example_short_circuit_operator']) retrieved from /home/airflow/.local/lib/python3.7/site-packages/airflow/example_dags/example_short_circuit_operator.py
[2022-09-17T10:30:10.858+0000] {logging_mixin.py:115} INFO - [2022-09-17T10:30:10.857+0000] {dag.py:2429} INFO - Sync 1 DAGs
[2022-09-17T10:30:10.904+0000] {logging_mixin.py:115} INFO - [2022-09-17T10:30:10.904+0000] {dag.py:2981} INFO - Setting next_dagrun for example_short_circuit_operator to 2022-09-16T10:30:10.903755+00:00, run_after=2022-09-17T10:30:10.903755+00:00
[2022-09-17T10:30:10.933+0000] {processor.py:161} INFO - Processing /home/airflow/.local/lib/python3.7/site-packages/airflow/example_dags/example_short_circuit_operator.py took 0.174 seconds
[2022-09-17T10:30:41.629+0000] {processor.py:153} INFO - Started process (PID=1509) to work on /home/airflow/.local/lib/python3.7/site-packages/airflow/example_dags/example_short_circuit_operator.py
[2022-09-17T10:30:41.631+0000] {processor.py:640} INFO - Processing file /home/airflow/.local/lib/python3.7/site-packages/airflow/example_dags/example_short_circuit_operator.py for tasks to queue
[2022-09-17T10:30:41.633+0000] {logging_mixin.py:115} INFO - [2022-09-17T10:30:41.633+0000] {dagbag.py:508} INFO - Filling up the DagBag from /home/airflow/.local/lib/python3.7/site-packages/airflow/example_dags/example_short_circuit_operator.py
[2022-09-17T10:30:41.648+0000] {processor.py:650} INFO - DAG(s) dict_keys(['example_short_circuit_operator']) retrieved from /home/airflow/.local/lib/python3.7/site-packages/airflow/example_dags/example_short_circuit_operator.py
[2022-09-17T10:30:41.698+0000] {logging_mixin.py:115} INFO - [2022-09-17T10:30:41.698+0000] {dag.py:2429} INFO - Sync 1 DAGs
[2022-09-17T10:30:41.731+0000] {logging_mixin.py:115} INFO - [2022-09-17T10:30:41.731+0000] {dag.py:2981} INFO - Setting next_dagrun for example_short_circuit_operator to 2022-09-16T10:30:41.731456+00:00, run_after=2022-09-17T10:30:41.731456+00:00
[2022-09-17T10:30:41.753+0000] {processor.py:161} INFO - Processing /home/airflow/.local/lib/python3.7/site-packages/airflow/example_dags/example_short_circuit_operator.py took 0.130 seconds
[2022-09-17T10:31:15.760+0000] {processor.py:153} INFO - Started process (PID=1717) to work on /home/airflow/.local/lib/python3.7/site-packages/airflow/example_dags/example_short_circuit_operator.py
[2022-09-17T10:31:15.763+0000] {processor.py:640} INFO - Processing file /home/airflow/.local/lib/python3.7/site-packages/airflow/example_dags/example_short_circuit_operator.py for tasks to queue
[2022-09-17T10:31:15.766+0000] {logging_mixin.py:115} INFO - [2022-09-17T10:31:15.766+0000] {dagbag.py:508} INFO - Filling up the DagBag from /home/airflow/.local/lib/python3.7/site-packages/airflow/example_dags/example_short_circuit_operator.py
[2022-09-17T10:31:15.790+0000] {processor.py:650} INFO - DAG(s) dict_keys(['example_short_circuit_operator']) retrieved from /home/airflow/.local/lib/python3.7/site-packages/airflow/example_dags/example_short_circuit_operator.py
[2022-09-17T10:31:15.838+0000] {logging_mixin.py:115} INFO - [2022-09-17T10:31:15.838+0000] {dag.py:2429} INFO - Sync 1 DAGs
[2022-09-17T10:31:15.876+0000] {logging_mixin.py:115} INFO - [2022-09-17T10:31:15.876+0000] {dag.py:2981} INFO - Setting next_dagrun for example_short_circuit_operator to 2022-09-16T10:31:15.875483+00:00, run_after=2022-09-17T10:31:15.875483+00:00
[2022-09-17T10:31:15.901+0000] {processor.py:161} INFO - Processing /home/airflow/.local/lib/python3.7/site-packages/airflow/example_dags/example_short_circuit_operator.py took 0.150 seconds
[2022-09-17T10:31:46.522+0000] {processor.py:153} INFO - Started process (PID=1921) to work on /home/airflow/.local/lib/python3.7/site-packages/airflow/example_dags/example_short_circuit_operator.py
[2022-09-17T10:31:46.524+0000] {processor.py:640} INFO - Processing file /home/airflow/.local/lib/python3.7/site-packages/airflow/example_dags/example_short_circuit_operator.py for tasks to queue
[2022-09-17T10:31:46.526+0000] {logging_mixin.py:115} INFO - [2022-09-17T10:31:46.526+0000] {dagbag.py:508} INFO - Filling up the DagBag from /home/airflow/.local/lib/python3.7/site-packages/airflow/example_dags/example_short_circuit_operator.py
[2022-09-17T10:31:46.542+0000] {processor.py:650} INFO - DAG(s) dict_keys(['example_short_circuit_operator']) retrieved from /home/airflow/.local/lib/python3.7/site-packages/airflow/example_dags/example_short_circuit_operator.py
[2022-09-17T10:31:46.589+0000] {logging_mixin.py:115} INFO - [2022-09-17T10:31:46.588+0000] {dag.py:2429} INFO - Sync 1 DAGs
[2022-09-17T10:31:46.625+0000] {logging_mixin.py:115} INFO - [2022-09-17T10:31:46.625+0000] {dag.py:2981} INFO - Setting next_dagrun for example_short_circuit_operator to 2022-09-16T10:31:46.624835+00:00, run_after=2022-09-17T10:31:46.624835+00:00
[2022-09-17T10:31:46.646+0000] {processor.py:161} INFO - Processing /home/airflow/.local/lib/python3.7/site-packages/airflow/example_dags/example_short_circuit_operator.py took 0.130 seconds
[2022-09-17T10:32:17.494+0000] {processor.py:153} INFO - Started process (PID=2134) to work on /home/airflow/.local/lib/python3.7/site-packages/airflow/example_dags/example_short_circuit_operator.py
[2022-09-17T10:32:17.497+0000] {processor.py:640} INFO - Processing file /home/airflow/.local/lib/python3.7/site-packages/airflow/example_dags/example_short_circuit_operator.py for tasks to queue
[2022-09-17T10:32:17.500+0000] {logging_mixin.py:115} INFO - [2022-09-17T10:32:17.499+0000] {dagbag.py:508} INFO - Filling up the DagBag from /home/airflow/.local/lib/python3.7/site-packages/airflow/example_dags/example_short_circuit_operator.py
[2022-09-17T10:32:17.519+0000] {processor.py:650} INFO - DAG(s) dict_keys(['example_short_circuit_operator']) retrieved from /home/airflow/.local/lib/python3.7/site-packages/airflow/example_dags/example_short_circuit_operator.py
[2022-09-17T10:32:17.571+0000] {logging_mixin.py:115} INFO - [2022-09-17T10:32:17.570+0000] {dag.py:2429} INFO - Sync 1 DAGs
[2022-09-17T10:32:17.611+0000] {logging_mixin.py:115} INFO - [2022-09-17T10:32:17.611+0000] {dag.py:2981} INFO - Setting next_dagrun for example_short_circuit_operator to 2022-09-16T10:32:17.611263+00:00, run_after=2022-09-17T10:32:17.611263+00:00
[2022-09-17T10:32:17.651+0000] {processor.py:161} INFO - Processing /home/airflow/.local/lib/python3.7/site-packages/airflow/example_dags/example_short_circuit_operator.py took 0.164 seconds
[2022-09-17T10:32:48.389+0000] {processor.py:153} INFO - Started process (PID=2339) to work on /home/airflow/.local/lib/python3.7/site-packages/airflow/example_dags/example_short_circuit_operator.py
[2022-09-17T10:32:48.391+0000] {processor.py:640} INFO - Processing file /home/airflow/.local/lib/python3.7/site-packages/airflow/example_dags/example_short_circuit_operator.py for tasks to queue
[2022-09-17T10:32:48.393+0000] {logging_mixin.py:115} INFO - [2022-09-17T10:32:48.393+0000] {dagbag.py:508} INFO - Filling up the DagBag from /home/airflow/.local/lib/python3.7/site-packages/airflow/example_dags/example_short_circuit_operator.py
[2022-09-17T10:32:48.411+0000] {processor.py:650} INFO - DAG(s) dict_keys(['example_short_circuit_operator']) retrieved from /home/airflow/.local/lib/python3.7/site-packages/airflow/example_dags/example_short_circuit_operator.py
[2022-09-17T10:32:48.453+0000] {logging_mixin.py:115} INFO - [2022-09-17T10:32:48.452+0000] {dag.py:2429} INFO - Sync 1 DAGs
[2022-09-17T10:32:48.497+0000] {logging_mixin.py:115} INFO - [2022-09-17T10:32:48.497+0000] {dag.py:2981} INFO - Setting next_dagrun for example_short_circuit_operator to 2022-09-16T10:32:48.496646+00:00, run_after=2022-09-17T10:32:48.496646+00:00
[2022-09-17T10:32:48.517+0000] {processor.py:161} INFO - Processing /home/airflow/.local/lib/python3.7/site-packages/airflow/example_dags/example_short_circuit_operator.py took 0.133 seconds
[2022-09-17T10:33:19.126+0000] {processor.py:153} INFO - Started process (PID=2555) to work on /home/airflow/.local/lib/python3.7/site-packages/airflow/example_dags/example_short_circuit_operator.py
[2022-09-17T10:33:19.128+0000] {processor.py:640} INFO - Processing file /home/airflow/.local/lib/python3.7/site-packages/airflow/example_dags/example_short_circuit_operator.py for tasks to queue
[2022-09-17T10:33:19.129+0000] {logging_mixin.py:115} INFO - [2022-09-17T10:33:19.129+0000] {dagbag.py:508} INFO - Filling up the DagBag from /home/airflow/.local/lib/python3.7/site-packages/airflow/example_dags/example_short_circuit_operator.py
[2022-09-17T10:33:19.149+0000] {processor.py:650} INFO - DAG(s) dict_keys(['example_short_circuit_operator']) retrieved from /home/airflow/.local/lib/python3.7/site-packages/airflow/example_dags/example_short_circuit_operator.py
[2022-09-17T10:33:19.194+0000] {logging_mixin.py:115} INFO - [2022-09-17T10:33:19.194+0000] {dag.py:2429} INFO - Sync 1 DAGs
[2022-09-17T10:33:19.228+0000] {logging_mixin.py:115} INFO - [2022-09-17T10:33:19.228+0000] {dag.py:2981} INFO - Setting next_dagrun for example_short_circuit_operator to 2022-09-16T10:33:19.227724+00:00, run_after=2022-09-17T10:33:19.227724+00:00
[2022-09-17T10:33:19.247+0000] {processor.py:161} INFO - Processing /home/airflow/.local/lib/python3.7/site-packages/airflow/example_dags/example_short_circuit_operator.py took 0.126 seconds
