[2022-09-17T10:27:35.101+0000] {processor.py:153} INFO - Started process (PID=240) to work on /home/airflow/.local/lib/python3.7/site-packages/airflow/example_dags/example_skip_dag.py
[2022-09-17T10:27:35.108+0000] {processor.py:640} INFO - Processing file /home/airflow/.local/lib/python3.7/site-packages/airflow/example_dags/example_skip_dag.py for tasks to queue
[2022-09-17T10:27:35.120+0000] {logging_mixin.py:115} INFO - [2022-09-17T10:27:35.119+0000] {dagbag.py:508} INFO - Filling up the DagBag from /home/airflow/.local/lib/python3.7/site-packages/airflow/example_dags/example_skip_dag.py
[2022-09-17T10:27:35.146+0000] {processor.py:650} INFO - DAG(s) dict_keys(['example_skip_dag']) retrieved from /home/airflow/.local/lib/python3.7/site-packages/airflow/example_dags/example_skip_dag.py
[2022-09-17T10:27:35.230+0000] {logging_mixin.py:115} INFO - [2022-09-17T10:27:35.230+0000] {dag.py:2429} INFO - Sync 1 DAGs
[2022-09-17T10:27:35.263+0000] {logging_mixin.py:115} INFO - [2022-09-17T10:27:35.263+0000] {dag.py:2981} INFO - Setting next_dagrun for example_skip_dag to 2022-09-16T10:27:35.262776+00:00, run_after=2022-09-17T10:27:35.262776+00:00
[2022-09-17T10:27:35.280+0000] {processor.py:161} INFO - Processing /home/airflow/.local/lib/python3.7/site-packages/airflow/example_dags/example_skip_dag.py took 0.185 seconds
[2022-09-17T10:28:06.261+0000] {processor.py:153} INFO - Started process (PID=450) to work on /home/airflow/.local/lib/python3.7/site-packages/airflow/example_dags/example_skip_dag.py
[2022-09-17T10:28:06.267+0000] {processor.py:640} INFO - Processing file /home/airflow/.local/lib/python3.7/site-packages/airflow/example_dags/example_skip_dag.py for tasks to queue
[2022-09-17T10:28:06.270+0000] {logging_mixin.py:115} INFO - [2022-09-17T10:28:06.270+0000] {dagbag.py:508} INFO - Filling up the DagBag from /home/airflow/.local/lib/python3.7/site-packages/airflow/example_dags/example_skip_dag.py
[2022-09-17T10:28:06.287+0000] {processor.py:650} INFO - DAG(s) dict_keys(['example_skip_dag']) retrieved from /home/airflow/.local/lib/python3.7/site-packages/airflow/example_dags/example_skip_dag.py
[2022-09-17T10:28:06.394+0000] {logging_mixin.py:115} INFO - [2022-09-17T10:28:06.394+0000] {dag.py:2429} INFO - Sync 1 DAGs
[2022-09-17T10:28:06.455+0000] {logging_mixin.py:115} INFO - [2022-09-17T10:28:06.455+0000] {dag.py:2981} INFO - Setting next_dagrun for example_skip_dag to 2022-09-16T10:28:06.454946+00:00, run_after=2022-09-17T10:28:06.454946+00:00
[2022-09-17T10:28:06.492+0000] {processor.py:161} INFO - Processing /home/airflow/.local/lib/python3.7/site-packages/airflow/example_dags/example_skip_dag.py took 0.238 seconds
[2022-09-17T10:28:37.317+0000] {processor.py:153} INFO - Started process (PID=663) to work on /home/airflow/.local/lib/python3.7/site-packages/airflow/example_dags/example_skip_dag.py
[2022-09-17T10:28:37.322+0000] {processor.py:640} INFO - Processing file /home/airflow/.local/lib/python3.7/site-packages/airflow/example_dags/example_skip_dag.py for tasks to queue
[2022-09-17T10:28:37.325+0000] {logging_mixin.py:115} INFO - [2022-09-17T10:28:37.325+0000] {dagbag.py:508} INFO - Filling up the DagBag from /home/airflow/.local/lib/python3.7/site-packages/airflow/example_dags/example_skip_dag.py
[2022-09-17T10:28:37.338+0000] {processor.py:650} INFO - DAG(s) dict_keys(['example_skip_dag']) retrieved from /home/airflow/.local/lib/python3.7/site-packages/airflow/example_dags/example_skip_dag.py
[2022-09-17T10:28:37.426+0000] {logging_mixin.py:115} INFO - [2022-09-17T10:28:37.425+0000] {dag.py:2429} INFO - Sync 1 DAGs
[2022-09-17T10:28:37.492+0000] {logging_mixin.py:115} INFO - [2022-09-17T10:28:37.491+0000] {dag.py:2981} INFO - Setting next_dagrun for example_skip_dag to 2022-09-16T10:28:37.489582+00:00, run_after=2022-09-17T10:28:37.489582+00:00
[2022-09-17T10:28:37.536+0000] {processor.py:161} INFO - Processing /home/airflow/.local/lib/python3.7/site-packages/airflow/example_dags/example_skip_dag.py took 0.226 seconds
[2022-09-17T10:29:08.023+0000] {processor.py:153} INFO - Started process (PID=869) to work on /home/airflow/.local/lib/python3.7/site-packages/airflow/example_dags/example_skip_dag.py
[2022-09-17T10:29:08.029+0000] {processor.py:640} INFO - Processing file /home/airflow/.local/lib/python3.7/site-packages/airflow/example_dags/example_skip_dag.py for tasks to queue
[2022-09-17T10:29:08.033+0000] {logging_mixin.py:115} INFO - [2022-09-17T10:29:08.032+0000] {dagbag.py:508} INFO - Filling up the DagBag from /home/airflow/.local/lib/python3.7/site-packages/airflow/example_dags/example_skip_dag.py
[2022-09-17T10:29:08.046+0000] {processor.py:650} INFO - DAG(s) dict_keys(['example_skip_dag']) retrieved from /home/airflow/.local/lib/python3.7/site-packages/airflow/example_dags/example_skip_dag.py
[2022-09-17T10:29:08.145+0000] {logging_mixin.py:115} INFO - [2022-09-17T10:29:08.144+0000] {dag.py:2429} INFO - Sync 1 DAGs
[2022-09-17T10:29:08.202+0000] {logging_mixin.py:115} INFO - [2022-09-17T10:29:08.202+0000] {dag.py:2981} INFO - Setting next_dagrun for example_skip_dag to 2022-09-16T10:29:08.202046+00:00, run_after=2022-09-17T10:29:08.202046+00:00
[2022-09-17T10:29:08.230+0000] {processor.py:161} INFO - Processing /home/airflow/.local/lib/python3.7/site-packages/airflow/example_dags/example_skip_dag.py took 0.213 seconds
[2022-09-17T10:29:39.335+0000] {processor.py:153} INFO - Started process (PID=1082) to work on /home/airflow/.local/lib/python3.7/site-packages/airflow/example_dags/example_skip_dag.py
[2022-09-17T10:29:39.341+0000] {processor.py:640} INFO - Processing file /home/airflow/.local/lib/python3.7/site-packages/airflow/example_dags/example_skip_dag.py for tasks to queue
[2022-09-17T10:29:39.344+0000] {logging_mixin.py:115} INFO - [2022-09-17T10:29:39.343+0000] {dagbag.py:508} INFO - Filling up the DagBag from /home/airflow/.local/lib/python3.7/site-packages/airflow/example_dags/example_skip_dag.py
[2022-09-17T10:29:39.359+0000] {processor.py:650} INFO - DAG(s) dict_keys(['example_skip_dag']) retrieved from /home/airflow/.local/lib/python3.7/site-packages/airflow/example_dags/example_skip_dag.py
[2022-09-17T10:29:39.498+0000] {logging_mixin.py:115} INFO - [2022-09-17T10:29:39.498+0000] {dag.py:2429} INFO - Sync 1 DAGs
[2022-09-17T10:29:39.537+0000] {logging_mixin.py:115} INFO - [2022-09-17T10:29:39.536+0000] {dag.py:2981} INFO - Setting next_dagrun for example_skip_dag to 2022-09-16T10:29:39.536490+00:00, run_after=2022-09-17T10:29:39.536490+00:00
[2022-09-17T10:29:39.560+0000] {processor.py:161} INFO - Processing /home/airflow/.local/lib/python3.7/site-packages/airflow/example_dags/example_skip_dag.py took 0.232 seconds
[2022-09-17T10:30:10.559+0000] {processor.py:153} INFO - Started process (PID=1290) to work on /home/airflow/.local/lib/python3.7/site-packages/airflow/example_dags/example_skip_dag.py
[2022-09-17T10:30:10.563+0000] {processor.py:640} INFO - Processing file /home/airflow/.local/lib/python3.7/site-packages/airflow/example_dags/example_skip_dag.py for tasks to queue
[2022-09-17T10:30:10.565+0000] {logging_mixin.py:115} INFO - [2022-09-17T10:30:10.565+0000] {dagbag.py:508} INFO - Filling up the DagBag from /home/airflow/.local/lib/python3.7/site-packages/airflow/example_dags/example_skip_dag.py
[2022-09-17T10:30:10.575+0000] {processor.py:650} INFO - DAG(s) dict_keys(['example_skip_dag']) retrieved from /home/airflow/.local/lib/python3.7/site-packages/airflow/example_dags/example_skip_dag.py
[2022-09-17T10:30:10.634+0000] {logging_mixin.py:115} INFO - [2022-09-17T10:30:10.633+0000] {dag.py:2429} INFO - Sync 1 DAGs
[2022-09-17T10:30:10.679+0000] {logging_mixin.py:115} INFO - [2022-09-17T10:30:10.679+0000] {dag.py:2981} INFO - Setting next_dagrun for example_skip_dag to 2022-09-16T10:30:10.678276+00:00, run_after=2022-09-17T10:30:10.678276+00:00
[2022-09-17T10:30:10.704+0000] {processor.py:161} INFO - Processing /home/airflow/.local/lib/python3.7/site-packages/airflow/example_dags/example_skip_dag.py took 0.151 seconds
[2022-09-17T10:30:41.417+0000] {processor.py:153} INFO - Started process (PID=1499) to work on /home/airflow/.local/lib/python3.7/site-packages/airflow/example_dags/example_skip_dag.py
[2022-09-17T10:30:41.421+0000] {processor.py:640} INFO - Processing file /home/airflow/.local/lib/python3.7/site-packages/airflow/example_dags/example_skip_dag.py for tasks to queue
[2022-09-17T10:30:41.424+0000] {logging_mixin.py:115} INFO - [2022-09-17T10:30:41.423+0000] {dagbag.py:508} INFO - Filling up the DagBag from /home/airflow/.local/lib/python3.7/site-packages/airflow/example_dags/example_skip_dag.py
[2022-09-17T10:30:41.435+0000] {processor.py:650} INFO - DAG(s) dict_keys(['example_skip_dag']) retrieved from /home/airflow/.local/lib/python3.7/site-packages/airflow/example_dags/example_skip_dag.py
[2022-09-17T10:30:41.501+0000] {logging_mixin.py:115} INFO - [2022-09-17T10:30:41.501+0000] {dag.py:2429} INFO - Sync 1 DAGs
[2022-09-17T10:30:41.543+0000] {logging_mixin.py:115} INFO - [2022-09-17T10:30:41.543+0000] {dag.py:2981} INFO - Setting next_dagrun for example_skip_dag to 2022-09-16T10:30:41.543309+00:00, run_after=2022-09-17T10:30:41.543309+00:00
[2022-09-17T10:30:41.572+0000] {processor.py:161} INFO - Processing /home/airflow/.local/lib/python3.7/site-packages/airflow/example_dags/example_skip_dag.py took 0.164 seconds
[2022-09-17T10:31:15.468+0000] {processor.py:153} INFO - Started process (PID=1705) to work on /home/airflow/.local/lib/python3.7/site-packages/airflow/example_dags/example_skip_dag.py
[2022-09-17T10:31:15.471+0000] {processor.py:640} INFO - Processing file /home/airflow/.local/lib/python3.7/site-packages/airflow/example_dags/example_skip_dag.py for tasks to queue
[2022-09-17T10:31:15.474+0000] {logging_mixin.py:115} INFO - [2022-09-17T10:31:15.473+0000] {dagbag.py:508} INFO - Filling up the DagBag from /home/airflow/.local/lib/python3.7/site-packages/airflow/example_dags/example_skip_dag.py
[2022-09-17T10:31:15.492+0000] {processor.py:650} INFO - DAG(s) dict_keys(['example_skip_dag']) retrieved from /home/airflow/.local/lib/python3.7/site-packages/airflow/example_dags/example_skip_dag.py
[2022-09-17T10:31:15.612+0000] {logging_mixin.py:115} INFO - [2022-09-17T10:31:15.611+0000] {dag.py:2429} INFO - Sync 1 DAGs
[2022-09-17T10:31:15.661+0000] {logging_mixin.py:115} INFO - [2022-09-17T10:31:15.661+0000] {dag.py:2981} INFO - Setting next_dagrun for example_skip_dag to 2022-09-16T10:31:15.660661+00:00, run_after=2022-09-17T10:31:15.660661+00:00
[2022-09-17T10:31:15.700+0000] {processor.py:161} INFO - Processing /home/airflow/.local/lib/python3.7/site-packages/airflow/example_dags/example_skip_dag.py took 0.255 seconds
[2022-09-17T10:31:46.346+0000] {processor.py:153} INFO - Started process (PID=1911) to work on /home/airflow/.local/lib/python3.7/site-packages/airflow/example_dags/example_skip_dag.py
[2022-09-17T10:31:46.348+0000] {processor.py:640} INFO - Processing file /home/airflow/.local/lib/python3.7/site-packages/airflow/example_dags/example_skip_dag.py for tasks to queue
[2022-09-17T10:31:46.350+0000] {logging_mixin.py:115} INFO - [2022-09-17T10:31:46.349+0000] {dagbag.py:508} INFO - Filling up the DagBag from /home/airflow/.local/lib/python3.7/site-packages/airflow/example_dags/example_skip_dag.py
[2022-09-17T10:31:46.358+0000] {processor.py:650} INFO - DAG(s) dict_keys(['example_skip_dag']) retrieved from /home/airflow/.local/lib/python3.7/site-packages/airflow/example_dags/example_skip_dag.py
[2022-09-17T10:31:46.416+0000] {logging_mixin.py:115} INFO - [2022-09-17T10:31:46.415+0000] {dag.py:2429} INFO - Sync 1 DAGs
[2022-09-17T10:31:46.452+0000] {logging_mixin.py:115} INFO - [2022-09-17T10:31:46.451+0000] {dag.py:2981} INFO - Setting next_dagrun for example_skip_dag to 2022-09-16T10:31:46.451628+00:00, run_after=2022-09-17T10:31:46.451628+00:00
[2022-09-17T10:31:46.476+0000] {processor.py:161} INFO - Processing /home/airflow/.local/lib/python3.7/site-packages/airflow/example_dags/example_skip_dag.py took 0.136 seconds
[2022-09-17T10:32:17.333+0000] {processor.py:153} INFO - Started process (PID=2124) to work on /home/airflow/.local/lib/python3.7/site-packages/airflow/example_dags/example_skip_dag.py
[2022-09-17T10:32:17.335+0000] {processor.py:640} INFO - Processing file /home/airflow/.local/lib/python3.7/site-packages/airflow/example_dags/example_skip_dag.py for tasks to queue
[2022-09-17T10:32:17.338+0000] {logging_mixin.py:115} INFO - [2022-09-17T10:32:17.338+0000] {dagbag.py:508} INFO - Filling up the DagBag from /home/airflow/.local/lib/python3.7/site-packages/airflow/example_dags/example_skip_dag.py
[2022-09-17T10:32:17.347+0000] {processor.py:650} INFO - DAG(s) dict_keys(['example_skip_dag']) retrieved from /home/airflow/.local/lib/python3.7/site-packages/airflow/example_dags/example_skip_dag.py
[2022-09-17T10:32:17.395+0000] {logging_mixin.py:115} INFO - [2022-09-17T10:32:17.395+0000] {dag.py:2429} INFO - Sync 1 DAGs
[2022-09-17T10:32:17.434+0000] {logging_mixin.py:115} INFO - [2022-09-17T10:32:17.434+0000] {dag.py:2981} INFO - Setting next_dagrun for example_skip_dag to 2022-09-16T10:32:17.433648+00:00, run_after=2022-09-17T10:32:17.433648+00:00
[2022-09-17T10:32:17.453+0000] {processor.py:161} INFO - Processing /home/airflow/.local/lib/python3.7/site-packages/airflow/example_dags/example_skip_dag.py took 0.125 seconds
[2022-09-17T10:32:48.224+0000] {processor.py:153} INFO - Started process (PID=2329) to work on /home/airflow/.local/lib/python3.7/site-packages/airflow/example_dags/example_skip_dag.py
[2022-09-17T10:32:48.226+0000] {processor.py:640} INFO - Processing file /home/airflow/.local/lib/python3.7/site-packages/airflow/example_dags/example_skip_dag.py for tasks to queue
[2022-09-17T10:32:48.228+0000] {logging_mixin.py:115} INFO - [2022-09-17T10:32:48.228+0000] {dagbag.py:508} INFO - Filling up the DagBag from /home/airflow/.local/lib/python3.7/site-packages/airflow/example_dags/example_skip_dag.py
[2022-09-17T10:32:48.236+0000] {processor.py:650} INFO - DAG(s) dict_keys(['example_skip_dag']) retrieved from /home/airflow/.local/lib/python3.7/site-packages/airflow/example_dags/example_skip_dag.py
[2022-09-17T10:32:48.281+0000] {logging_mixin.py:115} INFO - [2022-09-17T10:32:48.281+0000] {dag.py:2429} INFO - Sync 1 DAGs
[2022-09-17T10:32:48.325+0000] {logging_mixin.py:115} INFO - [2022-09-17T10:32:48.325+0000] {dag.py:2981} INFO - Setting next_dagrun for example_skip_dag to 2022-09-16T10:32:48.325095+00:00, run_after=2022-09-17T10:32:48.325095+00:00
[2022-09-17T10:32:48.345+0000] {processor.py:161} INFO - Processing /home/airflow/.local/lib/python3.7/site-packages/airflow/example_dags/example_skip_dag.py took 0.126 seconds
[2022-09-17T10:33:18.966+0000] {processor.py:153} INFO - Started process (PID=2545) to work on /home/airflow/.local/lib/python3.7/site-packages/airflow/example_dags/example_skip_dag.py
[2022-09-17T10:33:18.968+0000] {processor.py:640} INFO - Processing file /home/airflow/.local/lib/python3.7/site-packages/airflow/example_dags/example_skip_dag.py for tasks to queue
[2022-09-17T10:33:18.970+0000] {logging_mixin.py:115} INFO - [2022-09-17T10:33:18.969+0000] {dagbag.py:508} INFO - Filling up the DagBag from /home/airflow/.local/lib/python3.7/site-packages/airflow/example_dags/example_skip_dag.py
[2022-09-17T10:33:18.978+0000] {processor.py:650} INFO - DAG(s) dict_keys(['example_skip_dag']) retrieved from /home/airflow/.local/lib/python3.7/site-packages/airflow/example_dags/example_skip_dag.py
[2022-09-17T10:33:19.027+0000] {logging_mixin.py:115} INFO - [2022-09-17T10:33:19.027+0000] {dag.py:2429} INFO - Sync 1 DAGs
[2022-09-17T10:33:19.065+0000] {logging_mixin.py:115} INFO - [2022-09-17T10:33:19.065+0000] {dag.py:2981} INFO - Setting next_dagrun for example_skip_dag to 2022-09-16T10:33:19.065078+00:00, run_after=2022-09-17T10:33:19.065078+00:00
[2022-09-17T10:33:19.085+0000] {processor.py:161} INFO - Processing /home/airflow/.local/lib/python3.7/site-packages/airflow/example_dags/example_skip_dag.py took 0.124 seconds
