[2022-09-17T10:27:34.523+0000] {processor.py:153} INFO - Started process (PID=232) to work on /home/airflow/.local/lib/python3.7/site-packages/airflow/example_dags/example_trigger_controller_dag.py
[2022-09-17T10:27:34.526+0000] {processor.py:640} INFO - Processing file /home/airflow/.local/lib/python3.7/site-packages/airflow/example_dags/example_trigger_controller_dag.py for tasks to queue
[2022-09-17T10:27:34.529+0000] {logging_mixin.py:115} INFO - [2022-09-17T10:27:34.528+0000] {dagbag.py:508} INFO - Filling up the DagBag from /home/airflow/.local/lib/python3.7/site-packages/airflow/example_dags/example_trigger_controller_dag.py
[2022-09-17T10:27:34.544+0000] {processor.py:650} INFO - DAG(s) dict_keys(['example_trigger_controller_dag']) retrieved from /home/airflow/.local/lib/python3.7/site-packages/airflow/example_dags/example_trigger_controller_dag.py
[2022-09-17T10:27:34.699+0000] {logging_mixin.py:115} INFO - [2022-09-17T10:27:34.699+0000] {dag.py:2429} INFO - Sync 1 DAGs
[2022-09-17T10:27:34.932+0000] {logging_mixin.py:115} INFO - [2022-09-17T10:27:34.930+0000] {dag.py:2981} INFO - Setting next_dagrun for example_trigger_controller_dag to 2021-01-01T00:00:00+00:00, run_after=2021-01-01T00:00:00+00:00
[2022-09-17T10:27:35.012+0000] {processor.py:161} INFO - Processing /home/airflow/.local/lib/python3.7/site-packages/airflow/example_dags/example_trigger_controller_dag.py took 0.497 seconds
[2022-09-17T10:28:05.953+0000] {processor.py:153} INFO - Started process (PID=444) to work on /home/airflow/.local/lib/python3.7/site-packages/airflow/example_dags/example_trigger_controller_dag.py
[2022-09-17T10:28:05.959+0000] {processor.py:640} INFO - Processing file /home/airflow/.local/lib/python3.7/site-packages/airflow/example_dags/example_trigger_controller_dag.py for tasks to queue
[2022-09-17T10:28:05.970+0000] {logging_mixin.py:115} INFO - [2022-09-17T10:28:05.969+0000] {dagbag.py:508} INFO - Filling up the DagBag from /home/airflow/.local/lib/python3.7/site-packages/airflow/example_dags/example_trigger_controller_dag.py
[2022-09-17T10:28:05.986+0000] {processor.py:650} INFO - DAG(s) dict_keys(['example_trigger_controller_dag']) retrieved from /home/airflow/.local/lib/python3.7/site-packages/airflow/example_dags/example_trigger_controller_dag.py
[2022-09-17T10:28:06.081+0000] {logging_mixin.py:115} INFO - [2022-09-17T10:28:06.080+0000] {dag.py:2429} INFO - Sync 1 DAGs
[2022-09-17T10:28:06.145+0000] {logging_mixin.py:115} INFO - [2022-09-17T10:28:06.145+0000] {dag.py:2981} INFO - Setting next_dagrun for example_trigger_controller_dag to 2021-01-01T00:00:00+00:00, run_after=2021-01-01T00:00:00+00:00
[2022-09-17T10:28:06.172+0000] {processor.py:161} INFO - Processing /home/airflow/.local/lib/python3.7/site-packages/airflow/example_dags/example_trigger_controller_dag.py took 0.230 seconds
[2022-09-17T10:28:37.316+0000] {processor.py:153} INFO - Started process (PID=661) to work on /home/airflow/.local/lib/python3.7/site-packages/airflow/example_dags/example_trigger_controller_dag.py
[2022-09-17T10:28:37.323+0000] {processor.py:640} INFO - Processing file /home/airflow/.local/lib/python3.7/site-packages/airflow/example_dags/example_trigger_controller_dag.py for tasks to queue
[2022-09-17T10:28:37.330+0000] {logging_mixin.py:115} INFO - [2022-09-17T10:28:37.329+0000] {dagbag.py:508} INFO - Filling up the DagBag from /home/airflow/.local/lib/python3.7/site-packages/airflow/example_dags/example_trigger_controller_dag.py
[2022-09-17T10:28:37.343+0000] {processor.py:650} INFO - DAG(s) dict_keys(['example_trigger_controller_dag']) retrieved from /home/airflow/.local/lib/python3.7/site-packages/airflow/example_dags/example_trigger_controller_dag.py
[2022-09-17T10:28:37.419+0000] {logging_mixin.py:115} INFO - [2022-09-17T10:28:37.419+0000] {dag.py:2429} INFO - Sync 1 DAGs
[2022-09-17T10:28:37.488+0000] {logging_mixin.py:115} INFO - [2022-09-17T10:28:37.488+0000] {dag.py:2981} INFO - Setting next_dagrun for example_trigger_controller_dag to 2021-01-01T00:00:00+00:00, run_after=2021-01-01T00:00:00+00:00
[2022-09-17T10:28:37.532+0000] {processor.py:161} INFO - Processing /home/airflow/.local/lib/python3.7/site-packages/airflow/example_dags/example_trigger_controller_dag.py took 0.234 seconds
[2022-09-17T10:29:07.787+0000] {processor.py:153} INFO - Started process (PID=864) to work on /home/airflow/.local/lib/python3.7/site-packages/airflow/example_dags/example_trigger_controller_dag.py
[2022-09-17T10:29:07.790+0000] {processor.py:640} INFO - Processing file /home/airflow/.local/lib/python3.7/site-packages/airflow/example_dags/example_trigger_controller_dag.py for tasks to queue
[2022-09-17T10:29:07.792+0000] {logging_mixin.py:115} INFO - [2022-09-17T10:29:07.792+0000] {dagbag.py:508} INFO - Filling up the DagBag from /home/airflow/.local/lib/python3.7/site-packages/airflow/example_dags/example_trigger_controller_dag.py
[2022-09-17T10:29:07.801+0000] {processor.py:650} INFO - DAG(s) dict_keys(['example_trigger_controller_dag']) retrieved from /home/airflow/.local/lib/python3.7/site-packages/airflow/example_dags/example_trigger_controller_dag.py
[2022-09-17T10:29:07.871+0000] {logging_mixin.py:115} INFO - [2022-09-17T10:29:07.871+0000] {dag.py:2429} INFO - Sync 1 DAGs
[2022-09-17T10:29:07.921+0000] {logging_mixin.py:115} INFO - [2022-09-17T10:29:07.920+0000] {dag.py:2981} INFO - Setting next_dagrun for example_trigger_controller_dag to 2021-01-01T00:00:00+00:00, run_after=2021-01-01T00:00:00+00:00
[2022-09-17T10:29:07.963+0000] {processor.py:161} INFO - Processing /home/airflow/.local/lib/python3.7/site-packages/airflow/example_dags/example_trigger_controller_dag.py took 0.182 seconds
[2022-09-17T10:29:39.170+0000] {processor.py:153} INFO - Started process (PID=1077) to work on /home/airflow/.local/lib/python3.7/site-packages/airflow/example_dags/example_trigger_controller_dag.py
[2022-09-17T10:29:39.173+0000] {processor.py:640} INFO - Processing file /home/airflow/.local/lib/python3.7/site-packages/airflow/example_dags/example_trigger_controller_dag.py for tasks to queue
[2022-09-17T10:29:39.175+0000] {logging_mixin.py:115} INFO - [2022-09-17T10:29:39.175+0000] {dagbag.py:508} INFO - Filling up the DagBag from /home/airflow/.local/lib/python3.7/site-packages/airflow/example_dags/example_trigger_controller_dag.py
[2022-09-17T10:29:39.183+0000] {processor.py:650} INFO - DAG(s) dict_keys(['example_trigger_controller_dag']) retrieved from /home/airflow/.local/lib/python3.7/site-packages/airflow/example_dags/example_trigger_controller_dag.py
[2022-09-17T10:29:39.244+0000] {logging_mixin.py:115} INFO - [2022-09-17T10:29:39.244+0000] {dag.py:2429} INFO - Sync 1 DAGs
[2022-09-17T10:29:39.314+0000] {logging_mixin.py:115} INFO - [2022-09-17T10:29:39.314+0000] {dag.py:2981} INFO - Setting next_dagrun for example_trigger_controller_dag to 2021-01-01T00:00:00+00:00, run_after=2021-01-01T00:00:00+00:00
[2022-09-17T10:29:39.348+0000] {processor.py:161} INFO - Processing /home/airflow/.local/lib/python3.7/site-packages/airflow/example_dags/example_trigger_controller_dag.py took 0.185 seconds
[2022-09-17T10:30:10.354+0000] {processor.py:153} INFO - Started process (PID=1283) to work on /home/airflow/.local/lib/python3.7/site-packages/airflow/example_dags/example_trigger_controller_dag.py
[2022-09-17T10:30:10.357+0000] {processor.py:640} INFO - Processing file /home/airflow/.local/lib/python3.7/site-packages/airflow/example_dags/example_trigger_controller_dag.py for tasks to queue
[2022-09-17T10:30:10.359+0000] {logging_mixin.py:115} INFO - [2022-09-17T10:30:10.358+0000] {dagbag.py:508} INFO - Filling up the DagBag from /home/airflow/.local/lib/python3.7/site-packages/airflow/example_dags/example_trigger_controller_dag.py
[2022-09-17T10:30:10.365+0000] {processor.py:650} INFO - DAG(s) dict_keys(['example_trigger_controller_dag']) retrieved from /home/airflow/.local/lib/python3.7/site-packages/airflow/example_dags/example_trigger_controller_dag.py
[2022-09-17T10:30:10.425+0000] {logging_mixin.py:115} INFO - [2022-09-17T10:30:10.424+0000] {dag.py:2429} INFO - Sync 1 DAGs
[2022-09-17T10:30:10.471+0000] {logging_mixin.py:115} INFO - [2022-09-17T10:30:10.470+0000] {dag.py:2981} INFO - Setting next_dagrun for example_trigger_controller_dag to 2021-01-01T00:00:00+00:00, run_after=2021-01-01T00:00:00+00:00
[2022-09-17T10:30:10.503+0000] {processor.py:161} INFO - Processing /home/airflow/.local/lib/python3.7/site-packages/airflow/example_dags/example_trigger_controller_dag.py took 0.154 seconds
[2022-09-17T10:30:41.222+0000] {processor.py:153} INFO - Started process (PID=1494) to work on /home/airflow/.local/lib/python3.7/site-packages/airflow/example_dags/example_trigger_controller_dag.py
[2022-09-17T10:30:41.228+0000] {processor.py:640} INFO - Processing file /home/airflow/.local/lib/python3.7/site-packages/airflow/example_dags/example_trigger_controller_dag.py for tasks to queue
[2022-09-17T10:30:41.231+0000] {logging_mixin.py:115} INFO - [2022-09-17T10:30:41.230+0000] {dagbag.py:508} INFO - Filling up the DagBag from /home/airflow/.local/lib/python3.7/site-packages/airflow/example_dags/example_trigger_controller_dag.py
[2022-09-17T10:30:41.238+0000] {processor.py:650} INFO - DAG(s) dict_keys(['example_trigger_controller_dag']) retrieved from /home/airflow/.local/lib/python3.7/site-packages/airflow/example_dags/example_trigger_controller_dag.py
[2022-09-17T10:30:41.293+0000] {logging_mixin.py:115} INFO - [2022-09-17T10:30:41.292+0000] {dag.py:2429} INFO - Sync 1 DAGs
[2022-09-17T10:30:41.335+0000] {logging_mixin.py:115} INFO - [2022-09-17T10:30:41.335+0000] {dag.py:2981} INFO - Setting next_dagrun for example_trigger_controller_dag to 2021-01-01T00:00:00+00:00, run_after=2021-01-01T00:00:00+00:00
[2022-09-17T10:30:41.361+0000] {processor.py:161} INFO - Processing /home/airflow/.local/lib/python3.7/site-packages/airflow/example_dags/example_trigger_controller_dag.py took 0.144 seconds
[2022-09-17T10:31:15.046+0000] {processor.py:153} INFO - Started process (PID=1700) to work on /home/airflow/.local/lib/python3.7/site-packages/airflow/example_dags/example_trigger_controller_dag.py
[2022-09-17T10:31:15.052+0000] {processor.py:640} INFO - Processing file /home/airflow/.local/lib/python3.7/site-packages/airflow/example_dags/example_trigger_controller_dag.py for tasks to queue
[2022-09-17T10:31:15.060+0000] {logging_mixin.py:115} INFO - [2022-09-17T10:31:15.059+0000] {dagbag.py:508} INFO - Filling up the DagBag from /home/airflow/.local/lib/python3.7/site-packages/airflow/example_dags/example_trigger_controller_dag.py
[2022-09-17T10:31:15.073+0000] {processor.py:650} INFO - DAG(s) dict_keys(['example_trigger_controller_dag']) retrieved from /home/airflow/.local/lib/python3.7/site-packages/airflow/example_dags/example_trigger_controller_dag.py
[2022-09-17T10:31:15.180+0000] {logging_mixin.py:115} INFO - [2022-09-17T10:31:15.180+0000] {dag.py:2429} INFO - Sync 1 DAGs
[2022-09-17T10:31:15.324+0000] {logging_mixin.py:115} INFO - [2022-09-17T10:31:15.324+0000] {dag.py:2981} INFO - Setting next_dagrun for example_trigger_controller_dag to 2021-01-01T00:00:00+00:00, run_after=2021-01-01T00:00:00+00:00
[2022-09-17T10:31:15.371+0000] {processor.py:161} INFO - Processing /home/airflow/.local/lib/python3.7/site-packages/airflow/example_dags/example_trigger_controller_dag.py took 0.341 seconds
[2022-09-17T10:31:46.138+0000] {processor.py:153} INFO - Started process (PID=1906) to work on /home/airflow/.local/lib/python3.7/site-packages/airflow/example_dags/example_trigger_controller_dag.py
[2022-09-17T10:31:46.140+0000] {processor.py:640} INFO - Processing file /home/airflow/.local/lib/python3.7/site-packages/airflow/example_dags/example_trigger_controller_dag.py for tasks to queue
[2022-09-17T10:31:46.142+0000] {logging_mixin.py:115} INFO - [2022-09-17T10:31:46.142+0000] {dagbag.py:508} INFO - Filling up the DagBag from /home/airflow/.local/lib/python3.7/site-packages/airflow/example_dags/example_trigger_controller_dag.py
[2022-09-17T10:31:46.147+0000] {processor.py:650} INFO - DAG(s) dict_keys(['example_trigger_controller_dag']) retrieved from /home/airflow/.local/lib/python3.7/site-packages/airflow/example_dags/example_trigger_controller_dag.py
[2022-09-17T10:31:46.208+0000] {logging_mixin.py:115} INFO - [2022-09-17T10:31:46.207+0000] {dag.py:2429} INFO - Sync 1 DAGs
[2022-09-17T10:31:46.271+0000] {logging_mixin.py:115} INFO - [2022-09-17T10:31:46.270+0000] {dag.py:2981} INFO - Setting next_dagrun for example_trigger_controller_dag to 2021-01-01T00:00:00+00:00, run_after=2021-01-01T00:00:00+00:00
[2022-09-17T10:31:46.304+0000] {processor.py:161} INFO - Processing /home/airflow/.local/lib/python3.7/site-packages/airflow/example_dags/example_trigger_controller_dag.py took 0.173 seconds
[2022-09-17T10:32:17.189+0000] {processor.py:153} INFO - Started process (PID=2119) to work on /home/airflow/.local/lib/python3.7/site-packages/airflow/example_dags/example_trigger_controller_dag.py
[2022-09-17T10:32:17.191+0000] {processor.py:640} INFO - Processing file /home/airflow/.local/lib/python3.7/site-packages/airflow/example_dags/example_trigger_controller_dag.py for tasks to queue
[2022-09-17T10:32:17.193+0000] {logging_mixin.py:115} INFO - [2022-09-17T10:32:17.192+0000] {dagbag.py:508} INFO - Filling up the DagBag from /home/airflow/.local/lib/python3.7/site-packages/airflow/example_dags/example_trigger_controller_dag.py
[2022-09-17T10:32:17.198+0000] {processor.py:650} INFO - DAG(s) dict_keys(['example_trigger_controller_dag']) retrieved from /home/airflow/.local/lib/python3.7/site-packages/airflow/example_dags/example_trigger_controller_dag.py
[2022-09-17T10:32:17.244+0000] {logging_mixin.py:115} INFO - [2022-09-17T10:32:17.243+0000] {dag.py:2429} INFO - Sync 1 DAGs
[2022-09-17T10:32:17.275+0000] {logging_mixin.py:115} INFO - [2022-09-17T10:32:17.275+0000] {dag.py:2981} INFO - Setting next_dagrun for example_trigger_controller_dag to 2021-01-01T00:00:00+00:00, run_after=2021-01-01T00:00:00+00:00
[2022-09-17T10:32:17.293+0000] {processor.py:161} INFO - Processing /home/airflow/.local/lib/python3.7/site-packages/airflow/example_dags/example_trigger_controller_dag.py took 0.113 seconds
[2022-09-17T10:32:48.079+0000] {processor.py:153} INFO - Started process (PID=2324) to work on /home/airflow/.local/lib/python3.7/site-packages/airflow/example_dags/example_trigger_controller_dag.py
[2022-09-17T10:32:48.085+0000] {processor.py:640} INFO - Processing file /home/airflow/.local/lib/python3.7/site-packages/airflow/example_dags/example_trigger_controller_dag.py for tasks to queue
[2022-09-17T10:32:48.086+0000] {logging_mixin.py:115} INFO - [2022-09-17T10:32:48.086+0000] {dagbag.py:508} INFO - Filling up the DagBag from /home/airflow/.local/lib/python3.7/site-packages/airflow/example_dags/example_trigger_controller_dag.py
[2022-09-17T10:32:48.092+0000] {processor.py:650} INFO - DAG(s) dict_keys(['example_trigger_controller_dag']) retrieved from /home/airflow/.local/lib/python3.7/site-packages/airflow/example_dags/example_trigger_controller_dag.py
[2022-09-17T10:32:48.135+0000] {logging_mixin.py:115} INFO - [2022-09-17T10:32:48.135+0000] {dag.py:2429} INFO - Sync 1 DAGs
[2022-09-17T10:32:48.167+0000] {logging_mixin.py:115} INFO - [2022-09-17T10:32:48.167+0000] {dag.py:2981} INFO - Setting next_dagrun for example_trigger_controller_dag to 2021-01-01T00:00:00+00:00, run_after=2021-01-01T00:00:00+00:00
[2022-09-17T10:32:48.186+0000] {processor.py:161} INFO - Processing /home/airflow/.local/lib/python3.7/site-packages/airflow/example_dags/example_trigger_controller_dag.py took 0.112 seconds
[2022-09-17T10:33:18.825+0000] {processor.py:153} INFO - Started process (PID=2540) to work on /home/airflow/.local/lib/python3.7/site-packages/airflow/example_dags/example_trigger_controller_dag.py
[2022-09-17T10:33:18.827+0000] {processor.py:640} INFO - Processing file /home/airflow/.local/lib/python3.7/site-packages/airflow/example_dags/example_trigger_controller_dag.py for tasks to queue
[2022-09-17T10:33:18.829+0000] {logging_mixin.py:115} INFO - [2022-09-17T10:33:18.829+0000] {dagbag.py:508} INFO - Filling up the DagBag from /home/airflow/.local/lib/python3.7/site-packages/airflow/example_dags/example_trigger_controller_dag.py
[2022-09-17T10:33:18.834+0000] {processor.py:650} INFO - DAG(s) dict_keys(['example_trigger_controller_dag']) retrieved from /home/airflow/.local/lib/python3.7/site-packages/airflow/example_dags/example_trigger_controller_dag.py
[2022-09-17T10:33:18.876+0000] {logging_mixin.py:115} INFO - [2022-09-17T10:33:18.876+0000] {dag.py:2429} INFO - Sync 1 DAGs
[2022-09-17T10:33:18.908+0000] {logging_mixin.py:115} INFO - [2022-09-17T10:33:18.908+0000] {dag.py:2981} INFO - Setting next_dagrun for example_trigger_controller_dag to 2021-01-01T00:00:00+00:00, run_after=2021-01-01T00:00:00+00:00
[2022-09-17T10:33:18.927+0000] {processor.py:161} INFO - Processing /home/airflow/.local/lib/python3.7/site-packages/airflow/example_dags/example_trigger_controller_dag.py took 0.107 seconds
