[2022-09-17T10:27:37.263+0000] {processor.py:153} INFO - Started process (PID=323) to work on /home/airflow/.local/lib/python3.7/site-packages/airflow/example_dags/example_subdag_operator.py
[2022-09-17T10:27:37.265+0000] {processor.py:640} INFO - Processing file /home/airflow/.local/lib/python3.7/site-packages/airflow/example_dags/example_subdag_operator.py for tasks to queue
[2022-09-17T10:27:37.267+0000] {logging_mixin.py:115} INFO - [2022-09-17T10:27:37.267+0000] {dagbag.py:508} INFO - Filling up the DagBag from /home/airflow/.local/lib/python3.7/site-packages/airflow/example_dags/example_subdag_operator.py
[2022-09-17T10:27:37.342+0000] {processor.py:650} INFO - DAG(s) dict_keys(['example_subdag_operator.section-1', 'example_subdag_operator.section-2', 'example_subdag_operator']) retrieved from /home/airflow/.local/lib/python3.7/site-packages/airflow/example_dags/example_subdag_operator.py
[2022-09-17T10:27:37.810+0000] {logging_mixin.py:115} INFO - [2022-09-17T10:27:37.809+0000] {dag.py:2429} INFO - Sync 3 DAGs
[2022-09-17T10:27:37.865+0000] {logging_mixin.py:115} INFO - [2022-09-17T10:27:37.865+0000] {dag.py:2981} INFO - Setting next_dagrun for example_subdag_operator to 2022-01-01T00:00:00+00:00, run_after=2022-01-01T00:00:00+00:00
[2022-09-17T10:27:37.871+0000] {logging_mixin.py:115} INFO - [2022-09-17T10:27:37.871+0000] {dag.py:2981} INFO - Setting next_dagrun for example_subdag_operator.section-1 to None, run_after=None
[2022-09-17T10:27:37.874+0000] {logging_mixin.py:115} INFO - [2022-09-17T10:27:37.874+0000] {dag.py:2981} INFO - Setting next_dagrun for example_subdag_operator.section-2 to None, run_after=None
[2022-09-17T10:27:37.897+0000] {logging_mixin.py:115} INFO - [2022-09-17T10:27:37.896+0000] {dag.py:2429} INFO - Sync 2 DAGs
[2022-09-17T10:27:37.910+0000] {logging_mixin.py:115} INFO - [2022-09-17T10:27:37.910+0000] {dag.py:2981} INFO - Setting next_dagrun for example_subdag_operator.section-1 to None, run_after=None
[2022-09-17T10:27:37.911+0000] {logging_mixin.py:115} INFO - [2022-09-17T10:27:37.911+0000] {dag.py:2981} INFO - Setting next_dagrun for example_subdag_operator.section-2 to None, run_after=None
[2022-09-17T10:27:37.932+0000] {processor.py:161} INFO - Processing /home/airflow/.local/lib/python3.7/site-packages/airflow/example_dags/example_subdag_operator.py took 0.677 seconds
[2022-09-17T10:28:09.157+0000] {processor.py:153} INFO - Started process (PID=544) to work on /home/airflow/.local/lib/python3.7/site-packages/airflow/example_dags/example_subdag_operator.py
[2022-09-17T10:28:09.161+0000] {processor.py:640} INFO - Processing file /home/airflow/.local/lib/python3.7/site-packages/airflow/example_dags/example_subdag_operator.py for tasks to queue
[2022-09-17T10:28:09.165+0000] {logging_mixin.py:115} INFO - [2022-09-17T10:28:09.165+0000] {dagbag.py:508} INFO - Filling up the DagBag from /home/airflow/.local/lib/python3.7/site-packages/airflow/example_dags/example_subdag_operator.py
[2022-09-17T10:28:09.249+0000] {processor.py:650} INFO - DAG(s) dict_keys(['example_subdag_operator.section-1', 'example_subdag_operator.section-2', 'example_subdag_operator']) retrieved from /home/airflow/.local/lib/python3.7/site-packages/airflow/example_dags/example_subdag_operator.py
[2022-09-17T10:28:09.701+0000] {logging_mixin.py:115} INFO - [2022-09-17T10:28:09.700+0000] {dag.py:2429} INFO - Sync 3 DAGs
[2022-09-17T10:28:09.745+0000] {logging_mixin.py:115} INFO - [2022-09-17T10:28:09.745+0000] {dag.py:2981} INFO - Setting next_dagrun for example_subdag_operator to 2022-01-01T00:00:00+00:00, run_after=2022-01-01T00:00:00+00:00
[2022-09-17T10:28:09.747+0000] {logging_mixin.py:115} INFO - [2022-09-17T10:28:09.747+0000] {dag.py:2981} INFO - Setting next_dagrun for example_subdag_operator.section-1 to None, run_after=None
[2022-09-17T10:28:09.750+0000] {logging_mixin.py:115} INFO - [2022-09-17T10:28:09.750+0000] {dag.py:2981} INFO - Setting next_dagrun for example_subdag_operator.section-2 to None, run_after=None
[2022-09-17T10:28:09.765+0000] {logging_mixin.py:115} INFO - [2022-09-17T10:28:09.765+0000] {dag.py:2429} INFO - Sync 2 DAGs
[2022-09-17T10:28:09.779+0000] {logging_mixin.py:115} INFO - [2022-09-17T10:28:09.779+0000] {dag.py:2981} INFO - Setting next_dagrun for example_subdag_operator.section-1 to None, run_after=None
[2022-09-17T10:28:09.781+0000] {logging_mixin.py:115} INFO - [2022-09-17T10:28:09.781+0000] {dag.py:2981} INFO - Setting next_dagrun for example_subdag_operator.section-2 to None, run_after=None
[2022-09-17T10:28:09.801+0000] {processor.py:161} INFO - Processing /home/airflow/.local/lib/python3.7/site-packages/airflow/example_dags/example_subdag_operator.py took 0.653 seconds
[2022-09-17T10:28:40.016+0000] {processor.py:153} INFO - Started process (PID=749) to work on /home/airflow/.local/lib/python3.7/site-packages/airflow/example_dags/example_subdag_operator.py
[2022-09-17T10:28:40.018+0000] {processor.py:640} INFO - Processing file /home/airflow/.local/lib/python3.7/site-packages/airflow/example_dags/example_subdag_operator.py for tasks to queue
[2022-09-17T10:28:40.021+0000] {logging_mixin.py:115} INFO - [2022-09-17T10:28:40.021+0000] {dagbag.py:508} INFO - Filling up the DagBag from /home/airflow/.local/lib/python3.7/site-packages/airflow/example_dags/example_subdag_operator.py
[2022-09-17T10:28:40.086+0000] {processor.py:650} INFO - DAG(s) dict_keys(['example_subdag_operator.section-1', 'example_subdag_operator.section-2', 'example_subdag_operator']) retrieved from /home/airflow/.local/lib/python3.7/site-packages/airflow/example_dags/example_subdag_operator.py
[2022-09-17T10:28:40.508+0000] {logging_mixin.py:115} INFO - [2022-09-17T10:28:40.507+0000] {dag.py:2429} INFO - Sync 3 DAGs
[2022-09-17T10:28:40.550+0000] {logging_mixin.py:115} INFO - [2022-09-17T10:28:40.550+0000] {dag.py:2981} INFO - Setting next_dagrun for example_subdag_operator to 2022-01-01T00:00:00+00:00, run_after=2022-01-01T00:00:00+00:00
[2022-09-17T10:28:40.552+0000] {logging_mixin.py:115} INFO - [2022-09-17T10:28:40.552+0000] {dag.py:2981} INFO - Setting next_dagrun for example_subdag_operator.section-1 to None, run_after=None
[2022-09-17T10:28:40.553+0000] {logging_mixin.py:115} INFO - [2022-09-17T10:28:40.553+0000] {dag.py:2981} INFO - Setting next_dagrun for example_subdag_operator.section-2 to None, run_after=None
[2022-09-17T10:28:40.568+0000] {logging_mixin.py:115} INFO - [2022-09-17T10:28:40.568+0000] {dag.py:2429} INFO - Sync 2 DAGs
[2022-09-17T10:28:40.582+0000] {logging_mixin.py:115} INFO - [2022-09-17T10:28:40.581+0000] {dag.py:2981} INFO - Setting next_dagrun for example_subdag_operator.section-1 to None, run_after=None
[2022-09-17T10:28:40.583+0000] {logging_mixin.py:115} INFO - [2022-09-17T10:28:40.583+0000] {dag.py:2981} INFO - Setting next_dagrun for example_subdag_operator.section-2 to None, run_after=None
[2022-09-17T10:28:40.601+0000] {processor.py:161} INFO - Processing /home/airflow/.local/lib/python3.7/site-packages/airflow/example_dags/example_subdag_operator.py took 0.592 seconds
[2022-09-17T10:29:11.074+0000] {processor.py:153} INFO - Started process (PID=954) to work on /home/airflow/.local/lib/python3.7/site-packages/airflow/example_dags/example_subdag_operator.py
[2022-09-17T10:29:11.079+0000] {processor.py:640} INFO - Processing file /home/airflow/.local/lib/python3.7/site-packages/airflow/example_dags/example_subdag_operator.py for tasks to queue
[2022-09-17T10:29:11.083+0000] {logging_mixin.py:115} INFO - [2022-09-17T10:29:11.083+0000] {dagbag.py:508} INFO - Filling up the DagBag from /home/airflow/.local/lib/python3.7/site-packages/airflow/example_dags/example_subdag_operator.py
[2022-09-17T10:29:11.159+0000] {processor.py:650} INFO - DAG(s) dict_keys(['example_subdag_operator.section-1', 'example_subdag_operator.section-2', 'example_subdag_operator']) retrieved from /home/airflow/.local/lib/python3.7/site-packages/airflow/example_dags/example_subdag_operator.py
[2022-09-17T10:29:11.722+0000] {logging_mixin.py:115} INFO - [2022-09-17T10:29:11.722+0000] {dag.py:2429} INFO - Sync 3 DAGs
[2022-09-17T10:29:11.773+0000] {logging_mixin.py:115} INFO - [2022-09-17T10:29:11.773+0000] {dag.py:2981} INFO - Setting next_dagrun for example_subdag_operator to 2022-01-01T00:00:00+00:00, run_after=2022-01-01T00:00:00+00:00
[2022-09-17T10:29:11.777+0000] {logging_mixin.py:115} INFO - [2022-09-17T10:29:11.777+0000] {dag.py:2981} INFO - Setting next_dagrun for example_subdag_operator.section-1 to None, run_after=None
[2022-09-17T10:29:11.780+0000] {logging_mixin.py:115} INFO - [2022-09-17T10:29:11.779+0000] {dag.py:2981} INFO - Setting next_dagrun for example_subdag_operator.section-2 to None, run_after=None
[2022-09-17T10:29:11.800+0000] {logging_mixin.py:115} INFO - [2022-09-17T10:29:11.800+0000] {dag.py:2429} INFO - Sync 2 DAGs
[2022-09-17T10:29:11.819+0000] {logging_mixin.py:115} INFO - [2022-09-17T10:29:11.818+0000] {dag.py:2981} INFO - Setting next_dagrun for example_subdag_operator.section-1 to None, run_after=None
[2022-09-17T10:29:11.821+0000] {logging_mixin.py:115} INFO - [2022-09-17T10:29:11.820+0000] {dag.py:2981} INFO - Setting next_dagrun for example_subdag_operator.section-2 to None, run_after=None
[2022-09-17T10:29:11.844+0000] {processor.py:161} INFO - Processing /home/airflow/.local/lib/python3.7/site-packages/airflow/example_dags/example_subdag_operator.py took 0.778 seconds
[2022-09-17T10:29:42.585+0000] {processor.py:153} INFO - Started process (PID=1169) to work on /home/airflow/.local/lib/python3.7/site-packages/airflow/example_dags/example_subdag_operator.py
[2022-09-17T10:29:42.593+0000] {processor.py:640} INFO - Processing file /home/airflow/.local/lib/python3.7/site-packages/airflow/example_dags/example_subdag_operator.py for tasks to queue
[2022-09-17T10:29:42.597+0000] {logging_mixin.py:115} INFO - [2022-09-17T10:29:42.596+0000] {dagbag.py:508} INFO - Filling up the DagBag from /home/airflow/.local/lib/python3.7/site-packages/airflow/example_dags/example_subdag_operator.py
[2022-09-17T10:29:42.665+0000] {processor.py:650} INFO - DAG(s) dict_keys(['example_subdag_operator.section-1', 'example_subdag_operator.section-2', 'example_subdag_operator']) retrieved from /home/airflow/.local/lib/python3.7/site-packages/airflow/example_dags/example_subdag_operator.py
[2022-09-17T10:29:42.977+0000] {logging_mixin.py:115} INFO - [2022-09-17T10:29:42.977+0000] {dag.py:2429} INFO - Sync 3 DAGs
[2022-09-17T10:29:43.020+0000] {logging_mixin.py:115} INFO - [2022-09-17T10:29:43.020+0000] {dag.py:2981} INFO - Setting next_dagrun for example_subdag_operator to 2022-01-01T00:00:00+00:00, run_after=2022-01-01T00:00:00+00:00
[2022-09-17T10:29:43.022+0000] {logging_mixin.py:115} INFO - [2022-09-17T10:29:43.022+0000] {dag.py:2981} INFO - Setting next_dagrun for example_subdag_operator.section-1 to None, run_after=None
[2022-09-17T10:29:43.023+0000] {logging_mixin.py:115} INFO - [2022-09-17T10:29:43.023+0000] {dag.py:2981} INFO - Setting next_dagrun for example_subdag_operator.section-2 to None, run_after=None
[2022-09-17T10:29:43.036+0000] {logging_mixin.py:115} INFO - [2022-09-17T10:29:43.036+0000] {dag.py:2429} INFO - Sync 2 DAGs
[2022-09-17T10:29:43.046+0000] {logging_mixin.py:115} INFO - [2022-09-17T10:29:43.046+0000] {dag.py:2981} INFO - Setting next_dagrun for example_subdag_operator.section-1 to None, run_after=None
[2022-09-17T10:29:43.049+0000] {logging_mixin.py:115} INFO - [2022-09-17T10:29:43.049+0000] {dag.py:2981} INFO - Setting next_dagrun for example_subdag_operator.section-2 to None, run_after=None
[2022-09-17T10:29:43.066+0000] {processor.py:161} INFO - Processing /home/airflow/.local/lib/python3.7/site-packages/airflow/example_dags/example_subdag_operator.py took 0.493 seconds
[2022-09-17T10:30:13.164+0000] {processor.py:153} INFO - Started process (PID=1373) to work on /home/airflow/.local/lib/python3.7/site-packages/airflow/example_dags/example_subdag_operator.py
[2022-09-17T10:30:13.167+0000] {processor.py:640} INFO - Processing file /home/airflow/.local/lib/python3.7/site-packages/airflow/example_dags/example_subdag_operator.py for tasks to queue
[2022-09-17T10:30:13.169+0000] {logging_mixin.py:115} INFO - [2022-09-17T10:30:13.168+0000] {dagbag.py:508} INFO - Filling up the DagBag from /home/airflow/.local/lib/python3.7/site-packages/airflow/example_dags/example_subdag_operator.py
[2022-09-17T10:30:13.223+0000] {processor.py:650} INFO - DAG(s) dict_keys(['example_subdag_operator.section-1', 'example_subdag_operator.section-2', 'example_subdag_operator']) retrieved from /home/airflow/.local/lib/python3.7/site-packages/airflow/example_dags/example_subdag_operator.py
[2022-09-17T10:30:13.601+0000] {logging_mixin.py:115} INFO - [2022-09-17T10:30:13.601+0000] {dag.py:2429} INFO - Sync 3 DAGs
[2022-09-17T10:30:13.650+0000] {logging_mixin.py:115} INFO - [2022-09-17T10:30:13.650+0000] {dag.py:2981} INFO - Setting next_dagrun for example_subdag_operator to 2022-01-01T00:00:00+00:00, run_after=2022-01-01T00:00:00+00:00
[2022-09-17T10:30:13.652+0000] {logging_mixin.py:115} INFO - [2022-09-17T10:30:13.652+0000] {dag.py:2981} INFO - Setting next_dagrun for example_subdag_operator.section-1 to None, run_after=None
[2022-09-17T10:30:13.654+0000] {logging_mixin.py:115} INFO - [2022-09-17T10:30:13.654+0000] {dag.py:2981} INFO - Setting next_dagrun for example_subdag_operator.section-2 to None, run_after=None
[2022-09-17T10:30:13.673+0000] {logging_mixin.py:115} INFO - [2022-09-17T10:30:13.673+0000] {dag.py:2429} INFO - Sync 2 DAGs
[2022-09-17T10:30:13.689+0000] {logging_mixin.py:115} INFO - [2022-09-17T10:30:13.689+0000] {dag.py:2981} INFO - Setting next_dagrun for example_subdag_operator.section-1 to None, run_after=None
[2022-09-17T10:30:13.691+0000] {logging_mixin.py:115} INFO - [2022-09-17T10:30:13.691+0000] {dag.py:2981} INFO - Setting next_dagrun for example_subdag_operator.section-2 to None, run_after=None
[2022-09-17T10:30:13.719+0000] {processor.py:161} INFO - Processing /home/airflow/.local/lib/python3.7/site-packages/airflow/example_dags/example_subdag_operator.py took 0.563 seconds
[2022-09-17T10:30:44.453+0000] {processor.py:153} INFO - Started process (PID=1588) to work on /home/airflow/.local/lib/python3.7/site-packages/airflow/example_dags/example_subdag_operator.py
[2022-09-17T10:30:44.455+0000] {processor.py:640} INFO - Processing file /home/airflow/.local/lib/python3.7/site-packages/airflow/example_dags/example_subdag_operator.py for tasks to queue
[2022-09-17T10:30:44.457+0000] {logging_mixin.py:115} INFO - [2022-09-17T10:30:44.457+0000] {dagbag.py:508} INFO - Filling up the DagBag from /home/airflow/.local/lib/python3.7/site-packages/airflow/example_dags/example_subdag_operator.py
[2022-09-17T10:30:44.505+0000] {processor.py:650} INFO - DAG(s) dict_keys(['example_subdag_operator.section-1', 'example_subdag_operator.section-2', 'example_subdag_operator']) retrieved from /home/airflow/.local/lib/python3.7/site-packages/airflow/example_dags/example_subdag_operator.py
[2022-09-17T10:30:44.756+0000] {logging_mixin.py:115} INFO - [2022-09-17T10:30:44.755+0000] {dag.py:2429} INFO - Sync 3 DAGs
[2022-09-17T10:30:44.790+0000] {logging_mixin.py:115} INFO - [2022-09-17T10:30:44.790+0000] {dag.py:2981} INFO - Setting next_dagrun for example_subdag_operator to 2022-01-01T00:00:00+00:00, run_after=2022-01-01T00:00:00+00:00
[2022-09-17T10:30:44.791+0000] {logging_mixin.py:115} INFO - [2022-09-17T10:30:44.791+0000] {dag.py:2981} INFO - Setting next_dagrun for example_subdag_operator.section-1 to None, run_after=None
[2022-09-17T10:30:44.792+0000] {logging_mixin.py:115} INFO - [2022-09-17T10:30:44.792+0000] {dag.py:2981} INFO - Setting next_dagrun for example_subdag_operator.section-2 to None, run_after=None
[2022-09-17T10:30:44.807+0000] {logging_mixin.py:115} INFO - [2022-09-17T10:30:44.807+0000] {dag.py:2429} INFO - Sync 2 DAGs
[2022-09-17T10:30:44.818+0000] {logging_mixin.py:115} INFO - [2022-09-17T10:30:44.818+0000] {dag.py:2981} INFO - Setting next_dagrun for example_subdag_operator.section-1 to None, run_after=None
[2022-09-17T10:30:44.819+0000] {logging_mixin.py:115} INFO - [2022-09-17T10:30:44.819+0000] {dag.py:2981} INFO - Setting next_dagrun for example_subdag_operator.section-2 to None, run_after=None
[2022-09-17T10:30:44.832+0000] {processor.py:161} INFO - Processing /home/airflow/.local/lib/python3.7/site-packages/airflow/example_dags/example_subdag_operator.py took 0.385 seconds
[2022-09-17T10:31:18.745+0000] {processor.py:153} INFO - Started process (PID=1790) to work on /home/airflow/.local/lib/python3.7/site-packages/airflow/example_dags/example_subdag_operator.py
[2022-09-17T10:31:18.748+0000] {processor.py:640} INFO - Processing file /home/airflow/.local/lib/python3.7/site-packages/airflow/example_dags/example_subdag_operator.py for tasks to queue
[2022-09-17T10:31:18.752+0000] {logging_mixin.py:115} INFO - [2022-09-17T10:31:18.751+0000] {dagbag.py:508} INFO - Filling up the DagBag from /home/airflow/.local/lib/python3.7/site-packages/airflow/example_dags/example_subdag_operator.py
[2022-09-17T10:31:18.853+0000] {processor.py:650} INFO - DAG(s) dict_keys(['example_subdag_operator.section-1', 'example_subdag_operator.section-2', 'example_subdag_operator']) retrieved from /home/airflow/.local/lib/python3.7/site-packages/airflow/example_dags/example_subdag_operator.py
[2022-09-17T10:31:19.355+0000] {logging_mixin.py:115} INFO - [2022-09-17T10:31:19.355+0000] {dag.py:2429} INFO - Sync 3 DAGs
[2022-09-17T10:31:19.401+0000] {logging_mixin.py:115} INFO - [2022-09-17T10:31:19.400+0000] {dag.py:2981} INFO - Setting next_dagrun for example_subdag_operator to 2022-01-01T00:00:00+00:00, run_after=2022-01-01T00:00:00+00:00
[2022-09-17T10:31:19.403+0000] {logging_mixin.py:115} INFO - [2022-09-17T10:31:19.403+0000] {dag.py:2981} INFO - Setting next_dagrun for example_subdag_operator.section-1 to None, run_after=None
[2022-09-17T10:31:19.405+0000] {logging_mixin.py:115} INFO - [2022-09-17T10:31:19.405+0000] {dag.py:2981} INFO - Setting next_dagrun for example_subdag_operator.section-2 to None, run_after=None
[2022-09-17T10:31:19.424+0000] {logging_mixin.py:115} INFO - [2022-09-17T10:31:19.424+0000] {dag.py:2429} INFO - Sync 2 DAGs
[2022-09-17T10:31:19.443+0000] {logging_mixin.py:115} INFO - [2022-09-17T10:31:19.442+0000] {dag.py:2981} INFO - Setting next_dagrun for example_subdag_operator.section-1 to None, run_after=None
[2022-09-17T10:31:19.445+0000] {logging_mixin.py:115} INFO - [2022-09-17T10:31:19.445+0000] {dag.py:2981} INFO - Setting next_dagrun for example_subdag_operator.section-2 to None, run_after=None
[2022-09-17T10:31:19.466+0000] {processor.py:161} INFO - Processing /home/airflow/.local/lib/python3.7/site-packages/airflow/example_dags/example_subdag_operator.py took 0.737 seconds
[2022-09-17T10:31:50.075+0000] {processor.py:153} INFO - Started process (PID=1998) to work on /home/airflow/.local/lib/python3.7/site-packages/airflow/example_dags/example_subdag_operator.py
[2022-09-17T10:31:50.079+0000] {processor.py:640} INFO - Processing file /home/airflow/.local/lib/python3.7/site-packages/airflow/example_dags/example_subdag_operator.py for tasks to queue
[2022-09-17T10:31:50.083+0000] {logging_mixin.py:115} INFO - [2022-09-17T10:31:50.082+0000] {dagbag.py:508} INFO - Filling up the DagBag from /home/airflow/.local/lib/python3.7/site-packages/airflow/example_dags/example_subdag_operator.py
[2022-09-17T10:31:50.137+0000] {processor.py:650} INFO - DAG(s) dict_keys(['example_subdag_operator.section-1', 'example_subdag_operator.section-2', 'example_subdag_operator']) retrieved from /home/airflow/.local/lib/python3.7/site-packages/airflow/example_dags/example_subdag_operator.py
[2022-09-17T10:31:50.451+0000] {logging_mixin.py:115} INFO - [2022-09-17T10:31:50.450+0000] {dag.py:2429} INFO - Sync 3 DAGs
[2022-09-17T10:31:50.515+0000] {logging_mixin.py:115} INFO - [2022-09-17T10:31:50.514+0000] {dag.py:2981} INFO - Setting next_dagrun for example_subdag_operator to 2022-01-01T00:00:00+00:00, run_after=2022-01-01T00:00:00+00:00
[2022-09-17T10:31:50.517+0000] {logging_mixin.py:115} INFO - [2022-09-17T10:31:50.517+0000] {dag.py:2981} INFO - Setting next_dagrun for example_subdag_operator.section-1 to None, run_after=None
[2022-09-17T10:31:50.519+0000] {logging_mixin.py:115} INFO - [2022-09-17T10:31:50.519+0000] {dag.py:2981} INFO - Setting next_dagrun for example_subdag_operator.section-2 to None, run_after=None
[2022-09-17T10:31:50.533+0000] {logging_mixin.py:115} INFO - [2022-09-17T10:31:50.532+0000] {dag.py:2429} INFO - Sync 2 DAGs
[2022-09-17T10:31:50.547+0000] {logging_mixin.py:115} INFO - [2022-09-17T10:31:50.547+0000] {dag.py:2981} INFO - Setting next_dagrun for example_subdag_operator.section-1 to None, run_after=None
[2022-09-17T10:31:50.549+0000] {logging_mixin.py:115} INFO - [2022-09-17T10:31:50.549+0000] {dag.py:2981} INFO - Setting next_dagrun for example_subdag_operator.section-2 to None, run_after=None
[2022-09-17T10:31:50.568+0000] {processor.py:161} INFO - Processing /home/airflow/.local/lib/python3.7/site-packages/airflow/example_dags/example_subdag_operator.py took 0.503 seconds
[2022-09-17T10:32:20.949+0000] {processor.py:153} INFO - Started process (PID=2211) to work on /home/airflow/.local/lib/python3.7/site-packages/airflow/example_dags/example_subdag_operator.py
[2022-09-17T10:32:20.956+0000] {processor.py:640} INFO - Processing file /home/airflow/.local/lib/python3.7/site-packages/airflow/example_dags/example_subdag_operator.py for tasks to queue
[2022-09-17T10:32:20.958+0000] {logging_mixin.py:115} INFO - [2022-09-17T10:32:20.958+0000] {dagbag.py:508} INFO - Filling up the DagBag from /home/airflow/.local/lib/python3.7/site-packages/airflow/example_dags/example_subdag_operator.py
[2022-09-17T10:32:20.998+0000] {processor.py:650} INFO - DAG(s) dict_keys(['example_subdag_operator.section-1', 'example_subdag_operator.section-2', 'example_subdag_operator']) retrieved from /home/airflow/.local/lib/python3.7/site-packages/airflow/example_dags/example_subdag_operator.py
[2022-09-17T10:32:21.262+0000] {logging_mixin.py:115} INFO - [2022-09-17T10:32:21.261+0000] {dag.py:2429} INFO - Sync 3 DAGs
[2022-09-17T10:32:21.304+0000] {logging_mixin.py:115} INFO - [2022-09-17T10:32:21.304+0000] {dag.py:2981} INFO - Setting next_dagrun for example_subdag_operator to 2022-01-01T00:00:00+00:00, run_after=2022-01-01T00:00:00+00:00
[2022-09-17T10:32:21.306+0000] {logging_mixin.py:115} INFO - [2022-09-17T10:32:21.306+0000] {dag.py:2981} INFO - Setting next_dagrun for example_subdag_operator.section-1 to None, run_after=None
[2022-09-17T10:32:21.308+0000] {logging_mixin.py:115} INFO - [2022-09-17T10:32:21.307+0000] {dag.py:2981} INFO - Setting next_dagrun for example_subdag_operator.section-2 to None, run_after=None
[2022-09-17T10:32:21.321+0000] {logging_mixin.py:115} INFO - [2022-09-17T10:32:21.321+0000] {dag.py:2429} INFO - Sync 2 DAGs
[2022-09-17T10:32:21.334+0000] {logging_mixin.py:115} INFO - [2022-09-17T10:32:21.333+0000] {dag.py:2981} INFO - Setting next_dagrun for example_subdag_operator.section-1 to None, run_after=None
[2022-09-17T10:32:21.337+0000] {logging_mixin.py:115} INFO - [2022-09-17T10:32:21.336+0000] {dag.py:2981} INFO - Setting next_dagrun for example_subdag_operator.section-2 to None, run_after=None
[2022-09-17T10:32:21.352+0000] {processor.py:161} INFO - Processing /home/airflow/.local/lib/python3.7/site-packages/airflow/example_dags/example_subdag_operator.py took 0.410 seconds
[2022-09-17T10:32:52.075+0000] {processor.py:153} INFO - Started process (PID=2425) to work on /home/airflow/.local/lib/python3.7/site-packages/airflow/example_dags/example_subdag_operator.py
[2022-09-17T10:32:52.083+0000] {processor.py:640} INFO - Processing file /home/airflow/.local/lib/python3.7/site-packages/airflow/example_dags/example_subdag_operator.py for tasks to queue
[2022-09-17T10:32:52.084+0000] {logging_mixin.py:115} INFO - [2022-09-17T10:32:52.084+0000] {dagbag.py:508} INFO - Filling up the DagBag from /home/airflow/.local/lib/python3.7/site-packages/airflow/example_dags/example_subdag_operator.py
[2022-09-17T10:32:52.158+0000] {processor.py:650} INFO - DAG(s) dict_keys(['example_subdag_operator.section-1', 'example_subdag_operator.section-2', 'example_subdag_operator']) retrieved from /home/airflow/.local/lib/python3.7/site-packages/airflow/example_dags/example_subdag_operator.py
[2022-09-17T10:32:52.463+0000] {logging_mixin.py:115} INFO - [2022-09-17T10:32:52.463+0000] {dag.py:2429} INFO - Sync 3 DAGs
[2022-09-17T10:32:52.516+0000] {logging_mixin.py:115} INFO - [2022-09-17T10:32:52.515+0000] {dag.py:2981} INFO - Setting next_dagrun for example_subdag_operator to 2022-01-01T00:00:00+00:00, run_after=2022-01-01T00:00:00+00:00
[2022-09-17T10:32:52.519+0000] {logging_mixin.py:115} INFO - [2022-09-17T10:32:52.519+0000] {dag.py:2981} INFO - Setting next_dagrun for example_subdag_operator.section-1 to None, run_after=None
[2022-09-17T10:32:52.521+0000] {logging_mixin.py:115} INFO - [2022-09-17T10:32:52.520+0000] {dag.py:2981} INFO - Setting next_dagrun for example_subdag_operator.section-2 to None, run_after=None
[2022-09-17T10:32:52.537+0000] {logging_mixin.py:115} INFO - [2022-09-17T10:32:52.537+0000] {dag.py:2429} INFO - Sync 2 DAGs
[2022-09-17T10:32:52.552+0000] {logging_mixin.py:115} INFO - [2022-09-17T10:32:52.551+0000] {dag.py:2981} INFO - Setting next_dagrun for example_subdag_operator.section-1 to None, run_after=None
[2022-09-17T10:32:52.553+0000] {logging_mixin.py:115} INFO - [2022-09-17T10:32:52.553+0000] {dag.py:2981} INFO - Setting next_dagrun for example_subdag_operator.section-2 to None, run_after=None
[2022-09-17T10:32:52.571+0000] {processor.py:161} INFO - Processing /home/airflow/.local/lib/python3.7/site-packages/airflow/example_dags/example_subdag_operator.py took 0.502 seconds
[2022-09-17T10:33:22.809+0000] {processor.py:153} INFO - Started process (PID=2632) to work on /home/airflow/.local/lib/python3.7/site-packages/airflow/example_dags/example_subdag_operator.py
[2022-09-17T10:33:22.814+0000] {processor.py:640} INFO - Processing file /home/airflow/.local/lib/python3.7/site-packages/airflow/example_dags/example_subdag_operator.py for tasks to queue
[2022-09-17T10:33:22.815+0000] {logging_mixin.py:115} INFO - [2022-09-17T10:33:22.815+0000] {dagbag.py:508} INFO - Filling up the DagBag from /home/airflow/.local/lib/python3.7/site-packages/airflow/example_dags/example_subdag_operator.py
[2022-09-17T10:33:22.860+0000] {processor.py:650} INFO - DAG(s) dict_keys(['example_subdag_operator.section-1', 'example_subdag_operator.section-2', 'example_subdag_operator']) retrieved from /home/airflow/.local/lib/python3.7/site-packages/airflow/example_dags/example_subdag_operator.py
[2022-09-17T10:33:23.110+0000] {logging_mixin.py:115} INFO - [2022-09-17T10:33:23.109+0000] {dag.py:2429} INFO - Sync 3 DAGs
[2022-09-17T10:33:23.142+0000] {logging_mixin.py:115} INFO - [2022-09-17T10:33:23.142+0000] {dag.py:2981} INFO - Setting next_dagrun for example_subdag_operator to 2022-01-01T00:00:00+00:00, run_after=2022-01-01T00:00:00+00:00
[2022-09-17T10:33:23.144+0000] {logging_mixin.py:115} INFO - [2022-09-17T10:33:23.144+0000] {dag.py:2981} INFO - Setting next_dagrun for example_subdag_operator.section-1 to None, run_after=None
[2022-09-17T10:33:23.145+0000] {logging_mixin.py:115} INFO - [2022-09-17T10:33:23.145+0000] {dag.py:2981} INFO - Setting next_dagrun for example_subdag_operator.section-2 to None, run_after=None
[2022-09-17T10:33:23.156+0000] {logging_mixin.py:115} INFO - [2022-09-17T10:33:23.156+0000] {dag.py:2429} INFO - Sync 2 DAGs
[2022-09-17T10:33:23.166+0000] {logging_mixin.py:115} INFO - [2022-09-17T10:33:23.166+0000] {dag.py:2981} INFO - Setting next_dagrun for example_subdag_operator.section-1 to None, run_after=None
[2022-09-17T10:33:23.168+0000] {logging_mixin.py:115} INFO - [2022-09-17T10:33:23.168+0000] {dag.py:2981} INFO - Setting next_dagrun for example_subdag_operator.section-2 to None, run_after=None
[2022-09-17T10:33:23.184+0000] {processor.py:161} INFO - Processing /home/airflow/.local/lib/python3.7/site-packages/airflow/example_dags/example_subdag_operator.py took 0.385 seconds
