[2022-09-17T10:27:35.726+0000] {processor.py:153} INFO - Started process (PID=263) to work on /home/airflow/.local/lib/python3.7/site-packages/airflow/example_dags/example_dag_decorator.py
[2022-09-17T10:27:35.729+0000] {processor.py:640} INFO - Processing file /home/airflow/.local/lib/python3.7/site-packages/airflow/example_dags/example_dag_decorator.py for tasks to queue
[2022-09-17T10:27:35.731+0000] {logging_mixin.py:115} INFO - [2022-09-17T10:27:35.731+0000] {dagbag.py:508} INFO - Filling up the DagBag from /home/airflow/.local/lib/python3.7/site-packages/airflow/example_dags/example_dag_decorator.py
[2022-09-17T10:27:35.779+0000] {processor.py:650} INFO - DAG(s) dict_keys(['example_dag_decorator']) retrieved from /home/airflow/.local/lib/python3.7/site-packages/airflow/example_dags/example_dag_decorator.py
[2022-09-17T10:27:35.910+0000] {logging_mixin.py:115} INFO - [2022-09-17T10:27:35.910+0000] {dag.py:2429} INFO - Sync 1 DAGs
[2022-09-17T10:27:35.940+0000] {logging_mixin.py:115} INFO - [2022-09-17T10:27:35.940+0000] {dag.py:2981} INFO - Setting next_dagrun for example_dag_decorator to None, run_after=None
[2022-09-17T10:27:35.965+0000] {processor.py:161} INFO - Processing /home/airflow/.local/lib/python3.7/site-packages/airflow/example_dags/example_dag_decorator.py took 0.244 seconds
[2022-09-17T10:28:07.019+0000] {processor.py:153} INFO - Started process (PID=475) to work on /home/airflow/.local/lib/python3.7/site-packages/airflow/example_dags/example_dag_decorator.py
[2022-09-17T10:28:07.023+0000] {processor.py:640} INFO - Processing file /home/airflow/.local/lib/python3.7/site-packages/airflow/example_dags/example_dag_decorator.py for tasks to queue
[2022-09-17T10:28:07.026+0000] {logging_mixin.py:115} INFO - [2022-09-17T10:28:07.025+0000] {dagbag.py:508} INFO - Filling up the DagBag from /home/airflow/.local/lib/python3.7/site-packages/airflow/example_dags/example_dag_decorator.py
[2022-09-17T10:28:07.103+0000] {processor.py:650} INFO - DAG(s) dict_keys(['example_dag_decorator']) retrieved from /home/airflow/.local/lib/python3.7/site-packages/airflow/example_dags/example_dag_decorator.py
[2022-09-17T10:28:07.321+0000] {logging_mixin.py:115} INFO - [2022-09-17T10:28:07.320+0000] {dag.py:2429} INFO - Sync 1 DAGs
[2022-09-17T10:28:07.387+0000] {logging_mixin.py:115} INFO - [2022-09-17T10:28:07.387+0000] {dag.py:2981} INFO - Setting next_dagrun for example_dag_decorator to None, run_after=None
[2022-09-17T10:28:07.431+0000] {processor.py:161} INFO - Processing /home/airflow/.local/lib/python3.7/site-packages/airflow/example_dags/example_dag_decorator.py took 0.420 seconds
[2022-09-17T10:28:38.334+0000] {processor.py:153} INFO - Started process (PID=691) to work on /home/airflow/.local/lib/python3.7/site-packages/airflow/example_dags/example_dag_decorator.py
[2022-09-17T10:28:38.338+0000] {processor.py:640} INFO - Processing file /home/airflow/.local/lib/python3.7/site-packages/airflow/example_dags/example_dag_decorator.py for tasks to queue
[2022-09-17T10:28:38.341+0000] {logging_mixin.py:115} INFO - [2022-09-17T10:28:38.340+0000] {dagbag.py:508} INFO - Filling up the DagBag from /home/airflow/.local/lib/python3.7/site-packages/airflow/example_dags/example_dag_decorator.py
[2022-09-17T10:28:38.395+0000] {processor.py:650} INFO - DAG(s) dict_keys(['example_dag_decorator']) retrieved from /home/airflow/.local/lib/python3.7/site-packages/airflow/example_dags/example_dag_decorator.py
[2022-09-17T10:28:38.526+0000] {logging_mixin.py:115} INFO - [2022-09-17T10:28:38.526+0000] {dag.py:2429} INFO - Sync 1 DAGs
[2022-09-17T10:28:38.567+0000] {logging_mixin.py:115} INFO - [2022-09-17T10:28:38.567+0000] {dag.py:2981} INFO - Setting next_dagrun for example_dag_decorator to None, run_after=None
[2022-09-17T10:28:38.602+0000] {processor.py:161} INFO - Processing /home/airflow/.local/lib/python3.7/site-packages/airflow/example_dags/example_dag_decorator.py took 0.275 seconds
[2022-09-17T10:29:08.758+0000] {processor.py:153} INFO - Started process (PID=896) to work on /home/airflow/.local/lib/python3.7/site-packages/airflow/example_dags/example_dag_decorator.py
[2022-09-17T10:29:08.763+0000] {processor.py:640} INFO - Processing file /home/airflow/.local/lib/python3.7/site-packages/airflow/example_dags/example_dag_decorator.py for tasks to queue
[2022-09-17T10:29:08.766+0000] {logging_mixin.py:115} INFO - [2022-09-17T10:29:08.765+0000] {dagbag.py:508} INFO - Filling up the DagBag from /home/airflow/.local/lib/python3.7/site-packages/airflow/example_dags/example_dag_decorator.py
[2022-09-17T10:29:08.817+0000] {processor.py:650} INFO - DAG(s) dict_keys(['example_dag_decorator']) retrieved from /home/airflow/.local/lib/python3.7/site-packages/airflow/example_dags/example_dag_decorator.py
[2022-09-17T10:29:08.953+0000] {logging_mixin.py:115} INFO - [2022-09-17T10:29:08.952+0000] {dag.py:2429} INFO - Sync 1 DAGs
[2022-09-17T10:29:08.988+0000] {logging_mixin.py:115} INFO - [2022-09-17T10:29:08.988+0000] {dag.py:2981} INFO - Setting next_dagrun for example_dag_decorator to None, run_after=None
[2022-09-17T10:29:09.020+0000] {processor.py:161} INFO - Processing /home/airflow/.local/lib/python3.7/site-packages/airflow/example_dags/example_dag_decorator.py took 0.268 seconds
[2022-09-17T10:29:39.955+0000] {processor.py:153} INFO - Started process (PID=1107) to work on /home/airflow/.local/lib/python3.7/site-packages/airflow/example_dags/example_dag_decorator.py
[2022-09-17T10:29:39.964+0000] {processor.py:640} INFO - Processing file /home/airflow/.local/lib/python3.7/site-packages/airflow/example_dags/example_dag_decorator.py for tasks to queue
[2022-09-17T10:29:39.967+0000] {logging_mixin.py:115} INFO - [2022-09-17T10:29:39.966+0000] {dagbag.py:508} INFO - Filling up the DagBag from /home/airflow/.local/lib/python3.7/site-packages/airflow/example_dags/example_dag_decorator.py
[2022-09-17T10:29:40.045+0000] {processor.py:650} INFO - DAG(s) dict_keys(['example_dag_decorator']) retrieved from /home/airflow/.local/lib/python3.7/site-packages/airflow/example_dags/example_dag_decorator.py
[2022-09-17T10:29:40.242+0000] {logging_mixin.py:115} INFO - [2022-09-17T10:29:40.241+0000] {dag.py:2429} INFO - Sync 1 DAGs
[2022-09-17T10:29:40.294+0000] {logging_mixin.py:115} INFO - [2022-09-17T10:29:40.294+0000] {dag.py:2981} INFO - Setting next_dagrun for example_dag_decorator to None, run_after=None
[2022-09-17T10:29:40.347+0000] {processor.py:161} INFO - Processing /home/airflow/.local/lib/python3.7/site-packages/airflow/example_dags/example_dag_decorator.py took 0.401 seconds
[2022-09-17T10:30:11.340+0000] {processor.py:153} INFO - Started process (PID=1312) to work on /home/airflow/.local/lib/python3.7/site-packages/airflow/example_dags/example_dag_decorator.py
[2022-09-17T10:30:11.347+0000] {processor.py:640} INFO - Processing file /home/airflow/.local/lib/python3.7/site-packages/airflow/example_dags/example_dag_decorator.py for tasks to queue
[2022-09-17T10:30:11.353+0000] {logging_mixin.py:115} INFO - [2022-09-17T10:30:11.352+0000] {dagbag.py:508} INFO - Filling up the DagBag from /home/airflow/.local/lib/python3.7/site-packages/airflow/example_dags/example_dag_decorator.py
[2022-09-17T10:30:11.420+0000] {processor.py:650} INFO - DAG(s) dict_keys(['example_dag_decorator']) retrieved from /home/airflow/.local/lib/python3.7/site-packages/airflow/example_dags/example_dag_decorator.py
[2022-09-17T10:30:11.580+0000] {logging_mixin.py:115} INFO - [2022-09-17T10:30:11.580+0000] {dag.py:2429} INFO - Sync 1 DAGs
[2022-09-17T10:30:11.639+0000] {logging_mixin.py:115} INFO - [2022-09-17T10:30:11.638+0000] {dag.py:2981} INFO - Setting next_dagrun for example_dag_decorator to None, run_after=None
[2022-09-17T10:30:11.677+0000] {processor.py:161} INFO - Processing /home/airflow/.local/lib/python3.7/site-packages/airflow/example_dags/example_dag_decorator.py took 0.360 seconds
[2022-09-17T10:30:42.068+0000] {processor.py:153} INFO - Started process (PID=1528) to work on /home/airflow/.local/lib/python3.7/site-packages/airflow/example_dags/example_dag_decorator.py
[2022-09-17T10:30:42.072+0000] {processor.py:640} INFO - Processing file /home/airflow/.local/lib/python3.7/site-packages/airflow/example_dags/example_dag_decorator.py for tasks to queue
[2022-09-17T10:30:42.075+0000] {logging_mixin.py:115} INFO - [2022-09-17T10:30:42.075+0000] {dagbag.py:508} INFO - Filling up the DagBag from /home/airflow/.local/lib/python3.7/site-packages/airflow/example_dags/example_dag_decorator.py
[2022-09-17T10:30:42.123+0000] {processor.py:650} INFO - DAG(s) dict_keys(['example_dag_decorator']) retrieved from /home/airflow/.local/lib/python3.7/site-packages/airflow/example_dags/example_dag_decorator.py
[2022-09-17T10:30:42.245+0000] {logging_mixin.py:115} INFO - [2022-09-17T10:30:42.245+0000] {dag.py:2429} INFO - Sync 1 DAGs
[2022-09-17T10:30:42.273+0000] {logging_mixin.py:115} INFO - [2022-09-17T10:30:42.273+0000] {dag.py:2981} INFO - Setting next_dagrun for example_dag_decorator to None, run_after=None
[2022-09-17T10:30:42.295+0000] {processor.py:161} INFO - Processing /home/airflow/.local/lib/python3.7/site-packages/airflow/example_dags/example_dag_decorator.py took 0.234 seconds
[2022-09-17T10:31:16.534+0000] {processor.py:153} INFO - Started process (PID=1730) to work on /home/airflow/.local/lib/python3.7/site-packages/airflow/example_dags/example_dag_decorator.py
[2022-09-17T10:31:16.540+0000] {processor.py:640} INFO - Processing file /home/airflow/.local/lib/python3.7/site-packages/airflow/example_dags/example_dag_decorator.py for tasks to queue
[2022-09-17T10:31:16.549+0000] {logging_mixin.py:115} INFO - [2022-09-17T10:31:16.548+0000] {dagbag.py:508} INFO - Filling up the DagBag from /home/airflow/.local/lib/python3.7/site-packages/airflow/example_dags/example_dag_decorator.py
[2022-09-17T10:31:16.614+0000] {processor.py:650} INFO - DAG(s) dict_keys(['example_dag_decorator']) retrieved from /home/airflow/.local/lib/python3.7/site-packages/airflow/example_dags/example_dag_decorator.py
[2022-09-17T10:31:16.786+0000] {logging_mixin.py:115} INFO - [2022-09-17T10:31:16.786+0000] {dag.py:2429} INFO - Sync 1 DAGs
[2022-09-17T10:31:16.837+0000] {logging_mixin.py:115} INFO - [2022-09-17T10:31:16.837+0000] {dag.py:2981} INFO - Setting next_dagrun for example_dag_decorator to None, run_after=None
[2022-09-17T10:31:16.900+0000] {processor.py:161} INFO - Processing /home/airflow/.local/lib/python3.7/site-packages/airflow/example_dags/example_dag_decorator.py took 0.408 seconds
[2022-09-17T10:31:47.822+0000] {processor.py:153} INFO - Started process (PID=1938) to work on /home/airflow/.local/lib/python3.7/site-packages/airflow/example_dags/example_dag_decorator.py
[2022-09-17T10:31:47.824+0000] {processor.py:640} INFO - Processing file /home/airflow/.local/lib/python3.7/site-packages/airflow/example_dags/example_dag_decorator.py for tasks to queue
[2022-09-17T10:31:47.825+0000] {logging_mixin.py:115} INFO - [2022-09-17T10:31:47.825+0000] {dagbag.py:508} INFO - Filling up the DagBag from /home/airflow/.local/lib/python3.7/site-packages/airflow/example_dags/example_dag_decorator.py
[2022-09-17T10:31:47.862+0000] {processor.py:650} INFO - DAG(s) dict_keys(['example_dag_decorator']) retrieved from /home/airflow/.local/lib/python3.7/site-packages/airflow/example_dags/example_dag_decorator.py
[2022-09-17T10:31:48.042+0000] {logging_mixin.py:115} INFO - [2022-09-17T10:31:48.040+0000] {dag.py:2429} INFO - Sync 1 DAGs
[2022-09-17T10:31:48.105+0000] {logging_mixin.py:115} INFO - [2022-09-17T10:31:48.105+0000] {dag.py:2981} INFO - Setting next_dagrun for example_dag_decorator to None, run_after=None
[2022-09-17T10:31:48.148+0000] {processor.py:161} INFO - Processing /home/airflow/.local/lib/python3.7/site-packages/airflow/example_dags/example_dag_decorator.py took 0.333 seconds
[2022-09-17T10:32:18.838+0000] {processor.py:153} INFO - Started process (PID=2151) to work on /home/airflow/.local/lib/python3.7/site-packages/airflow/example_dags/example_dag_decorator.py
[2022-09-17T10:32:18.845+0000] {processor.py:640} INFO - Processing file /home/airflow/.local/lib/python3.7/site-packages/airflow/example_dags/example_dag_decorator.py for tasks to queue
[2022-09-17T10:32:18.847+0000] {logging_mixin.py:115} INFO - [2022-09-17T10:32:18.847+0000] {dagbag.py:508} INFO - Filling up the DagBag from /home/airflow/.local/lib/python3.7/site-packages/airflow/example_dags/example_dag_decorator.py
[2022-09-17T10:32:18.887+0000] {processor.py:650} INFO - DAG(s) dict_keys(['example_dag_decorator']) retrieved from /home/airflow/.local/lib/python3.7/site-packages/airflow/example_dags/example_dag_decorator.py
[2022-09-17T10:32:18.992+0000] {logging_mixin.py:115} INFO - [2022-09-17T10:32:18.991+0000] {dag.py:2429} INFO - Sync 1 DAGs
[2022-09-17T10:32:19.021+0000] {logging_mixin.py:115} INFO - [2022-09-17T10:32:19.021+0000] {dag.py:2981} INFO - Setting next_dagrun for example_dag_decorator to None, run_after=None
[2022-09-17T10:32:19.060+0000] {processor.py:161} INFO - Processing /home/airflow/.local/lib/python3.7/site-packages/airflow/example_dags/example_dag_decorator.py took 0.228 seconds
[2022-09-17T10:32:49.730+0000] {processor.py:153} INFO - Started process (PID=2356) to work on /home/airflow/.local/lib/python3.7/site-packages/airflow/example_dags/example_dag_decorator.py
[2022-09-17T10:32:49.739+0000] {processor.py:640} INFO - Processing file /home/airflow/.local/lib/python3.7/site-packages/airflow/example_dags/example_dag_decorator.py for tasks to queue
[2022-09-17T10:32:49.742+0000] {logging_mixin.py:115} INFO - [2022-09-17T10:32:49.742+0000] {dagbag.py:508} INFO - Filling up the DagBag from /home/airflow/.local/lib/python3.7/site-packages/airflow/example_dags/example_dag_decorator.py
[2022-09-17T10:32:49.788+0000] {processor.py:650} INFO - DAG(s) dict_keys(['example_dag_decorator']) retrieved from /home/airflow/.local/lib/python3.7/site-packages/airflow/example_dags/example_dag_decorator.py
[2022-09-17T10:32:49.900+0000] {logging_mixin.py:115} INFO - [2022-09-17T10:32:49.900+0000] {dag.py:2429} INFO - Sync 1 DAGs
[2022-09-17T10:32:49.939+0000] {logging_mixin.py:115} INFO - [2022-09-17T10:32:49.939+0000] {dag.py:2981} INFO - Setting next_dagrun for example_dag_decorator to None, run_after=None
[2022-09-17T10:32:50.148+0000] {processor.py:161} INFO - Processing /home/airflow/.local/lib/python3.7/site-packages/airflow/example_dags/example_dag_decorator.py took 0.424 seconds
[2022-09-17T10:33:20.504+0000] {processor.py:153} INFO - Started process (PID=2572) to work on /home/airflow/.local/lib/python3.7/site-packages/airflow/example_dags/example_dag_decorator.py
[2022-09-17T10:33:20.506+0000] {processor.py:640} INFO - Processing file /home/airflow/.local/lib/python3.7/site-packages/airflow/example_dags/example_dag_decorator.py for tasks to queue
[2022-09-17T10:33:20.508+0000] {logging_mixin.py:115} INFO - [2022-09-17T10:33:20.508+0000] {dagbag.py:508} INFO - Filling up the DagBag from /home/airflow/.local/lib/python3.7/site-packages/airflow/example_dags/example_dag_decorator.py
[2022-09-17T10:33:20.550+0000] {processor.py:650} INFO - DAG(s) dict_keys(['example_dag_decorator']) retrieved from /home/airflow/.local/lib/python3.7/site-packages/airflow/example_dags/example_dag_decorator.py
[2022-09-17T10:33:20.643+0000] {logging_mixin.py:115} INFO - [2022-09-17T10:33:20.643+0000] {dag.py:2429} INFO - Sync 1 DAGs
[2022-09-17T10:33:20.674+0000] {logging_mixin.py:115} INFO - [2022-09-17T10:33:20.674+0000] {dag.py:2981} INFO - Setting next_dagrun for example_dag_decorator to None, run_after=None
[2022-09-17T10:33:20.840+0000] {processor.py:161} INFO - Processing /home/airflow/.local/lib/python3.7/site-packages/airflow/example_dags/example_dag_decorator.py took 0.342 seconds
