[2022-09-17T10:27:35.798+0000] {processor.py:153} INFO - Started process (PID=268) to work on /home/airflow/.local/lib/python3.7/site-packages/airflow/example_dags/tutorial_taskflow_api_etl_virtualenv.py
[2022-09-17T10:27:35.800+0000] {processor.py:640} INFO - Processing file /home/airflow/.local/lib/python3.7/site-packages/airflow/example_dags/tutorial_taskflow_api_etl_virtualenv.py for tasks to queue
[2022-09-17T10:27:35.803+0000] {logging_mixin.py:115} INFO - [2022-09-17T10:27:35.802+0000] {dagbag.py:508} INFO - Filling up the DagBag from /home/airflow/.local/lib/python3.7/site-packages/airflow/example_dags/tutorial_taskflow_api_etl_virtualenv.py
[2022-09-17T10:27:35.843+0000] {processor.py:650} INFO - DAG(s) dict_keys(['tutorial_taskflow_api_etl_virtualenv']) retrieved from /home/airflow/.local/lib/python3.7/site-packages/airflow/example_dags/tutorial_taskflow_api_etl_virtualenv.py
[2022-09-17T10:27:35.944+0000] {logging_mixin.py:115} INFO - [2022-09-17T10:27:35.944+0000] {dag.py:2429} INFO - Sync 1 DAGs
[2022-09-17T10:27:35.984+0000] {logging_mixin.py:115} INFO - [2022-09-17T10:27:35.984+0000] {dag.py:2981} INFO - Setting next_dagrun for tutorial_taskflow_api_etl_virtualenv to None, run_after=None
[2022-09-17T10:27:36.021+0000] {processor.py:161} INFO - Processing /home/airflow/.local/lib/python3.7/site-packages/airflow/example_dags/tutorial_taskflow_api_etl_virtualenv.py took 0.232 seconds
[2022-09-17T10:28:07.164+0000] {processor.py:153} INFO - Started process (PID=480) to work on /home/airflow/.local/lib/python3.7/site-packages/airflow/example_dags/tutorial_taskflow_api_etl_virtualenv.py
[2022-09-17T10:28:07.168+0000] {processor.py:640} INFO - Processing file /home/airflow/.local/lib/python3.7/site-packages/airflow/example_dags/tutorial_taskflow_api_etl_virtualenv.py for tasks to queue
[2022-09-17T10:28:07.170+0000] {logging_mixin.py:115} INFO - [2022-09-17T10:28:07.170+0000] {dagbag.py:508} INFO - Filling up the DagBag from /home/airflow/.local/lib/python3.7/site-packages/airflow/example_dags/tutorial_taskflow_api_etl_virtualenv.py
[2022-09-17T10:28:07.229+0000] {processor.py:650} INFO - DAG(s) dict_keys(['tutorial_taskflow_api_etl_virtualenv']) retrieved from /home/airflow/.local/lib/python3.7/site-packages/airflow/example_dags/tutorial_taskflow_api_etl_virtualenv.py
[2022-09-17T10:28:07.413+0000] {logging_mixin.py:115} INFO - [2022-09-17T10:28:07.413+0000] {dag.py:2429} INFO - Sync 1 DAGs
[2022-09-17T10:28:07.461+0000] {logging_mixin.py:115} INFO - [2022-09-17T10:28:07.461+0000] {dag.py:2981} INFO - Setting next_dagrun for tutorial_taskflow_api_etl_virtualenv to None, run_after=None
[2022-09-17T10:28:07.512+0000] {processor.py:161} INFO - Processing /home/airflow/.local/lib/python3.7/site-packages/airflow/example_dags/tutorial_taskflow_api_etl_virtualenv.py took 0.357 seconds
[2022-09-17T10:28:38.665+0000] {processor.py:153} INFO - Started process (PID=696) to work on /home/airflow/.local/lib/python3.7/site-packages/airflow/example_dags/tutorial_taskflow_api_etl_virtualenv.py
[2022-09-17T10:28:38.668+0000] {processor.py:640} INFO - Processing file /home/airflow/.local/lib/python3.7/site-packages/airflow/example_dags/tutorial_taskflow_api_etl_virtualenv.py for tasks to queue
[2022-09-17T10:28:38.673+0000] {logging_mixin.py:115} INFO - [2022-09-17T10:28:38.672+0000] {dagbag.py:508} INFO - Filling up the DagBag from /home/airflow/.local/lib/python3.7/site-packages/airflow/example_dags/tutorial_taskflow_api_etl_virtualenv.py
[2022-09-17T10:28:38.743+0000] {processor.py:650} INFO - DAG(s) dict_keys(['tutorial_taskflow_api_etl_virtualenv']) retrieved from /home/airflow/.local/lib/python3.7/site-packages/airflow/example_dags/tutorial_taskflow_api_etl_virtualenv.py
[2022-09-17T10:28:38.917+0000] {logging_mixin.py:115} INFO - [2022-09-17T10:28:38.917+0000] {dag.py:2429} INFO - Sync 1 DAGs
[2022-09-17T10:28:38.967+0000] {logging_mixin.py:115} INFO - [2022-09-17T10:28:38.967+0000] {dag.py:2981} INFO - Setting next_dagrun for tutorial_taskflow_api_etl_virtualenv to None, run_after=None
[2022-09-17T10:28:39.002+0000] {processor.py:161} INFO - Processing /home/airflow/.local/lib/python3.7/site-packages/airflow/example_dags/tutorial_taskflow_api_etl_virtualenv.py took 0.349 seconds
[2022-09-17T10:29:09.080+0000] {processor.py:153} INFO - Started process (PID=901) to work on /home/airflow/.local/lib/python3.7/site-packages/airflow/example_dags/tutorial_taskflow_api_etl_virtualenv.py
[2022-09-17T10:29:09.083+0000] {processor.py:640} INFO - Processing file /home/airflow/.local/lib/python3.7/site-packages/airflow/example_dags/tutorial_taskflow_api_etl_virtualenv.py for tasks to queue
[2022-09-17T10:29:09.085+0000] {logging_mixin.py:115} INFO - [2022-09-17T10:29:09.085+0000] {dagbag.py:508} INFO - Filling up the DagBag from /home/airflow/.local/lib/python3.7/site-packages/airflow/example_dags/tutorial_taskflow_api_etl_virtualenv.py
[2022-09-17T10:29:09.137+0000] {processor.py:650} INFO - DAG(s) dict_keys(['tutorial_taskflow_api_etl_virtualenv']) retrieved from /home/airflow/.local/lib/python3.7/site-packages/airflow/example_dags/tutorial_taskflow_api_etl_virtualenv.py
[2022-09-17T10:29:09.193+0000] {logging_mixin.py:115} INFO - [2022-09-17T10:29:09.192+0000] {dag.py:2429} INFO - Sync 1 DAGs
[2022-09-17T10:29:09.247+0000] {logging_mixin.py:115} INFO - [2022-09-17T10:29:09.246+0000] {dag.py:2981} INFO - Setting next_dagrun for tutorial_taskflow_api_etl_virtualenv to None, run_after=None
[2022-09-17T10:29:09.291+0000] {processor.py:161} INFO - Processing /home/airflow/.local/lib/python3.7/site-packages/airflow/example_dags/tutorial_taskflow_api_etl_virtualenv.py took 0.221 seconds
[2022-09-17T10:29:40.013+0000] {processor.py:153} INFO - Started process (PID=1112) to work on /home/airflow/.local/lib/python3.7/site-packages/airflow/example_dags/tutorial_taskflow_api_etl_virtualenv.py
[2022-09-17T10:29:40.016+0000] {processor.py:640} INFO - Processing file /home/airflow/.local/lib/python3.7/site-packages/airflow/example_dags/tutorial_taskflow_api_etl_virtualenv.py for tasks to queue
[2022-09-17T10:29:40.018+0000] {logging_mixin.py:115} INFO - [2022-09-17T10:29:40.018+0000] {dagbag.py:508} INFO - Filling up the DagBag from /home/airflow/.local/lib/python3.7/site-packages/airflow/example_dags/tutorial_taskflow_api_etl_virtualenv.py
[2022-09-17T10:29:40.079+0000] {processor.py:650} INFO - DAG(s) dict_keys(['tutorial_taskflow_api_etl_virtualenv']) retrieved from /home/airflow/.local/lib/python3.7/site-packages/airflow/example_dags/tutorial_taskflow_api_etl_virtualenv.py
[2022-09-17T10:29:40.270+0000] {logging_mixin.py:115} INFO - [2022-09-17T10:29:40.269+0000] {dag.py:2429} INFO - Sync 1 DAGs
[2022-09-17T10:29:40.315+0000] {logging_mixin.py:115} INFO - [2022-09-17T10:29:40.314+0000] {dag.py:2981} INFO - Setting next_dagrun for tutorial_taskflow_api_etl_virtualenv to None, run_after=None
[2022-09-17T10:29:40.349+0000] {processor.py:161} INFO - Processing /home/airflow/.local/lib/python3.7/site-packages/airflow/example_dags/tutorial_taskflow_api_etl_virtualenv.py took 0.342 seconds
[2022-09-17T10:30:11.611+0000] {processor.py:153} INFO - Started process (PID=1318) to work on /home/airflow/.local/lib/python3.7/site-packages/airflow/example_dags/tutorial_taskflow_api_etl_virtualenv.py
[2022-09-17T10:30:11.615+0000] {processor.py:640} INFO - Processing file /home/airflow/.local/lib/python3.7/site-packages/airflow/example_dags/tutorial_taskflow_api_etl_virtualenv.py for tasks to queue
[2022-09-17T10:30:11.619+0000] {logging_mixin.py:115} INFO - [2022-09-17T10:30:11.618+0000] {dagbag.py:508} INFO - Filling up the DagBag from /home/airflow/.local/lib/python3.7/site-packages/airflow/example_dags/tutorial_taskflow_api_etl_virtualenv.py
[2022-09-17T10:30:11.661+0000] {processor.py:650} INFO - DAG(s) dict_keys(['tutorial_taskflow_api_etl_virtualenv']) retrieved from /home/airflow/.local/lib/python3.7/site-packages/airflow/example_dags/tutorial_taskflow_api_etl_virtualenv.py
[2022-09-17T10:30:11.718+0000] {logging_mixin.py:115} INFO - [2022-09-17T10:30:11.718+0000] {dag.py:2429} INFO - Sync 1 DAGs
[2022-09-17T10:30:11.777+0000] {logging_mixin.py:115} INFO - [2022-09-17T10:30:11.776+0000] {dag.py:2981} INFO - Setting next_dagrun for tutorial_taskflow_api_etl_virtualenv to None, run_after=None
[2022-09-17T10:30:11.805+0000] {processor.py:161} INFO - Processing /home/airflow/.local/lib/python3.7/site-packages/airflow/example_dags/tutorial_taskflow_api_etl_virtualenv.py took 0.202 seconds
[2022-09-17T10:30:42.335+0000] {processor.py:153} INFO - Started process (PID=1533) to work on /home/airflow/.local/lib/python3.7/site-packages/airflow/example_dags/tutorial_taskflow_api_etl_virtualenv.py
[2022-09-17T10:30:42.338+0000] {processor.py:640} INFO - Processing file /home/airflow/.local/lib/python3.7/site-packages/airflow/example_dags/tutorial_taskflow_api_etl_virtualenv.py for tasks to queue
[2022-09-17T10:30:42.339+0000] {logging_mixin.py:115} INFO - [2022-09-17T10:30:42.339+0000] {dagbag.py:508} INFO - Filling up the DagBag from /home/airflow/.local/lib/python3.7/site-packages/airflow/example_dags/tutorial_taskflow_api_etl_virtualenv.py
[2022-09-17T10:30:42.370+0000] {processor.py:650} INFO - DAG(s) dict_keys(['tutorial_taskflow_api_etl_virtualenv']) retrieved from /home/airflow/.local/lib/python3.7/site-packages/airflow/example_dags/tutorial_taskflow_api_etl_virtualenv.py
[2022-09-17T10:30:42.460+0000] {logging_mixin.py:115} INFO - [2022-09-17T10:30:42.459+0000] {dag.py:2429} INFO - Sync 1 DAGs
[2022-09-17T10:30:42.493+0000] {logging_mixin.py:115} INFO - [2022-09-17T10:30:42.493+0000] {dag.py:2981} INFO - Setting next_dagrun for tutorial_taskflow_api_etl_virtualenv to None, run_after=None
[2022-09-17T10:30:42.528+0000] {processor.py:161} INFO - Processing /home/airflow/.local/lib/python3.7/site-packages/airflow/example_dags/tutorial_taskflow_api_etl_virtualenv.py took 0.197 seconds
[2022-09-17T10:31:16.638+0000] {processor.py:153} INFO - Started process (PID=1735) to work on /home/airflow/.local/lib/python3.7/site-packages/airflow/example_dags/tutorial_taskflow_api_etl_virtualenv.py
[2022-09-17T10:31:16.641+0000] {processor.py:640} INFO - Processing file /home/airflow/.local/lib/python3.7/site-packages/airflow/example_dags/tutorial_taskflow_api_etl_virtualenv.py for tasks to queue
[2022-09-17T10:31:16.644+0000] {logging_mixin.py:115} INFO - [2022-09-17T10:31:16.644+0000] {dagbag.py:508} INFO - Filling up the DagBag from /home/airflow/.local/lib/python3.7/site-packages/airflow/example_dags/tutorial_taskflow_api_etl_virtualenv.py
[2022-09-17T10:31:16.717+0000] {processor.py:650} INFO - DAG(s) dict_keys(['tutorial_taskflow_api_etl_virtualenv']) retrieved from /home/airflow/.local/lib/python3.7/site-packages/airflow/example_dags/tutorial_taskflow_api_etl_virtualenv.py
[2022-09-17T10:31:16.968+0000] {logging_mixin.py:115} INFO - [2022-09-17T10:31:16.968+0000] {dag.py:2429} INFO - Sync 1 DAGs
[2022-09-17T10:31:17.002+0000] {logging_mixin.py:115} INFO - [2022-09-17T10:31:17.002+0000] {dag.py:2981} INFO - Setting next_dagrun for tutorial_taskflow_api_etl_virtualenv to None, run_after=None
[2022-09-17T10:31:17.024+0000] {processor.py:161} INFO - Processing /home/airflow/.local/lib/python3.7/site-packages/airflow/example_dags/tutorial_taskflow_api_etl_virtualenv.py took 0.394 seconds
[2022-09-17T10:31:47.827+0000] {processor.py:153} INFO - Started process (PID=1941) to work on /home/airflow/.local/lib/python3.7/site-packages/airflow/example_dags/tutorial_taskflow_api_etl_virtualenv.py
[2022-09-17T10:31:47.829+0000] {processor.py:640} INFO - Processing file /home/airflow/.local/lib/python3.7/site-packages/airflow/example_dags/tutorial_taskflow_api_etl_virtualenv.py for tasks to queue
[2022-09-17T10:31:47.831+0000] {logging_mixin.py:115} INFO - [2022-09-17T10:31:47.830+0000] {dagbag.py:508} INFO - Filling up the DagBag from /home/airflow/.local/lib/python3.7/site-packages/airflow/example_dags/tutorial_taskflow_api_etl_virtualenv.py
[2022-09-17T10:31:47.857+0000] {processor.py:650} INFO - DAG(s) dict_keys(['tutorial_taskflow_api_etl_virtualenv']) retrieved from /home/airflow/.local/lib/python3.7/site-packages/airflow/example_dags/tutorial_taskflow_api_etl_virtualenv.py
[2022-09-17T10:31:47.896+0000] {logging_mixin.py:115} INFO - [2022-09-17T10:31:47.896+0000] {dag.py:2429} INFO - Sync 1 DAGs
[2022-09-17T10:31:47.934+0000] {logging_mixin.py:115} INFO - [2022-09-17T10:31:47.933+0000] {dag.py:2981} INFO - Setting next_dagrun for tutorial_taskflow_api_etl_virtualenv to None, run_after=None
[2022-09-17T10:31:47.985+0000] {processor.py:161} INFO - Processing /home/airflow/.local/lib/python3.7/site-packages/airflow/example_dags/tutorial_taskflow_api_etl_virtualenv.py took 0.162 seconds
[2022-09-17T10:32:18.845+0000] {processor.py:153} INFO - Started process (PID=2154) to work on /home/airflow/.local/lib/python3.7/site-packages/airflow/example_dags/tutorial_taskflow_api_etl_virtualenv.py
[2022-09-17T10:32:18.847+0000] {processor.py:640} INFO - Processing file /home/airflow/.local/lib/python3.7/site-packages/airflow/example_dags/tutorial_taskflow_api_etl_virtualenv.py for tasks to queue
[2022-09-17T10:32:18.849+0000] {logging_mixin.py:115} INFO - [2022-09-17T10:32:18.848+0000] {dagbag.py:508} INFO - Filling up the DagBag from /home/airflow/.local/lib/python3.7/site-packages/airflow/example_dags/tutorial_taskflow_api_etl_virtualenv.py
[2022-09-17T10:32:18.877+0000] {processor.py:650} INFO - DAG(s) dict_keys(['tutorial_taskflow_api_etl_virtualenv']) retrieved from /home/airflow/.local/lib/python3.7/site-packages/airflow/example_dags/tutorial_taskflow_api_etl_virtualenv.py
[2022-09-17T10:32:18.914+0000] {logging_mixin.py:115} INFO - [2022-09-17T10:32:18.913+0000] {dag.py:2429} INFO - Sync 1 DAGs
[2022-09-17T10:32:18.944+0000] {logging_mixin.py:115} INFO - [2022-09-17T10:32:18.944+0000] {dag.py:2981} INFO - Setting next_dagrun for tutorial_taskflow_api_etl_virtualenv to None, run_after=None
[2022-09-17T10:32:18.964+0000] {processor.py:161} INFO - Processing /home/airflow/.local/lib/python3.7/site-packages/airflow/example_dags/tutorial_taskflow_api_etl_virtualenv.py took 0.124 seconds
[2022-09-17T10:32:49.738+0000] {processor.py:153} INFO - Started process (PID=2359) to work on /home/airflow/.local/lib/python3.7/site-packages/airflow/example_dags/tutorial_taskflow_api_etl_virtualenv.py
[2022-09-17T10:32:49.740+0000] {processor.py:640} INFO - Processing file /home/airflow/.local/lib/python3.7/site-packages/airflow/example_dags/tutorial_taskflow_api_etl_virtualenv.py for tasks to queue
[2022-09-17T10:32:49.742+0000] {logging_mixin.py:115} INFO - [2022-09-17T10:32:49.741+0000] {dagbag.py:508} INFO - Filling up the DagBag from /home/airflow/.local/lib/python3.7/site-packages/airflow/example_dags/tutorial_taskflow_api_etl_virtualenv.py
[2022-09-17T10:32:49.771+0000] {processor.py:650} INFO - DAG(s) dict_keys(['tutorial_taskflow_api_etl_virtualenv']) retrieved from /home/airflow/.local/lib/python3.7/site-packages/airflow/example_dags/tutorial_taskflow_api_etl_virtualenv.py
[2022-09-17T10:32:49.873+0000] {logging_mixin.py:115} INFO - [2022-09-17T10:32:49.873+0000] {dag.py:2429} INFO - Sync 1 DAGs
[2022-09-17T10:32:49.902+0000] {logging_mixin.py:115} INFO - [2022-09-17T10:32:49.902+0000] {dag.py:2981} INFO - Setting next_dagrun for tutorial_taskflow_api_etl_virtualenv to None, run_after=None
[2022-09-17T10:32:49.928+0000] {processor.py:161} INFO - Processing /home/airflow/.local/lib/python3.7/site-packages/airflow/example_dags/tutorial_taskflow_api_etl_virtualenv.py took 0.195 seconds
[2022-09-17T10:33:20.513+0000] {processor.py:153} INFO - Started process (PID=2575) to work on /home/airflow/.local/lib/python3.7/site-packages/airflow/example_dags/tutorial_taskflow_api_etl_virtualenv.py
[2022-09-17T10:33:20.515+0000] {processor.py:640} INFO - Processing file /home/airflow/.local/lib/python3.7/site-packages/airflow/example_dags/tutorial_taskflow_api_etl_virtualenv.py for tasks to queue
[2022-09-17T10:33:20.517+0000] {logging_mixin.py:115} INFO - [2022-09-17T10:33:20.517+0000] {dagbag.py:508} INFO - Filling up the DagBag from /home/airflow/.local/lib/python3.7/site-packages/airflow/example_dags/tutorial_taskflow_api_etl_virtualenv.py
[2022-09-17T10:33:20.545+0000] {processor.py:650} INFO - DAG(s) dict_keys(['tutorial_taskflow_api_etl_virtualenv']) retrieved from /home/airflow/.local/lib/python3.7/site-packages/airflow/example_dags/tutorial_taskflow_api_etl_virtualenv.py
[2022-09-17T10:33:20.640+0000] {logging_mixin.py:115} INFO - [2022-09-17T10:33:20.640+0000] {dag.py:2429} INFO - Sync 1 DAGs
[2022-09-17T10:33:20.670+0000] {logging_mixin.py:115} INFO - [2022-09-17T10:33:20.669+0000] {dag.py:2981} INFO - Setting next_dagrun for tutorial_taskflow_api_etl_virtualenv to None, run_after=None
[2022-09-17T10:33:20.687+0000] {processor.py:161} INFO - Processing /home/airflow/.local/lib/python3.7/site-packages/airflow/example_dags/tutorial_taskflow_api_etl_virtualenv.py took 0.181 seconds
