[2022-10-06T14:03:12.795+0000] {taskinstance.py:1171} INFO - Dependencies all met for <TaskInstance: vecap_etl.church_fact manual__2022-10-06T14:02:22.491992+00:00 [queued]>
[2022-10-06T14:03:12.824+0000] {taskinstance.py:1171} INFO - Dependencies all met for <TaskInstance: vecap_etl.church_fact manual__2022-10-06T14:02:22.491992+00:00 [queued]>
[2022-10-06T14:03:12.826+0000] {taskinstance.py:1368} INFO - 
--------------------------------------------------------------------------------
[2022-10-06T14:03:12.828+0000] {taskinstance.py:1369} INFO - Starting attempt 1 of 1
[2022-10-06T14:03:12.831+0000] {taskinstance.py:1370} INFO - 
--------------------------------------------------------------------------------
[2022-10-06T14:03:12.864+0000] {taskinstance.py:1389} INFO - Executing <Task(PythonOperator): church_fact> on 2022-10-06 14:02:22.491992+00:00
[2022-10-06T14:03:12.876+0000] {standard_task_runner.py:52} INFO - Started process 4550 to run task
[2022-10-06T14:03:12.884+0000] {standard_task_runner.py:79} INFO - Running: ['***', 'tasks', 'run', 'vecap_etl', 'church_fact', 'manual__2022-10-06T14:02:22.491992+00:00', '--job-id', '208', '--raw', '--subdir', 'DAGS_FOLDER/c_dag.py', '--cfg-path', '/tmp/tmp3vv8a92l', '--error-file', '/tmp/tmp0ksh813j']
[2022-10-06T14:03:12.887+0000] {standard_task_runner.py:80} INFO - Job 208: Subtask church_fact
[2022-10-06T14:03:13.016+0000] {task_command.py:371} INFO - Running <TaskInstance: vecap_etl.church_fact manual__2022-10-06T14:02:22.491992+00:00 [running]> on host a41ad1c55a2c
[2022-10-06T14:03:13.142+0000] {taskinstance.py:1583} INFO - Exporting the following env vars:
AIRFLOW_CTX_DAG_EMAIL=admin@vecap.com
AIRFLOW_CTX_DAG_OWNER=***
AIRFLOW_CTX_DAG_ID=vecap_etl
AIRFLOW_CTX_TASK_ID=church_fact
AIRFLOW_CTX_EXECUTION_DATE=2022-10-06T14:02:22.491992+00:00
AIRFLOW_CTX_TRY_NUMBER=1
AIRFLOW_CTX_DAG_RUN_ID=manual__2022-10-06T14:02:22.491992+00:00
[2022-10-06T14:03:19.972+0000] {python.py:173} INFO - Done. Returned value was: None
[2022-10-06T14:03:19.992+0000] {taskinstance.py:1412} INFO - Marking task as SUCCESS. dag_id=vecap_etl, task_id=church_fact, execution_date=20221006T140222, start_date=20221006T140312, end_date=20221006T140319
[2022-10-06T14:03:20.033+0000] {local_task_job.py:156} INFO - Task exited with return code 0
[2022-10-06T14:03:20.071+0000] {local_task_job.py:279} INFO - 0 downstream tasks scheduled from follow-on schedule check
