[2022-10-06T14:06:13.289+0000] {taskinstance.py:1171} INFO - Dependencies all met for <TaskInstance: vecap_etl.person_dim manual__2022-10-06T14:05:28.964340+00:00 [queued]>
[2022-10-06T14:06:13.310+0000] {taskinstance.py:1171} INFO - Dependencies all met for <TaskInstance: vecap_etl.person_dim manual__2022-10-06T14:05:28.964340+00:00 [queued]>
[2022-10-06T14:06:13.312+0000] {taskinstance.py:1368} INFO - 
--------------------------------------------------------------------------------
[2022-10-06T14:06:13.313+0000] {taskinstance.py:1369} INFO - Starting attempt 1 of 1
[2022-10-06T14:06:13.314+0000] {taskinstance.py:1370} INFO - 
--------------------------------------------------------------------------------
[2022-10-06T14:06:13.337+0000] {taskinstance.py:1389} INFO - Executing <Task(PythonOperator): person_dim> on 2022-10-06 14:05:28.964340+00:00
[2022-10-06T14:06:13.345+0000] {standard_task_runner.py:52} INFO - Started process 4801 to run task
[2022-10-06T14:06:13.351+0000] {standard_task_runner.py:79} INFO - Running: ['***', 'tasks', 'run', 'vecap_etl', 'person_dim', 'manual__2022-10-06T14:05:28.964340+00:00', '--job-id', '212', '--raw', '--subdir', 'DAGS_FOLDER/c_dag.py', '--cfg-path', '/tmp/tmpppmx5lf9', '--error-file', '/tmp/tmpqwk198g_']
[2022-10-06T14:06:13.354+0000] {standard_task_runner.py:80} INFO - Job 212: Subtask person_dim
[2022-10-06T14:06:13.486+0000] {task_command.py:371} INFO - Running <TaskInstance: vecap_etl.person_dim manual__2022-10-06T14:05:28.964340+00:00 [running]> on host a41ad1c55a2c
[2022-10-06T14:06:13.633+0000] {taskinstance.py:1583} INFO - Exporting the following env vars:
AIRFLOW_CTX_DAG_EMAIL=admin@vecap.com
AIRFLOW_CTX_DAG_OWNER=***
AIRFLOW_CTX_DAG_ID=vecap_etl
AIRFLOW_CTX_TASK_ID=person_dim
AIRFLOW_CTX_EXECUTION_DATE=2022-10-06T14:05:28.964340+00:00
AIRFLOW_CTX_TRY_NUMBER=1
AIRFLOW_CTX_DAG_RUN_ID=manual__2022-10-06T14:05:28.964340+00:00
[2022-10-06T14:06:28.330+0000] {python.py:173} INFO - Done. Returned value was: None
[2022-10-06T14:06:28.349+0000] {taskinstance.py:1412} INFO - Marking task as SUCCESS. dag_id=vecap_etl, task_id=person_dim, execution_date=20221006T140528, start_date=20221006T140613, end_date=20221006T140628
[2022-10-06T14:06:28.391+0000] {local_task_job.py:156} INFO - Task exited with return code 0
