[2022-10-06T13:13:58.967+0000] {taskinstance.py:1171} INFO - Dependencies all met for <TaskInstance: vecap_etl.geography_dim manual__2022-10-06T13:13:51.553392+00:00 [queued]>
[2022-10-06T13:13:58.984+0000] {taskinstance.py:1171} INFO - Dependencies all met for <TaskInstance: vecap_etl.geography_dim manual__2022-10-06T13:13:51.553392+00:00 [queued]>
[2022-10-06T13:13:58.986+0000] {taskinstance.py:1368} INFO - 
--------------------------------------------------------------------------------
[2022-10-06T13:13:58.987+0000] {taskinstance.py:1369} INFO - Starting attempt 1 of 1
[2022-10-06T13:13:58.988+0000] {taskinstance.py:1370} INFO - 
--------------------------------------------------------------------------------
[2022-10-06T13:13:59.009+0000] {taskinstance.py:1389} INFO - Executing <Task(PythonOperator): geography_dim> on 2022-10-06 13:13:51.553392+00:00
[2022-10-06T13:13:59.018+0000] {standard_task_runner.py:52} INFO - Started process 3175 to run task
[2022-10-06T13:13:59.023+0000] {standard_task_runner.py:79} INFO - Running: ['***', 'tasks', 'run', 'vecap_etl', 'geography_dim', 'manual__2022-10-06T13:13:51.553392+00:00', '--job-id', '196', '--raw', '--subdir', 'DAGS_FOLDER/c_dag.py', '--cfg-path', '/tmp/tmpcpkkpntb', '--error-file', '/tmp/tmp5_yamfyj']
[2022-10-06T13:13:59.026+0000] {standard_task_runner.py:80} INFO - Job 196: Subtask geography_dim
[2022-10-06T13:13:59.122+0000] {task_command.py:371} INFO - Running <TaskInstance: vecap_etl.geography_dim manual__2022-10-06T13:13:51.553392+00:00 [running]> on host a41ad1c55a2c
[2022-10-06T13:13:59.241+0000] {taskinstance.py:1583} INFO - Exporting the following env vars:
AIRFLOW_CTX_DAG_EMAIL=admin@vecap.com
AIRFLOW_CTX_DAG_OWNER=***
AIRFLOW_CTX_DAG_ID=vecap_etl
AIRFLOW_CTX_TASK_ID=geography_dim
AIRFLOW_CTX_EXECUTION_DATE=2022-10-06T13:13:51.553392+00:00
AIRFLOW_CTX_TRY_NUMBER=1
AIRFLOW_CTX_DAG_RUN_ID=manual__2022-10-06T13:13:51.553392+00:00
[2022-10-06T13:14:10.500+0000] {python.py:173} INFO - Done. Returned value was: None
[2022-10-06T13:14:10.522+0000] {taskinstance.py:1412} INFO - Marking task as SUCCESS. dag_id=vecap_etl, task_id=geography_dim, execution_date=20221006T131351, start_date=20221006T131358, end_date=20221006T131410
[2022-10-06T13:14:10.594+0000] {local_task_job.py:156} INFO - Task exited with return code 0
