[2022-10-06T14:02:57.661+0000] {taskinstance.py:1171} INFO - Dependencies all met for <TaskInstance: vecap_etl.person_dim manual__2022-10-06T14:02:22.491992+00:00 [queued]>
[2022-10-06T14:02:57.676+0000] {taskinstance.py:1171} INFO - Dependencies all met for <TaskInstance: vecap_etl.person_dim manual__2022-10-06T14:02:22.491992+00:00 [queued]>
[2022-10-06T14:02:57.678+0000] {taskinstance.py:1368} INFO - 
--------------------------------------------------------------------------------
[2022-10-06T14:02:57.678+0000] {taskinstance.py:1369} INFO - Starting attempt 1 of 1
[2022-10-06T14:02:57.679+0000] {taskinstance.py:1370} INFO - 
--------------------------------------------------------------------------------
[2022-10-06T14:02:57.702+0000] {taskinstance.py:1389} INFO - Executing <Task(PythonOperator): person_dim> on 2022-10-06 14:02:22.491992+00:00
[2022-10-06T14:02:57.711+0000] {standard_task_runner.py:52} INFO - Started process 4529 to run task
[2022-10-06T14:02:57.722+0000] {standard_task_runner.py:79} INFO - Running: ['***', 'tasks', 'run', 'vecap_etl', 'person_dim', 'manual__2022-10-06T14:02:22.491992+00:00', '--job-id', '206', '--raw', '--subdir', 'DAGS_FOLDER/c_dag.py', '--cfg-path', '/tmp/tmp7f85mzlf', '--error-file', '/tmp/tmpzryqpflh']
[2022-10-06T14:02:57.728+0000] {standard_task_runner.py:80} INFO - Job 206: Subtask person_dim
[2022-10-06T14:02:57.855+0000] {task_command.py:371} INFO - Running <TaskInstance: vecap_etl.person_dim manual__2022-10-06T14:02:22.491992+00:00 [running]> on host a41ad1c55a2c
[2022-10-06T14:02:58.022+0000] {taskinstance.py:1583} INFO - Exporting the following env vars:
AIRFLOW_CTX_DAG_EMAIL=admin@vecap.com
AIRFLOW_CTX_DAG_OWNER=***
AIRFLOW_CTX_DAG_ID=vecap_etl
AIRFLOW_CTX_TASK_ID=person_dim
AIRFLOW_CTX_EXECUTION_DATE=2022-10-06T14:02:22.491992+00:00
AIRFLOW_CTX_TRY_NUMBER=1
AIRFLOW_CTX_DAG_RUN_ID=manual__2022-10-06T14:02:22.491992+00:00
[2022-10-06T14:03:10.696+0000] {python.py:173} INFO - Done. Returned value was: None
[2022-10-06T14:03:10.718+0000] {taskinstance.py:1412} INFO - Marking task as SUCCESS. dag_id=vecap_etl, task_id=person_dim, execution_date=20221006T140222, start_date=20221006T140257, end_date=20221006T140310
[2022-10-06T14:03:10.788+0000] {local_task_job.py:156} INFO - Task exited with return code 0
