[2022-09-25T14:21:53.730+0000] {processor.py:153} INFO - Started process (PID=260) to work on /home/airflow/.local/lib/python3.7/site-packages/airflow/example_dags/example_task_group.py
[2022-09-25T14:21:53.805+0000] {processor.py:640} INFO - Processing file /home/airflow/.local/lib/python3.7/site-packages/airflow/example_dags/example_task_group.py for tasks to queue
[2022-09-25T14:21:53.833+0000] {logging_mixin.py:115} INFO - [2022-09-25T14:21:53.831+0000] {dagbag.py:508} INFO - Filling up the DagBag from /home/airflow/.local/lib/python3.7/site-packages/airflow/example_dags/example_task_group.py
[2022-09-25T14:21:54.155+0000] {processor.py:650} INFO - DAG(s) dict_keys(['example_task_group']) retrieved from /home/airflow/.local/lib/python3.7/site-packages/airflow/example_dags/example_task_group.py
[2022-09-25T14:21:55.490+0000] {logging_mixin.py:115} INFO - [2022-09-25T14:21:55.490+0000] {dag.py:2429} INFO - Sync 1 DAGs
[2022-09-25T14:21:56.240+0000] {logging_mixin.py:115} INFO - [2022-09-25T14:21:56.240+0000] {dag.py:2981} INFO - Setting next_dagrun for example_task_group to 2022-09-24T14:21:56.239137+00:00, run_after=2022-09-25T14:21:56.239137+00:00
[2022-09-25T14:21:56.744+0000] {processor.py:161} INFO - Processing /home/airflow/.local/lib/python3.7/site-packages/airflow/example_dags/example_task_group.py took 3.087 seconds
[2022-09-25T14:22:45.755+0000] {processor.py:153} INFO - Started process (PID=481) to work on /home/airflow/.local/lib/python3.7/site-packages/airflow/example_dags/example_task_group.py
[2022-09-25T14:22:45.758+0000] {processor.py:640} INFO - Processing file /home/airflow/.local/lib/python3.7/site-packages/airflow/example_dags/example_task_group.py for tasks to queue
[2022-09-25T14:22:45.761+0000] {logging_mixin.py:115} INFO - [2022-09-25T14:22:45.760+0000] {dagbag.py:508} INFO - Filling up the DagBag from /home/airflow/.local/lib/python3.7/site-packages/airflow/example_dags/example_task_group.py
[2022-09-25T14:22:45.784+0000] {processor.py:650} INFO - DAG(s) dict_keys(['example_task_group']) retrieved from /home/airflow/.local/lib/python3.7/site-packages/airflow/example_dags/example_task_group.py
[2022-09-25T14:22:45.861+0000] {logging_mixin.py:115} INFO - [2022-09-25T14:22:45.861+0000] {dag.py:2429} INFO - Sync 1 DAGs
[2022-09-25T14:22:45.910+0000] {logging_mixin.py:115} INFO - [2022-09-25T14:22:45.910+0000] {dag.py:2981} INFO - Setting next_dagrun for example_task_group to 2022-09-24T14:22:45.909468+00:00, run_after=2022-09-25T14:22:45.909468+00:00
[2022-09-25T14:22:45.937+0000] {processor.py:161} INFO - Processing /home/airflow/.local/lib/python3.7/site-packages/airflow/example_dags/example_task_group.py took 0.188 seconds
[2022-09-25T14:23:16.005+0000] {processor.py:153} INFO - Started process (PID=687) to work on /home/airflow/.local/lib/python3.7/site-packages/airflow/example_dags/example_task_group.py
[2022-09-25T14:23:16.007+0000] {processor.py:640} INFO - Processing file /home/airflow/.local/lib/python3.7/site-packages/airflow/example_dags/example_task_group.py for tasks to queue
[2022-09-25T14:23:16.009+0000] {logging_mixin.py:115} INFO - [2022-09-25T14:23:16.009+0000] {dagbag.py:508} INFO - Filling up the DagBag from /home/airflow/.local/lib/python3.7/site-packages/airflow/example_dags/example_task_group.py
[2022-09-25T14:23:16.026+0000] {processor.py:650} INFO - DAG(s) dict_keys(['example_task_group']) retrieved from /home/airflow/.local/lib/python3.7/site-packages/airflow/example_dags/example_task_group.py
[2022-09-25T14:23:16.084+0000] {logging_mixin.py:115} INFO - [2022-09-25T14:23:16.084+0000] {dag.py:2429} INFO - Sync 1 DAGs
[2022-09-25T14:23:16.120+0000] {logging_mixin.py:115} INFO - [2022-09-25T14:23:16.120+0000] {dag.py:2981} INFO - Setting next_dagrun for example_task_group to 2022-09-24T14:23:16.120204+00:00, run_after=2022-09-25T14:23:16.120204+00:00
[2022-09-25T14:23:16.145+0000] {processor.py:161} INFO - Processing /home/airflow/.local/lib/python3.7/site-packages/airflow/example_dags/example_task_group.py took 0.146 seconds
[2022-09-25T14:23:47.055+0000] {processor.py:153} INFO - Started process (PID=901) to work on /home/airflow/.local/lib/python3.7/site-packages/airflow/example_dags/example_task_group.py
[2022-09-25T14:23:47.058+0000] {processor.py:640} INFO - Processing file /home/airflow/.local/lib/python3.7/site-packages/airflow/example_dags/example_task_group.py for tasks to queue
[2022-09-25T14:23:47.061+0000] {logging_mixin.py:115} INFO - [2022-09-25T14:23:47.061+0000] {dagbag.py:508} INFO - Filling up the DagBag from /home/airflow/.local/lib/python3.7/site-packages/airflow/example_dags/example_task_group.py
[2022-09-25T14:23:47.082+0000] {processor.py:650} INFO - DAG(s) dict_keys(['example_task_group']) retrieved from /home/airflow/.local/lib/python3.7/site-packages/airflow/example_dags/example_task_group.py
[2022-09-25T14:23:47.161+0000] {logging_mixin.py:115} INFO - [2022-09-25T14:23:47.161+0000] {dag.py:2429} INFO - Sync 1 DAGs
[2022-09-25T14:23:47.214+0000] {logging_mixin.py:115} INFO - [2022-09-25T14:23:47.214+0000] {dag.py:2981} INFO - Setting next_dagrun for example_task_group to 2022-09-24T14:23:47.213232+00:00, run_after=2022-09-25T14:23:47.213232+00:00
[2022-09-25T14:23:47.275+0000] {processor.py:161} INFO - Processing /home/airflow/.local/lib/python3.7/site-packages/airflow/example_dags/example_task_group.py took 0.228 seconds
[2022-09-25T14:24:18.370+0000] {processor.py:153} INFO - Started process (PID=1106) to work on /home/airflow/.local/lib/python3.7/site-packages/airflow/example_dags/example_task_group.py
[2022-09-25T14:24:18.373+0000] {processor.py:640} INFO - Processing file /home/airflow/.local/lib/python3.7/site-packages/airflow/example_dags/example_task_group.py for tasks to queue
[2022-09-25T14:24:18.375+0000] {logging_mixin.py:115} INFO - [2022-09-25T14:24:18.375+0000] {dagbag.py:508} INFO - Filling up the DagBag from /home/airflow/.local/lib/python3.7/site-packages/airflow/example_dags/example_task_group.py
[2022-09-25T14:24:18.388+0000] {processor.py:650} INFO - DAG(s) dict_keys(['example_task_group']) retrieved from /home/airflow/.local/lib/python3.7/site-packages/airflow/example_dags/example_task_group.py
[2022-09-25T14:24:18.439+0000] {logging_mixin.py:115} INFO - [2022-09-25T14:24:18.439+0000] {dag.py:2429} INFO - Sync 1 DAGs
[2022-09-25T14:24:18.478+0000] {logging_mixin.py:115} INFO - [2022-09-25T14:24:18.478+0000] {dag.py:2981} INFO - Setting next_dagrun for example_task_group to 2022-09-24T14:24:18.477665+00:00, run_after=2022-09-25T14:24:18.477665+00:00
[2022-09-25T14:24:18.500+0000] {processor.py:161} INFO - Processing /home/airflow/.local/lib/python3.7/site-packages/airflow/example_dags/example_task_group.py took 0.134 seconds
[2022-09-25T14:24:49.395+0000] {processor.py:153} INFO - Started process (PID=1321) to work on /home/airflow/.local/lib/python3.7/site-packages/airflow/example_dags/example_task_group.py
[2022-09-25T14:24:49.399+0000] {processor.py:640} INFO - Processing file /home/airflow/.local/lib/python3.7/site-packages/airflow/example_dags/example_task_group.py for tasks to queue
[2022-09-25T14:24:49.401+0000] {logging_mixin.py:115} INFO - [2022-09-25T14:24:49.401+0000] {dagbag.py:508} INFO - Filling up the DagBag from /home/airflow/.local/lib/python3.7/site-packages/airflow/example_dags/example_task_group.py
[2022-09-25T14:24:49.413+0000] {processor.py:650} INFO - DAG(s) dict_keys(['example_task_group']) retrieved from /home/airflow/.local/lib/python3.7/site-packages/airflow/example_dags/example_task_group.py
[2022-09-25T14:24:49.462+0000] {logging_mixin.py:115} INFO - [2022-09-25T14:24:49.462+0000] {dag.py:2429} INFO - Sync 1 DAGs
[2022-09-25T14:24:49.500+0000] {logging_mixin.py:115} INFO - [2022-09-25T14:24:49.500+0000] {dag.py:2981} INFO - Setting next_dagrun for example_task_group to 2022-09-24T14:24:49.499744+00:00, run_after=2022-09-25T14:24:49.499744+00:00
[2022-09-25T14:24:49.519+0000] {processor.py:161} INFO - Processing /home/airflow/.local/lib/python3.7/site-packages/airflow/example_dags/example_task_group.py took 0.129 seconds
[2022-09-25T14:25:20.078+0000] {processor.py:153} INFO - Started process (PID=1526) to work on /home/airflow/.local/lib/python3.7/site-packages/airflow/example_dags/example_task_group.py
[2022-09-25T14:25:20.081+0000] {processor.py:640} INFO - Processing file /home/airflow/.local/lib/python3.7/site-packages/airflow/example_dags/example_task_group.py for tasks to queue
[2022-09-25T14:25:20.083+0000] {logging_mixin.py:115} INFO - [2022-09-25T14:25:20.083+0000] {dagbag.py:508} INFO - Filling up the DagBag from /home/airflow/.local/lib/python3.7/site-packages/airflow/example_dags/example_task_group.py
[2022-09-25T14:25:20.105+0000] {processor.py:650} INFO - DAG(s) dict_keys(['example_task_group']) retrieved from /home/airflow/.local/lib/python3.7/site-packages/airflow/example_dags/example_task_group.py
[2022-09-25T14:25:20.181+0000] {logging_mixin.py:115} INFO - [2022-09-25T14:25:20.181+0000] {dag.py:2429} INFO - Sync 1 DAGs
[2022-09-25T14:25:20.252+0000] {logging_mixin.py:115} INFO - [2022-09-25T14:25:20.251+0000] {dag.py:2981} INFO - Setting next_dagrun for example_task_group to 2022-09-24T14:25:20.250997+00:00, run_after=2022-09-25T14:25:20.250997+00:00
[2022-09-25T14:25:20.286+0000] {processor.py:161} INFO - Processing /home/airflow/.local/lib/python3.7/site-packages/airflow/example_dags/example_task_group.py took 0.214 seconds
[2022-09-25T14:25:51.807+0000] {processor.py:153} INFO - Started process (PID=1741) to work on /home/airflow/.local/lib/python3.7/site-packages/airflow/example_dags/example_task_group.py
[2022-09-25T14:25:51.809+0000] {processor.py:640} INFO - Processing file /home/airflow/.local/lib/python3.7/site-packages/airflow/example_dags/example_task_group.py for tasks to queue
[2022-09-25T14:25:51.812+0000] {logging_mixin.py:115} INFO - [2022-09-25T14:25:51.812+0000] {dagbag.py:508} INFO - Filling up the DagBag from /home/airflow/.local/lib/python3.7/site-packages/airflow/example_dags/example_task_group.py
[2022-09-25T14:25:51.826+0000] {processor.py:650} INFO - DAG(s) dict_keys(['example_task_group']) retrieved from /home/airflow/.local/lib/python3.7/site-packages/airflow/example_dags/example_task_group.py
[2022-09-25T14:25:51.879+0000] {logging_mixin.py:115} INFO - [2022-09-25T14:25:51.878+0000] {dag.py:2429} INFO - Sync 1 DAGs
[2022-09-25T14:25:51.921+0000] {logging_mixin.py:115} INFO - [2022-09-25T14:25:51.921+0000] {dag.py:2981} INFO - Setting next_dagrun for example_task_group to 2022-09-24T14:25:51.920194+00:00, run_after=2022-09-25T14:25:51.920194+00:00
[2022-09-25T14:25:51.944+0000] {processor.py:161} INFO - Processing /home/airflow/.local/lib/python3.7/site-packages/airflow/example_dags/example_task_group.py took 0.146 seconds
[2022-09-25T14:26:22.307+0000] {processor.py:153} INFO - Started process (PID=1946) to work on /home/airflow/.local/lib/python3.7/site-packages/airflow/example_dags/example_task_group.py
[2022-09-25T14:26:22.336+0000] {processor.py:640} INFO - Processing file /home/airflow/.local/lib/python3.7/site-packages/airflow/example_dags/example_task_group.py for tasks to queue
[2022-09-25T14:26:22.340+0000] {logging_mixin.py:115} INFO - [2022-09-25T14:26:22.340+0000] {dagbag.py:508} INFO - Filling up the DagBag from /home/airflow/.local/lib/python3.7/site-packages/airflow/example_dags/example_task_group.py
[2022-09-25T14:26:22.393+0000] {processor.py:650} INFO - DAG(s) dict_keys(['example_task_group']) retrieved from /home/airflow/.local/lib/python3.7/site-packages/airflow/example_dags/example_task_group.py
[2022-09-25T14:26:22.479+0000] {logging_mixin.py:115} INFO - [2022-09-25T14:26:22.479+0000] {dag.py:2429} INFO - Sync 1 DAGs
[2022-09-25T14:26:22.519+0000] {logging_mixin.py:115} INFO - [2022-09-25T14:26:22.518+0000] {dag.py:2981} INFO - Setting next_dagrun for example_task_group to 2022-09-24T14:26:22.518555+00:00, run_after=2022-09-25T14:26:22.518555+00:00
[2022-09-25T14:26:22.546+0000] {processor.py:161} INFO - Processing /home/airflow/.local/lib/python3.7/site-packages/airflow/example_dags/example_task_group.py took 0.249 seconds
[2022-09-25T14:26:53.867+0000] {processor.py:153} INFO - Started process (PID=2163) to work on /home/airflow/.local/lib/python3.7/site-packages/airflow/example_dags/example_task_group.py
[2022-09-25T14:26:53.870+0000] {processor.py:640} INFO - Processing file /home/airflow/.local/lib/python3.7/site-packages/airflow/example_dags/example_task_group.py for tasks to queue
[2022-09-25T14:26:53.872+0000] {logging_mixin.py:115} INFO - [2022-09-25T14:26:53.872+0000] {dagbag.py:508} INFO - Filling up the DagBag from /home/airflow/.local/lib/python3.7/site-packages/airflow/example_dags/example_task_group.py
[2022-09-25T14:26:53.884+0000] {processor.py:650} INFO - DAG(s) dict_keys(['example_task_group']) retrieved from /home/airflow/.local/lib/python3.7/site-packages/airflow/example_dags/example_task_group.py
[2022-09-25T14:26:53.939+0000] {logging_mixin.py:115} INFO - [2022-09-25T14:26:53.939+0000] {dag.py:2429} INFO - Sync 1 DAGs
[2022-09-25T14:26:53.978+0000] {logging_mixin.py:115} INFO - [2022-09-25T14:26:53.978+0000] {dag.py:2981} INFO - Setting next_dagrun for example_task_group to 2022-09-24T14:26:53.977898+00:00, run_after=2022-09-25T14:26:53.977898+00:00
[2022-09-25T14:26:53.997+0000] {processor.py:161} INFO - Processing /home/airflow/.local/lib/python3.7/site-packages/airflow/example_dags/example_task_group.py took 0.135 seconds
[2022-09-25T14:27:24.950+0000] {processor.py:153} INFO - Started process (PID=2367) to work on /home/airflow/.local/lib/python3.7/site-packages/airflow/example_dags/example_task_group.py
[2022-09-25T14:27:24.953+0000] {processor.py:640} INFO - Processing file /home/airflow/.local/lib/python3.7/site-packages/airflow/example_dags/example_task_group.py for tasks to queue
[2022-09-25T14:27:24.955+0000] {logging_mixin.py:115} INFO - [2022-09-25T14:27:24.954+0000] {dagbag.py:508} INFO - Filling up the DagBag from /home/airflow/.local/lib/python3.7/site-packages/airflow/example_dags/example_task_group.py
[2022-09-25T14:27:24.967+0000] {processor.py:650} INFO - DAG(s) dict_keys(['example_task_group']) retrieved from /home/airflow/.local/lib/python3.7/site-packages/airflow/example_dags/example_task_group.py
[2022-09-25T14:27:25.014+0000] {logging_mixin.py:115} INFO - [2022-09-25T14:27:25.014+0000] {dag.py:2429} INFO - Sync 1 DAGs
[2022-09-25T14:27:25.052+0000] {logging_mixin.py:115} INFO - [2022-09-25T14:27:25.052+0000] {dag.py:2981} INFO - Setting next_dagrun for example_task_group to 2022-09-24T14:27:25.052297+00:00, run_after=2022-09-25T14:27:25.052297+00:00
[2022-09-25T14:27:25.075+0000] {processor.py:161} INFO - Processing /home/airflow/.local/lib/python3.7/site-packages/airflow/example_dags/example_task_group.py took 0.133 seconds
[2022-09-25T14:27:55.766+0000] {processor.py:153} INFO - Started process (PID=2578) to work on /home/airflow/.local/lib/python3.7/site-packages/airflow/example_dags/example_task_group.py
[2022-09-25T14:27:55.769+0000] {processor.py:640} INFO - Processing file /home/airflow/.local/lib/python3.7/site-packages/airflow/example_dags/example_task_group.py for tasks to queue
[2022-09-25T14:27:55.771+0000] {logging_mixin.py:115} INFO - [2022-09-25T14:27:55.771+0000] {dagbag.py:508} INFO - Filling up the DagBag from /home/airflow/.local/lib/python3.7/site-packages/airflow/example_dags/example_task_group.py
[2022-09-25T14:27:55.788+0000] {processor.py:650} INFO - DAG(s) dict_keys(['example_task_group']) retrieved from /home/airflow/.local/lib/python3.7/site-packages/airflow/example_dags/example_task_group.py
[2022-09-25T14:27:55.842+0000] {logging_mixin.py:115} INFO - [2022-09-25T14:27:55.841+0000] {dag.py:2429} INFO - Sync 1 DAGs
[2022-09-25T14:27:55.892+0000] {logging_mixin.py:115} INFO - [2022-09-25T14:27:55.891+0000] {dag.py:2981} INFO - Setting next_dagrun for example_task_group to 2022-09-24T14:27:55.891468+00:00, run_after=2022-09-25T14:27:55.891468+00:00
[2022-09-25T14:27:55.920+0000] {processor.py:161} INFO - Processing /home/airflow/.local/lib/python3.7/site-packages/airflow/example_dags/example_task_group.py took 0.159 seconds
[2022-09-25T14:28:27.437+0000] {processor.py:153} INFO - Started process (PID=2783) to work on /home/airflow/.local/lib/python3.7/site-packages/airflow/example_dags/example_task_group.py
[2022-09-25T14:28:27.440+0000] {processor.py:640} INFO - Processing file /home/airflow/.local/lib/python3.7/site-packages/airflow/example_dags/example_task_group.py for tasks to queue
[2022-09-25T14:28:27.444+0000] {logging_mixin.py:115} INFO - [2022-09-25T14:28:27.444+0000] {dagbag.py:508} INFO - Filling up the DagBag from /home/airflow/.local/lib/python3.7/site-packages/airflow/example_dags/example_task_group.py
[2022-09-25T14:28:27.460+0000] {processor.py:650} INFO - DAG(s) dict_keys(['example_task_group']) retrieved from /home/airflow/.local/lib/python3.7/site-packages/airflow/example_dags/example_task_group.py
[2022-09-25T14:28:27.518+0000] {logging_mixin.py:115} INFO - [2022-09-25T14:28:27.518+0000] {dag.py:2429} INFO - Sync 1 DAGs
[2022-09-25T14:28:27.555+0000] {logging_mixin.py:115} INFO - [2022-09-25T14:28:27.555+0000] {dag.py:2981} INFO - Setting next_dagrun for example_task_group to 2022-09-24T14:28:27.554932+00:00, run_after=2022-09-25T14:28:27.554932+00:00
[2022-09-25T14:28:27.576+0000] {processor.py:161} INFO - Processing /home/airflow/.local/lib/python3.7/site-packages/airflow/example_dags/example_task_group.py took 0.145 seconds
[2022-09-25T14:28:58.750+0000] {processor.py:153} INFO - Started process (PID=2997) to work on /home/airflow/.local/lib/python3.7/site-packages/airflow/example_dags/example_task_group.py
[2022-09-25T14:28:58.752+0000] {processor.py:640} INFO - Processing file /home/airflow/.local/lib/python3.7/site-packages/airflow/example_dags/example_task_group.py for tasks to queue
[2022-09-25T14:28:58.755+0000] {logging_mixin.py:115} INFO - [2022-09-25T14:28:58.755+0000] {dagbag.py:508} INFO - Filling up the DagBag from /home/airflow/.local/lib/python3.7/site-packages/airflow/example_dags/example_task_group.py
[2022-09-25T14:28:58.769+0000] {processor.py:650} INFO - DAG(s) dict_keys(['example_task_group']) retrieved from /home/airflow/.local/lib/python3.7/site-packages/airflow/example_dags/example_task_group.py
[2022-09-25T14:28:58.838+0000] {logging_mixin.py:115} INFO - [2022-09-25T14:28:58.838+0000] {dag.py:2429} INFO - Sync 1 DAGs
[2022-09-25T14:28:58.885+0000] {logging_mixin.py:115} INFO - [2022-09-25T14:28:58.884+0000] {dag.py:2981} INFO - Setting next_dagrun for example_task_group to 2022-09-24T14:28:58.884549+00:00, run_after=2022-09-25T14:28:58.884549+00:00
[2022-09-25T14:28:58.915+0000] {processor.py:161} INFO - Processing /home/airflow/.local/lib/python3.7/site-packages/airflow/example_dags/example_task_group.py took 0.174 seconds
[2022-09-25T14:29:30.048+0000] {processor.py:153} INFO - Started process (PID=3202) to work on /home/airflow/.local/lib/python3.7/site-packages/airflow/example_dags/example_task_group.py
[2022-09-25T14:29:30.051+0000] {processor.py:640} INFO - Processing file /home/airflow/.local/lib/python3.7/site-packages/airflow/example_dags/example_task_group.py for tasks to queue
[2022-09-25T14:29:30.054+0000] {logging_mixin.py:115} INFO - [2022-09-25T14:29:30.053+0000] {dagbag.py:508} INFO - Filling up the DagBag from /home/airflow/.local/lib/python3.7/site-packages/airflow/example_dags/example_task_group.py
[2022-09-25T14:29:30.082+0000] {processor.py:650} INFO - DAG(s) dict_keys(['example_task_group']) retrieved from /home/airflow/.local/lib/python3.7/site-packages/airflow/example_dags/example_task_group.py
[2022-09-25T14:29:30.173+0000] {logging_mixin.py:115} INFO - [2022-09-25T14:29:30.173+0000] {dag.py:2429} INFO - Sync 1 DAGs
[2022-09-25T14:29:30.229+0000] {logging_mixin.py:115} INFO - [2022-09-25T14:29:30.228+0000] {dag.py:2981} INFO - Setting next_dagrun for example_task_group to 2022-09-24T14:29:30.228227+00:00, run_after=2022-09-25T14:29:30.228227+00:00
[2022-09-25T14:29:30.262+0000] {processor.py:161} INFO - Processing /home/airflow/.local/lib/python3.7/site-packages/airflow/example_dags/example_task_group.py took 0.227 seconds
[2022-09-25T14:30:00.613+0000] {processor.py:153} INFO - Started process (PID=3417) to work on /home/airflow/.local/lib/python3.7/site-packages/airflow/example_dags/example_task_group.py
[2022-09-25T14:30:00.615+0000] {processor.py:640} INFO - Processing file /home/airflow/.local/lib/python3.7/site-packages/airflow/example_dags/example_task_group.py for tasks to queue
[2022-09-25T14:30:00.618+0000] {logging_mixin.py:115} INFO - [2022-09-25T14:30:00.618+0000] {dagbag.py:508} INFO - Filling up the DagBag from /home/airflow/.local/lib/python3.7/site-packages/airflow/example_dags/example_task_group.py
[2022-09-25T14:30:00.629+0000] {processor.py:650} INFO - DAG(s) dict_keys(['example_task_group']) retrieved from /home/airflow/.local/lib/python3.7/site-packages/airflow/example_dags/example_task_group.py
[2022-09-25T14:30:00.682+0000] {logging_mixin.py:115} INFO - [2022-09-25T14:30:00.682+0000] {dag.py:2429} INFO - Sync 1 DAGs
[2022-09-25T14:30:00.721+0000] {logging_mixin.py:115} INFO - [2022-09-25T14:30:00.721+0000] {dag.py:2981} INFO - Setting next_dagrun for example_task_group to 2022-09-24T14:30:00.721003+00:00, run_after=2022-09-25T14:30:00.721003+00:00
[2022-09-25T14:30:00.742+0000] {processor.py:161} INFO - Processing /home/airflow/.local/lib/python3.7/site-packages/airflow/example_dags/example_task_group.py took 0.134 seconds
[2022-09-25T14:30:31.906+0000] {processor.py:153} INFO - Started process (PID=3628) to work on /home/airflow/.local/lib/python3.7/site-packages/airflow/example_dags/example_task_group.py
[2022-09-25T14:30:31.908+0000] {processor.py:640} INFO - Processing file /home/airflow/.local/lib/python3.7/site-packages/airflow/example_dags/example_task_group.py for tasks to queue
[2022-09-25T14:30:31.910+0000] {logging_mixin.py:115} INFO - [2022-09-25T14:30:31.910+0000] {dagbag.py:508} INFO - Filling up the DagBag from /home/airflow/.local/lib/python3.7/site-packages/airflow/example_dags/example_task_group.py
[2022-09-25T14:30:31.934+0000] {processor.py:650} INFO - DAG(s) dict_keys(['example_task_group']) retrieved from /home/airflow/.local/lib/python3.7/site-packages/airflow/example_dags/example_task_group.py
[2022-09-25T14:30:32.049+0000] {logging_mixin.py:115} INFO - [2022-09-25T14:30:32.049+0000] {dag.py:2429} INFO - Sync 1 DAGs
[2022-09-25T14:30:32.218+0000] {logging_mixin.py:115} INFO - [2022-09-25T14:30:32.218+0000] {dag.py:2981} INFO - Setting next_dagrun for example_task_group to 2022-09-24T14:30:32.217099+00:00, run_after=2022-09-25T14:30:32.217099+00:00
[2022-09-25T14:30:32.294+0000] {processor.py:161} INFO - Processing /home/airflow/.local/lib/python3.7/site-packages/airflow/example_dags/example_task_group.py took 0.393 seconds
[2022-09-25T14:31:04.020+0000] {processor.py:153} INFO - Started process (PID=3838) to work on /home/airflow/.local/lib/python3.7/site-packages/airflow/example_dags/example_task_group.py
[2022-09-25T14:31:04.022+0000] {processor.py:640} INFO - Processing file /home/airflow/.local/lib/python3.7/site-packages/airflow/example_dags/example_task_group.py for tasks to queue
[2022-09-25T14:31:04.023+0000] {logging_mixin.py:115} INFO - [2022-09-25T14:31:04.023+0000] {dagbag.py:508} INFO - Filling up the DagBag from /home/airflow/.local/lib/python3.7/site-packages/airflow/example_dags/example_task_group.py
[2022-09-25T14:31:04.035+0000] {processor.py:650} INFO - DAG(s) dict_keys(['example_task_group']) retrieved from /home/airflow/.local/lib/python3.7/site-packages/airflow/example_dags/example_task_group.py
[2022-09-25T14:31:04.084+0000] {logging_mixin.py:115} INFO - [2022-09-25T14:31:04.083+0000] {dag.py:2429} INFO - Sync 1 DAGs
[2022-09-25T14:31:04.127+0000] {logging_mixin.py:115} INFO - [2022-09-25T14:31:04.127+0000] {dag.py:2981} INFO - Setting next_dagrun for example_task_group to 2022-09-24T14:31:04.126691+00:00, run_after=2022-09-25T14:31:04.126691+00:00
[2022-09-25T14:31:04.157+0000] {processor.py:161} INFO - Processing /home/airflow/.local/lib/python3.7/site-packages/airflow/example_dags/example_task_group.py took 0.142 seconds
[2022-09-25T14:31:34.906+0000] {processor.py:153} INFO - Started process (PID=4043) to work on /home/airflow/.local/lib/python3.7/site-packages/airflow/example_dags/example_task_group.py
[2022-09-25T14:31:34.913+0000] {processor.py:640} INFO - Processing file /home/airflow/.local/lib/python3.7/site-packages/airflow/example_dags/example_task_group.py for tasks to queue
[2022-09-25T14:31:34.918+0000] {logging_mixin.py:115} INFO - [2022-09-25T14:31:34.917+0000] {dagbag.py:508} INFO - Filling up the DagBag from /home/airflow/.local/lib/python3.7/site-packages/airflow/example_dags/example_task_group.py
[2022-09-25T14:31:34.945+0000] {processor.py:650} INFO - DAG(s) dict_keys(['example_task_group']) retrieved from /home/airflow/.local/lib/python3.7/site-packages/airflow/example_dags/example_task_group.py
[2022-09-25T14:31:35.020+0000] {logging_mixin.py:115} INFO - [2022-09-25T14:31:35.019+0000] {dag.py:2429} INFO - Sync 1 DAGs
[2022-09-25T14:31:35.075+0000] {logging_mixin.py:115} INFO - [2022-09-25T14:31:35.075+0000] {dag.py:2981} INFO - Setting next_dagrun for example_task_group to 2022-09-24T14:31:35.074990+00:00, run_after=2022-09-25T14:31:35.074990+00:00
[2022-09-25T14:31:35.098+0000] {processor.py:161} INFO - Processing /home/airflow/.local/lib/python3.7/site-packages/airflow/example_dags/example_task_group.py took 0.197 seconds
[2022-09-25T14:32:05.531+0000] {processor.py:153} INFO - Started process (PID=4255) to work on /home/airflow/.local/lib/python3.7/site-packages/airflow/example_dags/example_task_group.py
[2022-09-25T14:32:05.534+0000] {processor.py:640} INFO - Processing file /home/airflow/.local/lib/python3.7/site-packages/airflow/example_dags/example_task_group.py for tasks to queue
[2022-09-25T14:32:05.536+0000] {logging_mixin.py:115} INFO - [2022-09-25T14:32:05.536+0000] {dagbag.py:508} INFO - Filling up the DagBag from /home/airflow/.local/lib/python3.7/site-packages/airflow/example_dags/example_task_group.py
[2022-09-25T14:32:05.556+0000] {processor.py:650} INFO - DAG(s) dict_keys(['example_task_group']) retrieved from /home/airflow/.local/lib/python3.7/site-packages/airflow/example_dags/example_task_group.py
[2022-09-25T14:32:05.603+0000] {logging_mixin.py:115} INFO - [2022-09-25T14:32:05.603+0000] {dag.py:2429} INFO - Sync 1 DAGs
[2022-09-25T14:32:05.655+0000] {logging_mixin.py:115} INFO - [2022-09-25T14:32:05.655+0000] {dag.py:2981} INFO - Setting next_dagrun for example_task_group to 2022-09-24T14:32:05.654897+00:00, run_after=2022-09-25T14:32:05.654897+00:00
[2022-09-25T14:32:05.689+0000] {processor.py:161} INFO - Processing /home/airflow/.local/lib/python3.7/site-packages/airflow/example_dags/example_task_group.py took 0.163 seconds
[2022-09-25T14:32:37.051+0000] {processor.py:153} INFO - Started process (PID=4460) to work on /home/airflow/.local/lib/python3.7/site-packages/airflow/example_dags/example_task_group.py
[2022-09-25T14:32:37.054+0000] {processor.py:640} INFO - Processing file /home/airflow/.local/lib/python3.7/site-packages/airflow/example_dags/example_task_group.py for tasks to queue
[2022-09-25T14:32:37.056+0000] {logging_mixin.py:115} INFO - [2022-09-25T14:32:37.056+0000] {dagbag.py:508} INFO - Filling up the DagBag from /home/airflow/.local/lib/python3.7/site-packages/airflow/example_dags/example_task_group.py
[2022-09-25T14:32:37.073+0000] {processor.py:650} INFO - DAG(s) dict_keys(['example_task_group']) retrieved from /home/airflow/.local/lib/python3.7/site-packages/airflow/example_dags/example_task_group.py
[2022-09-25T14:32:37.119+0000] {logging_mixin.py:115} INFO - [2022-09-25T14:32:37.119+0000] {dag.py:2429} INFO - Sync 1 DAGs
[2022-09-25T14:32:37.160+0000] {logging_mixin.py:115} INFO - [2022-09-25T14:32:37.160+0000] {dag.py:2981} INFO - Setting next_dagrun for example_task_group to 2022-09-24T14:32:37.159844+00:00, run_after=2022-09-25T14:32:37.159844+00:00
[2022-09-25T14:32:37.182+0000] {processor.py:161} INFO - Processing /home/airflow/.local/lib/python3.7/site-packages/airflow/example_dags/example_task_group.py took 0.136 seconds
[2022-09-25T14:33:07.954+0000] {processor.py:153} INFO - Started process (PID=4676) to work on /home/airflow/.local/lib/python3.7/site-packages/airflow/example_dags/example_task_group.py
[2022-09-25T14:33:07.956+0000] {processor.py:640} INFO - Processing file /home/airflow/.local/lib/python3.7/site-packages/airflow/example_dags/example_task_group.py for tasks to queue
[2022-09-25T14:33:07.958+0000] {logging_mixin.py:115} INFO - [2022-09-25T14:33:07.958+0000] {dagbag.py:508} INFO - Filling up the DagBag from /home/airflow/.local/lib/python3.7/site-packages/airflow/example_dags/example_task_group.py
[2022-09-25T14:33:07.975+0000] {processor.py:650} INFO - DAG(s) dict_keys(['example_task_group']) retrieved from /home/airflow/.local/lib/python3.7/site-packages/airflow/example_dags/example_task_group.py
[2022-09-25T14:33:08.016+0000] {logging_mixin.py:115} INFO - [2022-09-25T14:33:08.016+0000] {dag.py:2429} INFO - Sync 1 DAGs
[2022-09-25T14:33:08.053+0000] {logging_mixin.py:115} INFO - [2022-09-25T14:33:08.053+0000] {dag.py:2981} INFO - Setting next_dagrun for example_task_group to 2022-09-24T14:33:08.053202+00:00, run_after=2022-09-25T14:33:08.053202+00:00
[2022-09-25T14:33:08.080+0000] {processor.py:161} INFO - Processing /home/airflow/.local/lib/python3.7/site-packages/airflow/example_dags/example_task_group.py took 0.132 seconds
[2022-09-25T14:33:39.351+0000] {processor.py:153} INFO - Started process (PID=4882) to work on /home/airflow/.local/lib/python3.7/site-packages/airflow/example_dags/example_task_group.py
[2022-09-25T14:33:39.354+0000] {processor.py:640} INFO - Processing file /home/airflow/.local/lib/python3.7/site-packages/airflow/example_dags/example_task_group.py for tasks to queue
[2022-09-25T14:33:39.356+0000] {logging_mixin.py:115} INFO - [2022-09-25T14:33:39.356+0000] {dagbag.py:508} INFO - Filling up the DagBag from /home/airflow/.local/lib/python3.7/site-packages/airflow/example_dags/example_task_group.py
[2022-09-25T14:33:39.383+0000] {processor.py:650} INFO - DAG(s) dict_keys(['example_task_group']) retrieved from /home/airflow/.local/lib/python3.7/site-packages/airflow/example_dags/example_task_group.py
[2022-09-25T14:33:39.449+0000] {logging_mixin.py:115} INFO - [2022-09-25T14:33:39.449+0000] {dag.py:2429} INFO - Sync 1 DAGs
[2022-09-25T14:33:39.505+0000] {logging_mixin.py:115} INFO - [2022-09-25T14:33:39.505+0000] {dag.py:2981} INFO - Setting next_dagrun for example_task_group to 2022-09-24T14:33:39.505027+00:00, run_after=2022-09-25T14:33:39.505027+00:00
[2022-09-25T14:33:39.537+0000] {processor.py:161} INFO - Processing /home/airflow/.local/lib/python3.7/site-packages/airflow/example_dags/example_task_group.py took 0.192 seconds
[2022-09-25T14:34:09.948+0000] {processor.py:153} INFO - Started process (PID=5096) to work on /home/airflow/.local/lib/python3.7/site-packages/airflow/example_dags/example_task_group.py
[2022-09-25T14:34:09.950+0000] {processor.py:640} INFO - Processing file /home/airflow/.local/lib/python3.7/site-packages/airflow/example_dags/example_task_group.py for tasks to queue
[2022-09-25T14:34:09.953+0000] {logging_mixin.py:115} INFO - [2022-09-25T14:34:09.952+0000] {dagbag.py:508} INFO - Filling up the DagBag from /home/airflow/.local/lib/python3.7/site-packages/airflow/example_dags/example_task_group.py
[2022-09-25T14:34:09.981+0000] {processor.py:650} INFO - DAG(s) dict_keys(['example_task_group']) retrieved from /home/airflow/.local/lib/python3.7/site-packages/airflow/example_dags/example_task_group.py
[2022-09-25T14:34:10.027+0000] {logging_mixin.py:115} INFO - [2022-09-25T14:34:10.026+0000] {dag.py:2429} INFO - Sync 1 DAGs
[2022-09-25T14:34:10.067+0000] {logging_mixin.py:115} INFO - [2022-09-25T14:34:10.067+0000] {dag.py:2981} INFO - Setting next_dagrun for example_task_group to 2022-09-24T14:34:10.067007+00:00, run_after=2022-09-25T14:34:10.067007+00:00
[2022-09-25T14:34:10.089+0000] {processor.py:161} INFO - Processing /home/airflow/.local/lib/python3.7/site-packages/airflow/example_dags/example_task_group.py took 0.147 seconds
[2022-09-25T14:34:40.569+0000] {processor.py:153} INFO - Started process (PID=5302) to work on /home/airflow/.local/lib/python3.7/site-packages/airflow/example_dags/example_task_group.py
[2022-09-25T14:34:40.571+0000] {processor.py:640} INFO - Processing file /home/airflow/.local/lib/python3.7/site-packages/airflow/example_dags/example_task_group.py for tasks to queue
[2022-09-25T14:34:40.574+0000] {logging_mixin.py:115} INFO - [2022-09-25T14:34:40.574+0000] {dagbag.py:508} INFO - Filling up the DagBag from /home/airflow/.local/lib/python3.7/site-packages/airflow/example_dags/example_task_group.py
[2022-09-25T14:34:40.598+0000] {processor.py:650} INFO - DAG(s) dict_keys(['example_task_group']) retrieved from /home/airflow/.local/lib/python3.7/site-packages/airflow/example_dags/example_task_group.py
[2022-09-25T14:34:40.669+0000] {logging_mixin.py:115} INFO - [2022-09-25T14:34:40.668+0000] {dag.py:2429} INFO - Sync 1 DAGs
[2022-09-25T14:34:40.733+0000] {logging_mixin.py:115} INFO - [2022-09-25T14:34:40.733+0000] {dag.py:2981} INFO - Setting next_dagrun for example_task_group to 2022-09-24T14:34:40.732992+00:00, run_after=2022-09-25T14:34:40.732992+00:00
[2022-09-25T14:34:40.742+0000] {processor.py:161} INFO - Processing /home/airflow/.local/lib/python3.7/site-packages/airflow/example_dags/example_task_group.py took 0.200 seconds
[2022-09-25T14:35:11.847+0000] {processor.py:153} INFO - Started process (PID=5516) to work on /home/airflow/.local/lib/python3.7/site-packages/airflow/example_dags/example_task_group.py
[2022-09-25T14:35:11.851+0000] {processor.py:640} INFO - Processing file /home/airflow/.local/lib/python3.7/site-packages/airflow/example_dags/example_task_group.py for tasks to queue
[2022-09-25T14:35:11.855+0000] {logging_mixin.py:115} INFO - [2022-09-25T14:35:11.854+0000] {dagbag.py:508} INFO - Filling up the DagBag from /home/airflow/.local/lib/python3.7/site-packages/airflow/example_dags/example_task_group.py
[2022-09-25T14:35:11.879+0000] {processor.py:650} INFO - DAG(s) dict_keys(['example_task_group']) retrieved from /home/airflow/.local/lib/python3.7/site-packages/airflow/example_dags/example_task_group.py
[2022-09-25T14:35:11.942+0000] {logging_mixin.py:115} INFO - [2022-09-25T14:35:11.942+0000] {dag.py:2429} INFO - Sync 1 DAGs
[2022-09-25T14:35:11.991+0000] {logging_mixin.py:115} INFO - [2022-09-25T14:35:11.991+0000] {dag.py:2981} INFO - Setting next_dagrun for example_task_group to 2022-09-24T14:35:11.991327+00:00, run_after=2022-09-25T14:35:11.991327+00:00
[2022-09-25T14:35:12.020+0000] {processor.py:161} INFO - Processing /home/airflow/.local/lib/python3.7/site-packages/airflow/example_dags/example_task_group.py took 0.180 seconds
[2022-09-25T14:35:42.556+0000] {processor.py:153} INFO - Started process (PID=5716) to work on /home/airflow/.local/lib/python3.7/site-packages/airflow/example_dags/example_task_group.py
[2022-09-25T14:35:42.559+0000] {processor.py:640} INFO - Processing file /home/airflow/.local/lib/python3.7/site-packages/airflow/example_dags/example_task_group.py for tasks to queue
[2022-09-25T14:35:42.561+0000] {logging_mixin.py:115} INFO - [2022-09-25T14:35:42.561+0000] {dagbag.py:508} INFO - Filling up the DagBag from /home/airflow/.local/lib/python3.7/site-packages/airflow/example_dags/example_task_group.py
[2022-09-25T14:35:42.579+0000] {processor.py:650} INFO - DAG(s) dict_keys(['example_task_group']) retrieved from /home/airflow/.local/lib/python3.7/site-packages/airflow/example_dags/example_task_group.py
[2022-09-25T14:35:42.625+0000] {logging_mixin.py:115} INFO - [2022-09-25T14:35:42.625+0000] {dag.py:2429} INFO - Sync 1 DAGs
[2022-09-25T14:35:42.666+0000] {logging_mixin.py:115} INFO - [2022-09-25T14:35:42.666+0000] {dag.py:2981} INFO - Setting next_dagrun for example_task_group to 2022-09-24T14:35:42.666043+00:00, run_after=2022-09-25T14:35:42.666043+00:00
[2022-09-25T14:35:42.691+0000] {processor.py:161} INFO - Processing /home/airflow/.local/lib/python3.7/site-packages/airflow/example_dags/example_task_group.py took 0.141 seconds
[2022-09-25T14:36:13.103+0000] {processor.py:153} INFO - Started process (PID=5931) to work on /home/airflow/.local/lib/python3.7/site-packages/airflow/example_dags/example_task_group.py
[2022-09-25T14:36:13.106+0000] {processor.py:640} INFO - Processing file /home/airflow/.local/lib/python3.7/site-packages/airflow/example_dags/example_task_group.py for tasks to queue
[2022-09-25T14:36:13.109+0000] {logging_mixin.py:115} INFO - [2022-09-25T14:36:13.108+0000] {dagbag.py:508} INFO - Filling up the DagBag from /home/airflow/.local/lib/python3.7/site-packages/airflow/example_dags/example_task_group.py
[2022-09-25T14:36:13.128+0000] {processor.py:650} INFO - DAG(s) dict_keys(['example_task_group']) retrieved from /home/airflow/.local/lib/python3.7/site-packages/airflow/example_dags/example_task_group.py
[2022-09-25T14:36:13.177+0000] {logging_mixin.py:115} INFO - [2022-09-25T14:36:13.176+0000] {dag.py:2429} INFO - Sync 1 DAGs
[2022-09-25T14:36:13.219+0000] {logging_mixin.py:115} INFO - [2022-09-25T14:36:13.218+0000] {dag.py:2981} INFO - Setting next_dagrun for example_task_group to 2022-09-24T14:36:13.218200+00:00, run_after=2022-09-25T14:36:13.218200+00:00
[2022-09-25T14:36:13.249+0000] {processor.py:161} INFO - Processing /home/airflow/.local/lib/python3.7/site-packages/airflow/example_dags/example_task_group.py took 0.152 seconds
[2022-09-25T14:36:44.163+0000] {processor.py:153} INFO - Started process (PID=6136) to work on /home/airflow/.local/lib/python3.7/site-packages/airflow/example_dags/example_task_group.py
[2022-09-25T14:36:44.169+0000] {processor.py:640} INFO - Processing file /home/airflow/.local/lib/python3.7/site-packages/airflow/example_dags/example_task_group.py for tasks to queue
[2022-09-25T14:36:44.172+0000] {logging_mixin.py:115} INFO - [2022-09-25T14:36:44.172+0000] {dagbag.py:508} INFO - Filling up the DagBag from /home/airflow/.local/lib/python3.7/site-packages/airflow/example_dags/example_task_group.py
[2022-09-25T14:36:44.187+0000] {processor.py:650} INFO - DAG(s) dict_keys(['example_task_group']) retrieved from /home/airflow/.local/lib/python3.7/site-packages/airflow/example_dags/example_task_group.py
[2022-09-25T14:36:44.318+0000] {logging_mixin.py:115} INFO - [2022-09-25T14:36:44.318+0000] {dag.py:2429} INFO - Sync 1 DAGs
[2022-09-25T14:36:44.383+0000] {logging_mixin.py:115} INFO - [2022-09-25T14:36:44.382+0000] {dag.py:2981} INFO - Setting next_dagrun for example_task_group to 2022-09-24T14:36:44.382138+00:00, run_after=2022-09-25T14:36:44.382138+00:00
[2022-09-25T14:36:44.417+0000] {processor.py:161} INFO - Processing /home/airflow/.local/lib/python3.7/site-packages/airflow/example_dags/example_task_group.py took 0.262 seconds
[2022-09-25T14:37:14.733+0000] {processor.py:153} INFO - Started process (PID=6345) to work on /home/airflow/.local/lib/python3.7/site-packages/airflow/example_dags/example_task_group.py
[2022-09-25T14:37:14.735+0000] {processor.py:640} INFO - Processing file /home/airflow/.local/lib/python3.7/site-packages/airflow/example_dags/example_task_group.py for tasks to queue
[2022-09-25T14:37:14.737+0000] {logging_mixin.py:115} INFO - [2022-09-25T14:37:14.737+0000] {dagbag.py:508} INFO - Filling up the DagBag from /home/airflow/.local/lib/python3.7/site-packages/airflow/example_dags/example_task_group.py
[2022-09-25T14:37:14.752+0000] {processor.py:650} INFO - DAG(s) dict_keys(['example_task_group']) retrieved from /home/airflow/.local/lib/python3.7/site-packages/airflow/example_dags/example_task_group.py
[2022-09-25T14:37:14.809+0000] {logging_mixin.py:115} INFO - [2022-09-25T14:37:14.809+0000] {dag.py:2429} INFO - Sync 1 DAGs
[2022-09-25T14:37:14.850+0000] {logging_mixin.py:115} INFO - [2022-09-25T14:37:14.849+0000] {dag.py:2981} INFO - Setting next_dagrun for example_task_group to 2022-09-24T14:37:14.849458+00:00, run_after=2022-09-25T14:37:14.849458+00:00
[2022-09-25T14:37:14.874+0000] {processor.py:161} INFO - Processing /home/airflow/.local/lib/python3.7/site-packages/airflow/example_dags/example_task_group.py took 0.148 seconds
[2022-09-25T14:37:45.745+0000] {processor.py:153} INFO - Started process (PID=6548) to work on /home/airflow/.local/lib/python3.7/site-packages/airflow/example_dags/example_task_group.py
[2022-09-25T14:37:45.747+0000] {processor.py:640} INFO - Processing file /home/airflow/.local/lib/python3.7/site-packages/airflow/example_dags/example_task_group.py for tasks to queue
[2022-09-25T14:37:45.749+0000] {logging_mixin.py:115} INFO - [2022-09-25T14:37:45.749+0000] {dagbag.py:508} INFO - Filling up the DagBag from /home/airflow/.local/lib/python3.7/site-packages/airflow/example_dags/example_task_group.py
[2022-09-25T14:37:45.762+0000] {processor.py:650} INFO - DAG(s) dict_keys(['example_task_group']) retrieved from /home/airflow/.local/lib/python3.7/site-packages/airflow/example_dags/example_task_group.py
[2022-09-25T14:37:45.816+0000] {logging_mixin.py:115} INFO - [2022-09-25T14:37:45.815+0000] {dag.py:2429} INFO - Sync 1 DAGs
[2022-09-25T14:37:45.857+0000] {logging_mixin.py:115} INFO - [2022-09-25T14:37:45.857+0000] {dag.py:2981} INFO - Setting next_dagrun for example_task_group to 2022-09-24T14:37:45.856837+00:00, run_after=2022-09-25T14:37:45.856837+00:00
[2022-09-25T14:37:45.886+0000] {processor.py:161} INFO - Processing /home/airflow/.local/lib/python3.7/site-packages/airflow/example_dags/example_task_group.py took 0.147 seconds
[2022-09-25T14:38:15.950+0000] {processor.py:153} INFO - Started process (PID=6761) to work on /home/airflow/.local/lib/python3.7/site-packages/airflow/example_dags/example_task_group.py
[2022-09-25T14:38:15.952+0000] {processor.py:640} INFO - Processing file /home/airflow/.local/lib/python3.7/site-packages/airflow/example_dags/example_task_group.py for tasks to queue
[2022-09-25T14:38:15.954+0000] {logging_mixin.py:115} INFO - [2022-09-25T14:38:15.954+0000] {dagbag.py:508} INFO - Filling up the DagBag from /home/airflow/.local/lib/python3.7/site-packages/airflow/example_dags/example_task_group.py
[2022-09-25T14:38:15.966+0000] {processor.py:650} INFO - DAG(s) dict_keys(['example_task_group']) retrieved from /home/airflow/.local/lib/python3.7/site-packages/airflow/example_dags/example_task_group.py
[2022-09-25T14:38:16.009+0000] {logging_mixin.py:115} INFO - [2022-09-25T14:38:16.009+0000] {dag.py:2429} INFO - Sync 1 DAGs
[2022-09-25T14:38:16.042+0000] {logging_mixin.py:115} INFO - [2022-09-25T14:38:16.042+0000] {dag.py:2981} INFO - Setting next_dagrun for example_task_group to 2022-09-24T14:38:16.042092+00:00, run_after=2022-09-25T14:38:16.042092+00:00
[2022-09-25T14:38:16.063+0000] {processor.py:161} INFO - Processing /home/airflow/.local/lib/python3.7/site-packages/airflow/example_dags/example_task_group.py took 0.123 seconds
[2022-09-25T14:38:46.571+0000] {processor.py:153} INFO - Started process (PID=6963) to work on /home/airflow/.local/lib/python3.7/site-packages/airflow/example_dags/example_task_group.py
[2022-09-25T14:38:46.574+0000] {processor.py:640} INFO - Processing file /home/airflow/.local/lib/python3.7/site-packages/airflow/example_dags/example_task_group.py for tasks to queue
[2022-09-25T14:38:46.577+0000] {logging_mixin.py:115} INFO - [2022-09-25T14:38:46.576+0000] {dagbag.py:508} INFO - Filling up the DagBag from /home/airflow/.local/lib/python3.7/site-packages/airflow/example_dags/example_task_group.py
[2022-09-25T14:38:46.589+0000] {processor.py:650} INFO - DAG(s) dict_keys(['example_task_group']) retrieved from /home/airflow/.local/lib/python3.7/site-packages/airflow/example_dags/example_task_group.py
[2022-09-25T14:38:46.647+0000] {logging_mixin.py:115} INFO - [2022-09-25T14:38:46.647+0000] {dag.py:2429} INFO - Sync 1 DAGs
[2022-09-25T14:38:46.695+0000] {logging_mixin.py:115} INFO - [2022-09-25T14:38:46.694+0000] {dag.py:2981} INFO - Setting next_dagrun for example_task_group to 2022-09-24T14:38:46.694345+00:00, run_after=2022-09-25T14:38:46.694345+00:00
[2022-09-25T14:38:46.726+0000] {processor.py:161} INFO - Processing /home/airflow/.local/lib/python3.7/site-packages/airflow/example_dags/example_task_group.py took 0.163 seconds
[2022-09-25T14:39:16.803+0000] {processor.py:153} INFO - Started process (PID=7178) to work on /home/airflow/.local/lib/python3.7/site-packages/airflow/example_dags/example_task_group.py
[2022-09-25T14:39:16.806+0000] {processor.py:640} INFO - Processing file /home/airflow/.local/lib/python3.7/site-packages/airflow/example_dags/example_task_group.py for tasks to queue
[2022-09-25T14:39:16.808+0000] {logging_mixin.py:115} INFO - [2022-09-25T14:39:16.808+0000] {dagbag.py:508} INFO - Filling up the DagBag from /home/airflow/.local/lib/python3.7/site-packages/airflow/example_dags/example_task_group.py
[2022-09-25T14:39:16.822+0000] {processor.py:650} INFO - DAG(s) dict_keys(['example_task_group']) retrieved from /home/airflow/.local/lib/python3.7/site-packages/airflow/example_dags/example_task_group.py
[2022-09-25T14:39:16.883+0000] {logging_mixin.py:115} INFO - [2022-09-25T14:39:16.883+0000] {dag.py:2429} INFO - Sync 1 DAGs
[2022-09-25T14:39:16.922+0000] {logging_mixin.py:115} INFO - [2022-09-25T14:39:16.922+0000] {dag.py:2981} INFO - Setting next_dagrun for example_task_group to 2022-09-24T14:39:16.921767+00:00, run_after=2022-09-25T14:39:16.921767+00:00
[2022-09-25T14:39:16.944+0000] {processor.py:161} INFO - Processing /home/airflow/.local/lib/python3.7/site-packages/airflow/example_dags/example_task_group.py took 0.146 seconds
[2022-09-25T14:39:47.312+0000] {processor.py:153} INFO - Started process (PID=7381) to work on /home/airflow/.local/lib/python3.7/site-packages/airflow/example_dags/example_task_group.py
[2022-09-25T14:39:47.315+0000] {processor.py:640} INFO - Processing file /home/airflow/.local/lib/python3.7/site-packages/airflow/example_dags/example_task_group.py for tasks to queue
[2022-09-25T14:39:47.320+0000] {logging_mixin.py:115} INFO - [2022-09-25T14:39:47.319+0000] {dagbag.py:508} INFO - Filling up the DagBag from /home/airflow/.local/lib/python3.7/site-packages/airflow/example_dags/example_task_group.py
[2022-09-25T14:39:47.349+0000] {processor.py:650} INFO - DAG(s) dict_keys(['example_task_group']) retrieved from /home/airflow/.local/lib/python3.7/site-packages/airflow/example_dags/example_task_group.py
[2022-09-25T14:39:47.416+0000] {logging_mixin.py:115} INFO - [2022-09-25T14:39:47.416+0000] {dag.py:2429} INFO - Sync 1 DAGs
[2022-09-25T14:39:47.457+0000] {logging_mixin.py:115} INFO - [2022-09-25T14:39:47.457+0000] {dag.py:2981} INFO - Setting next_dagrun for example_task_group to 2022-09-24T14:39:47.457087+00:00, run_after=2022-09-25T14:39:47.457087+00:00
[2022-09-25T14:39:47.488+0000] {processor.py:161} INFO - Processing /home/airflow/.local/lib/python3.7/site-packages/airflow/example_dags/example_task_group.py took 0.184 seconds
[2022-09-25T14:40:17.711+0000] {processor.py:153} INFO - Started process (PID=7595) to work on /home/airflow/.local/lib/python3.7/site-packages/airflow/example_dags/example_task_group.py
[2022-09-25T14:40:17.713+0000] {processor.py:640} INFO - Processing file /home/airflow/.local/lib/python3.7/site-packages/airflow/example_dags/example_task_group.py for tasks to queue
[2022-09-25T14:40:17.715+0000] {logging_mixin.py:115} INFO - [2022-09-25T14:40:17.715+0000] {dagbag.py:508} INFO - Filling up the DagBag from /home/airflow/.local/lib/python3.7/site-packages/airflow/example_dags/example_task_group.py
[2022-09-25T14:40:17.738+0000] {processor.py:650} INFO - DAG(s) dict_keys(['example_task_group']) retrieved from /home/airflow/.local/lib/python3.7/site-packages/airflow/example_dags/example_task_group.py
[2022-09-25T14:40:17.792+0000] {logging_mixin.py:115} INFO - [2022-09-25T14:40:17.792+0000] {dag.py:2429} INFO - Sync 1 DAGs
[2022-09-25T14:40:17.850+0000] {logging_mixin.py:115} INFO - [2022-09-25T14:40:17.850+0000] {dag.py:2981} INFO - Setting next_dagrun for example_task_group to 2022-09-24T14:40:17.850058+00:00, run_after=2022-09-25T14:40:17.850058+00:00
[2022-09-25T14:40:17.880+0000] {processor.py:161} INFO - Processing /home/airflow/.local/lib/python3.7/site-packages/airflow/example_dags/example_task_group.py took 0.178 seconds
[2022-09-25T14:40:48.359+0000] {processor.py:153} INFO - Started process (PID=7802) to work on /home/airflow/.local/lib/python3.7/site-packages/airflow/example_dags/example_task_group.py
[2022-09-25T14:40:48.365+0000] {processor.py:640} INFO - Processing file /home/airflow/.local/lib/python3.7/site-packages/airflow/example_dags/example_task_group.py for tasks to queue
[2022-09-25T14:40:48.369+0000] {logging_mixin.py:115} INFO - [2022-09-25T14:40:48.369+0000] {dagbag.py:508} INFO - Filling up the DagBag from /home/airflow/.local/lib/python3.7/site-packages/airflow/example_dags/example_task_group.py
[2022-09-25T14:40:48.400+0000] {processor.py:650} INFO - DAG(s) dict_keys(['example_task_group']) retrieved from /home/airflow/.local/lib/python3.7/site-packages/airflow/example_dags/example_task_group.py
[2022-09-25T14:40:48.487+0000] {logging_mixin.py:115} INFO - [2022-09-25T14:40:48.487+0000] {dag.py:2429} INFO - Sync 1 DAGs
[2022-09-25T14:40:48.556+0000] {logging_mixin.py:115} INFO - [2022-09-25T14:40:48.556+0000] {dag.py:2981} INFO - Setting next_dagrun for example_task_group to 2022-09-24T14:40:48.556185+00:00, run_after=2022-09-25T14:40:48.556185+00:00
[2022-09-25T14:40:48.578+0000] {processor.py:161} INFO - Processing /home/airflow/.local/lib/python3.7/site-packages/airflow/example_dags/example_task_group.py took 0.228 seconds
[2022-09-25T14:41:19.039+0000] {processor.py:153} INFO - Started process (PID=8016) to work on /home/airflow/.local/lib/python3.7/site-packages/airflow/example_dags/example_task_group.py
[2022-09-25T14:41:19.042+0000] {processor.py:640} INFO - Processing file /home/airflow/.local/lib/python3.7/site-packages/airflow/example_dags/example_task_group.py for tasks to queue
[2022-09-25T14:41:19.044+0000] {logging_mixin.py:115} INFO - [2022-09-25T14:41:19.044+0000] {dagbag.py:508} INFO - Filling up the DagBag from /home/airflow/.local/lib/python3.7/site-packages/airflow/example_dags/example_task_group.py
[2022-09-25T14:41:19.057+0000] {processor.py:650} INFO - DAG(s) dict_keys(['example_task_group']) retrieved from /home/airflow/.local/lib/python3.7/site-packages/airflow/example_dags/example_task_group.py
[2022-09-25T14:41:19.114+0000] {logging_mixin.py:115} INFO - [2022-09-25T14:41:19.114+0000] {dag.py:2429} INFO - Sync 1 DAGs
[2022-09-25T14:41:19.159+0000] {logging_mixin.py:115} INFO - [2022-09-25T14:41:19.158+0000] {dag.py:2981} INFO - Setting next_dagrun for example_task_group to 2022-09-24T14:41:19.158299+00:00, run_after=2022-09-25T14:41:19.158299+00:00
[2022-09-25T14:41:19.193+0000] {processor.py:161} INFO - Processing /home/airflow/.local/lib/python3.7/site-packages/airflow/example_dags/example_task_group.py took 0.159 seconds
[2022-09-25T14:41:49.647+0000] {processor.py:153} INFO - Started process (PID=8221) to work on /home/airflow/.local/lib/python3.7/site-packages/airflow/example_dags/example_task_group.py
[2022-09-25T14:41:49.649+0000] {processor.py:640} INFO - Processing file /home/airflow/.local/lib/python3.7/site-packages/airflow/example_dags/example_task_group.py for tasks to queue
[2022-09-25T14:41:49.651+0000] {logging_mixin.py:115} INFO - [2022-09-25T14:41:49.651+0000] {dagbag.py:508} INFO - Filling up the DagBag from /home/airflow/.local/lib/python3.7/site-packages/airflow/example_dags/example_task_group.py
[2022-09-25T14:41:49.665+0000] {processor.py:650} INFO - DAG(s) dict_keys(['example_task_group']) retrieved from /home/airflow/.local/lib/python3.7/site-packages/airflow/example_dags/example_task_group.py
[2022-09-25T14:41:49.712+0000] {logging_mixin.py:115} INFO - [2022-09-25T14:41:49.712+0000] {dag.py:2429} INFO - Sync 1 DAGs
[2022-09-25T14:41:49.749+0000] {logging_mixin.py:115} INFO - [2022-09-25T14:41:49.748+0000] {dag.py:2981} INFO - Setting next_dagrun for example_task_group to 2022-09-24T14:41:49.748064+00:00, run_after=2022-09-25T14:41:49.748064+00:00
[2022-09-25T14:41:49.771+0000] {processor.py:161} INFO - Processing /home/airflow/.local/lib/python3.7/site-packages/airflow/example_dags/example_task_group.py took 0.129 seconds
[2022-09-25T14:42:20.547+0000] {processor.py:153} INFO - Started process (PID=8435) to work on /home/airflow/.local/lib/python3.7/site-packages/airflow/example_dags/example_task_group.py
[2022-09-25T14:42:20.549+0000] {processor.py:640} INFO - Processing file /home/airflow/.local/lib/python3.7/site-packages/airflow/example_dags/example_task_group.py for tasks to queue
[2022-09-25T14:42:20.551+0000] {logging_mixin.py:115} INFO - [2022-09-25T14:42:20.551+0000] {dagbag.py:508} INFO - Filling up the DagBag from /home/airflow/.local/lib/python3.7/site-packages/airflow/example_dags/example_task_group.py
[2022-09-25T14:42:20.565+0000] {processor.py:650} INFO - DAG(s) dict_keys(['example_task_group']) retrieved from /home/airflow/.local/lib/python3.7/site-packages/airflow/example_dags/example_task_group.py
[2022-09-25T14:42:20.610+0000] {logging_mixin.py:115} INFO - [2022-09-25T14:42:20.610+0000] {dag.py:2429} INFO - Sync 1 DAGs
[2022-09-25T14:42:20.646+0000] {logging_mixin.py:115} INFO - [2022-09-25T14:42:20.646+0000] {dag.py:2981} INFO - Setting next_dagrun for example_task_group to 2022-09-24T14:42:20.646361+00:00, run_after=2022-09-25T14:42:20.646361+00:00
[2022-09-25T14:42:20.672+0000] {processor.py:161} INFO - Processing /home/airflow/.local/lib/python3.7/site-packages/airflow/example_dags/example_task_group.py took 0.130 seconds
[2022-09-25T14:42:50.785+0000] {processor.py:153} INFO - Started process (PID=8642) to work on /home/airflow/.local/lib/python3.7/site-packages/airflow/example_dags/example_task_group.py
[2022-09-25T14:42:50.788+0000] {processor.py:640} INFO - Processing file /home/airflow/.local/lib/python3.7/site-packages/airflow/example_dags/example_task_group.py for tasks to queue
[2022-09-25T14:42:50.789+0000] {logging_mixin.py:115} INFO - [2022-09-25T14:42:50.789+0000] {dagbag.py:508} INFO - Filling up the DagBag from /home/airflow/.local/lib/python3.7/site-packages/airflow/example_dags/example_task_group.py
[2022-09-25T14:42:50.801+0000] {processor.py:650} INFO - DAG(s) dict_keys(['example_task_group']) retrieved from /home/airflow/.local/lib/python3.7/site-packages/airflow/example_dags/example_task_group.py
[2022-09-25T14:42:50.844+0000] {logging_mixin.py:115} INFO - [2022-09-25T14:42:50.843+0000] {dag.py:2429} INFO - Sync 1 DAGs
[2022-09-25T14:42:50.878+0000] {logging_mixin.py:115} INFO - [2022-09-25T14:42:50.877+0000] {dag.py:2981} INFO - Setting next_dagrun for example_task_group to 2022-09-24T14:42:50.877512+00:00, run_after=2022-09-25T14:42:50.877512+00:00
[2022-09-25T14:42:50.895+0000] {processor.py:161} INFO - Processing /home/airflow/.local/lib/python3.7/site-packages/airflow/example_dags/example_task_group.py took 0.116 seconds
[2022-09-25T14:43:21.158+0000] {processor.py:153} INFO - Started process (PID=8855) to work on /home/airflow/.local/lib/python3.7/site-packages/airflow/example_dags/example_task_group.py
[2022-09-25T14:43:21.161+0000] {processor.py:640} INFO - Processing file /home/airflow/.local/lib/python3.7/site-packages/airflow/example_dags/example_task_group.py for tasks to queue
[2022-09-25T14:43:21.163+0000] {logging_mixin.py:115} INFO - [2022-09-25T14:43:21.163+0000] {dagbag.py:508} INFO - Filling up the DagBag from /home/airflow/.local/lib/python3.7/site-packages/airflow/example_dags/example_task_group.py
[2022-09-25T14:43:21.182+0000] {processor.py:650} INFO - DAG(s) dict_keys(['example_task_group']) retrieved from /home/airflow/.local/lib/python3.7/site-packages/airflow/example_dags/example_task_group.py
[2022-09-25T14:43:21.232+0000] {logging_mixin.py:115} INFO - [2022-09-25T14:43:21.232+0000] {dag.py:2429} INFO - Sync 1 DAGs
[2022-09-25T14:43:21.270+0000] {logging_mixin.py:115} INFO - [2022-09-25T14:43:21.270+0000] {dag.py:2981} INFO - Setting next_dagrun for example_task_group to 2022-09-24T14:43:21.269972+00:00, run_after=2022-09-25T14:43:21.269972+00:00
[2022-09-25T14:43:21.301+0000] {processor.py:161} INFO - Processing /home/airflow/.local/lib/python3.7/site-packages/airflow/example_dags/example_task_group.py took 0.149 seconds
[2022-09-25T14:43:51.822+0000] {processor.py:153} INFO - Started process (PID=9061) to work on /home/airflow/.local/lib/python3.7/site-packages/airflow/example_dags/example_task_group.py
[2022-09-25T14:43:51.825+0000] {processor.py:640} INFO - Processing file /home/airflow/.local/lib/python3.7/site-packages/airflow/example_dags/example_task_group.py for tasks to queue
[2022-09-25T14:43:51.826+0000] {logging_mixin.py:115} INFO - [2022-09-25T14:43:51.826+0000] {dagbag.py:508} INFO - Filling up the DagBag from /home/airflow/.local/lib/python3.7/site-packages/airflow/example_dags/example_task_group.py
[2022-09-25T14:43:51.839+0000] {processor.py:650} INFO - DAG(s) dict_keys(['example_task_group']) retrieved from /home/airflow/.local/lib/python3.7/site-packages/airflow/example_dags/example_task_group.py
[2022-09-25T14:43:51.883+0000] {logging_mixin.py:115} INFO - [2022-09-25T14:43:51.883+0000] {dag.py:2429} INFO - Sync 1 DAGs
[2022-09-25T14:43:51.918+0000] {logging_mixin.py:115} INFO - [2022-09-25T14:43:51.918+0000] {dag.py:2981} INFO - Setting next_dagrun for example_task_group to 2022-09-24T14:43:51.918181+00:00, run_after=2022-09-25T14:43:51.918181+00:00
[2022-09-25T14:43:51.939+0000] {processor.py:161} INFO - Processing /home/airflow/.local/lib/python3.7/site-packages/airflow/example_dags/example_task_group.py took 0.127 seconds
[2022-09-25T14:44:22.571+0000] {processor.py:153} INFO - Started process (PID=9276) to work on /home/airflow/.local/lib/python3.7/site-packages/airflow/example_dags/example_task_group.py
[2022-09-25T14:44:22.573+0000] {processor.py:640} INFO - Processing file /home/airflow/.local/lib/python3.7/site-packages/airflow/example_dags/example_task_group.py for tasks to queue
[2022-09-25T14:44:22.575+0000] {logging_mixin.py:115} INFO - [2022-09-25T14:44:22.574+0000] {dagbag.py:508} INFO - Filling up the DagBag from /home/airflow/.local/lib/python3.7/site-packages/airflow/example_dags/example_task_group.py
[2022-09-25T14:44:22.587+0000] {processor.py:650} INFO - DAG(s) dict_keys(['example_task_group']) retrieved from /home/airflow/.local/lib/python3.7/site-packages/airflow/example_dags/example_task_group.py
[2022-09-25T14:44:22.636+0000] {logging_mixin.py:115} INFO - [2022-09-25T14:44:22.635+0000] {dag.py:2429} INFO - Sync 1 DAGs
[2022-09-25T14:44:22.681+0000] {logging_mixin.py:115} INFO - [2022-09-25T14:44:22.680+0000] {dag.py:2981} INFO - Setting next_dagrun for example_task_group to 2022-09-24T14:44:22.680556+00:00, run_after=2022-09-25T14:44:22.680556+00:00
[2022-09-25T14:44:22.700+0000] {processor.py:161} INFO - Processing /home/airflow/.local/lib/python3.7/site-packages/airflow/example_dags/example_task_group.py took 0.134 seconds
[2022-09-25T14:44:52.963+0000] {processor.py:153} INFO - Started process (PID=9480) to work on /home/airflow/.local/lib/python3.7/site-packages/airflow/example_dags/example_task_group.py
[2022-09-25T14:44:52.965+0000] {processor.py:640} INFO - Processing file /home/airflow/.local/lib/python3.7/site-packages/airflow/example_dags/example_task_group.py for tasks to queue
[2022-09-25T14:44:52.970+0000] {logging_mixin.py:115} INFO - [2022-09-25T14:44:52.969+0000] {dagbag.py:508} INFO - Filling up the DagBag from /home/airflow/.local/lib/python3.7/site-packages/airflow/example_dags/example_task_group.py
[2022-09-25T14:44:52.988+0000] {processor.py:650} INFO - DAG(s) dict_keys(['example_task_group']) retrieved from /home/airflow/.local/lib/python3.7/site-packages/airflow/example_dags/example_task_group.py
[2022-09-25T14:44:53.037+0000] {logging_mixin.py:115} INFO - [2022-09-25T14:44:53.037+0000] {dag.py:2429} INFO - Sync 1 DAGs
[2022-09-25T14:44:53.074+0000] {logging_mixin.py:115} INFO - [2022-09-25T14:44:53.074+0000] {dag.py:2981} INFO - Setting next_dagrun for example_task_group to 2022-09-24T14:44:53.073918+00:00, run_after=2022-09-25T14:44:53.073918+00:00
[2022-09-25T14:44:53.097+0000] {processor.py:161} INFO - Processing /home/airflow/.local/lib/python3.7/site-packages/airflow/example_dags/example_task_group.py took 0.140 seconds
[2022-09-25T14:45:23.393+0000] {processor.py:153} INFO - Started process (PID=9685) to work on /home/airflow/.local/lib/python3.7/site-packages/airflow/example_dags/example_task_group.py
[2022-09-25T14:45:23.395+0000] {processor.py:640} INFO - Processing file /home/airflow/.local/lib/python3.7/site-packages/airflow/example_dags/example_task_group.py for tasks to queue
[2022-09-25T14:45:23.397+0000] {logging_mixin.py:115} INFO - [2022-09-25T14:45:23.397+0000] {dagbag.py:508} INFO - Filling up the DagBag from /home/airflow/.local/lib/python3.7/site-packages/airflow/example_dags/example_task_group.py
[2022-09-25T14:45:23.412+0000] {processor.py:650} INFO - DAG(s) dict_keys(['example_task_group']) retrieved from /home/airflow/.local/lib/python3.7/site-packages/airflow/example_dags/example_task_group.py
[2022-09-25T14:45:23.464+0000] {logging_mixin.py:115} INFO - [2022-09-25T14:45:23.464+0000] {dag.py:2429} INFO - Sync 1 DAGs
[2022-09-25T14:45:23.504+0000] {logging_mixin.py:115} INFO - [2022-09-25T14:45:23.503+0000] {dag.py:2981} INFO - Setting next_dagrun for example_task_group to 2022-09-24T14:45:23.503206+00:00, run_after=2022-09-25T14:45:23.503206+00:00
[2022-09-25T14:45:23.527+0000] {processor.py:161} INFO - Processing /home/airflow/.local/lib/python3.7/site-packages/airflow/example_dags/example_task_group.py took 0.141 seconds
[2022-09-25T14:45:54.069+0000] {processor.py:153} INFO - Started process (PID=9900) to work on /home/airflow/.local/lib/python3.7/site-packages/airflow/example_dags/example_task_group.py
[2022-09-25T14:45:54.073+0000] {processor.py:640} INFO - Processing file /home/airflow/.local/lib/python3.7/site-packages/airflow/example_dags/example_task_group.py for tasks to queue
[2022-09-25T14:45:54.076+0000] {logging_mixin.py:115} INFO - [2022-09-25T14:45:54.075+0000] {dagbag.py:508} INFO - Filling up the DagBag from /home/airflow/.local/lib/python3.7/site-packages/airflow/example_dags/example_task_group.py
[2022-09-25T14:45:54.094+0000] {processor.py:650} INFO - DAG(s) dict_keys(['example_task_group']) retrieved from /home/airflow/.local/lib/python3.7/site-packages/airflow/example_dags/example_task_group.py
[2022-09-25T14:45:54.148+0000] {logging_mixin.py:115} INFO - [2022-09-25T14:45:54.148+0000] {dag.py:2429} INFO - Sync 1 DAGs
[2022-09-25T14:45:54.190+0000] {logging_mixin.py:115} INFO - [2022-09-25T14:45:54.190+0000] {dag.py:2981} INFO - Setting next_dagrun for example_task_group to 2022-09-24T14:45:54.189946+00:00, run_after=2022-09-25T14:45:54.189946+00:00
[2022-09-25T14:45:54.217+0000] {processor.py:161} INFO - Processing /home/airflow/.local/lib/python3.7/site-packages/airflow/example_dags/example_task_group.py took 0.165 seconds
[2022-09-25T14:46:24.741+0000] {processor.py:153} INFO - Started process (PID=10106) to work on /home/airflow/.local/lib/python3.7/site-packages/airflow/example_dags/example_task_group.py
[2022-09-25T14:46:24.743+0000] {processor.py:640} INFO - Processing file /home/airflow/.local/lib/python3.7/site-packages/airflow/example_dags/example_task_group.py for tasks to queue
[2022-09-25T14:46:24.746+0000] {logging_mixin.py:115} INFO - [2022-09-25T14:46:24.746+0000] {dagbag.py:508} INFO - Filling up the DagBag from /home/airflow/.local/lib/python3.7/site-packages/airflow/example_dags/example_task_group.py
[2022-09-25T14:46:24.760+0000] {processor.py:650} INFO - DAG(s) dict_keys(['example_task_group']) retrieved from /home/airflow/.local/lib/python3.7/site-packages/airflow/example_dags/example_task_group.py
[2022-09-25T14:46:24.808+0000] {logging_mixin.py:115} INFO - [2022-09-25T14:46:24.808+0000] {dag.py:2429} INFO - Sync 1 DAGs
[2022-09-25T14:46:24.847+0000] {logging_mixin.py:115} INFO - [2022-09-25T14:46:24.847+0000] {dag.py:2981} INFO - Setting next_dagrun for example_task_group to 2022-09-24T14:46:24.846986+00:00, run_after=2022-09-25T14:46:24.846986+00:00
[2022-09-25T14:46:24.873+0000] {processor.py:161} INFO - Processing /home/airflow/.local/lib/python3.7/site-packages/airflow/example_dags/example_task_group.py took 0.138 seconds
[2022-09-25T14:46:55.305+0000] {processor.py:153} INFO - Started process (PID=10320) to work on /home/airflow/.local/lib/python3.7/site-packages/airflow/example_dags/example_task_group.py
[2022-09-25T14:46:55.307+0000] {processor.py:640} INFO - Processing file /home/airflow/.local/lib/python3.7/site-packages/airflow/example_dags/example_task_group.py for tasks to queue
[2022-09-25T14:46:55.309+0000] {logging_mixin.py:115} INFO - [2022-09-25T14:46:55.309+0000] {dagbag.py:508} INFO - Filling up the DagBag from /home/airflow/.local/lib/python3.7/site-packages/airflow/example_dags/example_task_group.py
[2022-09-25T14:46:55.321+0000] {processor.py:650} INFO - DAG(s) dict_keys(['example_task_group']) retrieved from /home/airflow/.local/lib/python3.7/site-packages/airflow/example_dags/example_task_group.py
[2022-09-25T14:46:55.364+0000] {logging_mixin.py:115} INFO - [2022-09-25T14:46:55.364+0000] {dag.py:2429} INFO - Sync 1 DAGs
[2022-09-25T14:46:55.399+0000] {logging_mixin.py:115} INFO - [2022-09-25T14:46:55.399+0000] {dag.py:2981} INFO - Setting next_dagrun for example_task_group to 2022-09-24T14:46:55.399225+00:00, run_after=2022-09-25T14:46:55.399225+00:00
[2022-09-25T14:46:55.418+0000] {processor.py:161} INFO - Processing /home/airflow/.local/lib/python3.7/site-packages/airflow/example_dags/example_task_group.py took 0.118 seconds
[2022-09-25T14:47:25.852+0000] {processor.py:153} INFO - Started process (PID=10525) to work on /home/airflow/.local/lib/python3.7/site-packages/airflow/example_dags/example_task_group.py
[2022-09-25T14:47:25.854+0000] {processor.py:640} INFO - Processing file /home/airflow/.local/lib/python3.7/site-packages/airflow/example_dags/example_task_group.py for tasks to queue
[2022-09-25T14:47:25.856+0000] {logging_mixin.py:115} INFO - [2022-09-25T14:47:25.856+0000] {dagbag.py:508} INFO - Filling up the DagBag from /home/airflow/.local/lib/python3.7/site-packages/airflow/example_dags/example_task_group.py
[2022-09-25T14:47:25.868+0000] {processor.py:650} INFO - DAG(s) dict_keys(['example_task_group']) retrieved from /home/airflow/.local/lib/python3.7/site-packages/airflow/example_dags/example_task_group.py
[2022-09-25T14:47:25.918+0000] {logging_mixin.py:115} INFO - [2022-09-25T14:47:25.917+0000] {dag.py:2429} INFO - Sync 1 DAGs
[2022-09-25T14:47:25.952+0000] {logging_mixin.py:115} INFO - [2022-09-25T14:47:25.952+0000] {dag.py:2981} INFO - Setting next_dagrun for example_task_group to 2022-09-24T14:47:25.952401+00:00, run_after=2022-09-25T14:47:25.952401+00:00
[2022-09-25T14:47:25.978+0000] {processor.py:161} INFO - Processing /home/airflow/.local/lib/python3.7/site-packages/airflow/example_dags/example_task_group.py took 0.132 seconds
[2022-09-25T14:47:56.209+0000] {processor.py:153} INFO - Started process (PID=10739) to work on /home/airflow/.local/lib/python3.7/site-packages/airflow/example_dags/example_task_group.py
[2022-09-25T14:47:56.211+0000] {processor.py:640} INFO - Processing file /home/airflow/.local/lib/python3.7/site-packages/airflow/example_dags/example_task_group.py for tasks to queue
[2022-09-25T14:47:56.213+0000] {logging_mixin.py:115} INFO - [2022-09-25T14:47:56.212+0000] {dagbag.py:508} INFO - Filling up the DagBag from /home/airflow/.local/lib/python3.7/site-packages/airflow/example_dags/example_task_group.py
[2022-09-25T14:47:56.223+0000] {processor.py:650} INFO - DAG(s) dict_keys(['example_task_group']) retrieved from /home/airflow/.local/lib/python3.7/site-packages/airflow/example_dags/example_task_group.py
[2022-09-25T14:47:56.265+0000] {logging_mixin.py:115} INFO - [2022-09-25T14:47:56.265+0000] {dag.py:2429} INFO - Sync 1 DAGs
[2022-09-25T14:47:56.302+0000] {logging_mixin.py:115} INFO - [2022-09-25T14:47:56.302+0000] {dag.py:2981} INFO - Setting next_dagrun for example_task_group to 2022-09-24T14:47:56.301588+00:00, run_after=2022-09-25T14:47:56.301588+00:00
[2022-09-25T14:47:56.319+0000] {processor.py:161} INFO - Processing /home/airflow/.local/lib/python3.7/site-packages/airflow/example_dags/example_task_group.py took 0.115 seconds
[2022-09-25T14:48:26.725+0000] {processor.py:153} INFO - Started process (PID=10945) to work on /home/airflow/.local/lib/python3.7/site-packages/airflow/example_dags/example_task_group.py
[2022-09-25T14:48:26.728+0000] {processor.py:640} INFO - Processing file /home/airflow/.local/lib/python3.7/site-packages/airflow/example_dags/example_task_group.py for tasks to queue
[2022-09-25T14:48:26.729+0000] {logging_mixin.py:115} INFO - [2022-09-25T14:48:26.729+0000] {dagbag.py:508} INFO - Filling up the DagBag from /home/airflow/.local/lib/python3.7/site-packages/airflow/example_dags/example_task_group.py
[2022-09-25T14:48:26.741+0000] {processor.py:650} INFO - DAG(s) dict_keys(['example_task_group']) retrieved from /home/airflow/.local/lib/python3.7/site-packages/airflow/example_dags/example_task_group.py
[2022-09-25T14:48:26.781+0000] {logging_mixin.py:115} INFO - [2022-09-25T14:48:26.781+0000] {dag.py:2429} INFO - Sync 1 DAGs
[2022-09-25T14:48:26.814+0000] {logging_mixin.py:115} INFO - [2022-09-25T14:48:26.814+0000] {dag.py:2981} INFO - Setting next_dagrun for example_task_group to 2022-09-24T14:48:26.814331+00:00, run_after=2022-09-25T14:48:26.814331+00:00
[2022-09-25T14:48:26.833+0000] {processor.py:161} INFO - Processing /home/airflow/.local/lib/python3.7/site-packages/airflow/example_dags/example_task_group.py took 0.112 seconds
[2022-09-25T14:48:57.030+0000] {processor.py:153} INFO - Started process (PID=11159) to work on /home/airflow/.local/lib/python3.7/site-packages/airflow/example_dags/example_task_group.py
[2022-09-25T14:48:57.032+0000] {processor.py:640} INFO - Processing file /home/airflow/.local/lib/python3.7/site-packages/airflow/example_dags/example_task_group.py for tasks to queue
[2022-09-25T14:48:57.034+0000] {logging_mixin.py:115} INFO - [2022-09-25T14:48:57.034+0000] {dagbag.py:508} INFO - Filling up the DagBag from /home/airflow/.local/lib/python3.7/site-packages/airflow/example_dags/example_task_group.py
[2022-09-25T14:48:57.045+0000] {processor.py:650} INFO - DAG(s) dict_keys(['example_task_group']) retrieved from /home/airflow/.local/lib/python3.7/site-packages/airflow/example_dags/example_task_group.py
[2022-09-25T14:48:57.087+0000] {logging_mixin.py:115} INFO - [2022-09-25T14:48:57.086+0000] {dag.py:2429} INFO - Sync 1 DAGs
[2022-09-25T14:48:57.120+0000] {logging_mixin.py:115} INFO - [2022-09-25T14:48:57.120+0000] {dag.py:2981} INFO - Setting next_dagrun for example_task_group to 2022-09-24T14:48:57.119671+00:00, run_after=2022-09-25T14:48:57.119671+00:00
[2022-09-25T14:48:57.139+0000] {processor.py:161} INFO - Processing /home/airflow/.local/lib/python3.7/site-packages/airflow/example_dags/example_task_group.py took 0.114 seconds
[2022-09-25T14:49:27.506+0000] {processor.py:153} INFO - Started process (PID=11368) to work on /home/airflow/.local/lib/python3.7/site-packages/airflow/example_dags/example_task_group.py
[2022-09-25T14:49:27.508+0000] {processor.py:640} INFO - Processing file /home/airflow/.local/lib/python3.7/site-packages/airflow/example_dags/example_task_group.py for tasks to queue
[2022-09-25T14:49:27.511+0000] {logging_mixin.py:115} INFO - [2022-09-25T14:49:27.511+0000] {dagbag.py:508} INFO - Filling up the DagBag from /home/airflow/.local/lib/python3.7/site-packages/airflow/example_dags/example_task_group.py
[2022-09-25T14:49:27.532+0000] {processor.py:650} INFO - DAG(s) dict_keys(['example_task_group']) retrieved from /home/airflow/.local/lib/python3.7/site-packages/airflow/example_dags/example_task_group.py
[2022-09-25T14:49:27.598+0000] {logging_mixin.py:115} INFO - [2022-09-25T14:49:27.598+0000] {dag.py:2429} INFO - Sync 1 DAGs
[2022-09-25T14:49:27.653+0000] {logging_mixin.py:115} INFO - [2022-09-25T14:49:27.653+0000] {dag.py:2981} INFO - Setting next_dagrun for example_task_group to 2022-09-24T14:49:27.653190+00:00, run_after=2022-09-25T14:49:27.653190+00:00
[2022-09-25T14:49:27.684+0000] {processor.py:161} INFO - Processing /home/airflow/.local/lib/python3.7/site-packages/airflow/example_dags/example_task_group.py took 0.184 seconds
[2022-09-25T14:49:57.892+0000] {processor.py:153} INFO - Started process (PID=11584) to work on /home/airflow/.local/lib/python3.7/site-packages/airflow/example_dags/example_task_group.py
[2022-09-25T14:49:57.895+0000] {processor.py:640} INFO - Processing file /home/airflow/.local/lib/python3.7/site-packages/airflow/example_dags/example_task_group.py for tasks to queue
[2022-09-25T14:49:57.897+0000] {logging_mixin.py:115} INFO - [2022-09-25T14:49:57.897+0000] {dagbag.py:508} INFO - Filling up the DagBag from /home/airflow/.local/lib/python3.7/site-packages/airflow/example_dags/example_task_group.py
[2022-09-25T14:49:57.910+0000] {processor.py:650} INFO - DAG(s) dict_keys(['example_task_group']) retrieved from /home/airflow/.local/lib/python3.7/site-packages/airflow/example_dags/example_task_group.py
[2022-09-25T14:49:57.958+0000] {logging_mixin.py:115} INFO - [2022-09-25T14:49:57.958+0000] {dag.py:2429} INFO - Sync 1 DAGs
[2022-09-25T14:49:57.992+0000] {logging_mixin.py:115} INFO - [2022-09-25T14:49:57.992+0000] {dag.py:2981} INFO - Setting next_dagrun for example_task_group to 2022-09-24T14:49:57.991742+00:00, run_after=2022-09-25T14:49:57.991742+00:00
[2022-09-25T14:49:58.012+0000] {processor.py:161} INFO - Processing /home/airflow/.local/lib/python3.7/site-packages/airflow/example_dags/example_task_group.py took 0.125 seconds
[2022-09-25T14:50:28.222+0000] {processor.py:153} INFO - Started process (PID=11790) to work on /home/airflow/.local/lib/python3.7/site-packages/airflow/example_dags/example_task_group.py
[2022-09-25T14:50:28.225+0000] {processor.py:640} INFO - Processing file /home/airflow/.local/lib/python3.7/site-packages/airflow/example_dags/example_task_group.py for tasks to queue
[2022-09-25T14:50:28.227+0000] {logging_mixin.py:115} INFO - [2022-09-25T14:50:28.227+0000] {dagbag.py:508} INFO - Filling up the DagBag from /home/airflow/.local/lib/python3.7/site-packages/airflow/example_dags/example_task_group.py
[2022-09-25T14:50:28.239+0000] {processor.py:650} INFO - DAG(s) dict_keys(['example_task_group']) retrieved from /home/airflow/.local/lib/python3.7/site-packages/airflow/example_dags/example_task_group.py
[2022-09-25T14:50:28.285+0000] {logging_mixin.py:115} INFO - [2022-09-25T14:50:28.285+0000] {dag.py:2429} INFO - Sync 1 DAGs
[2022-09-25T14:50:28.321+0000] {logging_mixin.py:115} INFO - [2022-09-25T14:50:28.321+0000] {dag.py:2981} INFO - Setting next_dagrun for example_task_group to 2022-09-24T14:50:28.321235+00:00, run_after=2022-09-25T14:50:28.321235+00:00
[2022-09-25T14:50:28.343+0000] {processor.py:161} INFO - Processing /home/airflow/.local/lib/python3.7/site-packages/airflow/example_dags/example_task_group.py took 0.126 seconds
[2022-09-25T14:50:59.069+0000] {processor.py:153} INFO - Started process (PID=12003) to work on /home/airflow/.local/lib/python3.7/site-packages/airflow/example_dags/example_task_group.py
[2022-09-25T14:50:59.072+0000] {processor.py:640} INFO - Processing file /home/airflow/.local/lib/python3.7/site-packages/airflow/example_dags/example_task_group.py for tasks to queue
[2022-09-25T14:50:59.074+0000] {logging_mixin.py:115} INFO - [2022-09-25T14:50:59.074+0000] {dagbag.py:508} INFO - Filling up the DagBag from /home/airflow/.local/lib/python3.7/site-packages/airflow/example_dags/example_task_group.py
[2022-09-25T14:50:59.087+0000] {processor.py:650} INFO - DAG(s) dict_keys(['example_task_group']) retrieved from /home/airflow/.local/lib/python3.7/site-packages/airflow/example_dags/example_task_group.py
[2022-09-25T14:50:59.144+0000] {logging_mixin.py:115} INFO - [2022-09-25T14:50:59.143+0000] {dag.py:2429} INFO - Sync 1 DAGs
[2022-09-25T14:50:59.181+0000] {logging_mixin.py:115} INFO - [2022-09-25T14:50:59.181+0000] {dag.py:2981} INFO - Setting next_dagrun for example_task_group to 2022-09-24T14:50:59.181166+00:00, run_after=2022-09-25T14:50:59.181166+00:00
[2022-09-25T14:50:59.205+0000] {processor.py:161} INFO - Processing /home/airflow/.local/lib/python3.7/site-packages/airflow/example_dags/example_task_group.py took 0.145 seconds
[2022-09-25T14:51:29.429+0000] {processor.py:153} INFO - Started process (PID=12208) to work on /home/airflow/.local/lib/python3.7/site-packages/airflow/example_dags/example_task_group.py
[2022-09-25T14:51:29.432+0000] {processor.py:640} INFO - Processing file /home/airflow/.local/lib/python3.7/site-packages/airflow/example_dags/example_task_group.py for tasks to queue
[2022-09-25T14:51:29.434+0000] {logging_mixin.py:115} INFO - [2022-09-25T14:51:29.434+0000] {dagbag.py:508} INFO - Filling up the DagBag from /home/airflow/.local/lib/python3.7/site-packages/airflow/example_dags/example_task_group.py
[2022-09-25T14:51:29.456+0000] {processor.py:650} INFO - DAG(s) dict_keys(['example_task_group']) retrieved from /home/airflow/.local/lib/python3.7/site-packages/airflow/example_dags/example_task_group.py
[2022-09-25T14:51:29.509+0000] {logging_mixin.py:115} INFO - [2022-09-25T14:51:29.509+0000] {dag.py:2429} INFO - Sync 1 DAGs
[2022-09-25T14:51:29.555+0000] {logging_mixin.py:115} INFO - [2022-09-25T14:51:29.555+0000] {dag.py:2981} INFO - Setting next_dagrun for example_task_group to 2022-09-24T14:51:29.555139+00:00, run_after=2022-09-25T14:51:29.555139+00:00
[2022-09-25T14:51:29.583+0000] {processor.py:161} INFO - Processing /home/airflow/.local/lib/python3.7/site-packages/airflow/example_dags/example_task_group.py took 0.163 seconds
[2022-09-25T14:51:59.779+0000] {processor.py:153} INFO - Started process (PID=12422) to work on /home/airflow/.local/lib/python3.7/site-packages/airflow/example_dags/example_task_group.py
[2022-09-25T14:51:59.782+0000] {processor.py:640} INFO - Processing file /home/airflow/.local/lib/python3.7/site-packages/airflow/example_dags/example_task_group.py for tasks to queue
[2022-09-25T14:51:59.783+0000] {logging_mixin.py:115} INFO - [2022-09-25T14:51:59.783+0000] {dagbag.py:508} INFO - Filling up the DagBag from /home/airflow/.local/lib/python3.7/site-packages/airflow/example_dags/example_task_group.py
[2022-09-25T14:51:59.798+0000] {processor.py:650} INFO - DAG(s) dict_keys(['example_task_group']) retrieved from /home/airflow/.local/lib/python3.7/site-packages/airflow/example_dags/example_task_group.py
[2022-09-25T14:51:59.844+0000] {logging_mixin.py:115} INFO - [2022-09-25T14:51:59.844+0000] {dag.py:2429} INFO - Sync 1 DAGs
[2022-09-25T14:51:59.879+0000] {logging_mixin.py:115} INFO - [2022-09-25T14:51:59.879+0000] {dag.py:2981} INFO - Setting next_dagrun for example_task_group to 2022-09-24T14:51:59.879101+00:00, run_after=2022-09-25T14:51:59.879101+00:00
[2022-09-25T14:51:59.902+0000] {processor.py:161} INFO - Processing /home/airflow/.local/lib/python3.7/site-packages/airflow/example_dags/example_task_group.py took 0.128 seconds
