[2022-09-25T14:21:54.092+0000] {processor.py:153} INFO - Started process (PID=265) to work on /home/airflow/.local/lib/python3.7/site-packages/airflow/example_dags/example_short_circuit_operator.py
[2022-09-25T14:21:54.116+0000] {processor.py:640} INFO - Processing file /home/airflow/.local/lib/python3.7/site-packages/airflow/example_dags/example_short_circuit_operator.py for tasks to queue
[2022-09-25T14:21:54.136+0000] {logging_mixin.py:115} INFO - [2022-09-25T14:21:54.135+0000] {dagbag.py:508} INFO - Filling up the DagBag from /home/airflow/.local/lib/python3.7/site-packages/airflow/example_dags/example_short_circuit_operator.py
[2022-09-25T14:21:54.631+0000] {processor.py:650} INFO - DAG(s) dict_keys(['example_short_circuit_operator']) retrieved from /home/airflow/.local/lib/python3.7/site-packages/airflow/example_dags/example_short_circuit_operator.py
[2022-09-25T14:21:55.927+0000] {logging_mixin.py:115} INFO - [2022-09-25T14:21:55.926+0000] {dag.py:2429} INFO - Sync 1 DAGs
[2022-09-25T14:21:57.034+0000] {logging_mixin.py:115} INFO - [2022-09-25T14:21:56.985+0000] {dag.py:2981} INFO - Setting next_dagrun for example_short_circuit_operator to 2022-09-24T14:21:56.985209+00:00, run_after=2022-09-25T14:21:56.985209+00:00
[2022-09-25T14:21:57.493+0000] {processor.py:161} INFO - Processing /home/airflow/.local/lib/python3.7/site-packages/airflow/example_dags/example_short_circuit_operator.py took 3.450 seconds
[2022-09-25T14:22:45.816+0000] {processor.py:153} INFO - Started process (PID=486) to work on /home/airflow/.local/lib/python3.7/site-packages/airflow/example_dags/example_short_circuit_operator.py
[2022-09-25T14:22:45.820+0000] {processor.py:640} INFO - Processing file /home/airflow/.local/lib/python3.7/site-packages/airflow/example_dags/example_short_circuit_operator.py for tasks to queue
[2022-09-25T14:22:45.822+0000] {logging_mixin.py:115} INFO - [2022-09-25T14:22:45.822+0000] {dagbag.py:508} INFO - Filling up the DagBag from /home/airflow/.local/lib/python3.7/site-packages/airflow/example_dags/example_short_circuit_operator.py
[2022-09-25T14:22:45.843+0000] {processor.py:650} INFO - DAG(s) dict_keys(['example_short_circuit_operator']) retrieved from /home/airflow/.local/lib/python3.7/site-packages/airflow/example_dags/example_short_circuit_operator.py
[2022-09-25T14:22:45.906+0000] {logging_mixin.py:115} INFO - [2022-09-25T14:22:45.906+0000] {dag.py:2429} INFO - Sync 1 DAGs
[2022-09-25T14:22:45.955+0000] {logging_mixin.py:115} INFO - [2022-09-25T14:22:45.954+0000] {dag.py:2981} INFO - Setting next_dagrun for example_short_circuit_operator to 2022-09-24T14:22:45.954310+00:00, run_after=2022-09-25T14:22:45.954310+00:00
[2022-09-25T14:22:45.984+0000] {processor.py:161} INFO - Processing /home/airflow/.local/lib/python3.7/site-packages/airflow/example_dags/example_short_circuit_operator.py took 0.176 seconds
[2022-09-25T14:23:16.186+0000] {processor.py:153} INFO - Started process (PID=694) to work on /home/airflow/.local/lib/python3.7/site-packages/airflow/example_dags/example_short_circuit_operator.py
[2022-09-25T14:23:16.188+0000] {processor.py:640} INFO - Processing file /home/airflow/.local/lib/python3.7/site-packages/airflow/example_dags/example_short_circuit_operator.py for tasks to queue
[2022-09-25T14:23:16.193+0000] {logging_mixin.py:115} INFO - [2022-09-25T14:23:16.192+0000] {dagbag.py:508} INFO - Filling up the DagBag from /home/airflow/.local/lib/python3.7/site-packages/airflow/example_dags/example_short_circuit_operator.py
[2022-09-25T14:23:16.212+0000] {processor.py:650} INFO - DAG(s) dict_keys(['example_short_circuit_operator']) retrieved from /home/airflow/.local/lib/python3.7/site-packages/airflow/example_dags/example_short_circuit_operator.py
[2022-09-25T14:23:16.283+0000] {logging_mixin.py:115} INFO - [2022-09-25T14:23:16.283+0000] {dag.py:2429} INFO - Sync 1 DAGs
[2022-09-25T14:23:16.325+0000] {logging_mixin.py:115} INFO - [2022-09-25T14:23:16.324+0000] {dag.py:2981} INFO - Setting next_dagrun for example_short_circuit_operator to 2022-09-24T14:23:16.324383+00:00, run_after=2022-09-25T14:23:16.324383+00:00
[2022-09-25T14:23:16.390+0000] {processor.py:161} INFO - Processing /home/airflow/.local/lib/python3.7/site-packages/airflow/example_dags/example_short_circuit_operator.py took 0.211 seconds
[2022-09-25T14:23:47.236+0000] {processor.py:153} INFO - Started process (PID=906) to work on /home/airflow/.local/lib/python3.7/site-packages/airflow/example_dags/example_short_circuit_operator.py
[2022-09-25T14:23:47.239+0000] {processor.py:640} INFO - Processing file /home/airflow/.local/lib/python3.7/site-packages/airflow/example_dags/example_short_circuit_operator.py for tasks to queue
[2022-09-25T14:23:47.245+0000] {logging_mixin.py:115} INFO - [2022-09-25T14:23:47.243+0000] {dagbag.py:508} INFO - Filling up the DagBag from /home/airflow/.local/lib/python3.7/site-packages/airflow/example_dags/example_short_circuit_operator.py
[2022-09-25T14:23:47.287+0000] {processor.py:650} INFO - DAG(s) dict_keys(['example_short_circuit_operator']) retrieved from /home/airflow/.local/lib/python3.7/site-packages/airflow/example_dags/example_short_circuit_operator.py
[2022-09-25T14:23:47.366+0000] {logging_mixin.py:115} INFO - [2022-09-25T14:23:47.366+0000] {dag.py:2429} INFO - Sync 1 DAGs
[2022-09-25T14:23:47.408+0000] {logging_mixin.py:115} INFO - [2022-09-25T14:23:47.408+0000] {dag.py:2981} INFO - Setting next_dagrun for example_short_circuit_operator to 2022-09-24T14:23:47.407714+00:00, run_after=2022-09-25T14:23:47.407714+00:00
[2022-09-25T14:23:47.434+0000] {processor.py:161} INFO - Processing /home/airflow/.local/lib/python3.7/site-packages/airflow/example_dags/example_short_circuit_operator.py took 0.211 seconds
[2022-09-25T14:24:18.504+0000] {processor.py:153} INFO - Started process (PID=1111) to work on /home/airflow/.local/lib/python3.7/site-packages/airflow/example_dags/example_short_circuit_operator.py
[2022-09-25T14:24:18.506+0000] {processor.py:640} INFO - Processing file /home/airflow/.local/lib/python3.7/site-packages/airflow/example_dags/example_short_circuit_operator.py for tasks to queue
[2022-09-25T14:24:18.509+0000] {logging_mixin.py:115} INFO - [2022-09-25T14:24:18.509+0000] {dagbag.py:508} INFO - Filling up the DagBag from /home/airflow/.local/lib/python3.7/site-packages/airflow/example_dags/example_short_circuit_operator.py
[2022-09-25T14:24:18.527+0000] {processor.py:650} INFO - DAG(s) dict_keys(['example_short_circuit_operator']) retrieved from /home/airflow/.local/lib/python3.7/site-packages/airflow/example_dags/example_short_circuit_operator.py
[2022-09-25T14:24:18.584+0000] {logging_mixin.py:115} INFO - [2022-09-25T14:24:18.584+0000] {dag.py:2429} INFO - Sync 1 DAGs
[2022-09-25T14:24:18.623+0000] {logging_mixin.py:115} INFO - [2022-09-25T14:24:18.623+0000] {dag.py:2981} INFO - Setting next_dagrun for example_short_circuit_operator to 2022-09-24T14:24:18.622767+00:00, run_after=2022-09-25T14:24:18.622767+00:00
[2022-09-25T14:24:18.645+0000] {processor.py:161} INFO - Processing /home/airflow/.local/lib/python3.7/site-packages/airflow/example_dags/example_short_circuit_operator.py took 0.148 seconds
[2022-09-25T14:24:49.539+0000] {processor.py:153} INFO - Started process (PID=1326) to work on /home/airflow/.local/lib/python3.7/site-packages/airflow/example_dags/example_short_circuit_operator.py
[2022-09-25T14:24:49.543+0000] {processor.py:640} INFO - Processing file /home/airflow/.local/lib/python3.7/site-packages/airflow/example_dags/example_short_circuit_operator.py for tasks to queue
[2022-09-25T14:24:49.546+0000] {logging_mixin.py:115} INFO - [2022-09-25T14:24:49.545+0000] {dagbag.py:508} INFO - Filling up the DagBag from /home/airflow/.local/lib/python3.7/site-packages/airflow/example_dags/example_short_circuit_operator.py
[2022-09-25T14:24:49.567+0000] {processor.py:650} INFO - DAG(s) dict_keys(['example_short_circuit_operator']) retrieved from /home/airflow/.local/lib/python3.7/site-packages/airflow/example_dags/example_short_circuit_operator.py
[2022-09-25T14:24:49.630+0000] {logging_mixin.py:115} INFO - [2022-09-25T14:24:49.630+0000] {dag.py:2429} INFO - Sync 1 DAGs
[2022-09-25T14:24:49.672+0000] {logging_mixin.py:115} INFO - [2022-09-25T14:24:49.672+0000] {dag.py:2981} INFO - Setting next_dagrun for example_short_circuit_operator to 2022-09-24T14:24:49.671521+00:00, run_after=2022-09-25T14:24:49.671521+00:00
[2022-09-25T14:24:49.705+0000] {processor.py:161} INFO - Processing /home/airflow/.local/lib/python3.7/site-packages/airflow/example_dags/example_short_circuit_operator.py took 0.176 seconds
[2022-09-25T14:25:20.261+0000] {processor.py:153} INFO - Started process (PID=1531) to work on /home/airflow/.local/lib/python3.7/site-packages/airflow/example_dags/example_short_circuit_operator.py
[2022-09-25T14:25:20.267+0000] {processor.py:640} INFO - Processing file /home/airflow/.local/lib/python3.7/site-packages/airflow/example_dags/example_short_circuit_operator.py for tasks to queue
[2022-09-25T14:25:20.270+0000] {logging_mixin.py:115} INFO - [2022-09-25T14:25:20.270+0000] {dagbag.py:508} INFO - Filling up the DagBag from /home/airflow/.local/lib/python3.7/site-packages/airflow/example_dags/example_short_circuit_operator.py
[2022-09-25T14:25:20.296+0000] {processor.py:650} INFO - DAG(s) dict_keys(['example_short_circuit_operator']) retrieved from /home/airflow/.local/lib/python3.7/site-packages/airflow/example_dags/example_short_circuit_operator.py
[2022-09-25T14:25:20.374+0000] {logging_mixin.py:115} INFO - [2022-09-25T14:25:20.374+0000] {dag.py:2429} INFO - Sync 1 DAGs
[2022-09-25T14:25:20.422+0000] {logging_mixin.py:115} INFO - [2022-09-25T14:25:20.422+0000] {dag.py:2981} INFO - Setting next_dagrun for example_short_circuit_operator to 2022-09-24T14:25:20.422236+00:00, run_after=2022-09-25T14:25:20.422236+00:00
[2022-09-25T14:25:20.448+0000] {processor.py:161} INFO - Processing /home/airflow/.local/lib/python3.7/site-packages/airflow/example_dags/example_short_circuit_operator.py took 0.195 seconds
[2022-09-25T14:25:51.927+0000] {processor.py:153} INFO - Started process (PID=1746) to work on /home/airflow/.local/lib/python3.7/site-packages/airflow/example_dags/example_short_circuit_operator.py
[2022-09-25T14:25:51.930+0000] {processor.py:640} INFO - Processing file /home/airflow/.local/lib/python3.7/site-packages/airflow/example_dags/example_short_circuit_operator.py for tasks to queue
[2022-09-25T14:25:51.932+0000] {logging_mixin.py:115} INFO - [2022-09-25T14:25:51.932+0000] {dagbag.py:508} INFO - Filling up the DagBag from /home/airflow/.local/lib/python3.7/site-packages/airflow/example_dags/example_short_circuit_operator.py
[2022-09-25T14:25:51.950+0000] {processor.py:650} INFO - DAG(s) dict_keys(['example_short_circuit_operator']) retrieved from /home/airflow/.local/lib/python3.7/site-packages/airflow/example_dags/example_short_circuit_operator.py
[2022-09-25T14:25:52.007+0000] {logging_mixin.py:115} INFO - [2022-09-25T14:25:52.006+0000] {dag.py:2429} INFO - Sync 1 DAGs
[2022-09-25T14:25:52.046+0000] {logging_mixin.py:115} INFO - [2022-09-25T14:25:52.046+0000] {dag.py:2981} INFO - Setting next_dagrun for example_short_circuit_operator to 2022-09-24T14:25:52.045655+00:00, run_after=2022-09-25T14:25:52.045655+00:00
[2022-09-25T14:25:52.083+0000] {processor.py:161} INFO - Processing /home/airflow/.local/lib/python3.7/site-packages/airflow/example_dags/example_short_circuit_operator.py took 0.161 seconds
[2022-09-25T14:26:22.521+0000] {processor.py:153} INFO - Started process (PID=1951) to work on /home/airflow/.local/lib/python3.7/site-packages/airflow/example_dags/example_short_circuit_operator.py
[2022-09-25T14:26:22.526+0000] {processor.py:640} INFO - Processing file /home/airflow/.local/lib/python3.7/site-packages/airflow/example_dags/example_short_circuit_operator.py for tasks to queue
[2022-09-25T14:26:22.528+0000] {logging_mixin.py:115} INFO - [2022-09-25T14:26:22.528+0000] {dagbag.py:508} INFO - Filling up the DagBag from /home/airflow/.local/lib/python3.7/site-packages/airflow/example_dags/example_short_circuit_operator.py
[2022-09-25T14:26:22.548+0000] {processor.py:650} INFO - DAG(s) dict_keys(['example_short_circuit_operator']) retrieved from /home/airflow/.local/lib/python3.7/site-packages/airflow/example_dags/example_short_circuit_operator.py
[2022-09-25T14:26:22.605+0000] {logging_mixin.py:115} INFO - [2022-09-25T14:26:22.605+0000] {dag.py:2429} INFO - Sync 1 DAGs
[2022-09-25T14:26:22.640+0000] {logging_mixin.py:115} INFO - [2022-09-25T14:26:22.639+0000] {dag.py:2981} INFO - Setting next_dagrun for example_short_circuit_operator to 2022-09-24T14:26:22.639457+00:00, run_after=2022-09-25T14:26:22.639457+00:00
[2022-09-25T14:26:22.658+0000] {processor.py:161} INFO - Processing /home/airflow/.local/lib/python3.7/site-packages/airflow/example_dags/example_short_circuit_operator.py took 0.143 seconds
[2022-09-25T14:26:54.042+0000] {processor.py:153} INFO - Started process (PID=2168) to work on /home/airflow/.local/lib/python3.7/site-packages/airflow/example_dags/example_short_circuit_operator.py
[2022-09-25T14:26:54.045+0000] {processor.py:640} INFO - Processing file /home/airflow/.local/lib/python3.7/site-packages/airflow/example_dags/example_short_circuit_operator.py for tasks to queue
[2022-09-25T14:26:54.047+0000] {logging_mixin.py:115} INFO - [2022-09-25T14:26:54.047+0000] {dagbag.py:508} INFO - Filling up the DagBag from /home/airflow/.local/lib/python3.7/site-packages/airflow/example_dags/example_short_circuit_operator.py
[2022-09-25T14:26:54.070+0000] {processor.py:650} INFO - DAG(s) dict_keys(['example_short_circuit_operator']) retrieved from /home/airflow/.local/lib/python3.7/site-packages/airflow/example_dags/example_short_circuit_operator.py
[2022-09-25T14:26:54.118+0000] {logging_mixin.py:115} INFO - [2022-09-25T14:26:54.117+0000] {dag.py:2429} INFO - Sync 1 DAGs
[2022-09-25T14:26:54.155+0000] {logging_mixin.py:115} INFO - [2022-09-25T14:26:54.155+0000] {dag.py:2981} INFO - Setting next_dagrun for example_short_circuit_operator to 2022-09-24T14:26:54.155042+00:00, run_after=2022-09-25T14:26:54.155042+00:00
[2022-09-25T14:26:54.177+0000] {processor.py:161} INFO - Processing /home/airflow/.local/lib/python3.7/site-packages/airflow/example_dags/example_short_circuit_operator.py took 0.143 seconds
[2022-09-25T14:27:25.124+0000] {processor.py:153} INFO - Started process (PID=2372) to work on /home/airflow/.local/lib/python3.7/site-packages/airflow/example_dags/example_short_circuit_operator.py
[2022-09-25T14:27:25.128+0000] {processor.py:640} INFO - Processing file /home/airflow/.local/lib/python3.7/site-packages/airflow/example_dags/example_short_circuit_operator.py for tasks to queue
[2022-09-25T14:27:25.130+0000] {logging_mixin.py:115} INFO - [2022-09-25T14:27:25.130+0000] {dagbag.py:508} INFO - Filling up the DagBag from /home/airflow/.local/lib/python3.7/site-packages/airflow/example_dags/example_short_circuit_operator.py
[2022-09-25T14:27:25.156+0000] {processor.py:650} INFO - DAG(s) dict_keys(['example_short_circuit_operator']) retrieved from /home/airflow/.local/lib/python3.7/site-packages/airflow/example_dags/example_short_circuit_operator.py
[2022-09-25T14:27:25.206+0000] {logging_mixin.py:115} INFO - [2022-09-25T14:27:25.206+0000] {dag.py:2429} INFO - Sync 1 DAGs
[2022-09-25T14:27:25.245+0000] {logging_mixin.py:115} INFO - [2022-09-25T14:27:25.244+0000] {dag.py:2981} INFO - Setting next_dagrun for example_short_circuit_operator to 2022-09-24T14:27:25.244615+00:00, run_after=2022-09-25T14:27:25.244615+00:00
[2022-09-25T14:27:25.270+0000] {processor.py:161} INFO - Processing /home/airflow/.local/lib/python3.7/site-packages/airflow/example_dags/example_short_circuit_operator.py took 0.157 seconds
[2022-09-25T14:27:55.925+0000] {processor.py:153} INFO - Started process (PID=2583) to work on /home/airflow/.local/lib/python3.7/site-packages/airflow/example_dags/example_short_circuit_operator.py
[2022-09-25T14:27:55.928+0000] {processor.py:640} INFO - Processing file /home/airflow/.local/lib/python3.7/site-packages/airflow/example_dags/example_short_circuit_operator.py for tasks to queue
[2022-09-25T14:27:55.930+0000] {logging_mixin.py:115} INFO - [2022-09-25T14:27:55.930+0000] {dagbag.py:508} INFO - Filling up the DagBag from /home/airflow/.local/lib/python3.7/site-packages/airflow/example_dags/example_short_circuit_operator.py
[2022-09-25T14:27:55.955+0000] {processor.py:650} INFO - DAG(s) dict_keys(['example_short_circuit_operator']) retrieved from /home/airflow/.local/lib/python3.7/site-packages/airflow/example_dags/example_short_circuit_operator.py
[2022-09-25T14:27:56.002+0000] {logging_mixin.py:115} INFO - [2022-09-25T14:27:56.002+0000] {dag.py:2429} INFO - Sync 1 DAGs
[2022-09-25T14:27:56.042+0000] {logging_mixin.py:115} INFO - [2022-09-25T14:27:56.042+0000] {dag.py:2981} INFO - Setting next_dagrun for example_short_circuit_operator to 2022-09-24T14:27:56.042147+00:00, run_after=2022-09-25T14:27:56.042147+00:00
[2022-09-25T14:27:56.065+0000] {processor.py:161} INFO - Processing /home/airflow/.local/lib/python3.7/site-packages/airflow/example_dags/example_short_circuit_operator.py took 0.147 seconds
[2022-09-25T14:28:27.634+0000] {processor.py:153} INFO - Started process (PID=2790) to work on /home/airflow/.local/lib/python3.7/site-packages/airflow/example_dags/example_short_circuit_operator.py
[2022-09-25T14:28:27.638+0000] {processor.py:640} INFO - Processing file /home/airflow/.local/lib/python3.7/site-packages/airflow/example_dags/example_short_circuit_operator.py for tasks to queue
[2022-09-25T14:28:27.641+0000] {logging_mixin.py:115} INFO - [2022-09-25T14:28:27.641+0000] {dagbag.py:508} INFO - Filling up the DagBag from /home/airflow/.local/lib/python3.7/site-packages/airflow/example_dags/example_short_circuit_operator.py
[2022-09-25T14:28:27.678+0000] {processor.py:650} INFO - DAG(s) dict_keys(['example_short_circuit_operator']) retrieved from /home/airflow/.local/lib/python3.7/site-packages/airflow/example_dags/example_short_circuit_operator.py
[2022-09-25T14:28:27.733+0000] {logging_mixin.py:115} INFO - [2022-09-25T14:28:27.732+0000] {dag.py:2429} INFO - Sync 1 DAGs
[2022-09-25T14:28:27.779+0000] {logging_mixin.py:115} INFO - [2022-09-25T14:28:27.779+0000] {dag.py:2981} INFO - Setting next_dagrun for example_short_circuit_operator to 2022-09-24T14:28:27.779061+00:00, run_after=2022-09-25T14:28:27.779061+00:00
[2022-09-25T14:28:27.832+0000] {processor.py:161} INFO - Processing /home/airflow/.local/lib/python3.7/site-packages/airflow/example_dags/example_short_circuit_operator.py took 0.206 seconds
[2022-09-25T14:28:58.819+0000] {processor.py:153} INFO - Started process (PID=3002) to work on /home/airflow/.local/lib/python3.7/site-packages/airflow/example_dags/example_short_circuit_operator.py
[2022-09-25T14:28:58.821+0000] {processor.py:640} INFO - Processing file /home/airflow/.local/lib/python3.7/site-packages/airflow/example_dags/example_short_circuit_operator.py for tasks to queue
[2022-09-25T14:28:58.823+0000] {logging_mixin.py:115} INFO - [2022-09-25T14:28:58.823+0000] {dagbag.py:508} INFO - Filling up the DagBag from /home/airflow/.local/lib/python3.7/site-packages/airflow/example_dags/example_short_circuit_operator.py
[2022-09-25T14:28:58.845+0000] {processor.py:650} INFO - DAG(s) dict_keys(['example_short_circuit_operator']) retrieved from /home/airflow/.local/lib/python3.7/site-packages/airflow/example_dags/example_short_circuit_operator.py
[2022-09-25T14:28:58.890+0000] {logging_mixin.py:115} INFO - [2022-09-25T14:28:58.890+0000] {dag.py:2429} INFO - Sync 1 DAGs
[2022-09-25T14:28:58.927+0000] {logging_mixin.py:115} INFO - [2022-09-25T14:28:58.926+0000] {dag.py:2981} INFO - Setting next_dagrun for example_short_circuit_operator to 2022-09-24T14:28:58.926187+00:00, run_after=2022-09-25T14:28:58.926187+00:00
[2022-09-25T14:28:58.949+0000] {processor.py:161} INFO - Processing /home/airflow/.local/lib/python3.7/site-packages/airflow/example_dags/example_short_circuit_operator.py took 0.134 seconds
[2022-09-25T14:29:30.096+0000] {processor.py:153} INFO - Started process (PID=3207) to work on /home/airflow/.local/lib/python3.7/site-packages/airflow/example_dags/example_short_circuit_operator.py
[2022-09-25T14:29:30.100+0000] {processor.py:640} INFO - Processing file /home/airflow/.local/lib/python3.7/site-packages/airflow/example_dags/example_short_circuit_operator.py for tasks to queue
[2022-09-25T14:29:30.102+0000] {logging_mixin.py:115} INFO - [2022-09-25T14:29:30.101+0000] {dagbag.py:508} INFO - Filling up the DagBag from /home/airflow/.local/lib/python3.7/site-packages/airflow/example_dags/example_short_circuit_operator.py
[2022-09-25T14:29:30.132+0000] {processor.py:650} INFO - DAG(s) dict_keys(['example_short_circuit_operator']) retrieved from /home/airflow/.local/lib/python3.7/site-packages/airflow/example_dags/example_short_circuit_operator.py
[2022-09-25T14:29:30.213+0000] {logging_mixin.py:115} INFO - [2022-09-25T14:29:30.213+0000] {dag.py:2429} INFO - Sync 1 DAGs
[2022-09-25T14:29:30.293+0000] {logging_mixin.py:115} INFO - [2022-09-25T14:29:30.292+0000] {dag.py:2981} INFO - Setting next_dagrun for example_short_circuit_operator to 2022-09-24T14:29:30.288267+00:00, run_after=2022-09-25T14:29:30.288267+00:00
[2022-09-25T14:29:30.320+0000] {processor.py:161} INFO - Processing /home/airflow/.local/lib/python3.7/site-packages/airflow/example_dags/example_short_circuit_operator.py took 0.233 seconds
[2022-09-25T14:30:00.698+0000] {processor.py:153} INFO - Started process (PID=3422) to work on /home/airflow/.local/lib/python3.7/site-packages/airflow/example_dags/example_short_circuit_operator.py
[2022-09-25T14:30:00.701+0000] {processor.py:640} INFO - Processing file /home/airflow/.local/lib/python3.7/site-packages/airflow/example_dags/example_short_circuit_operator.py for tasks to queue
[2022-09-25T14:30:00.702+0000] {logging_mixin.py:115} INFO - [2022-09-25T14:30:00.702+0000] {dagbag.py:508} INFO - Filling up the DagBag from /home/airflow/.local/lib/python3.7/site-packages/airflow/example_dags/example_short_circuit_operator.py
[2022-09-25T14:30:00.723+0000] {processor.py:650} INFO - DAG(s) dict_keys(['example_short_circuit_operator']) retrieved from /home/airflow/.local/lib/python3.7/site-packages/airflow/example_dags/example_short_circuit_operator.py
[2022-09-25T14:30:00.770+0000] {logging_mixin.py:115} INFO - [2022-09-25T14:30:00.770+0000] {dag.py:2429} INFO - Sync 1 DAGs
[2022-09-25T14:30:00.809+0000] {logging_mixin.py:115} INFO - [2022-09-25T14:30:00.809+0000] {dag.py:2981} INFO - Setting next_dagrun for example_short_circuit_operator to 2022-09-24T14:30:00.809272+00:00, run_after=2022-09-25T14:30:00.809272+00:00
[2022-09-25T14:30:00.829+0000] {processor.py:161} INFO - Processing /home/airflow/.local/lib/python3.7/site-packages/airflow/example_dags/example_short_circuit_operator.py took 0.136 seconds
[2022-09-25T14:30:32.202+0000] {processor.py:153} INFO - Started process (PID=3634) to work on /home/airflow/.local/lib/python3.7/site-packages/airflow/example_dags/example_short_circuit_operator.py
[2022-09-25T14:30:32.209+0000] {processor.py:640} INFO - Processing file /home/airflow/.local/lib/python3.7/site-packages/airflow/example_dags/example_short_circuit_operator.py for tasks to queue
[2022-09-25T14:30:32.212+0000] {logging_mixin.py:115} INFO - [2022-09-25T14:30:32.212+0000] {dagbag.py:508} INFO - Filling up the DagBag from /home/airflow/.local/lib/python3.7/site-packages/airflow/example_dags/example_short_circuit_operator.py
[2022-09-25T14:30:32.291+0000] {processor.py:650} INFO - DAG(s) dict_keys(['example_short_circuit_operator']) retrieved from /home/airflow/.local/lib/python3.7/site-packages/airflow/example_dags/example_short_circuit_operator.py
[2022-09-25T14:30:32.424+0000] {logging_mixin.py:115} INFO - [2022-09-25T14:30:32.424+0000] {dag.py:2429} INFO - Sync 1 DAGs
[2022-09-25T14:30:32.469+0000] {logging_mixin.py:115} INFO - [2022-09-25T14:30:32.468+0000] {dag.py:2981} INFO - Setting next_dagrun for example_short_circuit_operator to 2022-09-24T14:30:32.468348+00:00, run_after=2022-09-25T14:30:32.468348+00:00
[2022-09-25T14:30:32.508+0000] {processor.py:161} INFO - Processing /home/airflow/.local/lib/python3.7/site-packages/airflow/example_dags/example_short_circuit_operator.py took 0.336 seconds
[2022-09-25T14:31:04.210+0000] {processor.py:153} INFO - Started process (PID=3843) to work on /home/airflow/.local/lib/python3.7/site-packages/airflow/example_dags/example_short_circuit_operator.py
[2022-09-25T14:31:04.213+0000] {processor.py:640} INFO - Processing file /home/airflow/.local/lib/python3.7/site-packages/airflow/example_dags/example_short_circuit_operator.py for tasks to queue
[2022-09-25T14:31:04.217+0000] {logging_mixin.py:115} INFO - [2022-09-25T14:31:04.216+0000] {dagbag.py:508} INFO - Filling up the DagBag from /home/airflow/.local/lib/python3.7/site-packages/airflow/example_dags/example_short_circuit_operator.py
[2022-09-25T14:31:04.254+0000] {processor.py:650} INFO - DAG(s) dict_keys(['example_short_circuit_operator']) retrieved from /home/airflow/.local/lib/python3.7/site-packages/airflow/example_dags/example_short_circuit_operator.py
[2022-09-25T14:31:04.316+0000] {logging_mixin.py:115} INFO - [2022-09-25T14:31:04.315+0000] {dag.py:2429} INFO - Sync 1 DAGs
[2022-09-25T14:31:04.366+0000] {logging_mixin.py:115} INFO - [2022-09-25T14:31:04.366+0000] {dag.py:2981} INFO - Setting next_dagrun for example_short_circuit_operator to 2022-09-24T14:31:04.366244+00:00, run_after=2022-09-25T14:31:04.366244+00:00
[2022-09-25T14:31:04.388+0000] {processor.py:161} INFO - Processing /home/airflow/.local/lib/python3.7/site-packages/airflow/example_dags/example_short_circuit_operator.py took 0.186 seconds
[2022-09-25T14:31:34.951+0000] {processor.py:153} INFO - Started process (PID=4047) to work on /home/airflow/.local/lib/python3.7/site-packages/airflow/example_dags/example_short_circuit_operator.py
[2022-09-25T14:31:34.955+0000] {processor.py:640} INFO - Processing file /home/airflow/.local/lib/python3.7/site-packages/airflow/example_dags/example_short_circuit_operator.py for tasks to queue
[2022-09-25T14:31:34.960+0000] {logging_mixin.py:115} INFO - [2022-09-25T14:31:34.959+0000] {dagbag.py:508} INFO - Filling up the DagBag from /home/airflow/.local/lib/python3.7/site-packages/airflow/example_dags/example_short_circuit_operator.py
[2022-09-25T14:31:35.008+0000] {processor.py:650} INFO - DAG(s) dict_keys(['example_short_circuit_operator']) retrieved from /home/airflow/.local/lib/python3.7/site-packages/airflow/example_dags/example_short_circuit_operator.py
[2022-09-25T14:31:35.077+0000] {logging_mixin.py:115} INFO - [2022-09-25T14:31:35.077+0000] {dag.py:2429} INFO - Sync 1 DAGs
[2022-09-25T14:31:35.121+0000] {logging_mixin.py:115} INFO - [2022-09-25T14:31:35.121+0000] {dag.py:2981} INFO - Setting next_dagrun for example_short_circuit_operator to 2022-09-24T14:31:35.121120+00:00, run_after=2022-09-25T14:31:35.121120+00:00
[2022-09-25T14:31:35.149+0000] {processor.py:161} INFO - Processing /home/airflow/.local/lib/python3.7/site-packages/airflow/example_dags/example_short_circuit_operator.py took 0.206 seconds
[2022-09-25T14:32:05.648+0000] {processor.py:153} INFO - Started process (PID=4260) to work on /home/airflow/.local/lib/python3.7/site-packages/airflow/example_dags/example_short_circuit_operator.py
[2022-09-25T14:32:05.652+0000] {processor.py:640} INFO - Processing file /home/airflow/.local/lib/python3.7/site-packages/airflow/example_dags/example_short_circuit_operator.py for tasks to queue
[2022-09-25T14:32:05.655+0000] {logging_mixin.py:115} INFO - [2022-09-25T14:32:05.655+0000] {dagbag.py:508} INFO - Filling up the DagBag from /home/airflow/.local/lib/python3.7/site-packages/airflow/example_dags/example_short_circuit_operator.py
[2022-09-25T14:32:05.688+0000] {processor.py:650} INFO - DAG(s) dict_keys(['example_short_circuit_operator']) retrieved from /home/airflow/.local/lib/python3.7/site-packages/airflow/example_dags/example_short_circuit_operator.py
[2022-09-25T14:32:05.758+0000] {logging_mixin.py:115} INFO - [2022-09-25T14:32:05.758+0000] {dag.py:2429} INFO - Sync 1 DAGs
[2022-09-25T14:32:05.816+0000] {logging_mixin.py:115} INFO - [2022-09-25T14:32:05.816+0000] {dag.py:2981} INFO - Setting next_dagrun for example_short_circuit_operator to 2022-09-24T14:32:05.816170+00:00, run_after=2022-09-25T14:32:05.816170+00:00
[2022-09-25T14:32:05.846+0000] {processor.py:161} INFO - Processing /home/airflow/.local/lib/python3.7/site-packages/airflow/example_dags/example_short_circuit_operator.py took 0.206 seconds
[2022-09-25T14:32:37.150+0000] {processor.py:153} INFO - Started process (PID=4465) to work on /home/airflow/.local/lib/python3.7/site-packages/airflow/example_dags/example_short_circuit_operator.py
[2022-09-25T14:32:37.152+0000] {processor.py:640} INFO - Processing file /home/airflow/.local/lib/python3.7/site-packages/airflow/example_dags/example_short_circuit_operator.py for tasks to queue
[2022-09-25T14:32:37.154+0000] {logging_mixin.py:115} INFO - [2022-09-25T14:32:37.154+0000] {dagbag.py:508} INFO - Filling up the DagBag from /home/airflow/.local/lib/python3.7/site-packages/airflow/example_dags/example_short_circuit_operator.py
[2022-09-25T14:32:37.176+0000] {processor.py:650} INFO - DAG(s) dict_keys(['example_short_circuit_operator']) retrieved from /home/airflow/.local/lib/python3.7/site-packages/airflow/example_dags/example_short_circuit_operator.py
[2022-09-25T14:32:37.226+0000] {logging_mixin.py:115} INFO - [2022-09-25T14:32:37.226+0000] {dag.py:2429} INFO - Sync 1 DAGs
[2022-09-25T14:32:37.261+0000] {logging_mixin.py:115} INFO - [2022-09-25T14:32:37.260+0000] {dag.py:2981} INFO - Setting next_dagrun for example_short_circuit_operator to 2022-09-24T14:32:37.260513+00:00, run_after=2022-09-25T14:32:37.260513+00:00
[2022-09-25T14:32:37.280+0000] {processor.py:161} INFO - Processing /home/airflow/.local/lib/python3.7/site-packages/airflow/example_dags/example_short_circuit_operator.py took 0.136 seconds
[2022-09-25T14:33:08.075+0000] {processor.py:153} INFO - Started process (PID=4681) to work on /home/airflow/.local/lib/python3.7/site-packages/airflow/example_dags/example_short_circuit_operator.py
[2022-09-25T14:33:08.078+0000] {processor.py:640} INFO - Processing file /home/airflow/.local/lib/python3.7/site-packages/airflow/example_dags/example_short_circuit_operator.py for tasks to queue
[2022-09-25T14:33:08.080+0000] {logging_mixin.py:115} INFO - [2022-09-25T14:33:08.080+0000] {dagbag.py:508} INFO - Filling up the DagBag from /home/airflow/.local/lib/python3.7/site-packages/airflow/example_dags/example_short_circuit_operator.py
[2022-09-25T14:33:08.111+0000] {processor.py:650} INFO - DAG(s) dict_keys(['example_short_circuit_operator']) retrieved from /home/airflow/.local/lib/python3.7/site-packages/airflow/example_dags/example_short_circuit_operator.py
[2022-09-25T14:33:08.170+0000] {logging_mixin.py:115} INFO - [2022-09-25T14:33:08.170+0000] {dag.py:2429} INFO - Sync 1 DAGs
[2022-09-25T14:33:08.212+0000] {logging_mixin.py:115} INFO - [2022-09-25T14:33:08.212+0000] {dag.py:2981} INFO - Setting next_dagrun for example_short_circuit_operator to 2022-09-24T14:33:08.212264+00:00, run_after=2022-09-25T14:33:08.212264+00:00
[2022-09-25T14:33:08.236+0000] {processor.py:161} INFO - Processing /home/airflow/.local/lib/python3.7/site-packages/airflow/example_dags/example_short_circuit_operator.py took 0.168 seconds
[2022-09-25T14:33:39.505+0000] {processor.py:153} INFO - Started process (PID=4887) to work on /home/airflow/.local/lib/python3.7/site-packages/airflow/example_dags/example_short_circuit_operator.py
[2022-09-25T14:33:39.509+0000] {processor.py:640} INFO - Processing file /home/airflow/.local/lib/python3.7/site-packages/airflow/example_dags/example_short_circuit_operator.py for tasks to queue
[2022-09-25T14:33:39.513+0000] {logging_mixin.py:115} INFO - [2022-09-25T14:33:39.513+0000] {dagbag.py:508} INFO - Filling up the DagBag from /home/airflow/.local/lib/python3.7/site-packages/airflow/example_dags/example_short_circuit_operator.py
[2022-09-25T14:33:39.543+0000] {processor.py:650} INFO - DAG(s) dict_keys(['example_short_circuit_operator']) retrieved from /home/airflow/.local/lib/python3.7/site-packages/airflow/example_dags/example_short_circuit_operator.py
[2022-09-25T14:33:39.611+0000] {logging_mixin.py:115} INFO - [2022-09-25T14:33:39.611+0000] {dag.py:2429} INFO - Sync 1 DAGs
[2022-09-25T14:33:39.656+0000] {logging_mixin.py:115} INFO - [2022-09-25T14:33:39.656+0000] {dag.py:2981} INFO - Setting next_dagrun for example_short_circuit_operator to 2022-09-24T14:33:39.656247+00:00, run_after=2022-09-25T14:33:39.656247+00:00
[2022-09-25T14:33:39.685+0000] {processor.py:161} INFO - Processing /home/airflow/.local/lib/python3.7/site-packages/airflow/example_dags/example_short_circuit_operator.py took 0.188 seconds
[2022-09-25T14:34:10.071+0000] {processor.py:153} INFO - Started process (PID=5101) to work on /home/airflow/.local/lib/python3.7/site-packages/airflow/example_dags/example_short_circuit_operator.py
[2022-09-25T14:34:10.074+0000] {processor.py:640} INFO - Processing file /home/airflow/.local/lib/python3.7/site-packages/airflow/example_dags/example_short_circuit_operator.py for tasks to queue
[2022-09-25T14:34:10.076+0000] {logging_mixin.py:115} INFO - [2022-09-25T14:34:10.076+0000] {dagbag.py:508} INFO - Filling up the DagBag from /home/airflow/.local/lib/python3.7/site-packages/airflow/example_dags/example_short_circuit_operator.py
[2022-09-25T14:34:10.100+0000] {processor.py:650} INFO - DAG(s) dict_keys(['example_short_circuit_operator']) retrieved from /home/airflow/.local/lib/python3.7/site-packages/airflow/example_dags/example_short_circuit_operator.py
[2022-09-25T14:34:10.153+0000] {logging_mixin.py:115} INFO - [2022-09-25T14:34:10.152+0000] {dag.py:2429} INFO - Sync 1 DAGs
[2022-09-25T14:34:10.192+0000] {logging_mixin.py:115} INFO - [2022-09-25T14:34:10.192+0000] {dag.py:2981} INFO - Setting next_dagrun for example_short_circuit_operator to 2022-09-24T14:34:10.191646+00:00, run_after=2022-09-25T14:34:10.191646+00:00
[2022-09-25T14:34:10.212+0000] {processor.py:161} INFO - Processing /home/airflow/.local/lib/python3.7/site-packages/airflow/example_dags/example_short_circuit_operator.py took 0.146 seconds
[2022-09-25T14:34:40.804+0000] {processor.py:153} INFO - Started process (PID=5309) to work on /home/airflow/.local/lib/python3.7/site-packages/airflow/example_dags/example_short_circuit_operator.py
[2022-09-25T14:34:40.807+0000] {processor.py:640} INFO - Processing file /home/airflow/.local/lib/python3.7/site-packages/airflow/example_dags/example_short_circuit_operator.py for tasks to queue
[2022-09-25T14:34:40.809+0000] {logging_mixin.py:115} INFO - [2022-09-25T14:34:40.809+0000] {dagbag.py:508} INFO - Filling up the DagBag from /home/airflow/.local/lib/python3.7/site-packages/airflow/example_dags/example_short_circuit_operator.py
[2022-09-25T14:34:40.833+0000] {processor.py:650} INFO - DAG(s) dict_keys(['example_short_circuit_operator']) retrieved from /home/airflow/.local/lib/python3.7/site-packages/airflow/example_dags/example_short_circuit_operator.py
[2022-09-25T14:34:40.889+0000] {logging_mixin.py:115} INFO - [2022-09-25T14:34:40.888+0000] {dag.py:2429} INFO - Sync 1 DAGs
[2022-09-25T14:34:40.929+0000] {logging_mixin.py:115} INFO - [2022-09-25T14:34:40.928+0000] {dag.py:2981} INFO - Setting next_dagrun for example_short_circuit_operator to 2022-09-24T14:34:40.928539+00:00, run_after=2022-09-25T14:34:40.928539+00:00
[2022-09-25T14:34:40.947+0000] {processor.py:161} INFO - Processing /home/airflow/.local/lib/python3.7/site-packages/airflow/example_dags/example_short_circuit_operator.py took 0.149 seconds
[2022-09-25T14:35:12.081+0000] {processor.py:153} INFO - Started process (PID=5522) to work on /home/airflow/.local/lib/python3.7/site-packages/airflow/example_dags/example_short_circuit_operator.py
[2022-09-25T14:35:12.083+0000] {processor.py:640} INFO - Processing file /home/airflow/.local/lib/python3.7/site-packages/airflow/example_dags/example_short_circuit_operator.py for tasks to queue
[2022-09-25T14:35:12.085+0000] {logging_mixin.py:115} INFO - [2022-09-25T14:35:12.085+0000] {dagbag.py:508} INFO - Filling up the DagBag from /home/airflow/.local/lib/python3.7/site-packages/airflow/example_dags/example_short_circuit_operator.py
[2022-09-25T14:35:12.109+0000] {processor.py:650} INFO - DAG(s) dict_keys(['example_short_circuit_operator']) retrieved from /home/airflow/.local/lib/python3.7/site-packages/airflow/example_dags/example_short_circuit_operator.py
[2022-09-25T14:35:12.160+0000] {logging_mixin.py:115} INFO - [2022-09-25T14:35:12.160+0000] {dag.py:2429} INFO - Sync 1 DAGs
[2022-09-25T14:35:12.196+0000] {logging_mixin.py:115} INFO - [2022-09-25T14:35:12.196+0000] {dag.py:2981} INFO - Setting next_dagrun for example_short_circuit_operator to 2022-09-24T14:35:12.196289+00:00, run_after=2022-09-25T14:35:12.196289+00:00
[2022-09-25T14:35:12.232+0000] {processor.py:161} INFO - Processing /home/airflow/.local/lib/python3.7/site-packages/airflow/example_dags/example_short_circuit_operator.py took 0.159 seconds
[2022-09-25T14:35:42.700+0000] {processor.py:153} INFO - Started process (PID=5721) to work on /home/airflow/.local/lib/python3.7/site-packages/airflow/example_dags/example_short_circuit_operator.py
[2022-09-25T14:35:42.703+0000] {processor.py:640} INFO - Processing file /home/airflow/.local/lib/python3.7/site-packages/airflow/example_dags/example_short_circuit_operator.py for tasks to queue
[2022-09-25T14:35:42.705+0000] {logging_mixin.py:115} INFO - [2022-09-25T14:35:42.705+0000] {dagbag.py:508} INFO - Filling up the DagBag from /home/airflow/.local/lib/python3.7/site-packages/airflow/example_dags/example_short_circuit_operator.py
[2022-09-25T14:35:42.728+0000] {processor.py:650} INFO - DAG(s) dict_keys(['example_short_circuit_operator']) retrieved from /home/airflow/.local/lib/python3.7/site-packages/airflow/example_dags/example_short_circuit_operator.py
[2022-09-25T14:35:42.782+0000] {logging_mixin.py:115} INFO - [2022-09-25T14:35:42.782+0000] {dag.py:2429} INFO - Sync 1 DAGs
[2022-09-25T14:35:42.847+0000] {logging_mixin.py:115} INFO - [2022-09-25T14:35:42.847+0000] {dag.py:2981} INFO - Setting next_dagrun for example_short_circuit_operator to 2022-09-24T14:35:42.846541+00:00, run_after=2022-09-25T14:35:42.846541+00:00
[2022-09-25T14:35:42.872+0000] {processor.py:161} INFO - Processing /home/airflow/.local/lib/python3.7/site-packages/airflow/example_dags/example_short_circuit_operator.py took 0.178 seconds
[2022-09-25T14:36:13.301+0000] {processor.py:153} INFO - Started process (PID=5936) to work on /home/airflow/.local/lib/python3.7/site-packages/airflow/example_dags/example_short_circuit_operator.py
[2022-09-25T14:36:13.303+0000] {processor.py:640} INFO - Processing file /home/airflow/.local/lib/python3.7/site-packages/airflow/example_dags/example_short_circuit_operator.py for tasks to queue
[2022-09-25T14:36:13.305+0000] {logging_mixin.py:115} INFO - [2022-09-25T14:36:13.305+0000] {dagbag.py:508} INFO - Filling up the DagBag from /home/airflow/.local/lib/python3.7/site-packages/airflow/example_dags/example_short_circuit_operator.py
[2022-09-25T14:36:13.332+0000] {processor.py:650} INFO - DAG(s) dict_keys(['example_short_circuit_operator']) retrieved from /home/airflow/.local/lib/python3.7/site-packages/airflow/example_dags/example_short_circuit_operator.py
[2022-09-25T14:36:13.384+0000] {logging_mixin.py:115} INFO - [2022-09-25T14:36:13.384+0000] {dag.py:2429} INFO - Sync 1 DAGs
[2022-09-25T14:36:13.425+0000] {logging_mixin.py:115} INFO - [2022-09-25T14:36:13.424+0000] {dag.py:2981} INFO - Setting next_dagrun for example_short_circuit_operator to 2022-09-24T14:36:13.424648+00:00, run_after=2022-09-25T14:36:13.424648+00:00
[2022-09-25T14:36:13.455+0000] {processor.py:161} INFO - Processing /home/airflow/.local/lib/python3.7/site-packages/airflow/example_dags/example_short_circuit_operator.py took 0.160 seconds
[2022-09-25T14:36:44.472+0000] {processor.py:153} INFO - Started process (PID=6141) to work on /home/airflow/.local/lib/python3.7/site-packages/airflow/example_dags/example_short_circuit_operator.py
[2022-09-25T14:36:44.474+0000] {processor.py:640} INFO - Processing file /home/airflow/.local/lib/python3.7/site-packages/airflow/example_dags/example_short_circuit_operator.py for tasks to queue
[2022-09-25T14:36:44.477+0000] {logging_mixin.py:115} INFO - [2022-09-25T14:36:44.476+0000] {dagbag.py:508} INFO - Filling up the DagBag from /home/airflow/.local/lib/python3.7/site-packages/airflow/example_dags/example_short_circuit_operator.py
[2022-09-25T14:36:44.494+0000] {processor.py:650} INFO - DAG(s) dict_keys(['example_short_circuit_operator']) retrieved from /home/airflow/.local/lib/python3.7/site-packages/airflow/example_dags/example_short_circuit_operator.py
[2022-09-25T14:36:44.541+0000] {logging_mixin.py:115} INFO - [2022-09-25T14:36:44.540+0000] {dag.py:2429} INFO - Sync 1 DAGs
[2022-09-25T14:36:44.576+0000] {logging_mixin.py:115} INFO - [2022-09-25T14:36:44.576+0000] {dag.py:2981} INFO - Setting next_dagrun for example_short_circuit_operator to 2022-09-24T14:36:44.576251+00:00, run_after=2022-09-25T14:36:44.576251+00:00
[2022-09-25T14:36:44.602+0000] {processor.py:161} INFO - Processing /home/airflow/.local/lib/python3.7/site-packages/airflow/example_dags/example_short_circuit_operator.py took 0.137 seconds
[2022-09-25T14:37:14.771+0000] {processor.py:153} INFO - Started process (PID=6348) to work on /home/airflow/.local/lib/python3.7/site-packages/airflow/example_dags/example_short_circuit_operator.py
[2022-09-25T14:37:14.774+0000] {processor.py:640} INFO - Processing file /home/airflow/.local/lib/python3.7/site-packages/airflow/example_dags/example_short_circuit_operator.py for tasks to queue
[2022-09-25T14:37:14.777+0000] {logging_mixin.py:115} INFO - [2022-09-25T14:37:14.777+0000] {dagbag.py:508} INFO - Filling up the DagBag from /home/airflow/.local/lib/python3.7/site-packages/airflow/example_dags/example_short_circuit_operator.py
[2022-09-25T14:37:14.798+0000] {processor.py:650} INFO - DAG(s) dict_keys(['example_short_circuit_operator']) retrieved from /home/airflow/.local/lib/python3.7/site-packages/airflow/example_dags/example_short_circuit_operator.py
[2022-09-25T14:37:14.860+0000] {logging_mixin.py:115} INFO - [2022-09-25T14:37:14.860+0000] {dag.py:2429} INFO - Sync 1 DAGs
[2022-09-25T14:37:14.912+0000] {logging_mixin.py:115} INFO - [2022-09-25T14:37:14.912+0000] {dag.py:2981} INFO - Setting next_dagrun for example_short_circuit_operator to 2022-09-24T14:37:14.911573+00:00, run_after=2022-09-25T14:37:14.911573+00:00
[2022-09-25T14:37:14.936+0000] {processor.py:161} INFO - Processing /home/airflow/.local/lib/python3.7/site-packages/airflow/example_dags/example_short_circuit_operator.py took 0.176 seconds
[2022-09-25T14:37:45.889+0000] {processor.py:153} INFO - Started process (PID=6553) to work on /home/airflow/.local/lib/python3.7/site-packages/airflow/example_dags/example_short_circuit_operator.py
[2022-09-25T14:37:45.891+0000] {processor.py:640} INFO - Processing file /home/airflow/.local/lib/python3.7/site-packages/airflow/example_dags/example_short_circuit_operator.py for tasks to queue
[2022-09-25T14:37:45.894+0000] {logging_mixin.py:115} INFO - [2022-09-25T14:37:45.894+0000] {dagbag.py:508} INFO - Filling up the DagBag from /home/airflow/.local/lib/python3.7/site-packages/airflow/example_dags/example_short_circuit_operator.py
[2022-09-25T14:37:45.917+0000] {processor.py:650} INFO - DAG(s) dict_keys(['example_short_circuit_operator']) retrieved from /home/airflow/.local/lib/python3.7/site-packages/airflow/example_dags/example_short_circuit_operator.py
[2022-09-25T14:37:45.980+0000] {logging_mixin.py:115} INFO - [2022-09-25T14:37:45.979+0000] {dag.py:2429} INFO - Sync 1 DAGs
[2022-09-25T14:37:46.016+0000] {logging_mixin.py:115} INFO - [2022-09-25T14:37:46.016+0000] {dag.py:2981} INFO - Setting next_dagrun for example_short_circuit_operator to 2022-09-24T14:37:46.016256+00:00, run_after=2022-09-25T14:37:46.016256+00:00
[2022-09-25T14:37:46.038+0000] {processor.py:161} INFO - Processing /home/airflow/.local/lib/python3.7/site-packages/airflow/example_dags/example_short_circuit_operator.py took 0.156 seconds
[2022-09-25T14:38:16.107+0000] {processor.py:153} INFO - Started process (PID=6766) to work on /home/airflow/.local/lib/python3.7/site-packages/airflow/example_dags/example_short_circuit_operator.py
[2022-09-25T14:38:16.110+0000] {processor.py:640} INFO - Processing file /home/airflow/.local/lib/python3.7/site-packages/airflow/example_dags/example_short_circuit_operator.py for tasks to queue
[2022-09-25T14:38:16.112+0000] {logging_mixin.py:115} INFO - [2022-09-25T14:38:16.111+0000] {dagbag.py:508} INFO - Filling up the DagBag from /home/airflow/.local/lib/python3.7/site-packages/airflow/example_dags/example_short_circuit_operator.py
[2022-09-25T14:38:16.128+0000] {processor.py:650} INFO - DAG(s) dict_keys(['example_short_circuit_operator']) retrieved from /home/airflow/.local/lib/python3.7/site-packages/airflow/example_dags/example_short_circuit_operator.py
[2022-09-25T14:38:16.171+0000] {logging_mixin.py:115} INFO - [2022-09-25T14:38:16.170+0000] {dag.py:2429} INFO - Sync 1 DAGs
[2022-09-25T14:38:16.204+0000] {logging_mixin.py:115} INFO - [2022-09-25T14:38:16.203+0000] {dag.py:2981} INFO - Setting next_dagrun for example_short_circuit_operator to 2022-09-24T14:38:16.203511+00:00, run_after=2022-09-25T14:38:16.203511+00:00
[2022-09-25T14:38:16.224+0000] {processor.py:161} INFO - Processing /home/airflow/.local/lib/python3.7/site-packages/airflow/example_dags/example_short_circuit_operator.py took 0.122 seconds
[2022-09-25T14:38:46.794+0000] {processor.py:153} INFO - Started process (PID=6968) to work on /home/airflow/.local/lib/python3.7/site-packages/airflow/example_dags/example_short_circuit_operator.py
[2022-09-25T14:38:46.798+0000] {processor.py:640} INFO - Processing file /home/airflow/.local/lib/python3.7/site-packages/airflow/example_dags/example_short_circuit_operator.py for tasks to queue
[2022-09-25T14:38:46.800+0000] {logging_mixin.py:115} INFO - [2022-09-25T14:38:46.800+0000] {dagbag.py:508} INFO - Filling up the DagBag from /home/airflow/.local/lib/python3.7/site-packages/airflow/example_dags/example_short_circuit_operator.py
[2022-09-25T14:38:46.819+0000] {processor.py:650} INFO - DAG(s) dict_keys(['example_short_circuit_operator']) retrieved from /home/airflow/.local/lib/python3.7/site-packages/airflow/example_dags/example_short_circuit_operator.py
[2022-09-25T14:38:46.870+0000] {logging_mixin.py:115} INFO - [2022-09-25T14:38:46.870+0000] {dag.py:2429} INFO - Sync 1 DAGs
[2022-09-25T14:38:46.942+0000] {logging_mixin.py:115} INFO - [2022-09-25T14:38:46.942+0000] {dag.py:2981} INFO - Setting next_dagrun for example_short_circuit_operator to 2022-09-24T14:38:46.942396+00:00, run_after=2022-09-25T14:38:46.942396+00:00
[2022-09-25T14:38:46.970+0000] {processor.py:161} INFO - Processing /home/airflow/.local/lib/python3.7/site-packages/airflow/example_dags/example_short_circuit_operator.py took 0.183 seconds
[2022-09-25T14:39:17.854+0000] {processor.py:153} INFO - Started process (PID=7186) to work on /home/airflow/.local/lib/python3.7/site-packages/airflow/example_dags/example_short_circuit_operator.py
[2022-09-25T14:39:17.856+0000] {processor.py:640} INFO - Processing file /home/airflow/.local/lib/python3.7/site-packages/airflow/example_dags/example_short_circuit_operator.py for tasks to queue
[2022-09-25T14:39:17.859+0000] {logging_mixin.py:115} INFO - [2022-09-25T14:39:17.859+0000] {dagbag.py:508} INFO - Filling up the DagBag from /home/airflow/.local/lib/python3.7/site-packages/airflow/example_dags/example_short_circuit_operator.py
[2022-09-25T14:39:17.877+0000] {processor.py:650} INFO - DAG(s) dict_keys(['example_short_circuit_operator']) retrieved from /home/airflow/.local/lib/python3.7/site-packages/airflow/example_dags/example_short_circuit_operator.py
[2022-09-25T14:39:17.931+0000] {logging_mixin.py:115} INFO - [2022-09-25T14:39:17.931+0000] {dag.py:2429} INFO - Sync 1 DAGs
[2022-09-25T14:39:17.968+0000] {logging_mixin.py:115} INFO - [2022-09-25T14:39:17.968+0000] {dag.py:2981} INFO - Setting next_dagrun for example_short_circuit_operator to 2022-09-24T14:39:17.968210+00:00, run_after=2022-09-25T14:39:17.968210+00:00
[2022-09-25T14:39:17.989+0000] {processor.py:161} INFO - Processing /home/airflow/.local/lib/python3.7/site-packages/airflow/example_dags/example_short_circuit_operator.py took 0.142 seconds
[2022-09-25T14:39:48.351+0000] {processor.py:153} INFO - Started process (PID=7391) to work on /home/airflow/.local/lib/python3.7/site-packages/airflow/example_dags/example_short_circuit_operator.py
[2022-09-25T14:39:48.354+0000] {processor.py:640} INFO - Processing file /home/airflow/.local/lib/python3.7/site-packages/airflow/example_dags/example_short_circuit_operator.py for tasks to queue
[2022-09-25T14:39:48.357+0000] {logging_mixin.py:115} INFO - [2022-09-25T14:39:48.356+0000] {dagbag.py:508} INFO - Filling up the DagBag from /home/airflow/.local/lib/python3.7/site-packages/airflow/example_dags/example_short_circuit_operator.py
[2022-09-25T14:39:48.374+0000] {processor.py:650} INFO - DAG(s) dict_keys(['example_short_circuit_operator']) retrieved from /home/airflow/.local/lib/python3.7/site-packages/airflow/example_dags/example_short_circuit_operator.py
[2022-09-25T14:39:48.437+0000] {logging_mixin.py:115} INFO - [2022-09-25T14:39:48.436+0000] {dag.py:2429} INFO - Sync 1 DAGs
[2022-09-25T14:39:48.490+0000] {logging_mixin.py:115} INFO - [2022-09-25T14:39:48.490+0000] {dag.py:2981} INFO - Setting next_dagrun for example_short_circuit_operator to 2022-09-24T14:39:48.490049+00:00, run_after=2022-09-25T14:39:48.490049+00:00
[2022-09-25T14:39:48.526+0000] {processor.py:161} INFO - Processing /home/airflow/.local/lib/python3.7/site-packages/airflow/example_dags/example_short_circuit_operator.py took 0.182 seconds
[2022-09-25T14:40:18.754+0000] {processor.py:153} INFO - Started process (PID=7605) to work on /home/airflow/.local/lib/python3.7/site-packages/airflow/example_dags/example_short_circuit_operator.py
[2022-09-25T14:40:18.756+0000] {processor.py:640} INFO - Processing file /home/airflow/.local/lib/python3.7/site-packages/airflow/example_dags/example_short_circuit_operator.py for tasks to queue
[2022-09-25T14:40:18.758+0000] {logging_mixin.py:115} INFO - [2022-09-25T14:40:18.757+0000] {dagbag.py:508} INFO - Filling up the DagBag from /home/airflow/.local/lib/python3.7/site-packages/airflow/example_dags/example_short_circuit_operator.py
[2022-09-25T14:40:18.773+0000] {processor.py:650} INFO - DAG(s) dict_keys(['example_short_circuit_operator']) retrieved from /home/airflow/.local/lib/python3.7/site-packages/airflow/example_dags/example_short_circuit_operator.py
[2022-09-25T14:40:18.817+0000] {logging_mixin.py:115} INFO - [2022-09-25T14:40:18.817+0000] {dag.py:2429} INFO - Sync 1 DAGs
[2022-09-25T14:40:18.852+0000] {logging_mixin.py:115} INFO - [2022-09-25T14:40:18.852+0000] {dag.py:2981} INFO - Setting next_dagrun for example_short_circuit_operator to 2022-09-24T14:40:18.852345+00:00, run_after=2022-09-25T14:40:18.852345+00:00
[2022-09-25T14:40:18.871+0000] {processor.py:161} INFO - Processing /home/airflow/.local/lib/python3.7/site-packages/airflow/example_dags/example_short_circuit_operator.py took 0.123 seconds
[2022-09-25T14:40:49.364+0000] {processor.py:153} INFO - Started process (PID=7810) to work on /home/airflow/.local/lib/python3.7/site-packages/airflow/example_dags/example_short_circuit_operator.py
[2022-09-25T14:40:49.367+0000] {processor.py:640} INFO - Processing file /home/airflow/.local/lib/python3.7/site-packages/airflow/example_dags/example_short_circuit_operator.py for tasks to queue
[2022-09-25T14:40:49.370+0000] {logging_mixin.py:115} INFO - [2022-09-25T14:40:49.369+0000] {dagbag.py:508} INFO - Filling up the DagBag from /home/airflow/.local/lib/python3.7/site-packages/airflow/example_dags/example_short_circuit_operator.py
[2022-09-25T14:40:49.391+0000] {processor.py:650} INFO - DAG(s) dict_keys(['example_short_circuit_operator']) retrieved from /home/airflow/.local/lib/python3.7/site-packages/airflow/example_dags/example_short_circuit_operator.py
[2022-09-25T14:40:49.446+0000] {logging_mixin.py:115} INFO - [2022-09-25T14:40:49.446+0000] {dag.py:2429} INFO - Sync 1 DAGs
[2022-09-25T14:40:49.494+0000] {logging_mixin.py:115} INFO - [2022-09-25T14:40:49.494+0000] {dag.py:2981} INFO - Setting next_dagrun for example_short_circuit_operator to 2022-09-24T14:40:49.493691+00:00, run_after=2022-09-25T14:40:49.493691+00:00
[2022-09-25T14:40:49.524+0000] {processor.py:161} INFO - Processing /home/airflow/.local/lib/python3.7/site-packages/airflow/example_dags/example_short_circuit_operator.py took 0.168 seconds
[2022-09-25T14:41:20.057+0000] {processor.py:153} INFO - Started process (PID=8024) to work on /home/airflow/.local/lib/python3.7/site-packages/airflow/example_dags/example_short_circuit_operator.py
[2022-09-25T14:41:20.061+0000] {processor.py:640} INFO - Processing file /home/airflow/.local/lib/python3.7/site-packages/airflow/example_dags/example_short_circuit_operator.py for tasks to queue
[2022-09-25T14:41:20.064+0000] {logging_mixin.py:115} INFO - [2022-09-25T14:41:20.063+0000] {dagbag.py:508} INFO - Filling up the DagBag from /home/airflow/.local/lib/python3.7/site-packages/airflow/example_dags/example_short_circuit_operator.py
[2022-09-25T14:41:20.093+0000] {processor.py:650} INFO - DAG(s) dict_keys(['example_short_circuit_operator']) retrieved from /home/airflow/.local/lib/python3.7/site-packages/airflow/example_dags/example_short_circuit_operator.py
[2022-09-25T14:41:20.143+0000] {logging_mixin.py:115} INFO - [2022-09-25T14:41:20.143+0000] {dag.py:2429} INFO - Sync 1 DAGs
[2022-09-25T14:41:20.198+0000] {logging_mixin.py:115} INFO - [2022-09-25T14:41:20.198+0000] {dag.py:2981} INFO - Setting next_dagrun for example_short_circuit_operator to 2022-09-24T14:41:20.198286+00:00, run_after=2022-09-25T14:41:20.198286+00:00
[2022-09-25T14:41:20.220+0000] {processor.py:161} INFO - Processing /home/airflow/.local/lib/python3.7/site-packages/airflow/example_dags/example_short_circuit_operator.py took 0.169 seconds
[2022-09-25T14:41:50.677+0000] {processor.py:153} INFO - Started process (PID=8229) to work on /home/airflow/.local/lib/python3.7/site-packages/airflow/example_dags/example_short_circuit_operator.py
[2022-09-25T14:41:50.679+0000] {processor.py:640} INFO - Processing file /home/airflow/.local/lib/python3.7/site-packages/airflow/example_dags/example_short_circuit_operator.py for tasks to queue
[2022-09-25T14:41:50.681+0000] {logging_mixin.py:115} INFO - [2022-09-25T14:41:50.681+0000] {dagbag.py:508} INFO - Filling up the DagBag from /home/airflow/.local/lib/python3.7/site-packages/airflow/example_dags/example_short_circuit_operator.py
[2022-09-25T14:41:50.696+0000] {processor.py:650} INFO - DAG(s) dict_keys(['example_short_circuit_operator']) retrieved from /home/airflow/.local/lib/python3.7/site-packages/airflow/example_dags/example_short_circuit_operator.py
[2022-09-25T14:41:50.742+0000] {logging_mixin.py:115} INFO - [2022-09-25T14:41:50.742+0000] {dag.py:2429} INFO - Sync 1 DAGs
[2022-09-25T14:41:50.778+0000] {logging_mixin.py:115} INFO - [2022-09-25T14:41:50.778+0000] {dag.py:2981} INFO - Setting next_dagrun for example_short_circuit_operator to 2022-09-24T14:41:50.778029+00:00, run_after=2022-09-25T14:41:50.778029+00:00
[2022-09-25T14:41:50.801+0000] {processor.py:161} INFO - Processing /home/airflow/.local/lib/python3.7/site-packages/airflow/example_dags/example_short_circuit_operator.py took 0.130 seconds
[2022-09-25T14:42:21.567+0000] {processor.py:153} INFO - Started process (PID=8443) to work on /home/airflow/.local/lib/python3.7/site-packages/airflow/example_dags/example_short_circuit_operator.py
[2022-09-25T14:42:21.570+0000] {processor.py:640} INFO - Processing file /home/airflow/.local/lib/python3.7/site-packages/airflow/example_dags/example_short_circuit_operator.py for tasks to queue
[2022-09-25T14:42:21.572+0000] {logging_mixin.py:115} INFO - [2022-09-25T14:42:21.571+0000] {dagbag.py:508} INFO - Filling up the DagBag from /home/airflow/.local/lib/python3.7/site-packages/airflow/example_dags/example_short_circuit_operator.py
[2022-09-25T14:42:21.589+0000] {processor.py:650} INFO - DAG(s) dict_keys(['example_short_circuit_operator']) retrieved from /home/airflow/.local/lib/python3.7/site-packages/airflow/example_dags/example_short_circuit_operator.py
[2022-09-25T14:42:21.642+0000] {logging_mixin.py:115} INFO - [2022-09-25T14:42:21.642+0000] {dag.py:2429} INFO - Sync 1 DAGs
[2022-09-25T14:42:21.683+0000] {logging_mixin.py:115} INFO - [2022-09-25T14:42:21.682+0000] {dag.py:2981} INFO - Setting next_dagrun for example_short_circuit_operator to 2022-09-24T14:42:21.682470+00:00, run_after=2022-09-25T14:42:21.682470+00:00
[2022-09-25T14:42:21.711+0000] {processor.py:161} INFO - Processing /home/airflow/.local/lib/python3.7/site-packages/airflow/example_dags/example_short_circuit_operator.py took 0.149 seconds
[2022-09-25T14:42:51.800+0000] {processor.py:153} INFO - Started process (PID=8647) to work on /home/airflow/.local/lib/python3.7/site-packages/airflow/example_dags/example_short_circuit_operator.py
[2022-09-25T14:42:51.808+0000] {processor.py:640} INFO - Processing file /home/airflow/.local/lib/python3.7/site-packages/airflow/example_dags/example_short_circuit_operator.py for tasks to queue
[2022-09-25T14:42:51.809+0000] {logging_mixin.py:115} INFO - [2022-09-25T14:42:51.809+0000] {dagbag.py:508} INFO - Filling up the DagBag from /home/airflow/.local/lib/python3.7/site-packages/airflow/example_dags/example_short_circuit_operator.py
[2022-09-25T14:42:51.824+0000] {processor.py:650} INFO - DAG(s) dict_keys(['example_short_circuit_operator']) retrieved from /home/airflow/.local/lib/python3.7/site-packages/airflow/example_dags/example_short_circuit_operator.py
[2022-09-25T14:42:51.866+0000] {logging_mixin.py:115} INFO - [2022-09-25T14:42:51.865+0000] {dag.py:2429} INFO - Sync 1 DAGs
[2022-09-25T14:42:51.899+0000] {logging_mixin.py:115} INFO - [2022-09-25T14:42:51.899+0000] {dag.py:2981} INFO - Setting next_dagrun for example_short_circuit_operator to 2022-09-24T14:42:51.898669+00:00, run_after=2022-09-25T14:42:51.898669+00:00
[2022-09-25T14:42:51.923+0000] {processor.py:161} INFO - Processing /home/airflow/.local/lib/python3.7/site-packages/airflow/example_dags/example_short_circuit_operator.py took 0.132 seconds
[2022-09-25T14:43:22.244+0000] {processor.py:153} INFO - Started process (PID=8862) to work on /home/airflow/.local/lib/python3.7/site-packages/airflow/example_dags/example_short_circuit_operator.py
[2022-09-25T14:43:22.248+0000] {processor.py:640} INFO - Processing file /home/airflow/.local/lib/python3.7/site-packages/airflow/example_dags/example_short_circuit_operator.py for tasks to queue
[2022-09-25T14:43:22.250+0000] {logging_mixin.py:115} INFO - [2022-09-25T14:43:22.250+0000] {dagbag.py:508} INFO - Filling up the DagBag from /home/airflow/.local/lib/python3.7/site-packages/airflow/example_dags/example_short_circuit_operator.py
[2022-09-25T14:43:22.267+0000] {processor.py:650} INFO - DAG(s) dict_keys(['example_short_circuit_operator']) retrieved from /home/airflow/.local/lib/python3.7/site-packages/airflow/example_dags/example_short_circuit_operator.py
[2022-09-25T14:43:22.325+0000] {logging_mixin.py:115} INFO - [2022-09-25T14:43:22.324+0000] {dag.py:2429} INFO - Sync 1 DAGs
[2022-09-25T14:43:22.374+0000] {logging_mixin.py:115} INFO - [2022-09-25T14:43:22.373+0000] {dag.py:2981} INFO - Setting next_dagrun for example_short_circuit_operator to 2022-09-24T14:43:22.373406+00:00, run_after=2022-09-25T14:43:22.373406+00:00
[2022-09-25T14:43:22.395+0000] {processor.py:161} INFO - Processing /home/airflow/.local/lib/python3.7/site-packages/airflow/example_dags/example_short_circuit_operator.py took 0.158 seconds
[2022-09-25T14:43:52.868+0000] {processor.py:153} INFO - Started process (PID=9067) to work on /home/airflow/.local/lib/python3.7/site-packages/airflow/example_dags/example_short_circuit_operator.py
[2022-09-25T14:43:52.879+0000] {processor.py:640} INFO - Processing file /home/airflow/.local/lib/python3.7/site-packages/airflow/example_dags/example_short_circuit_operator.py for tasks to queue
[2022-09-25T14:43:52.884+0000] {logging_mixin.py:115} INFO - [2022-09-25T14:43:52.884+0000] {dagbag.py:508} INFO - Filling up the DagBag from /home/airflow/.local/lib/python3.7/site-packages/airflow/example_dags/example_short_circuit_operator.py
[2022-09-25T14:43:52.903+0000] {processor.py:650} INFO - DAG(s) dict_keys(['example_short_circuit_operator']) retrieved from /home/airflow/.local/lib/python3.7/site-packages/airflow/example_dags/example_short_circuit_operator.py
[2022-09-25T14:43:52.956+0000] {logging_mixin.py:115} INFO - [2022-09-25T14:43:52.956+0000] {dag.py:2429} INFO - Sync 1 DAGs
[2022-09-25T14:43:52.999+0000] {logging_mixin.py:115} INFO - [2022-09-25T14:43:52.998+0000] {dag.py:2981} INFO - Setting next_dagrun for example_short_circuit_operator to 2022-09-24T14:43:52.998199+00:00, run_after=2022-09-25T14:43:52.998199+00:00
[2022-09-25T14:43:53.030+0000] {processor.py:161} INFO - Processing /home/airflow/.local/lib/python3.7/site-packages/airflow/example_dags/example_short_circuit_operator.py took 0.167 seconds
[2022-09-25T14:44:23.592+0000] {processor.py:153} INFO - Started process (PID=9281) to work on /home/airflow/.local/lib/python3.7/site-packages/airflow/example_dags/example_short_circuit_operator.py
[2022-09-25T14:44:23.599+0000] {processor.py:640} INFO - Processing file /home/airflow/.local/lib/python3.7/site-packages/airflow/example_dags/example_short_circuit_operator.py for tasks to queue
[2022-09-25T14:44:23.601+0000] {logging_mixin.py:115} INFO - [2022-09-25T14:44:23.601+0000] {dagbag.py:508} INFO - Filling up the DagBag from /home/airflow/.local/lib/python3.7/site-packages/airflow/example_dags/example_short_circuit_operator.py
[2022-09-25T14:44:23.615+0000] {processor.py:650} INFO - DAG(s) dict_keys(['example_short_circuit_operator']) retrieved from /home/airflow/.local/lib/python3.7/site-packages/airflow/example_dags/example_short_circuit_operator.py
[2022-09-25T14:44:23.656+0000] {logging_mixin.py:115} INFO - [2022-09-25T14:44:23.656+0000] {dag.py:2429} INFO - Sync 1 DAGs
[2022-09-25T14:44:23.690+0000] {logging_mixin.py:115} INFO - [2022-09-25T14:44:23.690+0000] {dag.py:2981} INFO - Setting next_dagrun for example_short_circuit_operator to 2022-09-24T14:44:23.690075+00:00, run_after=2022-09-25T14:44:23.690075+00:00
[2022-09-25T14:44:23.708+0000] {processor.py:161} INFO - Processing /home/airflow/.local/lib/python3.7/site-packages/airflow/example_dags/example_short_circuit_operator.py took 0.121 seconds
[2022-09-25T14:44:54.019+0000] {processor.py:153} INFO - Started process (PID=9487) to work on /home/airflow/.local/lib/python3.7/site-packages/airflow/example_dags/example_short_circuit_operator.py
[2022-09-25T14:44:54.028+0000] {processor.py:640} INFO - Processing file /home/airflow/.local/lib/python3.7/site-packages/airflow/example_dags/example_short_circuit_operator.py for tasks to queue
[2022-09-25T14:44:54.031+0000] {logging_mixin.py:115} INFO - [2022-09-25T14:44:54.030+0000] {dagbag.py:508} INFO - Filling up the DagBag from /home/airflow/.local/lib/python3.7/site-packages/airflow/example_dags/example_short_circuit_operator.py
[2022-09-25T14:44:54.052+0000] {processor.py:650} INFO - DAG(s) dict_keys(['example_short_circuit_operator']) retrieved from /home/airflow/.local/lib/python3.7/site-packages/airflow/example_dags/example_short_circuit_operator.py
[2022-09-25T14:44:54.107+0000] {logging_mixin.py:115} INFO - [2022-09-25T14:44:54.107+0000] {dag.py:2429} INFO - Sync 1 DAGs
[2022-09-25T14:44:54.149+0000] {logging_mixin.py:115} INFO - [2022-09-25T14:44:54.149+0000] {dag.py:2981} INFO - Setting next_dagrun for example_short_circuit_operator to 2022-09-24T14:44:54.149365+00:00, run_after=2022-09-25T14:44:54.149365+00:00
[2022-09-25T14:44:54.182+0000] {processor.py:161} INFO - Processing /home/airflow/.local/lib/python3.7/site-packages/airflow/example_dags/example_short_circuit_operator.py took 0.169 seconds
[2022-09-25T14:45:24.427+0000] {processor.py:153} INFO - Started process (PID=9699) to work on /home/airflow/.local/lib/python3.7/site-packages/airflow/example_dags/example_short_circuit_operator.py
[2022-09-25T14:45:24.435+0000] {processor.py:640} INFO - Processing file /home/airflow/.local/lib/python3.7/site-packages/airflow/example_dags/example_short_circuit_operator.py for tasks to queue
[2022-09-25T14:45:24.437+0000] {logging_mixin.py:115} INFO - [2022-09-25T14:45:24.437+0000] {dagbag.py:508} INFO - Filling up the DagBag from /home/airflow/.local/lib/python3.7/site-packages/airflow/example_dags/example_short_circuit_operator.py
[2022-09-25T14:45:24.455+0000] {processor.py:650} INFO - DAG(s) dict_keys(['example_short_circuit_operator']) retrieved from /home/airflow/.local/lib/python3.7/site-packages/airflow/example_dags/example_short_circuit_operator.py
[2022-09-25T14:45:24.503+0000] {logging_mixin.py:115} INFO - [2022-09-25T14:45:24.503+0000] {dag.py:2429} INFO - Sync 1 DAGs
[2022-09-25T14:45:24.554+0000] {logging_mixin.py:115} INFO - [2022-09-25T14:45:24.554+0000] {dag.py:2981} INFO - Setting next_dagrun for example_short_circuit_operator to 2022-09-24T14:45:24.553989+00:00, run_after=2022-09-25T14:45:24.553989+00:00
[2022-09-25T14:45:24.584+0000] {processor.py:161} INFO - Processing /home/airflow/.local/lib/python3.7/site-packages/airflow/example_dags/example_short_circuit_operator.py took 0.164 seconds
[2022-09-25T14:45:55.085+0000] {processor.py:153} INFO - Started process (PID=9906) to work on /home/airflow/.local/lib/python3.7/site-packages/airflow/example_dags/example_short_circuit_operator.py
[2022-09-25T14:45:55.090+0000] {processor.py:640} INFO - Processing file /home/airflow/.local/lib/python3.7/site-packages/airflow/example_dags/example_short_circuit_operator.py for tasks to queue
[2022-09-25T14:45:55.094+0000] {logging_mixin.py:115} INFO - [2022-09-25T14:45:55.093+0000] {dagbag.py:508} INFO - Filling up the DagBag from /home/airflow/.local/lib/python3.7/site-packages/airflow/example_dags/example_short_circuit_operator.py
[2022-09-25T14:45:55.120+0000] {processor.py:650} INFO - DAG(s) dict_keys(['example_short_circuit_operator']) retrieved from /home/airflow/.local/lib/python3.7/site-packages/airflow/example_dags/example_short_circuit_operator.py
[2022-09-25T14:45:55.177+0000] {logging_mixin.py:115} INFO - [2022-09-25T14:45:55.176+0000] {dag.py:2429} INFO - Sync 1 DAGs
[2022-09-25T14:45:55.218+0000] {logging_mixin.py:115} INFO - [2022-09-25T14:45:55.218+0000] {dag.py:2981} INFO - Setting next_dagrun for example_short_circuit_operator to 2022-09-24T14:45:55.217958+00:00, run_after=2022-09-25T14:45:55.217958+00:00
[2022-09-25T14:45:55.242+0000] {processor.py:161} INFO - Processing /home/airflow/.local/lib/python3.7/site-packages/airflow/example_dags/example_short_circuit_operator.py took 0.167 seconds
[2022-09-25T14:46:25.763+0000] {processor.py:153} INFO - Started process (PID=10118) to work on /home/airflow/.local/lib/python3.7/site-packages/airflow/example_dags/example_short_circuit_operator.py
[2022-09-25T14:46:25.767+0000] {processor.py:640} INFO - Processing file /home/airflow/.local/lib/python3.7/site-packages/airflow/example_dags/example_short_circuit_operator.py for tasks to queue
[2022-09-25T14:46:25.768+0000] {logging_mixin.py:115} INFO - [2022-09-25T14:46:25.768+0000] {dagbag.py:508} INFO - Filling up the DagBag from /home/airflow/.local/lib/python3.7/site-packages/airflow/example_dags/example_short_circuit_operator.py
[2022-09-25T14:46:25.786+0000] {processor.py:650} INFO - DAG(s) dict_keys(['example_short_circuit_operator']) retrieved from /home/airflow/.local/lib/python3.7/site-packages/airflow/example_dags/example_short_circuit_operator.py
[2022-09-25T14:46:25.824+0000] {logging_mixin.py:115} INFO - [2022-09-25T14:46:25.824+0000] {dag.py:2429} INFO - Sync 1 DAGs
[2022-09-25T14:46:25.856+0000] {logging_mixin.py:115} INFO - [2022-09-25T14:46:25.855+0000] {dag.py:2981} INFO - Setting next_dagrun for example_short_circuit_operator to 2022-09-24T14:46:25.855442+00:00, run_after=2022-09-25T14:46:25.855442+00:00
[2022-09-25T14:46:25.882+0000] {processor.py:161} INFO - Processing /home/airflow/.local/lib/python3.7/site-packages/airflow/example_dags/example_short_circuit_operator.py took 0.125 seconds
[2022-09-25T14:46:56.331+0000] {processor.py:153} INFO - Started process (PID=10325) to work on /home/airflow/.local/lib/python3.7/site-packages/airflow/example_dags/example_short_circuit_operator.py
[2022-09-25T14:46:56.334+0000] {processor.py:640} INFO - Processing file /home/airflow/.local/lib/python3.7/site-packages/airflow/example_dags/example_short_circuit_operator.py for tasks to queue
[2022-09-25T14:46:56.336+0000] {logging_mixin.py:115} INFO - [2022-09-25T14:46:56.336+0000] {dagbag.py:508} INFO - Filling up the DagBag from /home/airflow/.local/lib/python3.7/site-packages/airflow/example_dags/example_short_circuit_operator.py
[2022-09-25T14:46:56.353+0000] {processor.py:650} INFO - DAG(s) dict_keys(['example_short_circuit_operator']) retrieved from /home/airflow/.local/lib/python3.7/site-packages/airflow/example_dags/example_short_circuit_operator.py
[2022-09-25T14:46:56.399+0000] {logging_mixin.py:115} INFO - [2022-09-25T14:46:56.399+0000] {dag.py:2429} INFO - Sync 1 DAGs
[2022-09-25T14:46:56.433+0000] {logging_mixin.py:115} INFO - [2022-09-25T14:46:56.433+0000] {dag.py:2981} INFO - Setting next_dagrun for example_short_circuit_operator to 2022-09-24T14:46:56.432826+00:00, run_after=2022-09-25T14:46:56.432826+00:00
[2022-09-25T14:46:56.452+0000] {processor.py:161} INFO - Processing /home/airflow/.local/lib/python3.7/site-packages/airflow/example_dags/example_short_circuit_operator.py took 0.128 seconds
[2022-09-25T14:47:26.861+0000] {processor.py:153} INFO - Started process (PID=10537) to work on /home/airflow/.local/lib/python3.7/site-packages/airflow/example_dags/example_short_circuit_operator.py
[2022-09-25T14:47:26.863+0000] {processor.py:640} INFO - Processing file /home/airflow/.local/lib/python3.7/site-packages/airflow/example_dags/example_short_circuit_operator.py for tasks to queue
[2022-09-25T14:47:26.865+0000] {logging_mixin.py:115} INFO - [2022-09-25T14:47:26.865+0000] {dagbag.py:508} INFO - Filling up the DagBag from /home/airflow/.local/lib/python3.7/site-packages/airflow/example_dags/example_short_circuit_operator.py
[2022-09-25T14:47:26.881+0000] {processor.py:650} INFO - DAG(s) dict_keys(['example_short_circuit_operator']) retrieved from /home/airflow/.local/lib/python3.7/site-packages/airflow/example_dags/example_short_circuit_operator.py
[2022-09-25T14:47:26.925+0000] {logging_mixin.py:115} INFO - [2022-09-25T14:47:26.925+0000] {dag.py:2429} INFO - Sync 1 DAGs
[2022-09-25T14:47:26.962+0000] {logging_mixin.py:115} INFO - [2022-09-25T14:47:26.962+0000] {dag.py:2981} INFO - Setting next_dagrun for example_short_circuit_operator to 2022-09-24T14:47:26.962395+00:00, run_after=2022-09-25T14:47:26.962395+00:00
[2022-09-25T14:47:26.989+0000] {processor.py:161} INFO - Processing /home/airflow/.local/lib/python3.7/site-packages/airflow/example_dags/example_short_circuit_operator.py took 0.134 seconds
[2022-09-25T14:47:57.223+0000] {processor.py:153} INFO - Started process (PID=10744) to work on /home/airflow/.local/lib/python3.7/site-packages/airflow/example_dags/example_short_circuit_operator.py
[2022-09-25T14:47:57.228+0000] {processor.py:640} INFO - Processing file /home/airflow/.local/lib/python3.7/site-packages/airflow/example_dags/example_short_circuit_operator.py for tasks to queue
[2022-09-25T14:47:57.230+0000] {logging_mixin.py:115} INFO - [2022-09-25T14:47:57.229+0000] {dagbag.py:508} INFO - Filling up the DagBag from /home/airflow/.local/lib/python3.7/site-packages/airflow/example_dags/example_short_circuit_operator.py
[2022-09-25T14:47:57.244+0000] {processor.py:650} INFO - DAG(s) dict_keys(['example_short_circuit_operator']) retrieved from /home/airflow/.local/lib/python3.7/site-packages/airflow/example_dags/example_short_circuit_operator.py
[2022-09-25T14:47:57.288+0000] {logging_mixin.py:115} INFO - [2022-09-25T14:47:57.288+0000] {dag.py:2429} INFO - Sync 1 DAGs
[2022-09-25T14:47:57.329+0000] {logging_mixin.py:115} INFO - [2022-09-25T14:47:57.328+0000] {dag.py:2981} INFO - Setting next_dagrun for example_short_circuit_operator to 2022-09-24T14:47:57.328268+00:00, run_after=2022-09-25T14:47:57.328268+00:00
[2022-09-25T14:47:57.349+0000] {processor.py:161} INFO - Processing /home/airflow/.local/lib/python3.7/site-packages/airflow/example_dags/example_short_circuit_operator.py took 0.131 seconds
[2022-09-25T14:48:27.745+0000] {processor.py:153} INFO - Started process (PID=10950) to work on /home/airflow/.local/lib/python3.7/site-packages/airflow/example_dags/example_short_circuit_operator.py
[2022-09-25T14:48:27.753+0000] {processor.py:640} INFO - Processing file /home/airflow/.local/lib/python3.7/site-packages/airflow/example_dags/example_short_circuit_operator.py for tasks to queue
[2022-09-25T14:48:27.755+0000] {logging_mixin.py:115} INFO - [2022-09-25T14:48:27.755+0000] {dagbag.py:508} INFO - Filling up the DagBag from /home/airflow/.local/lib/python3.7/site-packages/airflow/example_dags/example_short_circuit_operator.py
[2022-09-25T14:48:27.775+0000] {processor.py:650} INFO - DAG(s) dict_keys(['example_short_circuit_operator']) retrieved from /home/airflow/.local/lib/python3.7/site-packages/airflow/example_dags/example_short_circuit_operator.py
[2022-09-25T14:48:27.819+0000] {logging_mixin.py:115} INFO - [2022-09-25T14:48:27.819+0000] {dag.py:2429} INFO - Sync 1 DAGs
[2022-09-25T14:48:27.866+0000] {logging_mixin.py:115} INFO - [2022-09-25T14:48:27.866+0000] {dag.py:2981} INFO - Setting next_dagrun for example_short_circuit_operator to 2022-09-24T14:48:27.865341+00:00, run_after=2022-09-25T14:48:27.865341+00:00
[2022-09-25T14:48:27.904+0000] {processor.py:161} INFO - Processing /home/airflow/.local/lib/python3.7/site-packages/airflow/example_dags/example_short_circuit_operator.py took 0.164 seconds
[2022-09-25T14:48:58.044+0000] {processor.py:153} INFO - Started process (PID=11164) to work on /home/airflow/.local/lib/python3.7/site-packages/airflow/example_dags/example_short_circuit_operator.py
[2022-09-25T14:48:58.052+0000] {processor.py:640} INFO - Processing file /home/airflow/.local/lib/python3.7/site-packages/airflow/example_dags/example_short_circuit_operator.py for tasks to queue
[2022-09-25T14:48:58.054+0000] {logging_mixin.py:115} INFO - [2022-09-25T14:48:58.053+0000] {dagbag.py:508} INFO - Filling up the DagBag from /home/airflow/.local/lib/python3.7/site-packages/airflow/example_dags/example_short_circuit_operator.py
[2022-09-25T14:48:58.068+0000] {processor.py:650} INFO - DAG(s) dict_keys(['example_short_circuit_operator']) retrieved from /home/airflow/.local/lib/python3.7/site-packages/airflow/example_dags/example_short_circuit_operator.py
[2022-09-25T14:48:58.109+0000] {logging_mixin.py:115} INFO - [2022-09-25T14:48:58.109+0000] {dag.py:2429} INFO - Sync 1 DAGs
[2022-09-25T14:48:58.143+0000] {logging_mixin.py:115} INFO - [2022-09-25T14:48:58.143+0000] {dag.py:2981} INFO - Setting next_dagrun for example_short_circuit_operator to 2022-09-24T14:48:58.142768+00:00, run_after=2022-09-25T14:48:58.142768+00:00
[2022-09-25T14:48:58.164+0000] {processor.py:161} INFO - Processing /home/airflow/.local/lib/python3.7/site-packages/airflow/example_dags/example_short_circuit_operator.py took 0.125 seconds
[2022-09-25T14:49:28.592+0000] {processor.py:153} INFO - Started process (PID=11375) to work on /home/airflow/.local/lib/python3.7/site-packages/airflow/example_dags/example_short_circuit_operator.py
[2022-09-25T14:49:28.595+0000] {processor.py:640} INFO - Processing file /home/airflow/.local/lib/python3.7/site-packages/airflow/example_dags/example_short_circuit_operator.py for tasks to queue
[2022-09-25T14:49:28.598+0000] {logging_mixin.py:115} INFO - [2022-09-25T14:49:28.598+0000] {dagbag.py:508} INFO - Filling up the DagBag from /home/airflow/.local/lib/python3.7/site-packages/airflow/example_dags/example_short_circuit_operator.py
[2022-09-25T14:49:28.628+0000] {processor.py:650} INFO - DAG(s) dict_keys(['example_short_circuit_operator']) retrieved from /home/airflow/.local/lib/python3.7/site-packages/airflow/example_dags/example_short_circuit_operator.py
[2022-09-25T14:49:28.702+0000] {logging_mixin.py:115} INFO - [2022-09-25T14:49:28.701+0000] {dag.py:2429} INFO - Sync 1 DAGs
[2022-09-25T14:49:28.757+0000] {logging_mixin.py:115} INFO - [2022-09-25T14:49:28.757+0000] {dag.py:2981} INFO - Setting next_dagrun for example_short_circuit_operator to 2022-09-24T14:49:28.757040+00:00, run_after=2022-09-25T14:49:28.757040+00:00
[2022-09-25T14:49:28.788+0000] {processor.py:161} INFO - Processing /home/airflow/.local/lib/python3.7/site-packages/airflow/example_dags/example_short_circuit_operator.py took 0.204 seconds
[2022-09-25T14:49:58.914+0000] {processor.py:153} INFO - Started process (PID=11589) to work on /home/airflow/.local/lib/python3.7/site-packages/airflow/example_dags/example_short_circuit_operator.py
[2022-09-25T14:49:58.916+0000] {processor.py:640} INFO - Processing file /home/airflow/.local/lib/python3.7/site-packages/airflow/example_dags/example_short_circuit_operator.py for tasks to queue
[2022-09-25T14:49:58.921+0000] {logging_mixin.py:115} INFO - [2022-09-25T14:49:58.921+0000] {dagbag.py:508} INFO - Filling up the DagBag from /home/airflow/.local/lib/python3.7/site-packages/airflow/example_dags/example_short_circuit_operator.py
[2022-09-25T14:49:58.938+0000] {processor.py:650} INFO - DAG(s) dict_keys(['example_short_circuit_operator']) retrieved from /home/airflow/.local/lib/python3.7/site-packages/airflow/example_dags/example_short_circuit_operator.py
[2022-09-25T14:49:58.993+0000] {logging_mixin.py:115} INFO - [2022-09-25T14:49:58.993+0000] {dag.py:2429} INFO - Sync 1 DAGs
[2022-09-25T14:49:59.038+0000] {logging_mixin.py:115} INFO - [2022-09-25T14:49:59.038+0000] {dag.py:2981} INFO - Setting next_dagrun for example_short_circuit_operator to 2022-09-24T14:49:59.038021+00:00, run_after=2022-09-25T14:49:59.038021+00:00
[2022-09-25T14:49:59.067+0000] {processor.py:161} INFO - Processing /home/airflow/.local/lib/python3.7/site-packages/airflow/example_dags/example_short_circuit_operator.py took 0.160 seconds
[2022-09-25T14:50:29.230+0000] {processor.py:153} INFO - Started process (PID=11795) to work on /home/airflow/.local/lib/python3.7/site-packages/airflow/example_dags/example_short_circuit_operator.py
[2022-09-25T14:50:29.237+0000] {processor.py:640} INFO - Processing file /home/airflow/.local/lib/python3.7/site-packages/airflow/example_dags/example_short_circuit_operator.py for tasks to queue
[2022-09-25T14:50:29.239+0000] {logging_mixin.py:115} INFO - [2022-09-25T14:50:29.239+0000] {dagbag.py:508} INFO - Filling up the DagBag from /home/airflow/.local/lib/python3.7/site-packages/airflow/example_dags/example_short_circuit_operator.py
[2022-09-25T14:50:29.262+0000] {processor.py:650} INFO - DAG(s) dict_keys(['example_short_circuit_operator']) retrieved from /home/airflow/.local/lib/python3.7/site-packages/airflow/example_dags/example_short_circuit_operator.py
[2022-09-25T14:50:29.325+0000] {logging_mixin.py:115} INFO - [2022-09-25T14:50:29.325+0000] {dag.py:2429} INFO - Sync 1 DAGs
[2022-09-25T14:50:29.360+0000] {logging_mixin.py:115} INFO - [2022-09-25T14:50:29.360+0000] {dag.py:2981} INFO - Setting next_dagrun for example_short_circuit_operator to 2022-09-24T14:50:29.360024+00:00, run_after=2022-09-25T14:50:29.360024+00:00
[2022-09-25T14:50:29.389+0000] {processor.py:161} INFO - Processing /home/airflow/.local/lib/python3.7/site-packages/airflow/example_dags/example_short_circuit_operator.py took 0.164 seconds
[2022-09-25T14:51:00.151+0000] {processor.py:153} INFO - Started process (PID=12010) to work on /home/airflow/.local/lib/python3.7/site-packages/airflow/example_dags/example_short_circuit_operator.py
[2022-09-25T14:51:00.154+0000] {processor.py:640} INFO - Processing file /home/airflow/.local/lib/python3.7/site-packages/airflow/example_dags/example_short_circuit_operator.py for tasks to queue
[2022-09-25T14:51:00.159+0000] {logging_mixin.py:115} INFO - [2022-09-25T14:51:00.158+0000] {dagbag.py:508} INFO - Filling up the DagBag from /home/airflow/.local/lib/python3.7/site-packages/airflow/example_dags/example_short_circuit_operator.py
[2022-09-25T14:51:00.175+0000] {processor.py:650} INFO - DAG(s) dict_keys(['example_short_circuit_operator']) retrieved from /home/airflow/.local/lib/python3.7/site-packages/airflow/example_dags/example_short_circuit_operator.py
[2022-09-25T14:51:00.226+0000] {logging_mixin.py:115} INFO - [2022-09-25T14:51:00.226+0000] {dag.py:2429} INFO - Sync 1 DAGs
[2022-09-25T14:51:00.261+0000] {logging_mixin.py:115} INFO - [2022-09-25T14:51:00.261+0000] {dag.py:2981} INFO - Setting next_dagrun for example_short_circuit_operator to 2022-09-24T14:51:00.260804+00:00, run_after=2022-09-25T14:51:00.260804+00:00
[2022-09-25T14:51:00.281+0000] {processor.py:161} INFO - Processing /home/airflow/.local/lib/python3.7/site-packages/airflow/example_dags/example_short_circuit_operator.py took 0.138 seconds
[2022-09-25T14:51:30.483+0000] {processor.py:153} INFO - Started process (PID=12215) to work on /home/airflow/.local/lib/python3.7/site-packages/airflow/example_dags/example_short_circuit_operator.py
[2022-09-25T14:51:30.487+0000] {processor.py:640} INFO - Processing file /home/airflow/.local/lib/python3.7/site-packages/airflow/example_dags/example_short_circuit_operator.py for tasks to queue
[2022-09-25T14:51:30.489+0000] {logging_mixin.py:115} INFO - [2022-09-25T14:51:30.489+0000] {dagbag.py:508} INFO - Filling up the DagBag from /home/airflow/.local/lib/python3.7/site-packages/airflow/example_dags/example_short_circuit_operator.py
[2022-09-25T14:51:30.509+0000] {processor.py:650} INFO - DAG(s) dict_keys(['example_short_circuit_operator']) retrieved from /home/airflow/.local/lib/python3.7/site-packages/airflow/example_dags/example_short_circuit_operator.py
[2022-09-25T14:51:30.557+0000] {logging_mixin.py:115} INFO - [2022-09-25T14:51:30.557+0000] {dag.py:2429} INFO - Sync 1 DAGs
[2022-09-25T14:51:30.590+0000] {logging_mixin.py:115} INFO - [2022-09-25T14:51:30.590+0000] {dag.py:2981} INFO - Setting next_dagrun for example_short_circuit_operator to 2022-09-24T14:51:30.589818+00:00, run_after=2022-09-25T14:51:30.589818+00:00
[2022-09-25T14:51:30.611+0000] {processor.py:161} INFO - Processing /home/airflow/.local/lib/python3.7/site-packages/airflow/example_dags/example_short_circuit_operator.py took 0.133 seconds
[2022-09-25T14:52:00.850+0000] {processor.py:153} INFO - Started process (PID=12429) to work on /home/airflow/.local/lib/python3.7/site-packages/airflow/example_dags/example_short_circuit_operator.py
[2022-09-25T14:52:00.858+0000] {processor.py:640} INFO - Processing file /home/airflow/.local/lib/python3.7/site-packages/airflow/example_dags/example_short_circuit_operator.py for tasks to queue
[2022-09-25T14:52:00.860+0000] {logging_mixin.py:115} INFO - [2022-09-25T14:52:00.860+0000] {dagbag.py:508} INFO - Filling up the DagBag from /home/airflow/.local/lib/python3.7/site-packages/airflow/example_dags/example_short_circuit_operator.py
[2022-09-25T14:52:00.875+0000] {processor.py:650} INFO - DAG(s) dict_keys(['example_short_circuit_operator']) retrieved from /home/airflow/.local/lib/python3.7/site-packages/airflow/example_dags/example_short_circuit_operator.py
[2022-09-25T14:52:00.930+0000] {logging_mixin.py:115} INFO - [2022-09-25T14:52:00.929+0000] {dag.py:2429} INFO - Sync 1 DAGs
[2022-09-25T14:52:00.964+0000] {logging_mixin.py:115} INFO - [2022-09-25T14:52:00.964+0000] {dag.py:2981} INFO - Setting next_dagrun for example_short_circuit_operator to 2022-09-24T14:52:00.963654+00:00, run_after=2022-09-25T14:52:00.963654+00:00
[2022-09-25T14:52:00.982+0000] {processor.py:161} INFO - Processing /home/airflow/.local/lib/python3.7/site-packages/airflow/example_dags/example_short_circuit_operator.py took 0.138 seconds
