[2022-09-25T14:22:25.538+0000] {processor.py:153} INFO - Started process (PID=357) to work on /home/airflow/.local/lib/python3.7/site-packages/airflow/example_dags/example_trigger_target_dag.py
[2022-09-25T14:22:25.575+0000] {processor.py:640} INFO - Processing file /home/airflow/.local/lib/python3.7/site-packages/airflow/example_dags/example_trigger_target_dag.py for tasks to queue
[2022-09-25T14:22:25.671+0000] {logging_mixin.py:115} INFO - [2022-09-25T14:22:25.655+0000] {dagbag.py:508} INFO - Filling up the DagBag from /home/airflow/.local/lib/python3.7/site-packages/airflow/example_dags/example_trigger_target_dag.py
[2022-09-25T14:22:26.743+0000] {processor.py:650} INFO - DAG(s) dict_keys(['example_trigger_target_dag']) retrieved from /home/airflow/.local/lib/python3.7/site-packages/airflow/example_dags/example_trigger_target_dag.py
[2022-09-25T14:22:26.930+0000] {logging_mixin.py:115} INFO - [2022-09-25T14:22:26.930+0000] {dag.py:2429} INFO - Sync 1 DAGs
[2022-09-25T14:22:27.067+0000] {logging_mixin.py:115} INFO - [2022-09-25T14:22:27.067+0000] {dag.py:2981} INFO - Setting next_dagrun for example_trigger_target_dag to None, run_after=None
[2022-09-25T14:22:27.182+0000] {processor.py:161} INFO - Processing /home/airflow/.local/lib/python3.7/site-packages/airflow/example_dags/example_trigger_target_dag.py took 1.766 seconds
[2022-09-25T14:22:57.832+0000] {processor.py:153} INFO - Started process (PID=563) to work on /home/airflow/.local/lib/python3.7/site-packages/airflow/example_dags/example_trigger_target_dag.py
[2022-09-25T14:22:57.837+0000] {processor.py:640} INFO - Processing file /home/airflow/.local/lib/python3.7/site-packages/airflow/example_dags/example_trigger_target_dag.py for tasks to queue
[2022-09-25T14:22:57.841+0000] {logging_mixin.py:115} INFO - [2022-09-25T14:22:57.841+0000] {dagbag.py:508} INFO - Filling up the DagBag from /home/airflow/.local/lib/python3.7/site-packages/airflow/example_dags/example_trigger_target_dag.py
[2022-09-25T14:22:57.913+0000] {processor.py:650} INFO - DAG(s) dict_keys(['example_trigger_target_dag']) retrieved from /home/airflow/.local/lib/python3.7/site-packages/airflow/example_dags/example_trigger_target_dag.py
[2022-09-25T14:22:57.979+0000] {logging_mixin.py:115} INFO - [2022-09-25T14:22:57.978+0000] {dag.py:2429} INFO - Sync 1 DAGs
[2022-09-25T14:22:58.039+0000] {logging_mixin.py:115} INFO - [2022-09-25T14:22:58.038+0000] {dag.py:2981} INFO - Setting next_dagrun for example_trigger_target_dag to None, run_after=None
[2022-09-25T14:22:58.073+0000] {processor.py:161} INFO - Processing /home/airflow/.local/lib/python3.7/site-packages/airflow/example_dags/example_trigger_target_dag.py took 0.249 seconds
[2022-09-25T14:23:28.168+0000] {processor.py:153} INFO - Started process (PID=768) to work on /home/airflow/.local/lib/python3.7/site-packages/airflow/example_dags/example_trigger_target_dag.py
[2022-09-25T14:23:28.170+0000] {processor.py:640} INFO - Processing file /home/airflow/.local/lib/python3.7/site-packages/airflow/example_dags/example_trigger_target_dag.py for tasks to queue
[2022-09-25T14:23:28.173+0000] {logging_mixin.py:115} INFO - [2022-09-25T14:23:28.172+0000] {dagbag.py:508} INFO - Filling up the DagBag from /home/airflow/.local/lib/python3.7/site-packages/airflow/example_dags/example_trigger_target_dag.py
[2022-09-25T14:23:28.210+0000] {processor.py:650} INFO - DAG(s) dict_keys(['example_trigger_target_dag']) retrieved from /home/airflow/.local/lib/python3.7/site-packages/airflow/example_dags/example_trigger_target_dag.py
[2022-09-25T14:23:28.257+0000] {logging_mixin.py:115} INFO - [2022-09-25T14:23:28.257+0000] {dag.py:2429} INFO - Sync 1 DAGs
[2022-09-25T14:23:28.303+0000] {logging_mixin.py:115} INFO - [2022-09-25T14:23:28.303+0000] {dag.py:2981} INFO - Setting next_dagrun for example_trigger_target_dag to None, run_after=None
[2022-09-25T14:23:28.327+0000] {processor.py:161} INFO - Processing /home/airflow/.local/lib/python3.7/site-packages/airflow/example_dags/example_trigger_target_dag.py took 0.164 seconds
[2022-09-25T14:23:58.466+0000] {processor.py:153} INFO - Started process (PID=973) to work on /home/airflow/.local/lib/python3.7/site-packages/airflow/example_dags/example_trigger_target_dag.py
[2022-09-25T14:23:58.471+0000] {processor.py:640} INFO - Processing file /home/airflow/.local/lib/python3.7/site-packages/airflow/example_dags/example_trigger_target_dag.py for tasks to queue
[2022-09-25T14:23:58.473+0000] {logging_mixin.py:115} INFO - [2022-09-25T14:23:58.473+0000] {dagbag.py:508} INFO - Filling up the DagBag from /home/airflow/.local/lib/python3.7/site-packages/airflow/example_dags/example_trigger_target_dag.py
[2022-09-25T14:23:58.502+0000] {processor.py:650} INFO - DAG(s) dict_keys(['example_trigger_target_dag']) retrieved from /home/airflow/.local/lib/python3.7/site-packages/airflow/example_dags/example_trigger_target_dag.py
[2022-09-25T14:23:58.540+0000] {logging_mixin.py:115} INFO - [2022-09-25T14:23:58.540+0000] {dag.py:2429} INFO - Sync 1 DAGs
[2022-09-25T14:23:58.572+0000] {logging_mixin.py:115} INFO - [2022-09-25T14:23:58.572+0000] {dag.py:2981} INFO - Setting next_dagrun for example_trigger_target_dag to None, run_after=None
[2022-09-25T14:23:58.590+0000] {processor.py:161} INFO - Processing /home/airflow/.local/lib/python3.7/site-packages/airflow/example_dags/example_trigger_target_dag.py took 0.129 seconds
[2022-09-25T14:24:28.652+0000] {processor.py:153} INFO - Started process (PID=1188) to work on /home/airflow/.local/lib/python3.7/site-packages/airflow/example_dags/example_trigger_target_dag.py
[2022-09-25T14:24:28.655+0000] {processor.py:640} INFO - Processing file /home/airflow/.local/lib/python3.7/site-packages/airflow/example_dags/example_trigger_target_dag.py for tasks to queue
[2022-09-25T14:24:28.657+0000] {logging_mixin.py:115} INFO - [2022-09-25T14:24:28.657+0000] {dagbag.py:508} INFO - Filling up the DagBag from /home/airflow/.local/lib/python3.7/site-packages/airflow/example_dags/example_trigger_target_dag.py
[2022-09-25T14:24:28.686+0000] {processor.py:650} INFO - DAG(s) dict_keys(['example_trigger_target_dag']) retrieved from /home/airflow/.local/lib/python3.7/site-packages/airflow/example_dags/example_trigger_target_dag.py
[2022-09-25T14:24:28.724+0000] {logging_mixin.py:115} INFO - [2022-09-25T14:24:28.724+0000] {dag.py:2429} INFO - Sync 1 DAGs
[2022-09-25T14:24:28.758+0000] {logging_mixin.py:115} INFO - [2022-09-25T14:24:28.757+0000] {dag.py:2981} INFO - Setting next_dagrun for example_trigger_target_dag to None, run_after=None
[2022-09-25T14:24:28.784+0000] {processor.py:161} INFO - Processing /home/airflow/.local/lib/python3.7/site-packages/airflow/example_dags/example_trigger_target_dag.py took 0.137 seconds
[2022-09-25T14:24:58.951+0000] {processor.py:153} INFO - Started process (PID=1393) to work on /home/airflow/.local/lib/python3.7/site-packages/airflow/example_dags/example_trigger_target_dag.py
[2022-09-25T14:24:58.956+0000] {processor.py:640} INFO - Processing file /home/airflow/.local/lib/python3.7/site-packages/airflow/example_dags/example_trigger_target_dag.py for tasks to queue
[2022-09-25T14:24:58.958+0000] {logging_mixin.py:115} INFO - [2022-09-25T14:24:58.958+0000] {dagbag.py:508} INFO - Filling up the DagBag from /home/airflow/.local/lib/python3.7/site-packages/airflow/example_dags/example_trigger_target_dag.py
[2022-09-25T14:24:58.988+0000] {processor.py:650} INFO - DAG(s) dict_keys(['example_trigger_target_dag']) retrieved from /home/airflow/.local/lib/python3.7/site-packages/airflow/example_dags/example_trigger_target_dag.py
[2022-09-25T14:24:59.031+0000] {logging_mixin.py:115} INFO - [2022-09-25T14:24:59.031+0000] {dag.py:2429} INFO - Sync 1 DAGs
[2022-09-25T14:24:59.069+0000] {logging_mixin.py:115} INFO - [2022-09-25T14:24:59.068+0000] {dag.py:2981} INFO - Setting next_dagrun for example_trigger_target_dag to None, run_after=None
[2022-09-25T14:24:59.091+0000] {processor.py:161} INFO - Processing /home/airflow/.local/lib/python3.7/site-packages/airflow/example_dags/example_trigger_target_dag.py took 0.145 seconds
[2022-09-25T14:25:29.742+0000] {processor.py:153} INFO - Started process (PID=1607) to work on /home/airflow/.local/lib/python3.7/site-packages/airflow/example_dags/example_trigger_target_dag.py
[2022-09-25T14:25:29.745+0000] {processor.py:640} INFO - Processing file /home/airflow/.local/lib/python3.7/site-packages/airflow/example_dags/example_trigger_target_dag.py for tasks to queue
[2022-09-25T14:25:29.747+0000] {logging_mixin.py:115} INFO - [2022-09-25T14:25:29.747+0000] {dagbag.py:508} INFO - Filling up the DagBag from /home/airflow/.local/lib/python3.7/site-packages/airflow/example_dags/example_trigger_target_dag.py
[2022-09-25T14:25:29.778+0000] {processor.py:650} INFO - DAG(s) dict_keys(['example_trigger_target_dag']) retrieved from /home/airflow/.local/lib/python3.7/site-packages/airflow/example_dags/example_trigger_target_dag.py
[2022-09-25T14:25:29.817+0000] {logging_mixin.py:115} INFO - [2022-09-25T14:25:29.816+0000] {dag.py:2429} INFO - Sync 1 DAGs
[2022-09-25T14:25:29.852+0000] {logging_mixin.py:115} INFO - [2022-09-25T14:25:29.852+0000] {dag.py:2981} INFO - Setting next_dagrun for example_trigger_target_dag to None, run_after=None
[2022-09-25T14:25:29.878+0000] {processor.py:161} INFO - Processing /home/airflow/.local/lib/python3.7/site-packages/airflow/example_dags/example_trigger_target_dag.py took 0.141 seconds
[2022-09-25T14:26:00.103+0000] {processor.py:153} INFO - Started process (PID=1813) to work on /home/airflow/.local/lib/python3.7/site-packages/airflow/example_dags/example_trigger_target_dag.py
[2022-09-25T14:26:00.106+0000] {processor.py:640} INFO - Processing file /home/airflow/.local/lib/python3.7/site-packages/airflow/example_dags/example_trigger_target_dag.py for tasks to queue
[2022-09-25T14:26:00.110+0000] {logging_mixin.py:115} INFO - [2022-09-25T14:26:00.109+0000] {dagbag.py:508} INFO - Filling up the DagBag from /home/airflow/.local/lib/python3.7/site-packages/airflow/example_dags/example_trigger_target_dag.py
[2022-09-25T14:26:00.190+0000] {processor.py:650} INFO - DAG(s) dict_keys(['example_trigger_target_dag']) retrieved from /home/airflow/.local/lib/python3.7/site-packages/airflow/example_dags/example_trigger_target_dag.py
[2022-09-25T14:26:00.236+0000] {logging_mixin.py:115} INFO - [2022-09-25T14:26:00.236+0000] {dag.py:2429} INFO - Sync 1 DAGs
[2022-09-25T14:26:00.291+0000] {logging_mixin.py:115} INFO - [2022-09-25T14:26:00.291+0000] {dag.py:2981} INFO - Setting next_dagrun for example_trigger_target_dag to None, run_after=None
[2022-09-25T14:26:00.311+0000] {processor.py:161} INFO - Processing /home/airflow/.local/lib/python3.7/site-packages/airflow/example_dags/example_trigger_target_dag.py took 0.216 seconds
[2022-09-25T14:26:30.959+0000] {processor.py:153} INFO - Started process (PID=2025) to work on /home/airflow/.local/lib/python3.7/site-packages/airflow/example_dags/example_trigger_target_dag.py
[2022-09-25T14:26:30.961+0000] {processor.py:640} INFO - Processing file /home/airflow/.local/lib/python3.7/site-packages/airflow/example_dags/example_trigger_target_dag.py for tasks to queue
[2022-09-25T14:26:30.963+0000] {logging_mixin.py:115} INFO - [2022-09-25T14:26:30.962+0000] {dagbag.py:508} INFO - Filling up the DagBag from /home/airflow/.local/lib/python3.7/site-packages/airflow/example_dags/example_trigger_target_dag.py
[2022-09-25T14:26:30.993+0000] {processor.py:650} INFO - DAG(s) dict_keys(['example_trigger_target_dag']) retrieved from /home/airflow/.local/lib/python3.7/site-packages/airflow/example_dags/example_trigger_target_dag.py
[2022-09-25T14:26:31.042+0000] {logging_mixin.py:115} INFO - [2022-09-25T14:26:31.042+0000] {dag.py:2429} INFO - Sync 1 DAGs
[2022-09-25T14:26:31.087+0000] {logging_mixin.py:115} INFO - [2022-09-25T14:26:31.087+0000] {dag.py:2981} INFO - Setting next_dagrun for example_trigger_target_dag to None, run_after=None
[2022-09-25T14:26:31.107+0000] {processor.py:161} INFO - Processing /home/airflow/.local/lib/python3.7/site-packages/airflow/example_dags/example_trigger_target_dag.py took 0.154 seconds
[2022-09-25T14:27:01.320+0000] {processor.py:153} INFO - Started process (PID=2231) to work on /home/airflow/.local/lib/python3.7/site-packages/airflow/example_dags/example_trigger_target_dag.py
[2022-09-25T14:27:01.329+0000] {processor.py:640} INFO - Processing file /home/airflow/.local/lib/python3.7/site-packages/airflow/example_dags/example_trigger_target_dag.py for tasks to queue
[2022-09-25T14:27:01.331+0000] {logging_mixin.py:115} INFO - [2022-09-25T14:27:01.331+0000] {dagbag.py:508} INFO - Filling up the DagBag from /home/airflow/.local/lib/python3.7/site-packages/airflow/example_dags/example_trigger_target_dag.py
[2022-09-25T14:27:01.364+0000] {processor.py:650} INFO - DAG(s) dict_keys(['example_trigger_target_dag']) retrieved from /home/airflow/.local/lib/python3.7/site-packages/airflow/example_dags/example_trigger_target_dag.py
[2022-09-25T14:27:01.406+0000] {logging_mixin.py:115} INFO - [2022-09-25T14:27:01.406+0000] {dag.py:2429} INFO - Sync 1 DAGs
[2022-09-25T14:27:01.442+0000] {logging_mixin.py:115} INFO - [2022-09-25T14:27:01.441+0000] {dag.py:2981} INFO - Setting next_dagrun for example_trigger_target_dag to None, run_after=None
[2022-09-25T14:27:01.466+0000] {processor.py:161} INFO - Processing /home/airflow/.local/lib/python3.7/site-packages/airflow/example_dags/example_trigger_target_dag.py took 0.152 seconds
[2022-09-25T14:27:31.643+0000] {processor.py:153} INFO - Started process (PID=2444) to work on /home/airflow/.local/lib/python3.7/site-packages/airflow/example_dags/example_trigger_target_dag.py
[2022-09-25T14:27:31.645+0000] {processor.py:640} INFO - Processing file /home/airflow/.local/lib/python3.7/site-packages/airflow/example_dags/example_trigger_target_dag.py for tasks to queue
[2022-09-25T14:27:31.647+0000] {logging_mixin.py:115} INFO - [2022-09-25T14:27:31.647+0000] {dagbag.py:508} INFO - Filling up the DagBag from /home/airflow/.local/lib/python3.7/site-packages/airflow/example_dags/example_trigger_target_dag.py
[2022-09-25T14:27:31.677+0000] {processor.py:650} INFO - DAG(s) dict_keys(['example_trigger_target_dag']) retrieved from /home/airflow/.local/lib/python3.7/site-packages/airflow/example_dags/example_trigger_target_dag.py
[2022-09-25T14:27:31.720+0000] {logging_mixin.py:115} INFO - [2022-09-25T14:27:31.720+0000] {dag.py:2429} INFO - Sync 1 DAGs
[2022-09-25T14:27:31.766+0000] {logging_mixin.py:115} INFO - [2022-09-25T14:27:31.766+0000] {dag.py:2981} INFO - Setting next_dagrun for example_trigger_target_dag to None, run_after=None
[2022-09-25T14:27:31.800+0000] {processor.py:161} INFO - Processing /home/airflow/.local/lib/python3.7/site-packages/airflow/example_dags/example_trigger_target_dag.py took 0.164 seconds
[2022-09-25T14:28:02.159+0000] {processor.py:153} INFO - Started process (PID=2648) to work on /home/airflow/.local/lib/python3.7/site-packages/airflow/example_dags/example_trigger_target_dag.py
[2022-09-25T14:28:02.162+0000] {processor.py:640} INFO - Processing file /home/airflow/.local/lib/python3.7/site-packages/airflow/example_dags/example_trigger_target_dag.py for tasks to queue
[2022-09-25T14:28:02.164+0000] {logging_mixin.py:115} INFO - [2022-09-25T14:28:02.164+0000] {dagbag.py:508} INFO - Filling up the DagBag from /home/airflow/.local/lib/python3.7/site-packages/airflow/example_dags/example_trigger_target_dag.py
[2022-09-25T14:28:02.199+0000] {processor.py:650} INFO - DAG(s) dict_keys(['example_trigger_target_dag']) retrieved from /home/airflow/.local/lib/python3.7/site-packages/airflow/example_dags/example_trigger_target_dag.py
[2022-09-25T14:28:02.241+0000] {logging_mixin.py:115} INFO - [2022-09-25T14:28:02.241+0000] {dag.py:2429} INFO - Sync 1 DAGs
[2022-09-25T14:28:02.278+0000] {logging_mixin.py:115} INFO - [2022-09-25T14:28:02.278+0000] {dag.py:2981} INFO - Setting next_dagrun for example_trigger_target_dag to None, run_after=None
[2022-09-25T14:28:02.312+0000] {processor.py:161} INFO - Processing /home/airflow/.local/lib/python3.7/site-packages/airflow/example_dags/example_trigger_target_dag.py took 0.158 seconds
[2022-09-25T14:28:33.207+0000] {processor.py:153} INFO - Started process (PID=2862) to work on /home/airflow/.local/lib/python3.7/site-packages/airflow/example_dags/example_trigger_target_dag.py
[2022-09-25T14:28:33.210+0000] {processor.py:640} INFO - Processing file /home/airflow/.local/lib/python3.7/site-packages/airflow/example_dags/example_trigger_target_dag.py for tasks to queue
[2022-09-25T14:28:33.212+0000] {logging_mixin.py:115} INFO - [2022-09-25T14:28:33.212+0000] {dagbag.py:508} INFO - Filling up the DagBag from /home/airflow/.local/lib/python3.7/site-packages/airflow/example_dags/example_trigger_target_dag.py
[2022-09-25T14:28:33.246+0000] {processor.py:650} INFO - DAG(s) dict_keys(['example_trigger_target_dag']) retrieved from /home/airflow/.local/lib/python3.7/site-packages/airflow/example_dags/example_trigger_target_dag.py
[2022-09-25T14:28:33.284+0000] {logging_mixin.py:115} INFO - [2022-09-25T14:28:33.284+0000] {dag.py:2429} INFO - Sync 1 DAGs
[2022-09-25T14:28:33.316+0000] {logging_mixin.py:115} INFO - [2022-09-25T14:28:33.316+0000] {dag.py:2981} INFO - Setting next_dagrun for example_trigger_target_dag to None, run_after=None
[2022-09-25T14:28:33.336+0000] {processor.py:161} INFO - Processing /home/airflow/.local/lib/python3.7/site-packages/airflow/example_dags/example_trigger_target_dag.py took 0.134 seconds
[2022-09-25T14:29:03.643+0000] {processor.py:153} INFO - Started process (PID=3069) to work on /home/airflow/.local/lib/python3.7/site-packages/airflow/example_dags/example_trigger_target_dag.py
[2022-09-25T14:29:03.645+0000] {processor.py:640} INFO - Processing file /home/airflow/.local/lib/python3.7/site-packages/airflow/example_dags/example_trigger_target_dag.py for tasks to queue
[2022-09-25T14:29:03.648+0000] {logging_mixin.py:115} INFO - [2022-09-25T14:29:03.648+0000] {dagbag.py:508} INFO - Filling up the DagBag from /home/airflow/.local/lib/python3.7/site-packages/airflow/example_dags/example_trigger_target_dag.py
[2022-09-25T14:29:03.688+0000] {processor.py:650} INFO - DAG(s) dict_keys(['example_trigger_target_dag']) retrieved from /home/airflow/.local/lib/python3.7/site-packages/airflow/example_dags/example_trigger_target_dag.py
[2022-09-25T14:29:03.737+0000] {logging_mixin.py:115} INFO - [2022-09-25T14:29:03.736+0000] {dag.py:2429} INFO - Sync 1 DAGs
[2022-09-25T14:29:03.782+0000] {logging_mixin.py:115} INFO - [2022-09-25T14:29:03.781+0000] {dag.py:2981} INFO - Setting next_dagrun for example_trigger_target_dag to None, run_after=None
[2022-09-25T14:29:03.814+0000] {processor.py:161} INFO - Processing /home/airflow/.local/lib/python3.7/site-packages/airflow/example_dags/example_trigger_target_dag.py took 0.178 seconds
[2022-09-25T14:29:34.115+0000] {processor.py:153} INFO - Started process (PID=3281) to work on /home/airflow/.local/lib/python3.7/site-packages/airflow/example_dags/example_trigger_target_dag.py
[2022-09-25T14:29:34.118+0000] {processor.py:640} INFO - Processing file /home/airflow/.local/lib/python3.7/site-packages/airflow/example_dags/example_trigger_target_dag.py for tasks to queue
[2022-09-25T14:29:34.123+0000] {logging_mixin.py:115} INFO - [2022-09-25T14:29:34.122+0000] {dagbag.py:508} INFO - Filling up the DagBag from /home/airflow/.local/lib/python3.7/site-packages/airflow/example_dags/example_trigger_target_dag.py
[2022-09-25T14:29:34.175+0000] {processor.py:650} INFO - DAG(s) dict_keys(['example_trigger_target_dag']) retrieved from /home/airflow/.local/lib/python3.7/site-packages/airflow/example_dags/example_trigger_target_dag.py
[2022-09-25T14:29:34.376+0000] {logging_mixin.py:115} INFO - [2022-09-25T14:29:34.376+0000] {dag.py:2429} INFO - Sync 1 DAGs
[2022-09-25T14:29:34.427+0000] {logging_mixin.py:115} INFO - [2022-09-25T14:29:34.427+0000] {dag.py:2981} INFO - Setting next_dagrun for example_trigger_target_dag to None, run_after=None
[2022-09-25T14:29:34.451+0000] {processor.py:161} INFO - Processing /home/airflow/.local/lib/python3.7/site-packages/airflow/example_dags/example_trigger_target_dag.py took 0.345 seconds
[2022-09-25T14:30:05.171+0000] {processor.py:153} INFO - Started process (PID=3487) to work on /home/airflow/.local/lib/python3.7/site-packages/airflow/example_dags/example_trigger_target_dag.py
[2022-09-25T14:30:05.173+0000] {processor.py:640} INFO - Processing file /home/airflow/.local/lib/python3.7/site-packages/airflow/example_dags/example_trigger_target_dag.py for tasks to queue
[2022-09-25T14:30:05.176+0000] {logging_mixin.py:115} INFO - [2022-09-25T14:30:05.176+0000] {dagbag.py:508} INFO - Filling up the DagBag from /home/airflow/.local/lib/python3.7/site-packages/airflow/example_dags/example_trigger_target_dag.py
[2022-09-25T14:30:05.205+0000] {processor.py:650} INFO - DAG(s) dict_keys(['example_trigger_target_dag']) retrieved from /home/airflow/.local/lib/python3.7/site-packages/airflow/example_dags/example_trigger_target_dag.py
[2022-09-25T14:30:05.244+0000] {logging_mixin.py:115} INFO - [2022-09-25T14:30:05.244+0000] {dag.py:2429} INFO - Sync 1 DAGs
[2022-09-25T14:30:05.277+0000] {logging_mixin.py:115} INFO - [2022-09-25T14:30:05.276+0000] {dag.py:2981} INFO - Setting next_dagrun for example_trigger_target_dag to None, run_after=None
[2022-09-25T14:30:05.301+0000] {processor.py:161} INFO - Processing /home/airflow/.local/lib/python3.7/site-packages/airflow/example_dags/example_trigger_target_dag.py took 0.136 seconds
[2022-09-25T14:30:35.806+0000] {processor.py:153} INFO - Started process (PID=3700) to work on /home/airflow/.local/lib/python3.7/site-packages/airflow/example_dags/example_trigger_target_dag.py
[2022-09-25T14:30:35.808+0000] {processor.py:640} INFO - Processing file /home/airflow/.local/lib/python3.7/site-packages/airflow/example_dags/example_trigger_target_dag.py for tasks to queue
[2022-09-25T14:30:35.810+0000] {logging_mixin.py:115} INFO - [2022-09-25T14:30:35.810+0000] {dagbag.py:508} INFO - Filling up the DagBag from /home/airflow/.local/lib/python3.7/site-packages/airflow/example_dags/example_trigger_target_dag.py
[2022-09-25T14:30:35.839+0000] {processor.py:650} INFO - DAG(s) dict_keys(['example_trigger_target_dag']) retrieved from /home/airflow/.local/lib/python3.7/site-packages/airflow/example_dags/example_trigger_target_dag.py
[2022-09-25T14:30:35.879+0000] {logging_mixin.py:115} INFO - [2022-09-25T14:30:35.878+0000] {dag.py:2429} INFO - Sync 1 DAGs
[2022-09-25T14:30:35.912+0000] {logging_mixin.py:115} INFO - [2022-09-25T14:30:35.912+0000] {dag.py:2981} INFO - Setting next_dagrun for example_trigger_target_dag to None, run_after=None
[2022-09-25T14:30:35.929+0000] {processor.py:161} INFO - Processing /home/airflow/.local/lib/python3.7/site-packages/airflow/example_dags/example_trigger_target_dag.py took 0.130 seconds
[2022-09-25T14:31:06.139+0000] {processor.py:153} INFO - Started process (PID=3906) to work on /home/airflow/.local/lib/python3.7/site-packages/airflow/example_dags/example_trigger_target_dag.py
[2022-09-25T14:31:06.142+0000] {processor.py:640} INFO - Processing file /home/airflow/.local/lib/python3.7/site-packages/airflow/example_dags/example_trigger_target_dag.py for tasks to queue
[2022-09-25T14:31:06.144+0000] {logging_mixin.py:115} INFO - [2022-09-25T14:31:06.144+0000] {dagbag.py:508} INFO - Filling up the DagBag from /home/airflow/.local/lib/python3.7/site-packages/airflow/example_dags/example_trigger_target_dag.py
[2022-09-25T14:31:06.173+0000] {processor.py:650} INFO - DAG(s) dict_keys(['example_trigger_target_dag']) retrieved from /home/airflow/.local/lib/python3.7/site-packages/airflow/example_dags/example_trigger_target_dag.py
[2022-09-25T14:31:06.216+0000] {logging_mixin.py:115} INFO - [2022-09-25T14:31:06.216+0000] {dag.py:2429} INFO - Sync 1 DAGs
[2022-09-25T14:31:06.258+0000] {logging_mixin.py:115} INFO - [2022-09-25T14:31:06.258+0000] {dag.py:2981} INFO - Setting next_dagrun for example_trigger_target_dag to None, run_after=None
[2022-09-25T14:31:06.278+0000] {processor.py:161} INFO - Processing /home/airflow/.local/lib/python3.7/site-packages/airflow/example_dags/example_trigger_target_dag.py took 0.143 seconds
[2022-09-25T14:31:37.330+0000] {processor.py:153} INFO - Started process (PID=4120) to work on /home/airflow/.local/lib/python3.7/site-packages/airflow/example_dags/example_trigger_target_dag.py
[2022-09-25T14:31:37.336+0000] {processor.py:640} INFO - Processing file /home/airflow/.local/lib/python3.7/site-packages/airflow/example_dags/example_trigger_target_dag.py for tasks to queue
[2022-09-25T14:31:37.339+0000] {logging_mixin.py:115} INFO - [2022-09-25T14:31:37.338+0000] {dagbag.py:508} INFO - Filling up the DagBag from /home/airflow/.local/lib/python3.7/site-packages/airflow/example_dags/example_trigger_target_dag.py
[2022-09-25T14:31:37.382+0000] {processor.py:650} INFO - DAG(s) dict_keys(['example_trigger_target_dag']) retrieved from /home/airflow/.local/lib/python3.7/site-packages/airflow/example_dags/example_trigger_target_dag.py
[2022-09-25T14:31:37.460+0000] {logging_mixin.py:115} INFO - [2022-09-25T14:31:37.460+0000] {dag.py:2429} INFO - Sync 1 DAGs
[2022-09-25T14:31:37.528+0000] {logging_mixin.py:115} INFO - [2022-09-25T14:31:37.528+0000] {dag.py:2981} INFO - Setting next_dagrun for example_trigger_target_dag to None, run_after=None
[2022-09-25T14:31:37.561+0000] {processor.py:161} INFO - Processing /home/airflow/.local/lib/python3.7/site-packages/airflow/example_dags/example_trigger_target_dag.py took 0.240 seconds
[2022-09-25T14:32:07.720+0000] {processor.py:153} INFO - Started process (PID=4325) to work on /home/airflow/.local/lib/python3.7/site-packages/airflow/example_dags/example_trigger_target_dag.py
[2022-09-25T14:32:07.723+0000] {processor.py:640} INFO - Processing file /home/airflow/.local/lib/python3.7/site-packages/airflow/example_dags/example_trigger_target_dag.py for tasks to queue
[2022-09-25T14:32:07.724+0000] {logging_mixin.py:115} INFO - [2022-09-25T14:32:07.724+0000] {dagbag.py:508} INFO - Filling up the DagBag from /home/airflow/.local/lib/python3.7/site-packages/airflow/example_dags/example_trigger_target_dag.py
[2022-09-25T14:32:07.758+0000] {processor.py:650} INFO - DAG(s) dict_keys(['example_trigger_target_dag']) retrieved from /home/airflow/.local/lib/python3.7/site-packages/airflow/example_dags/example_trigger_target_dag.py
[2022-09-25T14:32:07.829+0000] {logging_mixin.py:115} INFO - [2022-09-25T14:32:07.829+0000] {dag.py:2429} INFO - Sync 1 DAGs
[2022-09-25T14:32:07.883+0000] {logging_mixin.py:115} INFO - [2022-09-25T14:32:07.883+0000] {dag.py:2981} INFO - Setting next_dagrun for example_trigger_target_dag to None, run_after=None
[2022-09-25T14:32:07.913+0000] {processor.py:161} INFO - Processing /home/airflow/.local/lib/python3.7/site-packages/airflow/example_dags/example_trigger_target_dag.py took 0.198 seconds
[2022-09-25T14:32:38.818+0000] {processor.py:153} INFO - Started process (PID=4530) to work on /home/airflow/.local/lib/python3.7/site-packages/airflow/example_dags/example_trigger_target_dag.py
[2022-09-25T14:32:38.820+0000] {processor.py:640} INFO - Processing file /home/airflow/.local/lib/python3.7/site-packages/airflow/example_dags/example_trigger_target_dag.py for tasks to queue
[2022-09-25T14:32:38.823+0000] {logging_mixin.py:115} INFO - [2022-09-25T14:32:38.822+0000] {dagbag.py:508} INFO - Filling up the DagBag from /home/airflow/.local/lib/python3.7/site-packages/airflow/example_dags/example_trigger_target_dag.py
[2022-09-25T14:32:38.858+0000] {processor.py:650} INFO - DAG(s) dict_keys(['example_trigger_target_dag']) retrieved from /home/airflow/.local/lib/python3.7/site-packages/airflow/example_dags/example_trigger_target_dag.py
[2022-09-25T14:32:38.911+0000] {logging_mixin.py:115} INFO - [2022-09-25T14:32:38.911+0000] {dag.py:2429} INFO - Sync 1 DAGs
[2022-09-25T14:32:38.973+0000] {logging_mixin.py:115} INFO - [2022-09-25T14:32:38.971+0000] {dag.py:2981} INFO - Setting next_dagrun for example_trigger_target_dag to None, run_after=None
[2022-09-25T14:32:39.000+0000] {processor.py:161} INFO - Processing /home/airflow/.local/lib/python3.7/site-packages/airflow/example_dags/example_trigger_target_dag.py took 0.188 seconds
[2022-09-25T14:33:09.743+0000] {processor.py:153} INFO - Started process (PID=4748) to work on /home/airflow/.local/lib/python3.7/site-packages/airflow/example_dags/example_trigger_target_dag.py
[2022-09-25T14:33:09.745+0000] {processor.py:640} INFO - Processing file /home/airflow/.local/lib/python3.7/site-packages/airflow/example_dags/example_trigger_target_dag.py for tasks to queue
[2022-09-25T14:33:09.748+0000] {logging_mixin.py:115} INFO - [2022-09-25T14:33:09.747+0000] {dagbag.py:508} INFO - Filling up the DagBag from /home/airflow/.local/lib/python3.7/site-packages/airflow/example_dags/example_trigger_target_dag.py
[2022-09-25T14:33:09.785+0000] {processor.py:650} INFO - DAG(s) dict_keys(['example_trigger_target_dag']) retrieved from /home/airflow/.local/lib/python3.7/site-packages/airflow/example_dags/example_trigger_target_dag.py
[2022-09-25T14:33:09.834+0000] {logging_mixin.py:115} INFO - [2022-09-25T14:33:09.833+0000] {dag.py:2429} INFO - Sync 1 DAGs
[2022-09-25T14:33:09.876+0000] {logging_mixin.py:115} INFO - [2022-09-25T14:33:09.876+0000] {dag.py:2981} INFO - Setting next_dagrun for example_trigger_target_dag to None, run_after=None
[2022-09-25T14:33:09.902+0000] {processor.py:161} INFO - Processing /home/airflow/.local/lib/python3.7/site-packages/airflow/example_dags/example_trigger_target_dag.py took 0.165 seconds
[2022-09-25T14:33:41.327+0000] {processor.py:153} INFO - Started process (PID=4952) to work on /home/airflow/.local/lib/python3.7/site-packages/airflow/example_dags/example_trigger_target_dag.py
[2022-09-25T14:33:41.329+0000] {processor.py:640} INFO - Processing file /home/airflow/.local/lib/python3.7/site-packages/airflow/example_dags/example_trigger_target_dag.py for tasks to queue
[2022-09-25T14:33:41.332+0000] {logging_mixin.py:115} INFO - [2022-09-25T14:33:41.332+0000] {dagbag.py:508} INFO - Filling up the DagBag from /home/airflow/.local/lib/python3.7/site-packages/airflow/example_dags/example_trigger_target_dag.py
[2022-09-25T14:33:41.368+0000] {processor.py:650} INFO - DAG(s) dict_keys(['example_trigger_target_dag']) retrieved from /home/airflow/.local/lib/python3.7/site-packages/airflow/example_dags/example_trigger_target_dag.py
[2022-09-25T14:33:41.427+0000] {logging_mixin.py:115} INFO - [2022-09-25T14:33:41.425+0000] {dag.py:2429} INFO - Sync 1 DAGs
[2022-09-25T14:33:41.486+0000] {logging_mixin.py:115} INFO - [2022-09-25T14:33:41.486+0000] {dag.py:2981} INFO - Setting next_dagrun for example_trigger_target_dag to None, run_after=None
[2022-09-25T14:33:41.512+0000] {processor.py:161} INFO - Processing /home/airflow/.local/lib/python3.7/site-packages/airflow/example_dags/example_trigger_target_dag.py took 0.192 seconds
[2022-09-25T14:34:11.852+0000] {processor.py:153} INFO - Started process (PID=5166) to work on /home/airflow/.local/lib/python3.7/site-packages/airflow/example_dags/example_trigger_target_dag.py
[2022-09-25T14:34:11.854+0000] {processor.py:640} INFO - Processing file /home/airflow/.local/lib/python3.7/site-packages/airflow/example_dags/example_trigger_target_dag.py for tasks to queue
[2022-09-25T14:34:11.856+0000] {logging_mixin.py:115} INFO - [2022-09-25T14:34:11.856+0000] {dagbag.py:508} INFO - Filling up the DagBag from /home/airflow/.local/lib/python3.7/site-packages/airflow/example_dags/example_trigger_target_dag.py
[2022-09-25T14:34:11.896+0000] {processor.py:650} INFO - DAG(s) dict_keys(['example_trigger_target_dag']) retrieved from /home/airflow/.local/lib/python3.7/site-packages/airflow/example_dags/example_trigger_target_dag.py
[2022-09-25T14:34:11.945+0000] {logging_mixin.py:115} INFO - [2022-09-25T14:34:11.944+0000] {dag.py:2429} INFO - Sync 1 DAGs
[2022-09-25T14:34:11.985+0000] {logging_mixin.py:115} INFO - [2022-09-25T14:34:11.985+0000] {dag.py:2981} INFO - Setting next_dagrun for example_trigger_target_dag to None, run_after=None
[2022-09-25T14:34:12.013+0000] {processor.py:161} INFO - Processing /home/airflow/.local/lib/python3.7/site-packages/airflow/example_dags/example_trigger_target_dag.py took 0.168 seconds
[2022-09-25T14:34:43.553+0000] {processor.py:153} INFO - Started process (PID=5372) to work on /home/airflow/.local/lib/python3.7/site-packages/airflow/example_dags/example_trigger_target_dag.py
[2022-09-25T14:34:43.555+0000] {processor.py:640} INFO - Processing file /home/airflow/.local/lib/python3.7/site-packages/airflow/example_dags/example_trigger_target_dag.py for tasks to queue
[2022-09-25T14:34:43.560+0000] {logging_mixin.py:115} INFO - [2022-09-25T14:34:43.559+0000] {dagbag.py:508} INFO - Filling up the DagBag from /home/airflow/.local/lib/python3.7/site-packages/airflow/example_dags/example_trigger_target_dag.py
[2022-09-25T14:34:43.600+0000] {processor.py:650} INFO - DAG(s) dict_keys(['example_trigger_target_dag']) retrieved from /home/airflow/.local/lib/python3.7/site-packages/airflow/example_dags/example_trigger_target_dag.py
[2022-09-25T14:34:43.652+0000] {logging_mixin.py:115} INFO - [2022-09-25T14:34:43.651+0000] {dag.py:2429} INFO - Sync 1 DAGs
[2022-09-25T14:34:43.699+0000] {logging_mixin.py:115} INFO - [2022-09-25T14:34:43.699+0000] {dag.py:2981} INFO - Setting next_dagrun for example_trigger_target_dag to None, run_after=None
[2022-09-25T14:34:43.723+0000] {processor.py:161} INFO - Processing /home/airflow/.local/lib/python3.7/site-packages/airflow/example_dags/example_trigger_target_dag.py took 0.181 seconds
[2022-09-25T14:35:14.232+0000] {processor.py:153} INFO - Started process (PID=5587) to work on /home/airflow/.local/lib/python3.7/site-packages/airflow/example_dags/example_trigger_target_dag.py
[2022-09-25T14:35:14.235+0000] {processor.py:640} INFO - Processing file /home/airflow/.local/lib/python3.7/site-packages/airflow/example_dags/example_trigger_target_dag.py for tasks to queue
[2022-09-25T14:35:14.237+0000] {logging_mixin.py:115} INFO - [2022-09-25T14:35:14.236+0000] {dagbag.py:508} INFO - Filling up the DagBag from /home/airflow/.local/lib/python3.7/site-packages/airflow/example_dags/example_trigger_target_dag.py
[2022-09-25T14:35:14.274+0000] {processor.py:650} INFO - DAG(s) dict_keys(['example_trigger_target_dag']) retrieved from /home/airflow/.local/lib/python3.7/site-packages/airflow/example_dags/example_trigger_target_dag.py
[2022-09-25T14:35:14.324+0000] {logging_mixin.py:115} INFO - [2022-09-25T14:35:14.323+0000] {dag.py:2429} INFO - Sync 1 DAGs
[2022-09-25T14:35:14.375+0000] {logging_mixin.py:115} INFO - [2022-09-25T14:35:14.374+0000] {dag.py:2981} INFO - Setting next_dagrun for example_trigger_target_dag to None, run_after=None
[2022-09-25T14:35:14.394+0000] {processor.py:161} INFO - Processing /home/airflow/.local/lib/python3.7/site-packages/airflow/example_dags/example_trigger_target_dag.py took 0.167 seconds
[2022-09-25T14:35:44.817+0000] {processor.py:153} INFO - Started process (PID=5801) to work on /home/airflow/.local/lib/python3.7/site-packages/airflow/example_dags/example_trigger_target_dag.py
[2022-09-25T14:35:44.820+0000] {processor.py:640} INFO - Processing file /home/airflow/.local/lib/python3.7/site-packages/airflow/example_dags/example_trigger_target_dag.py for tasks to queue
[2022-09-25T14:35:44.823+0000] {logging_mixin.py:115} INFO - [2022-09-25T14:35:44.823+0000] {dagbag.py:508} INFO - Filling up the DagBag from /home/airflow/.local/lib/python3.7/site-packages/airflow/example_dags/example_trigger_target_dag.py
[2022-09-25T14:35:44.856+0000] {processor.py:650} INFO - DAG(s) dict_keys(['example_trigger_target_dag']) retrieved from /home/airflow/.local/lib/python3.7/site-packages/airflow/example_dags/example_trigger_target_dag.py
[2022-09-25T14:35:44.900+0000] {logging_mixin.py:115} INFO - [2022-09-25T14:35:44.900+0000] {dag.py:2429} INFO - Sync 1 DAGs
[2022-09-25T14:35:44.943+0000] {logging_mixin.py:115} INFO - [2022-09-25T14:35:44.943+0000] {dag.py:2981} INFO - Setting next_dagrun for example_trigger_target_dag to None, run_after=None
[2022-09-25T14:35:44.970+0000] {processor.py:161} INFO - Processing /home/airflow/.local/lib/python3.7/site-packages/airflow/example_dags/example_trigger_target_dag.py took 0.158 seconds
[2022-09-25T14:36:15.256+0000] {processor.py:153} INFO - Started process (PID=6007) to work on /home/airflow/.local/lib/python3.7/site-packages/airflow/example_dags/example_trigger_target_dag.py
[2022-09-25T14:36:15.259+0000] {processor.py:640} INFO - Processing file /home/airflow/.local/lib/python3.7/site-packages/airflow/example_dags/example_trigger_target_dag.py for tasks to queue
[2022-09-25T14:36:15.263+0000] {logging_mixin.py:115} INFO - [2022-09-25T14:36:15.262+0000] {dagbag.py:508} INFO - Filling up the DagBag from /home/airflow/.local/lib/python3.7/site-packages/airflow/example_dags/example_trigger_target_dag.py
[2022-09-25T14:36:15.296+0000] {processor.py:650} INFO - DAG(s) dict_keys(['example_trigger_target_dag']) retrieved from /home/airflow/.local/lib/python3.7/site-packages/airflow/example_dags/example_trigger_target_dag.py
[2022-09-25T14:36:15.333+0000] {logging_mixin.py:115} INFO - [2022-09-25T14:36:15.333+0000] {dag.py:2429} INFO - Sync 1 DAGs
[2022-09-25T14:36:15.369+0000] {logging_mixin.py:115} INFO - [2022-09-25T14:36:15.368+0000] {dag.py:2981} INFO - Setting next_dagrun for example_trigger_target_dag to None, run_after=None
[2022-09-25T14:36:15.389+0000] {processor.py:161} INFO - Processing /home/airflow/.local/lib/python3.7/site-packages/airflow/example_dags/example_trigger_target_dag.py took 0.143 seconds
[2022-09-25T14:36:46.950+0000] {processor.py:153} INFO - Started process (PID=6220) to work on /home/airflow/.local/lib/python3.7/site-packages/airflow/example_dags/example_trigger_target_dag.py
[2022-09-25T14:36:46.957+0000] {processor.py:640} INFO - Processing file /home/airflow/.local/lib/python3.7/site-packages/airflow/example_dags/example_trigger_target_dag.py for tasks to queue
[2022-09-25T14:36:46.961+0000] {logging_mixin.py:115} INFO - [2022-09-25T14:36:46.960+0000] {dagbag.py:508} INFO - Filling up the DagBag from /home/airflow/.local/lib/python3.7/site-packages/airflow/example_dags/example_trigger_target_dag.py
[2022-09-25T14:36:47.002+0000] {processor.py:650} INFO - DAG(s) dict_keys(['example_trigger_target_dag']) retrieved from /home/airflow/.local/lib/python3.7/site-packages/airflow/example_dags/example_trigger_target_dag.py
[2022-09-25T14:36:47.090+0000] {logging_mixin.py:115} INFO - [2022-09-25T14:36:47.090+0000] {dag.py:2429} INFO - Sync 1 DAGs
[2022-09-25T14:36:47.147+0000] {logging_mixin.py:115} INFO - [2022-09-25T14:36:47.146+0000] {dag.py:2981} INFO - Setting next_dagrun for example_trigger_target_dag to None, run_after=None
[2022-09-25T14:36:47.175+0000] {processor.py:161} INFO - Processing /home/airflow/.local/lib/python3.7/site-packages/airflow/example_dags/example_trigger_target_dag.py took 0.232 seconds
[2022-09-25T14:37:17.928+0000] {processor.py:153} INFO - Started process (PID=6425) to work on /home/airflow/.local/lib/python3.7/site-packages/airflow/example_dags/example_trigger_target_dag.py
[2022-09-25T14:37:17.931+0000] {processor.py:640} INFO - Processing file /home/airflow/.local/lib/python3.7/site-packages/airflow/example_dags/example_trigger_target_dag.py for tasks to queue
[2022-09-25T14:37:17.935+0000] {logging_mixin.py:115} INFO - [2022-09-25T14:37:17.934+0000] {dagbag.py:508} INFO - Filling up the DagBag from /home/airflow/.local/lib/python3.7/site-packages/airflow/example_dags/example_trigger_target_dag.py
[2022-09-25T14:37:17.971+0000] {processor.py:650} INFO - DAG(s) dict_keys(['example_trigger_target_dag']) retrieved from /home/airflow/.local/lib/python3.7/site-packages/airflow/example_dags/example_trigger_target_dag.py
[2022-09-25T14:37:18.024+0000] {logging_mixin.py:115} INFO - [2022-09-25T14:37:18.024+0000] {dag.py:2429} INFO - Sync 1 DAGs
[2022-09-25T14:37:18.070+0000] {logging_mixin.py:115} INFO - [2022-09-25T14:37:18.070+0000] {dag.py:2981} INFO - Setting next_dagrun for example_trigger_target_dag to None, run_after=None
[2022-09-25T14:37:18.099+0000] {processor.py:161} INFO - Processing /home/airflow/.local/lib/python3.7/site-packages/airflow/example_dags/example_trigger_target_dag.py took 0.180 seconds
[2022-09-25T14:37:48.425+0000] {processor.py:153} INFO - Started process (PID=6634) to work on /home/airflow/.local/lib/python3.7/site-packages/airflow/example_dags/example_trigger_target_dag.py
[2022-09-25T14:37:48.428+0000] {processor.py:640} INFO - Processing file /home/airflow/.local/lib/python3.7/site-packages/airflow/example_dags/example_trigger_target_dag.py for tasks to queue
[2022-09-25T14:37:48.431+0000] {logging_mixin.py:115} INFO - [2022-09-25T14:37:48.430+0000] {dagbag.py:508} INFO - Filling up the DagBag from /home/airflow/.local/lib/python3.7/site-packages/airflow/example_dags/example_trigger_target_dag.py
[2022-09-25T14:37:48.462+0000] {processor.py:650} INFO - DAG(s) dict_keys(['example_trigger_target_dag']) retrieved from /home/airflow/.local/lib/python3.7/site-packages/airflow/example_dags/example_trigger_target_dag.py
[2022-09-25T14:37:48.518+0000] {logging_mixin.py:115} INFO - [2022-09-25T14:37:48.518+0000] {dag.py:2429} INFO - Sync 1 DAGs
[2022-09-25T14:37:48.568+0000] {logging_mixin.py:115} INFO - [2022-09-25T14:37:48.568+0000] {dag.py:2981} INFO - Setting next_dagrun for example_trigger_target_dag to None, run_after=None
[2022-09-25T14:37:48.592+0000] {processor.py:161} INFO - Processing /home/airflow/.local/lib/python3.7/site-packages/airflow/example_dags/example_trigger_target_dag.py took 0.174 seconds
[2022-09-25T14:38:19.688+0000] {processor.py:153} INFO - Started process (PID=6843) to work on /home/airflow/.local/lib/python3.7/site-packages/airflow/example_dags/example_trigger_target_dag.py
[2022-09-25T14:38:19.690+0000] {processor.py:640} INFO - Processing file /home/airflow/.local/lib/python3.7/site-packages/airflow/example_dags/example_trigger_target_dag.py for tasks to queue
[2022-09-25T14:38:19.693+0000] {logging_mixin.py:115} INFO - [2022-09-25T14:38:19.692+0000] {dagbag.py:508} INFO - Filling up the DagBag from /home/airflow/.local/lib/python3.7/site-packages/airflow/example_dags/example_trigger_target_dag.py
[2022-09-25T14:38:19.724+0000] {processor.py:650} INFO - DAG(s) dict_keys(['example_trigger_target_dag']) retrieved from /home/airflow/.local/lib/python3.7/site-packages/airflow/example_dags/example_trigger_target_dag.py
[2022-09-25T14:38:19.791+0000] {logging_mixin.py:115} INFO - [2022-09-25T14:38:19.790+0000] {dag.py:2429} INFO - Sync 1 DAGs
[2022-09-25T14:38:19.837+0000] {logging_mixin.py:115} INFO - [2022-09-25T14:38:19.837+0000] {dag.py:2981} INFO - Setting next_dagrun for example_trigger_target_dag to None, run_after=None
[2022-09-25T14:38:19.867+0000] {processor.py:161} INFO - Processing /home/airflow/.local/lib/python3.7/site-packages/airflow/example_dags/example_trigger_target_dag.py took 0.185 seconds
[2022-09-25T14:38:52.387+0000] {processor.py:153} INFO - Started process (PID=7057) to work on /home/airflow/.local/lib/python3.7/site-packages/airflow/example_dags/example_trigger_target_dag.py
[2022-09-25T14:38:52.390+0000] {processor.py:640} INFO - Processing file /home/airflow/.local/lib/python3.7/site-packages/airflow/example_dags/example_trigger_target_dag.py for tasks to queue
[2022-09-25T14:38:52.392+0000] {logging_mixin.py:115} INFO - [2022-09-25T14:38:52.392+0000] {dagbag.py:508} INFO - Filling up the DagBag from /home/airflow/.local/lib/python3.7/site-packages/airflow/example_dags/example_trigger_target_dag.py
[2022-09-25T14:38:52.421+0000] {processor.py:650} INFO - DAG(s) dict_keys(['example_trigger_target_dag']) retrieved from /home/airflow/.local/lib/python3.7/site-packages/airflow/example_dags/example_trigger_target_dag.py
[2022-09-25T14:38:52.470+0000] {logging_mixin.py:115} INFO - [2022-09-25T14:38:52.469+0000] {dag.py:2429} INFO - Sync 1 DAGs
[2022-09-25T14:38:52.517+0000] {logging_mixin.py:115} INFO - [2022-09-25T14:38:52.517+0000] {dag.py:2981} INFO - Setting next_dagrun for example_trigger_target_dag to None, run_after=None
[2022-09-25T14:38:52.542+0000] {processor.py:161} INFO - Processing /home/airflow/.local/lib/python3.7/site-packages/airflow/example_dags/example_trigger_target_dag.py took 0.162 seconds
[2022-09-25T14:39:23.578+0000] {processor.py:153} INFO - Started process (PID=7263) to work on /home/airflow/.local/lib/python3.7/site-packages/airflow/example_dags/example_trigger_target_dag.py
[2022-09-25T14:39:23.580+0000] {processor.py:640} INFO - Processing file /home/airflow/.local/lib/python3.7/site-packages/airflow/example_dags/example_trigger_target_dag.py for tasks to queue
[2022-09-25T14:39:23.583+0000] {logging_mixin.py:115} INFO - [2022-09-25T14:39:23.583+0000] {dagbag.py:508} INFO - Filling up the DagBag from /home/airflow/.local/lib/python3.7/site-packages/airflow/example_dags/example_trigger_target_dag.py
[2022-09-25T14:39:23.616+0000] {processor.py:650} INFO - DAG(s) dict_keys(['example_trigger_target_dag']) retrieved from /home/airflow/.local/lib/python3.7/site-packages/airflow/example_dags/example_trigger_target_dag.py
[2022-09-25T14:39:23.678+0000] {logging_mixin.py:115} INFO - [2022-09-25T14:39:23.677+0000] {dag.py:2429} INFO - Sync 1 DAGs
[2022-09-25T14:39:23.718+0000] {logging_mixin.py:115} INFO - [2022-09-25T14:39:23.718+0000] {dag.py:2981} INFO - Setting next_dagrun for example_trigger_target_dag to None, run_after=None
[2022-09-25T14:39:23.739+0000] {processor.py:161} INFO - Processing /home/airflow/.local/lib/python3.7/site-packages/airflow/example_dags/example_trigger_target_dag.py took 0.169 seconds
[2022-09-25T14:39:54.389+0000] {processor.py:153} INFO - Started process (PID=7477) to work on /home/airflow/.local/lib/python3.7/site-packages/airflow/example_dags/example_trigger_target_dag.py
[2022-09-25T14:39:54.393+0000] {processor.py:640} INFO - Processing file /home/airflow/.local/lib/python3.7/site-packages/airflow/example_dags/example_trigger_target_dag.py for tasks to queue
[2022-09-25T14:39:54.396+0000] {logging_mixin.py:115} INFO - [2022-09-25T14:39:54.395+0000] {dagbag.py:508} INFO - Filling up the DagBag from /home/airflow/.local/lib/python3.7/site-packages/airflow/example_dags/example_trigger_target_dag.py
[2022-09-25T14:39:54.426+0000] {processor.py:650} INFO - DAG(s) dict_keys(['example_trigger_target_dag']) retrieved from /home/airflow/.local/lib/python3.7/site-packages/airflow/example_dags/example_trigger_target_dag.py
[2022-09-25T14:39:54.480+0000] {logging_mixin.py:115} INFO - [2022-09-25T14:39:54.480+0000] {dag.py:2429} INFO - Sync 1 DAGs
[2022-09-25T14:39:54.526+0000] {logging_mixin.py:115} INFO - [2022-09-25T14:39:54.525+0000] {dag.py:2981} INFO - Setting next_dagrun for example_trigger_target_dag to None, run_after=None
[2022-09-25T14:39:54.551+0000] {processor.py:161} INFO - Processing /home/airflow/.local/lib/python3.7/site-packages/airflow/example_dags/example_trigger_target_dag.py took 0.167 seconds
[2022-09-25T14:40:25.145+0000] {processor.py:153} INFO - Started process (PID=7682) to work on /home/airflow/.local/lib/python3.7/site-packages/airflow/example_dags/example_trigger_target_dag.py
[2022-09-25T14:40:25.147+0000] {processor.py:640} INFO - Processing file /home/airflow/.local/lib/python3.7/site-packages/airflow/example_dags/example_trigger_target_dag.py for tasks to queue
[2022-09-25T14:40:25.149+0000] {logging_mixin.py:115} INFO - [2022-09-25T14:40:25.149+0000] {dagbag.py:508} INFO - Filling up the DagBag from /home/airflow/.local/lib/python3.7/site-packages/airflow/example_dags/example_trigger_target_dag.py
[2022-09-25T14:40:25.175+0000] {processor.py:650} INFO - DAG(s) dict_keys(['example_trigger_target_dag']) retrieved from /home/airflow/.local/lib/python3.7/site-packages/airflow/example_dags/example_trigger_target_dag.py
[2022-09-25T14:40:25.222+0000] {logging_mixin.py:115} INFO - [2022-09-25T14:40:25.222+0000] {dag.py:2429} INFO - Sync 1 DAGs
[2022-09-25T14:40:25.260+0000] {logging_mixin.py:115} INFO - [2022-09-25T14:40:25.259+0000] {dag.py:2981} INFO - Setting next_dagrun for example_trigger_target_dag to None, run_after=None
[2022-09-25T14:40:25.283+0000] {processor.py:161} INFO - Processing /home/airflow/.local/lib/python3.7/site-packages/airflow/example_dags/example_trigger_target_dag.py took 0.145 seconds
[2022-09-25T14:40:56.351+0000] {processor.py:153} INFO - Started process (PID=7896) to work on /home/airflow/.local/lib/python3.7/site-packages/airflow/example_dags/example_trigger_target_dag.py
[2022-09-25T14:40:56.354+0000] {processor.py:640} INFO - Processing file /home/airflow/.local/lib/python3.7/site-packages/airflow/example_dags/example_trigger_target_dag.py for tasks to queue
[2022-09-25T14:40:56.355+0000] {logging_mixin.py:115} INFO - [2022-09-25T14:40:56.355+0000] {dagbag.py:508} INFO - Filling up the DagBag from /home/airflow/.local/lib/python3.7/site-packages/airflow/example_dags/example_trigger_target_dag.py
[2022-09-25T14:40:56.388+0000] {processor.py:650} INFO - DAG(s) dict_keys(['example_trigger_target_dag']) retrieved from /home/airflow/.local/lib/python3.7/site-packages/airflow/example_dags/example_trigger_target_dag.py
[2022-09-25T14:40:56.434+0000] {logging_mixin.py:115} INFO - [2022-09-25T14:40:56.433+0000] {dag.py:2429} INFO - Sync 1 DAGs
[2022-09-25T14:40:56.486+0000] {logging_mixin.py:115} INFO - [2022-09-25T14:40:56.486+0000] {dag.py:2981} INFO - Setting next_dagrun for example_trigger_target_dag to None, run_after=None
[2022-09-25T14:40:56.511+0000] {processor.py:161} INFO - Processing /home/airflow/.local/lib/python3.7/site-packages/airflow/example_dags/example_trigger_target_dag.py took 0.165 seconds
[2022-09-25T14:41:26.897+0000] {processor.py:153} INFO - Started process (PID=8101) to work on /home/airflow/.local/lib/python3.7/site-packages/airflow/example_dags/example_trigger_target_dag.py
[2022-09-25T14:41:26.899+0000] {processor.py:640} INFO - Processing file /home/airflow/.local/lib/python3.7/site-packages/airflow/example_dags/example_trigger_target_dag.py for tasks to queue
[2022-09-25T14:41:26.900+0000] {logging_mixin.py:115} INFO - [2022-09-25T14:41:26.900+0000] {dagbag.py:508} INFO - Filling up the DagBag from /home/airflow/.local/lib/python3.7/site-packages/airflow/example_dags/example_trigger_target_dag.py
[2022-09-25T14:41:26.923+0000] {processor.py:650} INFO - DAG(s) dict_keys(['example_trigger_target_dag']) retrieved from /home/airflow/.local/lib/python3.7/site-packages/airflow/example_dags/example_trigger_target_dag.py
[2022-09-25T14:41:26.962+0000] {logging_mixin.py:115} INFO - [2022-09-25T14:41:26.962+0000] {dag.py:2429} INFO - Sync 1 DAGs
[2022-09-25T14:41:26.994+0000] {logging_mixin.py:115} INFO - [2022-09-25T14:41:26.994+0000] {dag.py:2981} INFO - Setting next_dagrun for example_trigger_target_dag to None, run_after=None
[2022-09-25T14:41:27.012+0000] {processor.py:161} INFO - Processing /home/airflow/.local/lib/python3.7/site-packages/airflow/example_dags/example_trigger_target_dag.py took 0.120 seconds
[2022-09-25T14:41:57.977+0000] {processor.py:153} INFO - Started process (PID=8315) to work on /home/airflow/.local/lib/python3.7/site-packages/airflow/example_dags/example_trigger_target_dag.py
[2022-09-25T14:41:57.981+0000] {processor.py:640} INFO - Processing file /home/airflow/.local/lib/python3.7/site-packages/airflow/example_dags/example_trigger_target_dag.py for tasks to queue
[2022-09-25T14:41:57.983+0000] {logging_mixin.py:115} INFO - [2022-09-25T14:41:57.982+0000] {dagbag.py:508} INFO - Filling up the DagBag from /home/airflow/.local/lib/python3.7/site-packages/airflow/example_dags/example_trigger_target_dag.py
[2022-09-25T14:41:58.010+0000] {processor.py:650} INFO - DAG(s) dict_keys(['example_trigger_target_dag']) retrieved from /home/airflow/.local/lib/python3.7/site-packages/airflow/example_dags/example_trigger_target_dag.py
[2022-09-25T14:41:58.057+0000] {logging_mixin.py:115} INFO - [2022-09-25T14:41:58.057+0000] {dag.py:2429} INFO - Sync 1 DAGs
[2022-09-25T14:41:58.094+0000] {logging_mixin.py:115} INFO - [2022-09-25T14:41:58.094+0000] {dag.py:2981} INFO - Setting next_dagrun for example_trigger_target_dag to None, run_after=None
[2022-09-25T14:41:58.121+0000] {processor.py:161} INFO - Processing /home/airflow/.local/lib/python3.7/site-packages/airflow/example_dags/example_trigger_target_dag.py took 0.149 seconds
[2022-09-25T14:42:28.740+0000] {processor.py:153} INFO - Started process (PID=8515) to work on /home/airflow/.local/lib/python3.7/site-packages/airflow/example_dags/example_trigger_target_dag.py
[2022-09-25T14:42:28.743+0000] {processor.py:640} INFO - Processing file /home/airflow/.local/lib/python3.7/site-packages/airflow/example_dags/example_trigger_target_dag.py for tasks to queue
[2022-09-25T14:42:28.745+0000] {logging_mixin.py:115} INFO - [2022-09-25T14:42:28.745+0000] {dagbag.py:508} INFO - Filling up the DagBag from /home/airflow/.local/lib/python3.7/site-packages/airflow/example_dags/example_trigger_target_dag.py
[2022-09-25T14:42:28.773+0000] {processor.py:650} INFO - DAG(s) dict_keys(['example_trigger_target_dag']) retrieved from /home/airflow/.local/lib/python3.7/site-packages/airflow/example_dags/example_trigger_target_dag.py
[2022-09-25T14:42:28.822+0000] {logging_mixin.py:115} INFO - [2022-09-25T14:42:28.822+0000] {dag.py:2429} INFO - Sync 1 DAGs
[2022-09-25T14:42:28.860+0000] {logging_mixin.py:115} INFO - [2022-09-25T14:42:28.860+0000] {dag.py:2981} INFO - Setting next_dagrun for example_trigger_target_dag to None, run_after=None
[2022-09-25T14:42:28.887+0000] {processor.py:161} INFO - Processing /home/airflow/.local/lib/python3.7/site-packages/airflow/example_dags/example_trigger_target_dag.py took 0.153 seconds
[2022-09-25T14:42:59.592+0000] {processor.py:153} INFO - Started process (PID=8730) to work on /home/airflow/.local/lib/python3.7/site-packages/airflow/example_dags/example_trigger_target_dag.py
[2022-09-25T14:42:59.595+0000] {processor.py:640} INFO - Processing file /home/airflow/.local/lib/python3.7/site-packages/airflow/example_dags/example_trigger_target_dag.py for tasks to queue
[2022-09-25T14:42:59.598+0000] {logging_mixin.py:115} INFO - [2022-09-25T14:42:59.597+0000] {dagbag.py:508} INFO - Filling up the DagBag from /home/airflow/.local/lib/python3.7/site-packages/airflow/example_dags/example_trigger_target_dag.py
[2022-09-25T14:42:59.621+0000] {processor.py:650} INFO - DAG(s) dict_keys(['example_trigger_target_dag']) retrieved from /home/airflow/.local/lib/python3.7/site-packages/airflow/example_dags/example_trigger_target_dag.py
[2022-09-25T14:42:59.660+0000] {logging_mixin.py:115} INFO - [2022-09-25T14:42:59.660+0000] {dag.py:2429} INFO - Sync 1 DAGs
[2022-09-25T14:42:59.700+0000] {logging_mixin.py:115} INFO - [2022-09-25T14:42:59.700+0000] {dag.py:2981} INFO - Setting next_dagrun for example_trigger_target_dag to None, run_after=None
[2022-09-25T14:42:59.719+0000] {processor.py:161} INFO - Processing /home/airflow/.local/lib/python3.7/site-packages/airflow/example_dags/example_trigger_target_dag.py took 0.133 seconds
[2022-09-25T14:43:30.070+0000] {processor.py:153} INFO - Started process (PID=8931) to work on /home/airflow/.local/lib/python3.7/site-packages/airflow/example_dags/example_trigger_target_dag.py
[2022-09-25T14:43:30.072+0000] {processor.py:640} INFO - Processing file /home/airflow/.local/lib/python3.7/site-packages/airflow/example_dags/example_trigger_target_dag.py for tasks to queue
[2022-09-25T14:43:30.074+0000] {logging_mixin.py:115} INFO - [2022-09-25T14:43:30.074+0000] {dagbag.py:508} INFO - Filling up the DagBag from /home/airflow/.local/lib/python3.7/site-packages/airflow/example_dags/example_trigger_target_dag.py
[2022-09-25T14:43:30.103+0000] {processor.py:650} INFO - DAG(s) dict_keys(['example_trigger_target_dag']) retrieved from /home/airflow/.local/lib/python3.7/site-packages/airflow/example_dags/example_trigger_target_dag.py
[2022-09-25T14:43:30.146+0000] {logging_mixin.py:115} INFO - [2022-09-25T14:43:30.146+0000] {dag.py:2429} INFO - Sync 1 DAGs
[2022-09-25T14:43:30.182+0000] {logging_mixin.py:115} INFO - [2022-09-25T14:43:30.181+0000] {dag.py:2981} INFO - Setting next_dagrun for example_trigger_target_dag to None, run_after=None
[2022-09-25T14:43:30.208+0000] {processor.py:161} INFO - Processing /home/airflow/.local/lib/python3.7/site-packages/airflow/example_dags/example_trigger_target_dag.py took 0.152 seconds
[2022-09-25T14:44:01.088+0000] {processor.py:153} INFO - Started process (PID=9145) to work on /home/airflow/.local/lib/python3.7/site-packages/airflow/example_dags/example_trigger_target_dag.py
[2022-09-25T14:44:01.091+0000] {processor.py:640} INFO - Processing file /home/airflow/.local/lib/python3.7/site-packages/airflow/example_dags/example_trigger_target_dag.py for tasks to queue
[2022-09-25T14:44:01.094+0000] {logging_mixin.py:115} INFO - [2022-09-25T14:44:01.094+0000] {dagbag.py:508} INFO - Filling up the DagBag from /home/airflow/.local/lib/python3.7/site-packages/airflow/example_dags/example_trigger_target_dag.py
[2022-09-25T14:44:01.140+0000] {processor.py:650} INFO - DAG(s) dict_keys(['example_trigger_target_dag']) retrieved from /home/airflow/.local/lib/python3.7/site-packages/airflow/example_dags/example_trigger_target_dag.py
[2022-09-25T14:44:01.197+0000] {logging_mixin.py:115} INFO - [2022-09-25T14:44:01.196+0000] {dag.py:2429} INFO - Sync 1 DAGs
[2022-09-25T14:44:01.246+0000] {logging_mixin.py:115} INFO - [2022-09-25T14:44:01.246+0000] {dag.py:2981} INFO - Setting next_dagrun for example_trigger_target_dag to None, run_after=None
[2022-09-25T14:44:01.275+0000] {processor.py:161} INFO - Processing /home/airflow/.local/lib/python3.7/site-packages/airflow/example_dags/example_trigger_target_dag.py took 0.198 seconds
[2022-09-25T14:44:32.478+0000] {processor.py:153} INFO - Started process (PID=9355) to work on /home/airflow/.local/lib/python3.7/site-packages/airflow/example_dags/example_trigger_target_dag.py
[2022-09-25T14:44:32.490+0000] {processor.py:640} INFO - Processing file /home/airflow/.local/lib/python3.7/site-packages/airflow/example_dags/example_trigger_target_dag.py for tasks to queue
[2022-09-25T14:44:32.497+0000] {logging_mixin.py:115} INFO - [2022-09-25T14:44:32.497+0000] {dagbag.py:508} INFO - Filling up the DagBag from /home/airflow/.local/lib/python3.7/site-packages/airflow/example_dags/example_trigger_target_dag.py
[2022-09-25T14:44:32.552+0000] {processor.py:650} INFO - DAG(s) dict_keys(['example_trigger_target_dag']) retrieved from /home/airflow/.local/lib/python3.7/site-packages/airflow/example_dags/example_trigger_target_dag.py
[2022-09-25T14:44:32.616+0000] {logging_mixin.py:115} INFO - [2022-09-25T14:44:32.616+0000] {dag.py:2429} INFO - Sync 1 DAGs
[2022-09-25T14:44:32.684+0000] {logging_mixin.py:115} INFO - [2022-09-25T14:44:32.684+0000] {dag.py:2981} INFO - Setting next_dagrun for example_trigger_target_dag to None, run_after=None
[2022-09-25T14:44:32.824+0000] {processor.py:161} INFO - Processing /home/airflow/.local/lib/python3.7/site-packages/airflow/example_dags/example_trigger_target_dag.py took 0.362 seconds
[2022-09-25T14:45:03.152+0000] {processor.py:153} INFO - Started process (PID=9570) to work on /home/airflow/.local/lib/python3.7/site-packages/airflow/example_dags/example_trigger_target_dag.py
[2022-09-25T14:45:03.154+0000] {processor.py:640} INFO - Processing file /home/airflow/.local/lib/python3.7/site-packages/airflow/example_dags/example_trigger_target_dag.py for tasks to queue
[2022-09-25T14:45:03.155+0000] {logging_mixin.py:115} INFO - [2022-09-25T14:45:03.155+0000] {dagbag.py:508} INFO - Filling up the DagBag from /home/airflow/.local/lib/python3.7/site-packages/airflow/example_dags/example_trigger_target_dag.py
[2022-09-25T14:45:03.178+0000] {processor.py:650} INFO - DAG(s) dict_keys(['example_trigger_target_dag']) retrieved from /home/airflow/.local/lib/python3.7/site-packages/airflow/example_dags/example_trigger_target_dag.py
[2022-09-25T14:45:03.217+0000] {logging_mixin.py:115} INFO - [2022-09-25T14:45:03.217+0000] {dag.py:2429} INFO - Sync 1 DAGs
[2022-09-25T14:45:03.250+0000] {logging_mixin.py:115} INFO - [2022-09-25T14:45:03.250+0000] {dag.py:2981} INFO - Setting next_dagrun for example_trigger_target_dag to None, run_after=None
[2022-09-25T14:45:03.268+0000] {processor.py:161} INFO - Processing /home/airflow/.local/lib/python3.7/site-packages/airflow/example_dags/example_trigger_target_dag.py took 0.122 seconds
[2022-09-25T14:45:33.611+0000] {processor.py:153} INFO - Started process (PID=9769) to work on /home/airflow/.local/lib/python3.7/site-packages/airflow/example_dags/example_trigger_target_dag.py
[2022-09-25T14:45:33.613+0000] {processor.py:640} INFO - Processing file /home/airflow/.local/lib/python3.7/site-packages/airflow/example_dags/example_trigger_target_dag.py for tasks to queue
[2022-09-25T14:45:33.615+0000] {logging_mixin.py:115} INFO - [2022-09-25T14:45:33.615+0000] {dagbag.py:508} INFO - Filling up the DagBag from /home/airflow/.local/lib/python3.7/site-packages/airflow/example_dags/example_trigger_target_dag.py
[2022-09-25T14:45:33.639+0000] {processor.py:650} INFO - DAG(s) dict_keys(['example_trigger_target_dag']) retrieved from /home/airflow/.local/lib/python3.7/site-packages/airflow/example_dags/example_trigger_target_dag.py
[2022-09-25T14:45:33.681+0000] {logging_mixin.py:115} INFO - [2022-09-25T14:45:33.681+0000] {dag.py:2429} INFO - Sync 1 DAGs
[2022-09-25T14:45:33.715+0000] {logging_mixin.py:115} INFO - [2022-09-25T14:45:33.715+0000] {dag.py:2981} INFO - Setting next_dagrun for example_trigger_target_dag to None, run_after=None
[2022-09-25T14:45:33.735+0000] {processor.py:161} INFO - Processing /home/airflow/.local/lib/python3.7/site-packages/airflow/example_dags/example_trigger_target_dag.py took 0.131 seconds
[2022-09-25T14:46:04.176+0000] {processor.py:153} INFO - Started process (PID=9983) to work on /home/airflow/.local/lib/python3.7/site-packages/airflow/example_dags/example_trigger_target_dag.py
[2022-09-25T14:46:04.179+0000] {processor.py:640} INFO - Processing file /home/airflow/.local/lib/python3.7/site-packages/airflow/example_dags/example_trigger_target_dag.py for tasks to queue
[2022-09-25T14:46:04.181+0000] {logging_mixin.py:115} INFO - [2022-09-25T14:46:04.180+0000] {dagbag.py:508} INFO - Filling up the DagBag from /home/airflow/.local/lib/python3.7/site-packages/airflow/example_dags/example_trigger_target_dag.py
[2022-09-25T14:46:04.219+0000] {processor.py:650} INFO - DAG(s) dict_keys(['example_trigger_target_dag']) retrieved from /home/airflow/.local/lib/python3.7/site-packages/airflow/example_dags/example_trigger_target_dag.py
[2022-09-25T14:46:04.265+0000] {logging_mixin.py:115} INFO - [2022-09-25T14:46:04.265+0000] {dag.py:2429} INFO - Sync 1 DAGs
[2022-09-25T14:46:04.309+0000] {logging_mixin.py:115} INFO - [2022-09-25T14:46:04.309+0000] {dag.py:2981} INFO - Setting next_dagrun for example_trigger_target_dag to None, run_after=None
[2022-09-25T14:46:04.335+0000] {processor.py:161} INFO - Processing /home/airflow/.local/lib/python3.7/site-packages/airflow/example_dags/example_trigger_target_dag.py took 0.166 seconds
[2022-09-25T14:46:34.625+0000] {processor.py:153} INFO - Started process (PID=10188) to work on /home/airflow/.local/lib/python3.7/site-packages/airflow/example_dags/example_trigger_target_dag.py
[2022-09-25T14:46:34.627+0000] {processor.py:640} INFO - Processing file /home/airflow/.local/lib/python3.7/site-packages/airflow/example_dags/example_trigger_target_dag.py for tasks to queue
[2022-09-25T14:46:34.629+0000] {logging_mixin.py:115} INFO - [2022-09-25T14:46:34.629+0000] {dagbag.py:508} INFO - Filling up the DagBag from /home/airflow/.local/lib/python3.7/site-packages/airflow/example_dags/example_trigger_target_dag.py
[2022-09-25T14:46:34.654+0000] {processor.py:650} INFO - DAG(s) dict_keys(['example_trigger_target_dag']) retrieved from /home/airflow/.local/lib/python3.7/site-packages/airflow/example_dags/example_trigger_target_dag.py
[2022-09-25T14:46:34.695+0000] {logging_mixin.py:115} INFO - [2022-09-25T14:46:34.695+0000] {dag.py:2429} INFO - Sync 1 DAGs
[2022-09-25T14:46:34.728+0000] {logging_mixin.py:115} INFO - [2022-09-25T14:46:34.728+0000] {dag.py:2981} INFO - Setting next_dagrun for example_trigger_target_dag to None, run_after=None
[2022-09-25T14:46:34.750+0000] {processor.py:161} INFO - Processing /home/airflow/.local/lib/python3.7/site-packages/airflow/example_dags/example_trigger_target_dag.py took 0.132 seconds
[2022-09-25T14:47:05.405+0000] {processor.py:153} INFO - Started process (PID=10402) to work on /home/airflow/.local/lib/python3.7/site-packages/airflow/example_dags/example_trigger_target_dag.py
[2022-09-25T14:47:05.407+0000] {processor.py:640} INFO - Processing file /home/airflow/.local/lib/python3.7/site-packages/airflow/example_dags/example_trigger_target_dag.py for tasks to queue
[2022-09-25T14:47:05.409+0000] {logging_mixin.py:115} INFO - [2022-09-25T14:47:05.409+0000] {dagbag.py:508} INFO - Filling up the DagBag from /home/airflow/.local/lib/python3.7/site-packages/airflow/example_dags/example_trigger_target_dag.py
[2022-09-25T14:47:05.433+0000] {processor.py:650} INFO - DAG(s) dict_keys(['example_trigger_target_dag']) retrieved from /home/airflow/.local/lib/python3.7/site-packages/airflow/example_dags/example_trigger_target_dag.py
[2022-09-25T14:47:05.478+0000] {logging_mixin.py:115} INFO - [2022-09-25T14:47:05.478+0000] {dag.py:2429} INFO - Sync 1 DAGs
[2022-09-25T14:47:05.515+0000] {logging_mixin.py:115} INFO - [2022-09-25T14:47:05.514+0000] {dag.py:2981} INFO - Setting next_dagrun for example_trigger_target_dag to None, run_after=None
[2022-09-25T14:47:05.537+0000] {processor.py:161} INFO - Processing /home/airflow/.local/lib/python3.7/site-packages/airflow/example_dags/example_trigger_target_dag.py took 0.138 seconds
[2022-09-25T14:47:36.306+0000] {processor.py:153} INFO - Started process (PID=10607) to work on /home/airflow/.local/lib/python3.7/site-packages/airflow/example_dags/example_trigger_target_dag.py
[2022-09-25T14:47:36.317+0000] {processor.py:640} INFO - Processing file /home/airflow/.local/lib/python3.7/site-packages/airflow/example_dags/example_trigger_target_dag.py for tasks to queue
[2022-09-25T14:47:36.324+0000] {logging_mixin.py:115} INFO - [2022-09-25T14:47:36.323+0000] {dagbag.py:508} INFO - Filling up the DagBag from /home/airflow/.local/lib/python3.7/site-packages/airflow/example_dags/example_trigger_target_dag.py
[2022-09-25T14:47:36.374+0000] {processor.py:650} INFO - DAG(s) dict_keys(['example_trigger_target_dag']) retrieved from /home/airflow/.local/lib/python3.7/site-packages/airflow/example_dags/example_trigger_target_dag.py
[2022-09-25T14:47:36.440+0000] {logging_mixin.py:115} INFO - [2022-09-25T14:47:36.440+0000] {dag.py:2429} INFO - Sync 1 DAGs
[2022-09-25T14:47:36.528+0000] {logging_mixin.py:115} INFO - [2022-09-25T14:47:36.527+0000] {dag.py:2981} INFO - Setting next_dagrun for example_trigger_target_dag to None, run_after=None
[2022-09-25T14:47:36.587+0000] {processor.py:161} INFO - Processing /home/airflow/.local/lib/python3.7/site-packages/airflow/example_dags/example_trigger_target_dag.py took 0.290 seconds
[2022-09-25T14:48:06.931+0000] {processor.py:153} INFO - Started process (PID=10822) to work on /home/airflow/.local/lib/python3.7/site-packages/airflow/example_dags/example_trigger_target_dag.py
[2022-09-25T14:48:06.934+0000] {processor.py:640} INFO - Processing file /home/airflow/.local/lib/python3.7/site-packages/airflow/example_dags/example_trigger_target_dag.py for tasks to queue
[2022-09-25T14:48:06.936+0000] {logging_mixin.py:115} INFO - [2022-09-25T14:48:06.936+0000] {dagbag.py:508} INFO - Filling up the DagBag from /home/airflow/.local/lib/python3.7/site-packages/airflow/example_dags/example_trigger_target_dag.py
[2022-09-25T14:48:06.960+0000] {processor.py:650} INFO - DAG(s) dict_keys(['example_trigger_target_dag']) retrieved from /home/airflow/.local/lib/python3.7/site-packages/airflow/example_dags/example_trigger_target_dag.py
[2022-09-25T14:48:07.008+0000] {logging_mixin.py:115} INFO - [2022-09-25T14:48:07.008+0000] {dag.py:2429} INFO - Sync 1 DAGs
[2022-09-25T14:48:07.043+0000] {logging_mixin.py:115} INFO - [2022-09-25T14:48:07.043+0000] {dag.py:2981} INFO - Setting next_dagrun for example_trigger_target_dag to None, run_after=None
[2022-09-25T14:48:07.069+0000] {processor.py:161} INFO - Processing /home/airflow/.local/lib/python3.7/site-packages/airflow/example_dags/example_trigger_target_dag.py took 0.143 seconds
[2022-09-25T14:48:37.822+0000] {processor.py:153} INFO - Started process (PID=11027) to work on /home/airflow/.local/lib/python3.7/site-packages/airflow/example_dags/example_trigger_target_dag.py
[2022-09-25T14:48:37.827+0000] {processor.py:640} INFO - Processing file /home/airflow/.local/lib/python3.7/site-packages/airflow/example_dags/example_trigger_target_dag.py for tasks to queue
[2022-09-25T14:48:37.832+0000] {logging_mixin.py:115} INFO - [2022-09-25T14:48:37.831+0000] {dagbag.py:508} INFO - Filling up the DagBag from /home/airflow/.local/lib/python3.7/site-packages/airflow/example_dags/example_trigger_target_dag.py
[2022-09-25T14:48:37.891+0000] {processor.py:650} INFO - DAG(s) dict_keys(['example_trigger_target_dag']) retrieved from /home/airflow/.local/lib/python3.7/site-packages/airflow/example_dags/example_trigger_target_dag.py
[2022-09-25T14:48:38.003+0000] {logging_mixin.py:115} INFO - [2022-09-25T14:48:38.003+0000] {dag.py:2429} INFO - Sync 1 DAGs
[2022-09-25T14:48:38.061+0000] {logging_mixin.py:115} INFO - [2022-09-25T14:48:38.061+0000] {dag.py:2981} INFO - Setting next_dagrun for example_trigger_target_dag to None, run_after=None
[2022-09-25T14:48:38.088+0000] {processor.py:161} INFO - Processing /home/airflow/.local/lib/python3.7/site-packages/airflow/example_dags/example_trigger_target_dag.py took 0.277 seconds
[2022-09-25T14:49:09.133+0000] {processor.py:153} INFO - Started process (PID=11243) to work on /home/airflow/.local/lib/python3.7/site-packages/airflow/example_dags/example_trigger_target_dag.py
[2022-09-25T14:49:09.142+0000] {processor.py:640} INFO - Processing file /home/airflow/.local/lib/python3.7/site-packages/airflow/example_dags/example_trigger_target_dag.py for tasks to queue
[2022-09-25T14:49:09.144+0000] {logging_mixin.py:115} INFO - [2022-09-25T14:49:09.144+0000] {dagbag.py:508} INFO - Filling up the DagBag from /home/airflow/.local/lib/python3.7/site-packages/airflow/example_dags/example_trigger_target_dag.py
[2022-09-25T14:49:09.170+0000] {processor.py:650} INFO - DAG(s) dict_keys(['example_trigger_target_dag']) retrieved from /home/airflow/.local/lib/python3.7/site-packages/airflow/example_dags/example_trigger_target_dag.py
[2022-09-25T14:49:09.225+0000] {logging_mixin.py:115} INFO - [2022-09-25T14:49:09.224+0000] {dag.py:2429} INFO - Sync 1 DAGs
[2022-09-25T14:49:09.260+0000] {logging_mixin.py:115} INFO - [2022-09-25T14:49:09.260+0000] {dag.py:2981} INFO - Setting next_dagrun for example_trigger_target_dag to None, run_after=None
[2022-09-25T14:49:09.277+0000] {processor.py:161} INFO - Processing /home/airflow/.local/lib/python3.7/site-packages/airflow/example_dags/example_trigger_target_dag.py took 0.150 seconds
[2022-09-25T14:49:39.742+0000] {processor.py:153} INFO - Started process (PID=11454) to work on /home/airflow/.local/lib/python3.7/site-packages/airflow/example_dags/example_trigger_target_dag.py
[2022-09-25T14:49:39.747+0000] {processor.py:640} INFO - Processing file /home/airflow/.local/lib/python3.7/site-packages/airflow/example_dags/example_trigger_target_dag.py for tasks to queue
[2022-09-25T14:49:39.750+0000] {logging_mixin.py:115} INFO - [2022-09-25T14:49:39.750+0000] {dagbag.py:508} INFO - Filling up the DagBag from /home/airflow/.local/lib/python3.7/site-packages/airflow/example_dags/example_trigger_target_dag.py
[2022-09-25T14:49:39.798+0000] {processor.py:650} INFO - DAG(s) dict_keys(['example_trigger_target_dag']) retrieved from /home/airflow/.local/lib/python3.7/site-packages/airflow/example_dags/example_trigger_target_dag.py
[2022-09-25T14:49:39.873+0000] {logging_mixin.py:115} INFO - [2022-09-25T14:49:39.873+0000] {dag.py:2429} INFO - Sync 1 DAGs
[2022-09-25T14:49:39.937+0000] {logging_mixin.py:115} INFO - [2022-09-25T14:49:39.937+0000] {dag.py:2981} INFO - Setting next_dagrun for example_trigger_target_dag to None, run_after=None
[2022-09-25T14:49:39.971+0000] {processor.py:161} INFO - Processing /home/airflow/.local/lib/python3.7/site-packages/airflow/example_dags/example_trigger_target_dag.py took 0.236 seconds
[2022-09-25T14:50:10.666+0000] {processor.py:153} INFO - Started process (PID=11669) to work on /home/airflow/.local/lib/python3.7/site-packages/airflow/example_dags/example_trigger_target_dag.py
[2022-09-25T14:50:10.670+0000] {processor.py:640} INFO - Processing file /home/airflow/.local/lib/python3.7/site-packages/airflow/example_dags/example_trigger_target_dag.py for tasks to queue
[2022-09-25T14:50:10.674+0000] {logging_mixin.py:115} INFO - [2022-09-25T14:50:10.673+0000] {dagbag.py:508} INFO - Filling up the DagBag from /home/airflow/.local/lib/python3.7/site-packages/airflow/example_dags/example_trigger_target_dag.py
[2022-09-25T14:50:10.701+0000] {processor.py:650} INFO - DAG(s) dict_keys(['example_trigger_target_dag']) retrieved from /home/airflow/.local/lib/python3.7/site-packages/airflow/example_dags/example_trigger_target_dag.py
[2022-09-25T14:50:10.750+0000] {logging_mixin.py:115} INFO - [2022-09-25T14:50:10.750+0000] {dag.py:2429} INFO - Sync 1 DAGs
[2022-09-25T14:50:10.788+0000] {logging_mixin.py:115} INFO - [2022-09-25T14:50:10.788+0000] {dag.py:2981} INFO - Setting next_dagrun for example_trigger_target_dag to None, run_after=None
[2022-09-25T14:50:10.814+0000] {processor.py:161} INFO - Processing /home/airflow/.local/lib/python3.7/site-packages/airflow/example_dags/example_trigger_target_dag.py took 0.159 seconds
[2022-09-25T14:50:40.991+0000] {processor.py:153} INFO - Started process (PID=11875) to work on /home/airflow/.local/lib/python3.7/site-packages/airflow/example_dags/example_trigger_target_dag.py
[2022-09-25T14:50:41.000+0000] {processor.py:640} INFO - Processing file /home/airflow/.local/lib/python3.7/site-packages/airflow/example_dags/example_trigger_target_dag.py for tasks to queue
[2022-09-25T14:50:41.003+0000] {logging_mixin.py:115} INFO - [2022-09-25T14:50:41.003+0000] {dagbag.py:508} INFO - Filling up the DagBag from /home/airflow/.local/lib/python3.7/site-packages/airflow/example_dags/example_trigger_target_dag.py
[2022-09-25T14:50:41.030+0000] {processor.py:650} INFO - DAG(s) dict_keys(['example_trigger_target_dag']) retrieved from /home/airflow/.local/lib/python3.7/site-packages/airflow/example_dags/example_trigger_target_dag.py
[2022-09-25T14:50:41.080+0000] {logging_mixin.py:115} INFO - [2022-09-25T14:50:41.079+0000] {dag.py:2429} INFO - Sync 1 DAGs
[2022-09-25T14:50:41.119+0000] {logging_mixin.py:115} INFO - [2022-09-25T14:50:41.119+0000] {dag.py:2981} INFO - Setting next_dagrun for example_trigger_target_dag to None, run_after=None
[2022-09-25T14:50:41.145+0000] {processor.py:161} INFO - Processing /home/airflow/.local/lib/python3.7/site-packages/airflow/example_dags/example_trigger_target_dag.py took 0.160 seconds
[2022-09-25T14:51:11.746+0000] {processor.py:153} INFO - Started process (PID=12089) to work on /home/airflow/.local/lib/python3.7/site-packages/airflow/example_dags/example_trigger_target_dag.py
[2022-09-25T14:51:11.748+0000] {processor.py:640} INFO - Processing file /home/airflow/.local/lib/python3.7/site-packages/airflow/example_dags/example_trigger_target_dag.py for tasks to queue
[2022-09-25T14:51:11.751+0000] {logging_mixin.py:115} INFO - [2022-09-25T14:51:11.750+0000] {dagbag.py:508} INFO - Filling up the DagBag from /home/airflow/.local/lib/python3.7/site-packages/airflow/example_dags/example_trigger_target_dag.py
[2022-09-25T14:51:11.778+0000] {processor.py:650} INFO - DAG(s) dict_keys(['example_trigger_target_dag']) retrieved from /home/airflow/.local/lib/python3.7/site-packages/airflow/example_dags/example_trigger_target_dag.py
[2022-09-25T14:51:11.821+0000] {logging_mixin.py:115} INFO - [2022-09-25T14:51:11.821+0000] {dag.py:2429} INFO - Sync 1 DAGs
[2022-09-25T14:51:11.856+0000] {logging_mixin.py:115} INFO - [2022-09-25T14:51:11.856+0000] {dag.py:2981} INFO - Setting next_dagrun for example_trigger_target_dag to None, run_after=None
[2022-09-25T14:51:11.878+0000] {processor.py:161} INFO - Processing /home/airflow/.local/lib/python3.7/site-packages/airflow/example_dags/example_trigger_target_dag.py took 0.138 seconds
[2022-09-25T14:51:42.669+0000] {processor.py:153} INFO - Started process (PID=12294) to work on /home/airflow/.local/lib/python3.7/site-packages/airflow/example_dags/example_trigger_target_dag.py
[2022-09-25T14:51:42.672+0000] {processor.py:640} INFO - Processing file /home/airflow/.local/lib/python3.7/site-packages/airflow/example_dags/example_trigger_target_dag.py for tasks to queue
[2022-09-25T14:51:42.674+0000] {logging_mixin.py:115} INFO - [2022-09-25T14:51:42.674+0000] {dagbag.py:508} INFO - Filling up the DagBag from /home/airflow/.local/lib/python3.7/site-packages/airflow/example_dags/example_trigger_target_dag.py
[2022-09-25T14:51:42.700+0000] {processor.py:650} INFO - DAG(s) dict_keys(['example_trigger_target_dag']) retrieved from /home/airflow/.local/lib/python3.7/site-packages/airflow/example_dags/example_trigger_target_dag.py
[2022-09-25T14:51:42.745+0000] {logging_mixin.py:115} INFO - [2022-09-25T14:51:42.745+0000] {dag.py:2429} INFO - Sync 1 DAGs
[2022-09-25T14:51:42.788+0000] {logging_mixin.py:115} INFO - [2022-09-25T14:51:42.788+0000] {dag.py:2981} INFO - Setting next_dagrun for example_trigger_target_dag to None, run_after=None
[2022-09-25T14:51:42.808+0000] {processor.py:161} INFO - Processing /home/airflow/.local/lib/python3.7/site-packages/airflow/example_dags/example_trigger_target_dag.py took 0.145 seconds
[2022-09-25T14:52:12.898+0000] {processor.py:153} INFO - Started process (PID=12506) to work on /home/airflow/.local/lib/python3.7/site-packages/airflow/example_dags/example_trigger_target_dag.py
[2022-09-25T14:52:12.900+0000] {processor.py:640} INFO - Processing file /home/airflow/.local/lib/python3.7/site-packages/airflow/example_dags/example_trigger_target_dag.py for tasks to queue
[2022-09-25T14:52:12.903+0000] {logging_mixin.py:115} INFO - [2022-09-25T14:52:12.902+0000] {dagbag.py:508} INFO - Filling up the DagBag from /home/airflow/.local/lib/python3.7/site-packages/airflow/example_dags/example_trigger_target_dag.py
[2022-09-25T14:52:12.950+0000] {processor.py:650} INFO - DAG(s) dict_keys(['example_trigger_target_dag']) retrieved from /home/airflow/.local/lib/python3.7/site-packages/airflow/example_dags/example_trigger_target_dag.py
[2022-09-25T14:52:13.034+0000] {logging_mixin.py:115} INFO - [2022-09-25T14:52:13.033+0000] {dag.py:2429} INFO - Sync 1 DAGs
[2022-09-25T14:52:13.103+0000] {logging_mixin.py:115} INFO - [2022-09-25T14:52:13.103+0000] {dag.py:2981} INFO - Setting next_dagrun for example_trigger_target_dag to None, run_after=None
[2022-09-25T14:52:13.133+0000] {processor.py:161} INFO - Processing /home/airflow/.local/lib/python3.7/site-packages/airflow/example_dags/example_trigger_target_dag.py took 0.243 seconds
