[2022-09-25T14:22:32.826+0000] {processor.py:153} INFO - Started process (PID=385) to work on /home/airflow/.local/lib/python3.7/site-packages/airflow/example_dags/example_external_task_marker_dag.py
[2022-09-25T14:22:32.832+0000] {processor.py:640} INFO - Processing file /home/airflow/.local/lib/python3.7/site-packages/airflow/example_dags/example_external_task_marker_dag.py for tasks to queue
[2022-09-25T14:22:32.836+0000] {logging_mixin.py:115} INFO - [2022-09-25T14:22:32.835+0000] {dagbag.py:508} INFO - Filling up the DagBag from /home/airflow/.local/lib/python3.7/site-packages/airflow/example_dags/example_external_task_marker_dag.py
[2022-09-25T14:22:32.862+0000] {processor.py:650} INFO - DAG(s) dict_keys(['example_external_task_marker_parent', 'example_external_task_marker_child']) retrieved from /home/airflow/.local/lib/python3.7/site-packages/airflow/example_dags/example_external_task_marker_dag.py
[2022-09-25T14:22:37.256+0000] {logging_mixin.py:115} INFO - [2022-09-25T14:22:37.254+0000] {dag.py:2429} INFO - Sync 2 DAGs
[2022-09-25T14:22:37.882+0000] {logging_mixin.py:115} INFO - [2022-09-25T14:22:37.875+0000] {dag.py:2981} INFO - Setting next_dagrun for example_external_task_marker_child to None, run_after=None
[2022-09-25T14:22:37.885+0000] {logging_mixin.py:115} INFO - [2022-09-25T14:22:37.884+0000] {dag.py:2981} INFO - Setting next_dagrun for example_external_task_marker_parent to None, run_after=None
[2022-09-25T14:22:38.083+0000] {processor.py:161} INFO - Processing /home/airflow/.local/lib/python3.7/site-packages/airflow/example_dags/example_external_task_marker_dag.py took 5.273 seconds
[2022-09-25T14:23:08.720+0000] {processor.py:153} INFO - Started process (PID=608) to work on /home/airflow/.local/lib/python3.7/site-packages/airflow/example_dags/example_external_task_marker_dag.py
[2022-09-25T14:23:08.724+0000] {processor.py:640} INFO - Processing file /home/airflow/.local/lib/python3.7/site-packages/airflow/example_dags/example_external_task_marker_dag.py for tasks to queue
[2022-09-25T14:23:08.727+0000] {logging_mixin.py:115} INFO - [2022-09-25T14:23:08.726+0000] {dagbag.py:508} INFO - Filling up the DagBag from /home/airflow/.local/lib/python3.7/site-packages/airflow/example_dags/example_external_task_marker_dag.py
[2022-09-25T14:23:08.740+0000] {processor.py:650} INFO - DAG(s) dict_keys(['example_external_task_marker_parent', 'example_external_task_marker_child']) retrieved from /home/airflow/.local/lib/python3.7/site-packages/airflow/example_dags/example_external_task_marker_dag.py
[2022-09-25T14:23:09.126+0000] {logging_mixin.py:115} INFO - [2022-09-25T14:23:09.125+0000] {dag.py:2429} INFO - Sync 2 DAGs
[2022-09-25T14:23:09.171+0000] {logging_mixin.py:115} INFO - [2022-09-25T14:23:09.171+0000] {dag.py:2981} INFO - Setting next_dagrun for example_external_task_marker_child to None, run_after=None
[2022-09-25T14:23:09.173+0000] {logging_mixin.py:115} INFO - [2022-09-25T14:23:09.173+0000] {dag.py:2981} INFO - Setting next_dagrun for example_external_task_marker_parent to None, run_after=None
[2022-09-25T14:23:09.204+0000] {processor.py:161} INFO - Processing /home/airflow/.local/lib/python3.7/site-packages/airflow/example_dags/example_external_task_marker_dag.py took 0.492 seconds
[2022-09-25T14:23:39.556+0000] {processor.py:153} INFO - Started process (PID=822) to work on /home/airflow/.local/lib/python3.7/site-packages/airflow/example_dags/example_external_task_marker_dag.py
[2022-09-25T14:23:39.558+0000] {processor.py:640} INFO - Processing file /home/airflow/.local/lib/python3.7/site-packages/airflow/example_dags/example_external_task_marker_dag.py for tasks to queue
[2022-09-25T14:23:39.560+0000] {logging_mixin.py:115} INFO - [2022-09-25T14:23:39.560+0000] {dagbag.py:508} INFO - Filling up the DagBag from /home/airflow/.local/lib/python3.7/site-packages/airflow/example_dags/example_external_task_marker_dag.py
[2022-09-25T14:23:39.570+0000] {processor.py:650} INFO - DAG(s) dict_keys(['example_external_task_marker_parent', 'example_external_task_marker_child']) retrieved from /home/airflow/.local/lib/python3.7/site-packages/airflow/example_dags/example_external_task_marker_dag.py
[2022-09-25T14:23:39.904+0000] {logging_mixin.py:115} INFO - [2022-09-25T14:23:39.903+0000] {dag.py:2429} INFO - Sync 2 DAGs
[2022-09-25T14:23:39.942+0000] {logging_mixin.py:115} INFO - [2022-09-25T14:23:39.942+0000] {dag.py:2981} INFO - Setting next_dagrun for example_external_task_marker_child to None, run_after=None
[2022-09-25T14:23:39.944+0000] {logging_mixin.py:115} INFO - [2022-09-25T14:23:39.944+0000] {dag.py:2981} INFO - Setting next_dagrun for example_external_task_marker_parent to None, run_after=None
[2022-09-25T14:23:39.969+0000] {processor.py:161} INFO - Processing /home/airflow/.local/lib/python3.7/site-packages/airflow/example_dags/example_external_task_marker_dag.py took 0.424 seconds
[2022-09-25T14:24:10.504+0000] {processor.py:153} INFO - Started process (PID=1027) to work on /home/airflow/.local/lib/python3.7/site-packages/airflow/example_dags/example_external_task_marker_dag.py
[2022-09-25T14:24:10.507+0000] {processor.py:640} INFO - Processing file /home/airflow/.local/lib/python3.7/site-packages/airflow/example_dags/example_external_task_marker_dag.py for tasks to queue
[2022-09-25T14:24:10.509+0000] {logging_mixin.py:115} INFO - [2022-09-25T14:24:10.508+0000] {dagbag.py:508} INFO - Filling up the DagBag from /home/airflow/.local/lib/python3.7/site-packages/airflow/example_dags/example_external_task_marker_dag.py
[2022-09-25T14:24:10.516+0000] {processor.py:650} INFO - DAG(s) dict_keys(['example_external_task_marker_parent', 'example_external_task_marker_child']) retrieved from /home/airflow/.local/lib/python3.7/site-packages/airflow/example_dags/example_external_task_marker_dag.py
[2022-09-25T14:24:10.791+0000] {logging_mixin.py:115} INFO - [2022-09-25T14:24:10.791+0000] {dag.py:2429} INFO - Sync 2 DAGs
[2022-09-25T14:24:10.824+0000] {logging_mixin.py:115} INFO - [2022-09-25T14:24:10.824+0000] {dag.py:2981} INFO - Setting next_dagrun for example_external_task_marker_child to None, run_after=None
[2022-09-25T14:24:10.826+0000] {logging_mixin.py:115} INFO - [2022-09-25T14:24:10.826+0000] {dag.py:2981} INFO - Setting next_dagrun for example_external_task_marker_parent to None, run_after=None
[2022-09-25T14:24:10.844+0000] {processor.py:161} INFO - Processing /home/airflow/.local/lib/python3.7/site-packages/airflow/example_dags/example_external_task_marker_dag.py took 0.346 seconds
[2022-09-25T14:24:41.760+0000] {processor.py:153} INFO - Started process (PID=1247) to work on /home/airflow/.local/lib/python3.7/site-packages/airflow/example_dags/example_external_task_marker_dag.py
[2022-09-25T14:24:41.762+0000] {processor.py:640} INFO - Processing file /home/airflow/.local/lib/python3.7/site-packages/airflow/example_dags/example_external_task_marker_dag.py for tasks to queue
[2022-09-25T14:24:41.764+0000] {logging_mixin.py:115} INFO - [2022-09-25T14:24:41.764+0000] {dagbag.py:508} INFO - Filling up the DagBag from /home/airflow/.local/lib/python3.7/site-packages/airflow/example_dags/example_external_task_marker_dag.py
[2022-09-25T14:24:41.771+0000] {processor.py:650} INFO - DAG(s) dict_keys(['example_external_task_marker_parent', 'example_external_task_marker_child']) retrieved from /home/airflow/.local/lib/python3.7/site-packages/airflow/example_dags/example_external_task_marker_dag.py
[2022-09-25T14:24:42.091+0000] {logging_mixin.py:115} INFO - [2022-09-25T14:24:42.090+0000] {dag.py:2429} INFO - Sync 2 DAGs
[2022-09-25T14:24:42.129+0000] {logging_mixin.py:115} INFO - [2022-09-25T14:24:42.129+0000] {dag.py:2981} INFO - Setting next_dagrun for example_external_task_marker_child to None, run_after=None
[2022-09-25T14:24:42.131+0000] {logging_mixin.py:115} INFO - [2022-09-25T14:24:42.131+0000] {dag.py:2981} INFO - Setting next_dagrun for example_external_task_marker_parent to None, run_after=None
[2022-09-25T14:24:42.152+0000] {processor.py:161} INFO - Processing /home/airflow/.local/lib/python3.7/site-packages/airflow/example_dags/example_external_task_marker_dag.py took 0.399 seconds
[2022-09-25T14:25:12.340+0000] {processor.py:153} INFO - Started process (PID=1459) to work on /home/airflow/.local/lib/python3.7/site-packages/airflow/example_dags/example_external_task_marker_dag.py
[2022-09-25T14:25:12.346+0000] {processor.py:640} INFO - Processing file /home/airflow/.local/lib/python3.7/site-packages/airflow/example_dags/example_external_task_marker_dag.py for tasks to queue
[2022-09-25T14:25:12.350+0000] {logging_mixin.py:115} INFO - [2022-09-25T14:25:12.349+0000] {dagbag.py:508} INFO - Filling up the DagBag from /home/airflow/.local/lib/python3.7/site-packages/airflow/example_dags/example_external_task_marker_dag.py
[2022-09-25T14:25:12.364+0000] {processor.py:650} INFO - DAG(s) dict_keys(['example_external_task_marker_parent', 'example_external_task_marker_child']) retrieved from /home/airflow/.local/lib/python3.7/site-packages/airflow/example_dags/example_external_task_marker_dag.py
[2022-09-25T14:25:13.005+0000] {logging_mixin.py:115} INFO - [2022-09-25T14:25:13.005+0000] {dag.py:2429} INFO - Sync 2 DAGs
[2022-09-25T14:25:13.054+0000] {logging_mixin.py:115} INFO - [2022-09-25T14:25:13.054+0000] {dag.py:2981} INFO - Setting next_dagrun for example_external_task_marker_child to None, run_after=None
[2022-09-25T14:25:13.056+0000] {logging_mixin.py:115} INFO - [2022-09-25T14:25:13.056+0000] {dag.py:2981} INFO - Setting next_dagrun for example_external_task_marker_parent to None, run_after=None
[2022-09-25T14:25:13.091+0000] {processor.py:161} INFO - Processing /home/airflow/.local/lib/python3.7/site-packages/airflow/example_dags/example_external_task_marker_dag.py took 0.762 seconds
[2022-09-25T14:25:43.783+0000] {processor.py:153} INFO - Started process (PID=1666) to work on /home/airflow/.local/lib/python3.7/site-packages/airflow/example_dags/example_external_task_marker_dag.py
[2022-09-25T14:25:43.791+0000] {processor.py:640} INFO - Processing file /home/airflow/.local/lib/python3.7/site-packages/airflow/example_dags/example_external_task_marker_dag.py for tasks to queue
[2022-09-25T14:25:43.792+0000] {logging_mixin.py:115} INFO - [2022-09-25T14:25:43.792+0000] {dagbag.py:508} INFO - Filling up the DagBag from /home/airflow/.local/lib/python3.7/site-packages/airflow/example_dags/example_external_task_marker_dag.py
[2022-09-25T14:25:43.800+0000] {processor.py:650} INFO - DAG(s) dict_keys(['example_external_task_marker_parent', 'example_external_task_marker_child']) retrieved from /home/airflow/.local/lib/python3.7/site-packages/airflow/example_dags/example_external_task_marker_dag.py
[2022-09-25T14:25:44.107+0000] {logging_mixin.py:115} INFO - [2022-09-25T14:25:44.107+0000] {dag.py:2429} INFO - Sync 2 DAGs
[2022-09-25T14:25:44.143+0000] {logging_mixin.py:115} INFO - [2022-09-25T14:25:44.143+0000] {dag.py:2981} INFO - Setting next_dagrun for example_external_task_marker_child to None, run_after=None
[2022-09-25T14:25:44.145+0000] {logging_mixin.py:115} INFO - [2022-09-25T14:25:44.145+0000] {dag.py:2981} INFO - Setting next_dagrun for example_external_task_marker_parent to None, run_after=None
[2022-09-25T14:25:44.170+0000] {processor.py:161} INFO - Processing /home/airflow/.local/lib/python3.7/site-packages/airflow/example_dags/example_external_task_marker_dag.py took 0.392 seconds
[2022-09-25T14:26:14.599+0000] {processor.py:153} INFO - Started process (PID=1872) to work on /home/airflow/.local/lib/python3.7/site-packages/airflow/example_dags/example_external_task_marker_dag.py
[2022-09-25T14:26:14.608+0000] {processor.py:640} INFO - Processing file /home/airflow/.local/lib/python3.7/site-packages/airflow/example_dags/example_external_task_marker_dag.py for tasks to queue
[2022-09-25T14:26:14.610+0000] {logging_mixin.py:115} INFO - [2022-09-25T14:26:14.610+0000] {dagbag.py:508} INFO - Filling up the DagBag from /home/airflow/.local/lib/python3.7/site-packages/airflow/example_dags/example_external_task_marker_dag.py
[2022-09-25T14:26:14.616+0000] {processor.py:650} INFO - DAG(s) dict_keys(['example_external_task_marker_parent', 'example_external_task_marker_child']) retrieved from /home/airflow/.local/lib/python3.7/site-packages/airflow/example_dags/example_external_task_marker_dag.py
[2022-09-25T14:26:14.942+0000] {logging_mixin.py:115} INFO - [2022-09-25T14:26:14.942+0000] {dag.py:2429} INFO - Sync 2 DAGs
[2022-09-25T14:26:14.977+0000] {logging_mixin.py:115} INFO - [2022-09-25T14:26:14.977+0000] {dag.py:2981} INFO - Setting next_dagrun for example_external_task_marker_child to None, run_after=None
[2022-09-25T14:26:14.979+0000] {logging_mixin.py:115} INFO - [2022-09-25T14:26:14.979+0000] {dag.py:2981} INFO - Setting next_dagrun for example_external_task_marker_parent to None, run_after=None
[2022-09-25T14:26:15.005+0000] {processor.py:161} INFO - Processing /home/airflow/.local/lib/python3.7/site-packages/airflow/example_dags/example_external_task_marker_dag.py took 0.412 seconds
[2022-09-25T14:26:45.458+0000] {processor.py:153} INFO - Started process (PID=2087) to work on /home/airflow/.local/lib/python3.7/site-packages/airflow/example_dags/example_external_task_marker_dag.py
[2022-09-25T14:26:45.461+0000] {processor.py:640} INFO - Processing file /home/airflow/.local/lib/python3.7/site-packages/airflow/example_dags/example_external_task_marker_dag.py for tasks to queue
[2022-09-25T14:26:45.464+0000] {logging_mixin.py:115} INFO - [2022-09-25T14:26:45.464+0000] {dagbag.py:508} INFO - Filling up the DagBag from /home/airflow/.local/lib/python3.7/site-packages/airflow/example_dags/example_external_task_marker_dag.py
[2022-09-25T14:26:45.472+0000] {processor.py:650} INFO - DAG(s) dict_keys(['example_external_task_marker_parent', 'example_external_task_marker_child']) retrieved from /home/airflow/.local/lib/python3.7/site-packages/airflow/example_dags/example_external_task_marker_dag.py
[2022-09-25T14:26:45.796+0000] {logging_mixin.py:115} INFO - [2022-09-25T14:26:45.796+0000] {dag.py:2429} INFO - Sync 2 DAGs
[2022-09-25T14:26:45.827+0000] {logging_mixin.py:115} INFO - [2022-09-25T14:26:45.827+0000] {dag.py:2981} INFO - Setting next_dagrun for example_external_task_marker_child to None, run_after=None
[2022-09-25T14:26:45.829+0000] {logging_mixin.py:115} INFO - [2022-09-25T14:26:45.828+0000] {dag.py:2981} INFO - Setting next_dagrun for example_external_task_marker_parent to None, run_after=None
[2022-09-25T14:26:45.848+0000] {processor.py:161} INFO - Processing /home/airflow/.local/lib/python3.7/site-packages/airflow/example_dags/example_external_task_marker_dag.py took 0.397 seconds
[2022-09-25T14:27:16.084+0000] {processor.py:153} INFO - Started process (PID=2300) to work on /home/airflow/.local/lib/python3.7/site-packages/airflow/example_dags/example_external_task_marker_dag.py
[2022-09-25T14:27:16.086+0000] {processor.py:640} INFO - Processing file /home/airflow/.local/lib/python3.7/site-packages/airflow/example_dags/example_external_task_marker_dag.py for tasks to queue
[2022-09-25T14:27:16.087+0000] {logging_mixin.py:115} INFO - [2022-09-25T14:27:16.087+0000] {dagbag.py:508} INFO - Filling up the DagBag from /home/airflow/.local/lib/python3.7/site-packages/airflow/example_dags/example_external_task_marker_dag.py
[2022-09-25T14:27:16.094+0000] {processor.py:650} INFO - DAG(s) dict_keys(['example_external_task_marker_parent', 'example_external_task_marker_child']) retrieved from /home/airflow/.local/lib/python3.7/site-packages/airflow/example_dags/example_external_task_marker_dag.py
[2022-09-25T14:27:16.383+0000] {logging_mixin.py:115} INFO - [2022-09-25T14:27:16.383+0000] {dag.py:2429} INFO - Sync 2 DAGs
[2022-09-25T14:27:16.427+0000] {logging_mixin.py:115} INFO - [2022-09-25T14:27:16.427+0000] {dag.py:2981} INFO - Setting next_dagrun for example_external_task_marker_child to None, run_after=None
[2022-09-25T14:27:16.429+0000] {logging_mixin.py:115} INFO - [2022-09-25T14:27:16.428+0000] {dag.py:2981} INFO - Setting next_dagrun for example_external_task_marker_parent to None, run_after=None
[2022-09-25T14:27:16.456+0000] {processor.py:161} INFO - Processing /home/airflow/.local/lib/python3.7/site-packages/airflow/example_dags/example_external_task_marker_dag.py took 0.377 seconds
[2022-09-25T14:27:47.281+0000] {processor.py:153} INFO - Started process (PID=2504) to work on /home/airflow/.local/lib/python3.7/site-packages/airflow/example_dags/example_external_task_marker_dag.py
[2022-09-25T14:27:47.285+0000] {processor.py:640} INFO - Processing file /home/airflow/.local/lib/python3.7/site-packages/airflow/example_dags/example_external_task_marker_dag.py for tasks to queue
[2022-09-25T14:27:47.288+0000] {logging_mixin.py:115} INFO - [2022-09-25T14:27:47.288+0000] {dagbag.py:508} INFO - Filling up the DagBag from /home/airflow/.local/lib/python3.7/site-packages/airflow/example_dags/example_external_task_marker_dag.py
[2022-09-25T14:27:47.296+0000] {processor.py:650} INFO - DAG(s) dict_keys(['example_external_task_marker_parent', 'example_external_task_marker_child']) retrieved from /home/airflow/.local/lib/python3.7/site-packages/airflow/example_dags/example_external_task_marker_dag.py
[2022-09-25T14:27:47.653+0000] {logging_mixin.py:115} INFO - [2022-09-25T14:27:47.652+0000] {dag.py:2429} INFO - Sync 2 DAGs
[2022-09-25T14:27:47.693+0000] {logging_mixin.py:115} INFO - [2022-09-25T14:27:47.693+0000] {dag.py:2981} INFO - Setting next_dagrun for example_external_task_marker_child to None, run_after=None
[2022-09-25T14:27:47.695+0000] {logging_mixin.py:115} INFO - [2022-09-25T14:27:47.695+0000] {dag.py:2981} INFO - Setting next_dagrun for example_external_task_marker_parent to None, run_after=None
[2022-09-25T14:27:47.721+0000] {processor.py:161} INFO - Processing /home/airflow/.local/lib/python3.7/site-packages/airflow/example_dags/example_external_task_marker_dag.py took 0.446 seconds
[2022-09-25T14:28:18.476+0000] {processor.py:153} INFO - Started process (PID=2718) to work on /home/airflow/.local/lib/python3.7/site-packages/airflow/example_dags/example_external_task_marker_dag.py
[2022-09-25T14:28:18.485+0000] {processor.py:640} INFO - Processing file /home/airflow/.local/lib/python3.7/site-packages/airflow/example_dags/example_external_task_marker_dag.py for tasks to queue
[2022-09-25T14:28:18.488+0000] {logging_mixin.py:115} INFO - [2022-09-25T14:28:18.488+0000] {dagbag.py:508} INFO - Filling up the DagBag from /home/airflow/.local/lib/python3.7/site-packages/airflow/example_dags/example_external_task_marker_dag.py
[2022-09-25T14:28:18.507+0000] {processor.py:650} INFO - DAG(s) dict_keys(['example_external_task_marker_parent', 'example_external_task_marker_child']) retrieved from /home/airflow/.local/lib/python3.7/site-packages/airflow/example_dags/example_external_task_marker_dag.py
[2022-09-25T14:28:18.861+0000] {logging_mixin.py:115} INFO - [2022-09-25T14:28:18.861+0000] {dag.py:2429} INFO - Sync 2 DAGs
[2022-09-25T14:28:18.902+0000] {logging_mixin.py:115} INFO - [2022-09-25T14:28:18.902+0000] {dag.py:2981} INFO - Setting next_dagrun for example_external_task_marker_child to None, run_after=None
[2022-09-25T14:28:18.904+0000] {logging_mixin.py:115} INFO - [2022-09-25T14:28:18.904+0000] {dag.py:2981} INFO - Setting next_dagrun for example_external_task_marker_parent to None, run_after=None
[2022-09-25T14:28:18.931+0000] {processor.py:161} INFO - Processing /home/airflow/.local/lib/python3.7/site-packages/airflow/example_dags/example_external_task_marker_dag.py took 0.461 seconds
[2022-09-25T14:28:49.016+0000] {processor.py:153} INFO - Started process (PID=2923) to work on /home/airflow/.local/lib/python3.7/site-packages/airflow/example_dags/example_external_task_marker_dag.py
[2022-09-25T14:28:49.024+0000] {processor.py:640} INFO - Processing file /home/airflow/.local/lib/python3.7/site-packages/airflow/example_dags/example_external_task_marker_dag.py for tasks to queue
[2022-09-25T14:28:49.026+0000] {logging_mixin.py:115} INFO - [2022-09-25T14:28:49.026+0000] {dagbag.py:508} INFO - Filling up the DagBag from /home/airflow/.local/lib/python3.7/site-packages/airflow/example_dags/example_external_task_marker_dag.py
[2022-09-25T14:28:49.033+0000] {processor.py:650} INFO - DAG(s) dict_keys(['example_external_task_marker_parent', 'example_external_task_marker_child']) retrieved from /home/airflow/.local/lib/python3.7/site-packages/airflow/example_dags/example_external_task_marker_dag.py
[2022-09-25T14:28:49.378+0000] {logging_mixin.py:115} INFO - [2022-09-25T14:28:49.378+0000] {dag.py:2429} INFO - Sync 2 DAGs
[2022-09-25T14:28:49.411+0000] {logging_mixin.py:115} INFO - [2022-09-25T14:28:49.411+0000] {dag.py:2981} INFO - Setting next_dagrun for example_external_task_marker_child to None, run_after=None
[2022-09-25T14:28:49.412+0000] {logging_mixin.py:115} INFO - [2022-09-25T14:28:49.412+0000] {dag.py:2981} INFO - Setting next_dagrun for example_external_task_marker_parent to None, run_after=None
[2022-09-25T14:28:49.431+0000] {processor.py:161} INFO - Processing /home/airflow/.local/lib/python3.7/site-packages/airflow/example_dags/example_external_task_marker_dag.py took 0.424 seconds
[2022-09-25T14:29:19.624+0000] {processor.py:153} INFO - Started process (PID=3137) to work on /home/airflow/.local/lib/python3.7/site-packages/airflow/example_dags/example_external_task_marker_dag.py
[2022-09-25T14:29:19.627+0000] {processor.py:640} INFO - Processing file /home/airflow/.local/lib/python3.7/site-packages/airflow/example_dags/example_external_task_marker_dag.py for tasks to queue
[2022-09-25T14:29:19.629+0000] {logging_mixin.py:115} INFO - [2022-09-25T14:29:19.629+0000] {dagbag.py:508} INFO - Filling up the DagBag from /home/airflow/.local/lib/python3.7/site-packages/airflow/example_dags/example_external_task_marker_dag.py
[2022-09-25T14:29:19.639+0000] {processor.py:650} INFO - DAG(s) dict_keys(['example_external_task_marker_parent', 'example_external_task_marker_child']) retrieved from /home/airflow/.local/lib/python3.7/site-packages/airflow/example_dags/example_external_task_marker_dag.py
[2022-09-25T14:29:20.055+0000] {logging_mixin.py:115} INFO - [2022-09-25T14:29:20.055+0000] {dag.py:2429} INFO - Sync 2 DAGs
[2022-09-25T14:29:20.110+0000] {logging_mixin.py:115} INFO - [2022-09-25T14:29:20.110+0000] {dag.py:2981} INFO - Setting next_dagrun for example_external_task_marker_child to None, run_after=None
[2022-09-25T14:29:20.114+0000] {logging_mixin.py:115} INFO - [2022-09-25T14:29:20.114+0000] {dag.py:2981} INFO - Setting next_dagrun for example_external_task_marker_parent to None, run_after=None
[2022-09-25T14:29:20.164+0000] {processor.py:161} INFO - Processing /home/airflow/.local/lib/python3.7/site-packages/airflow/example_dags/example_external_task_marker_dag.py took 0.546 seconds
[2022-09-25T14:29:50.863+0000] {processor.py:153} INFO - Started process (PID=3343) to work on /home/airflow/.local/lib/python3.7/site-packages/airflow/example_dags/example_external_task_marker_dag.py
[2022-09-25T14:29:50.866+0000] {processor.py:640} INFO - Processing file /home/airflow/.local/lib/python3.7/site-packages/airflow/example_dags/example_external_task_marker_dag.py for tasks to queue
[2022-09-25T14:29:50.870+0000] {logging_mixin.py:115} INFO - [2022-09-25T14:29:50.869+0000] {dagbag.py:508} INFO - Filling up the DagBag from /home/airflow/.local/lib/python3.7/site-packages/airflow/example_dags/example_external_task_marker_dag.py
[2022-09-25T14:29:50.900+0000] {processor.py:650} INFO - DAG(s) dict_keys(['example_external_task_marker_parent', 'example_external_task_marker_child']) retrieved from /home/airflow/.local/lib/python3.7/site-packages/airflow/example_dags/example_external_task_marker_dag.py
[2022-09-25T14:29:51.340+0000] {logging_mixin.py:115} INFO - [2022-09-25T14:29:51.340+0000] {dag.py:2429} INFO - Sync 2 DAGs
[2022-09-25T14:29:51.374+0000] {logging_mixin.py:115} INFO - [2022-09-25T14:29:51.374+0000] {dag.py:2981} INFO - Setting next_dagrun for example_external_task_marker_child to None, run_after=None
[2022-09-25T14:29:51.375+0000] {logging_mixin.py:115} INFO - [2022-09-25T14:29:51.375+0000] {dag.py:2981} INFO - Setting next_dagrun for example_external_task_marker_parent to None, run_after=None
[2022-09-25T14:29:51.400+0000] {processor.py:161} INFO - Processing /home/airflow/.local/lib/python3.7/site-packages/airflow/example_dags/example_external_task_marker_dag.py took 0.545 seconds
[2022-09-25T14:30:21.519+0000] {processor.py:153} INFO - Started process (PID=3557) to work on /home/airflow/.local/lib/python3.7/site-packages/airflow/example_dags/example_external_task_marker_dag.py
[2022-09-25T14:30:21.528+0000] {processor.py:640} INFO - Processing file /home/airflow/.local/lib/python3.7/site-packages/airflow/example_dags/example_external_task_marker_dag.py for tasks to queue
[2022-09-25T14:30:21.531+0000] {logging_mixin.py:115} INFO - [2022-09-25T14:30:21.530+0000] {dagbag.py:508} INFO - Filling up the DagBag from /home/airflow/.local/lib/python3.7/site-packages/airflow/example_dags/example_external_task_marker_dag.py
[2022-09-25T14:30:21.540+0000] {processor.py:650} INFO - DAG(s) dict_keys(['example_external_task_marker_parent', 'example_external_task_marker_child']) retrieved from /home/airflow/.local/lib/python3.7/site-packages/airflow/example_dags/example_external_task_marker_dag.py
[2022-09-25T14:30:21.894+0000] {logging_mixin.py:115} INFO - [2022-09-25T14:30:21.894+0000] {dag.py:2429} INFO - Sync 2 DAGs
[2022-09-25T14:30:21.929+0000] {logging_mixin.py:115} INFO - [2022-09-25T14:30:21.928+0000] {dag.py:2981} INFO - Setting next_dagrun for example_external_task_marker_child to None, run_after=None
[2022-09-25T14:30:21.931+0000] {logging_mixin.py:115} INFO - [2022-09-25T14:30:21.931+0000] {dag.py:2981} INFO - Setting next_dagrun for example_external_task_marker_parent to None, run_after=None
[2022-09-25T14:30:21.956+0000] {processor.py:161} INFO - Processing /home/airflow/.local/lib/python3.7/site-packages/airflow/example_dags/example_external_task_marker_dag.py took 0.442 seconds
[2022-09-25T14:30:52.055+0000] {processor.py:153} INFO - Started process (PID=3762) to work on /home/airflow/.local/lib/python3.7/site-packages/airflow/example_dags/example_external_task_marker_dag.py
[2022-09-25T14:30:52.059+0000] {processor.py:640} INFO - Processing file /home/airflow/.local/lib/python3.7/site-packages/airflow/example_dags/example_external_task_marker_dag.py for tasks to queue
[2022-09-25T14:30:52.061+0000] {logging_mixin.py:115} INFO - [2022-09-25T14:30:52.061+0000] {dagbag.py:508} INFO - Filling up the DagBag from /home/airflow/.local/lib/python3.7/site-packages/airflow/example_dags/example_external_task_marker_dag.py
[2022-09-25T14:30:52.068+0000] {processor.py:650} INFO - DAG(s) dict_keys(['example_external_task_marker_parent', 'example_external_task_marker_child']) retrieved from /home/airflow/.local/lib/python3.7/site-packages/airflow/example_dags/example_external_task_marker_dag.py
[2022-09-25T14:30:52.375+0000] {logging_mixin.py:115} INFO - [2022-09-25T14:30:52.375+0000] {dag.py:2429} INFO - Sync 2 DAGs
[2022-09-25T14:30:52.410+0000] {logging_mixin.py:115} INFO - [2022-09-25T14:30:52.410+0000] {dag.py:2981} INFO - Setting next_dagrun for example_external_task_marker_child to None, run_after=None
[2022-09-25T14:30:52.413+0000] {logging_mixin.py:115} INFO - [2022-09-25T14:30:52.412+0000] {dag.py:2981} INFO - Setting next_dagrun for example_external_task_marker_parent to None, run_after=None
[2022-09-25T14:30:52.437+0000] {processor.py:161} INFO - Processing /home/airflow/.local/lib/python3.7/site-packages/airflow/example_dags/example_external_task_marker_dag.py took 0.388 seconds
[2022-09-25T14:31:22.619+0000] {processor.py:153} INFO - Started process (PID=3977) to work on /home/airflow/.local/lib/python3.7/site-packages/airflow/example_dags/example_external_task_marker_dag.py
[2022-09-25T14:31:22.624+0000] {processor.py:640} INFO - Processing file /home/airflow/.local/lib/python3.7/site-packages/airflow/example_dags/example_external_task_marker_dag.py for tasks to queue
[2022-09-25T14:31:22.628+0000] {logging_mixin.py:115} INFO - [2022-09-25T14:31:22.628+0000] {dagbag.py:508} INFO - Filling up the DagBag from /home/airflow/.local/lib/python3.7/site-packages/airflow/example_dags/example_external_task_marker_dag.py
[2022-09-25T14:31:22.649+0000] {processor.py:650} INFO - DAG(s) dict_keys(['example_external_task_marker_parent', 'example_external_task_marker_child']) retrieved from /home/airflow/.local/lib/python3.7/site-packages/airflow/example_dags/example_external_task_marker_dag.py
[2022-09-25T14:31:23.881+0000] {logging_mixin.py:115} INFO - [2022-09-25T14:31:23.881+0000] {dag.py:2429} INFO - Sync 2 DAGs
[2022-09-25T14:31:23.965+0000] {logging_mixin.py:115} INFO - [2022-09-25T14:31:23.964+0000] {dag.py:2981} INFO - Setting next_dagrun for example_external_task_marker_child to None, run_after=None
[2022-09-25T14:31:23.968+0000] {logging_mixin.py:115} INFO - [2022-09-25T14:31:23.967+0000] {dag.py:2981} INFO - Setting next_dagrun for example_external_task_marker_parent to None, run_after=None
[2022-09-25T14:31:24.148+0000] {processor.py:161} INFO - Processing /home/airflow/.local/lib/python3.7/site-packages/airflow/example_dags/example_external_task_marker_dag.py took 1.539 seconds
[2022-09-25T14:31:55.158+0000] {processor.py:153} INFO - Started process (PID=4184) to work on /home/airflow/.local/lib/python3.7/site-packages/airflow/example_dags/example_external_task_marker_dag.py
[2022-09-25T14:31:55.167+0000] {processor.py:640} INFO - Processing file /home/airflow/.local/lib/python3.7/site-packages/airflow/example_dags/example_external_task_marker_dag.py for tasks to queue
[2022-09-25T14:31:55.170+0000] {logging_mixin.py:115} INFO - [2022-09-25T14:31:55.169+0000] {dagbag.py:508} INFO - Filling up the DagBag from /home/airflow/.local/lib/python3.7/site-packages/airflow/example_dags/example_external_task_marker_dag.py
[2022-09-25T14:31:55.181+0000] {processor.py:650} INFO - DAG(s) dict_keys(['example_external_task_marker_parent', 'example_external_task_marker_child']) retrieved from /home/airflow/.local/lib/python3.7/site-packages/airflow/example_dags/example_external_task_marker_dag.py
[2022-09-25T14:31:55.597+0000] {logging_mixin.py:115} INFO - [2022-09-25T14:31:55.597+0000] {dag.py:2429} INFO - Sync 2 DAGs
[2022-09-25T14:31:55.645+0000] {logging_mixin.py:115} INFO - [2022-09-25T14:31:55.644+0000] {dag.py:2981} INFO - Setting next_dagrun for example_external_task_marker_child to None, run_after=None
[2022-09-25T14:31:55.648+0000] {logging_mixin.py:115} INFO - [2022-09-25T14:31:55.647+0000] {dag.py:2981} INFO - Setting next_dagrun for example_external_task_marker_parent to None, run_after=None
[2022-09-25T14:31:55.677+0000] {processor.py:161} INFO - Processing /home/airflow/.local/lib/python3.7/site-packages/airflow/example_dags/example_external_task_marker_dag.py took 0.527 seconds
[2022-09-25T14:32:26.454+0000] {processor.py:153} INFO - Started process (PID=4391) to work on /home/airflow/.local/lib/python3.7/site-packages/airflow/example_dags/example_external_task_marker_dag.py
[2022-09-25T14:32:26.462+0000] {processor.py:640} INFO - Processing file /home/airflow/.local/lib/python3.7/site-packages/airflow/example_dags/example_external_task_marker_dag.py for tasks to queue
[2022-09-25T14:32:26.464+0000] {logging_mixin.py:115} INFO - [2022-09-25T14:32:26.464+0000] {dagbag.py:508} INFO - Filling up the DagBag from /home/airflow/.local/lib/python3.7/site-packages/airflow/example_dags/example_external_task_marker_dag.py
[2022-09-25T14:32:26.471+0000] {processor.py:650} INFO - DAG(s) dict_keys(['example_external_task_marker_parent', 'example_external_task_marker_child']) retrieved from /home/airflow/.local/lib/python3.7/site-packages/airflow/example_dags/example_external_task_marker_dag.py
[2022-09-25T14:32:26.842+0000] {logging_mixin.py:115} INFO - [2022-09-25T14:32:26.841+0000] {dag.py:2429} INFO - Sync 2 DAGs
[2022-09-25T14:32:26.883+0000] {logging_mixin.py:115} INFO - [2022-09-25T14:32:26.883+0000] {dag.py:2981} INFO - Setting next_dagrun for example_external_task_marker_child to None, run_after=None
[2022-09-25T14:32:26.885+0000] {logging_mixin.py:115} INFO - [2022-09-25T14:32:26.884+0000] {dag.py:2981} INFO - Setting next_dagrun for example_external_task_marker_parent to None, run_after=None
[2022-09-25T14:32:26.908+0000] {processor.py:161} INFO - Processing /home/airflow/.local/lib/python3.7/site-packages/airflow/example_dags/example_external_task_marker_dag.py took 0.459 seconds
[2022-09-25T14:32:57.628+0000] {processor.py:153} INFO - Started process (PID=4606) to work on /home/airflow/.local/lib/python3.7/site-packages/airflow/example_dags/example_external_task_marker_dag.py
[2022-09-25T14:32:57.631+0000] {processor.py:640} INFO - Processing file /home/airflow/.local/lib/python3.7/site-packages/airflow/example_dags/example_external_task_marker_dag.py for tasks to queue
[2022-09-25T14:32:57.633+0000] {logging_mixin.py:115} INFO - [2022-09-25T14:32:57.633+0000] {dagbag.py:508} INFO - Filling up the DagBag from /home/airflow/.local/lib/python3.7/site-packages/airflow/example_dags/example_external_task_marker_dag.py
[2022-09-25T14:32:57.640+0000] {processor.py:650} INFO - DAG(s) dict_keys(['example_external_task_marker_parent', 'example_external_task_marker_child']) retrieved from /home/airflow/.local/lib/python3.7/site-packages/airflow/example_dags/example_external_task_marker_dag.py
[2022-09-25T14:32:58.069+0000] {logging_mixin.py:115} INFO - [2022-09-25T14:32:58.069+0000] {dag.py:2429} INFO - Sync 2 DAGs
[2022-09-25T14:32:58.114+0000] {logging_mixin.py:115} INFO - [2022-09-25T14:32:58.114+0000] {dag.py:2981} INFO - Setting next_dagrun for example_external_task_marker_child to None, run_after=None
[2022-09-25T14:32:58.116+0000] {logging_mixin.py:115} INFO - [2022-09-25T14:32:58.116+0000] {dag.py:2981} INFO - Setting next_dagrun for example_external_task_marker_parent to None, run_after=None
[2022-09-25T14:32:58.143+0000] {processor.py:161} INFO - Processing /home/airflow/.local/lib/python3.7/site-packages/airflow/example_dags/example_external_task_marker_dag.py took 0.520 seconds
[2022-09-25T14:33:28.707+0000] {processor.py:153} INFO - Started process (PID=4813) to work on /home/airflow/.local/lib/python3.7/site-packages/airflow/example_dags/example_external_task_marker_dag.py
[2022-09-25T14:33:28.709+0000] {processor.py:640} INFO - Processing file /home/airflow/.local/lib/python3.7/site-packages/airflow/example_dags/example_external_task_marker_dag.py for tasks to queue
[2022-09-25T14:33:28.711+0000] {logging_mixin.py:115} INFO - [2022-09-25T14:33:28.711+0000] {dagbag.py:508} INFO - Filling up the DagBag from /home/airflow/.local/lib/python3.7/site-packages/airflow/example_dags/example_external_task_marker_dag.py
[2022-09-25T14:33:28.720+0000] {processor.py:650} INFO - DAG(s) dict_keys(['example_external_task_marker_parent', 'example_external_task_marker_child']) retrieved from /home/airflow/.local/lib/python3.7/site-packages/airflow/example_dags/example_external_task_marker_dag.py
[2022-09-25T14:33:28.997+0000] {logging_mixin.py:115} INFO - [2022-09-25T14:33:28.997+0000] {dag.py:2429} INFO - Sync 2 DAGs
[2022-09-25T14:33:29.028+0000] {logging_mixin.py:115} INFO - [2022-09-25T14:33:29.028+0000] {dag.py:2981} INFO - Setting next_dagrun for example_external_task_marker_child to None, run_after=None
[2022-09-25T14:33:29.029+0000] {logging_mixin.py:115} INFO - [2022-09-25T14:33:29.029+0000] {dag.py:2981} INFO - Setting next_dagrun for example_external_task_marker_parent to None, run_after=None
[2022-09-25T14:33:29.047+0000] {processor.py:161} INFO - Processing /home/airflow/.local/lib/python3.7/site-packages/airflow/example_dags/example_external_task_marker_dag.py took 0.346 seconds
[2022-09-25T14:33:59.795+0000] {processor.py:153} INFO - Started process (PID=5027) to work on /home/airflow/.local/lib/python3.7/site-packages/airflow/example_dags/example_external_task_marker_dag.py
[2022-09-25T14:33:59.803+0000] {processor.py:640} INFO - Processing file /home/airflow/.local/lib/python3.7/site-packages/airflow/example_dags/example_external_task_marker_dag.py for tasks to queue
[2022-09-25T14:33:59.806+0000] {logging_mixin.py:115} INFO - [2022-09-25T14:33:59.805+0000] {dagbag.py:508} INFO - Filling up the DagBag from /home/airflow/.local/lib/python3.7/site-packages/airflow/example_dags/example_external_task_marker_dag.py
[2022-09-25T14:33:59.814+0000] {processor.py:650} INFO - DAG(s) dict_keys(['example_external_task_marker_parent', 'example_external_task_marker_child']) retrieved from /home/airflow/.local/lib/python3.7/site-packages/airflow/example_dags/example_external_task_marker_dag.py
[2022-09-25T14:34:00.128+0000] {logging_mixin.py:115} INFO - [2022-09-25T14:34:00.128+0000] {dag.py:2429} INFO - Sync 2 DAGs
[2022-09-25T14:34:00.169+0000] {logging_mixin.py:115} INFO - [2022-09-25T14:34:00.169+0000] {dag.py:2981} INFO - Setting next_dagrun for example_external_task_marker_child to None, run_after=None
[2022-09-25T14:34:00.171+0000] {logging_mixin.py:115} INFO - [2022-09-25T14:34:00.171+0000] {dag.py:2981} INFO - Setting next_dagrun for example_external_task_marker_parent to None, run_after=None
[2022-09-25T14:34:00.189+0000] {processor.py:161} INFO - Processing /home/airflow/.local/lib/python3.7/site-packages/airflow/example_dags/example_external_task_marker_dag.py took 0.400 seconds
[2022-09-25T14:34:30.325+0000] {processor.py:153} INFO - Started process (PID=5233) to work on /home/airflow/.local/lib/python3.7/site-packages/airflow/example_dags/example_external_task_marker_dag.py
[2022-09-25T14:34:30.328+0000] {processor.py:640} INFO - Processing file /home/airflow/.local/lib/python3.7/site-packages/airflow/example_dags/example_external_task_marker_dag.py for tasks to queue
[2022-09-25T14:34:30.331+0000] {logging_mixin.py:115} INFO - [2022-09-25T14:34:30.330+0000] {dagbag.py:508} INFO - Filling up the DagBag from /home/airflow/.local/lib/python3.7/site-packages/airflow/example_dags/example_external_task_marker_dag.py
[2022-09-25T14:34:30.339+0000] {processor.py:650} INFO - DAG(s) dict_keys(['example_external_task_marker_parent', 'example_external_task_marker_child']) retrieved from /home/airflow/.local/lib/python3.7/site-packages/airflow/example_dags/example_external_task_marker_dag.py
[2022-09-25T14:34:30.665+0000] {logging_mixin.py:115} INFO - [2022-09-25T14:34:30.665+0000] {dag.py:2429} INFO - Sync 2 DAGs
[2022-09-25T14:34:30.701+0000] {logging_mixin.py:115} INFO - [2022-09-25T14:34:30.701+0000] {dag.py:2981} INFO - Setting next_dagrun for example_external_task_marker_child to None, run_after=None
[2022-09-25T14:34:30.703+0000] {logging_mixin.py:115} INFO - [2022-09-25T14:34:30.703+0000] {dag.py:2981} INFO - Setting next_dagrun for example_external_task_marker_parent to None, run_after=None
[2022-09-25T14:34:30.728+0000] {processor.py:161} INFO - Processing /home/airflow/.local/lib/python3.7/site-packages/airflow/example_dags/example_external_task_marker_dag.py took 0.408 seconds
[2022-09-25T14:35:00.788+0000] {processor.py:153} INFO - Started process (PID=5447) to work on /home/airflow/.local/lib/python3.7/site-packages/airflow/example_dags/example_external_task_marker_dag.py
[2022-09-25T14:35:00.791+0000] {processor.py:640} INFO - Processing file /home/airflow/.local/lib/python3.7/site-packages/airflow/example_dags/example_external_task_marker_dag.py for tasks to queue
[2022-09-25T14:35:00.792+0000] {logging_mixin.py:115} INFO - [2022-09-25T14:35:00.792+0000] {dagbag.py:508} INFO - Filling up the DagBag from /home/airflow/.local/lib/python3.7/site-packages/airflow/example_dags/example_external_task_marker_dag.py
[2022-09-25T14:35:00.799+0000] {processor.py:650} INFO - DAG(s) dict_keys(['example_external_task_marker_parent', 'example_external_task_marker_child']) retrieved from /home/airflow/.local/lib/python3.7/site-packages/airflow/example_dags/example_external_task_marker_dag.py
[2022-09-25T14:35:01.100+0000] {logging_mixin.py:115} INFO - [2022-09-25T14:35:01.100+0000] {dag.py:2429} INFO - Sync 2 DAGs
[2022-09-25T14:35:01.137+0000] {logging_mixin.py:115} INFO - [2022-09-25T14:35:01.136+0000] {dag.py:2981} INFO - Setting next_dagrun for example_external_task_marker_child to None, run_after=None
[2022-09-25T14:35:01.139+0000] {logging_mixin.py:115} INFO - [2022-09-25T14:35:01.139+0000] {dag.py:2981} INFO - Setting next_dagrun for example_external_task_marker_parent to None, run_after=None
[2022-09-25T14:35:01.164+0000] {processor.py:161} INFO - Processing /home/airflow/.local/lib/python3.7/site-packages/airflow/example_dags/example_external_task_marker_dag.py took 0.381 seconds
[2022-09-25T14:35:31.305+0000] {processor.py:153} INFO - Started process (PID=5653) to work on /home/airflow/.local/lib/python3.7/site-packages/airflow/example_dags/example_external_task_marker_dag.py
[2022-09-25T14:35:31.313+0000] {processor.py:640} INFO - Processing file /home/airflow/.local/lib/python3.7/site-packages/airflow/example_dags/example_external_task_marker_dag.py for tasks to queue
[2022-09-25T14:35:31.315+0000] {logging_mixin.py:115} INFO - [2022-09-25T14:35:31.315+0000] {dagbag.py:508} INFO - Filling up the DagBag from /home/airflow/.local/lib/python3.7/site-packages/airflow/example_dags/example_external_task_marker_dag.py
[2022-09-25T14:35:31.322+0000] {processor.py:650} INFO - DAG(s) dict_keys(['example_external_task_marker_parent', 'example_external_task_marker_child']) retrieved from /home/airflow/.local/lib/python3.7/site-packages/airflow/example_dags/example_external_task_marker_dag.py
[2022-09-25T14:35:31.619+0000] {logging_mixin.py:115} INFO - [2022-09-25T14:35:31.618+0000] {dag.py:2429} INFO - Sync 2 DAGs
[2022-09-25T14:35:31.657+0000] {logging_mixin.py:115} INFO - [2022-09-25T14:35:31.657+0000] {dag.py:2981} INFO - Setting next_dagrun for example_external_task_marker_child to None, run_after=None
[2022-09-25T14:35:31.660+0000] {logging_mixin.py:115} INFO - [2022-09-25T14:35:31.659+0000] {dag.py:2981} INFO - Setting next_dagrun for example_external_task_marker_parent to None, run_after=None
[2022-09-25T14:35:31.686+0000] {processor.py:161} INFO - Processing /home/airflow/.local/lib/python3.7/site-packages/airflow/example_dags/example_external_task_marker_dag.py took 0.387 seconds
[2022-09-25T14:36:01.840+0000] {processor.py:153} INFO - Started process (PID=5867) to work on /home/airflow/.local/lib/python3.7/site-packages/airflow/example_dags/example_external_task_marker_dag.py
[2022-09-25T14:36:01.847+0000] {processor.py:640} INFO - Processing file /home/airflow/.local/lib/python3.7/site-packages/airflow/example_dags/example_external_task_marker_dag.py for tasks to queue
[2022-09-25T14:36:01.849+0000] {logging_mixin.py:115} INFO - [2022-09-25T14:36:01.849+0000] {dagbag.py:508} INFO - Filling up the DagBag from /home/airflow/.local/lib/python3.7/site-packages/airflow/example_dags/example_external_task_marker_dag.py
[2022-09-25T14:36:01.857+0000] {processor.py:650} INFO - DAG(s) dict_keys(['example_external_task_marker_parent', 'example_external_task_marker_child']) retrieved from /home/airflow/.local/lib/python3.7/site-packages/airflow/example_dags/example_external_task_marker_dag.py
[2022-09-25T14:36:02.137+0000] {logging_mixin.py:115} INFO - [2022-09-25T14:36:02.136+0000] {dag.py:2429} INFO - Sync 2 DAGs
[2022-09-25T14:36:02.170+0000] {logging_mixin.py:115} INFO - [2022-09-25T14:36:02.169+0000] {dag.py:2981} INFO - Setting next_dagrun for example_external_task_marker_child to None, run_after=None
[2022-09-25T14:36:02.172+0000] {logging_mixin.py:115} INFO - [2022-09-25T14:36:02.171+0000] {dag.py:2981} INFO - Setting next_dagrun for example_external_task_marker_parent to None, run_after=None
[2022-09-25T14:36:02.198+0000] {processor.py:161} INFO - Processing /home/airflow/.local/lib/python3.7/site-packages/airflow/example_dags/example_external_task_marker_dag.py took 0.363 seconds
[2022-09-25T14:36:32.391+0000] {processor.py:153} INFO - Started process (PID=6073) to work on /home/airflow/.local/lib/python3.7/site-packages/airflow/example_dags/example_external_task_marker_dag.py
[2022-09-25T14:36:32.396+0000] {processor.py:640} INFO - Processing file /home/airflow/.local/lib/python3.7/site-packages/airflow/example_dags/example_external_task_marker_dag.py for tasks to queue
[2022-09-25T14:36:32.398+0000] {logging_mixin.py:115} INFO - [2022-09-25T14:36:32.398+0000] {dagbag.py:508} INFO - Filling up the DagBag from /home/airflow/.local/lib/python3.7/site-packages/airflow/example_dags/example_external_task_marker_dag.py
[2022-09-25T14:36:32.405+0000] {processor.py:650} INFO - DAG(s) dict_keys(['example_external_task_marker_parent', 'example_external_task_marker_child']) retrieved from /home/airflow/.local/lib/python3.7/site-packages/airflow/example_dags/example_external_task_marker_dag.py
[2022-09-25T14:36:32.693+0000] {logging_mixin.py:115} INFO - [2022-09-25T14:36:32.692+0000] {dag.py:2429} INFO - Sync 2 DAGs
[2022-09-25T14:36:32.724+0000] {logging_mixin.py:115} INFO - [2022-09-25T14:36:32.723+0000] {dag.py:2981} INFO - Setting next_dagrun for example_external_task_marker_child to None, run_after=None
[2022-09-25T14:36:32.725+0000] {logging_mixin.py:115} INFO - [2022-09-25T14:36:32.725+0000] {dag.py:2981} INFO - Setting next_dagrun for example_external_task_marker_parent to None, run_after=None
[2022-09-25T14:36:32.746+0000] {processor.py:161} INFO - Processing /home/airflow/.local/lib/python3.7/site-packages/airflow/example_dags/example_external_task_marker_dag.py took 0.361 seconds
[2022-09-25T14:37:03.441+0000] {processor.py:153} INFO - Started process (PID=6287) to work on /home/airflow/.local/lib/python3.7/site-packages/airflow/example_dags/example_external_task_marker_dag.py
[2022-09-25T14:37:03.449+0000] {processor.py:640} INFO - Processing file /home/airflow/.local/lib/python3.7/site-packages/airflow/example_dags/example_external_task_marker_dag.py for tasks to queue
[2022-09-25T14:37:03.451+0000] {logging_mixin.py:115} INFO - [2022-09-25T14:37:03.451+0000] {dagbag.py:508} INFO - Filling up the DagBag from /home/airflow/.local/lib/python3.7/site-packages/airflow/example_dags/example_external_task_marker_dag.py
[2022-09-25T14:37:03.459+0000] {processor.py:650} INFO - DAG(s) dict_keys(['example_external_task_marker_parent', 'example_external_task_marker_child']) retrieved from /home/airflow/.local/lib/python3.7/site-packages/airflow/example_dags/example_external_task_marker_dag.py
[2022-09-25T14:37:03.760+0000] {logging_mixin.py:115} INFO - [2022-09-25T14:37:03.760+0000] {dag.py:2429} INFO - Sync 2 DAGs
[2022-09-25T14:37:03.799+0000] {logging_mixin.py:115} INFO - [2022-09-25T14:37:03.799+0000] {dag.py:2981} INFO - Setting next_dagrun for example_external_task_marker_child to None, run_after=None
[2022-09-25T14:37:03.801+0000] {logging_mixin.py:115} INFO - [2022-09-25T14:37:03.800+0000] {dag.py:2981} INFO - Setting next_dagrun for example_external_task_marker_parent to None, run_after=None
[2022-09-25T14:37:03.827+0000] {processor.py:161} INFO - Processing /home/airflow/.local/lib/python3.7/site-packages/airflow/example_dags/example_external_task_marker_dag.py took 0.391 seconds
[2022-09-25T14:37:34.655+0000] {processor.py:153} INFO - Started process (PID=6491) to work on /home/airflow/.local/lib/python3.7/site-packages/airflow/example_dags/example_external_task_marker_dag.py
[2022-09-25T14:37:34.663+0000] {processor.py:640} INFO - Processing file /home/airflow/.local/lib/python3.7/site-packages/airflow/example_dags/example_external_task_marker_dag.py for tasks to queue
[2022-09-25T14:37:34.665+0000] {logging_mixin.py:115} INFO - [2022-09-25T14:37:34.665+0000] {dagbag.py:508} INFO - Filling up the DagBag from /home/airflow/.local/lib/python3.7/site-packages/airflow/example_dags/example_external_task_marker_dag.py
[2022-09-25T14:37:34.672+0000] {processor.py:650} INFO - DAG(s) dict_keys(['example_external_task_marker_parent', 'example_external_task_marker_child']) retrieved from /home/airflow/.local/lib/python3.7/site-packages/airflow/example_dags/example_external_task_marker_dag.py
[2022-09-25T14:37:34.976+0000] {logging_mixin.py:115} INFO - [2022-09-25T14:37:34.975+0000] {dag.py:2429} INFO - Sync 2 DAGs
[2022-09-25T14:37:35.016+0000] {logging_mixin.py:115} INFO - [2022-09-25T14:37:35.016+0000] {dag.py:2981} INFO - Setting next_dagrun for example_external_task_marker_child to None, run_after=None
[2022-09-25T14:37:35.018+0000] {logging_mixin.py:115} INFO - [2022-09-25T14:37:35.017+0000] {dag.py:2981} INFO - Setting next_dagrun for example_external_task_marker_parent to None, run_after=None
[2022-09-25T14:37:35.039+0000] {processor.py:161} INFO - Processing /home/airflow/.local/lib/python3.7/site-packages/airflow/example_dags/example_external_task_marker_dag.py took 0.391 seconds
[2022-09-25T14:38:05.153+0000] {processor.py:153} INFO - Started process (PID=6705) to work on /home/airflow/.local/lib/python3.7/site-packages/airflow/example_dags/example_external_task_marker_dag.py
[2022-09-25T14:38:05.163+0000] {processor.py:640} INFO - Processing file /home/airflow/.local/lib/python3.7/site-packages/airflow/example_dags/example_external_task_marker_dag.py for tasks to queue
[2022-09-25T14:38:05.164+0000] {logging_mixin.py:115} INFO - [2022-09-25T14:38:05.164+0000] {dagbag.py:508} INFO - Filling up the DagBag from /home/airflow/.local/lib/python3.7/site-packages/airflow/example_dags/example_external_task_marker_dag.py
[2022-09-25T14:38:05.172+0000] {processor.py:650} INFO - DAG(s) dict_keys(['example_external_task_marker_parent', 'example_external_task_marker_child']) retrieved from /home/airflow/.local/lib/python3.7/site-packages/airflow/example_dags/example_external_task_marker_dag.py
[2022-09-25T14:38:05.504+0000] {logging_mixin.py:115} INFO - [2022-09-25T14:38:05.503+0000] {dag.py:2429} INFO - Sync 2 DAGs
[2022-09-25T14:38:05.541+0000] {logging_mixin.py:115} INFO - [2022-09-25T14:38:05.541+0000] {dag.py:2981} INFO - Setting next_dagrun for example_external_task_marker_child to None, run_after=None
[2022-09-25T14:38:05.543+0000] {logging_mixin.py:115} INFO - [2022-09-25T14:38:05.543+0000] {dag.py:2981} INFO - Setting next_dagrun for example_external_task_marker_parent to None, run_after=None
[2022-09-25T14:38:05.567+0000] {processor.py:161} INFO - Processing /home/airflow/.local/lib/python3.7/site-packages/airflow/example_dags/example_external_task_marker_dag.py took 0.421 seconds
[2022-09-25T14:38:36.344+0000] {processor.py:153} INFO - Started process (PID=6909) to work on /home/airflow/.local/lib/python3.7/site-packages/airflow/example_dags/example_external_task_marker_dag.py
[2022-09-25T14:38:36.352+0000] {processor.py:640} INFO - Processing file /home/airflow/.local/lib/python3.7/site-packages/airflow/example_dags/example_external_task_marker_dag.py for tasks to queue
[2022-09-25T14:38:36.354+0000] {logging_mixin.py:115} INFO - [2022-09-25T14:38:36.354+0000] {dagbag.py:508} INFO - Filling up the DagBag from /home/airflow/.local/lib/python3.7/site-packages/airflow/example_dags/example_external_task_marker_dag.py
[2022-09-25T14:38:36.361+0000] {processor.py:650} INFO - DAG(s) dict_keys(['example_external_task_marker_parent', 'example_external_task_marker_child']) retrieved from /home/airflow/.local/lib/python3.7/site-packages/airflow/example_dags/example_external_task_marker_dag.py
[2022-09-25T14:38:36.685+0000] {logging_mixin.py:115} INFO - [2022-09-25T14:38:36.685+0000] {dag.py:2429} INFO - Sync 2 DAGs
[2022-09-25T14:38:36.727+0000] {logging_mixin.py:115} INFO - [2022-09-25T14:38:36.727+0000] {dag.py:2981} INFO - Setting next_dagrun for example_external_task_marker_child to None, run_after=None
[2022-09-25T14:38:36.730+0000] {logging_mixin.py:115} INFO - [2022-09-25T14:38:36.729+0000] {dag.py:2981} INFO - Setting next_dagrun for example_external_task_marker_parent to None, run_after=None
[2022-09-25T14:38:36.760+0000] {processor.py:161} INFO - Processing /home/airflow/.local/lib/python3.7/site-packages/airflow/example_dags/example_external_task_marker_dag.py took 0.422 seconds
[2022-09-25T14:39:06.976+0000] {processor.py:153} INFO - Started process (PID=7124) to work on /home/airflow/.local/lib/python3.7/site-packages/airflow/example_dags/example_external_task_marker_dag.py
[2022-09-25T14:39:06.985+0000] {processor.py:640} INFO - Processing file /home/airflow/.local/lib/python3.7/site-packages/airflow/example_dags/example_external_task_marker_dag.py for tasks to queue
[2022-09-25T14:39:06.988+0000] {logging_mixin.py:115} INFO - [2022-09-25T14:39:06.987+0000] {dagbag.py:508} INFO - Filling up the DagBag from /home/airflow/.local/lib/python3.7/site-packages/airflow/example_dags/example_external_task_marker_dag.py
[2022-09-25T14:39:06.995+0000] {processor.py:650} INFO - DAG(s) dict_keys(['example_external_task_marker_parent', 'example_external_task_marker_child']) retrieved from /home/airflow/.local/lib/python3.7/site-packages/airflow/example_dags/example_external_task_marker_dag.py
[2022-09-25T14:39:07.301+0000] {logging_mixin.py:115} INFO - [2022-09-25T14:39:07.301+0000] {dag.py:2429} INFO - Sync 2 DAGs
[2022-09-25T14:39:07.338+0000] {logging_mixin.py:115} INFO - [2022-09-25T14:39:07.338+0000] {dag.py:2981} INFO - Setting next_dagrun for example_external_task_marker_child to None, run_after=None
[2022-09-25T14:39:07.341+0000] {logging_mixin.py:115} INFO - [2022-09-25T14:39:07.340+0000] {dag.py:2981} INFO - Setting next_dagrun for example_external_task_marker_parent to None, run_after=None
[2022-09-25T14:39:07.370+0000] {processor.py:161} INFO - Processing /home/airflow/.local/lib/python3.7/site-packages/airflow/example_dags/example_external_task_marker_dag.py took 0.399 seconds
[2022-09-25T14:39:38.203+0000] {processor.py:153} INFO - Started process (PID=7329) to work on /home/airflow/.local/lib/python3.7/site-packages/airflow/example_dags/example_external_task_marker_dag.py
[2022-09-25T14:39:38.205+0000] {processor.py:640} INFO - Processing file /home/airflow/.local/lib/python3.7/site-packages/airflow/example_dags/example_external_task_marker_dag.py for tasks to queue
[2022-09-25T14:39:38.207+0000] {logging_mixin.py:115} INFO - [2022-09-25T14:39:38.207+0000] {dagbag.py:508} INFO - Filling up the DagBag from /home/airflow/.local/lib/python3.7/site-packages/airflow/example_dags/example_external_task_marker_dag.py
[2022-09-25T14:39:38.214+0000] {processor.py:650} INFO - DAG(s) dict_keys(['example_external_task_marker_parent', 'example_external_task_marker_child']) retrieved from /home/airflow/.local/lib/python3.7/site-packages/airflow/example_dags/example_external_task_marker_dag.py
[2022-09-25T14:39:38.530+0000] {logging_mixin.py:115} INFO - [2022-09-25T14:39:38.530+0000] {dag.py:2429} INFO - Sync 2 DAGs
[2022-09-25T14:39:38.566+0000] {logging_mixin.py:115} INFO - [2022-09-25T14:39:38.566+0000] {dag.py:2981} INFO - Setting next_dagrun for example_external_task_marker_child to None, run_after=None
[2022-09-25T14:39:38.568+0000] {logging_mixin.py:115} INFO - [2022-09-25T14:39:38.568+0000] {dag.py:2981} INFO - Setting next_dagrun for example_external_task_marker_parent to None, run_after=None
[2022-09-25T14:39:38.595+0000] {processor.py:161} INFO - Processing /home/airflow/.local/lib/python3.7/site-packages/airflow/example_dags/example_external_task_marker_dag.py took 0.398 seconds
[2022-09-25T14:40:08.731+0000] {processor.py:153} INFO - Started process (PID=7543) to work on /home/airflow/.local/lib/python3.7/site-packages/airflow/example_dags/example_external_task_marker_dag.py
[2022-09-25T14:40:08.739+0000] {processor.py:640} INFO - Processing file /home/airflow/.local/lib/python3.7/site-packages/airflow/example_dags/example_external_task_marker_dag.py for tasks to queue
[2022-09-25T14:40:08.740+0000] {logging_mixin.py:115} INFO - [2022-09-25T14:40:08.740+0000] {dagbag.py:508} INFO - Filling up the DagBag from /home/airflow/.local/lib/python3.7/site-packages/airflow/example_dags/example_external_task_marker_dag.py
[2022-09-25T14:40:08.749+0000] {processor.py:650} INFO - DAG(s) dict_keys(['example_external_task_marker_parent', 'example_external_task_marker_child']) retrieved from /home/airflow/.local/lib/python3.7/site-packages/airflow/example_dags/example_external_task_marker_dag.py
[2022-09-25T14:40:09.056+0000] {logging_mixin.py:115} INFO - [2022-09-25T14:40:09.055+0000] {dag.py:2429} INFO - Sync 2 DAGs
[2022-09-25T14:40:09.091+0000] {logging_mixin.py:115} INFO - [2022-09-25T14:40:09.091+0000] {dag.py:2981} INFO - Setting next_dagrun for example_external_task_marker_child to None, run_after=None
[2022-09-25T14:40:09.093+0000] {logging_mixin.py:115} INFO - [2022-09-25T14:40:09.092+0000] {dag.py:2981} INFO - Setting next_dagrun for example_external_task_marker_parent to None, run_after=None
[2022-09-25T14:40:09.111+0000] {processor.py:161} INFO - Processing /home/airflow/.local/lib/python3.7/site-packages/airflow/example_dags/example_external_task_marker_dag.py took 0.386 seconds
[2022-09-25T14:40:39.316+0000] {processor.py:153} INFO - Started process (PID=7748) to work on /home/airflow/.local/lib/python3.7/site-packages/airflow/example_dags/example_external_task_marker_dag.py
[2022-09-25T14:40:39.318+0000] {processor.py:640} INFO - Processing file /home/airflow/.local/lib/python3.7/site-packages/airflow/example_dags/example_external_task_marker_dag.py for tasks to queue
[2022-09-25T14:40:39.320+0000] {logging_mixin.py:115} INFO - [2022-09-25T14:40:39.320+0000] {dagbag.py:508} INFO - Filling up the DagBag from /home/airflow/.local/lib/python3.7/site-packages/airflow/example_dags/example_external_task_marker_dag.py
[2022-09-25T14:40:39.326+0000] {processor.py:650} INFO - DAG(s) dict_keys(['example_external_task_marker_parent', 'example_external_task_marker_child']) retrieved from /home/airflow/.local/lib/python3.7/site-packages/airflow/example_dags/example_external_task_marker_dag.py
[2022-09-25T14:40:39.589+0000] {logging_mixin.py:115} INFO - [2022-09-25T14:40:39.588+0000] {dag.py:2429} INFO - Sync 2 DAGs
[2022-09-25T14:40:39.619+0000] {logging_mixin.py:115} INFO - [2022-09-25T14:40:39.619+0000] {dag.py:2981} INFO - Setting next_dagrun for example_external_task_marker_child to None, run_after=None
[2022-09-25T14:40:39.620+0000] {logging_mixin.py:115} INFO - [2022-09-25T14:40:39.620+0000] {dag.py:2981} INFO - Setting next_dagrun for example_external_task_marker_parent to None, run_after=None
[2022-09-25T14:40:39.644+0000] {processor.py:161} INFO - Processing /home/airflow/.local/lib/python3.7/site-packages/airflow/example_dags/example_external_task_marker_dag.py took 0.332 seconds
[2022-09-25T14:41:10.044+0000] {processor.py:153} INFO - Started process (PID=7962) to work on /home/airflow/.local/lib/python3.7/site-packages/airflow/example_dags/example_external_task_marker_dag.py
[2022-09-25T14:41:10.052+0000] {processor.py:640} INFO - Processing file /home/airflow/.local/lib/python3.7/site-packages/airflow/example_dags/example_external_task_marker_dag.py for tasks to queue
[2022-09-25T14:41:10.056+0000] {logging_mixin.py:115} INFO - [2022-09-25T14:41:10.055+0000] {dagbag.py:508} INFO - Filling up the DagBag from /home/airflow/.local/lib/python3.7/site-packages/airflow/example_dags/example_external_task_marker_dag.py
[2022-09-25T14:41:10.065+0000] {processor.py:650} INFO - DAG(s) dict_keys(['example_external_task_marker_parent', 'example_external_task_marker_child']) retrieved from /home/airflow/.local/lib/python3.7/site-packages/airflow/example_dags/example_external_task_marker_dag.py
[2022-09-25T14:41:10.463+0000] {logging_mixin.py:115} INFO - [2022-09-25T14:41:10.463+0000] {dag.py:2429} INFO - Sync 2 DAGs
[2022-09-25T14:41:10.498+0000] {logging_mixin.py:115} INFO - [2022-09-25T14:41:10.498+0000] {dag.py:2981} INFO - Setting next_dagrun for example_external_task_marker_child to None, run_after=None
[2022-09-25T14:41:10.500+0000] {logging_mixin.py:115} INFO - [2022-09-25T14:41:10.499+0000] {dag.py:2981} INFO - Setting next_dagrun for example_external_task_marker_parent to None, run_after=None
[2022-09-25T14:41:10.524+0000] {processor.py:161} INFO - Processing /home/airflow/.local/lib/python3.7/site-packages/airflow/example_dags/example_external_task_marker_dag.py took 0.486 seconds
[2022-09-25T14:41:40.658+0000] {processor.py:153} INFO - Started process (PID=8167) to work on /home/airflow/.local/lib/python3.7/site-packages/airflow/example_dags/example_external_task_marker_dag.py
[2022-09-25T14:41:40.667+0000] {processor.py:640} INFO - Processing file /home/airflow/.local/lib/python3.7/site-packages/airflow/example_dags/example_external_task_marker_dag.py for tasks to queue
[2022-09-25T14:41:40.669+0000] {logging_mixin.py:115} INFO - [2022-09-25T14:41:40.669+0000] {dagbag.py:508} INFO - Filling up the DagBag from /home/airflow/.local/lib/python3.7/site-packages/airflow/example_dags/example_external_task_marker_dag.py
[2022-09-25T14:41:40.677+0000] {processor.py:650} INFO - DAG(s) dict_keys(['example_external_task_marker_parent', 'example_external_task_marker_child']) retrieved from /home/airflow/.local/lib/python3.7/site-packages/airflow/example_dags/example_external_task_marker_dag.py
[2022-09-25T14:41:40.988+0000] {logging_mixin.py:115} INFO - [2022-09-25T14:41:40.988+0000] {dag.py:2429} INFO - Sync 2 DAGs
[2022-09-25T14:41:41.027+0000] {logging_mixin.py:115} INFO - [2022-09-25T14:41:41.027+0000] {dag.py:2981} INFO - Setting next_dagrun for example_external_task_marker_child to None, run_after=None
[2022-09-25T14:41:41.031+0000] {logging_mixin.py:115} INFO - [2022-09-25T14:41:41.030+0000] {dag.py:2981} INFO - Setting next_dagrun for example_external_task_marker_parent to None, run_after=None
[2022-09-25T14:41:41.059+0000] {processor.py:161} INFO - Processing /home/airflow/.local/lib/python3.7/site-packages/airflow/example_dags/example_external_task_marker_dag.py took 0.408 seconds
[2022-09-25T14:42:11.562+0000] {processor.py:153} INFO - Started process (PID=8381) to work on /home/airflow/.local/lib/python3.7/site-packages/airflow/example_dags/example_external_task_marker_dag.py
[2022-09-25T14:42:11.564+0000] {processor.py:640} INFO - Processing file /home/airflow/.local/lib/python3.7/site-packages/airflow/example_dags/example_external_task_marker_dag.py for tasks to queue
[2022-09-25T14:42:11.568+0000] {logging_mixin.py:115} INFO - [2022-09-25T14:42:11.567+0000] {dagbag.py:508} INFO - Filling up the DagBag from /home/airflow/.local/lib/python3.7/site-packages/airflow/example_dags/example_external_task_marker_dag.py
[2022-09-25T14:42:11.581+0000] {processor.py:650} INFO - DAG(s) dict_keys(['example_external_task_marker_parent', 'example_external_task_marker_child']) retrieved from /home/airflow/.local/lib/python3.7/site-packages/airflow/example_dags/example_external_task_marker_dag.py
[2022-09-25T14:42:11.902+0000] {logging_mixin.py:115} INFO - [2022-09-25T14:42:11.902+0000] {dag.py:2429} INFO - Sync 2 DAGs
[2022-09-25T14:42:11.939+0000] {logging_mixin.py:115} INFO - [2022-09-25T14:42:11.938+0000] {dag.py:2981} INFO - Setting next_dagrun for example_external_task_marker_child to None, run_after=None
[2022-09-25T14:42:11.940+0000] {logging_mixin.py:115} INFO - [2022-09-25T14:42:11.940+0000] {dag.py:2981} INFO - Setting next_dagrun for example_external_task_marker_parent to None, run_after=None
[2022-09-25T14:42:11.965+0000] {processor.py:161} INFO - Processing /home/airflow/.local/lib/python3.7/site-packages/airflow/example_dags/example_external_task_marker_dag.py took 0.411 seconds
[2022-09-25T14:42:42.587+0000] {processor.py:153} INFO - Started process (PID=8587) to work on /home/airflow/.local/lib/python3.7/site-packages/airflow/example_dags/example_external_task_marker_dag.py
[2022-09-25T14:42:42.595+0000] {processor.py:640} INFO - Processing file /home/airflow/.local/lib/python3.7/site-packages/airflow/example_dags/example_external_task_marker_dag.py for tasks to queue
[2022-09-25T14:42:42.598+0000] {logging_mixin.py:115} INFO - [2022-09-25T14:42:42.597+0000] {dagbag.py:508} INFO - Filling up the DagBag from /home/airflow/.local/lib/python3.7/site-packages/airflow/example_dags/example_external_task_marker_dag.py
[2022-09-25T14:42:42.605+0000] {processor.py:650} INFO - DAG(s) dict_keys(['example_external_task_marker_parent', 'example_external_task_marker_child']) retrieved from /home/airflow/.local/lib/python3.7/site-packages/airflow/example_dags/example_external_task_marker_dag.py
[2022-09-25T14:42:42.941+0000] {logging_mixin.py:115} INFO - [2022-09-25T14:42:42.941+0000] {dag.py:2429} INFO - Sync 2 DAGs
[2022-09-25T14:42:42.977+0000] {logging_mixin.py:115} INFO - [2022-09-25T14:42:42.977+0000] {dag.py:2981} INFO - Setting next_dagrun for example_external_task_marker_child to None, run_after=None
[2022-09-25T14:42:42.980+0000] {logging_mixin.py:115} INFO - [2022-09-25T14:42:42.980+0000] {dag.py:2981} INFO - Setting next_dagrun for example_external_task_marker_parent to None, run_after=None
[2022-09-25T14:42:43.006+0000] {processor.py:161} INFO - Processing /home/airflow/.local/lib/python3.7/site-packages/airflow/example_dags/example_external_task_marker_dag.py took 0.425 seconds
[2022-09-25T14:43:13.335+0000] {processor.py:153} INFO - Started process (PID=8802) to work on /home/airflow/.local/lib/python3.7/site-packages/airflow/example_dags/example_external_task_marker_dag.py
[2022-09-25T14:43:13.343+0000] {processor.py:640} INFO - Processing file /home/airflow/.local/lib/python3.7/site-packages/airflow/example_dags/example_external_task_marker_dag.py for tasks to queue
[2022-09-25T14:43:13.345+0000] {logging_mixin.py:115} INFO - [2022-09-25T14:43:13.345+0000] {dagbag.py:508} INFO - Filling up the DagBag from /home/airflow/.local/lib/python3.7/site-packages/airflow/example_dags/example_external_task_marker_dag.py
[2022-09-25T14:43:13.353+0000] {processor.py:650} INFO - DAG(s) dict_keys(['example_external_task_marker_parent', 'example_external_task_marker_child']) retrieved from /home/airflow/.local/lib/python3.7/site-packages/airflow/example_dags/example_external_task_marker_dag.py
[2022-09-25T14:43:13.681+0000] {logging_mixin.py:115} INFO - [2022-09-25T14:43:13.681+0000] {dag.py:2429} INFO - Sync 2 DAGs
[2022-09-25T14:43:13.723+0000] {logging_mixin.py:115} INFO - [2022-09-25T14:43:13.723+0000] {dag.py:2981} INFO - Setting next_dagrun for example_external_task_marker_child to None, run_after=None
[2022-09-25T14:43:13.726+0000] {logging_mixin.py:115} INFO - [2022-09-25T14:43:13.725+0000] {dag.py:2981} INFO - Setting next_dagrun for example_external_task_marker_parent to None, run_after=None
[2022-09-25T14:43:13.751+0000] {processor.py:161} INFO - Processing /home/airflow/.local/lib/python3.7/site-packages/airflow/example_dags/example_external_task_marker_dag.py took 0.421 seconds
[2022-09-25T14:43:43.925+0000] {processor.py:153} INFO - Started process (PID=9008) to work on /home/airflow/.local/lib/python3.7/site-packages/airflow/example_dags/example_external_task_marker_dag.py
[2022-09-25T14:43:43.927+0000] {processor.py:640} INFO - Processing file /home/airflow/.local/lib/python3.7/site-packages/airflow/example_dags/example_external_task_marker_dag.py for tasks to queue
[2022-09-25T14:43:43.929+0000] {logging_mixin.py:115} INFO - [2022-09-25T14:43:43.929+0000] {dagbag.py:508} INFO - Filling up the DagBag from /home/airflow/.local/lib/python3.7/site-packages/airflow/example_dags/example_external_task_marker_dag.py
[2022-09-25T14:43:43.936+0000] {processor.py:650} INFO - DAG(s) dict_keys(['example_external_task_marker_parent', 'example_external_task_marker_child']) retrieved from /home/airflow/.local/lib/python3.7/site-packages/airflow/example_dags/example_external_task_marker_dag.py
[2022-09-25T14:43:44.231+0000] {logging_mixin.py:115} INFO - [2022-09-25T14:43:44.231+0000] {dag.py:2429} INFO - Sync 2 DAGs
[2022-09-25T14:43:44.269+0000] {logging_mixin.py:115} INFO - [2022-09-25T14:43:44.269+0000] {dag.py:2981} INFO - Setting next_dagrun for example_external_task_marker_child to None, run_after=None
[2022-09-25T14:43:44.271+0000] {logging_mixin.py:115} INFO - [2022-09-25T14:43:44.271+0000] {dag.py:2981} INFO - Setting next_dagrun for example_external_task_marker_parent to None, run_after=None
[2022-09-25T14:43:44.297+0000] {processor.py:161} INFO - Processing /home/airflow/.local/lib/python3.7/site-packages/airflow/example_dags/example_external_task_marker_dag.py took 0.378 seconds
[2022-09-25T14:44:14.502+0000] {processor.py:153} INFO - Started process (PID=9222) to work on /home/airflow/.local/lib/python3.7/site-packages/airflow/example_dags/example_external_task_marker_dag.py
[2022-09-25T14:44:14.511+0000] {processor.py:640} INFO - Processing file /home/airflow/.local/lib/python3.7/site-packages/airflow/example_dags/example_external_task_marker_dag.py for tasks to queue
[2022-09-25T14:44:14.513+0000] {logging_mixin.py:115} INFO - [2022-09-25T14:44:14.512+0000] {dagbag.py:508} INFO - Filling up the DagBag from /home/airflow/.local/lib/python3.7/site-packages/airflow/example_dags/example_external_task_marker_dag.py
[2022-09-25T14:44:14.520+0000] {processor.py:650} INFO - DAG(s) dict_keys(['example_external_task_marker_parent', 'example_external_task_marker_child']) retrieved from /home/airflow/.local/lib/python3.7/site-packages/airflow/example_dags/example_external_task_marker_dag.py
[2022-09-25T14:44:14.884+0000] {logging_mixin.py:115} INFO - [2022-09-25T14:44:14.884+0000] {dag.py:2429} INFO - Sync 2 DAGs
[2022-09-25T14:44:14.924+0000] {logging_mixin.py:115} INFO - [2022-09-25T14:44:14.923+0000] {dag.py:2981} INFO - Setting next_dagrun for example_external_task_marker_child to None, run_after=None
[2022-09-25T14:44:14.927+0000] {logging_mixin.py:115} INFO - [2022-09-25T14:44:14.926+0000] {dag.py:2981} INFO - Setting next_dagrun for example_external_task_marker_parent to None, run_after=None
[2022-09-25T14:44:14.947+0000] {processor.py:161} INFO - Processing /home/airflow/.local/lib/python3.7/site-packages/airflow/example_dags/example_external_task_marker_dag.py took 0.450 seconds
[2022-09-25T14:44:45.162+0000] {processor.py:153} INFO - Started process (PID=9428) to work on /home/airflow/.local/lib/python3.7/site-packages/airflow/example_dags/example_external_task_marker_dag.py
[2022-09-25T14:44:45.167+0000] {processor.py:640} INFO - Processing file /home/airflow/.local/lib/python3.7/site-packages/airflow/example_dags/example_external_task_marker_dag.py for tasks to queue
[2022-09-25T14:44:45.169+0000] {logging_mixin.py:115} INFO - [2022-09-25T14:44:45.169+0000] {dagbag.py:508} INFO - Filling up the DagBag from /home/airflow/.local/lib/python3.7/site-packages/airflow/example_dags/example_external_task_marker_dag.py
[2022-09-25T14:44:45.178+0000] {processor.py:650} INFO - DAG(s) dict_keys(['example_external_task_marker_parent', 'example_external_task_marker_child']) retrieved from /home/airflow/.local/lib/python3.7/site-packages/airflow/example_dags/example_external_task_marker_dag.py
[2022-09-25T14:44:45.528+0000] {logging_mixin.py:115} INFO - [2022-09-25T14:44:45.527+0000] {dag.py:2429} INFO - Sync 2 DAGs
[2022-09-25T14:44:45.574+0000] {logging_mixin.py:115} INFO - [2022-09-25T14:44:45.574+0000] {dag.py:2981} INFO - Setting next_dagrun for example_external_task_marker_child to None, run_after=None
[2022-09-25T14:44:45.577+0000] {logging_mixin.py:115} INFO - [2022-09-25T14:44:45.576+0000] {dag.py:2981} INFO - Setting next_dagrun for example_external_task_marker_parent to None, run_after=None
[2022-09-25T14:44:45.602+0000] {processor.py:161} INFO - Processing /home/airflow/.local/lib/python3.7/site-packages/airflow/example_dags/example_external_task_marker_dag.py took 0.447 seconds
[2022-09-25T14:45:15.727+0000] {processor.py:153} INFO - Started process (PID=9642) to work on /home/airflow/.local/lib/python3.7/site-packages/airflow/example_dags/example_external_task_marker_dag.py
[2022-09-25T14:45:15.731+0000] {processor.py:640} INFO - Processing file /home/airflow/.local/lib/python3.7/site-packages/airflow/example_dags/example_external_task_marker_dag.py for tasks to queue
[2022-09-25T14:45:15.733+0000] {logging_mixin.py:115} INFO - [2022-09-25T14:45:15.733+0000] {dagbag.py:508} INFO - Filling up the DagBag from /home/airflow/.local/lib/python3.7/site-packages/airflow/example_dags/example_external_task_marker_dag.py
[2022-09-25T14:45:15.742+0000] {processor.py:650} INFO - DAG(s) dict_keys(['example_external_task_marker_parent', 'example_external_task_marker_child']) retrieved from /home/airflow/.local/lib/python3.7/site-packages/airflow/example_dags/example_external_task_marker_dag.py
[2022-09-25T14:45:16.078+0000] {logging_mixin.py:115} INFO - [2022-09-25T14:45:16.078+0000] {dag.py:2429} INFO - Sync 2 DAGs
[2022-09-25T14:45:16.119+0000] {logging_mixin.py:115} INFO - [2022-09-25T14:45:16.119+0000] {dag.py:2981} INFO - Setting next_dagrun for example_external_task_marker_child to None, run_after=None
[2022-09-25T14:45:16.123+0000] {logging_mixin.py:115} INFO - [2022-09-25T14:45:16.123+0000] {dag.py:2981} INFO - Setting next_dagrun for example_external_task_marker_parent to None, run_after=None
[2022-09-25T14:45:16.157+0000] {processor.py:161} INFO - Processing /home/airflow/.local/lib/python3.7/site-packages/airflow/example_dags/example_external_task_marker_dag.py took 0.437 seconds
[2022-09-25T14:45:46.266+0000] {processor.py:153} INFO - Started process (PID=9847) to work on /home/airflow/.local/lib/python3.7/site-packages/airflow/example_dags/example_external_task_marker_dag.py
[2022-09-25T14:45:46.268+0000] {processor.py:640} INFO - Processing file /home/airflow/.local/lib/python3.7/site-packages/airflow/example_dags/example_external_task_marker_dag.py for tasks to queue
[2022-09-25T14:45:46.295+0000] {logging_mixin.py:115} INFO - [2022-09-25T14:45:46.294+0000] {dagbag.py:508} INFO - Filling up the DagBag from /home/airflow/.local/lib/python3.7/site-packages/airflow/example_dags/example_external_task_marker_dag.py
[2022-09-25T14:45:46.307+0000] {processor.py:650} INFO - DAG(s) dict_keys(['example_external_task_marker_parent', 'example_external_task_marker_child']) retrieved from /home/airflow/.local/lib/python3.7/site-packages/airflow/example_dags/example_external_task_marker_dag.py
[2022-09-25T14:45:46.589+0000] {logging_mixin.py:115} INFO - [2022-09-25T14:45:46.589+0000] {dag.py:2429} INFO - Sync 2 DAGs
[2022-09-25T14:45:46.621+0000] {logging_mixin.py:115} INFO - [2022-09-25T14:45:46.621+0000] {dag.py:2981} INFO - Setting next_dagrun for example_external_task_marker_child to None, run_after=None
[2022-09-25T14:45:46.623+0000] {logging_mixin.py:115} INFO - [2022-09-25T14:45:46.622+0000] {dag.py:2981} INFO - Setting next_dagrun for example_external_task_marker_parent to None, run_after=None
[2022-09-25T14:45:46.646+0000] {processor.py:161} INFO - Processing /home/airflow/.local/lib/python3.7/site-packages/airflow/example_dags/example_external_task_marker_dag.py took 0.385 seconds
[2022-09-25T14:46:16.966+0000] {processor.py:153} INFO - Started process (PID=10061) to work on /home/airflow/.local/lib/python3.7/site-packages/airflow/example_dags/example_external_task_marker_dag.py
[2022-09-25T14:46:16.968+0000] {processor.py:640} INFO - Processing file /home/airflow/.local/lib/python3.7/site-packages/airflow/example_dags/example_external_task_marker_dag.py for tasks to queue
[2022-09-25T14:46:16.970+0000] {logging_mixin.py:115} INFO - [2022-09-25T14:46:16.970+0000] {dagbag.py:508} INFO - Filling up the DagBag from /home/airflow/.local/lib/python3.7/site-packages/airflow/example_dags/example_external_task_marker_dag.py
[2022-09-25T14:46:16.978+0000] {processor.py:650} INFO - DAG(s) dict_keys(['example_external_task_marker_parent', 'example_external_task_marker_child']) retrieved from /home/airflow/.local/lib/python3.7/site-packages/airflow/example_dags/example_external_task_marker_dag.py
[2022-09-25T14:46:17.274+0000] {logging_mixin.py:115} INFO - [2022-09-25T14:46:17.274+0000] {dag.py:2429} INFO - Sync 2 DAGs
[2022-09-25T14:46:17.308+0000] {logging_mixin.py:115} INFO - [2022-09-25T14:46:17.308+0000] {dag.py:2981} INFO - Setting next_dagrun for example_external_task_marker_child to None, run_after=None
[2022-09-25T14:46:17.310+0000] {logging_mixin.py:115} INFO - [2022-09-25T14:46:17.310+0000] {dag.py:2981} INFO - Setting next_dagrun for example_external_task_marker_parent to None, run_after=None
[2022-09-25T14:46:17.328+0000] {processor.py:161} INFO - Processing /home/airflow/.local/lib/python3.7/site-packages/airflow/example_dags/example_external_task_marker_dag.py took 0.367 seconds
[2022-09-25T14:46:47.376+0000] {processor.py:153} INFO - Started process (PID=10266) to work on /home/airflow/.local/lib/python3.7/site-packages/airflow/example_dags/example_external_task_marker_dag.py
[2022-09-25T14:46:47.384+0000] {processor.py:640} INFO - Processing file /home/airflow/.local/lib/python3.7/site-packages/airflow/example_dags/example_external_task_marker_dag.py for tasks to queue
[2022-09-25T14:46:47.385+0000] {logging_mixin.py:115} INFO - [2022-09-25T14:46:47.385+0000] {dagbag.py:508} INFO - Filling up the DagBag from /home/airflow/.local/lib/python3.7/site-packages/airflow/example_dags/example_external_task_marker_dag.py
[2022-09-25T14:46:47.393+0000] {processor.py:650} INFO - DAG(s) dict_keys(['example_external_task_marker_parent', 'example_external_task_marker_child']) retrieved from /home/airflow/.local/lib/python3.7/site-packages/airflow/example_dags/example_external_task_marker_dag.py
[2022-09-25T14:46:47.733+0000] {logging_mixin.py:115} INFO - [2022-09-25T14:46:47.733+0000] {dag.py:2429} INFO - Sync 2 DAGs
[2022-09-25T14:46:47.775+0000] {logging_mixin.py:115} INFO - [2022-09-25T14:46:47.775+0000] {dag.py:2981} INFO - Setting next_dagrun for example_external_task_marker_child to None, run_after=None
[2022-09-25T14:46:47.822+0000] {logging_mixin.py:115} INFO - [2022-09-25T14:46:47.821+0000] {dag.py:2981} INFO - Setting next_dagrun for example_external_task_marker_parent to None, run_after=None
[2022-09-25T14:46:47.874+0000] {processor.py:161} INFO - Processing /home/airflow/.local/lib/python3.7/site-packages/airflow/example_dags/example_external_task_marker_dag.py took 0.503 seconds
[2022-09-25T14:47:18.027+0000] {processor.py:153} INFO - Started process (PID=10480) to work on /home/airflow/.local/lib/python3.7/site-packages/airflow/example_dags/example_external_task_marker_dag.py
[2022-09-25T14:47:18.035+0000] {processor.py:640} INFO - Processing file /home/airflow/.local/lib/python3.7/site-packages/airflow/example_dags/example_external_task_marker_dag.py for tasks to queue
[2022-09-25T14:47:18.037+0000] {logging_mixin.py:115} INFO - [2022-09-25T14:47:18.037+0000] {dagbag.py:508} INFO - Filling up the DagBag from /home/airflow/.local/lib/python3.7/site-packages/airflow/example_dags/example_external_task_marker_dag.py
[2022-09-25T14:47:18.047+0000] {processor.py:650} INFO - DAG(s) dict_keys(['example_external_task_marker_parent', 'example_external_task_marker_child']) retrieved from /home/airflow/.local/lib/python3.7/site-packages/airflow/example_dags/example_external_task_marker_dag.py
[2022-09-25T14:47:18.633+0000] {logging_mixin.py:115} INFO - [2022-09-25T14:47:18.633+0000] {dag.py:2429} INFO - Sync 2 DAGs
[2022-09-25T14:47:18.680+0000] {logging_mixin.py:115} INFO - [2022-09-25T14:47:18.679+0000] {dag.py:2981} INFO - Setting next_dagrun for example_external_task_marker_child to None, run_after=None
[2022-09-25T14:47:18.683+0000] {logging_mixin.py:115} INFO - [2022-09-25T14:47:18.683+0000] {dag.py:2981} INFO - Setting next_dagrun for example_external_task_marker_parent to None, run_after=None
[2022-09-25T14:47:18.716+0000] {processor.py:161} INFO - Processing /home/airflow/.local/lib/python3.7/site-packages/airflow/example_dags/example_external_task_marker_dag.py took 0.696 seconds
[2022-09-25T14:47:49.227+0000] {processor.py:153} INFO - Started process (PID=10685) to work on /home/airflow/.local/lib/python3.7/site-packages/airflow/example_dags/example_external_task_marker_dag.py
[2022-09-25T14:47:49.235+0000] {processor.py:640} INFO - Processing file /home/airflow/.local/lib/python3.7/site-packages/airflow/example_dags/example_external_task_marker_dag.py for tasks to queue
[2022-09-25T14:47:49.236+0000] {logging_mixin.py:115} INFO - [2022-09-25T14:47:49.236+0000] {dagbag.py:508} INFO - Filling up the DagBag from /home/airflow/.local/lib/python3.7/site-packages/airflow/example_dags/example_external_task_marker_dag.py
[2022-09-25T14:47:49.244+0000] {processor.py:650} INFO - DAG(s) dict_keys(['example_external_task_marker_parent', 'example_external_task_marker_child']) retrieved from /home/airflow/.local/lib/python3.7/site-packages/airflow/example_dags/example_external_task_marker_dag.py
[2022-09-25T14:47:49.556+0000] {logging_mixin.py:115} INFO - [2022-09-25T14:47:49.556+0000] {dag.py:2429} INFO - Sync 2 DAGs
[2022-09-25T14:47:49.596+0000] {logging_mixin.py:115} INFO - [2022-09-25T14:47:49.595+0000] {dag.py:2981} INFO - Setting next_dagrun for example_external_task_marker_child to None, run_after=None
[2022-09-25T14:47:49.597+0000] {logging_mixin.py:115} INFO - [2022-09-25T14:47:49.597+0000] {dag.py:2981} INFO - Setting next_dagrun for example_external_task_marker_parent to None, run_after=None
[2022-09-25T14:47:49.617+0000] {processor.py:161} INFO - Processing /home/airflow/.local/lib/python3.7/site-packages/airflow/example_dags/example_external_task_marker_dag.py took 0.396 seconds
[2022-09-25T14:48:19.845+0000] {processor.py:153} INFO - Started process (PID=10900) to work on /home/airflow/.local/lib/python3.7/site-packages/airflow/example_dags/example_external_task_marker_dag.py
[2022-09-25T14:48:19.853+0000] {processor.py:640} INFO - Processing file /home/airflow/.local/lib/python3.7/site-packages/airflow/example_dags/example_external_task_marker_dag.py for tasks to queue
[2022-09-25T14:48:19.856+0000] {logging_mixin.py:115} INFO - [2022-09-25T14:48:19.856+0000] {dagbag.py:508} INFO - Filling up the DagBag from /home/airflow/.local/lib/python3.7/site-packages/airflow/example_dags/example_external_task_marker_dag.py
[2022-09-25T14:48:19.864+0000] {processor.py:650} INFO - DAG(s) dict_keys(['example_external_task_marker_parent', 'example_external_task_marker_child']) retrieved from /home/airflow/.local/lib/python3.7/site-packages/airflow/example_dags/example_external_task_marker_dag.py
[2022-09-25T14:48:20.187+0000] {logging_mixin.py:115} INFO - [2022-09-25T14:48:20.187+0000] {dag.py:2429} INFO - Sync 2 DAGs
[2022-09-25T14:48:20.222+0000] {logging_mixin.py:115} INFO - [2022-09-25T14:48:20.222+0000] {dag.py:2981} INFO - Setting next_dagrun for example_external_task_marker_child to None, run_after=None
[2022-09-25T14:48:20.224+0000] {logging_mixin.py:115} INFO - [2022-09-25T14:48:20.224+0000] {dag.py:2981} INFO - Setting next_dagrun for example_external_task_marker_parent to None, run_after=None
[2022-09-25T14:48:20.252+0000] {processor.py:161} INFO - Processing /home/airflow/.local/lib/python3.7/site-packages/airflow/example_dags/example_external_task_marker_dag.py took 0.413 seconds
[2022-09-25T14:48:50.322+0000] {processor.py:153} INFO - Started process (PID=11105) to work on /home/airflow/.local/lib/python3.7/site-packages/airflow/example_dags/example_external_task_marker_dag.py
[2022-09-25T14:48:50.331+0000] {processor.py:640} INFO - Processing file /home/airflow/.local/lib/python3.7/site-packages/airflow/example_dags/example_external_task_marker_dag.py for tasks to queue
[2022-09-25T14:48:50.338+0000] {logging_mixin.py:115} INFO - [2022-09-25T14:48:50.337+0000] {dagbag.py:508} INFO - Filling up the DagBag from /home/airflow/.local/lib/python3.7/site-packages/airflow/example_dags/example_external_task_marker_dag.py
[2022-09-25T14:48:50.357+0000] {processor.py:650} INFO - DAG(s) dict_keys(['example_external_task_marker_parent', 'example_external_task_marker_child']) retrieved from /home/airflow/.local/lib/python3.7/site-packages/airflow/example_dags/example_external_task_marker_dag.py
[2022-09-25T14:48:50.926+0000] {logging_mixin.py:115} INFO - [2022-09-25T14:48:50.926+0000] {dag.py:2429} INFO - Sync 2 DAGs
[2022-09-25T14:48:51.001+0000] {logging_mixin.py:115} INFO - [2022-09-25T14:48:51.001+0000] {dag.py:2981} INFO - Setting next_dagrun for example_external_task_marker_child to None, run_after=None
[2022-09-25T14:48:51.005+0000] {logging_mixin.py:115} INFO - [2022-09-25T14:48:51.004+0000] {dag.py:2981} INFO - Setting next_dagrun for example_external_task_marker_parent to None, run_after=None
[2022-09-25T14:48:51.043+0000] {processor.py:161} INFO - Processing /home/airflow/.local/lib/python3.7/site-packages/airflow/example_dags/example_external_task_marker_dag.py took 0.735 seconds
[2022-09-25T14:49:21.302+0000] {processor.py:153} INFO - Started process (PID=11323) to work on /home/airflow/.local/lib/python3.7/site-packages/airflow/example_dags/example_external_task_marker_dag.py
[2022-09-25T14:49:21.304+0000] {processor.py:640} INFO - Processing file /home/airflow/.local/lib/python3.7/site-packages/airflow/example_dags/example_external_task_marker_dag.py for tasks to queue
[2022-09-25T14:49:21.306+0000] {logging_mixin.py:115} INFO - [2022-09-25T14:49:21.306+0000] {dagbag.py:508} INFO - Filling up the DagBag from /home/airflow/.local/lib/python3.7/site-packages/airflow/example_dags/example_external_task_marker_dag.py
[2022-09-25T14:49:21.313+0000] {processor.py:650} INFO - DAG(s) dict_keys(['example_external_task_marker_parent', 'example_external_task_marker_child']) retrieved from /home/airflow/.local/lib/python3.7/site-packages/airflow/example_dags/example_external_task_marker_dag.py
[2022-09-25T14:49:21.635+0000] {logging_mixin.py:115} INFO - [2022-09-25T14:49:21.635+0000] {dag.py:2429} INFO - Sync 2 DAGs
[2022-09-25T14:49:21.670+0000] {logging_mixin.py:115} INFO - [2022-09-25T14:49:21.669+0000] {dag.py:2981} INFO - Setting next_dagrun for example_external_task_marker_child to None, run_after=None
[2022-09-25T14:49:21.672+0000] {logging_mixin.py:115} INFO - [2022-09-25T14:49:21.672+0000] {dag.py:2981} INFO - Setting next_dagrun for example_external_task_marker_parent to None, run_after=None
[2022-09-25T14:49:21.692+0000] {processor.py:161} INFO - Processing /home/airflow/.local/lib/python3.7/site-packages/airflow/example_dags/example_external_task_marker_dag.py took 0.395 seconds
[2022-09-25T14:49:51.929+0000] {processor.py:153} INFO - Started process (PID=11527) to work on /home/airflow/.local/lib/python3.7/site-packages/airflow/example_dags/example_external_task_marker_dag.py
[2022-09-25T14:49:51.933+0000] {processor.py:640} INFO - Processing file /home/airflow/.local/lib/python3.7/site-packages/airflow/example_dags/example_external_task_marker_dag.py for tasks to queue
[2022-09-25T14:49:51.936+0000] {logging_mixin.py:115} INFO - [2022-09-25T14:49:51.935+0000] {dagbag.py:508} INFO - Filling up the DagBag from /home/airflow/.local/lib/python3.7/site-packages/airflow/example_dags/example_external_task_marker_dag.py
[2022-09-25T14:49:51.951+0000] {processor.py:650} INFO - DAG(s) dict_keys(['example_external_task_marker_parent', 'example_external_task_marker_child']) retrieved from /home/airflow/.local/lib/python3.7/site-packages/airflow/example_dags/example_external_task_marker_dag.py
[2022-09-25T14:49:52.788+0000] {logging_mixin.py:115} INFO - [2022-09-25T14:49:52.787+0000] {dag.py:2429} INFO - Sync 2 DAGs
[2022-09-25T14:49:52.837+0000] {logging_mixin.py:115} INFO - [2022-09-25T14:49:52.836+0000] {dag.py:2981} INFO - Setting next_dagrun for example_external_task_marker_child to None, run_after=None
[2022-09-25T14:49:52.840+0000] {logging_mixin.py:115} INFO - [2022-09-25T14:49:52.840+0000] {dag.py:2981} INFO - Setting next_dagrun for example_external_task_marker_parent to None, run_after=None
[2022-09-25T14:49:52.885+0000] {processor.py:161} INFO - Processing /home/airflow/.local/lib/python3.7/site-packages/airflow/example_dags/example_external_task_marker_dag.py took 0.968 seconds
[2022-09-25T14:50:23.267+0000] {processor.py:153} INFO - Started process (PID=11739) to work on /home/airflow/.local/lib/python3.7/site-packages/airflow/example_dags/example_external_task_marker_dag.py
[2022-09-25T14:50:23.270+0000] {processor.py:640} INFO - Processing file /home/airflow/.local/lib/python3.7/site-packages/airflow/example_dags/example_external_task_marker_dag.py for tasks to queue
[2022-09-25T14:50:23.272+0000] {logging_mixin.py:115} INFO - [2022-09-25T14:50:23.272+0000] {dagbag.py:508} INFO - Filling up the DagBag from /home/airflow/.local/lib/python3.7/site-packages/airflow/example_dags/example_external_task_marker_dag.py
[2022-09-25T14:50:23.281+0000] {processor.py:650} INFO - DAG(s) dict_keys(['example_external_task_marker_parent', 'example_external_task_marker_child']) retrieved from /home/airflow/.local/lib/python3.7/site-packages/airflow/example_dags/example_external_task_marker_dag.py
[2022-09-25T14:50:23.737+0000] {logging_mixin.py:115} INFO - [2022-09-25T14:50:23.736+0000] {dag.py:2429} INFO - Sync 2 DAGs
[2022-09-25T14:50:23.801+0000] {logging_mixin.py:115} INFO - [2022-09-25T14:50:23.801+0000] {dag.py:2981} INFO - Setting next_dagrun for example_external_task_marker_child to None, run_after=None
[2022-09-25T14:50:23.803+0000] {logging_mixin.py:115} INFO - [2022-09-25T14:50:23.803+0000] {dag.py:2981} INFO - Setting next_dagrun for example_external_task_marker_parent to None, run_after=None
[2022-09-25T14:50:23.830+0000] {processor.py:161} INFO - Processing /home/airflow/.local/lib/python3.7/site-packages/airflow/example_dags/example_external_task_marker_dag.py took 0.569 seconds
[2022-09-25T14:50:53.896+0000] {processor.py:153} INFO - Started process (PID=11945) to work on /home/airflow/.local/lib/python3.7/site-packages/airflow/example_dags/example_external_task_marker_dag.py
[2022-09-25T14:50:53.904+0000] {processor.py:640} INFO - Processing file /home/airflow/.local/lib/python3.7/site-packages/airflow/example_dags/example_external_task_marker_dag.py for tasks to queue
[2022-09-25T14:50:53.907+0000] {logging_mixin.py:115} INFO - [2022-09-25T14:50:53.907+0000] {dagbag.py:508} INFO - Filling up the DagBag from /home/airflow/.local/lib/python3.7/site-packages/airflow/example_dags/example_external_task_marker_dag.py
[2022-09-25T14:50:53.915+0000] {processor.py:650} INFO - DAG(s) dict_keys(['example_external_task_marker_parent', 'example_external_task_marker_child']) retrieved from /home/airflow/.local/lib/python3.7/site-packages/airflow/example_dags/example_external_task_marker_dag.py
[2022-09-25T14:50:54.169+0000] {logging_mixin.py:115} INFO - [2022-09-25T14:50:54.169+0000] {dag.py:2429} INFO - Sync 2 DAGs
[2022-09-25T14:50:54.202+0000] {logging_mixin.py:115} INFO - [2022-09-25T14:50:54.201+0000] {dag.py:2981} INFO - Setting next_dagrun for example_external_task_marker_child to None, run_after=None
[2022-09-25T14:50:54.203+0000] {logging_mixin.py:115} INFO - [2022-09-25T14:50:54.203+0000] {dag.py:2981} INFO - Setting next_dagrun for example_external_task_marker_parent to None, run_after=None
[2022-09-25T14:50:54.226+0000] {processor.py:161} INFO - Processing /home/airflow/.local/lib/python3.7/site-packages/airflow/example_dags/example_external_task_marker_dag.py took 0.336 seconds
[2022-09-25T14:51:24.319+0000] {processor.py:153} INFO - Started process (PID=12159) to work on /home/airflow/.local/lib/python3.7/site-packages/airflow/example_dags/example_external_task_marker_dag.py
[2022-09-25T14:51:24.321+0000] {processor.py:640} INFO - Processing file /home/airflow/.local/lib/python3.7/site-packages/airflow/example_dags/example_external_task_marker_dag.py for tasks to queue
[2022-09-25T14:51:24.323+0000] {logging_mixin.py:115} INFO - [2022-09-25T14:51:24.323+0000] {dagbag.py:508} INFO - Filling up the DagBag from /home/airflow/.local/lib/python3.7/site-packages/airflow/example_dags/example_external_task_marker_dag.py
[2022-09-25T14:51:24.331+0000] {processor.py:650} INFO - DAG(s) dict_keys(['example_external_task_marker_parent', 'example_external_task_marker_child']) retrieved from /home/airflow/.local/lib/python3.7/site-packages/airflow/example_dags/example_external_task_marker_dag.py
[2022-09-25T14:51:24.618+0000] {logging_mixin.py:115} INFO - [2022-09-25T14:51:24.618+0000] {dag.py:2429} INFO - Sync 2 DAGs
[2022-09-25T14:51:24.655+0000] {logging_mixin.py:115} INFO - [2022-09-25T14:51:24.655+0000] {dag.py:2981} INFO - Setting next_dagrun for example_external_task_marker_child to None, run_after=None
[2022-09-25T14:51:24.657+0000] {logging_mixin.py:115} INFO - [2022-09-25T14:51:24.656+0000] {dag.py:2981} INFO - Setting next_dagrun for example_external_task_marker_parent to None, run_after=None
[2022-09-25T14:51:24.682+0000] {processor.py:161} INFO - Processing /home/airflow/.local/lib/python3.7/site-packages/airflow/example_dags/example_external_task_marker_dag.py took 0.368 seconds
[2022-09-25T14:51:55.295+0000] {processor.py:153} INFO - Started process (PID=12364) to work on /home/airflow/.local/lib/python3.7/site-packages/airflow/example_dags/example_external_task_marker_dag.py
[2022-09-25T14:51:55.302+0000] {processor.py:640} INFO - Processing file /home/airflow/.local/lib/python3.7/site-packages/airflow/example_dags/example_external_task_marker_dag.py for tasks to queue
[2022-09-25T14:51:55.304+0000] {logging_mixin.py:115} INFO - [2022-09-25T14:51:55.304+0000] {dagbag.py:508} INFO - Filling up the DagBag from /home/airflow/.local/lib/python3.7/site-packages/airflow/example_dags/example_external_task_marker_dag.py
[2022-09-25T14:51:55.311+0000] {processor.py:650} INFO - DAG(s) dict_keys(['example_external_task_marker_parent', 'example_external_task_marker_child']) retrieved from /home/airflow/.local/lib/python3.7/site-packages/airflow/example_dags/example_external_task_marker_dag.py
[2022-09-25T14:51:55.579+0000] {logging_mixin.py:115} INFO - [2022-09-25T14:51:55.579+0000] {dag.py:2429} INFO - Sync 2 DAGs
[2022-09-25T14:51:55.611+0000] {logging_mixin.py:115} INFO - [2022-09-25T14:51:55.611+0000] {dag.py:2981} INFO - Setting next_dagrun for example_external_task_marker_child to None, run_after=None
[2022-09-25T14:51:55.614+0000] {logging_mixin.py:115} INFO - [2022-09-25T14:51:55.614+0000] {dag.py:2981} INFO - Setting next_dagrun for example_external_task_marker_parent to None, run_after=None
[2022-09-25T14:51:55.635+0000] {processor.py:161} INFO - Processing /home/airflow/.local/lib/python3.7/site-packages/airflow/example_dags/example_external_task_marker_dag.py took 0.346 seconds
