[2022-09-25T14:22:33.300+0000] {processor.py:153} INFO - Started process (PID=390) to work on /home/airflow/.local/lib/python3.7/site-packages/airflow/example_dags/example_branch_operator.py
[2022-09-25T14:22:33.311+0000] {processor.py:640} INFO - Processing file /home/airflow/.local/lib/python3.7/site-packages/airflow/example_dags/example_branch_operator.py for tasks to queue
[2022-09-25T14:22:33.321+0000] {logging_mixin.py:115} INFO - [2022-09-25T14:22:33.318+0000] {dagbag.py:508} INFO - Filling up the DagBag from /home/airflow/.local/lib/python3.7/site-packages/airflow/example_dags/example_branch_operator.py
[2022-09-25T14:22:33.640+0000] {processor.py:650} INFO - DAG(s) dict_keys(['example_branch_operator']) retrieved from /home/airflow/.local/lib/python3.7/site-packages/airflow/example_dags/example_branch_operator.py
[2022-09-25T14:22:33.760+0000] {logging_mixin.py:115} INFO - [2022-09-25T14:22:33.760+0000] {dag.py:2429} INFO - Sync 1 DAGs
[2022-09-25T14:22:33.867+0000] {logging_mixin.py:115} INFO - [2022-09-25T14:22:33.867+0000] {dag.py:2981} INFO - Setting next_dagrun for example_branch_operator to 2022-09-24T00:00:00+00:00, run_after=2022-09-25T00:00:00+00:00
[2022-09-25T14:22:33.968+0000] {processor.py:161} INFO - Processing /home/airflow/.local/lib/python3.7/site-packages/airflow/example_dags/example_branch_operator.py took 0.767 seconds
[2022-09-25T14:23:04.526+0000] {processor.py:153} INFO - Started process (PID=593) to work on /home/airflow/.local/lib/python3.7/site-packages/airflow/example_dags/example_branch_operator.py
[2022-09-25T14:23:04.530+0000] {processor.py:640} INFO - Processing file /home/airflow/.local/lib/python3.7/site-packages/airflow/example_dags/example_branch_operator.py for tasks to queue
[2022-09-25T14:23:04.532+0000] {logging_mixin.py:115} INFO - [2022-09-25T14:23:04.532+0000] {dagbag.py:508} INFO - Filling up the DagBag from /home/airflow/.local/lib/python3.7/site-packages/airflow/example_dags/example_branch_operator.py
[2022-09-25T14:23:04.550+0000] {processor.py:650} INFO - DAG(s) dict_keys(['example_branch_operator']) retrieved from /home/airflow/.local/lib/python3.7/site-packages/airflow/example_dags/example_branch_operator.py
[2022-09-25T14:23:04.596+0000] {logging_mixin.py:115} INFO - [2022-09-25T14:23:04.596+0000] {dag.py:2429} INFO - Sync 1 DAGs
[2022-09-25T14:23:04.631+0000] {logging_mixin.py:115} INFO - [2022-09-25T14:23:04.630+0000] {dag.py:2981} INFO - Setting next_dagrun for example_branch_operator to 2022-09-24T00:00:00+00:00, run_after=2022-09-25T00:00:00+00:00
[2022-09-25T14:23:04.650+0000] {processor.py:161} INFO - Processing /home/airflow/.local/lib/python3.7/site-packages/airflow/example_dags/example_branch_operator.py took 0.129 seconds
[2022-09-25T14:23:35.330+0000] {processor.py:153} INFO - Started process (PID=807) to work on /home/airflow/.local/lib/python3.7/site-packages/airflow/example_dags/example_branch_operator.py
[2022-09-25T14:23:35.332+0000] {processor.py:640} INFO - Processing file /home/airflow/.local/lib/python3.7/site-packages/airflow/example_dags/example_branch_operator.py for tasks to queue
[2022-09-25T14:23:35.334+0000] {logging_mixin.py:115} INFO - [2022-09-25T14:23:35.333+0000] {dagbag.py:508} INFO - Filling up the DagBag from /home/airflow/.local/lib/python3.7/site-packages/airflow/example_dags/example_branch_operator.py
[2022-09-25T14:23:35.353+0000] {processor.py:650} INFO - DAG(s) dict_keys(['example_branch_operator']) retrieved from /home/airflow/.local/lib/python3.7/site-packages/airflow/example_dags/example_branch_operator.py
[2022-09-25T14:23:35.403+0000] {logging_mixin.py:115} INFO - [2022-09-25T14:23:35.403+0000] {dag.py:2429} INFO - Sync 1 DAGs
[2022-09-25T14:23:35.443+0000] {logging_mixin.py:115} INFO - [2022-09-25T14:23:35.442+0000] {dag.py:2981} INFO - Setting next_dagrun for example_branch_operator to 2022-09-24T00:00:00+00:00, run_after=2022-09-25T00:00:00+00:00
[2022-09-25T14:23:35.465+0000] {processor.py:161} INFO - Processing /home/airflow/.local/lib/python3.7/site-packages/airflow/example_dags/example_branch_operator.py took 0.141 seconds
[2022-09-25T14:24:06.310+0000] {processor.py:153} INFO - Started process (PID=1012) to work on /home/airflow/.local/lib/python3.7/site-packages/airflow/example_dags/example_branch_operator.py
[2022-09-25T14:24:06.313+0000] {processor.py:640} INFO - Processing file /home/airflow/.local/lib/python3.7/site-packages/airflow/example_dags/example_branch_operator.py for tasks to queue
[2022-09-25T14:24:06.315+0000] {logging_mixin.py:115} INFO - [2022-09-25T14:24:06.314+0000] {dagbag.py:508} INFO - Filling up the DagBag from /home/airflow/.local/lib/python3.7/site-packages/airflow/example_dags/example_branch_operator.py
[2022-09-25T14:24:06.332+0000] {processor.py:650} INFO - DAG(s) dict_keys(['example_branch_operator']) retrieved from /home/airflow/.local/lib/python3.7/site-packages/airflow/example_dags/example_branch_operator.py
[2022-09-25T14:24:06.379+0000] {logging_mixin.py:115} INFO - [2022-09-25T14:24:06.379+0000] {dag.py:2429} INFO - Sync 1 DAGs
[2022-09-25T14:24:06.414+0000] {logging_mixin.py:115} INFO - [2022-09-25T14:24:06.414+0000] {dag.py:2981} INFO - Setting next_dagrun for example_branch_operator to 2022-09-24T00:00:00+00:00, run_after=2022-09-25T00:00:00+00:00
[2022-09-25T14:24:06.438+0000] {processor.py:161} INFO - Processing /home/airflow/.local/lib/python3.7/site-packages/airflow/example_dags/example_branch_operator.py took 0.134 seconds
[2022-09-25T14:24:36.486+0000] {processor.py:153} INFO - Started process (PID=1227) to work on /home/airflow/.local/lib/python3.7/site-packages/airflow/example_dags/example_branch_operator.py
[2022-09-25T14:24:36.490+0000] {processor.py:640} INFO - Processing file /home/airflow/.local/lib/python3.7/site-packages/airflow/example_dags/example_branch_operator.py for tasks to queue
[2022-09-25T14:24:36.492+0000] {logging_mixin.py:115} INFO - [2022-09-25T14:24:36.492+0000] {dagbag.py:508} INFO - Filling up the DagBag from /home/airflow/.local/lib/python3.7/site-packages/airflow/example_dags/example_branch_operator.py
[2022-09-25T14:24:36.510+0000] {processor.py:650} INFO - DAG(s) dict_keys(['example_branch_operator']) retrieved from /home/airflow/.local/lib/python3.7/site-packages/airflow/example_dags/example_branch_operator.py
[2022-09-25T14:24:36.557+0000] {logging_mixin.py:115} INFO - [2022-09-25T14:24:36.557+0000] {dag.py:2429} INFO - Sync 1 DAGs
[2022-09-25T14:24:36.599+0000] {logging_mixin.py:115} INFO - [2022-09-25T14:24:36.599+0000] {dag.py:2981} INFO - Setting next_dagrun for example_branch_operator to 2022-09-24T00:00:00+00:00, run_after=2022-09-25T00:00:00+00:00
[2022-09-25T14:24:36.627+0000] {processor.py:161} INFO - Processing /home/airflow/.local/lib/python3.7/site-packages/airflow/example_dags/example_branch_operator.py took 0.146 seconds
[2022-09-25T14:25:07.034+0000] {processor.py:153} INFO - Started process (PID=1432) to work on /home/airflow/.local/lib/python3.7/site-packages/airflow/example_dags/example_branch_operator.py
[2022-09-25T14:25:07.038+0000] {processor.py:640} INFO - Processing file /home/airflow/.local/lib/python3.7/site-packages/airflow/example_dags/example_branch_operator.py for tasks to queue
[2022-09-25T14:25:07.041+0000] {logging_mixin.py:115} INFO - [2022-09-25T14:25:07.041+0000] {dagbag.py:508} INFO - Filling up the DagBag from /home/airflow/.local/lib/python3.7/site-packages/airflow/example_dags/example_branch_operator.py
[2022-09-25T14:25:07.060+0000] {processor.py:650} INFO - DAG(s) dict_keys(['example_branch_operator']) retrieved from /home/airflow/.local/lib/python3.7/site-packages/airflow/example_dags/example_branch_operator.py
[2022-09-25T14:25:07.109+0000] {logging_mixin.py:115} INFO - [2022-09-25T14:25:07.109+0000] {dag.py:2429} INFO - Sync 1 DAGs
[2022-09-25T14:25:07.147+0000] {logging_mixin.py:115} INFO - [2022-09-25T14:25:07.147+0000] {dag.py:2981} INFO - Setting next_dagrun for example_branch_operator to 2022-09-24T00:00:00+00:00, run_after=2022-09-25T00:00:00+00:00
[2022-09-25T14:25:07.167+0000] {processor.py:161} INFO - Processing /home/airflow/.local/lib/python3.7/site-packages/airflow/example_dags/example_branch_operator.py took 0.140 seconds
[2022-09-25T14:25:37.664+0000] {processor.py:153} INFO - Started process (PID=1646) to work on /home/airflow/.local/lib/python3.7/site-packages/airflow/example_dags/example_branch_operator.py
[2022-09-25T14:25:37.666+0000] {processor.py:640} INFO - Processing file /home/airflow/.local/lib/python3.7/site-packages/airflow/example_dags/example_branch_operator.py for tasks to queue
[2022-09-25T14:25:37.668+0000] {logging_mixin.py:115} INFO - [2022-09-25T14:25:37.667+0000] {dagbag.py:508} INFO - Filling up the DagBag from /home/airflow/.local/lib/python3.7/site-packages/airflow/example_dags/example_branch_operator.py
[2022-09-25T14:25:37.689+0000] {processor.py:650} INFO - DAG(s) dict_keys(['example_branch_operator']) retrieved from /home/airflow/.local/lib/python3.7/site-packages/airflow/example_dags/example_branch_operator.py
[2022-09-25T14:25:37.738+0000] {logging_mixin.py:115} INFO - [2022-09-25T14:25:37.737+0000] {dag.py:2429} INFO - Sync 1 DAGs
[2022-09-25T14:25:37.787+0000] {logging_mixin.py:115} INFO - [2022-09-25T14:25:37.787+0000] {dag.py:2981} INFO - Setting next_dagrun for example_branch_operator to 2022-09-24T00:00:00+00:00, run_after=2022-09-25T00:00:00+00:00
[2022-09-25T14:25:37.834+0000] {processor.py:161} INFO - Processing /home/airflow/.local/lib/python3.7/site-packages/airflow/example_dags/example_branch_operator.py took 0.176 seconds
[2022-09-25T14:26:08.337+0000] {processor.py:153} INFO - Started process (PID=1852) to work on /home/airflow/.local/lib/python3.7/site-packages/airflow/example_dags/example_branch_operator.py
[2022-09-25T14:26:08.345+0000] {processor.py:640} INFO - Processing file /home/airflow/.local/lib/python3.7/site-packages/airflow/example_dags/example_branch_operator.py for tasks to queue
[2022-09-25T14:26:08.347+0000] {logging_mixin.py:115} INFO - [2022-09-25T14:26:08.347+0000] {dagbag.py:508} INFO - Filling up the DagBag from /home/airflow/.local/lib/python3.7/site-packages/airflow/example_dags/example_branch_operator.py
[2022-09-25T14:26:08.366+0000] {processor.py:650} INFO - DAG(s) dict_keys(['example_branch_operator']) retrieved from /home/airflow/.local/lib/python3.7/site-packages/airflow/example_dags/example_branch_operator.py
[2022-09-25T14:26:08.411+0000] {logging_mixin.py:115} INFO - [2022-09-25T14:26:08.411+0000] {dag.py:2429} INFO - Sync 1 DAGs
[2022-09-25T14:26:08.449+0000] {logging_mixin.py:115} INFO - [2022-09-25T14:26:08.449+0000] {dag.py:2981} INFO - Setting next_dagrun for example_branch_operator to 2022-09-24T00:00:00+00:00, run_after=2022-09-25T00:00:00+00:00
[2022-09-25T14:26:08.476+0000] {processor.py:161} INFO - Processing /home/airflow/.local/lib/python3.7/site-packages/airflow/example_dags/example_branch_operator.py took 0.144 seconds
[2022-09-25T14:26:39.150+0000] {processor.py:153} INFO - Started process (PID=2065) to work on /home/airflow/.local/lib/python3.7/site-packages/airflow/example_dags/example_branch_operator.py
[2022-09-25T14:26:39.155+0000] {processor.py:640} INFO - Processing file /home/airflow/.local/lib/python3.7/site-packages/airflow/example_dags/example_branch_operator.py for tasks to queue
[2022-09-25T14:26:39.158+0000] {logging_mixin.py:115} INFO - [2022-09-25T14:26:39.157+0000] {dagbag.py:508} INFO - Filling up the DagBag from /home/airflow/.local/lib/python3.7/site-packages/airflow/example_dags/example_branch_operator.py
[2022-09-25T14:26:39.185+0000] {processor.py:650} INFO - DAG(s) dict_keys(['example_branch_operator']) retrieved from /home/airflow/.local/lib/python3.7/site-packages/airflow/example_dags/example_branch_operator.py
[2022-09-25T14:26:39.241+0000] {logging_mixin.py:115} INFO - [2022-09-25T14:26:39.241+0000] {dag.py:2429} INFO - Sync 1 DAGs
[2022-09-25T14:26:39.288+0000] {logging_mixin.py:115} INFO - [2022-09-25T14:26:39.287+0000] {dag.py:2981} INFO - Setting next_dagrun for example_branch_operator to 2022-09-24T00:00:00+00:00, run_after=2022-09-25T00:00:00+00:00
[2022-09-25T14:26:39.313+0000] {processor.py:161} INFO - Processing /home/airflow/.local/lib/python3.7/site-packages/airflow/example_dags/example_branch_operator.py took 0.170 seconds
[2022-09-25T14:27:09.786+0000] {processor.py:153} INFO - Started process (PID=2272) to work on /home/airflow/.local/lib/python3.7/site-packages/airflow/example_dags/example_branch_operator.py
[2022-09-25T14:27:09.788+0000] {processor.py:640} INFO - Processing file /home/airflow/.local/lib/python3.7/site-packages/airflow/example_dags/example_branch_operator.py for tasks to queue
[2022-09-25T14:27:09.790+0000] {logging_mixin.py:115} INFO - [2022-09-25T14:27:09.789+0000] {dagbag.py:508} INFO - Filling up the DagBag from /home/airflow/.local/lib/python3.7/site-packages/airflow/example_dags/example_branch_operator.py
[2022-09-25T14:27:09.813+0000] {processor.py:650} INFO - DAG(s) dict_keys(['example_branch_operator']) retrieved from /home/airflow/.local/lib/python3.7/site-packages/airflow/example_dags/example_branch_operator.py
[2022-09-25T14:27:09.854+0000] {logging_mixin.py:115} INFO - [2022-09-25T14:27:09.854+0000] {dag.py:2429} INFO - Sync 1 DAGs
[2022-09-25T14:27:09.889+0000] {logging_mixin.py:115} INFO - [2022-09-25T14:27:09.889+0000] {dag.py:2981} INFO - Setting next_dagrun for example_branch_operator to 2022-09-24T00:00:00+00:00, run_after=2022-09-25T00:00:00+00:00
[2022-09-25T14:27:09.913+0000] {processor.py:161} INFO - Processing /home/airflow/.local/lib/python3.7/site-packages/airflow/example_dags/example_branch_operator.py took 0.132 seconds
[2022-09-25T14:27:40.002+0000] {processor.py:153} INFO - Started process (PID=2484) to work on /home/airflow/.local/lib/python3.7/site-packages/airflow/example_dags/example_branch_operator.py
[2022-09-25T14:27:40.004+0000] {processor.py:640} INFO - Processing file /home/airflow/.local/lib/python3.7/site-packages/airflow/example_dags/example_branch_operator.py for tasks to queue
[2022-09-25T14:27:40.006+0000] {logging_mixin.py:115} INFO - [2022-09-25T14:27:40.006+0000] {dagbag.py:508} INFO - Filling up the DagBag from /home/airflow/.local/lib/python3.7/site-packages/airflow/example_dags/example_branch_operator.py
[2022-09-25T14:27:40.030+0000] {processor.py:650} INFO - DAG(s) dict_keys(['example_branch_operator']) retrieved from /home/airflow/.local/lib/python3.7/site-packages/airflow/example_dags/example_branch_operator.py
[2022-09-25T14:27:40.075+0000] {logging_mixin.py:115} INFO - [2022-09-25T14:27:40.074+0000] {dag.py:2429} INFO - Sync 1 DAGs
[2022-09-25T14:27:40.112+0000] {logging_mixin.py:115} INFO - [2022-09-25T14:27:40.111+0000] {dag.py:2981} INFO - Setting next_dagrun for example_branch_operator to 2022-09-24T00:00:00+00:00, run_after=2022-09-25T00:00:00+00:00
[2022-09-25T14:27:40.133+0000] {processor.py:161} INFO - Processing /home/airflow/.local/lib/python3.7/site-packages/airflow/example_dags/example_branch_operator.py took 0.137 seconds
[2022-09-25T14:28:10.917+0000] {processor.py:153} INFO - Started process (PID=2687) to work on /home/airflow/.local/lib/python3.7/site-packages/airflow/example_dags/example_branch_operator.py
[2022-09-25T14:28:10.920+0000] {processor.py:640} INFO - Processing file /home/airflow/.local/lib/python3.7/site-packages/airflow/example_dags/example_branch_operator.py for tasks to queue
[2022-09-25T14:28:10.924+0000] {logging_mixin.py:115} INFO - [2022-09-25T14:28:10.923+0000] {dagbag.py:508} INFO - Filling up the DagBag from /home/airflow/.local/lib/python3.7/site-packages/airflow/example_dags/example_branch_operator.py
[2022-09-25T14:28:10.952+0000] {processor.py:650} INFO - DAG(s) dict_keys(['example_branch_operator']) retrieved from /home/airflow/.local/lib/python3.7/site-packages/airflow/example_dags/example_branch_operator.py
[2022-09-25T14:28:11.106+0000] {logging_mixin.py:115} INFO - [2022-09-25T14:28:11.105+0000] {dag.py:2429} INFO - Sync 1 DAGs
[2022-09-25T14:28:11.195+0000] {logging_mixin.py:115} INFO - [2022-09-25T14:28:11.195+0000] {dag.py:2981} INFO - Setting next_dagrun for example_branch_operator to 2022-09-24T00:00:00+00:00, run_after=2022-09-25T00:00:00+00:00
[2022-09-25T14:28:11.236+0000] {processor.py:161} INFO - Processing /home/airflow/.local/lib/python3.7/site-packages/airflow/example_dags/example_branch_operator.py took 0.349 seconds
[2022-09-25T14:28:41.642+0000] {processor.py:153} INFO - Started process (PID=2901) to work on /home/airflow/.local/lib/python3.7/site-packages/airflow/example_dags/example_branch_operator.py
[2022-09-25T14:28:41.644+0000] {processor.py:640} INFO - Processing file /home/airflow/.local/lib/python3.7/site-packages/airflow/example_dags/example_branch_operator.py for tasks to queue
[2022-09-25T14:28:41.647+0000] {logging_mixin.py:115} INFO - [2022-09-25T14:28:41.647+0000] {dagbag.py:508} INFO - Filling up the DagBag from /home/airflow/.local/lib/python3.7/site-packages/airflow/example_dags/example_branch_operator.py
[2022-09-25T14:28:41.676+0000] {processor.py:650} INFO - DAG(s) dict_keys(['example_branch_operator']) retrieved from /home/airflow/.local/lib/python3.7/site-packages/airflow/example_dags/example_branch_operator.py
[2022-09-25T14:28:41.727+0000] {logging_mixin.py:115} INFO - [2022-09-25T14:28:41.726+0000] {dag.py:2429} INFO - Sync 1 DAGs
[2022-09-25T14:28:41.777+0000] {logging_mixin.py:115} INFO - [2022-09-25T14:28:41.776+0000] {dag.py:2981} INFO - Setting next_dagrun for example_branch_operator to 2022-09-24T00:00:00+00:00, run_after=2022-09-25T00:00:00+00:00
[2022-09-25T14:28:41.800+0000] {processor.py:161} INFO - Processing /home/airflow/.local/lib/python3.7/site-packages/airflow/example_dags/example_branch_operator.py took 0.164 seconds
[2022-09-25T14:29:12.314+0000] {processor.py:153} INFO - Started process (PID=3106) to work on /home/airflow/.local/lib/python3.7/site-packages/airflow/example_dags/example_branch_operator.py
[2022-09-25T14:29:12.316+0000] {processor.py:640} INFO - Processing file /home/airflow/.local/lib/python3.7/site-packages/airflow/example_dags/example_branch_operator.py for tasks to queue
[2022-09-25T14:29:12.318+0000] {logging_mixin.py:115} INFO - [2022-09-25T14:29:12.318+0000] {dagbag.py:508} INFO - Filling up the DagBag from /home/airflow/.local/lib/python3.7/site-packages/airflow/example_dags/example_branch_operator.py
[2022-09-25T14:29:12.340+0000] {processor.py:650} INFO - DAG(s) dict_keys(['example_branch_operator']) retrieved from /home/airflow/.local/lib/python3.7/site-packages/airflow/example_dags/example_branch_operator.py
[2022-09-25T14:29:12.381+0000] {logging_mixin.py:115} INFO - [2022-09-25T14:29:12.381+0000] {dag.py:2429} INFO - Sync 1 DAGs
[2022-09-25T14:29:12.420+0000] {logging_mixin.py:115} INFO - [2022-09-25T14:29:12.420+0000] {dag.py:2981} INFO - Setting next_dagrun for example_branch_operator to 2022-09-24T00:00:00+00:00, run_after=2022-09-25T00:00:00+00:00
[2022-09-25T14:29:12.445+0000] {processor.py:161} INFO - Processing /home/airflow/.local/lib/python3.7/site-packages/airflow/example_dags/example_branch_operator.py took 0.137 seconds
[2022-09-25T14:29:43.477+0000] {processor.py:153} INFO - Started process (PID=3316) to work on /home/airflow/.local/lib/python3.7/site-packages/airflow/example_dags/example_branch_operator.py
[2022-09-25T14:29:43.480+0000] {processor.py:640} INFO - Processing file /home/airflow/.local/lib/python3.7/site-packages/airflow/example_dags/example_branch_operator.py for tasks to queue
[2022-09-25T14:29:43.483+0000] {logging_mixin.py:115} INFO - [2022-09-25T14:29:43.483+0000] {dagbag.py:508} INFO - Filling up the DagBag from /home/airflow/.local/lib/python3.7/site-packages/airflow/example_dags/example_branch_operator.py
[2022-09-25T14:29:43.522+0000] {processor.py:650} INFO - DAG(s) dict_keys(['example_branch_operator']) retrieved from /home/airflow/.local/lib/python3.7/site-packages/airflow/example_dags/example_branch_operator.py
[2022-09-25T14:29:43.584+0000] {logging_mixin.py:115} INFO - [2022-09-25T14:29:43.584+0000] {dag.py:2429} INFO - Sync 1 DAGs
[2022-09-25T14:29:43.627+0000] {logging_mixin.py:115} INFO - [2022-09-25T14:29:43.627+0000] {dag.py:2981} INFO - Setting next_dagrun for example_branch_operator to 2022-09-24T00:00:00+00:00, run_after=2022-09-25T00:00:00+00:00
[2022-09-25T14:29:43.650+0000] {processor.py:161} INFO - Processing /home/airflow/.local/lib/python3.7/site-packages/airflow/example_dags/example_branch_operator.py took 0.182 seconds
[2022-09-25T14:30:13.802+0000] {processor.py:153} INFO - Started process (PID=3521) to work on /home/airflow/.local/lib/python3.7/site-packages/airflow/example_dags/example_branch_operator.py
[2022-09-25T14:30:13.804+0000] {processor.py:640} INFO - Processing file /home/airflow/.local/lib/python3.7/site-packages/airflow/example_dags/example_branch_operator.py for tasks to queue
[2022-09-25T14:30:13.806+0000] {logging_mixin.py:115} INFO - [2022-09-25T14:30:13.806+0000] {dagbag.py:508} INFO - Filling up the DagBag from /home/airflow/.local/lib/python3.7/site-packages/airflow/example_dags/example_branch_operator.py
[2022-09-25T14:30:13.834+0000] {processor.py:650} INFO - DAG(s) dict_keys(['example_branch_operator']) retrieved from /home/airflow/.local/lib/python3.7/site-packages/airflow/example_dags/example_branch_operator.py
[2022-09-25T14:30:13.877+0000] {logging_mixin.py:115} INFO - [2022-09-25T14:30:13.876+0000] {dag.py:2429} INFO - Sync 1 DAGs
[2022-09-25T14:30:13.913+0000] {logging_mixin.py:115} INFO - [2022-09-25T14:30:13.913+0000] {dag.py:2981} INFO - Setting next_dagrun for example_branch_operator to 2022-09-24T00:00:00+00:00, run_after=2022-09-25T00:00:00+00:00
[2022-09-25T14:30:13.932+0000] {processor.py:161} INFO - Processing /home/airflow/.local/lib/python3.7/site-packages/airflow/example_dags/example_branch_operator.py took 0.135 seconds
[2022-09-25T14:30:44.461+0000] {processor.py:153} INFO - Started process (PID=3728) to work on /home/airflow/.local/lib/python3.7/site-packages/airflow/example_dags/example_branch_operator.py
[2022-09-25T14:30:44.464+0000] {processor.py:640} INFO - Processing file /home/airflow/.local/lib/python3.7/site-packages/airflow/example_dags/example_branch_operator.py for tasks to queue
[2022-09-25T14:30:44.465+0000] {logging_mixin.py:115} INFO - [2022-09-25T14:30:44.465+0000] {dagbag.py:508} INFO - Filling up the DagBag from /home/airflow/.local/lib/python3.7/site-packages/airflow/example_dags/example_branch_operator.py
[2022-09-25T14:30:44.489+0000] {processor.py:650} INFO - DAG(s) dict_keys(['example_branch_operator']) retrieved from /home/airflow/.local/lib/python3.7/site-packages/airflow/example_dags/example_branch_operator.py
[2022-09-25T14:30:44.541+0000] {logging_mixin.py:115} INFO - [2022-09-25T14:30:44.541+0000] {dag.py:2429} INFO - Sync 1 DAGs
[2022-09-25T14:30:44.581+0000] {logging_mixin.py:115} INFO - [2022-09-25T14:30:44.581+0000] {dag.py:2981} INFO - Setting next_dagrun for example_branch_operator to 2022-09-24T00:00:00+00:00, run_after=2022-09-25T00:00:00+00:00
[2022-09-25T14:30:44.605+0000] {processor.py:161} INFO - Processing /home/airflow/.local/lib/python3.7/site-packages/airflow/example_dags/example_branch_operator.py took 0.149 seconds
[2022-09-25T14:31:14.921+0000] {processor.py:153} INFO - Started process (PID=3940) to work on /home/airflow/.local/lib/python3.7/site-packages/airflow/example_dags/example_branch_operator.py
[2022-09-25T14:31:14.924+0000] {processor.py:640} INFO - Processing file /home/airflow/.local/lib/python3.7/site-packages/airflow/example_dags/example_branch_operator.py for tasks to queue
[2022-09-25T14:31:14.926+0000] {logging_mixin.py:115} INFO - [2022-09-25T14:31:14.925+0000] {dagbag.py:508} INFO - Filling up the DagBag from /home/airflow/.local/lib/python3.7/site-packages/airflow/example_dags/example_branch_operator.py
[2022-09-25T14:31:14.954+0000] {processor.py:650} INFO - DAG(s) dict_keys(['example_branch_operator']) retrieved from /home/airflow/.local/lib/python3.7/site-packages/airflow/example_dags/example_branch_operator.py
[2022-09-25T14:31:14.998+0000] {logging_mixin.py:115} INFO - [2022-09-25T14:31:14.998+0000] {dag.py:2429} INFO - Sync 1 DAGs
[2022-09-25T14:31:15.034+0000] {logging_mixin.py:115} INFO - [2022-09-25T14:31:15.034+0000] {dag.py:2981} INFO - Setting next_dagrun for example_branch_operator to 2022-09-24T00:00:00+00:00, run_after=2022-09-25T00:00:00+00:00
[2022-09-25T14:31:15.054+0000] {processor.py:161} INFO - Processing /home/airflow/.local/lib/python3.7/site-packages/airflow/example_dags/example_branch_operator.py took 0.140 seconds
[2022-09-25T14:31:45.576+0000] {processor.py:153} INFO - Started process (PID=4145) to work on /home/airflow/.local/lib/python3.7/site-packages/airflow/example_dags/example_branch_operator.py
[2022-09-25T14:31:45.579+0000] {processor.py:640} INFO - Processing file /home/airflow/.local/lib/python3.7/site-packages/airflow/example_dags/example_branch_operator.py for tasks to queue
[2022-09-25T14:31:45.581+0000] {logging_mixin.py:115} INFO - [2022-09-25T14:31:45.580+0000] {dagbag.py:508} INFO - Filling up the DagBag from /home/airflow/.local/lib/python3.7/site-packages/airflow/example_dags/example_branch_operator.py
[2022-09-25T14:31:45.604+0000] {processor.py:650} INFO - DAG(s) dict_keys(['example_branch_operator']) retrieved from /home/airflow/.local/lib/python3.7/site-packages/airflow/example_dags/example_branch_operator.py
[2022-09-25T14:31:45.648+0000] {logging_mixin.py:115} INFO - [2022-09-25T14:31:45.647+0000] {dag.py:2429} INFO - Sync 1 DAGs
[2022-09-25T14:31:45.684+0000] {logging_mixin.py:115} INFO - [2022-09-25T14:31:45.684+0000] {dag.py:2981} INFO - Setting next_dagrun for example_branch_operator to 2022-09-24T00:00:00+00:00, run_after=2022-09-25T00:00:00+00:00
[2022-09-25T14:31:45.710+0000] {processor.py:161} INFO - Processing /home/airflow/.local/lib/python3.7/site-packages/airflow/example_dags/example_branch_operator.py took 0.139 seconds
[2022-09-25T14:32:16.753+0000] {processor.py:153} INFO - Started process (PID=4359) to work on /home/airflow/.local/lib/python3.7/site-packages/airflow/example_dags/example_branch_operator.py
[2022-09-25T14:32:16.755+0000] {processor.py:640} INFO - Processing file /home/airflow/.local/lib/python3.7/site-packages/airflow/example_dags/example_branch_operator.py for tasks to queue
[2022-09-25T14:32:16.759+0000] {logging_mixin.py:115} INFO - [2022-09-25T14:32:16.758+0000] {dagbag.py:508} INFO - Filling up the DagBag from /home/airflow/.local/lib/python3.7/site-packages/airflow/example_dags/example_branch_operator.py
[2022-09-25T14:32:16.794+0000] {processor.py:650} INFO - DAG(s) dict_keys(['example_branch_operator']) retrieved from /home/airflow/.local/lib/python3.7/site-packages/airflow/example_dags/example_branch_operator.py
[2022-09-25T14:32:16.851+0000] {logging_mixin.py:115} INFO - [2022-09-25T14:32:16.850+0000] {dag.py:2429} INFO - Sync 1 DAGs
[2022-09-25T14:32:16.904+0000] {logging_mixin.py:115} INFO - [2022-09-25T14:32:16.904+0000] {dag.py:2981} INFO - Setting next_dagrun for example_branch_operator to 2022-09-24T00:00:00+00:00, run_after=2022-09-25T00:00:00+00:00
[2022-09-25T14:32:16.937+0000] {processor.py:161} INFO - Processing /home/airflow/.local/lib/python3.7/site-packages/airflow/example_dags/example_branch_operator.py took 0.191 seconds
[2022-09-25T14:32:48.577+0000] {processor.py:153} INFO - Started process (PID=4564) to work on /home/airflow/.local/lib/python3.7/site-packages/airflow/example_dags/example_branch_operator.py
[2022-09-25T14:32:48.581+0000] {processor.py:640} INFO - Processing file /home/airflow/.local/lib/python3.7/site-packages/airflow/example_dags/example_branch_operator.py for tasks to queue
[2022-09-25T14:32:48.585+0000] {logging_mixin.py:115} INFO - [2022-09-25T14:32:48.585+0000] {dagbag.py:508} INFO - Filling up the DagBag from /home/airflow/.local/lib/python3.7/site-packages/airflow/example_dags/example_branch_operator.py
[2022-09-25T14:32:48.632+0000] {processor.py:650} INFO - DAG(s) dict_keys(['example_branch_operator']) retrieved from /home/airflow/.local/lib/python3.7/site-packages/airflow/example_dags/example_branch_operator.py
[2022-09-25T14:32:48.693+0000] {logging_mixin.py:115} INFO - [2022-09-25T14:32:48.693+0000] {dag.py:2429} INFO - Sync 1 DAGs
[2022-09-25T14:32:48.741+0000] {logging_mixin.py:115} INFO - [2022-09-25T14:32:48.741+0000] {dag.py:2981} INFO - Setting next_dagrun for example_branch_operator to 2022-09-24T00:00:00+00:00, run_after=2022-09-25T00:00:00+00:00
[2022-09-25T14:32:48.776+0000] {processor.py:161} INFO - Processing /home/airflow/.local/lib/python3.7/site-packages/airflow/example_dags/example_branch_operator.py took 0.210 seconds
[2022-09-25T14:33:19.918+0000] {processor.py:153} INFO - Started process (PID=4783) to work on /home/airflow/.local/lib/python3.7/site-packages/airflow/example_dags/example_branch_operator.py
[2022-09-25T14:33:19.922+0000] {processor.py:640} INFO - Processing file /home/airflow/.local/lib/python3.7/site-packages/airflow/example_dags/example_branch_operator.py for tasks to queue
[2022-09-25T14:33:19.925+0000] {logging_mixin.py:115} INFO - [2022-09-25T14:33:19.925+0000] {dagbag.py:508} INFO - Filling up the DagBag from /home/airflow/.local/lib/python3.7/site-packages/airflow/example_dags/example_branch_operator.py
[2022-09-25T14:33:19.983+0000] {processor.py:650} INFO - DAG(s) dict_keys(['example_branch_operator']) retrieved from /home/airflow/.local/lib/python3.7/site-packages/airflow/example_dags/example_branch_operator.py
[2022-09-25T14:33:20.055+0000] {logging_mixin.py:115} INFO - [2022-09-25T14:33:20.054+0000] {dag.py:2429} INFO - Sync 1 DAGs
[2022-09-25T14:33:20.118+0000] {logging_mixin.py:115} INFO - [2022-09-25T14:33:20.117+0000] {dag.py:2981} INFO - Setting next_dagrun for example_branch_operator to 2022-09-24T00:00:00+00:00, run_after=2022-09-25T00:00:00+00:00
[2022-09-25T14:33:20.151+0000] {processor.py:161} INFO - Processing /home/airflow/.local/lib/python3.7/site-packages/airflow/example_dags/example_branch_operator.py took 0.242 seconds
[2022-09-25T14:33:50.323+0000] {processor.py:153} INFO - Started process (PID=4991) to work on /home/airflow/.local/lib/python3.7/site-packages/airflow/example_dags/example_branch_operator.py
[2022-09-25T14:33:50.328+0000] {processor.py:640} INFO - Processing file /home/airflow/.local/lib/python3.7/site-packages/airflow/example_dags/example_branch_operator.py for tasks to queue
[2022-09-25T14:33:50.331+0000] {logging_mixin.py:115} INFO - [2022-09-25T14:33:50.331+0000] {dagbag.py:508} INFO - Filling up the DagBag from /home/airflow/.local/lib/python3.7/site-packages/airflow/example_dags/example_branch_operator.py
[2022-09-25T14:33:50.360+0000] {processor.py:650} INFO - DAG(s) dict_keys(['example_branch_operator']) retrieved from /home/airflow/.local/lib/python3.7/site-packages/airflow/example_dags/example_branch_operator.py
[2022-09-25T14:33:50.420+0000] {logging_mixin.py:115} INFO - [2022-09-25T14:33:50.420+0000] {dag.py:2429} INFO - Sync 1 DAGs
[2022-09-25T14:33:50.460+0000] {logging_mixin.py:115} INFO - [2022-09-25T14:33:50.460+0000] {dag.py:2981} INFO - Setting next_dagrun for example_branch_operator to 2022-09-24T00:00:00+00:00, run_after=2022-09-25T00:00:00+00:00
[2022-09-25T14:33:50.483+0000] {processor.py:161} INFO - Processing /home/airflow/.local/lib/python3.7/site-packages/airflow/example_dags/example_branch_operator.py took 0.167 seconds
[2022-09-25T14:34:21.657+0000] {processor.py:153} INFO - Started process (PID=5201) to work on /home/airflow/.local/lib/python3.7/site-packages/airflow/example_dags/example_branch_operator.py
[2022-09-25T14:34:21.663+0000] {processor.py:640} INFO - Processing file /home/airflow/.local/lib/python3.7/site-packages/airflow/example_dags/example_branch_operator.py for tasks to queue
[2022-09-25T14:34:21.667+0000] {logging_mixin.py:115} INFO - [2022-09-25T14:34:21.667+0000] {dagbag.py:508} INFO - Filling up the DagBag from /home/airflow/.local/lib/python3.7/site-packages/airflow/example_dags/example_branch_operator.py
[2022-09-25T14:34:21.706+0000] {processor.py:650} INFO - DAG(s) dict_keys(['example_branch_operator']) retrieved from /home/airflow/.local/lib/python3.7/site-packages/airflow/example_dags/example_branch_operator.py
[2022-09-25T14:34:21.765+0000] {logging_mixin.py:115} INFO - [2022-09-25T14:34:21.764+0000] {dag.py:2429} INFO - Sync 1 DAGs
[2022-09-25T14:34:21.812+0000] {logging_mixin.py:115} INFO - [2022-09-25T14:34:21.811+0000] {dag.py:2981} INFO - Setting next_dagrun for example_branch_operator to 2022-09-24T00:00:00+00:00, run_after=2022-09-25T00:00:00+00:00
[2022-09-25T14:34:21.833+0000] {processor.py:161} INFO - Processing /home/airflow/.local/lib/python3.7/site-packages/airflow/example_dags/example_branch_operator.py took 0.188 seconds
[2022-09-25T14:34:52.269+0000] {processor.py:153} INFO - Started process (PID=5406) to work on /home/airflow/.local/lib/python3.7/site-packages/airflow/example_dags/example_branch_operator.py
[2022-09-25T14:34:52.271+0000] {processor.py:640} INFO - Processing file /home/airflow/.local/lib/python3.7/site-packages/airflow/example_dags/example_branch_operator.py for tasks to queue
[2022-09-25T14:34:52.274+0000] {logging_mixin.py:115} INFO - [2022-09-25T14:34:52.273+0000] {dagbag.py:508} INFO - Filling up the DagBag from /home/airflow/.local/lib/python3.7/site-packages/airflow/example_dags/example_branch_operator.py
[2022-09-25T14:34:52.297+0000] {processor.py:650} INFO - DAG(s) dict_keys(['example_branch_operator']) retrieved from /home/airflow/.local/lib/python3.7/site-packages/airflow/example_dags/example_branch_operator.py
[2022-09-25T14:34:52.339+0000] {logging_mixin.py:115} INFO - [2022-09-25T14:34:52.339+0000] {dag.py:2429} INFO - Sync 1 DAGs
[2022-09-25T14:34:52.374+0000] {logging_mixin.py:115} INFO - [2022-09-25T14:34:52.374+0000] {dag.py:2981} INFO - Setting next_dagrun for example_branch_operator to 2022-09-24T00:00:00+00:00, run_after=2022-09-25T00:00:00+00:00
[2022-09-25T14:34:52.399+0000] {processor.py:161} INFO - Processing /home/airflow/.local/lib/python3.7/site-packages/airflow/example_dags/example_branch_operator.py took 0.135 seconds
[2022-09-25T14:35:23.002+0000] {processor.py:153} INFO - Started process (PID=5621) to work on /home/airflow/.local/lib/python3.7/site-packages/airflow/example_dags/example_branch_operator.py
[2022-09-25T14:35:23.004+0000] {processor.py:640} INFO - Processing file /home/airflow/.local/lib/python3.7/site-packages/airflow/example_dags/example_branch_operator.py for tasks to queue
[2022-09-25T14:35:23.006+0000] {logging_mixin.py:115} INFO - [2022-09-25T14:35:23.006+0000] {dagbag.py:508} INFO - Filling up the DagBag from /home/airflow/.local/lib/python3.7/site-packages/airflow/example_dags/example_branch_operator.py
[2022-09-25T14:35:23.031+0000] {processor.py:650} INFO - DAG(s) dict_keys(['example_branch_operator']) retrieved from /home/airflow/.local/lib/python3.7/site-packages/airflow/example_dags/example_branch_operator.py
[2022-09-25T14:35:23.080+0000] {logging_mixin.py:115} INFO - [2022-09-25T14:35:23.080+0000] {dag.py:2429} INFO - Sync 1 DAGs
[2022-09-25T14:35:23.128+0000] {logging_mixin.py:115} INFO - [2022-09-25T14:35:23.128+0000] {dag.py:2981} INFO - Setting next_dagrun for example_branch_operator to 2022-09-24T00:00:00+00:00, run_after=2022-09-25T00:00:00+00:00
[2022-09-25T14:35:23.146+0000] {processor.py:161} INFO - Processing /home/airflow/.local/lib/python3.7/site-packages/airflow/example_dags/example_branch_operator.py took 0.149 seconds
[2022-09-25T14:35:53.759+0000] {processor.py:153} INFO - Started process (PID=5828) to work on /home/airflow/.local/lib/python3.7/site-packages/airflow/example_dags/example_branch_operator.py
[2022-09-25T14:35:53.762+0000] {processor.py:640} INFO - Processing file /home/airflow/.local/lib/python3.7/site-packages/airflow/example_dags/example_branch_operator.py for tasks to queue
[2022-09-25T14:35:53.764+0000] {logging_mixin.py:115} INFO - [2022-09-25T14:35:53.763+0000] {dagbag.py:508} INFO - Filling up the DagBag from /home/airflow/.local/lib/python3.7/site-packages/airflow/example_dags/example_branch_operator.py
[2022-09-25T14:35:53.791+0000] {processor.py:650} INFO - DAG(s) dict_keys(['example_branch_operator']) retrieved from /home/airflow/.local/lib/python3.7/site-packages/airflow/example_dags/example_branch_operator.py
[2022-09-25T14:35:53.842+0000] {logging_mixin.py:115} INFO - [2022-09-25T14:35:53.842+0000] {dag.py:2429} INFO - Sync 1 DAGs
[2022-09-25T14:35:53.888+0000] {logging_mixin.py:115} INFO - [2022-09-25T14:35:53.888+0000] {dag.py:2981} INFO - Setting next_dagrun for example_branch_operator to 2022-09-24T00:00:00+00:00, run_after=2022-09-25T00:00:00+00:00
[2022-09-25T14:35:53.921+0000] {processor.py:161} INFO - Processing /home/airflow/.local/lib/python3.7/site-packages/airflow/example_dags/example_branch_operator.py took 0.170 seconds
[2022-09-25T14:36:24.975+0000] {processor.py:153} INFO - Started process (PID=6041) to work on /home/airflow/.local/lib/python3.7/site-packages/airflow/example_dags/example_branch_operator.py
[2022-09-25T14:36:24.978+0000] {processor.py:640} INFO - Processing file /home/airflow/.local/lib/python3.7/site-packages/airflow/example_dags/example_branch_operator.py for tasks to queue
[2022-09-25T14:36:24.981+0000] {logging_mixin.py:115} INFO - [2022-09-25T14:36:24.980+0000] {dagbag.py:508} INFO - Filling up the DagBag from /home/airflow/.local/lib/python3.7/site-packages/airflow/example_dags/example_branch_operator.py
[2022-09-25T14:36:25.010+0000] {processor.py:650} INFO - DAG(s) dict_keys(['example_branch_operator']) retrieved from /home/airflow/.local/lib/python3.7/site-packages/airflow/example_dags/example_branch_operator.py
[2022-09-25T14:36:25.052+0000] {logging_mixin.py:115} INFO - [2022-09-25T14:36:25.051+0000] {dag.py:2429} INFO - Sync 1 DAGs
[2022-09-25T14:36:25.090+0000] {logging_mixin.py:115} INFO - [2022-09-25T14:36:25.090+0000] {dag.py:2981} INFO - Setting next_dagrun for example_branch_operator to 2022-09-24T00:00:00+00:00, run_after=2022-09-25T00:00:00+00:00
[2022-09-25T14:36:25.111+0000] {processor.py:161} INFO - Processing /home/airflow/.local/lib/python3.7/site-packages/airflow/example_dags/example_branch_operator.py took 0.144 seconds
[2022-09-25T14:36:55.746+0000] {processor.py:153} INFO - Started process (PID=6245) to work on /home/airflow/.local/lib/python3.7/site-packages/airflow/example_dags/example_branch_operator.py
[2022-09-25T14:36:55.748+0000] {processor.py:640} INFO - Processing file /home/airflow/.local/lib/python3.7/site-packages/airflow/example_dags/example_branch_operator.py for tasks to queue
[2022-09-25T14:36:55.751+0000] {logging_mixin.py:115} INFO - [2022-09-25T14:36:55.750+0000] {dagbag.py:508} INFO - Filling up the DagBag from /home/airflow/.local/lib/python3.7/site-packages/airflow/example_dags/example_branch_operator.py
[2022-09-25T14:36:55.771+0000] {processor.py:650} INFO - DAG(s) dict_keys(['example_branch_operator']) retrieved from /home/airflow/.local/lib/python3.7/site-packages/airflow/example_dags/example_branch_operator.py
[2022-09-25T14:36:55.816+0000] {logging_mixin.py:115} INFO - [2022-09-25T14:36:55.816+0000] {dag.py:2429} INFO - Sync 1 DAGs
[2022-09-25T14:36:55.860+0000] {logging_mixin.py:115} INFO - [2022-09-25T14:36:55.860+0000] {dag.py:2981} INFO - Setting next_dagrun for example_branch_operator to 2022-09-24T00:00:00+00:00, run_after=2022-09-25T00:00:00+00:00
[2022-09-25T14:36:55.881+0000] {processor.py:161} INFO - Processing /home/airflow/.local/lib/python3.7/site-packages/airflow/example_dags/example_branch_operator.py took 0.140 seconds
[2022-09-25T14:37:26.784+0000] {processor.py:153} INFO - Started process (PID=6459) to work on /home/airflow/.local/lib/python3.7/site-packages/airflow/example_dags/example_branch_operator.py
[2022-09-25T14:37:26.787+0000] {processor.py:640} INFO - Processing file /home/airflow/.local/lib/python3.7/site-packages/airflow/example_dags/example_branch_operator.py for tasks to queue
[2022-09-25T14:37:26.790+0000] {logging_mixin.py:115} INFO - [2022-09-25T14:37:26.790+0000] {dagbag.py:508} INFO - Filling up the DagBag from /home/airflow/.local/lib/python3.7/site-packages/airflow/example_dags/example_branch_operator.py
[2022-09-25T14:37:26.812+0000] {processor.py:650} INFO - DAG(s) dict_keys(['example_branch_operator']) retrieved from /home/airflow/.local/lib/python3.7/site-packages/airflow/example_dags/example_branch_operator.py
[2022-09-25T14:37:26.868+0000] {logging_mixin.py:115} INFO - [2022-09-25T14:37:26.868+0000] {dag.py:2429} INFO - Sync 1 DAGs
[2022-09-25T14:37:26.924+0000] {logging_mixin.py:115} INFO - [2022-09-25T14:37:26.923+0000] {dag.py:2981} INFO - Setting next_dagrun for example_branch_operator to 2022-09-24T00:00:00+00:00, run_after=2022-09-25T00:00:00+00:00
[2022-09-25T14:37:26.960+0000] {processor.py:161} INFO - Processing /home/airflow/.local/lib/python3.7/site-packages/airflow/example_dags/example_branch_operator.py took 0.183 seconds
[2022-09-25T14:37:57.374+0000] {processor.py:153} INFO - Started process (PID=6664) to work on /home/airflow/.local/lib/python3.7/site-packages/airflow/example_dags/example_branch_operator.py
[2022-09-25T14:37:57.377+0000] {processor.py:640} INFO - Processing file /home/airflow/.local/lib/python3.7/site-packages/airflow/example_dags/example_branch_operator.py for tasks to queue
[2022-09-25T14:37:57.380+0000] {logging_mixin.py:115} INFO - [2022-09-25T14:37:57.379+0000] {dagbag.py:508} INFO - Filling up the DagBag from /home/airflow/.local/lib/python3.7/site-packages/airflow/example_dags/example_branch_operator.py
[2022-09-25T14:37:57.402+0000] {processor.py:650} INFO - DAG(s) dict_keys(['example_branch_operator']) retrieved from /home/airflow/.local/lib/python3.7/site-packages/airflow/example_dags/example_branch_operator.py
[2022-09-25T14:37:57.453+0000] {logging_mixin.py:115} INFO - [2022-09-25T14:37:57.453+0000] {dag.py:2429} INFO - Sync 1 DAGs
[2022-09-25T14:37:57.498+0000] {logging_mixin.py:115} INFO - [2022-09-25T14:37:57.498+0000] {dag.py:2981} INFO - Setting next_dagrun for example_branch_operator to 2022-09-24T00:00:00+00:00, run_after=2022-09-25T00:00:00+00:00
[2022-09-25T14:37:57.524+0000] {processor.py:161} INFO - Processing /home/airflow/.local/lib/python3.7/site-packages/airflow/example_dags/example_branch_operator.py took 0.157 seconds
[2022-09-25T14:38:28.496+0000] {processor.py:153} INFO - Started process (PID=6879) to work on /home/airflow/.local/lib/python3.7/site-packages/airflow/example_dags/example_branch_operator.py
[2022-09-25T14:38:28.498+0000] {processor.py:640} INFO - Processing file /home/airflow/.local/lib/python3.7/site-packages/airflow/example_dags/example_branch_operator.py for tasks to queue
[2022-09-25T14:38:28.500+0000] {logging_mixin.py:115} INFO - [2022-09-25T14:38:28.500+0000] {dagbag.py:508} INFO - Filling up the DagBag from /home/airflow/.local/lib/python3.7/site-packages/airflow/example_dags/example_branch_operator.py
[2022-09-25T14:38:28.518+0000] {processor.py:650} INFO - DAG(s) dict_keys(['example_branch_operator']) retrieved from /home/airflow/.local/lib/python3.7/site-packages/airflow/example_dags/example_branch_operator.py
[2022-09-25T14:38:28.560+0000] {logging_mixin.py:115} INFO - [2022-09-25T14:38:28.559+0000] {dag.py:2429} INFO - Sync 1 DAGs
[2022-09-25T14:38:28.596+0000] {logging_mixin.py:115} INFO - [2022-09-25T14:38:28.596+0000] {dag.py:2981} INFO - Setting next_dagrun for example_branch_operator to 2022-09-24T00:00:00+00:00, run_after=2022-09-25T00:00:00+00:00
[2022-09-25T14:38:28.619+0000] {processor.py:161} INFO - Processing /home/airflow/.local/lib/python3.7/site-packages/airflow/example_dags/example_branch_operator.py took 0.129 seconds
[2022-09-25T14:38:59.235+0000] {processor.py:153} INFO - Started process (PID=7082) to work on /home/airflow/.local/lib/python3.7/site-packages/airflow/example_dags/example_branch_operator.py
[2022-09-25T14:38:59.238+0000] {processor.py:640} INFO - Processing file /home/airflow/.local/lib/python3.7/site-packages/airflow/example_dags/example_branch_operator.py for tasks to queue
[2022-09-25T14:38:59.240+0000] {logging_mixin.py:115} INFO - [2022-09-25T14:38:59.239+0000] {dagbag.py:508} INFO - Filling up the DagBag from /home/airflow/.local/lib/python3.7/site-packages/airflow/example_dags/example_branch_operator.py
[2022-09-25T14:38:59.259+0000] {processor.py:650} INFO - DAG(s) dict_keys(['example_branch_operator']) retrieved from /home/airflow/.local/lib/python3.7/site-packages/airflow/example_dags/example_branch_operator.py
[2022-09-25T14:38:59.316+0000] {logging_mixin.py:115} INFO - [2022-09-25T14:38:59.316+0000] {dag.py:2429} INFO - Sync 1 DAGs
[2022-09-25T14:38:59.364+0000] {logging_mixin.py:115} INFO - [2022-09-25T14:38:59.363+0000] {dag.py:2981} INFO - Setting next_dagrun for example_branch_operator to 2022-09-24T00:00:00+00:00, run_after=2022-09-25T00:00:00+00:00
[2022-09-25T14:38:59.391+0000] {processor.py:161} INFO - Processing /home/airflow/.local/lib/python3.7/site-packages/airflow/example_dags/example_branch_operator.py took 0.161 seconds
[2022-09-25T14:39:30.310+0000] {processor.py:153} INFO - Started process (PID=7297) to work on /home/airflow/.local/lib/python3.7/site-packages/airflow/example_dags/example_branch_operator.py
[2022-09-25T14:39:30.312+0000] {processor.py:640} INFO - Processing file /home/airflow/.local/lib/python3.7/site-packages/airflow/example_dags/example_branch_operator.py for tasks to queue
[2022-09-25T14:39:30.314+0000] {logging_mixin.py:115} INFO - [2022-09-25T14:39:30.314+0000] {dagbag.py:508} INFO - Filling up the DagBag from /home/airflow/.local/lib/python3.7/site-packages/airflow/example_dags/example_branch_operator.py
[2022-09-25T14:39:30.335+0000] {processor.py:650} INFO - DAG(s) dict_keys(['example_branch_operator']) retrieved from /home/airflow/.local/lib/python3.7/site-packages/airflow/example_dags/example_branch_operator.py
[2022-09-25T14:39:30.383+0000] {logging_mixin.py:115} INFO - [2022-09-25T14:39:30.383+0000] {dag.py:2429} INFO - Sync 1 DAGs
[2022-09-25T14:39:30.425+0000] {logging_mixin.py:115} INFO - [2022-09-25T14:39:30.425+0000] {dag.py:2981} INFO - Setting next_dagrun for example_branch_operator to 2022-09-24T00:00:00+00:00, run_after=2022-09-25T00:00:00+00:00
[2022-09-25T14:39:30.454+0000] {processor.py:161} INFO - Processing /home/airflow/.local/lib/python3.7/site-packages/airflow/example_dags/example_branch_operator.py took 0.149 seconds
[2022-09-25T14:40:01.393+0000] {processor.py:153} INFO - Started process (PID=7502) to work on /home/airflow/.local/lib/python3.7/site-packages/airflow/example_dags/example_branch_operator.py
[2022-09-25T14:40:01.397+0000] {processor.py:640} INFO - Processing file /home/airflow/.local/lib/python3.7/site-packages/airflow/example_dags/example_branch_operator.py for tasks to queue
[2022-09-25T14:40:01.400+0000] {logging_mixin.py:115} INFO - [2022-09-25T14:40:01.400+0000] {dagbag.py:508} INFO - Filling up the DagBag from /home/airflow/.local/lib/python3.7/site-packages/airflow/example_dags/example_branch_operator.py
[2022-09-25T14:40:01.418+0000] {processor.py:650} INFO - DAG(s) dict_keys(['example_branch_operator']) retrieved from /home/airflow/.local/lib/python3.7/site-packages/airflow/example_dags/example_branch_operator.py
[2022-09-25T14:40:01.460+0000] {logging_mixin.py:115} INFO - [2022-09-25T14:40:01.460+0000] {dag.py:2429} INFO - Sync 1 DAGs
[2022-09-25T14:40:01.505+0000] {logging_mixin.py:115} INFO - [2022-09-25T14:40:01.504+0000] {dag.py:2981} INFO - Setting next_dagrun for example_branch_operator to 2022-09-24T00:00:00+00:00, run_after=2022-09-25T00:00:00+00:00
[2022-09-25T14:40:01.523+0000] {processor.py:161} INFO - Processing /home/airflow/.local/lib/python3.7/site-packages/airflow/example_dags/example_branch_operator.py took 0.138 seconds
[2022-09-25T14:40:31.841+0000] {processor.py:153} INFO - Started process (PID=7716) to work on /home/airflow/.local/lib/python3.7/site-packages/airflow/example_dags/example_branch_operator.py
[2022-09-25T14:40:31.844+0000] {processor.py:640} INFO - Processing file /home/airflow/.local/lib/python3.7/site-packages/airflow/example_dags/example_branch_operator.py for tasks to queue
[2022-09-25T14:40:31.846+0000] {logging_mixin.py:115} INFO - [2022-09-25T14:40:31.846+0000] {dagbag.py:508} INFO - Filling up the DagBag from /home/airflow/.local/lib/python3.7/site-packages/airflow/example_dags/example_branch_operator.py
[2022-09-25T14:40:31.866+0000] {processor.py:650} INFO - DAG(s) dict_keys(['example_branch_operator']) retrieved from /home/airflow/.local/lib/python3.7/site-packages/airflow/example_dags/example_branch_operator.py
[2022-09-25T14:40:31.915+0000] {logging_mixin.py:115} INFO - [2022-09-25T14:40:31.915+0000] {dag.py:2429} INFO - Sync 1 DAGs
[2022-09-25T14:40:31.956+0000] {logging_mixin.py:115} INFO - [2022-09-25T14:40:31.955+0000] {dag.py:2981} INFO - Setting next_dagrun for example_branch_operator to 2022-09-24T00:00:00+00:00, run_after=2022-09-25T00:00:00+00:00
[2022-09-25T14:40:31.996+0000] {processor.py:161} INFO - Processing /home/airflow/.local/lib/python3.7/site-packages/airflow/example_dags/example_branch_operator.py took 0.161 seconds
[2022-09-25T14:41:02.389+0000] {processor.py:153} INFO - Started process (PID=7921) to work on /home/airflow/.local/lib/python3.7/site-packages/airflow/example_dags/example_branch_operator.py
[2022-09-25T14:41:02.391+0000] {processor.py:640} INFO - Processing file /home/airflow/.local/lib/python3.7/site-packages/airflow/example_dags/example_branch_operator.py for tasks to queue
[2022-09-25T14:41:02.394+0000] {logging_mixin.py:115} INFO - [2022-09-25T14:41:02.393+0000] {dagbag.py:508} INFO - Filling up the DagBag from /home/airflow/.local/lib/python3.7/site-packages/airflow/example_dags/example_branch_operator.py
[2022-09-25T14:41:02.416+0000] {processor.py:650} INFO - DAG(s) dict_keys(['example_branch_operator']) retrieved from /home/airflow/.local/lib/python3.7/site-packages/airflow/example_dags/example_branch_operator.py
[2022-09-25T14:41:02.463+0000] {logging_mixin.py:115} INFO - [2022-09-25T14:41:02.463+0000] {dag.py:2429} INFO - Sync 1 DAGs
[2022-09-25T14:41:02.507+0000] {logging_mixin.py:115} INFO - [2022-09-25T14:41:02.506+0000] {dag.py:2981} INFO - Setting next_dagrun for example_branch_operator to 2022-09-24T00:00:00+00:00, run_after=2022-09-25T00:00:00+00:00
[2022-09-25T14:41:02.529+0000] {processor.py:161} INFO - Processing /home/airflow/.local/lib/python3.7/site-packages/airflow/example_dags/example_branch_operator.py took 0.149 seconds
[2022-09-25T14:41:33.310+0000] {processor.py:153} INFO - Started process (PID=8135) to work on /home/airflow/.local/lib/python3.7/site-packages/airflow/example_dags/example_branch_operator.py
[2022-09-25T14:41:33.313+0000] {processor.py:640} INFO - Processing file /home/airflow/.local/lib/python3.7/site-packages/airflow/example_dags/example_branch_operator.py for tasks to queue
[2022-09-25T14:41:33.316+0000] {logging_mixin.py:115} INFO - [2022-09-25T14:41:33.315+0000] {dagbag.py:508} INFO - Filling up the DagBag from /home/airflow/.local/lib/python3.7/site-packages/airflow/example_dags/example_branch_operator.py
[2022-09-25T14:41:33.353+0000] {processor.py:650} INFO - DAG(s) dict_keys(['example_branch_operator']) retrieved from /home/airflow/.local/lib/python3.7/site-packages/airflow/example_dags/example_branch_operator.py
[2022-09-25T14:41:33.432+0000] {logging_mixin.py:115} INFO - [2022-09-25T14:41:33.431+0000] {dag.py:2429} INFO - Sync 1 DAGs
[2022-09-25T14:41:33.509+0000] {logging_mixin.py:115} INFO - [2022-09-25T14:41:33.508+0000] {dag.py:2981} INFO - Setting next_dagrun for example_branch_operator to 2022-09-24T00:00:00+00:00, run_after=2022-09-25T00:00:00+00:00
[2022-09-25T14:41:33.539+0000] {processor.py:161} INFO - Processing /home/airflow/.local/lib/python3.7/site-packages/airflow/example_dags/example_branch_operator.py took 0.237 seconds
[2022-09-25T14:42:03.875+0000] {processor.py:153} INFO - Started process (PID=8337) to work on /home/airflow/.local/lib/python3.7/site-packages/airflow/example_dags/example_branch_operator.py
[2022-09-25T14:42:03.877+0000] {processor.py:640} INFO - Processing file /home/airflow/.local/lib/python3.7/site-packages/airflow/example_dags/example_branch_operator.py for tasks to queue
[2022-09-25T14:42:03.880+0000] {logging_mixin.py:115} INFO - [2022-09-25T14:42:03.880+0000] {dagbag.py:508} INFO - Filling up the DagBag from /home/airflow/.local/lib/python3.7/site-packages/airflow/example_dags/example_branch_operator.py
[2022-09-25T14:42:03.907+0000] {processor.py:650} INFO - DAG(s) dict_keys(['example_branch_operator']) retrieved from /home/airflow/.local/lib/python3.7/site-packages/airflow/example_dags/example_branch_operator.py
[2022-09-25T14:42:03.968+0000] {logging_mixin.py:115} INFO - [2022-09-25T14:42:03.967+0000] {dag.py:2429} INFO - Sync 1 DAGs
[2022-09-25T14:42:04.011+0000] {logging_mixin.py:115} INFO - [2022-09-25T14:42:04.011+0000] {dag.py:2981} INFO - Setting next_dagrun for example_branch_operator to 2022-09-24T00:00:00+00:00, run_after=2022-09-25T00:00:00+00:00
[2022-09-25T14:42:04.038+0000] {processor.py:161} INFO - Processing /home/airflow/.local/lib/python3.7/site-packages/airflow/example_dags/example_branch_operator.py took 0.169 seconds
[2022-09-25T14:42:34.596+0000] {processor.py:153} INFO - Started process (PID=8550) to work on /home/airflow/.local/lib/python3.7/site-packages/airflow/example_dags/example_branch_operator.py
[2022-09-25T14:42:34.599+0000] {processor.py:640} INFO - Processing file /home/airflow/.local/lib/python3.7/site-packages/airflow/example_dags/example_branch_operator.py for tasks to queue
[2022-09-25T14:42:34.602+0000] {logging_mixin.py:115} INFO - [2022-09-25T14:42:34.601+0000] {dagbag.py:508} INFO - Filling up the DagBag from /home/airflow/.local/lib/python3.7/site-packages/airflow/example_dags/example_branch_operator.py
[2022-09-25T14:42:34.631+0000] {processor.py:650} INFO - DAG(s) dict_keys(['example_branch_operator']) retrieved from /home/airflow/.local/lib/python3.7/site-packages/airflow/example_dags/example_branch_operator.py
[2022-09-25T14:42:34.678+0000] {logging_mixin.py:115} INFO - [2022-09-25T14:42:34.678+0000] {dag.py:2429} INFO - Sync 1 DAGs
[2022-09-25T14:42:34.721+0000] {logging_mixin.py:115} INFO - [2022-09-25T14:42:34.721+0000] {dag.py:2981} INFO - Setting next_dagrun for example_branch_operator to 2022-09-24T00:00:00+00:00, run_after=2022-09-25T00:00:00+00:00
[2022-09-25T14:42:34.747+0000] {processor.py:161} INFO - Processing /home/airflow/.local/lib/python3.7/site-packages/airflow/example_dags/example_branch_operator.py took 0.158 seconds
[2022-09-25T14:43:05.491+0000] {processor.py:153} INFO - Started process (PID=8756) to work on /home/airflow/.local/lib/python3.7/site-packages/airflow/example_dags/example_branch_operator.py
[2022-09-25T14:43:05.494+0000] {processor.py:640} INFO - Processing file /home/airflow/.local/lib/python3.7/site-packages/airflow/example_dags/example_branch_operator.py for tasks to queue
[2022-09-25T14:43:05.496+0000] {logging_mixin.py:115} INFO - [2022-09-25T14:43:05.495+0000] {dagbag.py:508} INFO - Filling up the DagBag from /home/airflow/.local/lib/python3.7/site-packages/airflow/example_dags/example_branch_operator.py
[2022-09-25T14:43:05.520+0000] {processor.py:650} INFO - DAG(s) dict_keys(['example_branch_operator']) retrieved from /home/airflow/.local/lib/python3.7/site-packages/airflow/example_dags/example_branch_operator.py
[2022-09-25T14:43:05.569+0000] {logging_mixin.py:115} INFO - [2022-09-25T14:43:05.569+0000] {dag.py:2429} INFO - Sync 1 DAGs
[2022-09-25T14:43:05.613+0000] {logging_mixin.py:115} INFO - [2022-09-25T14:43:05.613+0000] {dag.py:2981} INFO - Setting next_dagrun for example_branch_operator to 2022-09-24T00:00:00+00:00, run_after=2022-09-25T00:00:00+00:00
[2022-09-25T14:43:05.639+0000] {processor.py:161} INFO - Processing /home/airflow/.local/lib/python3.7/site-packages/airflow/example_dags/example_branch_operator.py took 0.156 seconds
[2022-09-25T14:43:35.897+0000] {processor.py:153} INFO - Started process (PID=8971) to work on /home/airflow/.local/lib/python3.7/site-packages/airflow/example_dags/example_branch_operator.py
[2022-09-25T14:43:35.899+0000] {processor.py:640} INFO - Processing file /home/airflow/.local/lib/python3.7/site-packages/airflow/example_dags/example_branch_operator.py for tasks to queue
[2022-09-25T14:43:35.902+0000] {logging_mixin.py:115} INFO - [2022-09-25T14:43:35.901+0000] {dagbag.py:508} INFO - Filling up the DagBag from /home/airflow/.local/lib/python3.7/site-packages/airflow/example_dags/example_branch_operator.py
[2022-09-25T14:43:35.921+0000] {processor.py:650} INFO - DAG(s) dict_keys(['example_branch_operator']) retrieved from /home/airflow/.local/lib/python3.7/site-packages/airflow/example_dags/example_branch_operator.py
[2022-09-25T14:43:35.969+0000] {logging_mixin.py:115} INFO - [2022-09-25T14:43:35.969+0000] {dag.py:2429} INFO - Sync 1 DAGs
[2022-09-25T14:43:36.014+0000] {logging_mixin.py:115} INFO - [2022-09-25T14:43:36.014+0000] {dag.py:2981} INFO - Setting next_dagrun for example_branch_operator to 2022-09-24T00:00:00+00:00, run_after=2022-09-25T00:00:00+00:00
[2022-09-25T14:43:36.038+0000] {processor.py:161} INFO - Processing /home/airflow/.local/lib/python3.7/site-packages/airflow/example_dags/example_branch_operator.py took 0.147 seconds
[2022-09-25T14:44:06.459+0000] {processor.py:153} INFO - Started process (PID=9176) to work on /home/airflow/.local/lib/python3.7/site-packages/airflow/example_dags/example_branch_operator.py
[2022-09-25T14:44:06.461+0000] {processor.py:640} INFO - Processing file /home/airflow/.local/lib/python3.7/site-packages/airflow/example_dags/example_branch_operator.py for tasks to queue
[2022-09-25T14:44:06.463+0000] {logging_mixin.py:115} INFO - [2022-09-25T14:44:06.462+0000] {dagbag.py:508} INFO - Filling up the DagBag from /home/airflow/.local/lib/python3.7/site-packages/airflow/example_dags/example_branch_operator.py
[2022-09-25T14:44:06.482+0000] {processor.py:650} INFO - DAG(s) dict_keys(['example_branch_operator']) retrieved from /home/airflow/.local/lib/python3.7/site-packages/airflow/example_dags/example_branch_operator.py
[2022-09-25T14:44:06.531+0000] {logging_mixin.py:115} INFO - [2022-09-25T14:44:06.530+0000] {dag.py:2429} INFO - Sync 1 DAGs
[2022-09-25T14:44:06.583+0000] {logging_mixin.py:115} INFO - [2022-09-25T14:44:06.582+0000] {dag.py:2981} INFO - Setting next_dagrun for example_branch_operator to 2022-09-24T00:00:00+00:00, run_after=2022-09-25T00:00:00+00:00
[2022-09-25T14:44:06.611+0000] {processor.py:161} INFO - Processing /home/airflow/.local/lib/python3.7/site-packages/airflow/example_dags/example_branch_operator.py took 0.158 seconds
[2022-09-25T14:44:37.098+0000] {processor.py:153} INFO - Started process (PID=9393) to work on /home/airflow/.local/lib/python3.7/site-packages/airflow/example_dags/example_branch_operator.py
[2022-09-25T14:44:37.100+0000] {processor.py:640} INFO - Processing file /home/airflow/.local/lib/python3.7/site-packages/airflow/example_dags/example_branch_operator.py for tasks to queue
[2022-09-25T14:44:37.102+0000] {logging_mixin.py:115} INFO - [2022-09-25T14:44:37.102+0000] {dagbag.py:508} INFO - Filling up the DagBag from /home/airflow/.local/lib/python3.7/site-packages/airflow/example_dags/example_branch_operator.py
[2022-09-25T14:44:37.120+0000] {processor.py:650} INFO - DAG(s) dict_keys(['example_branch_operator']) retrieved from /home/airflow/.local/lib/python3.7/site-packages/airflow/example_dags/example_branch_operator.py
[2022-09-25T14:44:37.157+0000] {logging_mixin.py:115} INFO - [2022-09-25T14:44:37.157+0000] {dag.py:2429} INFO - Sync 1 DAGs
[2022-09-25T14:44:37.194+0000] {logging_mixin.py:115} INFO - [2022-09-25T14:44:37.194+0000] {dag.py:2981} INFO - Setting next_dagrun for example_branch_operator to 2022-09-24T00:00:00+00:00, run_after=2022-09-25T00:00:00+00:00
[2022-09-25T14:44:37.213+0000] {processor.py:161} INFO - Processing /home/airflow/.local/lib/python3.7/site-packages/airflow/example_dags/example_branch_operator.py took 0.120 seconds
[2022-09-25T14:45:07.687+0000] {processor.py:153} INFO - Started process (PID=9596) to work on /home/airflow/.local/lib/python3.7/site-packages/airflow/example_dags/example_branch_operator.py
[2022-09-25T14:45:07.689+0000] {processor.py:640} INFO - Processing file /home/airflow/.local/lib/python3.7/site-packages/airflow/example_dags/example_branch_operator.py for tasks to queue
[2022-09-25T14:45:07.692+0000] {logging_mixin.py:115} INFO - [2022-09-25T14:45:07.691+0000] {dagbag.py:508} INFO - Filling up the DagBag from /home/airflow/.local/lib/python3.7/site-packages/airflow/example_dags/example_branch_operator.py
[2022-09-25T14:45:07.716+0000] {processor.py:650} INFO - DAG(s) dict_keys(['example_branch_operator']) retrieved from /home/airflow/.local/lib/python3.7/site-packages/airflow/example_dags/example_branch_operator.py
[2022-09-25T14:45:07.768+0000] {logging_mixin.py:115} INFO - [2022-09-25T14:45:07.768+0000] {dag.py:2429} INFO - Sync 1 DAGs
[2022-09-25T14:45:07.822+0000] {logging_mixin.py:115} INFO - [2022-09-25T14:45:07.822+0000] {dag.py:2981} INFO - Setting next_dagrun for example_branch_operator to 2022-09-24T00:00:00+00:00, run_after=2022-09-25T00:00:00+00:00
[2022-09-25T14:45:07.872+0000] {processor.py:161} INFO - Processing /home/airflow/.local/lib/python3.7/site-packages/airflow/example_dags/example_branch_operator.py took 0.190 seconds
[2022-09-25T14:45:38.086+0000] {processor.py:153} INFO - Started process (PID=9810) to work on /home/airflow/.local/lib/python3.7/site-packages/airflow/example_dags/example_branch_operator.py
[2022-09-25T14:45:38.091+0000] {processor.py:640} INFO - Processing file /home/airflow/.local/lib/python3.7/site-packages/airflow/example_dags/example_branch_operator.py for tasks to queue
[2022-09-25T14:45:38.096+0000] {logging_mixin.py:115} INFO - [2022-09-25T14:45:38.095+0000] {dagbag.py:508} INFO - Filling up the DagBag from /home/airflow/.local/lib/python3.7/site-packages/airflow/example_dags/example_branch_operator.py
[2022-09-25T14:45:38.127+0000] {processor.py:650} INFO - DAG(s) dict_keys(['example_branch_operator']) retrieved from /home/airflow/.local/lib/python3.7/site-packages/airflow/example_dags/example_branch_operator.py
[2022-09-25T14:45:38.180+0000] {logging_mixin.py:115} INFO - [2022-09-25T14:45:38.180+0000] {dag.py:2429} INFO - Sync 1 DAGs
[2022-09-25T14:45:38.232+0000] {logging_mixin.py:115} INFO - [2022-09-25T14:45:38.231+0000] {dag.py:2981} INFO - Setting next_dagrun for example_branch_operator to 2022-09-24T00:00:00+00:00, run_after=2022-09-25T00:00:00+00:00
[2022-09-25T14:45:38.259+0000] {processor.py:161} INFO - Processing /home/airflow/.local/lib/python3.7/site-packages/airflow/example_dags/example_branch_operator.py took 0.183 seconds
[2022-09-25T14:46:08.346+0000] {processor.py:153} INFO - Started process (PID=10010) to work on /home/airflow/.local/lib/python3.7/site-packages/airflow/example_dags/example_branch_operator.py
[2022-09-25T14:46:08.350+0000] {processor.py:640} INFO - Processing file /home/airflow/.local/lib/python3.7/site-packages/airflow/example_dags/example_branch_operator.py for tasks to queue
[2022-09-25T14:46:08.353+0000] {logging_mixin.py:115} INFO - [2022-09-25T14:46:08.352+0000] {dagbag.py:508} INFO - Filling up the DagBag from /home/airflow/.local/lib/python3.7/site-packages/airflow/example_dags/example_branch_operator.py
[2022-09-25T14:46:08.381+0000] {processor.py:650} INFO - DAG(s) dict_keys(['example_branch_operator']) retrieved from /home/airflow/.local/lib/python3.7/site-packages/airflow/example_dags/example_branch_operator.py
[2022-09-25T14:46:08.461+0000] {logging_mixin.py:115} INFO - [2022-09-25T14:46:08.461+0000] {dag.py:2429} INFO - Sync 1 DAGs
[2022-09-25T14:46:08.513+0000] {logging_mixin.py:115} INFO - [2022-09-25T14:46:08.512+0000] {dag.py:2981} INFO - Setting next_dagrun for example_branch_operator to 2022-09-24T00:00:00+00:00, run_after=2022-09-25T00:00:00+00:00
[2022-09-25T14:46:08.544+0000] {processor.py:161} INFO - Processing /home/airflow/.local/lib/python3.7/site-packages/airflow/example_dags/example_branch_operator.py took 0.204 seconds
[2022-09-25T14:46:38.907+0000] {processor.py:153} INFO - Started process (PID=10223) to work on /home/airflow/.local/lib/python3.7/site-packages/airflow/example_dags/example_branch_operator.py
[2022-09-25T14:46:38.910+0000] {processor.py:640} INFO - Processing file /home/airflow/.local/lib/python3.7/site-packages/airflow/example_dags/example_branch_operator.py for tasks to queue
[2022-09-25T14:46:38.914+0000] {logging_mixin.py:115} INFO - [2022-09-25T14:46:38.913+0000] {dagbag.py:508} INFO - Filling up the DagBag from /home/airflow/.local/lib/python3.7/site-packages/airflow/example_dags/example_branch_operator.py
[2022-09-25T14:46:38.939+0000] {processor.py:650} INFO - DAG(s) dict_keys(['example_branch_operator']) retrieved from /home/airflow/.local/lib/python3.7/site-packages/airflow/example_dags/example_branch_operator.py
[2022-09-25T14:46:38.996+0000] {logging_mixin.py:115} INFO - [2022-09-25T14:46:38.996+0000] {dag.py:2429} INFO - Sync 1 DAGs
[2022-09-25T14:46:39.054+0000] {logging_mixin.py:115} INFO - [2022-09-25T14:46:39.054+0000] {dag.py:2981} INFO - Setting next_dagrun for example_branch_operator to 2022-09-24T00:00:00+00:00, run_after=2022-09-25T00:00:00+00:00
[2022-09-25T14:46:39.093+0000] {processor.py:161} INFO - Processing /home/airflow/.local/lib/python3.7/site-packages/airflow/example_dags/example_branch_operator.py took 0.197 seconds
[2022-09-25T14:47:09.376+0000] {processor.py:153} INFO - Started process (PID=10423) to work on /home/airflow/.local/lib/python3.7/site-packages/airflow/example_dags/example_branch_operator.py
[2022-09-25T14:47:09.378+0000] {processor.py:640} INFO - Processing file /home/airflow/.local/lib/python3.7/site-packages/airflow/example_dags/example_branch_operator.py for tasks to queue
[2022-09-25T14:47:09.380+0000] {logging_mixin.py:115} INFO - [2022-09-25T14:47:09.380+0000] {dagbag.py:508} INFO - Filling up the DagBag from /home/airflow/.local/lib/python3.7/site-packages/airflow/example_dags/example_branch_operator.py
[2022-09-25T14:47:09.400+0000] {processor.py:650} INFO - DAG(s) dict_keys(['example_branch_operator']) retrieved from /home/airflow/.local/lib/python3.7/site-packages/airflow/example_dags/example_branch_operator.py
[2022-09-25T14:47:09.452+0000] {logging_mixin.py:115} INFO - [2022-09-25T14:47:09.452+0000] {dag.py:2429} INFO - Sync 1 DAGs
[2022-09-25T14:47:09.498+0000] {logging_mixin.py:115} INFO - [2022-09-25T14:47:09.497+0000] {dag.py:2981} INFO - Setting next_dagrun for example_branch_operator to 2022-09-24T00:00:00+00:00, run_after=2022-09-25T00:00:00+00:00
[2022-09-25T14:47:09.520+0000] {processor.py:161} INFO - Processing /home/airflow/.local/lib/python3.7/site-packages/airflow/example_dags/example_branch_operator.py took 0.151 seconds
[2022-09-25T14:47:40.013+0000] {processor.py:153} INFO - Started process (PID=10643) to work on /home/airflow/.local/lib/python3.7/site-packages/airflow/example_dags/example_branch_operator.py
[2022-09-25T14:47:40.016+0000] {processor.py:640} INFO - Processing file /home/airflow/.local/lib/python3.7/site-packages/airflow/example_dags/example_branch_operator.py for tasks to queue
[2022-09-25T14:47:40.019+0000] {logging_mixin.py:115} INFO - [2022-09-25T14:47:40.019+0000] {dagbag.py:508} INFO - Filling up the DagBag from /home/airflow/.local/lib/python3.7/site-packages/airflow/example_dags/example_branch_operator.py
[2022-09-25T14:47:40.046+0000] {processor.py:650} INFO - DAG(s) dict_keys(['example_branch_operator']) retrieved from /home/airflow/.local/lib/python3.7/site-packages/airflow/example_dags/example_branch_operator.py
[2022-09-25T14:47:40.119+0000] {logging_mixin.py:115} INFO - [2022-09-25T14:47:40.119+0000] {dag.py:2429} INFO - Sync 1 DAGs
[2022-09-25T14:47:40.169+0000] {logging_mixin.py:115} INFO - [2022-09-25T14:47:40.169+0000] {dag.py:2981} INFO - Setting next_dagrun for example_branch_operator to 2022-09-24T00:00:00+00:00, run_after=2022-09-25T00:00:00+00:00
[2022-09-25T14:47:40.200+0000] {processor.py:161} INFO - Processing /home/airflow/.local/lib/python3.7/site-packages/airflow/example_dags/example_branch_operator.py took 0.194 seconds
[2022-09-25T14:48:10.921+0000] {processor.py:153} INFO - Started process (PID=10849) to work on /home/airflow/.local/lib/python3.7/site-packages/airflow/example_dags/example_branch_operator.py
[2022-09-25T14:48:10.925+0000] {processor.py:640} INFO - Processing file /home/airflow/.local/lib/python3.7/site-packages/airflow/example_dags/example_branch_operator.py for tasks to queue
[2022-09-25T14:48:10.933+0000] {logging_mixin.py:115} INFO - [2022-09-25T14:48:10.932+0000] {dagbag.py:508} INFO - Filling up the DagBag from /home/airflow/.local/lib/python3.7/site-packages/airflow/example_dags/example_branch_operator.py
[2022-09-25T14:48:10.971+0000] {processor.py:650} INFO - DAG(s) dict_keys(['example_branch_operator']) retrieved from /home/airflow/.local/lib/python3.7/site-packages/airflow/example_dags/example_branch_operator.py
[2022-09-25T14:48:11.038+0000] {logging_mixin.py:115} INFO - [2022-09-25T14:48:11.037+0000] {dag.py:2429} INFO - Sync 1 DAGs
[2022-09-25T14:48:11.088+0000] {logging_mixin.py:115} INFO - [2022-09-25T14:48:11.088+0000] {dag.py:2981} INFO - Setting next_dagrun for example_branch_operator to 2022-09-24T00:00:00+00:00, run_after=2022-09-25T00:00:00+00:00
[2022-09-25T14:48:11.121+0000] {processor.py:161} INFO - Processing /home/airflow/.local/lib/python3.7/site-packages/airflow/example_dags/example_branch_operator.py took 0.207 seconds
[2022-09-25T14:48:41.589+0000] {processor.py:153} INFO - Started process (PID=11063) to work on /home/airflow/.local/lib/python3.7/site-packages/airflow/example_dags/example_branch_operator.py
[2022-09-25T14:48:41.591+0000] {processor.py:640} INFO - Processing file /home/airflow/.local/lib/python3.7/site-packages/airflow/example_dags/example_branch_operator.py for tasks to queue
[2022-09-25T14:48:41.593+0000] {logging_mixin.py:115} INFO - [2022-09-25T14:48:41.593+0000] {dagbag.py:508} INFO - Filling up the DagBag from /home/airflow/.local/lib/python3.7/site-packages/airflow/example_dags/example_branch_operator.py
[2022-09-25T14:48:41.612+0000] {processor.py:650} INFO - DAG(s) dict_keys(['example_branch_operator']) retrieved from /home/airflow/.local/lib/python3.7/site-packages/airflow/example_dags/example_branch_operator.py
[2022-09-25T14:48:41.662+0000] {logging_mixin.py:115} INFO - [2022-09-25T14:48:41.662+0000] {dag.py:2429} INFO - Sync 1 DAGs
[2022-09-25T14:48:41.707+0000] {logging_mixin.py:115} INFO - [2022-09-25T14:48:41.707+0000] {dag.py:2981} INFO - Setting next_dagrun for example_branch_operator to 2022-09-24T00:00:00+00:00, run_after=2022-09-25T00:00:00+00:00
[2022-09-25T14:48:41.734+0000] {processor.py:161} INFO - Processing /home/airflow/.local/lib/python3.7/site-packages/airflow/example_dags/example_branch_operator.py took 0.152 seconds
[2022-09-25T14:49:12.210+0000] {processor.py:153} INFO - Started process (PID=11268) to work on /home/airflow/.local/lib/python3.7/site-packages/airflow/example_dags/example_branch_operator.py
[2022-09-25T14:49:12.213+0000] {processor.py:640} INFO - Processing file /home/airflow/.local/lib/python3.7/site-packages/airflow/example_dags/example_branch_operator.py for tasks to queue
[2022-09-25T14:49:12.215+0000] {logging_mixin.py:115} INFO - [2022-09-25T14:49:12.215+0000] {dagbag.py:508} INFO - Filling up the DagBag from /home/airflow/.local/lib/python3.7/site-packages/airflow/example_dags/example_branch_operator.py
[2022-09-25T14:49:12.235+0000] {processor.py:650} INFO - DAG(s) dict_keys(['example_branch_operator']) retrieved from /home/airflow/.local/lib/python3.7/site-packages/airflow/example_dags/example_branch_operator.py
[2022-09-25T14:49:12.287+0000] {logging_mixin.py:115} INFO - [2022-09-25T14:49:12.287+0000] {dag.py:2429} INFO - Sync 1 DAGs
[2022-09-25T14:49:12.327+0000] {logging_mixin.py:115} INFO - [2022-09-25T14:49:12.326+0000] {dag.py:2981} INFO - Setting next_dagrun for example_branch_operator to 2022-09-24T00:00:00+00:00, run_after=2022-09-25T00:00:00+00:00
[2022-09-25T14:49:12.345+0000] {processor.py:161} INFO - Processing /home/airflow/.local/lib/python3.7/site-packages/airflow/example_dags/example_branch_operator.py took 0.140 seconds
[2022-09-25T14:49:43.318+0000] {processor.py:153} INFO - Started process (PID=11481) to work on /home/airflow/.local/lib/python3.7/site-packages/airflow/example_dags/example_branch_operator.py
[2022-09-25T14:49:43.321+0000] {processor.py:640} INFO - Processing file /home/airflow/.local/lib/python3.7/site-packages/airflow/example_dags/example_branch_operator.py for tasks to queue
[2022-09-25T14:49:43.326+0000] {logging_mixin.py:115} INFO - [2022-09-25T14:49:43.325+0000] {dagbag.py:508} INFO - Filling up the DagBag from /home/airflow/.local/lib/python3.7/site-packages/airflow/example_dags/example_branch_operator.py
[2022-09-25T14:49:43.361+0000] {processor.py:650} INFO - DAG(s) dict_keys(['example_branch_operator']) retrieved from /home/airflow/.local/lib/python3.7/site-packages/airflow/example_dags/example_branch_operator.py
[2022-09-25T14:49:43.423+0000] {logging_mixin.py:115} INFO - [2022-09-25T14:49:43.423+0000] {dag.py:2429} INFO - Sync 1 DAGs
[2022-09-25T14:49:43.469+0000] {logging_mixin.py:115} INFO - [2022-09-25T14:49:43.469+0000] {dag.py:2981} INFO - Setting next_dagrun for example_branch_operator to 2022-09-24T00:00:00+00:00, run_after=2022-09-25T00:00:00+00:00
[2022-09-25T14:49:43.500+0000] {processor.py:161} INFO - Processing /home/airflow/.local/lib/python3.7/site-packages/airflow/example_dags/example_branch_operator.py took 0.190 seconds
[2022-09-25T14:50:13.883+0000] {processor.py:153} INFO - Started process (PID=11682) to work on /home/airflow/.local/lib/python3.7/site-packages/airflow/example_dags/example_branch_operator.py
[2022-09-25T14:50:13.885+0000] {processor.py:640} INFO - Processing file /home/airflow/.local/lib/python3.7/site-packages/airflow/example_dags/example_branch_operator.py for tasks to queue
[2022-09-25T14:50:13.887+0000] {logging_mixin.py:115} INFO - [2022-09-25T14:50:13.886+0000] {dagbag.py:508} INFO - Filling up the DagBag from /home/airflow/.local/lib/python3.7/site-packages/airflow/example_dags/example_branch_operator.py
[2022-09-25T14:50:13.905+0000] {processor.py:650} INFO - DAG(s) dict_keys(['example_branch_operator']) retrieved from /home/airflow/.local/lib/python3.7/site-packages/airflow/example_dags/example_branch_operator.py
[2022-09-25T14:50:13.949+0000] {logging_mixin.py:115} INFO - [2022-09-25T14:50:13.948+0000] {dag.py:2429} INFO - Sync 1 DAGs
[2022-09-25T14:50:13.989+0000] {logging_mixin.py:115} INFO - [2022-09-25T14:50:13.988+0000] {dag.py:2981} INFO - Setting next_dagrun for example_branch_operator to 2022-09-24T00:00:00+00:00, run_after=2022-09-25T00:00:00+00:00
[2022-09-25T14:50:14.012+0000] {processor.py:161} INFO - Processing /home/airflow/.local/lib/python3.7/site-packages/airflow/example_dags/example_branch_operator.py took 0.135 seconds
[2022-09-25T14:50:44.219+0000] {processor.py:153} INFO - Started process (PID=11888) to work on /home/airflow/.local/lib/python3.7/site-packages/airflow/example_dags/example_branch_operator.py
[2022-09-25T14:50:44.223+0000] {processor.py:640} INFO - Processing file /home/airflow/.local/lib/python3.7/site-packages/airflow/example_dags/example_branch_operator.py for tasks to queue
[2022-09-25T14:50:44.226+0000] {logging_mixin.py:115} INFO - [2022-09-25T14:50:44.226+0000] {dagbag.py:508} INFO - Filling up the DagBag from /home/airflow/.local/lib/python3.7/site-packages/airflow/example_dags/example_branch_operator.py
[2022-09-25T14:50:44.245+0000] {processor.py:650} INFO - DAG(s) dict_keys(['example_branch_operator']) retrieved from /home/airflow/.local/lib/python3.7/site-packages/airflow/example_dags/example_branch_operator.py
[2022-09-25T14:50:44.300+0000] {logging_mixin.py:115} INFO - [2022-09-25T14:50:44.300+0000] {dag.py:2429} INFO - Sync 1 DAGs
[2022-09-25T14:50:44.350+0000] {logging_mixin.py:115} INFO - [2022-09-25T14:50:44.349+0000] {dag.py:2981} INFO - Setting next_dagrun for example_branch_operator to 2022-09-24T00:00:00+00:00, run_after=2022-09-25T00:00:00+00:00
[2022-09-25T14:50:44.384+0000] {processor.py:161} INFO - Processing /home/airflow/.local/lib/python3.7/site-packages/airflow/example_dags/example_branch_operator.py took 0.171 seconds
[2022-09-25T14:51:14.953+0000] {processor.py:153} INFO - Started process (PID=12102) to work on /home/airflow/.local/lib/python3.7/site-packages/airflow/example_dags/example_branch_operator.py
[2022-09-25T14:51:14.955+0000] {processor.py:640} INFO - Processing file /home/airflow/.local/lib/python3.7/site-packages/airflow/example_dags/example_branch_operator.py for tasks to queue
[2022-09-25T14:51:14.956+0000] {logging_mixin.py:115} INFO - [2022-09-25T14:51:14.956+0000] {dagbag.py:508} INFO - Filling up the DagBag from /home/airflow/.local/lib/python3.7/site-packages/airflow/example_dags/example_branch_operator.py
[2022-09-25T14:51:14.978+0000] {processor.py:650} INFO - DAG(s) dict_keys(['example_branch_operator']) retrieved from /home/airflow/.local/lib/python3.7/site-packages/airflow/example_dags/example_branch_operator.py
[2022-09-25T14:51:15.024+0000] {logging_mixin.py:115} INFO - [2022-09-25T14:51:15.024+0000] {dag.py:2429} INFO - Sync 1 DAGs
[2022-09-25T14:51:15.066+0000] {logging_mixin.py:115} INFO - [2022-09-25T14:51:15.065+0000] {dag.py:2981} INFO - Setting next_dagrun for example_branch_operator to 2022-09-24T00:00:00+00:00, run_after=2022-09-25T00:00:00+00:00
[2022-09-25T14:51:15.089+0000] {processor.py:161} INFO - Processing /home/airflow/.local/lib/python3.7/site-packages/airflow/example_dags/example_branch_operator.py took 0.143 seconds
[2022-09-25T14:51:45.922+0000] {processor.py:153} INFO - Started process (PID=12312) to work on /home/airflow/.local/lib/python3.7/site-packages/airflow/example_dags/example_branch_operator.py
[2022-09-25T14:51:45.930+0000] {processor.py:640} INFO - Processing file /home/airflow/.local/lib/python3.7/site-packages/airflow/example_dags/example_branch_operator.py for tasks to queue
[2022-09-25T14:51:45.934+0000] {logging_mixin.py:115} INFO - [2022-09-25T14:51:45.933+0000] {dagbag.py:508} INFO - Filling up the DagBag from /home/airflow/.local/lib/python3.7/site-packages/airflow/example_dags/example_branch_operator.py
[2022-09-25T14:51:45.966+0000] {processor.py:650} INFO - DAG(s) dict_keys(['example_branch_operator']) retrieved from /home/airflow/.local/lib/python3.7/site-packages/airflow/example_dags/example_branch_operator.py
[2022-09-25T14:51:46.051+0000] {logging_mixin.py:115} INFO - [2022-09-25T14:51:46.051+0000] {dag.py:2429} INFO - Sync 1 DAGs
[2022-09-25T14:51:46.128+0000] {logging_mixin.py:115} INFO - [2022-09-25T14:51:46.128+0000] {dag.py:2981} INFO - Setting next_dagrun for example_branch_operator to 2022-09-24T00:00:00+00:00, run_after=2022-09-25T00:00:00+00:00
[2022-09-25T14:51:46.165+0000] {processor.py:161} INFO - Processing /home/airflow/.local/lib/python3.7/site-packages/airflow/example_dags/example_branch_operator.py took 0.253 seconds
[2022-09-25T14:52:16.305+0000] {processor.py:153} INFO - Started process (PID=12519) to work on /home/airflow/.local/lib/python3.7/site-packages/airflow/example_dags/example_branch_operator.py
[2022-09-25T14:52:16.309+0000] {processor.py:640} INFO - Processing file /home/airflow/.local/lib/python3.7/site-packages/airflow/example_dags/example_branch_operator.py for tasks to queue
[2022-09-25T14:52:16.310+0000] {logging_mixin.py:115} INFO - [2022-09-25T14:52:16.310+0000] {dagbag.py:508} INFO - Filling up the DagBag from /home/airflow/.local/lib/python3.7/site-packages/airflow/example_dags/example_branch_operator.py
[2022-09-25T14:52:16.334+0000] {processor.py:650} INFO - DAG(s) dict_keys(['example_branch_operator']) retrieved from /home/airflow/.local/lib/python3.7/site-packages/airflow/example_dags/example_branch_operator.py
[2022-09-25T14:52:16.392+0000] {logging_mixin.py:115} INFO - [2022-09-25T14:52:16.392+0000] {dag.py:2429} INFO - Sync 1 DAGs
[2022-09-25T14:52:16.467+0000] {logging_mixin.py:115} INFO - [2022-09-25T14:52:16.466+0000] {dag.py:2981} INFO - Setting next_dagrun for example_branch_operator to 2022-09-24T00:00:00+00:00, run_after=2022-09-25T00:00:00+00:00
[2022-09-25T14:52:16.506+0000] {processor.py:161} INFO - Processing /home/airflow/.local/lib/python3.7/site-packages/airflow/example_dags/example_branch_operator.py took 0.209 seconds
