[2022-09-25T14:22:25.933+0000] {processor.py:153} INFO - Started process (PID=360) to work on /home/airflow/.local/lib/python3.7/site-packages/airflow/example_dags/example_local_kubernetes_executor.py
[2022-09-25T14:22:26.134+0000] {processor.py:640} INFO - Processing file /home/airflow/.local/lib/python3.7/site-packages/airflow/example_dags/example_local_kubernetes_executor.py for tasks to queue
[2022-09-25T14:22:26.197+0000] {logging_mixin.py:115} INFO - [2022-09-25T14:22:26.180+0000] {dagbag.py:508} INFO - Filling up the DagBag from /home/airflow/.local/lib/python3.7/site-packages/airflow/example_dags/example_local_kubernetes_executor.py
[2022-09-25T14:22:26.957+0000] {processor.py:650} INFO - DAG(s) dict_keys(['example_local_kubernetes_executor']) retrieved from /home/airflow/.local/lib/python3.7/site-packages/airflow/example_dags/example_local_kubernetes_executor.py
[2022-09-25T14:22:27.364+0000] {logging_mixin.py:115} INFO - [2022-09-25T14:22:27.362+0000] {dag.py:2429} INFO - Sync 1 DAGs
[2022-09-25T14:22:27.668+0000] {logging_mixin.py:115} INFO - [2022-09-25T14:22:27.667+0000] {dag.py:2981} INFO - Setting next_dagrun for example_local_kubernetes_executor to None, run_after=None
[2022-09-25T14:22:28.073+0000] {processor.py:161} INFO - Processing /home/airflow/.local/lib/python3.7/site-packages/airflow/example_dags/example_local_kubernetes_executor.py took 2.279 seconds
[2022-09-25T14:22:58.901+0000] {processor.py:153} INFO - Started process (PID=568) to work on /home/airflow/.local/lib/python3.7/site-packages/airflow/example_dags/example_local_kubernetes_executor.py
[2022-09-25T14:22:58.905+0000] {processor.py:640} INFO - Processing file /home/airflow/.local/lib/python3.7/site-packages/airflow/example_dags/example_local_kubernetes_executor.py for tasks to queue
[2022-09-25T14:22:58.908+0000] {logging_mixin.py:115} INFO - [2022-09-25T14:22:58.908+0000] {dagbag.py:508} INFO - Filling up the DagBag from /home/airflow/.local/lib/python3.7/site-packages/airflow/example_dags/example_local_kubernetes_executor.py
[2022-09-25T14:22:58.962+0000] {processor.py:650} INFO - DAG(s) dict_keys(['example_local_kubernetes_executor']) retrieved from /home/airflow/.local/lib/python3.7/site-packages/airflow/example_dags/example_local_kubernetes_executor.py
[2022-09-25T14:22:59.014+0000] {logging_mixin.py:115} INFO - [2022-09-25T14:22:59.014+0000] {dag.py:2429} INFO - Sync 1 DAGs
[2022-09-25T14:22:59.047+0000] {logging_mixin.py:115} INFO - [2022-09-25T14:22:59.047+0000] {dag.py:2981} INFO - Setting next_dagrun for example_local_kubernetes_executor to None, run_after=None
[2022-09-25T14:22:59.067+0000] {processor.py:161} INFO - Processing /home/airflow/.local/lib/python3.7/site-packages/airflow/example_dags/example_local_kubernetes_executor.py took 0.175 seconds
[2022-09-25T14:23:29.185+0000] {processor.py:153} INFO - Started process (PID=773) to work on /home/airflow/.local/lib/python3.7/site-packages/airflow/example_dags/example_local_kubernetes_executor.py
[2022-09-25T14:23:29.189+0000] {processor.py:640} INFO - Processing file /home/airflow/.local/lib/python3.7/site-packages/airflow/example_dags/example_local_kubernetes_executor.py for tasks to queue
[2022-09-25T14:23:29.192+0000] {logging_mixin.py:115} INFO - [2022-09-25T14:23:29.191+0000] {dagbag.py:508} INFO - Filling up the DagBag from /home/airflow/.local/lib/python3.7/site-packages/airflow/example_dags/example_local_kubernetes_executor.py
[2022-09-25T14:23:29.226+0000] {processor.py:650} INFO - DAG(s) dict_keys(['example_local_kubernetes_executor']) retrieved from /home/airflow/.local/lib/python3.7/site-packages/airflow/example_dags/example_local_kubernetes_executor.py
[2022-09-25T14:23:29.268+0000] {logging_mixin.py:115} INFO - [2022-09-25T14:23:29.268+0000] {dag.py:2429} INFO - Sync 1 DAGs
[2022-09-25T14:23:29.313+0000] {logging_mixin.py:115} INFO - [2022-09-25T14:23:29.313+0000] {dag.py:2981} INFO - Setting next_dagrun for example_local_kubernetes_executor to None, run_after=None
[2022-09-25T14:23:29.337+0000] {processor.py:161} INFO - Processing /home/airflow/.local/lib/python3.7/site-packages/airflow/example_dags/example_local_kubernetes_executor.py took 0.160 seconds
[2022-09-25T14:23:59.509+0000] {processor.py:153} INFO - Started process (PID=978) to work on /home/airflow/.local/lib/python3.7/site-packages/airflow/example_dags/example_local_kubernetes_executor.py
[2022-09-25T14:23:59.517+0000] {processor.py:640} INFO - Processing file /home/airflow/.local/lib/python3.7/site-packages/airflow/example_dags/example_local_kubernetes_executor.py for tasks to queue
[2022-09-25T14:23:59.519+0000] {logging_mixin.py:115} INFO - [2022-09-25T14:23:59.519+0000] {dagbag.py:508} INFO - Filling up the DagBag from /home/airflow/.local/lib/python3.7/site-packages/airflow/example_dags/example_local_kubernetes_executor.py
[2022-09-25T14:23:59.562+0000] {processor.py:650} INFO - DAG(s) dict_keys(['example_local_kubernetes_executor']) retrieved from /home/airflow/.local/lib/python3.7/site-packages/airflow/example_dags/example_local_kubernetes_executor.py
[2022-09-25T14:23:59.607+0000] {logging_mixin.py:115} INFO - [2022-09-25T14:23:59.607+0000] {dag.py:2429} INFO - Sync 1 DAGs
[2022-09-25T14:23:59.643+0000] {logging_mixin.py:115} INFO - [2022-09-25T14:23:59.643+0000] {dag.py:2981} INFO - Setting next_dagrun for example_local_kubernetes_executor to None, run_after=None
[2022-09-25T14:23:59.664+0000] {processor.py:161} INFO - Processing /home/airflow/.local/lib/python3.7/site-packages/airflow/example_dags/example_local_kubernetes_executor.py took 0.162 seconds
[2022-09-25T14:24:29.801+0000] {processor.py:153} INFO - Started process (PID=1193) to work on /home/airflow/.local/lib/python3.7/site-packages/airflow/example_dags/example_local_kubernetes_executor.py
[2022-09-25T14:24:29.809+0000] {processor.py:640} INFO - Processing file /home/airflow/.local/lib/python3.7/site-packages/airflow/example_dags/example_local_kubernetes_executor.py for tasks to queue
[2022-09-25T14:24:29.812+0000] {logging_mixin.py:115} INFO - [2022-09-25T14:24:29.812+0000] {dagbag.py:508} INFO - Filling up the DagBag from /home/airflow/.local/lib/python3.7/site-packages/airflow/example_dags/example_local_kubernetes_executor.py
[2022-09-25T14:24:29.850+0000] {processor.py:650} INFO - DAG(s) dict_keys(['example_local_kubernetes_executor']) retrieved from /home/airflow/.local/lib/python3.7/site-packages/airflow/example_dags/example_local_kubernetes_executor.py
[2022-09-25T14:24:29.890+0000] {logging_mixin.py:115} INFO - [2022-09-25T14:24:29.890+0000] {dag.py:2429} INFO - Sync 1 DAGs
[2022-09-25T14:24:29.929+0000] {logging_mixin.py:115} INFO - [2022-09-25T14:24:29.929+0000] {dag.py:2981} INFO - Setting next_dagrun for example_local_kubernetes_executor to None, run_after=None
[2022-09-25T14:24:29.959+0000] {processor.py:161} INFO - Processing /home/airflow/.local/lib/python3.7/site-packages/airflow/example_dags/example_local_kubernetes_executor.py took 0.166 seconds
[2022-09-25T14:25:00.140+0000] {processor.py:153} INFO - Started process (PID=1398) to work on /home/airflow/.local/lib/python3.7/site-packages/airflow/example_dags/example_local_kubernetes_executor.py
[2022-09-25T14:25:00.144+0000] {processor.py:640} INFO - Processing file /home/airflow/.local/lib/python3.7/site-packages/airflow/example_dags/example_local_kubernetes_executor.py for tasks to queue
[2022-09-25T14:25:00.149+0000] {logging_mixin.py:115} INFO - [2022-09-25T14:25:00.148+0000] {dagbag.py:508} INFO - Filling up the DagBag from /home/airflow/.local/lib/python3.7/site-packages/airflow/example_dags/example_local_kubernetes_executor.py
[2022-09-25T14:25:00.182+0000] {processor.py:650} INFO - DAG(s) dict_keys(['example_local_kubernetes_executor']) retrieved from /home/airflow/.local/lib/python3.7/site-packages/airflow/example_dags/example_local_kubernetes_executor.py
[2022-09-25T14:25:00.225+0000] {logging_mixin.py:115} INFO - [2022-09-25T14:25:00.224+0000] {dag.py:2429} INFO - Sync 1 DAGs
[2022-09-25T14:25:00.261+0000] {logging_mixin.py:115} INFO - [2022-09-25T14:25:00.261+0000] {dag.py:2981} INFO - Setting next_dagrun for example_local_kubernetes_executor to None, run_after=None
[2022-09-25T14:25:00.287+0000] {processor.py:161} INFO - Processing /home/airflow/.local/lib/python3.7/site-packages/airflow/example_dags/example_local_kubernetes_executor.py took 0.152 seconds
[2022-09-25T14:25:30.759+0000] {processor.py:153} INFO - Started process (PID=1612) to work on /home/airflow/.local/lib/python3.7/site-packages/airflow/example_dags/example_local_kubernetes_executor.py
[2022-09-25T14:25:30.761+0000] {processor.py:640} INFO - Processing file /home/airflow/.local/lib/python3.7/site-packages/airflow/example_dags/example_local_kubernetes_executor.py for tasks to queue
[2022-09-25T14:25:30.763+0000] {logging_mixin.py:115} INFO - [2022-09-25T14:25:30.762+0000] {dagbag.py:508} INFO - Filling up the DagBag from /home/airflow/.local/lib/python3.7/site-packages/airflow/example_dags/example_local_kubernetes_executor.py
[2022-09-25T14:25:30.793+0000] {processor.py:650} INFO - DAG(s) dict_keys(['example_local_kubernetes_executor']) retrieved from /home/airflow/.local/lib/python3.7/site-packages/airflow/example_dags/example_local_kubernetes_executor.py
[2022-09-25T14:25:30.831+0000] {logging_mixin.py:115} INFO - [2022-09-25T14:25:30.830+0000] {dag.py:2429} INFO - Sync 1 DAGs
[2022-09-25T14:25:30.864+0000] {logging_mixin.py:115} INFO - [2022-09-25T14:25:30.864+0000] {dag.py:2981} INFO - Setting next_dagrun for example_local_kubernetes_executor to None, run_after=None
[2022-09-25T14:25:30.886+0000] {processor.py:161} INFO - Processing /home/airflow/.local/lib/python3.7/site-packages/airflow/example_dags/example_local_kubernetes_executor.py took 0.132 seconds
[2022-09-25T14:26:01.223+0000] {processor.py:153} INFO - Started process (PID=1818) to work on /home/airflow/.local/lib/python3.7/site-packages/airflow/example_dags/example_local_kubernetes_executor.py
[2022-09-25T14:26:01.234+0000] {processor.py:640} INFO - Processing file /home/airflow/.local/lib/python3.7/site-packages/airflow/example_dags/example_local_kubernetes_executor.py for tasks to queue
[2022-09-25T14:26:01.242+0000] {logging_mixin.py:115} INFO - [2022-09-25T14:26:01.242+0000] {dagbag.py:508} INFO - Filling up the DagBag from /home/airflow/.local/lib/python3.7/site-packages/airflow/example_dags/example_local_kubernetes_executor.py
[2022-09-25T14:26:01.318+0000] {processor.py:650} INFO - DAG(s) dict_keys(['example_local_kubernetes_executor']) retrieved from /home/airflow/.local/lib/python3.7/site-packages/airflow/example_dags/example_local_kubernetes_executor.py
[2022-09-25T14:26:01.375+0000] {logging_mixin.py:115} INFO - [2022-09-25T14:26:01.375+0000] {dag.py:2429} INFO - Sync 1 DAGs
[2022-09-25T14:26:01.416+0000] {logging_mixin.py:115} INFO - [2022-09-25T14:26:01.416+0000] {dag.py:2981} INFO - Setting next_dagrun for example_local_kubernetes_executor to None, run_after=None
[2022-09-25T14:26:01.442+0000] {processor.py:161} INFO - Processing /home/airflow/.local/lib/python3.7/site-packages/airflow/example_dags/example_local_kubernetes_executor.py took 0.233 seconds
[2022-09-25T14:26:32.142+0000] {processor.py:153} INFO - Started process (PID=2032) to work on /home/airflow/.local/lib/python3.7/site-packages/airflow/example_dags/example_local_kubernetes_executor.py
[2022-09-25T14:26:32.150+0000] {processor.py:640} INFO - Processing file /home/airflow/.local/lib/python3.7/site-packages/airflow/example_dags/example_local_kubernetes_executor.py for tasks to queue
[2022-09-25T14:26:32.153+0000] {logging_mixin.py:115} INFO - [2022-09-25T14:26:32.152+0000] {dagbag.py:508} INFO - Filling up the DagBag from /home/airflow/.local/lib/python3.7/site-packages/airflow/example_dags/example_local_kubernetes_executor.py
[2022-09-25T14:26:32.184+0000] {processor.py:650} INFO - DAG(s) dict_keys(['example_local_kubernetes_executor']) retrieved from /home/airflow/.local/lib/python3.7/site-packages/airflow/example_dags/example_local_kubernetes_executor.py
[2022-09-25T14:26:32.218+0000] {logging_mixin.py:115} INFO - [2022-09-25T14:26:32.218+0000] {dag.py:2429} INFO - Sync 1 DAGs
[2022-09-25T14:26:32.253+0000] {logging_mixin.py:115} INFO - [2022-09-25T14:26:32.253+0000] {dag.py:2981} INFO - Setting next_dagrun for example_local_kubernetes_executor to None, run_after=None
[2022-09-25T14:26:32.277+0000] {processor.py:161} INFO - Processing /home/airflow/.local/lib/python3.7/site-packages/airflow/example_dags/example_local_kubernetes_executor.py took 0.143 seconds
[2022-09-25T14:27:02.514+0000] {processor.py:153} INFO - Started process (PID=2238) to work on /home/airflow/.local/lib/python3.7/site-packages/airflow/example_dags/example_local_kubernetes_executor.py
[2022-09-25T14:27:02.522+0000] {processor.py:640} INFO - Processing file /home/airflow/.local/lib/python3.7/site-packages/airflow/example_dags/example_local_kubernetes_executor.py for tasks to queue
[2022-09-25T14:27:02.525+0000] {logging_mixin.py:115} INFO - [2022-09-25T14:27:02.524+0000] {dagbag.py:508} INFO - Filling up the DagBag from /home/airflow/.local/lib/python3.7/site-packages/airflow/example_dags/example_local_kubernetes_executor.py
[2022-09-25T14:27:02.562+0000] {processor.py:650} INFO - DAG(s) dict_keys(['example_local_kubernetes_executor']) retrieved from /home/airflow/.local/lib/python3.7/site-packages/airflow/example_dags/example_local_kubernetes_executor.py
[2022-09-25T14:27:02.605+0000] {logging_mixin.py:115} INFO - [2022-09-25T14:27:02.605+0000] {dag.py:2429} INFO - Sync 1 DAGs
[2022-09-25T14:27:02.643+0000] {logging_mixin.py:115} INFO - [2022-09-25T14:27:02.643+0000] {dag.py:2981} INFO - Setting next_dagrun for example_local_kubernetes_executor to None, run_after=None
[2022-09-25T14:27:02.671+0000] {processor.py:161} INFO - Processing /home/airflow/.local/lib/python3.7/site-packages/airflow/example_dags/example_local_kubernetes_executor.py took 0.162 seconds
[2022-09-25T14:27:32.854+0000] {processor.py:153} INFO - Started process (PID=2451) to work on /home/airflow/.local/lib/python3.7/site-packages/airflow/example_dags/example_local_kubernetes_executor.py
[2022-09-25T14:27:32.857+0000] {processor.py:640} INFO - Processing file /home/airflow/.local/lib/python3.7/site-packages/airflow/example_dags/example_local_kubernetes_executor.py for tasks to queue
[2022-09-25T14:27:32.859+0000] {logging_mixin.py:115} INFO - [2022-09-25T14:27:32.858+0000] {dagbag.py:508} INFO - Filling up the DagBag from /home/airflow/.local/lib/python3.7/site-packages/airflow/example_dags/example_local_kubernetes_executor.py
[2022-09-25T14:27:32.894+0000] {processor.py:650} INFO - DAG(s) dict_keys(['example_local_kubernetes_executor']) retrieved from /home/airflow/.local/lib/python3.7/site-packages/airflow/example_dags/example_local_kubernetes_executor.py
[2022-09-25T14:27:32.933+0000] {logging_mixin.py:115} INFO - [2022-09-25T14:27:32.933+0000] {dag.py:2429} INFO - Sync 1 DAGs
[2022-09-25T14:27:32.970+0000] {logging_mixin.py:115} INFO - [2022-09-25T14:27:32.970+0000] {dag.py:2981} INFO - Setting next_dagrun for example_local_kubernetes_executor to None, run_after=None
[2022-09-25T14:27:32.997+0000] {processor.py:161} INFO - Processing /home/airflow/.local/lib/python3.7/site-packages/airflow/example_dags/example_local_kubernetes_executor.py took 0.148 seconds
[2022-09-25T14:28:03.226+0000] {processor.py:153} INFO - Started process (PID=2655) to work on /home/airflow/.local/lib/python3.7/site-packages/airflow/example_dags/example_local_kubernetes_executor.py
[2022-09-25T14:28:03.229+0000] {processor.py:640} INFO - Processing file /home/airflow/.local/lib/python3.7/site-packages/airflow/example_dags/example_local_kubernetes_executor.py for tasks to queue
[2022-09-25T14:28:03.233+0000] {logging_mixin.py:115} INFO - [2022-09-25T14:28:03.233+0000] {dagbag.py:508} INFO - Filling up the DagBag from /home/airflow/.local/lib/python3.7/site-packages/airflow/example_dags/example_local_kubernetes_executor.py
[2022-09-25T14:28:03.270+0000] {processor.py:650} INFO - DAG(s) dict_keys(['example_local_kubernetes_executor']) retrieved from /home/airflow/.local/lib/python3.7/site-packages/airflow/example_dags/example_local_kubernetes_executor.py
[2022-09-25T14:28:03.318+0000] {logging_mixin.py:115} INFO - [2022-09-25T14:28:03.318+0000] {dag.py:2429} INFO - Sync 1 DAGs
[2022-09-25T14:28:03.358+0000] {logging_mixin.py:115} INFO - [2022-09-25T14:28:03.358+0000] {dag.py:2981} INFO - Setting next_dagrun for example_local_kubernetes_executor to None, run_after=None
[2022-09-25T14:28:03.380+0000] {processor.py:161} INFO - Processing /home/airflow/.local/lib/python3.7/site-packages/airflow/example_dags/example_local_kubernetes_executor.py took 0.164 seconds
[2022-09-25T14:28:34.281+0000] {processor.py:153} INFO - Started process (PID=2869) to work on /home/airflow/.local/lib/python3.7/site-packages/airflow/example_dags/example_local_kubernetes_executor.py
[2022-09-25T14:28:34.290+0000] {processor.py:640} INFO - Processing file /home/airflow/.local/lib/python3.7/site-packages/airflow/example_dags/example_local_kubernetes_executor.py for tasks to queue
[2022-09-25T14:28:34.292+0000] {logging_mixin.py:115} INFO - [2022-09-25T14:28:34.292+0000] {dagbag.py:508} INFO - Filling up the DagBag from /home/airflow/.local/lib/python3.7/site-packages/airflow/example_dags/example_local_kubernetes_executor.py
[2022-09-25T14:28:34.324+0000] {processor.py:650} INFO - DAG(s) dict_keys(['example_local_kubernetes_executor']) retrieved from /home/airflow/.local/lib/python3.7/site-packages/airflow/example_dags/example_local_kubernetes_executor.py
[2022-09-25T14:28:34.365+0000] {logging_mixin.py:115} INFO - [2022-09-25T14:28:34.364+0000] {dag.py:2429} INFO - Sync 1 DAGs
[2022-09-25T14:28:34.400+0000] {logging_mixin.py:115} INFO - [2022-09-25T14:28:34.400+0000] {dag.py:2981} INFO - Setting next_dagrun for example_local_kubernetes_executor to None, run_after=None
[2022-09-25T14:28:34.424+0000] {processor.py:161} INFO - Processing /home/airflow/.local/lib/python3.7/site-packages/airflow/example_dags/example_local_kubernetes_executor.py took 0.156 seconds
[2022-09-25T14:29:04.651+0000] {processor.py:153} INFO - Started process (PID=3074) to work on /home/airflow/.local/lib/python3.7/site-packages/airflow/example_dags/example_local_kubernetes_executor.py
[2022-09-25T14:29:04.654+0000] {processor.py:640} INFO - Processing file /home/airflow/.local/lib/python3.7/site-packages/airflow/example_dags/example_local_kubernetes_executor.py for tasks to queue
[2022-09-25T14:29:04.657+0000] {logging_mixin.py:115} INFO - [2022-09-25T14:29:04.657+0000] {dagbag.py:508} INFO - Filling up the DagBag from /home/airflow/.local/lib/python3.7/site-packages/airflow/example_dags/example_local_kubernetes_executor.py
[2022-09-25T14:29:04.705+0000] {processor.py:650} INFO - DAG(s) dict_keys(['example_local_kubernetes_executor']) retrieved from /home/airflow/.local/lib/python3.7/site-packages/airflow/example_dags/example_local_kubernetes_executor.py
[2022-09-25T14:29:04.745+0000] {logging_mixin.py:115} INFO - [2022-09-25T14:29:04.744+0000] {dag.py:2429} INFO - Sync 1 DAGs
[2022-09-25T14:29:04.779+0000] {logging_mixin.py:115} INFO - [2022-09-25T14:29:04.779+0000] {dag.py:2981} INFO - Setting next_dagrun for example_local_kubernetes_executor to None, run_after=None
[2022-09-25T14:29:04.798+0000] {processor.py:161} INFO - Processing /home/airflow/.local/lib/python3.7/site-packages/airflow/example_dags/example_local_kubernetes_executor.py took 0.156 seconds
[2022-09-25T14:29:35.379+0000] {processor.py:153} INFO - Started process (PID=3288) to work on /home/airflow/.local/lib/python3.7/site-packages/airflow/example_dags/example_local_kubernetes_executor.py
[2022-09-25T14:29:35.383+0000] {processor.py:640} INFO - Processing file /home/airflow/.local/lib/python3.7/site-packages/airflow/example_dags/example_local_kubernetes_executor.py for tasks to queue
[2022-09-25T14:29:35.384+0000] {logging_mixin.py:115} INFO - [2022-09-25T14:29:35.384+0000] {dagbag.py:508} INFO - Filling up the DagBag from /home/airflow/.local/lib/python3.7/site-packages/airflow/example_dags/example_local_kubernetes_executor.py
[2022-09-25T14:29:35.418+0000] {processor.py:650} INFO - DAG(s) dict_keys(['example_local_kubernetes_executor']) retrieved from /home/airflow/.local/lib/python3.7/site-packages/airflow/example_dags/example_local_kubernetes_executor.py
[2022-09-25T14:29:35.468+0000] {logging_mixin.py:115} INFO - [2022-09-25T14:29:35.467+0000] {dag.py:2429} INFO - Sync 1 DAGs
[2022-09-25T14:29:35.537+0000] {logging_mixin.py:115} INFO - [2022-09-25T14:29:35.536+0000] {dag.py:2981} INFO - Setting next_dagrun for example_local_kubernetes_executor to None, run_after=None
[2022-09-25T14:29:35.562+0000] {processor.py:161} INFO - Processing /home/airflow/.local/lib/python3.7/site-packages/airflow/example_dags/example_local_kubernetes_executor.py took 0.188 seconds
[2022-09-25T14:30:06.356+0000] {processor.py:153} INFO - Started process (PID=3494) to work on /home/airflow/.local/lib/python3.7/site-packages/airflow/example_dags/example_local_kubernetes_executor.py
[2022-09-25T14:30:06.359+0000] {processor.py:640} INFO - Processing file /home/airflow/.local/lib/python3.7/site-packages/airflow/example_dags/example_local_kubernetes_executor.py for tasks to queue
[2022-09-25T14:30:06.361+0000] {logging_mixin.py:115} INFO - [2022-09-25T14:30:06.361+0000] {dagbag.py:508} INFO - Filling up the DagBag from /home/airflow/.local/lib/python3.7/site-packages/airflow/example_dags/example_local_kubernetes_executor.py
[2022-09-25T14:30:06.399+0000] {processor.py:650} INFO - DAG(s) dict_keys(['example_local_kubernetes_executor']) retrieved from /home/airflow/.local/lib/python3.7/site-packages/airflow/example_dags/example_local_kubernetes_executor.py
[2022-09-25T14:30:06.441+0000] {logging_mixin.py:115} INFO - [2022-09-25T14:30:06.441+0000] {dag.py:2429} INFO - Sync 1 DAGs
[2022-09-25T14:30:06.480+0000] {logging_mixin.py:115} INFO - [2022-09-25T14:30:06.480+0000] {dag.py:2981} INFO - Setting next_dagrun for example_local_kubernetes_executor to None, run_after=None
[2022-09-25T14:30:06.507+0000] {processor.py:161} INFO - Processing /home/airflow/.local/lib/python3.7/site-packages/airflow/example_dags/example_local_kubernetes_executor.py took 0.155 seconds
[2022-09-25T14:30:36.940+0000] {processor.py:153} INFO - Started process (PID=3708) to work on /home/airflow/.local/lib/python3.7/site-packages/airflow/example_dags/example_local_kubernetes_executor.py
[2022-09-25T14:30:36.948+0000] {processor.py:640} INFO - Processing file /home/airflow/.local/lib/python3.7/site-packages/airflow/example_dags/example_local_kubernetes_executor.py for tasks to queue
[2022-09-25T14:30:36.950+0000] {logging_mixin.py:115} INFO - [2022-09-25T14:30:36.950+0000] {dagbag.py:508} INFO - Filling up the DagBag from /home/airflow/.local/lib/python3.7/site-packages/airflow/example_dags/example_local_kubernetes_executor.py
[2022-09-25T14:30:36.982+0000] {processor.py:650} INFO - DAG(s) dict_keys(['example_local_kubernetes_executor']) retrieved from /home/airflow/.local/lib/python3.7/site-packages/airflow/example_dags/example_local_kubernetes_executor.py
[2022-09-25T14:30:37.018+0000] {logging_mixin.py:115} INFO - [2022-09-25T14:30:37.018+0000] {dag.py:2429} INFO - Sync 1 DAGs
[2022-09-25T14:30:37.050+0000] {logging_mixin.py:115} INFO - [2022-09-25T14:30:37.050+0000] {dag.py:2981} INFO - Setting next_dagrun for example_local_kubernetes_executor to None, run_after=None
[2022-09-25T14:30:37.073+0000] {processor.py:161} INFO - Processing /home/airflow/.local/lib/python3.7/site-packages/airflow/example_dags/example_local_kubernetes_executor.py took 0.140 seconds
[2022-09-25T14:31:07.297+0000] {processor.py:153} INFO - Started process (PID=3913) to work on /home/airflow/.local/lib/python3.7/site-packages/airflow/example_dags/example_local_kubernetes_executor.py
[2022-09-25T14:31:07.299+0000] {processor.py:640} INFO - Processing file /home/airflow/.local/lib/python3.7/site-packages/airflow/example_dags/example_local_kubernetes_executor.py for tasks to queue
[2022-09-25T14:31:07.301+0000] {logging_mixin.py:115} INFO - [2022-09-25T14:31:07.300+0000] {dagbag.py:508} INFO - Filling up the DagBag from /home/airflow/.local/lib/python3.7/site-packages/airflow/example_dags/example_local_kubernetes_executor.py
[2022-09-25T14:31:07.339+0000] {processor.py:650} INFO - DAG(s) dict_keys(['example_local_kubernetes_executor']) retrieved from /home/airflow/.local/lib/python3.7/site-packages/airflow/example_dags/example_local_kubernetes_executor.py
[2022-09-25T14:31:07.379+0000] {logging_mixin.py:115} INFO - [2022-09-25T14:31:07.378+0000] {dag.py:2429} INFO - Sync 1 DAGs
[2022-09-25T14:31:07.413+0000] {logging_mixin.py:115} INFO - [2022-09-25T14:31:07.413+0000] {dag.py:2981} INFO - Setting next_dagrun for example_local_kubernetes_executor to None, run_after=None
[2022-09-25T14:31:07.438+0000] {processor.py:161} INFO - Processing /home/airflow/.local/lib/python3.7/site-packages/airflow/example_dags/example_local_kubernetes_executor.py took 0.147 seconds
[2022-09-25T14:31:37.537+0000] {processor.py:153} INFO - Started process (PID=4125) to work on /home/airflow/.local/lib/python3.7/site-packages/airflow/example_dags/example_local_kubernetes_executor.py
[2022-09-25T14:31:37.541+0000] {processor.py:640} INFO - Processing file /home/airflow/.local/lib/python3.7/site-packages/airflow/example_dags/example_local_kubernetes_executor.py for tasks to queue
[2022-09-25T14:31:37.545+0000] {logging_mixin.py:115} INFO - [2022-09-25T14:31:37.545+0000] {dagbag.py:508} INFO - Filling up the DagBag from /home/airflow/.local/lib/python3.7/site-packages/airflow/example_dags/example_local_kubernetes_executor.py
[2022-09-25T14:31:37.608+0000] {processor.py:650} INFO - DAG(s) dict_keys(['example_local_kubernetes_executor']) retrieved from /home/airflow/.local/lib/python3.7/site-packages/airflow/example_dags/example_local_kubernetes_executor.py
[2022-09-25T14:31:37.666+0000] {logging_mixin.py:115} INFO - [2022-09-25T14:31:37.665+0000] {dag.py:2429} INFO - Sync 1 DAGs
[2022-09-25T14:31:37.730+0000] {logging_mixin.py:115} INFO - [2022-09-25T14:31:37.730+0000] {dag.py:2981} INFO - Setting next_dagrun for example_local_kubernetes_executor to None, run_after=None
[2022-09-25T14:31:37.778+0000] {processor.py:161} INFO - Processing /home/airflow/.local/lib/python3.7/site-packages/airflow/example_dags/example_local_kubernetes_executor.py took 0.257 seconds
[2022-09-25T14:32:07.967+0000] {processor.py:153} INFO - Started process (PID=4332) to work on /home/airflow/.local/lib/python3.7/site-packages/airflow/example_dags/example_local_kubernetes_executor.py
[2022-09-25T14:32:07.969+0000] {processor.py:640} INFO - Processing file /home/airflow/.local/lib/python3.7/site-packages/airflow/example_dags/example_local_kubernetes_executor.py for tasks to queue
[2022-09-25T14:32:07.971+0000] {logging_mixin.py:115} INFO - [2022-09-25T14:32:07.970+0000] {dagbag.py:508} INFO - Filling up the DagBag from /home/airflow/.local/lib/python3.7/site-packages/airflow/example_dags/example_local_kubernetes_executor.py
[2022-09-25T14:32:08.008+0000] {processor.py:650} INFO - DAG(s) dict_keys(['example_local_kubernetes_executor']) retrieved from /home/airflow/.local/lib/python3.7/site-packages/airflow/example_dags/example_local_kubernetes_executor.py
[2022-09-25T14:32:08.054+0000] {logging_mixin.py:115} INFO - [2022-09-25T14:32:08.054+0000] {dag.py:2429} INFO - Sync 1 DAGs
[2022-09-25T14:32:08.091+0000] {logging_mixin.py:115} INFO - [2022-09-25T14:32:08.091+0000] {dag.py:2981} INFO - Setting next_dagrun for example_local_kubernetes_executor to None, run_after=None
[2022-09-25T14:32:08.113+0000] {processor.py:161} INFO - Processing /home/airflow/.local/lib/python3.7/site-packages/airflow/example_dags/example_local_kubernetes_executor.py took 0.153 seconds
[2022-09-25T14:32:38.964+0000] {processor.py:153} INFO - Started process (PID=4541) to work on /home/airflow/.local/lib/python3.7/site-packages/airflow/example_dags/example_local_kubernetes_executor.py
[2022-09-25T14:32:38.967+0000] {processor.py:640} INFO - Processing file /home/airflow/.local/lib/python3.7/site-packages/airflow/example_dags/example_local_kubernetes_executor.py for tasks to queue
[2022-09-25T14:32:38.969+0000] {logging_mixin.py:115} INFO - [2022-09-25T14:32:38.969+0000] {dagbag.py:508} INFO - Filling up the DagBag from /home/airflow/.local/lib/python3.7/site-packages/airflow/example_dags/example_local_kubernetes_executor.py
[2022-09-25T14:32:39.014+0000] {processor.py:650} INFO - DAG(s) dict_keys(['example_local_kubernetes_executor']) retrieved from /home/airflow/.local/lib/python3.7/site-packages/airflow/example_dags/example_local_kubernetes_executor.py
[2022-09-25T14:32:39.065+0000] {logging_mixin.py:115} INFO - [2022-09-25T14:32:39.065+0000] {dag.py:2429} INFO - Sync 1 DAGs
[2022-09-25T14:32:39.107+0000] {logging_mixin.py:115} INFO - [2022-09-25T14:32:39.107+0000] {dag.py:2981} INFO - Setting next_dagrun for example_local_kubernetes_executor to None, run_after=None
[2022-09-25T14:32:39.135+0000] {processor.py:161} INFO - Processing /home/airflow/.local/lib/python3.7/site-packages/airflow/example_dags/example_local_kubernetes_executor.py took 0.180 seconds
[2022-09-25T14:33:09.758+0000] {processor.py:153} INFO - Started process (PID=4751) to work on /home/airflow/.local/lib/python3.7/site-packages/airflow/example_dags/example_local_kubernetes_executor.py
[2022-09-25T14:33:09.761+0000] {processor.py:640} INFO - Processing file /home/airflow/.local/lib/python3.7/site-packages/airflow/example_dags/example_local_kubernetes_executor.py for tasks to queue
[2022-09-25T14:33:09.764+0000] {logging_mixin.py:115} INFO - [2022-09-25T14:33:09.763+0000] {dagbag.py:508} INFO - Filling up the DagBag from /home/airflow/.local/lib/python3.7/site-packages/airflow/example_dags/example_local_kubernetes_executor.py
[2022-09-25T14:33:09.808+0000] {processor.py:650} INFO - DAG(s) dict_keys(['example_local_kubernetes_executor']) retrieved from /home/airflow/.local/lib/python3.7/site-packages/airflow/example_dags/example_local_kubernetes_executor.py
[2022-09-25T14:33:09.853+0000] {logging_mixin.py:115} INFO - [2022-09-25T14:33:09.852+0000] {dag.py:2429} INFO - Sync 1 DAGs
[2022-09-25T14:33:09.897+0000] {logging_mixin.py:115} INFO - [2022-09-25T14:33:09.897+0000] {dag.py:2981} INFO - Setting next_dagrun for example_local_kubernetes_executor to None, run_after=None
[2022-09-25T14:33:09.926+0000] {processor.py:161} INFO - Processing /home/airflow/.local/lib/python3.7/site-packages/airflow/example_dags/example_local_kubernetes_executor.py took 0.173 seconds
[2022-09-25T14:33:41.436+0000] {processor.py:153} INFO - Started process (PID=4957) to work on /home/airflow/.local/lib/python3.7/site-packages/airflow/example_dags/example_local_kubernetes_executor.py
[2022-09-25T14:33:41.439+0000] {processor.py:640} INFO - Processing file /home/airflow/.local/lib/python3.7/site-packages/airflow/example_dags/example_local_kubernetes_executor.py for tasks to queue
[2022-09-25T14:33:41.441+0000] {logging_mixin.py:115} INFO - [2022-09-25T14:33:41.440+0000] {dagbag.py:508} INFO - Filling up the DagBag from /home/airflow/.local/lib/python3.7/site-packages/airflow/example_dags/example_local_kubernetes_executor.py
[2022-09-25T14:33:41.490+0000] {processor.py:650} INFO - DAG(s) dict_keys(['example_local_kubernetes_executor']) retrieved from /home/airflow/.local/lib/python3.7/site-packages/airflow/example_dags/example_local_kubernetes_executor.py
[2022-09-25T14:33:41.553+0000] {logging_mixin.py:115} INFO - [2022-09-25T14:33:41.553+0000] {dag.py:2429} INFO - Sync 1 DAGs
[2022-09-25T14:33:41.597+0000] {logging_mixin.py:115} INFO - [2022-09-25T14:33:41.597+0000] {dag.py:2981} INFO - Setting next_dagrun for example_local_kubernetes_executor to None, run_after=None
[2022-09-25T14:33:41.626+0000] {processor.py:161} INFO - Processing /home/airflow/.local/lib/python3.7/site-packages/airflow/example_dags/example_local_kubernetes_executor.py took 0.198 seconds
[2022-09-25T14:34:11.902+0000] {processor.py:153} INFO - Started process (PID=5171) to work on /home/airflow/.local/lib/python3.7/site-packages/airflow/example_dags/example_local_kubernetes_executor.py
[2022-09-25T14:34:11.904+0000] {processor.py:640} INFO - Processing file /home/airflow/.local/lib/python3.7/site-packages/airflow/example_dags/example_local_kubernetes_executor.py for tasks to queue
[2022-09-25T14:34:11.910+0000] {logging_mixin.py:115} INFO - [2022-09-25T14:34:11.909+0000] {dagbag.py:508} INFO - Filling up the DagBag from /home/airflow/.local/lib/python3.7/site-packages/airflow/example_dags/example_local_kubernetes_executor.py
[2022-09-25T14:34:11.958+0000] {processor.py:650} INFO - DAG(s) dict_keys(['example_local_kubernetes_executor']) retrieved from /home/airflow/.local/lib/python3.7/site-packages/airflow/example_dags/example_local_kubernetes_executor.py
[2022-09-25T14:34:12.002+0000] {logging_mixin.py:115} INFO - [2022-09-25T14:34:12.002+0000] {dag.py:2429} INFO - Sync 1 DAGs
[2022-09-25T14:34:12.046+0000] {logging_mixin.py:115} INFO - [2022-09-25T14:34:12.045+0000] {dag.py:2981} INFO - Setting next_dagrun for example_local_kubernetes_executor to None, run_after=None
[2022-09-25T14:34:12.071+0000] {processor.py:161} INFO - Processing /home/airflow/.local/lib/python3.7/site-packages/airflow/example_dags/example_local_kubernetes_executor.py took 0.175 seconds
[2022-09-25T14:34:43.773+0000] {processor.py:153} INFO - Started process (PID=5379) to work on /home/airflow/.local/lib/python3.7/site-packages/airflow/example_dags/example_local_kubernetes_executor.py
[2022-09-25T14:34:43.775+0000] {processor.py:640} INFO - Processing file /home/airflow/.local/lib/python3.7/site-packages/airflow/example_dags/example_local_kubernetes_executor.py for tasks to queue
[2022-09-25T14:34:43.778+0000] {logging_mixin.py:115} INFO - [2022-09-25T14:34:43.777+0000] {dagbag.py:508} INFO - Filling up the DagBag from /home/airflow/.local/lib/python3.7/site-packages/airflow/example_dags/example_local_kubernetes_executor.py
[2022-09-25T14:34:43.811+0000] {processor.py:650} INFO - DAG(s) dict_keys(['example_local_kubernetes_executor']) retrieved from /home/airflow/.local/lib/python3.7/site-packages/airflow/example_dags/example_local_kubernetes_executor.py
[2022-09-25T14:34:43.849+0000] {logging_mixin.py:115} INFO - [2022-09-25T14:34:43.849+0000] {dag.py:2429} INFO - Sync 1 DAGs
[2022-09-25T14:34:43.883+0000] {logging_mixin.py:115} INFO - [2022-09-25T14:34:43.883+0000] {dag.py:2981} INFO - Setting next_dagrun for example_local_kubernetes_executor to None, run_after=None
[2022-09-25T14:34:43.905+0000] {processor.py:161} INFO - Processing /home/airflow/.local/lib/python3.7/site-packages/airflow/example_dags/example_local_kubernetes_executor.py took 0.138 seconds
[2022-09-25T14:35:14.296+0000] {processor.py:153} INFO - Started process (PID=5592) to work on /home/airflow/.local/lib/python3.7/site-packages/airflow/example_dags/example_local_kubernetes_executor.py
[2022-09-25T14:35:14.299+0000] {processor.py:640} INFO - Processing file /home/airflow/.local/lib/python3.7/site-packages/airflow/example_dags/example_local_kubernetes_executor.py for tasks to queue
[2022-09-25T14:35:14.301+0000] {logging_mixin.py:115} INFO - [2022-09-25T14:35:14.301+0000] {dagbag.py:508} INFO - Filling up the DagBag from /home/airflow/.local/lib/python3.7/site-packages/airflow/example_dags/example_local_kubernetes_executor.py
[2022-09-25T14:35:14.335+0000] {processor.py:650} INFO - DAG(s) dict_keys(['example_local_kubernetes_executor']) retrieved from /home/airflow/.local/lib/python3.7/site-packages/airflow/example_dags/example_local_kubernetes_executor.py
[2022-09-25T14:35:14.374+0000] {logging_mixin.py:115} INFO - [2022-09-25T14:35:14.374+0000] {dag.py:2429} INFO - Sync 1 DAGs
[2022-09-25T14:35:14.410+0000] {logging_mixin.py:115} INFO - [2022-09-25T14:35:14.409+0000] {dag.py:2981} INFO - Setting next_dagrun for example_local_kubernetes_executor to None, run_after=None
[2022-09-25T14:35:14.429+0000] {processor.py:161} INFO - Processing /home/airflow/.local/lib/python3.7/site-packages/airflow/example_dags/example_local_kubernetes_executor.py took 0.138 seconds
[2022-09-25T14:35:44.833+0000] {processor.py:153} INFO - Started process (PID=5804) to work on /home/airflow/.local/lib/python3.7/site-packages/airflow/example_dags/example_local_kubernetes_executor.py
[2022-09-25T14:35:44.837+0000] {processor.py:640} INFO - Processing file /home/airflow/.local/lib/python3.7/site-packages/airflow/example_dags/example_local_kubernetes_executor.py for tasks to queue
[2022-09-25T14:35:44.840+0000] {logging_mixin.py:115} INFO - [2022-09-25T14:35:44.839+0000] {dagbag.py:508} INFO - Filling up the DagBag from /home/airflow/.local/lib/python3.7/site-packages/airflow/example_dags/example_local_kubernetes_executor.py
[2022-09-25T14:35:44.886+0000] {processor.py:650} INFO - DAG(s) dict_keys(['example_local_kubernetes_executor']) retrieved from /home/airflow/.local/lib/python3.7/site-packages/airflow/example_dags/example_local_kubernetes_executor.py
[2022-09-25T14:35:44.938+0000] {logging_mixin.py:115} INFO - [2022-09-25T14:35:44.938+0000] {dag.py:2429} INFO - Sync 1 DAGs
[2022-09-25T14:35:44.992+0000] {logging_mixin.py:115} INFO - [2022-09-25T14:35:44.991+0000] {dag.py:2981} INFO - Setting next_dagrun for example_local_kubernetes_executor to None, run_after=None
[2022-09-25T14:35:45.016+0000] {processor.py:161} INFO - Processing /home/airflow/.local/lib/python3.7/site-packages/airflow/example_dags/example_local_kubernetes_executor.py took 0.193 seconds
[2022-09-25T14:36:15.287+0000] {processor.py:153} INFO - Started process (PID=6012) to work on /home/airflow/.local/lib/python3.7/site-packages/airflow/example_dags/example_local_kubernetes_executor.py
[2022-09-25T14:36:15.289+0000] {processor.py:640} INFO - Processing file /home/airflow/.local/lib/python3.7/site-packages/airflow/example_dags/example_local_kubernetes_executor.py for tasks to queue
[2022-09-25T14:36:15.291+0000] {logging_mixin.py:115} INFO - [2022-09-25T14:36:15.291+0000] {dagbag.py:508} INFO - Filling up the DagBag from /home/airflow/.local/lib/python3.7/site-packages/airflow/example_dags/example_local_kubernetes_executor.py
[2022-09-25T14:36:15.325+0000] {processor.py:650} INFO - DAG(s) dict_keys(['example_local_kubernetes_executor']) retrieved from /home/airflow/.local/lib/python3.7/site-packages/airflow/example_dags/example_local_kubernetes_executor.py
[2022-09-25T14:36:15.364+0000] {logging_mixin.py:115} INFO - [2022-09-25T14:36:15.364+0000] {dag.py:2429} INFO - Sync 1 DAGs
[2022-09-25T14:36:15.400+0000] {logging_mixin.py:115} INFO - [2022-09-25T14:36:15.399+0000] {dag.py:2981} INFO - Setting next_dagrun for example_local_kubernetes_executor to None, run_after=None
[2022-09-25T14:36:15.419+0000] {processor.py:161} INFO - Processing /home/airflow/.local/lib/python3.7/site-packages/airflow/example_dags/example_local_kubernetes_executor.py took 0.137 seconds
[2022-09-25T14:36:47.118+0000] {processor.py:153} INFO - Started process (PID=6225) to work on /home/airflow/.local/lib/python3.7/site-packages/airflow/example_dags/example_local_kubernetes_executor.py
[2022-09-25T14:36:47.122+0000] {processor.py:640} INFO - Processing file /home/airflow/.local/lib/python3.7/site-packages/airflow/example_dags/example_local_kubernetes_executor.py for tasks to queue
[2022-09-25T14:36:47.124+0000] {logging_mixin.py:115} INFO - [2022-09-25T14:36:47.124+0000] {dagbag.py:508} INFO - Filling up the DagBag from /home/airflow/.local/lib/python3.7/site-packages/airflow/example_dags/example_local_kubernetes_executor.py
[2022-09-25T14:36:47.160+0000] {processor.py:650} INFO - DAG(s) dict_keys(['example_local_kubernetes_executor']) retrieved from /home/airflow/.local/lib/python3.7/site-packages/airflow/example_dags/example_local_kubernetes_executor.py
[2022-09-25T14:36:47.217+0000] {logging_mixin.py:115} INFO - [2022-09-25T14:36:47.217+0000] {dag.py:2429} INFO - Sync 1 DAGs
[2022-09-25T14:36:47.257+0000] {logging_mixin.py:115} INFO - [2022-09-25T14:36:47.256+0000] {dag.py:2981} INFO - Setting next_dagrun for example_local_kubernetes_executor to None, run_after=None
[2022-09-25T14:36:47.279+0000] {processor.py:161} INFO - Processing /home/airflow/.local/lib/python3.7/site-packages/airflow/example_dags/example_local_kubernetes_executor.py took 0.168 seconds
[2022-09-25T14:37:18.155+0000] {processor.py:153} INFO - Started process (PID=6432) to work on /home/airflow/.local/lib/python3.7/site-packages/airflow/example_dags/example_local_kubernetes_executor.py
[2022-09-25T14:37:18.157+0000] {processor.py:640} INFO - Processing file /home/airflow/.local/lib/python3.7/site-packages/airflow/example_dags/example_local_kubernetes_executor.py for tasks to queue
[2022-09-25T14:37:18.160+0000] {logging_mixin.py:115} INFO - [2022-09-25T14:37:18.160+0000] {dagbag.py:508} INFO - Filling up the DagBag from /home/airflow/.local/lib/python3.7/site-packages/airflow/example_dags/example_local_kubernetes_executor.py
[2022-09-25T14:37:18.189+0000] {processor.py:650} INFO - DAG(s) dict_keys(['example_local_kubernetes_executor']) retrieved from /home/airflow/.local/lib/python3.7/site-packages/airflow/example_dags/example_local_kubernetes_executor.py
[2022-09-25T14:37:18.232+0000] {logging_mixin.py:115} INFO - [2022-09-25T14:37:18.232+0000] {dag.py:2429} INFO - Sync 1 DAGs
[2022-09-25T14:37:18.270+0000] {logging_mixin.py:115} INFO - [2022-09-25T14:37:18.269+0000] {dag.py:2981} INFO - Setting next_dagrun for example_local_kubernetes_executor to None, run_after=None
[2022-09-25T14:37:18.295+0000] {processor.py:161} INFO - Processing /home/airflow/.local/lib/python3.7/site-packages/airflow/example_dags/example_local_kubernetes_executor.py took 0.146 seconds
[2022-09-25T14:37:48.642+0000] {processor.py:153} INFO - Started process (PID=6644) to work on /home/airflow/.local/lib/python3.7/site-packages/airflow/example_dags/example_local_kubernetes_executor.py
[2022-09-25T14:37:48.648+0000] {processor.py:640} INFO - Processing file /home/airflow/.local/lib/python3.7/site-packages/airflow/example_dags/example_local_kubernetes_executor.py for tasks to queue
[2022-09-25T14:37:48.651+0000] {logging_mixin.py:115} INFO - [2022-09-25T14:37:48.650+0000] {dagbag.py:508} INFO - Filling up the DagBag from /home/airflow/.local/lib/python3.7/site-packages/airflow/example_dags/example_local_kubernetes_executor.py
[2022-09-25T14:37:48.682+0000] {processor.py:650} INFO - DAG(s) dict_keys(['example_local_kubernetes_executor']) retrieved from /home/airflow/.local/lib/python3.7/site-packages/airflow/example_dags/example_local_kubernetes_executor.py
[2022-09-25T14:37:48.728+0000] {logging_mixin.py:115} INFO - [2022-09-25T14:37:48.728+0000] {dag.py:2429} INFO - Sync 1 DAGs
[2022-09-25T14:37:48.766+0000] {logging_mixin.py:115} INFO - [2022-09-25T14:37:48.766+0000] {dag.py:2981} INFO - Setting next_dagrun for example_local_kubernetes_executor to None, run_after=None
[2022-09-25T14:37:48.792+0000] {processor.py:161} INFO - Processing /home/airflow/.local/lib/python3.7/site-packages/airflow/example_dags/example_local_kubernetes_executor.py took 0.155 seconds
[2022-09-25T14:38:19.812+0000] {processor.py:153} INFO - Started process (PID=6848) to work on /home/airflow/.local/lib/python3.7/site-packages/airflow/example_dags/example_local_kubernetes_executor.py
[2022-09-25T14:38:19.814+0000] {processor.py:640} INFO - Processing file /home/airflow/.local/lib/python3.7/site-packages/airflow/example_dags/example_local_kubernetes_executor.py for tasks to queue
[2022-09-25T14:38:19.817+0000] {logging_mixin.py:115} INFO - [2022-09-25T14:38:19.816+0000] {dagbag.py:508} INFO - Filling up the DagBag from /home/airflow/.local/lib/python3.7/site-packages/airflow/example_dags/example_local_kubernetes_executor.py
[2022-09-25T14:38:19.849+0000] {processor.py:650} INFO - DAG(s) dict_keys(['example_local_kubernetes_executor']) retrieved from /home/airflow/.local/lib/python3.7/site-packages/airflow/example_dags/example_local_kubernetes_executor.py
[2022-09-25T14:38:19.897+0000] {logging_mixin.py:115} INFO - [2022-09-25T14:38:19.897+0000] {dag.py:2429} INFO - Sync 1 DAGs
[2022-09-25T14:38:19.937+0000] {logging_mixin.py:115} INFO - [2022-09-25T14:38:19.937+0000] {dag.py:2981} INFO - Setting next_dagrun for example_local_kubernetes_executor to None, run_after=None
[2022-09-25T14:38:19.964+0000] {processor.py:161} INFO - Processing /home/airflow/.local/lib/python3.7/site-packages/airflow/example_dags/example_local_kubernetes_executor.py took 0.159 seconds
[2022-09-25T14:38:52.505+0000] {processor.py:153} INFO - Started process (PID=7062) to work on /home/airflow/.local/lib/python3.7/site-packages/airflow/example_dags/example_local_kubernetes_executor.py
[2022-09-25T14:38:52.508+0000] {processor.py:640} INFO - Processing file /home/airflow/.local/lib/python3.7/site-packages/airflow/example_dags/example_local_kubernetes_executor.py for tasks to queue
[2022-09-25T14:38:52.511+0000] {logging_mixin.py:115} INFO - [2022-09-25T14:38:52.511+0000] {dagbag.py:508} INFO - Filling up the DagBag from /home/airflow/.local/lib/python3.7/site-packages/airflow/example_dags/example_local_kubernetes_executor.py
[2022-09-25T14:38:52.545+0000] {processor.py:650} INFO - DAG(s) dict_keys(['example_local_kubernetes_executor']) retrieved from /home/airflow/.local/lib/python3.7/site-packages/airflow/example_dags/example_local_kubernetes_executor.py
[2022-09-25T14:38:52.598+0000] {logging_mixin.py:115} INFO - [2022-09-25T14:38:52.598+0000] {dag.py:2429} INFO - Sync 1 DAGs
[2022-09-25T14:38:52.638+0000] {logging_mixin.py:115} INFO - [2022-09-25T14:38:52.638+0000] {dag.py:2981} INFO - Setting next_dagrun for example_local_kubernetes_executor to None, run_after=None
[2022-09-25T14:38:52.661+0000] {processor.py:161} INFO - Processing /home/airflow/.local/lib/python3.7/site-packages/airflow/example_dags/example_local_kubernetes_executor.py took 0.161 seconds
[2022-09-25T14:39:23.661+0000] {processor.py:153} INFO - Started process (PID=7268) to work on /home/airflow/.local/lib/python3.7/site-packages/airflow/example_dags/example_local_kubernetes_executor.py
[2022-09-25T14:39:23.664+0000] {processor.py:640} INFO - Processing file /home/airflow/.local/lib/python3.7/site-packages/airflow/example_dags/example_local_kubernetes_executor.py for tasks to queue
[2022-09-25T14:39:23.666+0000] {logging_mixin.py:115} INFO - [2022-09-25T14:39:23.666+0000] {dagbag.py:508} INFO - Filling up the DagBag from /home/airflow/.local/lib/python3.7/site-packages/airflow/example_dags/example_local_kubernetes_executor.py
[2022-09-25T14:39:23.702+0000] {processor.py:650} INFO - DAG(s) dict_keys(['example_local_kubernetes_executor']) retrieved from /home/airflow/.local/lib/python3.7/site-packages/airflow/example_dags/example_local_kubernetes_executor.py
[2022-09-25T14:39:23.753+0000] {logging_mixin.py:115} INFO - [2022-09-25T14:39:23.752+0000] {dag.py:2429} INFO - Sync 1 DAGs
[2022-09-25T14:39:23.790+0000] {logging_mixin.py:115} INFO - [2022-09-25T14:39:23.790+0000] {dag.py:2981} INFO - Setting next_dagrun for example_local_kubernetes_executor to None, run_after=None
[2022-09-25T14:39:23.812+0000] {processor.py:161} INFO - Processing /home/airflow/.local/lib/python3.7/site-packages/airflow/example_dags/example_local_kubernetes_executor.py took 0.157 seconds
[2022-09-25T14:39:54.607+0000] {processor.py:153} INFO - Started process (PID=7482) to work on /home/airflow/.local/lib/python3.7/site-packages/airflow/example_dags/example_local_kubernetes_executor.py
[2022-09-25T14:39:54.613+0000] {processor.py:640} INFO - Processing file /home/airflow/.local/lib/python3.7/site-packages/airflow/example_dags/example_local_kubernetes_executor.py for tasks to queue
[2022-09-25T14:39:54.616+0000] {logging_mixin.py:115} INFO - [2022-09-25T14:39:54.616+0000] {dagbag.py:508} INFO - Filling up the DagBag from /home/airflow/.local/lib/python3.7/site-packages/airflow/example_dags/example_local_kubernetes_executor.py
[2022-09-25T14:39:54.672+0000] {processor.py:650} INFO - DAG(s) dict_keys(['example_local_kubernetes_executor']) retrieved from /home/airflow/.local/lib/python3.7/site-packages/airflow/example_dags/example_local_kubernetes_executor.py
[2022-09-25T14:39:54.741+0000] {logging_mixin.py:115} INFO - [2022-09-25T14:39:54.741+0000] {dag.py:2429} INFO - Sync 1 DAGs
[2022-09-25T14:39:54.797+0000] {logging_mixin.py:115} INFO - [2022-09-25T14:39:54.797+0000] {dag.py:2981} INFO - Setting next_dagrun for example_local_kubernetes_executor to None, run_after=None
[2022-09-25T14:39:54.836+0000] {processor.py:161} INFO - Processing /home/airflow/.local/lib/python3.7/site-packages/airflow/example_dags/example_local_kubernetes_executor.py took 0.235 seconds
[2022-09-25T14:40:25.223+0000] {processor.py:153} INFO - Started process (PID=7687) to work on /home/airflow/.local/lib/python3.7/site-packages/airflow/example_dags/example_local_kubernetes_executor.py
[2022-09-25T14:40:25.227+0000] {processor.py:640} INFO - Processing file /home/airflow/.local/lib/python3.7/site-packages/airflow/example_dags/example_local_kubernetes_executor.py for tasks to queue
[2022-09-25T14:40:25.229+0000] {logging_mixin.py:115} INFO - [2022-09-25T14:40:25.228+0000] {dagbag.py:508} INFO - Filling up the DagBag from /home/airflow/.local/lib/python3.7/site-packages/airflow/example_dags/example_local_kubernetes_executor.py
[2022-09-25T14:40:25.256+0000] {processor.py:650} INFO - DAG(s) dict_keys(['example_local_kubernetes_executor']) retrieved from /home/airflow/.local/lib/python3.7/site-packages/airflow/example_dags/example_local_kubernetes_executor.py
[2022-09-25T14:40:25.299+0000] {logging_mixin.py:115} INFO - [2022-09-25T14:40:25.298+0000] {dag.py:2429} INFO - Sync 1 DAGs
[2022-09-25T14:40:25.334+0000] {logging_mixin.py:115} INFO - [2022-09-25T14:40:25.334+0000] {dag.py:2981} INFO - Setting next_dagrun for example_local_kubernetes_executor to None, run_after=None
[2022-09-25T14:40:25.354+0000] {processor.py:161} INFO - Processing /home/airflow/.local/lib/python3.7/site-packages/airflow/example_dags/example_local_kubernetes_executor.py took 0.137 seconds
[2022-09-25T14:40:56.515+0000] {processor.py:153} INFO - Started process (PID=7901) to work on /home/airflow/.local/lib/python3.7/site-packages/airflow/example_dags/example_local_kubernetes_executor.py
[2022-09-25T14:40:56.520+0000] {processor.py:640} INFO - Processing file /home/airflow/.local/lib/python3.7/site-packages/airflow/example_dags/example_local_kubernetes_executor.py for tasks to queue
[2022-09-25T14:40:56.523+0000] {logging_mixin.py:115} INFO - [2022-09-25T14:40:56.522+0000] {dagbag.py:508} INFO - Filling up the DagBag from /home/airflow/.local/lib/python3.7/site-packages/airflow/example_dags/example_local_kubernetes_executor.py
[2022-09-25T14:40:56.559+0000] {processor.py:650} INFO - DAG(s) dict_keys(['example_local_kubernetes_executor']) retrieved from /home/airflow/.local/lib/python3.7/site-packages/airflow/example_dags/example_local_kubernetes_executor.py
[2022-09-25T14:40:56.604+0000] {logging_mixin.py:115} INFO - [2022-09-25T14:40:56.603+0000] {dag.py:2429} INFO - Sync 1 DAGs
[2022-09-25T14:40:56.649+0000] {logging_mixin.py:115} INFO - [2022-09-25T14:40:56.649+0000] {dag.py:2981} INFO - Setting next_dagrun for example_local_kubernetes_executor to None, run_after=None
[2022-09-25T14:40:56.672+0000] {processor.py:161} INFO - Processing /home/airflow/.local/lib/python3.7/site-packages/airflow/example_dags/example_local_kubernetes_executor.py took 0.164 seconds
[2022-09-25T14:41:27.056+0000] {processor.py:153} INFO - Started process (PID=8106) to work on /home/airflow/.local/lib/python3.7/site-packages/airflow/example_dags/example_local_kubernetes_executor.py
[2022-09-25T14:41:27.059+0000] {processor.py:640} INFO - Processing file /home/airflow/.local/lib/python3.7/site-packages/airflow/example_dags/example_local_kubernetes_executor.py for tasks to queue
[2022-09-25T14:41:27.060+0000] {logging_mixin.py:115} INFO - [2022-09-25T14:41:27.060+0000] {dagbag.py:508} INFO - Filling up the DagBag from /home/airflow/.local/lib/python3.7/site-packages/airflow/example_dags/example_local_kubernetes_executor.py
[2022-09-25T14:41:27.086+0000] {processor.py:650} INFO - DAG(s) dict_keys(['example_local_kubernetes_executor']) retrieved from /home/airflow/.local/lib/python3.7/site-packages/airflow/example_dags/example_local_kubernetes_executor.py
[2022-09-25T14:41:27.125+0000] {logging_mixin.py:115} INFO - [2022-09-25T14:41:27.125+0000] {dag.py:2429} INFO - Sync 1 DAGs
[2022-09-25T14:41:27.161+0000] {logging_mixin.py:115} INFO - [2022-09-25T14:41:27.160+0000] {dag.py:2981} INFO - Setting next_dagrun for example_local_kubernetes_executor to None, run_after=None
[2022-09-25T14:41:27.180+0000] {processor.py:161} INFO - Processing /home/airflow/.local/lib/python3.7/site-packages/airflow/example_dags/example_local_kubernetes_executor.py took 0.129 seconds
[2022-09-25T14:41:58.171+0000] {processor.py:153} INFO - Started process (PID=8320) to work on /home/airflow/.local/lib/python3.7/site-packages/airflow/example_dags/example_local_kubernetes_executor.py
[2022-09-25T14:41:58.175+0000] {processor.py:640} INFO - Processing file /home/airflow/.local/lib/python3.7/site-packages/airflow/example_dags/example_local_kubernetes_executor.py for tasks to queue
[2022-09-25T14:41:58.178+0000] {logging_mixin.py:115} INFO - [2022-09-25T14:41:58.178+0000] {dagbag.py:508} INFO - Filling up the DagBag from /home/airflow/.local/lib/python3.7/site-packages/airflow/example_dags/example_local_kubernetes_executor.py
[2022-09-25T14:41:58.212+0000] {processor.py:650} INFO - DAG(s) dict_keys(['example_local_kubernetes_executor']) retrieved from /home/airflow/.local/lib/python3.7/site-packages/airflow/example_dags/example_local_kubernetes_executor.py
[2022-09-25T14:41:58.271+0000] {logging_mixin.py:115} INFO - [2022-09-25T14:41:58.271+0000] {dag.py:2429} INFO - Sync 1 DAGs
[2022-09-25T14:41:58.333+0000] {logging_mixin.py:115} INFO - [2022-09-25T14:41:58.333+0000] {dag.py:2981} INFO - Setting next_dagrun for example_local_kubernetes_executor to None, run_after=None
[2022-09-25T14:41:58.351+0000] {processor.py:161} INFO - Processing /home/airflow/.local/lib/python3.7/site-packages/airflow/example_dags/example_local_kubernetes_executor.py took 0.186 seconds
[2022-09-25T14:42:29.022+0000] {processor.py:153} INFO - Started process (PID=8525) to work on /home/airflow/.local/lib/python3.7/site-packages/airflow/example_dags/example_local_kubernetes_executor.py
[2022-09-25T14:42:29.024+0000] {processor.py:640} INFO - Processing file /home/airflow/.local/lib/python3.7/site-packages/airflow/example_dags/example_local_kubernetes_executor.py for tasks to queue
[2022-09-25T14:42:29.026+0000] {logging_mixin.py:115} INFO - [2022-09-25T14:42:29.026+0000] {dagbag.py:508} INFO - Filling up the DagBag from /home/airflow/.local/lib/python3.7/site-packages/airflow/example_dags/example_local_kubernetes_executor.py
[2022-09-25T14:42:29.057+0000] {processor.py:650} INFO - DAG(s) dict_keys(['example_local_kubernetes_executor']) retrieved from /home/airflow/.local/lib/python3.7/site-packages/airflow/example_dags/example_local_kubernetes_executor.py
[2022-09-25T14:42:29.108+0000] {logging_mixin.py:115} INFO - [2022-09-25T14:42:29.108+0000] {dag.py:2429} INFO - Sync 1 DAGs
[2022-09-25T14:42:29.161+0000] {logging_mixin.py:115} INFO - [2022-09-25T14:42:29.160+0000] {dag.py:2981} INFO - Setting next_dagrun for example_local_kubernetes_executor to None, run_after=None
[2022-09-25T14:42:29.189+0000] {processor.py:161} INFO - Processing /home/airflow/.local/lib/python3.7/site-packages/airflow/example_dags/example_local_kubernetes_executor.py took 0.172 seconds
[2022-09-25T14:42:59.762+0000] {processor.py:153} INFO - Started process (PID=8736) to work on /home/airflow/.local/lib/python3.7/site-packages/airflow/example_dags/example_local_kubernetes_executor.py
[2022-09-25T14:42:59.765+0000] {processor.py:640} INFO - Processing file /home/airflow/.local/lib/python3.7/site-packages/airflow/example_dags/example_local_kubernetes_executor.py for tasks to queue
[2022-09-25T14:42:59.766+0000] {logging_mixin.py:115} INFO - [2022-09-25T14:42:59.766+0000] {dagbag.py:508} INFO - Filling up the DagBag from /home/airflow/.local/lib/python3.7/site-packages/airflow/example_dags/example_local_kubernetes_executor.py
[2022-09-25T14:42:59.798+0000] {processor.py:650} INFO - DAG(s) dict_keys(['example_local_kubernetes_executor']) retrieved from /home/airflow/.local/lib/python3.7/site-packages/airflow/example_dags/example_local_kubernetes_executor.py
[2022-09-25T14:42:59.837+0000] {logging_mixin.py:115} INFO - [2022-09-25T14:42:59.837+0000] {dag.py:2429} INFO - Sync 1 DAGs
[2022-09-25T14:42:59.870+0000] {logging_mixin.py:115} INFO - [2022-09-25T14:42:59.869+0000] {dag.py:2981} INFO - Setting next_dagrun for example_local_kubernetes_executor to None, run_after=None
[2022-09-25T14:42:59.888+0000] {processor.py:161} INFO - Processing /home/airflow/.local/lib/python3.7/site-packages/airflow/example_dags/example_local_kubernetes_executor.py took 0.131 seconds
[2022-09-25T14:43:30.291+0000] {processor.py:153} INFO - Started process (PID=8941) to work on /home/airflow/.local/lib/python3.7/site-packages/airflow/example_dags/example_local_kubernetes_executor.py
[2022-09-25T14:43:30.294+0000] {processor.py:640} INFO - Processing file /home/airflow/.local/lib/python3.7/site-packages/airflow/example_dags/example_local_kubernetes_executor.py for tasks to queue
[2022-09-25T14:43:30.296+0000] {logging_mixin.py:115} INFO - [2022-09-25T14:43:30.296+0000] {dagbag.py:508} INFO - Filling up the DagBag from /home/airflow/.local/lib/python3.7/site-packages/airflow/example_dags/example_local_kubernetes_executor.py
[2022-09-25T14:43:30.329+0000] {processor.py:650} INFO - DAG(s) dict_keys(['example_local_kubernetes_executor']) retrieved from /home/airflow/.local/lib/python3.7/site-packages/airflow/example_dags/example_local_kubernetes_executor.py
[2022-09-25T14:43:30.372+0000] {logging_mixin.py:115} INFO - [2022-09-25T14:43:30.371+0000] {dag.py:2429} INFO - Sync 1 DAGs
[2022-09-25T14:43:30.410+0000] {logging_mixin.py:115} INFO - [2022-09-25T14:43:30.410+0000] {dag.py:2981} INFO - Setting next_dagrun for example_local_kubernetes_executor to None, run_after=None
[2022-09-25T14:43:30.441+0000] {processor.py:161} INFO - Processing /home/airflow/.local/lib/python3.7/site-packages/airflow/example_dags/example_local_kubernetes_executor.py took 0.156 seconds
[2022-09-25T14:44:01.582+0000] {processor.py:153} INFO - Started process (PID=9160) to work on /home/airflow/.local/lib/python3.7/site-packages/airflow/example_dags/example_local_kubernetes_executor.py
[2022-09-25T14:44:01.587+0000] {processor.py:640} INFO - Processing file /home/airflow/.local/lib/python3.7/site-packages/airflow/example_dags/example_local_kubernetes_executor.py for tasks to queue
[2022-09-25T14:44:01.589+0000] {logging_mixin.py:115} INFO - [2022-09-25T14:44:01.589+0000] {dagbag.py:508} INFO - Filling up the DagBag from /home/airflow/.local/lib/python3.7/site-packages/airflow/example_dags/example_local_kubernetes_executor.py
[2022-09-25T14:44:01.623+0000] {processor.py:650} INFO - DAG(s) dict_keys(['example_local_kubernetes_executor']) retrieved from /home/airflow/.local/lib/python3.7/site-packages/airflow/example_dags/example_local_kubernetes_executor.py
[2022-09-25T14:44:01.672+0000] {logging_mixin.py:115} INFO - [2022-09-25T14:44:01.671+0000] {dag.py:2429} INFO - Sync 1 DAGs
[2022-09-25T14:44:01.711+0000] {logging_mixin.py:115} INFO - [2022-09-25T14:44:01.710+0000] {dag.py:2981} INFO - Setting next_dagrun for example_local_kubernetes_executor to None, run_after=None
[2022-09-25T14:44:01.758+0000] {processor.py:161} INFO - Processing /home/airflow/.local/lib/python3.7/site-packages/airflow/example_dags/example_local_kubernetes_executor.py took 0.181 seconds
[2022-09-25T14:44:32.859+0000] {processor.py:153} INFO - Started process (PID=9360) to work on /home/airflow/.local/lib/python3.7/site-packages/airflow/example_dags/example_local_kubernetes_executor.py
[2022-09-25T14:44:32.866+0000] {processor.py:640} INFO - Processing file /home/airflow/.local/lib/python3.7/site-packages/airflow/example_dags/example_local_kubernetes_executor.py for tasks to queue
[2022-09-25T14:44:32.877+0000] {logging_mixin.py:115} INFO - [2022-09-25T14:44:32.877+0000] {dagbag.py:508} INFO - Filling up the DagBag from /home/airflow/.local/lib/python3.7/site-packages/airflow/example_dags/example_local_kubernetes_executor.py
[2022-09-25T14:44:32.928+0000] {processor.py:650} INFO - DAG(s) dict_keys(['example_local_kubernetes_executor']) retrieved from /home/airflow/.local/lib/python3.7/site-packages/airflow/example_dags/example_local_kubernetes_executor.py
[2022-09-25T14:44:33.119+0000] {logging_mixin.py:115} INFO - [2022-09-25T14:44:33.119+0000] {dag.py:2429} INFO - Sync 1 DAGs
[2022-09-25T14:44:33.235+0000] {logging_mixin.py:115} INFO - [2022-09-25T14:44:33.235+0000] {dag.py:2981} INFO - Setting next_dagrun for example_local_kubernetes_executor to None, run_after=None
[2022-09-25T14:44:33.272+0000] {processor.py:161} INFO - Processing /home/airflow/.local/lib/python3.7/site-packages/airflow/example_dags/example_local_kubernetes_executor.py took 0.438 seconds
[2022-09-25T14:45:03.462+0000] {processor.py:153} INFO - Started process (PID=9577) to work on /home/airflow/.local/lib/python3.7/site-packages/airflow/example_dags/example_local_kubernetes_executor.py
[2022-09-25T14:45:03.464+0000] {processor.py:640} INFO - Processing file /home/airflow/.local/lib/python3.7/site-packages/airflow/example_dags/example_local_kubernetes_executor.py for tasks to queue
[2022-09-25T14:45:03.467+0000] {logging_mixin.py:115} INFO - [2022-09-25T14:45:03.467+0000] {dagbag.py:508} INFO - Filling up the DagBag from /home/airflow/.local/lib/python3.7/site-packages/airflow/example_dags/example_local_kubernetes_executor.py
[2022-09-25T14:45:03.497+0000] {processor.py:650} INFO - DAG(s) dict_keys(['example_local_kubernetes_executor']) retrieved from /home/airflow/.local/lib/python3.7/site-packages/airflow/example_dags/example_local_kubernetes_executor.py
[2022-09-25T14:45:03.533+0000] {logging_mixin.py:115} INFO - [2022-09-25T14:45:03.533+0000] {dag.py:2429} INFO - Sync 1 DAGs
[2022-09-25T14:45:03.564+0000] {logging_mixin.py:115} INFO - [2022-09-25T14:45:03.564+0000] {dag.py:2981} INFO - Setting next_dagrun for example_local_kubernetes_executor to None, run_after=None
[2022-09-25T14:45:03.586+0000] {processor.py:161} INFO - Processing /home/airflow/.local/lib/python3.7/site-packages/airflow/example_dags/example_local_kubernetes_executor.py took 0.129 seconds
[2022-09-25T14:45:33.874+0000] {processor.py:153} INFO - Started process (PID=9779) to work on /home/airflow/.local/lib/python3.7/site-packages/airflow/example_dags/example_local_kubernetes_executor.py
[2022-09-25T14:45:33.877+0000] {processor.py:640} INFO - Processing file /home/airflow/.local/lib/python3.7/site-packages/airflow/example_dags/example_local_kubernetes_executor.py for tasks to queue
[2022-09-25T14:45:33.879+0000] {logging_mixin.py:115} INFO - [2022-09-25T14:45:33.878+0000] {dagbag.py:508} INFO - Filling up the DagBag from /home/airflow/.local/lib/python3.7/site-packages/airflow/example_dags/example_local_kubernetes_executor.py
[2022-09-25T14:45:33.911+0000] {processor.py:650} INFO - DAG(s) dict_keys(['example_local_kubernetes_executor']) retrieved from /home/airflow/.local/lib/python3.7/site-packages/airflow/example_dags/example_local_kubernetes_executor.py
[2022-09-25T14:45:33.953+0000] {logging_mixin.py:115} INFO - [2022-09-25T14:45:33.953+0000] {dag.py:2429} INFO - Sync 1 DAGs
[2022-09-25T14:45:33.987+0000] {logging_mixin.py:115} INFO - [2022-09-25T14:45:33.987+0000] {dag.py:2981} INFO - Setting next_dagrun for example_local_kubernetes_executor to None, run_after=None
[2022-09-25T14:45:34.010+0000] {processor.py:161} INFO - Processing /home/airflow/.local/lib/python3.7/site-packages/airflow/example_dags/example_local_kubernetes_executor.py took 0.141 seconds
[2022-09-25T14:46:04.392+0000] {processor.py:153} INFO - Started process (PID=9988) to work on /home/airflow/.local/lib/python3.7/site-packages/airflow/example_dags/example_local_kubernetes_executor.py
[2022-09-25T14:46:04.395+0000] {processor.py:640} INFO - Processing file /home/airflow/.local/lib/python3.7/site-packages/airflow/example_dags/example_local_kubernetes_executor.py for tasks to queue
[2022-09-25T14:46:04.397+0000] {logging_mixin.py:115} INFO - [2022-09-25T14:46:04.397+0000] {dagbag.py:508} INFO - Filling up the DagBag from /home/airflow/.local/lib/python3.7/site-packages/airflow/example_dags/example_local_kubernetes_executor.py
[2022-09-25T14:46:04.429+0000] {processor.py:650} INFO - DAG(s) dict_keys(['example_local_kubernetes_executor']) retrieved from /home/airflow/.local/lib/python3.7/site-packages/airflow/example_dags/example_local_kubernetes_executor.py
[2022-09-25T14:46:04.467+0000] {logging_mixin.py:115} INFO - [2022-09-25T14:46:04.467+0000] {dag.py:2429} INFO - Sync 1 DAGs
[2022-09-25T14:46:04.502+0000] {logging_mixin.py:115} INFO - [2022-09-25T14:46:04.501+0000] {dag.py:2981} INFO - Setting next_dagrun for example_local_kubernetes_executor to None, run_after=None
[2022-09-25T14:46:04.524+0000] {processor.py:161} INFO - Processing /home/airflow/.local/lib/python3.7/site-packages/airflow/example_dags/example_local_kubernetes_executor.py took 0.139 seconds
[2022-09-25T14:46:34.798+0000] {processor.py:153} INFO - Started process (PID=10193) to work on /home/airflow/.local/lib/python3.7/site-packages/airflow/example_dags/example_local_kubernetes_executor.py
[2022-09-25T14:46:34.801+0000] {processor.py:640} INFO - Processing file /home/airflow/.local/lib/python3.7/site-packages/airflow/example_dags/example_local_kubernetes_executor.py for tasks to queue
[2022-09-25T14:46:34.803+0000] {logging_mixin.py:115} INFO - [2022-09-25T14:46:34.803+0000] {dagbag.py:508} INFO - Filling up the DagBag from /home/airflow/.local/lib/python3.7/site-packages/airflow/example_dags/example_local_kubernetes_executor.py
[2022-09-25T14:46:34.832+0000] {processor.py:650} INFO - DAG(s) dict_keys(['example_local_kubernetes_executor']) retrieved from /home/airflow/.local/lib/python3.7/site-packages/airflow/example_dags/example_local_kubernetes_executor.py
[2022-09-25T14:46:34.871+0000] {logging_mixin.py:115} INFO - [2022-09-25T14:46:34.871+0000] {dag.py:2429} INFO - Sync 1 DAGs
[2022-09-25T14:46:34.906+0000] {logging_mixin.py:115} INFO - [2022-09-25T14:46:34.906+0000] {dag.py:2981} INFO - Setting next_dagrun for example_local_kubernetes_executor to None, run_after=None
[2022-09-25T14:46:34.926+0000] {processor.py:161} INFO - Processing /home/airflow/.local/lib/python3.7/site-packages/airflow/example_dags/example_local_kubernetes_executor.py took 0.133 seconds
[2022-09-25T14:47:05.584+0000] {processor.py:153} INFO - Started process (PID=10407) to work on /home/airflow/.local/lib/python3.7/site-packages/airflow/example_dags/example_local_kubernetes_executor.py
[2022-09-25T14:47:05.586+0000] {processor.py:640} INFO - Processing file /home/airflow/.local/lib/python3.7/site-packages/airflow/example_dags/example_local_kubernetes_executor.py for tasks to queue
[2022-09-25T14:47:05.588+0000] {logging_mixin.py:115} INFO - [2022-09-25T14:47:05.588+0000] {dagbag.py:508} INFO - Filling up the DagBag from /home/airflow/.local/lib/python3.7/site-packages/airflow/example_dags/example_local_kubernetes_executor.py
[2022-09-25T14:47:05.616+0000] {processor.py:650} INFO - DAG(s) dict_keys(['example_local_kubernetes_executor']) retrieved from /home/airflow/.local/lib/python3.7/site-packages/airflow/example_dags/example_local_kubernetes_executor.py
[2022-09-25T14:47:05.657+0000] {logging_mixin.py:115} INFO - [2022-09-25T14:47:05.657+0000] {dag.py:2429} INFO - Sync 1 DAGs
[2022-09-25T14:47:05.690+0000] {logging_mixin.py:115} INFO - [2022-09-25T14:47:05.689+0000] {dag.py:2981} INFO - Setting next_dagrun for example_local_kubernetes_executor to None, run_after=None
[2022-09-25T14:47:05.707+0000] {processor.py:161} INFO - Processing /home/airflow/.local/lib/python3.7/site-packages/airflow/example_dags/example_local_kubernetes_executor.py took 0.129 seconds
[2022-09-25T14:47:36.670+0000] {processor.py:153} INFO - Started process (PID=10612) to work on /home/airflow/.local/lib/python3.7/site-packages/airflow/example_dags/example_local_kubernetes_executor.py
[2022-09-25T14:47:36.674+0000] {processor.py:640} INFO - Processing file /home/airflow/.local/lib/python3.7/site-packages/airflow/example_dags/example_local_kubernetes_executor.py for tasks to queue
[2022-09-25T14:47:36.687+0000] {logging_mixin.py:115} INFO - [2022-09-25T14:47:36.682+0000] {dagbag.py:508} INFO - Filling up the DagBag from /home/airflow/.local/lib/python3.7/site-packages/airflow/example_dags/example_local_kubernetes_executor.py
[2022-09-25T14:47:36.752+0000] {processor.py:650} INFO - DAG(s) dict_keys(['example_local_kubernetes_executor']) retrieved from /home/airflow/.local/lib/python3.7/site-packages/airflow/example_dags/example_local_kubernetes_executor.py
[2022-09-25T14:47:36.903+0000] {logging_mixin.py:115} INFO - [2022-09-25T14:47:36.903+0000] {dag.py:2429} INFO - Sync 1 DAGs
[2022-09-25T14:47:36.952+0000] {logging_mixin.py:115} INFO - [2022-09-25T14:47:36.952+0000] {dag.py:2981} INFO - Setting next_dagrun for example_local_kubernetes_executor to None, run_after=None
[2022-09-25T14:47:36.989+0000] {processor.py:161} INFO - Processing /home/airflow/.local/lib/python3.7/site-packages/airflow/example_dags/example_local_kubernetes_executor.py took 0.328 seconds
[2022-09-25T14:48:07.120+0000] {processor.py:153} INFO - Started process (PID=10827) to work on /home/airflow/.local/lib/python3.7/site-packages/airflow/example_dags/example_local_kubernetes_executor.py
[2022-09-25T14:48:07.122+0000] {processor.py:640} INFO - Processing file /home/airflow/.local/lib/python3.7/site-packages/airflow/example_dags/example_local_kubernetes_executor.py for tasks to queue
[2022-09-25T14:48:07.124+0000] {logging_mixin.py:115} INFO - [2022-09-25T14:48:07.124+0000] {dagbag.py:508} INFO - Filling up the DagBag from /home/airflow/.local/lib/python3.7/site-packages/airflow/example_dags/example_local_kubernetes_executor.py
[2022-09-25T14:48:07.155+0000] {processor.py:650} INFO - DAG(s) dict_keys(['example_local_kubernetes_executor']) retrieved from /home/airflow/.local/lib/python3.7/site-packages/airflow/example_dags/example_local_kubernetes_executor.py
[2022-09-25T14:48:07.197+0000] {logging_mixin.py:115} INFO - [2022-09-25T14:48:07.197+0000] {dag.py:2429} INFO - Sync 1 DAGs
[2022-09-25T14:48:07.230+0000] {logging_mixin.py:115} INFO - [2022-09-25T14:48:07.230+0000] {dag.py:2981} INFO - Setting next_dagrun for example_local_kubernetes_executor to None, run_after=None
[2022-09-25T14:48:07.248+0000] {processor.py:161} INFO - Processing /home/airflow/.local/lib/python3.7/site-packages/airflow/example_dags/example_local_kubernetes_executor.py took 0.133 seconds
[2022-09-25T14:48:37.888+0000] {processor.py:153} INFO - Started process (PID=11032) to work on /home/airflow/.local/lib/python3.7/site-packages/airflow/example_dags/example_local_kubernetes_executor.py
[2022-09-25T14:48:37.893+0000] {processor.py:640} INFO - Processing file /home/airflow/.local/lib/python3.7/site-packages/airflow/example_dags/example_local_kubernetes_executor.py for tasks to queue
[2022-09-25T14:48:37.900+0000] {logging_mixin.py:115} INFO - [2022-09-25T14:48:37.899+0000] {dagbag.py:508} INFO - Filling up the DagBag from /home/airflow/.local/lib/python3.7/site-packages/airflow/example_dags/example_local_kubernetes_executor.py
[2022-09-25T14:48:37.991+0000] {processor.py:650} INFO - DAG(s) dict_keys(['example_local_kubernetes_executor']) retrieved from /home/airflow/.local/lib/python3.7/site-packages/airflow/example_dags/example_local_kubernetes_executor.py
[2022-09-25T14:48:38.057+0000] {logging_mixin.py:115} INFO - [2022-09-25T14:48:38.057+0000] {dag.py:2429} INFO - Sync 1 DAGs
[2022-09-25T14:48:38.113+0000] {logging_mixin.py:115} INFO - [2022-09-25T14:48:38.113+0000] {dag.py:2981} INFO - Setting next_dagrun for example_local_kubernetes_executor to None, run_after=None
[2022-09-25T14:48:38.141+0000] {processor.py:161} INFO - Processing /home/airflow/.local/lib/python3.7/site-packages/airflow/example_dags/example_local_kubernetes_executor.py took 0.263 seconds
[2022-09-25T14:49:09.146+0000] {processor.py:153} INFO - Started process (PID=11246) to work on /home/airflow/.local/lib/python3.7/site-packages/airflow/example_dags/example_local_kubernetes_executor.py
[2022-09-25T14:49:09.149+0000] {processor.py:640} INFO - Processing file /home/airflow/.local/lib/python3.7/site-packages/airflow/example_dags/example_local_kubernetes_executor.py for tasks to queue
[2022-09-25T14:49:09.151+0000] {logging_mixin.py:115} INFO - [2022-09-25T14:49:09.151+0000] {dagbag.py:508} INFO - Filling up the DagBag from /home/airflow/.local/lib/python3.7/site-packages/airflow/example_dags/example_local_kubernetes_executor.py
[2022-09-25T14:49:09.180+0000] {processor.py:650} INFO - DAG(s) dict_keys(['example_local_kubernetes_executor']) retrieved from /home/airflow/.local/lib/python3.7/site-packages/airflow/example_dags/example_local_kubernetes_executor.py
[2022-09-25T14:49:09.224+0000] {logging_mixin.py:115} INFO - [2022-09-25T14:49:09.224+0000] {dag.py:2429} INFO - Sync 1 DAGs
[2022-09-25T14:49:09.265+0000] {logging_mixin.py:115} INFO - [2022-09-25T14:49:09.265+0000] {dag.py:2981} INFO - Setting next_dagrun for example_local_kubernetes_executor to None, run_after=None
[2022-09-25T14:49:09.292+0000] {processor.py:161} INFO - Processing /home/airflow/.local/lib/python3.7/site-packages/airflow/example_dags/example_local_kubernetes_executor.py took 0.155 seconds
[2022-09-25T14:49:39.763+0000] {processor.py:153} INFO - Started process (PID=11457) to work on /home/airflow/.local/lib/python3.7/site-packages/airflow/example_dags/example_local_kubernetes_executor.py
[2022-09-25T14:49:39.766+0000] {processor.py:640} INFO - Processing file /home/airflow/.local/lib/python3.7/site-packages/airflow/example_dags/example_local_kubernetes_executor.py for tasks to queue
[2022-09-25T14:49:39.773+0000] {logging_mixin.py:115} INFO - [2022-09-25T14:49:39.772+0000] {dagbag.py:508} INFO - Filling up the DagBag from /home/airflow/.local/lib/python3.7/site-packages/airflow/example_dags/example_local_kubernetes_executor.py
[2022-09-25T14:49:39.814+0000] {processor.py:650} INFO - DAG(s) dict_keys(['example_local_kubernetes_executor']) retrieved from /home/airflow/.local/lib/python3.7/site-packages/airflow/example_dags/example_local_kubernetes_executor.py
[2022-09-25T14:49:39.878+0000] {logging_mixin.py:115} INFO - [2022-09-25T14:49:39.878+0000] {dag.py:2429} INFO - Sync 1 DAGs
[2022-09-25T14:49:39.937+0000] {logging_mixin.py:115} INFO - [2022-09-25T14:49:39.937+0000] {dag.py:2981} INFO - Setting next_dagrun for example_local_kubernetes_executor to None, run_after=None
[2022-09-25T14:49:39.966+0000] {processor.py:161} INFO - Processing /home/airflow/.local/lib/python3.7/site-packages/airflow/example_dags/example_local_kubernetes_executor.py took 0.210 seconds
[2022-09-25T14:50:10.667+0000] {processor.py:153} INFO - Started process (PID=11672) to work on /home/airflow/.local/lib/python3.7/site-packages/airflow/example_dags/example_local_kubernetes_executor.py
[2022-09-25T14:50:10.670+0000] {processor.py:640} INFO - Processing file /home/airflow/.local/lib/python3.7/site-packages/airflow/example_dags/example_local_kubernetes_executor.py for tasks to queue
[2022-09-25T14:50:10.672+0000] {logging_mixin.py:115} INFO - [2022-09-25T14:50:10.672+0000] {dagbag.py:508} INFO - Filling up the DagBag from /home/airflow/.local/lib/python3.7/site-packages/airflow/example_dags/example_local_kubernetes_executor.py
[2022-09-25T14:50:10.702+0000] {processor.py:650} INFO - DAG(s) dict_keys(['example_local_kubernetes_executor']) retrieved from /home/airflow/.local/lib/python3.7/site-packages/airflow/example_dags/example_local_kubernetes_executor.py
[2022-09-25T14:50:10.742+0000] {logging_mixin.py:115} INFO - [2022-09-25T14:50:10.742+0000] {dag.py:2429} INFO - Sync 1 DAGs
[2022-09-25T14:50:10.777+0000] {logging_mixin.py:115} INFO - [2022-09-25T14:50:10.777+0000] {dag.py:2981} INFO - Setting next_dagrun for example_local_kubernetes_executor to None, run_after=None
[2022-09-25T14:50:10.806+0000] {processor.py:161} INFO - Processing /home/airflow/.local/lib/python3.7/site-packages/airflow/example_dags/example_local_kubernetes_executor.py took 0.144 seconds
[2022-09-25T14:50:41.000+0000] {processor.py:153} INFO - Started process (PID=11878) to work on /home/airflow/.local/lib/python3.7/site-packages/airflow/example_dags/example_local_kubernetes_executor.py
[2022-09-25T14:50:41.003+0000] {processor.py:640} INFO - Processing file /home/airflow/.local/lib/python3.7/site-packages/airflow/example_dags/example_local_kubernetes_executor.py for tasks to queue
[2022-09-25T14:50:41.005+0000] {logging_mixin.py:115} INFO - [2022-09-25T14:50:41.004+0000] {dagbag.py:508} INFO - Filling up the DagBag from /home/airflow/.local/lib/python3.7/site-packages/airflow/example_dags/example_local_kubernetes_executor.py
[2022-09-25T14:50:41.034+0000] {processor.py:650} INFO - DAG(s) dict_keys(['example_local_kubernetes_executor']) retrieved from /home/airflow/.local/lib/python3.7/site-packages/airflow/example_dags/example_local_kubernetes_executor.py
[2022-09-25T14:50:41.076+0000] {logging_mixin.py:115} INFO - [2022-09-25T14:50:41.076+0000] {dag.py:2429} INFO - Sync 1 DAGs
[2022-09-25T14:50:41.112+0000] {logging_mixin.py:115} INFO - [2022-09-25T14:50:41.112+0000] {dag.py:2981} INFO - Setting next_dagrun for example_local_kubernetes_executor to None, run_after=None
[2022-09-25T14:50:41.140+0000] {processor.py:161} INFO - Processing /home/airflow/.local/lib/python3.7/site-packages/airflow/example_dags/example_local_kubernetes_executor.py took 0.145 seconds
[2022-09-25T14:51:11.760+0000] {processor.py:153} INFO - Started process (PID=12092) to work on /home/airflow/.local/lib/python3.7/site-packages/airflow/example_dags/example_local_kubernetes_executor.py
[2022-09-25T14:51:11.763+0000] {processor.py:640} INFO - Processing file /home/airflow/.local/lib/python3.7/site-packages/airflow/example_dags/example_local_kubernetes_executor.py for tasks to queue
[2022-09-25T14:51:11.766+0000] {logging_mixin.py:115} INFO - [2022-09-25T14:51:11.765+0000] {dagbag.py:508} INFO - Filling up the DagBag from /home/airflow/.local/lib/python3.7/site-packages/airflow/example_dags/example_local_kubernetes_executor.py
[2022-09-25T14:51:11.804+0000] {processor.py:650} INFO - DAG(s) dict_keys(['example_local_kubernetes_executor']) retrieved from /home/airflow/.local/lib/python3.7/site-packages/airflow/example_dags/example_local_kubernetes_executor.py
[2022-09-25T14:51:11.848+0000] {logging_mixin.py:115} INFO - [2022-09-25T14:51:11.848+0000] {dag.py:2429} INFO - Sync 1 DAGs
[2022-09-25T14:51:11.886+0000] {logging_mixin.py:115} INFO - [2022-09-25T14:51:11.886+0000] {dag.py:2981} INFO - Setting next_dagrun for example_local_kubernetes_executor to None, run_after=None
[2022-09-25T14:51:11.907+0000] {processor.py:161} INFO - Processing /home/airflow/.local/lib/python3.7/site-packages/airflow/example_dags/example_local_kubernetes_executor.py took 0.156 seconds
[2022-09-25T14:51:42.687+0000] {processor.py:153} INFO - Started process (PID=12297) to work on /home/airflow/.local/lib/python3.7/site-packages/airflow/example_dags/example_local_kubernetes_executor.py
[2022-09-25T14:51:42.690+0000] {processor.py:640} INFO - Processing file /home/airflow/.local/lib/python3.7/site-packages/airflow/example_dags/example_local_kubernetes_executor.py for tasks to queue
[2022-09-25T14:51:42.692+0000] {logging_mixin.py:115} INFO - [2022-09-25T14:51:42.692+0000] {dagbag.py:508} INFO - Filling up the DagBag from /home/airflow/.local/lib/python3.7/site-packages/airflow/example_dags/example_local_kubernetes_executor.py
[2022-09-25T14:51:42.728+0000] {processor.py:650} INFO - DAG(s) dict_keys(['example_local_kubernetes_executor']) retrieved from /home/airflow/.local/lib/python3.7/site-packages/airflow/example_dags/example_local_kubernetes_executor.py
[2022-09-25T14:51:42.783+0000] {logging_mixin.py:115} INFO - [2022-09-25T14:51:42.783+0000] {dag.py:2429} INFO - Sync 1 DAGs
[2022-09-25T14:51:42.832+0000] {logging_mixin.py:115} INFO - [2022-09-25T14:51:42.832+0000] {dag.py:2981} INFO - Setting next_dagrun for example_local_kubernetes_executor to None, run_after=None
[2022-09-25T14:51:42.853+0000] {processor.py:161} INFO - Processing /home/airflow/.local/lib/python3.7/site-packages/airflow/example_dags/example_local_kubernetes_executor.py took 0.175 seconds
[2022-09-25T14:52:13.202+0000] {processor.py:153} INFO - Started process (PID=12511) to work on /home/airflow/.local/lib/python3.7/site-packages/airflow/example_dags/example_local_kubernetes_executor.py
[2022-09-25T14:52:13.205+0000] {processor.py:640} INFO - Processing file /home/airflow/.local/lib/python3.7/site-packages/airflow/example_dags/example_local_kubernetes_executor.py for tasks to queue
[2022-09-25T14:52:13.209+0000] {logging_mixin.py:115} INFO - [2022-09-25T14:52:13.208+0000] {dagbag.py:508} INFO - Filling up the DagBag from /home/airflow/.local/lib/python3.7/site-packages/airflow/example_dags/example_local_kubernetes_executor.py
[2022-09-25T14:52:13.260+0000] {processor.py:650} INFO - DAG(s) dict_keys(['example_local_kubernetes_executor']) retrieved from /home/airflow/.local/lib/python3.7/site-packages/airflow/example_dags/example_local_kubernetes_executor.py
[2022-09-25T14:52:13.310+0000] {logging_mixin.py:115} INFO - [2022-09-25T14:52:13.310+0000] {dag.py:2429} INFO - Sync 1 DAGs
[2022-09-25T14:52:13.354+0000] {logging_mixin.py:115} INFO - [2022-09-25T14:52:13.353+0000] {dag.py:2981} INFO - Setting next_dagrun for example_local_kubernetes_executor to None, run_after=None
[2022-09-25T14:52:13.388+0000] {processor.py:161} INFO - Processing /home/airflow/.local/lib/python3.7/site-packages/airflow/example_dags/example_local_kubernetes_executor.py took 0.193 seconds
