[2022-09-25T14:22:03.597+0000] {processor.py:153} INFO - Started process (PID=289) to work on /home/airflow/.local/lib/python3.7/site-packages/airflow/example_dags/example_dag_decorator.py
[2022-09-25T14:22:03.634+0000] {processor.py:640} INFO - Processing file /home/airflow/.local/lib/python3.7/site-packages/airflow/example_dags/example_dag_decorator.py for tasks to queue
[2022-09-25T14:22:03.643+0000] {logging_mixin.py:115} INFO - [2022-09-25T14:22:03.643+0000] {dagbag.py:508} INFO - Filling up the DagBag from /home/airflow/.local/lib/python3.7/site-packages/airflow/example_dags/example_dag_decorator.py
[2022-09-25T14:22:04.779+0000] {processor.py:650} INFO - DAG(s) dict_keys(['example_dag_decorator']) retrieved from /home/airflow/.local/lib/python3.7/site-packages/airflow/example_dags/example_dag_decorator.py
[2022-09-25T14:22:07.445+0000] {logging_mixin.py:115} INFO - [2022-09-25T14:22:07.444+0000] {dag.py:2429} INFO - Sync 1 DAGs
[2022-09-25T14:22:08.149+0000] {logging_mixin.py:115} INFO - [2022-09-25T14:22:08.148+0000] {dag.py:2981} INFO - Setting next_dagrun for example_dag_decorator to None, run_after=None
[2022-09-25T14:22:08.758+0000] {processor.py:161} INFO - Processing /home/airflow/.local/lib/python3.7/site-packages/airflow/example_dags/example_dag_decorator.py took 5.228 seconds
[2022-09-25T14:22:46.267+0000] {processor.py:153} INFO - Started process (PID=501) to work on /home/airflow/.local/lib/python3.7/site-packages/airflow/example_dags/example_dag_decorator.py
[2022-09-25T14:22:46.270+0000] {processor.py:640} INFO - Processing file /home/airflow/.local/lib/python3.7/site-packages/airflow/example_dags/example_dag_decorator.py for tasks to queue
[2022-09-25T14:22:46.273+0000] {logging_mixin.py:115} INFO - [2022-09-25T14:22:46.273+0000] {dagbag.py:508} INFO - Filling up the DagBag from /home/airflow/.local/lib/python3.7/site-packages/airflow/example_dags/example_dag_decorator.py
[2022-09-25T14:22:46.326+0000] {processor.py:650} INFO - DAG(s) dict_keys(['example_dag_decorator']) retrieved from /home/airflow/.local/lib/python3.7/site-packages/airflow/example_dags/example_dag_decorator.py
[2022-09-25T14:22:46.579+0000] {logging_mixin.py:115} INFO - [2022-09-25T14:22:46.578+0000] {dag.py:2429} INFO - Sync 1 DAGs
[2022-09-25T14:22:46.627+0000] {logging_mixin.py:115} INFO - [2022-09-25T14:22:46.626+0000] {dag.py:2981} INFO - Setting next_dagrun for example_dag_decorator to None, run_after=None
[2022-09-25T14:22:46.662+0000] {processor.py:161} INFO - Processing /home/airflow/.local/lib/python3.7/site-packages/airflow/example_dags/example_dag_decorator.py took 0.402 seconds
[2022-09-25T14:23:16.825+0000] {processor.py:153} INFO - Started process (PID=707) to work on /home/airflow/.local/lib/python3.7/site-packages/airflow/example_dags/example_dag_decorator.py
[2022-09-25T14:23:16.829+0000] {processor.py:640} INFO - Processing file /home/airflow/.local/lib/python3.7/site-packages/airflow/example_dags/example_dag_decorator.py for tasks to queue
[2022-09-25T14:23:16.836+0000] {logging_mixin.py:115} INFO - [2022-09-25T14:23:16.835+0000] {dagbag.py:508} INFO - Filling up the DagBag from /home/airflow/.local/lib/python3.7/site-packages/airflow/example_dags/example_dag_decorator.py
[2022-09-25T14:23:16.901+0000] {processor.py:650} INFO - DAG(s) dict_keys(['example_dag_decorator']) retrieved from /home/airflow/.local/lib/python3.7/site-packages/airflow/example_dags/example_dag_decorator.py
[2022-09-25T14:23:17.044+0000] {logging_mixin.py:115} INFO - [2022-09-25T14:23:17.044+0000] {dag.py:2429} INFO - Sync 1 DAGs
[2022-09-25T14:23:17.079+0000] {logging_mixin.py:115} INFO - [2022-09-25T14:23:17.078+0000] {dag.py:2981} INFO - Setting next_dagrun for example_dag_decorator to None, run_after=None
[2022-09-25T14:23:17.103+0000] {processor.py:161} INFO - Processing /home/airflow/.local/lib/python3.7/site-packages/airflow/example_dags/example_dag_decorator.py took 0.294 seconds
[2022-09-25T14:23:47.716+0000] {processor.py:153} INFO - Started process (PID=923) to work on /home/airflow/.local/lib/python3.7/site-packages/airflow/example_dags/example_dag_decorator.py
[2022-09-25T14:23:47.720+0000] {processor.py:640} INFO - Processing file /home/airflow/.local/lib/python3.7/site-packages/airflow/example_dags/example_dag_decorator.py for tasks to queue
[2022-09-25T14:23:47.722+0000] {logging_mixin.py:115} INFO - [2022-09-25T14:23:47.722+0000] {dagbag.py:508} INFO - Filling up the DagBag from /home/airflow/.local/lib/python3.7/site-packages/airflow/example_dags/example_dag_decorator.py
[2022-09-25T14:23:47.794+0000] {processor.py:650} INFO - DAG(s) dict_keys(['example_dag_decorator']) retrieved from /home/airflow/.local/lib/python3.7/site-packages/airflow/example_dags/example_dag_decorator.py
[2022-09-25T14:23:47.861+0000] {logging_mixin.py:115} INFO - [2022-09-25T14:23:47.861+0000] {dag.py:2429} INFO - Sync 1 DAGs
[2022-09-25T14:23:47.911+0000] {logging_mixin.py:115} INFO - [2022-09-25T14:23:47.900+0000] {dag.py:2981} INFO - Setting next_dagrun for example_dag_decorator to None, run_after=None
[2022-09-25T14:23:47.939+0000] {processor.py:161} INFO - Processing /home/airflow/.local/lib/python3.7/site-packages/airflow/example_dags/example_dag_decorator.py took 0.231 seconds
[2022-09-25T14:24:18.845+0000] {processor.py:153} INFO - Started process (PID=1126) to work on /home/airflow/.local/lib/python3.7/site-packages/airflow/example_dags/example_dag_decorator.py
[2022-09-25T14:24:18.848+0000] {processor.py:640} INFO - Processing file /home/airflow/.local/lib/python3.7/site-packages/airflow/example_dags/example_dag_decorator.py for tasks to queue
[2022-09-25T14:24:18.850+0000] {logging_mixin.py:115} INFO - [2022-09-25T14:24:18.850+0000] {dagbag.py:508} INFO - Filling up the DagBag from /home/airflow/.local/lib/python3.7/site-packages/airflow/example_dags/example_dag_decorator.py
[2022-09-25T14:24:18.895+0000] {processor.py:650} INFO - DAG(s) dict_keys(['example_dag_decorator']) retrieved from /home/airflow/.local/lib/python3.7/site-packages/airflow/example_dags/example_dag_decorator.py
[2022-09-25T14:24:19.016+0000] {logging_mixin.py:115} INFO - [2022-09-25T14:24:19.016+0000] {dag.py:2429} INFO - Sync 1 DAGs
[2022-09-25T14:24:19.046+0000] {logging_mixin.py:115} INFO - [2022-09-25T14:24:19.046+0000] {dag.py:2981} INFO - Setting next_dagrun for example_dag_decorator to None, run_after=None
[2022-09-25T14:24:19.072+0000] {processor.py:161} INFO - Processing /home/airflow/.local/lib/python3.7/site-packages/airflow/example_dags/example_dag_decorator.py took 0.232 seconds
[2022-09-25T14:24:49.858+0000] {processor.py:153} INFO - Started process (PID=1341) to work on /home/airflow/.local/lib/python3.7/site-packages/airflow/example_dags/example_dag_decorator.py
[2022-09-25T14:24:49.861+0000] {processor.py:640} INFO - Processing file /home/airflow/.local/lib/python3.7/site-packages/airflow/example_dags/example_dag_decorator.py for tasks to queue
[2022-09-25T14:24:49.863+0000] {logging_mixin.py:115} INFO - [2022-09-25T14:24:49.863+0000] {dagbag.py:508} INFO - Filling up the DagBag from /home/airflow/.local/lib/python3.7/site-packages/airflow/example_dags/example_dag_decorator.py
[2022-09-25T14:24:49.908+0000] {processor.py:650} INFO - DAG(s) dict_keys(['example_dag_decorator']) retrieved from /home/airflow/.local/lib/python3.7/site-packages/airflow/example_dags/example_dag_decorator.py
[2022-09-25T14:24:49.973+0000] {logging_mixin.py:115} INFO - [2022-09-25T14:24:49.973+0000] {dag.py:2429} INFO - Sync 1 DAGs
[2022-09-25T14:24:50.023+0000] {logging_mixin.py:115} INFO - [2022-09-25T14:24:50.023+0000] {dag.py:2981} INFO - Setting next_dagrun for example_dag_decorator to None, run_after=None
[2022-09-25T14:24:50.053+0000] {processor.py:161} INFO - Processing /home/airflow/.local/lib/python3.7/site-packages/airflow/example_dags/example_dag_decorator.py took 0.201 seconds
[2022-09-25T14:25:20.662+0000] {processor.py:153} INFO - Started process (PID=1546) to work on /home/airflow/.local/lib/python3.7/site-packages/airflow/example_dags/example_dag_decorator.py
[2022-09-25T14:25:20.665+0000] {processor.py:640} INFO - Processing file /home/airflow/.local/lib/python3.7/site-packages/airflow/example_dags/example_dag_decorator.py for tasks to queue
[2022-09-25T14:25:20.669+0000] {logging_mixin.py:115} INFO - [2022-09-25T14:25:20.669+0000] {dagbag.py:508} INFO - Filling up the DagBag from /home/airflow/.local/lib/python3.7/site-packages/airflow/example_dags/example_dag_decorator.py
[2022-09-25T14:25:20.718+0000] {processor.py:650} INFO - DAG(s) dict_keys(['example_dag_decorator']) retrieved from /home/airflow/.local/lib/python3.7/site-packages/airflow/example_dags/example_dag_decorator.py
[2022-09-25T14:25:20.768+0000] {logging_mixin.py:115} INFO - [2022-09-25T14:25:20.767+0000] {dag.py:2429} INFO - Sync 1 DAGs
[2022-09-25T14:25:20.804+0000] {logging_mixin.py:115} INFO - [2022-09-25T14:25:20.804+0000] {dag.py:2981} INFO - Setting next_dagrun for example_dag_decorator to None, run_after=None
[2022-09-25T14:25:20.828+0000] {processor.py:161} INFO - Processing /home/airflow/.local/lib/python3.7/site-packages/airflow/example_dags/example_dag_decorator.py took 0.176 seconds
[2022-09-25T14:25:52.267+0000] {processor.py:153} INFO - Started process (PID=1761) to work on /home/airflow/.local/lib/python3.7/site-packages/airflow/example_dags/example_dag_decorator.py
[2022-09-25T14:25:52.272+0000] {processor.py:640} INFO - Processing file /home/airflow/.local/lib/python3.7/site-packages/airflow/example_dags/example_dag_decorator.py for tasks to queue
[2022-09-25T14:25:52.275+0000] {logging_mixin.py:115} INFO - [2022-09-25T14:25:52.274+0000] {dagbag.py:508} INFO - Filling up the DagBag from /home/airflow/.local/lib/python3.7/site-packages/airflow/example_dags/example_dag_decorator.py
[2022-09-25T14:25:52.336+0000] {processor.py:650} INFO - DAG(s) dict_keys(['example_dag_decorator']) retrieved from /home/airflow/.local/lib/python3.7/site-packages/airflow/example_dags/example_dag_decorator.py
[2022-09-25T14:25:52.467+0000] {logging_mixin.py:115} INFO - [2022-09-25T14:25:52.467+0000] {dag.py:2429} INFO - Sync 1 DAGs
[2022-09-25T14:25:52.504+0000] {logging_mixin.py:115} INFO - [2022-09-25T14:25:52.504+0000] {dag.py:2981} INFO - Setting next_dagrun for example_dag_decorator to None, run_after=None
[2022-09-25T14:25:52.537+0000] {processor.py:161} INFO - Processing /home/airflow/.local/lib/python3.7/site-packages/airflow/example_dags/example_dag_decorator.py took 0.278 seconds
[2022-09-25T14:26:22.896+0000] {processor.py:153} INFO - Started process (PID=1966) to work on /home/airflow/.local/lib/python3.7/site-packages/airflow/example_dags/example_dag_decorator.py
[2022-09-25T14:26:22.899+0000] {processor.py:640} INFO - Processing file /home/airflow/.local/lib/python3.7/site-packages/airflow/example_dags/example_dag_decorator.py for tasks to queue
[2022-09-25T14:26:22.902+0000] {logging_mixin.py:115} INFO - [2022-09-25T14:26:22.901+0000] {dagbag.py:508} INFO - Filling up the DagBag from /home/airflow/.local/lib/python3.7/site-packages/airflow/example_dags/example_dag_decorator.py
[2022-09-25T14:26:22.955+0000] {processor.py:650} INFO - DAG(s) dict_keys(['example_dag_decorator']) retrieved from /home/airflow/.local/lib/python3.7/site-packages/airflow/example_dags/example_dag_decorator.py
[2022-09-25T14:26:23.093+0000] {logging_mixin.py:115} INFO - [2022-09-25T14:26:23.092+0000] {dag.py:2429} INFO - Sync 1 DAGs
[2022-09-25T14:26:23.129+0000] {logging_mixin.py:115} INFO - [2022-09-25T14:26:23.129+0000] {dag.py:2981} INFO - Setting next_dagrun for example_dag_decorator to None, run_after=None
[2022-09-25T14:26:23.162+0000] {processor.py:161} INFO - Processing /home/airflow/.local/lib/python3.7/site-packages/airflow/example_dags/example_dag_decorator.py took 0.272 seconds
[2022-09-25T14:26:54.379+0000] {processor.py:153} INFO - Started process (PID=2181) to work on /home/airflow/.local/lib/python3.7/site-packages/airflow/example_dags/example_dag_decorator.py
[2022-09-25T14:26:54.386+0000] {processor.py:640} INFO - Processing file /home/airflow/.local/lib/python3.7/site-packages/airflow/example_dags/example_dag_decorator.py for tasks to queue
[2022-09-25T14:26:54.390+0000] {logging_mixin.py:115} INFO - [2022-09-25T14:26:54.389+0000] {dagbag.py:508} INFO - Filling up the DagBag from /home/airflow/.local/lib/python3.7/site-packages/airflow/example_dags/example_dag_decorator.py
[2022-09-25T14:26:54.448+0000] {processor.py:650} INFO - DAG(s) dict_keys(['example_dag_decorator']) retrieved from /home/airflow/.local/lib/python3.7/site-packages/airflow/example_dags/example_dag_decorator.py
[2022-09-25T14:26:54.574+0000] {logging_mixin.py:115} INFO - [2022-09-25T14:26:54.573+0000] {dag.py:2429} INFO - Sync 1 DAGs
[2022-09-25T14:26:54.620+0000] {logging_mixin.py:115} INFO - [2022-09-25T14:26:54.620+0000] {dag.py:2981} INFO - Setting next_dagrun for example_dag_decorator to None, run_after=None
[2022-09-25T14:26:54.832+0000] {processor.py:161} INFO - Processing /home/airflow/.local/lib/python3.7/site-packages/airflow/example_dags/example_dag_decorator.py took 0.465 seconds
[2022-09-25T14:27:25.346+0000] {processor.py:153} INFO - Started process (PID=2385) to work on /home/airflow/.local/lib/python3.7/site-packages/airflow/example_dags/example_dag_decorator.py
[2022-09-25T14:27:25.350+0000] {processor.py:640} INFO - Processing file /home/airflow/.local/lib/python3.7/site-packages/airflow/example_dags/example_dag_decorator.py for tasks to queue
[2022-09-25T14:27:25.352+0000] {logging_mixin.py:115} INFO - [2022-09-25T14:27:25.352+0000] {dagbag.py:508} INFO - Filling up the DagBag from /home/airflow/.local/lib/python3.7/site-packages/airflow/example_dags/example_dag_decorator.py
[2022-09-25T14:27:25.409+0000] {processor.py:650} INFO - DAG(s) dict_keys(['example_dag_decorator']) retrieved from /home/airflow/.local/lib/python3.7/site-packages/airflow/example_dags/example_dag_decorator.py
[2022-09-25T14:27:25.545+0000] {logging_mixin.py:115} INFO - [2022-09-25T14:27:25.544+0000] {dag.py:2429} INFO - Sync 1 DAGs
[2022-09-25T14:27:25.587+0000] {logging_mixin.py:115} INFO - [2022-09-25T14:27:25.586+0000] {dag.py:2981} INFO - Setting next_dagrun for example_dag_decorator to None, run_after=None
[2022-09-25T14:27:25.803+0000] {processor.py:161} INFO - Processing /home/airflow/.local/lib/python3.7/site-packages/airflow/example_dags/example_dag_decorator.py took 0.465 seconds
[2022-09-25T14:27:56.175+0000] {processor.py:153} INFO - Started process (PID=2598) to work on /home/airflow/.local/lib/python3.7/site-packages/airflow/example_dags/example_dag_decorator.py
[2022-09-25T14:27:56.177+0000] {processor.py:640} INFO - Processing file /home/airflow/.local/lib/python3.7/site-packages/airflow/example_dags/example_dag_decorator.py for tasks to queue
[2022-09-25T14:27:56.178+0000] {logging_mixin.py:115} INFO - [2022-09-25T14:27:56.178+0000] {dagbag.py:508} INFO - Filling up the DagBag from /home/airflow/.local/lib/python3.7/site-packages/airflow/example_dags/example_dag_decorator.py
[2022-09-25T14:27:56.228+0000] {processor.py:650} INFO - DAG(s) dict_keys(['example_dag_decorator']) retrieved from /home/airflow/.local/lib/python3.7/site-packages/airflow/example_dags/example_dag_decorator.py
[2022-09-25T14:27:56.274+0000] {logging_mixin.py:115} INFO - [2022-09-25T14:27:56.274+0000] {dag.py:2429} INFO - Sync 1 DAGs
[2022-09-25T14:27:56.312+0000] {logging_mixin.py:115} INFO - [2022-09-25T14:27:56.312+0000] {dag.py:2981} INFO - Setting next_dagrun for example_dag_decorator to None, run_after=None
[2022-09-25T14:27:56.335+0000] {processor.py:161} INFO - Processing /home/airflow/.local/lib/python3.7/site-packages/airflow/example_dags/example_dag_decorator.py took 0.166 seconds
[2022-09-25T14:28:28.025+0000] {processor.py:153} INFO - Started process (PID=2803) to work on /home/airflow/.local/lib/python3.7/site-packages/airflow/example_dags/example_dag_decorator.py
[2022-09-25T14:28:28.028+0000] {processor.py:640} INFO - Processing file /home/airflow/.local/lib/python3.7/site-packages/airflow/example_dags/example_dag_decorator.py for tasks to queue
[2022-09-25T14:28:28.030+0000] {logging_mixin.py:115} INFO - [2022-09-25T14:28:28.030+0000] {dagbag.py:508} INFO - Filling up the DagBag from /home/airflow/.local/lib/python3.7/site-packages/airflow/example_dags/example_dag_decorator.py
[2022-09-25T14:28:28.079+0000] {processor.py:650} INFO - DAG(s) dict_keys(['example_dag_decorator']) retrieved from /home/airflow/.local/lib/python3.7/site-packages/airflow/example_dags/example_dag_decorator.py
[2022-09-25T14:28:28.224+0000] {logging_mixin.py:115} INFO - [2022-09-25T14:28:28.223+0000] {dag.py:2429} INFO - Sync 1 DAGs
[2022-09-25T14:28:28.271+0000] {logging_mixin.py:115} INFO - [2022-09-25T14:28:28.271+0000] {dag.py:2981} INFO - Setting next_dagrun for example_dag_decorator to None, run_after=None
[2022-09-25T14:28:28.485+0000] {processor.py:161} INFO - Processing /home/airflow/.local/lib/python3.7/site-packages/airflow/example_dags/example_dag_decorator.py took 0.467 seconds
[2022-09-25T14:28:59.225+0000] {processor.py:153} INFO - Started process (PID=3022) to work on /home/airflow/.local/lib/python3.7/site-packages/airflow/example_dags/example_dag_decorator.py
[2022-09-25T14:28:59.228+0000] {processor.py:640} INFO - Processing file /home/airflow/.local/lib/python3.7/site-packages/airflow/example_dags/example_dag_decorator.py for tasks to queue
[2022-09-25T14:28:59.230+0000] {logging_mixin.py:115} INFO - [2022-09-25T14:28:59.229+0000] {dagbag.py:508} INFO - Filling up the DagBag from /home/airflow/.local/lib/python3.7/site-packages/airflow/example_dags/example_dag_decorator.py
[2022-09-25T14:28:59.269+0000] {processor.py:650} INFO - DAG(s) dict_keys(['example_dag_decorator']) retrieved from /home/airflow/.local/lib/python3.7/site-packages/airflow/example_dags/example_dag_decorator.py
[2022-09-25T14:28:59.370+0000] {logging_mixin.py:115} INFO - [2022-09-25T14:28:59.369+0000] {dag.py:2429} INFO - Sync 1 DAGs
[2022-09-25T14:28:59.411+0000] {logging_mixin.py:115} INFO - [2022-09-25T14:28:59.411+0000] {dag.py:2981} INFO - Setting next_dagrun for example_dag_decorator to None, run_after=None
[2022-09-25T14:28:59.625+0000] {processor.py:161} INFO - Processing /home/airflow/.local/lib/python3.7/site-packages/airflow/example_dags/example_dag_decorator.py took 0.405 seconds
[2022-09-25T14:29:30.638+0000] {processor.py:153} INFO - Started process (PID=3229) to work on /home/airflow/.local/lib/python3.7/site-packages/airflow/example_dags/example_dag_decorator.py
[2022-09-25T14:29:30.642+0000] {processor.py:640} INFO - Processing file /home/airflow/.local/lib/python3.7/site-packages/airflow/example_dags/example_dag_decorator.py for tasks to queue
[2022-09-25T14:29:30.646+0000] {logging_mixin.py:115} INFO - [2022-09-25T14:29:30.645+0000] {dagbag.py:508} INFO - Filling up the DagBag from /home/airflow/.local/lib/python3.7/site-packages/airflow/example_dags/example_dag_decorator.py
[2022-09-25T14:29:30.730+0000] {processor.py:650} INFO - DAG(s) dict_keys(['example_dag_decorator']) retrieved from /home/airflow/.local/lib/python3.7/site-packages/airflow/example_dags/example_dag_decorator.py
[2022-09-25T14:29:30.885+0000] {logging_mixin.py:115} INFO - [2022-09-25T14:29:30.884+0000] {dag.py:2429} INFO - Sync 1 DAGs
[2022-09-25T14:29:30.927+0000] {logging_mixin.py:115} INFO - [2022-09-25T14:29:30.927+0000] {dag.py:2981} INFO - Setting next_dagrun for example_dag_decorator to None, run_after=None
[2022-09-25T14:29:31.223+0000] {processor.py:161} INFO - Processing /home/airflow/.local/lib/python3.7/site-packages/airflow/example_dags/example_dag_decorator.py took 0.593 seconds
[2022-09-25T14:30:02.107+0000] {processor.py:153} INFO - Started process (PID=3444) to work on /home/airflow/.local/lib/python3.7/site-packages/airflow/example_dags/example_dag_decorator.py
[2022-09-25T14:30:02.112+0000] {processor.py:640} INFO - Processing file /home/airflow/.local/lib/python3.7/site-packages/airflow/example_dags/example_dag_decorator.py for tasks to queue
[2022-09-25T14:30:02.117+0000] {logging_mixin.py:115} INFO - [2022-09-25T14:30:02.117+0000] {dagbag.py:508} INFO - Filling up the DagBag from /home/airflow/.local/lib/python3.7/site-packages/airflow/example_dags/example_dag_decorator.py
[2022-09-25T14:30:02.253+0000] {processor.py:650} INFO - DAG(s) dict_keys(['example_dag_decorator']) retrieved from /home/airflow/.local/lib/python3.7/site-packages/airflow/example_dags/example_dag_decorator.py
[2022-09-25T14:30:02.428+0000] {logging_mixin.py:115} INFO - [2022-09-25T14:30:02.428+0000] {dag.py:2429} INFO - Sync 1 DAGs
[2022-09-25T14:30:02.480+0000] {logging_mixin.py:115} INFO - [2022-09-25T14:30:02.480+0000] {dag.py:2981} INFO - Setting next_dagrun for example_dag_decorator to None, run_after=None
[2022-09-25T14:30:02.682+0000] {processor.py:161} INFO - Processing /home/airflow/.local/lib/python3.7/site-packages/airflow/example_dags/example_dag_decorator.py took 0.592 seconds
[2022-09-25T14:30:32.912+0000] {processor.py:153} INFO - Started process (PID=3656) to work on /home/airflow/.local/lib/python3.7/site-packages/airflow/example_dags/example_dag_decorator.py
[2022-09-25T14:30:32.916+0000] {processor.py:640} INFO - Processing file /home/airflow/.local/lib/python3.7/site-packages/airflow/example_dags/example_dag_decorator.py for tasks to queue
[2022-09-25T14:30:32.918+0000] {logging_mixin.py:115} INFO - [2022-09-25T14:30:32.918+0000] {dagbag.py:508} INFO - Filling up the DagBag from /home/airflow/.local/lib/python3.7/site-packages/airflow/example_dags/example_dag_decorator.py
[2022-09-25T14:30:32.972+0000] {processor.py:650} INFO - DAG(s) dict_keys(['example_dag_decorator']) retrieved from /home/airflow/.local/lib/python3.7/site-packages/airflow/example_dags/example_dag_decorator.py
[2022-09-25T14:30:33.094+0000] {logging_mixin.py:115} INFO - [2022-09-25T14:30:33.093+0000] {dag.py:2429} INFO - Sync 1 DAGs
[2022-09-25T14:30:33.133+0000] {logging_mixin.py:115} INFO - [2022-09-25T14:30:33.133+0000] {dag.py:2981} INFO - Setting next_dagrun for example_dag_decorator to None, run_after=None
[2022-09-25T14:30:33.328+0000] {processor.py:161} INFO - Processing /home/airflow/.local/lib/python3.7/site-packages/airflow/example_dags/example_dag_decorator.py took 0.423 seconds
[2022-09-25T14:31:04.477+0000] {processor.py:153} INFO - Started process (PID=3856) to work on /home/airflow/.local/lib/python3.7/site-packages/airflow/example_dags/example_dag_decorator.py
[2022-09-25T14:31:04.479+0000] {processor.py:640} INFO - Processing file /home/airflow/.local/lib/python3.7/site-packages/airflow/example_dags/example_dag_decorator.py for tasks to queue
[2022-09-25T14:31:04.483+0000] {logging_mixin.py:115} INFO - [2022-09-25T14:31:04.482+0000] {dagbag.py:508} INFO - Filling up the DagBag from /home/airflow/.local/lib/python3.7/site-packages/airflow/example_dags/example_dag_decorator.py
[2022-09-25T14:31:04.531+0000] {processor.py:650} INFO - DAG(s) dict_keys(['example_dag_decorator']) retrieved from /home/airflow/.local/lib/python3.7/site-packages/airflow/example_dags/example_dag_decorator.py
[2022-09-25T14:31:04.672+0000] {logging_mixin.py:115} INFO - [2022-09-25T14:31:04.672+0000] {dag.py:2429} INFO - Sync 1 DAGs
[2022-09-25T14:31:04.708+0000] {logging_mixin.py:115} INFO - [2022-09-25T14:31:04.708+0000] {dag.py:2981} INFO - Setting next_dagrun for example_dag_decorator to None, run_after=None
[2022-09-25T14:31:04.909+0000] {processor.py:161} INFO - Processing /home/airflow/.local/lib/python3.7/site-packages/airflow/example_dags/example_dag_decorator.py took 0.439 seconds
[2022-09-25T14:31:35.405+0000] {processor.py:153} INFO - Started process (PID=4062) to work on /home/airflow/.local/lib/python3.7/site-packages/airflow/example_dags/example_dag_decorator.py
[2022-09-25T14:31:35.408+0000] {processor.py:640} INFO - Processing file /home/airflow/.local/lib/python3.7/site-packages/airflow/example_dags/example_dag_decorator.py for tasks to queue
[2022-09-25T14:31:35.410+0000] {logging_mixin.py:115} INFO - [2022-09-25T14:31:35.410+0000] {dagbag.py:508} INFO - Filling up the DagBag from /home/airflow/.local/lib/python3.7/site-packages/airflow/example_dags/example_dag_decorator.py
[2022-09-25T14:31:35.457+0000] {processor.py:650} INFO - DAG(s) dict_keys(['example_dag_decorator']) retrieved from /home/airflow/.local/lib/python3.7/site-packages/airflow/example_dags/example_dag_decorator.py
[2022-09-25T14:31:35.578+0000] {logging_mixin.py:115} INFO - [2022-09-25T14:31:35.578+0000] {dag.py:2429} INFO - Sync 1 DAGs
[2022-09-25T14:31:35.617+0000] {logging_mixin.py:115} INFO - [2022-09-25T14:31:35.617+0000] {dag.py:2981} INFO - Setting next_dagrun for example_dag_decorator to None, run_after=None
[2022-09-25T14:31:35.888+0000] {processor.py:161} INFO - Processing /home/airflow/.local/lib/python3.7/site-packages/airflow/example_dags/example_dag_decorator.py took 0.488 seconds
[2022-09-25T14:32:06.171+0000] {processor.py:153} INFO - Started process (PID=4275) to work on /home/airflow/.local/lib/python3.7/site-packages/airflow/example_dags/example_dag_decorator.py
[2022-09-25T14:32:06.174+0000] {processor.py:640} INFO - Processing file /home/airflow/.local/lib/python3.7/site-packages/airflow/example_dags/example_dag_decorator.py for tasks to queue
[2022-09-25T14:32:06.176+0000] {logging_mixin.py:115} INFO - [2022-09-25T14:32:06.175+0000] {dagbag.py:508} INFO - Filling up the DagBag from /home/airflow/.local/lib/python3.7/site-packages/airflow/example_dags/example_dag_decorator.py
[2022-09-25T14:32:06.313+0000] {processor.py:650} INFO - DAG(s) dict_keys(['example_dag_decorator']) retrieved from /home/airflow/.local/lib/python3.7/site-packages/airflow/example_dags/example_dag_decorator.py
[2022-09-25T14:32:06.495+0000] {logging_mixin.py:115} INFO - [2022-09-25T14:32:06.495+0000] {dag.py:2429} INFO - Sync 1 DAGs
[2022-09-25T14:32:06.532+0000] {logging_mixin.py:115} INFO - [2022-09-25T14:32:06.532+0000] {dag.py:2981} INFO - Setting next_dagrun for example_dag_decorator to None, run_after=None
[2022-09-25T14:32:06.752+0000] {processor.py:161} INFO - Processing /home/airflow/.local/lib/python3.7/site-packages/airflow/example_dags/example_dag_decorator.py took 0.591 seconds
[2022-09-25T14:32:37.510+0000] {processor.py:153} INFO - Started process (PID=4480) to work on /home/airflow/.local/lib/python3.7/site-packages/airflow/example_dags/example_dag_decorator.py
[2022-09-25T14:32:37.513+0000] {processor.py:640} INFO - Processing file /home/airflow/.local/lib/python3.7/site-packages/airflow/example_dags/example_dag_decorator.py for tasks to queue
[2022-09-25T14:32:37.516+0000] {logging_mixin.py:115} INFO - [2022-09-25T14:32:37.515+0000] {dagbag.py:508} INFO - Filling up the DagBag from /home/airflow/.local/lib/python3.7/site-packages/airflow/example_dags/example_dag_decorator.py
[2022-09-25T14:32:37.565+0000] {processor.py:650} INFO - DAG(s) dict_keys(['example_dag_decorator']) retrieved from /home/airflow/.local/lib/python3.7/site-packages/airflow/example_dags/example_dag_decorator.py
[2022-09-25T14:32:37.677+0000] {logging_mixin.py:115} INFO - [2022-09-25T14:32:37.676+0000] {dag.py:2429} INFO - Sync 1 DAGs
[2022-09-25T14:32:37.716+0000] {logging_mixin.py:115} INFO - [2022-09-25T14:32:37.716+0000] {dag.py:2981} INFO - Setting next_dagrun for example_dag_decorator to None, run_after=None
[2022-09-25T14:32:38.013+0000] {processor.py:161} INFO - Processing /home/airflow/.local/lib/python3.7/site-packages/airflow/example_dags/example_dag_decorator.py took 0.509 seconds
[2022-09-25T14:33:08.466+0000] {processor.py:153} INFO - Started process (PID=4696) to work on /home/airflow/.local/lib/python3.7/site-packages/airflow/example_dags/example_dag_decorator.py
[2022-09-25T14:33:08.469+0000] {processor.py:640} INFO - Processing file /home/airflow/.local/lib/python3.7/site-packages/airflow/example_dags/example_dag_decorator.py for tasks to queue
[2022-09-25T14:33:08.471+0000] {logging_mixin.py:115} INFO - [2022-09-25T14:33:08.471+0000] {dagbag.py:508} INFO - Filling up the DagBag from /home/airflow/.local/lib/python3.7/site-packages/airflow/example_dags/example_dag_decorator.py
[2022-09-25T14:33:08.518+0000] {processor.py:650} INFO - DAG(s) dict_keys(['example_dag_decorator']) retrieved from /home/airflow/.local/lib/python3.7/site-packages/airflow/example_dags/example_dag_decorator.py
[2022-09-25T14:33:08.647+0000] {logging_mixin.py:115} INFO - [2022-09-25T14:33:08.647+0000] {dag.py:2429} INFO - Sync 1 DAGs
[2022-09-25T14:33:08.684+0000] {logging_mixin.py:115} INFO - [2022-09-25T14:33:08.684+0000] {dag.py:2981} INFO - Setting next_dagrun for example_dag_decorator to None, run_after=None
[2022-09-25T14:33:08.924+0000] {processor.py:161} INFO - Processing /home/airflow/.local/lib/python3.7/site-packages/airflow/example_dags/example_dag_decorator.py took 0.463 seconds
[2022-09-25T14:33:39.981+0000] {processor.py:153} INFO - Started process (PID=4902) to work on /home/airflow/.local/lib/python3.7/site-packages/airflow/example_dags/example_dag_decorator.py
[2022-09-25T14:33:39.984+0000] {processor.py:640} INFO - Processing file /home/airflow/.local/lib/python3.7/site-packages/airflow/example_dags/example_dag_decorator.py for tasks to queue
[2022-09-25T14:33:39.986+0000] {logging_mixin.py:115} INFO - [2022-09-25T14:33:39.986+0000] {dagbag.py:508} INFO - Filling up the DagBag from /home/airflow/.local/lib/python3.7/site-packages/airflow/example_dags/example_dag_decorator.py
[2022-09-25T14:33:40.046+0000] {processor.py:650} INFO - DAG(s) dict_keys(['example_dag_decorator']) retrieved from /home/airflow/.local/lib/python3.7/site-packages/airflow/example_dags/example_dag_decorator.py
[2022-09-25T14:33:40.203+0000] {logging_mixin.py:115} INFO - [2022-09-25T14:33:40.202+0000] {dag.py:2429} INFO - Sync 1 DAGs
[2022-09-25T14:33:40.250+0000] {logging_mixin.py:115} INFO - [2022-09-25T14:33:40.250+0000] {dag.py:2981} INFO - Setting next_dagrun for example_dag_decorator to None, run_after=None
[2022-09-25T14:33:40.487+0000] {processor.py:161} INFO - Processing /home/airflow/.local/lib/python3.7/site-packages/airflow/example_dags/example_dag_decorator.py took 0.515 seconds
[2022-09-25T14:34:10.700+0000] {processor.py:153} INFO - Started process (PID=5123) to work on /home/airflow/.local/lib/python3.7/site-packages/airflow/example_dags/example_dag_decorator.py
[2022-09-25T14:34:10.703+0000] {processor.py:640} INFO - Processing file /home/airflow/.local/lib/python3.7/site-packages/airflow/example_dags/example_dag_decorator.py for tasks to queue
[2022-09-25T14:34:10.705+0000] {logging_mixin.py:115} INFO - [2022-09-25T14:34:10.704+0000] {dagbag.py:508} INFO - Filling up the DagBag from /home/airflow/.local/lib/python3.7/site-packages/airflow/example_dags/example_dag_decorator.py
[2022-09-25T14:34:10.759+0000] {processor.py:650} INFO - DAG(s) dict_keys(['example_dag_decorator']) retrieved from /home/airflow/.local/lib/python3.7/site-packages/airflow/example_dags/example_dag_decorator.py
[2022-09-25T14:34:10.868+0000] {logging_mixin.py:115} INFO - [2022-09-25T14:34:10.868+0000] {dag.py:2429} INFO - Sync 1 DAGs
[2022-09-25T14:34:10.921+0000] {logging_mixin.py:115} INFO - [2022-09-25T14:34:10.921+0000] {dag.py:2981} INFO - Setting next_dagrun for example_dag_decorator to None, run_after=None
[2022-09-25T14:34:11.145+0000] {processor.py:161} INFO - Processing /home/airflow/.local/lib/python3.7/site-packages/airflow/example_dags/example_dag_decorator.py took 0.477 seconds
[2022-09-25T14:34:41.876+0000] {processor.py:153} INFO - Started process (PID=5334) to work on /home/airflow/.local/lib/python3.7/site-packages/airflow/example_dags/example_dag_decorator.py
[2022-09-25T14:34:41.879+0000] {processor.py:640} INFO - Processing file /home/airflow/.local/lib/python3.7/site-packages/airflow/example_dags/example_dag_decorator.py for tasks to queue
[2022-09-25T14:34:41.882+0000] {logging_mixin.py:115} INFO - [2022-09-25T14:34:41.882+0000] {dagbag.py:508} INFO - Filling up the DagBag from /home/airflow/.local/lib/python3.7/site-packages/airflow/example_dags/example_dag_decorator.py
[2022-09-25T14:34:42.028+0000] {processor.py:650} INFO - DAG(s) dict_keys(['example_dag_decorator']) retrieved from /home/airflow/.local/lib/python3.7/site-packages/airflow/example_dags/example_dag_decorator.py
[2022-09-25T14:34:42.162+0000] {logging_mixin.py:115} INFO - [2022-09-25T14:34:42.161+0000] {dag.py:2429} INFO - Sync 1 DAGs
[2022-09-25T14:34:42.210+0000] {logging_mixin.py:115} INFO - [2022-09-25T14:34:42.210+0000] {dag.py:2981} INFO - Setting next_dagrun for example_dag_decorator to None, run_after=None
[2022-09-25T14:34:42.585+0000] {processor.py:161} INFO - Processing /home/airflow/.local/lib/python3.7/site-packages/airflow/example_dags/example_dag_decorator.py took 0.717 seconds
[2022-09-25T14:35:13.359+0000] {processor.py:153} INFO - Started process (PID=5557) to work on /home/airflow/.local/lib/python3.7/site-packages/airflow/example_dags/example_dag_decorator.py
[2022-09-25T14:35:13.362+0000] {processor.py:640} INFO - Processing file /home/airflow/.local/lib/python3.7/site-packages/airflow/example_dags/example_dag_decorator.py for tasks to queue
[2022-09-25T14:35:13.365+0000] {logging_mixin.py:115} INFO - [2022-09-25T14:35:13.365+0000] {dagbag.py:508} INFO - Filling up the DagBag from /home/airflow/.local/lib/python3.7/site-packages/airflow/example_dags/example_dag_decorator.py
[2022-09-25T14:35:13.412+0000] {processor.py:650} INFO - DAG(s) dict_keys(['example_dag_decorator']) retrieved from /home/airflow/.local/lib/python3.7/site-packages/airflow/example_dags/example_dag_decorator.py
[2022-09-25T14:35:13.536+0000] {logging_mixin.py:115} INFO - [2022-09-25T14:35:13.536+0000] {dag.py:2429} INFO - Sync 1 DAGs
[2022-09-25T14:35:13.568+0000] {logging_mixin.py:115} INFO - [2022-09-25T14:35:13.568+0000] {dag.py:2981} INFO - Setting next_dagrun for example_dag_decorator to None, run_after=None
[2022-09-25T14:35:13.781+0000] {processor.py:161} INFO - Processing /home/airflow/.local/lib/python3.7/site-packages/airflow/example_dags/example_dag_decorator.py took 0.427 seconds
[2022-09-25T14:35:43.950+0000] {processor.py:153} INFO - Started process (PID=5767) to work on /home/airflow/.local/lib/python3.7/site-packages/airflow/example_dags/example_dag_decorator.py
[2022-09-25T14:35:43.952+0000] {processor.py:640} INFO - Processing file /home/airflow/.local/lib/python3.7/site-packages/airflow/example_dags/example_dag_decorator.py for tasks to queue
[2022-09-25T14:35:43.954+0000] {logging_mixin.py:115} INFO - [2022-09-25T14:35:43.954+0000] {dagbag.py:508} INFO - Filling up the DagBag from /home/airflow/.local/lib/python3.7/site-packages/airflow/example_dags/example_dag_decorator.py
[2022-09-25T14:35:43.996+0000] {processor.py:650} INFO - DAG(s) dict_keys(['example_dag_decorator']) retrieved from /home/airflow/.local/lib/python3.7/site-packages/airflow/example_dags/example_dag_decorator.py
[2022-09-25T14:35:44.118+0000] {logging_mixin.py:115} INFO - [2022-09-25T14:35:44.118+0000] {dag.py:2429} INFO - Sync 1 DAGs
[2022-09-25T14:35:44.151+0000] {logging_mixin.py:115} INFO - [2022-09-25T14:35:44.151+0000] {dag.py:2981} INFO - Setting next_dagrun for example_dag_decorator to None, run_after=None
[2022-09-25T14:35:44.338+0000] {processor.py:161} INFO - Processing /home/airflow/.local/lib/python3.7/site-packages/airflow/example_dags/example_dag_decorator.py took 0.395 seconds
[2022-09-25T14:36:14.536+0000] {processor.py:153} INFO - Started process (PID=5979) to work on /home/airflow/.local/lib/python3.7/site-packages/airflow/example_dags/example_dag_decorator.py
[2022-09-25T14:36:14.538+0000] {processor.py:640} INFO - Processing file /home/airflow/.local/lib/python3.7/site-packages/airflow/example_dags/example_dag_decorator.py for tasks to queue
[2022-09-25T14:36:14.540+0000] {logging_mixin.py:115} INFO - [2022-09-25T14:36:14.540+0000] {dagbag.py:508} INFO - Filling up the DagBag from /home/airflow/.local/lib/python3.7/site-packages/airflow/example_dags/example_dag_decorator.py
[2022-09-25T14:36:14.583+0000] {processor.py:650} INFO - DAG(s) dict_keys(['example_dag_decorator']) retrieved from /home/airflow/.local/lib/python3.7/site-packages/airflow/example_dags/example_dag_decorator.py
[2022-09-25T14:36:14.692+0000] {logging_mixin.py:115} INFO - [2022-09-25T14:36:14.692+0000] {dag.py:2429} INFO - Sync 1 DAGs
[2022-09-25T14:36:14.736+0000] {logging_mixin.py:115} INFO - [2022-09-25T14:36:14.735+0000] {dag.py:2981} INFO - Setting next_dagrun for example_dag_decorator to None, run_after=None
[2022-09-25T14:36:14.932+0000] {processor.py:161} INFO - Processing /home/airflow/.local/lib/python3.7/site-packages/airflow/example_dags/example_dag_decorator.py took 0.401 seconds
[2022-09-25T14:36:45.144+0000] {processor.py:153} INFO - Started process (PID=6161) to work on /home/airflow/.local/lib/python3.7/site-packages/airflow/example_dags/example_dag_decorator.py
[2022-09-25T14:36:45.147+0000] {processor.py:640} INFO - Processing file /home/airflow/.local/lib/python3.7/site-packages/airflow/example_dags/example_dag_decorator.py for tasks to queue
[2022-09-25T14:36:45.150+0000] {logging_mixin.py:115} INFO - [2022-09-25T14:36:45.150+0000] {dagbag.py:508} INFO - Filling up the DagBag from /home/airflow/.local/lib/python3.7/site-packages/airflow/example_dags/example_dag_decorator.py
[2022-09-25T14:36:45.193+0000] {processor.py:650} INFO - DAG(s) dict_keys(['example_dag_decorator']) retrieved from /home/airflow/.local/lib/python3.7/site-packages/airflow/example_dags/example_dag_decorator.py
[2022-09-25T14:36:45.308+0000] {logging_mixin.py:115} INFO - [2022-09-25T14:36:45.308+0000] {dag.py:2429} INFO - Sync 1 DAGs
[2022-09-25T14:36:45.523+0000] {logging_mixin.py:115} INFO - [2022-09-25T14:36:45.522+0000] {dag.py:2981} INFO - Setting next_dagrun for example_dag_decorator to None, run_after=None
[2022-09-25T14:36:45.543+0000] {processor.py:161} INFO - Processing /home/airflow/.local/lib/python3.7/site-packages/airflow/example_dags/example_dag_decorator.py took 0.405 seconds
[2022-09-25T14:37:15.921+0000] {processor.py:153} INFO - Started process (PID=6369) to work on /home/airflow/.local/lib/python3.7/site-packages/airflow/example_dags/example_dag_decorator.py
[2022-09-25T14:37:15.923+0000] {processor.py:640} INFO - Processing file /home/airflow/.local/lib/python3.7/site-packages/airflow/example_dags/example_dag_decorator.py for tasks to queue
[2022-09-25T14:37:15.925+0000] {logging_mixin.py:115} INFO - [2022-09-25T14:37:15.925+0000] {dagbag.py:508} INFO - Filling up the DagBag from /home/airflow/.local/lib/python3.7/site-packages/airflow/example_dags/example_dag_decorator.py
[2022-09-25T14:37:15.962+0000] {processor.py:650} INFO - DAG(s) dict_keys(['example_dag_decorator']) retrieved from /home/airflow/.local/lib/python3.7/site-packages/airflow/example_dags/example_dag_decorator.py
[2022-09-25T14:37:16.016+0000] {logging_mixin.py:115} INFO - [2022-09-25T14:37:16.016+0000] {dag.py:2429} INFO - Sync 1 DAGs
[2022-09-25T14:37:16.058+0000] {logging_mixin.py:115} INFO - [2022-09-25T14:37:16.057+0000] {dag.py:2981} INFO - Setting next_dagrun for example_dag_decorator to None, run_after=None
[2022-09-25T14:37:16.089+0000] {processor.py:161} INFO - Processing /home/airflow/.local/lib/python3.7/site-packages/airflow/example_dags/example_dag_decorator.py took 0.173 seconds
[2022-09-25T14:37:46.645+0000] {processor.py:153} INFO - Started process (PID=6574) to work on /home/airflow/.local/lib/python3.7/site-packages/airflow/example_dags/example_dag_decorator.py
[2022-09-25T14:37:46.647+0000] {processor.py:640} INFO - Processing file /home/airflow/.local/lib/python3.7/site-packages/airflow/example_dags/example_dag_decorator.py for tasks to queue
[2022-09-25T14:37:46.649+0000] {logging_mixin.py:115} INFO - [2022-09-25T14:37:46.649+0000] {dagbag.py:508} INFO - Filling up the DagBag from /home/airflow/.local/lib/python3.7/site-packages/airflow/example_dags/example_dag_decorator.py
[2022-09-25T14:37:46.690+0000] {processor.py:650} INFO - DAG(s) dict_keys(['example_dag_decorator']) retrieved from /home/airflow/.local/lib/python3.7/site-packages/airflow/example_dags/example_dag_decorator.py
[2022-09-25T14:37:46.815+0000] {logging_mixin.py:115} INFO - [2022-09-25T14:37:46.815+0000] {dag.py:2429} INFO - Sync 1 DAGs
[2022-09-25T14:37:47.041+0000] {logging_mixin.py:115} INFO - [2022-09-25T14:37:47.041+0000] {dag.py:2981} INFO - Setting next_dagrun for example_dag_decorator to None, run_after=None
[2022-09-25T14:37:47.071+0000] {processor.py:161} INFO - Processing /home/airflow/.local/lib/python3.7/site-packages/airflow/example_dags/example_dag_decorator.py took 0.432 seconds
[2022-09-25T14:38:17.621+0000] {processor.py:153} INFO - Started process (PID=6787) to work on /home/airflow/.local/lib/python3.7/site-packages/airflow/example_dags/example_dag_decorator.py
[2022-09-25T14:38:17.624+0000] {processor.py:640} INFO - Processing file /home/airflow/.local/lib/python3.7/site-packages/airflow/example_dags/example_dag_decorator.py for tasks to queue
[2022-09-25T14:38:17.629+0000] {logging_mixin.py:115} INFO - [2022-09-25T14:38:17.628+0000] {dagbag.py:508} INFO - Filling up the DagBag from /home/airflow/.local/lib/python3.7/site-packages/airflow/example_dags/example_dag_decorator.py
[2022-09-25T14:38:17.680+0000] {processor.py:650} INFO - DAG(s) dict_keys(['example_dag_decorator']) retrieved from /home/airflow/.local/lib/python3.7/site-packages/airflow/example_dags/example_dag_decorator.py
[2022-09-25T14:38:17.735+0000] {logging_mixin.py:115} INFO - [2022-09-25T14:38:17.735+0000] {dag.py:2429} INFO - Sync 1 DAGs
[2022-09-25T14:38:17.938+0000] {logging_mixin.py:115} INFO - [2022-09-25T14:38:17.937+0000] {dag.py:2981} INFO - Setting next_dagrun for example_dag_decorator to None, run_after=None
[2022-09-25T14:38:17.967+0000] {processor.py:161} INFO - Processing /home/airflow/.local/lib/python3.7/site-packages/airflow/example_dags/example_dag_decorator.py took 0.357 seconds
[2022-09-25T14:38:48.383+0000] {processor.py:153} INFO - Started process (PID=6986) to work on /home/airflow/.local/lib/python3.7/site-packages/airflow/example_dags/example_dag_decorator.py
[2022-09-25T14:38:48.390+0000] {processor.py:640} INFO - Processing file /home/airflow/.local/lib/python3.7/site-packages/airflow/example_dags/example_dag_decorator.py for tasks to queue
[2022-09-25T14:38:48.395+0000] {logging_mixin.py:115} INFO - [2022-09-25T14:38:48.395+0000] {dagbag.py:508} INFO - Filling up the DagBag from /home/airflow/.local/lib/python3.7/site-packages/airflow/example_dags/example_dag_decorator.py
[2022-09-25T14:38:48.509+0000] {processor.py:650} INFO - DAG(s) dict_keys(['example_dag_decorator']) retrieved from /home/airflow/.local/lib/python3.7/site-packages/airflow/example_dags/example_dag_decorator.py
[2022-09-25T14:38:48.693+0000] {logging_mixin.py:115} INFO - [2022-09-25T14:38:48.693+0000] {dag.py:2429} INFO - Sync 1 DAGs
[2022-09-25T14:38:49.282+0000] {logging_mixin.py:115} INFO - [2022-09-25T14:38:49.281+0000] {dag.py:2981} INFO - Setting next_dagrun for example_dag_decorator to None, run_after=None
[2022-09-25T14:38:49.331+0000] {processor.py:161} INFO - Processing /home/airflow/.local/lib/python3.7/site-packages/airflow/example_dags/example_dag_decorator.py took 0.965 seconds
[2022-09-25T14:39:20.244+0000] {processor.py:153} INFO - Started process (PID=7201) to work on /home/airflow/.local/lib/python3.7/site-packages/airflow/example_dags/example_dag_decorator.py
[2022-09-25T14:39:20.248+0000] {processor.py:640} INFO - Processing file /home/airflow/.local/lib/python3.7/site-packages/airflow/example_dags/example_dag_decorator.py for tasks to queue
[2022-09-25T14:39:20.250+0000] {logging_mixin.py:115} INFO - [2022-09-25T14:39:20.250+0000] {dagbag.py:508} INFO - Filling up the DagBag from /home/airflow/.local/lib/python3.7/site-packages/airflow/example_dags/example_dag_decorator.py
[2022-09-25T14:39:20.288+0000] {processor.py:650} INFO - DAG(s) dict_keys(['example_dag_decorator']) retrieved from /home/airflow/.local/lib/python3.7/site-packages/airflow/example_dags/example_dag_decorator.py
[2022-09-25T14:39:20.332+0000] {logging_mixin.py:115} INFO - [2022-09-25T14:39:20.332+0000] {dag.py:2429} INFO - Sync 1 DAGs
[2022-09-25T14:39:20.369+0000] {logging_mixin.py:115} INFO - [2022-09-25T14:39:20.368+0000] {dag.py:2981} INFO - Setting next_dagrun for example_dag_decorator to None, run_after=None
[2022-09-25T14:39:20.394+0000] {processor.py:161} INFO - Processing /home/airflow/.local/lib/python3.7/site-packages/airflow/example_dags/example_dag_decorator.py took 0.155 seconds
[2022-09-25T14:39:50.801+0000] {processor.py:153} INFO - Started process (PID=7406) to work on /home/airflow/.local/lib/python3.7/site-packages/airflow/example_dags/example_dag_decorator.py
[2022-09-25T14:39:50.816+0000] {processor.py:640} INFO - Processing file /home/airflow/.local/lib/python3.7/site-packages/airflow/example_dags/example_dag_decorator.py for tasks to queue
[2022-09-25T14:39:50.841+0000] {logging_mixin.py:115} INFO - [2022-09-25T14:39:50.841+0000] {dagbag.py:508} INFO - Filling up the DagBag from /home/airflow/.local/lib/python3.7/site-packages/airflow/example_dags/example_dag_decorator.py
[2022-09-25T14:39:51.100+0000] {processor.py:650} INFO - DAG(s) dict_keys(['example_dag_decorator']) retrieved from /home/airflow/.local/lib/python3.7/site-packages/airflow/example_dags/example_dag_decorator.py
[2022-09-25T14:39:51.215+0000] {logging_mixin.py:115} INFO - [2022-09-25T14:39:51.214+0000] {dag.py:2429} INFO - Sync 1 DAGs
[2022-09-25T14:39:51.284+0000] {logging_mixin.py:115} INFO - [2022-09-25T14:39:51.284+0000] {dag.py:2981} INFO - Setting next_dagrun for example_dag_decorator to None, run_after=None
[2022-09-25T14:39:51.340+0000] {processor.py:161} INFO - Processing /home/airflow/.local/lib/python3.7/site-packages/airflow/example_dags/example_dag_decorator.py took 0.585 seconds
[2022-09-25T14:40:21.969+0000] {processor.py:153} INFO - Started process (PID=7620) to work on /home/airflow/.local/lib/python3.7/site-packages/airflow/example_dags/example_dag_decorator.py
[2022-09-25T14:40:21.974+0000] {processor.py:640} INFO - Processing file /home/airflow/.local/lib/python3.7/site-packages/airflow/example_dags/example_dag_decorator.py for tasks to queue
[2022-09-25T14:40:21.979+0000] {logging_mixin.py:115} INFO - [2022-09-25T14:40:21.978+0000] {dagbag.py:508} INFO - Filling up the DagBag from /home/airflow/.local/lib/python3.7/site-packages/airflow/example_dags/example_dag_decorator.py
[2022-09-25T14:40:22.031+0000] {processor.py:650} INFO - DAG(s) dict_keys(['example_dag_decorator']) retrieved from /home/airflow/.local/lib/python3.7/site-packages/airflow/example_dags/example_dag_decorator.py
[2022-09-25T14:40:22.083+0000] {logging_mixin.py:115} INFO - [2022-09-25T14:40:22.083+0000] {dag.py:2429} INFO - Sync 1 DAGs
[2022-09-25T14:40:22.121+0000] {logging_mixin.py:115} INFO - [2022-09-25T14:40:22.120+0000] {dag.py:2981} INFO - Setting next_dagrun for example_dag_decorator to None, run_after=None
[2022-09-25T14:40:22.145+0000] {processor.py:161} INFO - Processing /home/airflow/.local/lib/python3.7/site-packages/airflow/example_dags/example_dag_decorator.py took 0.192 seconds
[2022-09-25T14:40:52.600+0000] {processor.py:153} INFO - Started process (PID=7832) to work on /home/airflow/.local/lib/python3.7/site-packages/airflow/example_dags/example_dag_decorator.py
[2022-09-25T14:40:52.603+0000] {processor.py:640} INFO - Processing file /home/airflow/.local/lib/python3.7/site-packages/airflow/example_dags/example_dag_decorator.py for tasks to queue
[2022-09-25T14:40:52.605+0000] {logging_mixin.py:115} INFO - [2022-09-25T14:40:52.605+0000] {dagbag.py:508} INFO - Filling up the DagBag from /home/airflow/.local/lib/python3.7/site-packages/airflow/example_dags/example_dag_decorator.py
[2022-09-25T14:40:52.657+0000] {processor.py:650} INFO - DAG(s) dict_keys(['example_dag_decorator']) retrieved from /home/airflow/.local/lib/python3.7/site-packages/airflow/example_dags/example_dag_decorator.py
[2022-09-25T14:40:52.729+0000] {logging_mixin.py:115} INFO - [2022-09-25T14:40:52.729+0000] {dag.py:2429} INFO - Sync 1 DAGs
[2022-09-25T14:40:52.774+0000] {logging_mixin.py:115} INFO - [2022-09-25T14:40:52.774+0000] {dag.py:2981} INFO - Setting next_dagrun for example_dag_decorator to None, run_after=None
[2022-09-25T14:40:52.852+0000] {processor.py:161} INFO - Processing /home/airflow/.local/lib/python3.7/site-packages/airflow/example_dags/example_dag_decorator.py took 0.257 seconds
[2022-09-25T14:41:23.333+0000] {processor.py:153} INFO - Started process (PID=8039) to work on /home/airflow/.local/lib/python3.7/site-packages/airflow/example_dags/example_dag_decorator.py
[2022-09-25T14:41:23.336+0000] {processor.py:640} INFO - Processing file /home/airflow/.local/lib/python3.7/site-packages/airflow/example_dags/example_dag_decorator.py for tasks to queue
[2022-09-25T14:41:23.338+0000] {logging_mixin.py:115} INFO - [2022-09-25T14:41:23.338+0000] {dagbag.py:508} INFO - Filling up the DagBag from /home/airflow/.local/lib/python3.7/site-packages/airflow/example_dags/example_dag_decorator.py
[2022-09-25T14:41:23.381+0000] {processor.py:650} INFO - DAG(s) dict_keys(['example_dag_decorator']) retrieved from /home/airflow/.local/lib/python3.7/site-packages/airflow/example_dags/example_dag_decorator.py
[2022-09-25T14:41:23.433+0000] {logging_mixin.py:115} INFO - [2022-09-25T14:41:23.432+0000] {dag.py:2429} INFO - Sync 1 DAGs
[2022-09-25T14:41:23.474+0000] {logging_mixin.py:115} INFO - [2022-09-25T14:41:23.474+0000] {dag.py:2981} INFO - Setting next_dagrun for example_dag_decorator to None, run_after=None
[2022-09-25T14:41:23.499+0000] {processor.py:161} INFO - Processing /home/airflow/.local/lib/python3.7/site-packages/airflow/example_dags/example_dag_decorator.py took 0.171 seconds
[2022-09-25T14:41:54.061+0000] {processor.py:153} INFO - Started process (PID=8244) to work on /home/airflow/.local/lib/python3.7/site-packages/airflow/example_dags/example_dag_decorator.py
[2022-09-25T14:41:54.063+0000] {processor.py:640} INFO - Processing file /home/airflow/.local/lib/python3.7/site-packages/airflow/example_dags/example_dag_decorator.py for tasks to queue
[2022-09-25T14:41:54.066+0000] {logging_mixin.py:115} INFO - [2022-09-25T14:41:54.065+0000] {dagbag.py:508} INFO - Filling up the DagBag from /home/airflow/.local/lib/python3.7/site-packages/airflow/example_dags/example_dag_decorator.py
[2022-09-25T14:41:54.106+0000] {processor.py:650} INFO - DAG(s) dict_keys(['example_dag_decorator']) retrieved from /home/airflow/.local/lib/python3.7/site-packages/airflow/example_dags/example_dag_decorator.py
[2022-09-25T14:41:54.224+0000] {logging_mixin.py:115} INFO - [2022-09-25T14:41:54.224+0000] {dag.py:2429} INFO - Sync 1 DAGs
[2022-09-25T14:41:54.465+0000] {logging_mixin.py:115} INFO - [2022-09-25T14:41:54.465+0000] {dag.py:2981} INFO - Setting next_dagrun for example_dag_decorator to None, run_after=None
[2022-09-25T14:41:54.497+0000] {processor.py:161} INFO - Processing /home/airflow/.local/lib/python3.7/site-packages/airflow/example_dags/example_dag_decorator.py took 0.442 seconds
[2022-09-25T14:42:24.999+0000] {processor.py:153} INFO - Started process (PID=8458) to work on /home/airflow/.local/lib/python3.7/site-packages/airflow/example_dags/example_dag_decorator.py
[2022-09-25T14:42:25.001+0000] {processor.py:640} INFO - Processing file /home/airflow/.local/lib/python3.7/site-packages/airflow/example_dags/example_dag_decorator.py for tasks to queue
[2022-09-25T14:42:25.003+0000] {logging_mixin.py:115} INFO - [2022-09-25T14:42:25.003+0000] {dagbag.py:508} INFO - Filling up the DagBag from /home/airflow/.local/lib/python3.7/site-packages/airflow/example_dags/example_dag_decorator.py
[2022-09-25T14:42:25.046+0000] {processor.py:650} INFO - DAG(s) dict_keys(['example_dag_decorator']) retrieved from /home/airflow/.local/lib/python3.7/site-packages/airflow/example_dags/example_dag_decorator.py
[2022-09-25T14:42:25.170+0000] {logging_mixin.py:115} INFO - [2022-09-25T14:42:25.170+0000] {dag.py:2429} INFO - Sync 1 DAGs
[2022-09-25T14:42:25.417+0000] {logging_mixin.py:115} INFO - [2022-09-25T14:42:25.417+0000] {dag.py:2981} INFO - Setting next_dagrun for example_dag_decorator to None, run_after=None
[2022-09-25T14:42:25.469+0000] {processor.py:161} INFO - Processing /home/airflow/.local/lib/python3.7/site-packages/airflow/example_dags/example_dag_decorator.py took 0.477 seconds
[2022-09-25T14:42:56.081+0000] {processor.py:153} INFO - Started process (PID=8676) to work on /home/airflow/.local/lib/python3.7/site-packages/airflow/example_dags/example_dag_decorator.py
[2022-09-25T14:42:56.087+0000] {processor.py:640} INFO - Processing file /home/airflow/.local/lib/python3.7/site-packages/airflow/example_dags/example_dag_decorator.py for tasks to queue
[2022-09-25T14:42:56.088+0000] {logging_mixin.py:115} INFO - [2022-09-25T14:42:56.088+0000] {dagbag.py:508} INFO - Filling up the DagBag from /home/airflow/.local/lib/python3.7/site-packages/airflow/example_dags/example_dag_decorator.py
[2022-09-25T14:42:56.142+0000] {processor.py:650} INFO - DAG(s) dict_keys(['example_dag_decorator']) retrieved from /home/airflow/.local/lib/python3.7/site-packages/airflow/example_dags/example_dag_decorator.py
[2022-09-25T14:42:56.324+0000] {logging_mixin.py:115} INFO - [2022-09-25T14:42:56.323+0000] {dag.py:2429} INFO - Sync 1 DAGs
[2022-09-25T14:42:56.586+0000] {logging_mixin.py:115} INFO - [2022-09-25T14:42:56.586+0000] {dag.py:2981} INFO - Setting next_dagrun for example_dag_decorator to None, run_after=None
[2022-09-25T14:42:56.616+0000] {processor.py:161} INFO - Processing /home/airflow/.local/lib/python3.7/site-packages/airflow/example_dags/example_dag_decorator.py took 0.544 seconds
[2022-09-25T14:43:26.812+0000] {processor.py:153} INFO - Started process (PID=8885) to work on /home/airflow/.local/lib/python3.7/site-packages/airflow/example_dags/example_dag_decorator.py
[2022-09-25T14:43:26.815+0000] {processor.py:640} INFO - Processing file /home/airflow/.local/lib/python3.7/site-packages/airflow/example_dags/example_dag_decorator.py for tasks to queue
[2022-09-25T14:43:26.817+0000] {logging_mixin.py:115} INFO - [2022-09-25T14:43:26.817+0000] {dagbag.py:508} INFO - Filling up the DagBag from /home/airflow/.local/lib/python3.7/site-packages/airflow/example_dags/example_dag_decorator.py
[2022-09-25T14:43:26.857+0000] {processor.py:650} INFO - DAG(s) dict_keys(['example_dag_decorator']) retrieved from /home/airflow/.local/lib/python3.7/site-packages/airflow/example_dags/example_dag_decorator.py
[2022-09-25T14:43:26.978+0000] {logging_mixin.py:115} INFO - [2022-09-25T14:43:26.978+0000] {dag.py:2429} INFO - Sync 1 DAGs
[2022-09-25T14:43:27.196+0000] {logging_mixin.py:115} INFO - [2022-09-25T14:43:27.196+0000] {dag.py:2981} INFO - Setting next_dagrun for example_dag_decorator to None, run_after=None
[2022-09-25T14:43:27.225+0000] {processor.py:161} INFO - Processing /home/airflow/.local/lib/python3.7/site-packages/airflow/example_dags/example_dag_decorator.py took 0.421 seconds
[2022-09-25T14:43:57.418+0000] {processor.py:153} INFO - Started process (PID=9099) to work on /home/airflow/.local/lib/python3.7/site-packages/airflow/example_dags/example_dag_decorator.py
[2022-09-25T14:43:57.420+0000] {processor.py:640} INFO - Processing file /home/airflow/.local/lib/python3.7/site-packages/airflow/example_dags/example_dag_decorator.py for tasks to queue
[2022-09-25T14:43:57.421+0000] {logging_mixin.py:115} INFO - [2022-09-25T14:43:57.421+0000] {dagbag.py:508} INFO - Filling up the DagBag from /home/airflow/.local/lib/python3.7/site-packages/airflow/example_dags/example_dag_decorator.py
[2022-09-25T14:43:57.473+0000] {processor.py:650} INFO - DAG(s) dict_keys(['example_dag_decorator']) retrieved from /home/airflow/.local/lib/python3.7/site-packages/airflow/example_dags/example_dag_decorator.py
[2022-09-25T14:43:57.527+0000] {logging_mixin.py:115} INFO - [2022-09-25T14:43:57.527+0000] {dag.py:2429} INFO - Sync 1 DAGs
[2022-09-25T14:43:57.563+0000] {logging_mixin.py:115} INFO - [2022-09-25T14:43:57.563+0000] {dag.py:2981} INFO - Setting next_dagrun for example_dag_decorator to None, run_after=None
[2022-09-25T14:43:57.591+0000] {processor.py:161} INFO - Processing /home/airflow/.local/lib/python3.7/site-packages/airflow/example_dags/example_dag_decorator.py took 0.178 seconds
[2022-09-25T14:44:27.973+0000] {processor.py:153} INFO - Started process (PID=9299) to work on /home/airflow/.local/lib/python3.7/site-packages/airflow/example_dags/example_dag_decorator.py
[2022-09-25T14:44:27.975+0000] {processor.py:640} INFO - Processing file /home/airflow/.local/lib/python3.7/site-packages/airflow/example_dags/example_dag_decorator.py for tasks to queue
[2022-09-25T14:44:27.977+0000] {logging_mixin.py:115} INFO - [2022-09-25T14:44:27.977+0000] {dagbag.py:508} INFO - Filling up the DagBag from /home/airflow/.local/lib/python3.7/site-packages/airflow/example_dags/example_dag_decorator.py
[2022-09-25T14:44:28.013+0000] {processor.py:650} INFO - DAG(s) dict_keys(['example_dag_decorator']) retrieved from /home/airflow/.local/lib/python3.7/site-packages/airflow/example_dags/example_dag_decorator.py
[2022-09-25T14:44:28.057+0000] {logging_mixin.py:115} INFO - [2022-09-25T14:44:28.057+0000] {dag.py:2429} INFO - Sync 1 DAGs
[2022-09-25T14:44:28.089+0000] {logging_mixin.py:115} INFO - [2022-09-25T14:44:28.089+0000] {dag.py:2981} INFO - Setting next_dagrun for example_dag_decorator to None, run_after=None
[2022-09-25T14:44:28.109+0000] {processor.py:161} INFO - Processing /home/airflow/.local/lib/python3.7/site-packages/airflow/example_dags/example_dag_decorator.py took 0.142 seconds
[2022-09-25T14:44:58.385+0000] {processor.py:153} INFO - Started process (PID=9514) to work on /home/airflow/.local/lib/python3.7/site-packages/airflow/example_dags/example_dag_decorator.py
[2022-09-25T14:44:58.388+0000] {processor.py:640} INFO - Processing file /home/airflow/.local/lib/python3.7/site-packages/airflow/example_dags/example_dag_decorator.py for tasks to queue
[2022-09-25T14:44:58.391+0000] {logging_mixin.py:115} INFO - [2022-09-25T14:44:58.390+0000] {dagbag.py:508} INFO - Filling up the DagBag from /home/airflow/.local/lib/python3.7/site-packages/airflow/example_dags/example_dag_decorator.py
[2022-09-25T14:44:58.433+0000] {processor.py:650} INFO - DAG(s) dict_keys(['example_dag_decorator']) retrieved from /home/airflow/.local/lib/python3.7/site-packages/airflow/example_dags/example_dag_decorator.py
[2022-09-25T14:44:58.484+0000] {logging_mixin.py:115} INFO - [2022-09-25T14:44:58.483+0000] {dag.py:2429} INFO - Sync 1 DAGs
[2022-09-25T14:44:58.519+0000] {logging_mixin.py:115} INFO - [2022-09-25T14:44:58.519+0000] {dag.py:2981} INFO - Setting next_dagrun for example_dag_decorator to None, run_after=None
[2022-09-25T14:44:58.550+0000] {processor.py:161} INFO - Processing /home/airflow/.local/lib/python3.7/site-packages/airflow/example_dags/example_dag_decorator.py took 0.172 seconds
[2022-09-25T14:45:28.819+0000] {processor.py:153} INFO - Started process (PID=9716) to work on /home/airflow/.local/lib/python3.7/site-packages/airflow/example_dags/example_dag_decorator.py
[2022-09-25T14:45:28.822+0000] {processor.py:640} INFO - Processing file /home/airflow/.local/lib/python3.7/site-packages/airflow/example_dags/example_dag_decorator.py for tasks to queue
[2022-09-25T14:45:28.826+0000] {logging_mixin.py:115} INFO - [2022-09-25T14:45:28.826+0000] {dagbag.py:508} INFO - Filling up the DagBag from /home/airflow/.local/lib/python3.7/site-packages/airflow/example_dags/example_dag_decorator.py
[2022-09-25T14:45:28.895+0000] {processor.py:650} INFO - DAG(s) dict_keys(['example_dag_decorator']) retrieved from /home/airflow/.local/lib/python3.7/site-packages/airflow/example_dags/example_dag_decorator.py
[2022-09-25T14:45:29.096+0000] {logging_mixin.py:115} INFO - [2022-09-25T14:45:29.096+0000] {dag.py:2429} INFO - Sync 1 DAGs
[2022-09-25T14:45:29.379+0000] {logging_mixin.py:115} INFO - [2022-09-25T14:45:29.379+0000] {dag.py:2981} INFO - Setting next_dagrun for example_dag_decorator to None, run_after=None
[2022-09-25T14:45:29.415+0000] {processor.py:161} INFO - Processing /home/airflow/.local/lib/python3.7/site-packages/airflow/example_dags/example_dag_decorator.py took 0.608 seconds
[2022-09-25T14:45:59.506+0000] {processor.py:153} INFO - Started process (PID=9921) to work on /home/airflow/.local/lib/python3.7/site-packages/airflow/example_dags/example_dag_decorator.py
[2022-09-25T14:45:59.510+0000] {processor.py:640} INFO - Processing file /home/airflow/.local/lib/python3.7/site-packages/airflow/example_dags/example_dag_decorator.py for tasks to queue
[2022-09-25T14:45:59.513+0000] {logging_mixin.py:115} INFO - [2022-09-25T14:45:59.513+0000] {dagbag.py:508} INFO - Filling up the DagBag from /home/airflow/.local/lib/python3.7/site-packages/airflow/example_dags/example_dag_decorator.py
[2022-09-25T14:45:59.553+0000] {processor.py:650} INFO - DAG(s) dict_keys(['example_dag_decorator']) retrieved from /home/airflow/.local/lib/python3.7/site-packages/airflow/example_dags/example_dag_decorator.py
[2022-09-25T14:45:59.607+0000] {logging_mixin.py:115} INFO - [2022-09-25T14:45:59.606+0000] {dag.py:2429} INFO - Sync 1 DAGs
[2022-09-25T14:45:59.643+0000] {logging_mixin.py:115} INFO - [2022-09-25T14:45:59.643+0000] {dag.py:2981} INFO - Setting next_dagrun for example_dag_decorator to None, run_after=None
[2022-09-25T14:45:59.672+0000] {processor.py:161} INFO - Processing /home/airflow/.local/lib/python3.7/site-packages/airflow/example_dags/example_dag_decorator.py took 0.175 seconds
[2022-09-25T14:46:30.160+0000] {processor.py:153} INFO - Started process (PID=10135) to work on /home/airflow/.local/lib/python3.7/site-packages/airflow/example_dags/example_dag_decorator.py
[2022-09-25T14:46:30.164+0000] {processor.py:640} INFO - Processing file /home/airflow/.local/lib/python3.7/site-packages/airflow/example_dags/example_dag_decorator.py for tasks to queue
[2022-09-25T14:46:30.166+0000] {logging_mixin.py:115} INFO - [2022-09-25T14:46:30.166+0000] {dagbag.py:508} INFO - Filling up the DagBag from /home/airflow/.local/lib/python3.7/site-packages/airflow/example_dags/example_dag_decorator.py
[2022-09-25T14:46:30.201+0000] {processor.py:650} INFO - DAG(s) dict_keys(['example_dag_decorator']) retrieved from /home/airflow/.local/lib/python3.7/site-packages/airflow/example_dags/example_dag_decorator.py
[2022-09-25T14:46:30.309+0000] {logging_mixin.py:115} INFO - [2022-09-25T14:46:30.308+0000] {dag.py:2429} INFO - Sync 1 DAGs
[2022-09-25T14:46:30.513+0000] {logging_mixin.py:115} INFO - [2022-09-25T14:46:30.513+0000] {dag.py:2981} INFO - Setting next_dagrun for example_dag_decorator to None, run_after=None
[2022-09-25T14:46:30.538+0000] {processor.py:161} INFO - Processing /home/airflow/.local/lib/python3.7/site-packages/airflow/example_dags/example_dag_decorator.py took 0.383 seconds
[2022-09-25T14:47:00.804+0000] {processor.py:153} INFO - Started process (PID=10340) to work on /home/airflow/.local/lib/python3.7/site-packages/airflow/example_dags/example_dag_decorator.py
[2022-09-25T14:47:00.806+0000] {processor.py:640} INFO - Processing file /home/airflow/.local/lib/python3.7/site-packages/airflow/example_dags/example_dag_decorator.py for tasks to queue
[2022-09-25T14:47:00.808+0000] {logging_mixin.py:115} INFO - [2022-09-25T14:47:00.807+0000] {dagbag.py:508} INFO - Filling up the DagBag from /home/airflow/.local/lib/python3.7/site-packages/airflow/example_dags/example_dag_decorator.py
[2022-09-25T14:47:00.845+0000] {processor.py:650} INFO - DAG(s) dict_keys(['example_dag_decorator']) retrieved from /home/airflow/.local/lib/python3.7/site-packages/airflow/example_dags/example_dag_decorator.py
[2022-09-25T14:47:00.945+0000] {logging_mixin.py:115} INFO - [2022-09-25T14:47:00.944+0000] {dag.py:2429} INFO - Sync 1 DAGs
[2022-09-25T14:47:01.146+0000] {logging_mixin.py:115} INFO - [2022-09-25T14:47:01.146+0000] {dag.py:2981} INFO - Setting next_dagrun for example_dag_decorator to None, run_after=None
[2022-09-25T14:47:01.166+0000] {processor.py:161} INFO - Processing /home/airflow/.local/lib/python3.7/site-packages/airflow/example_dags/example_dag_decorator.py took 0.368 seconds
[2022-09-25T14:47:31.232+0000] {processor.py:153} INFO - Started process (PID=10554) to work on /home/airflow/.local/lib/python3.7/site-packages/airflow/example_dags/example_dag_decorator.py
[2022-09-25T14:47:31.234+0000] {processor.py:640} INFO - Processing file /home/airflow/.local/lib/python3.7/site-packages/airflow/example_dags/example_dag_decorator.py for tasks to queue
[2022-09-25T14:47:31.236+0000] {logging_mixin.py:115} INFO - [2022-09-25T14:47:31.235+0000] {dagbag.py:508} INFO - Filling up the DagBag from /home/airflow/.local/lib/python3.7/site-packages/airflow/example_dags/example_dag_decorator.py
[2022-09-25T14:47:31.269+0000] {processor.py:650} INFO - DAG(s) dict_keys(['example_dag_decorator']) retrieved from /home/airflow/.local/lib/python3.7/site-packages/airflow/example_dags/example_dag_decorator.py
[2022-09-25T14:47:31.371+0000] {logging_mixin.py:115} INFO - [2022-09-25T14:47:31.371+0000] {dag.py:2429} INFO - Sync 1 DAGs
[2022-09-25T14:47:31.568+0000] {logging_mixin.py:115} INFO - [2022-09-25T14:47:31.567+0000] {dag.py:2981} INFO - Setting next_dagrun for example_dag_decorator to None, run_after=None
[2022-09-25T14:47:31.591+0000] {processor.py:161} INFO - Processing /home/airflow/.local/lib/python3.7/site-packages/airflow/example_dags/example_dag_decorator.py took 0.364 seconds
[2022-09-25T14:48:01.778+0000] {processor.py:153} INFO - Started process (PID=10759) to work on /home/airflow/.local/lib/python3.7/site-packages/airflow/example_dags/example_dag_decorator.py
[2022-09-25T14:48:01.782+0000] {processor.py:640} INFO - Processing file /home/airflow/.local/lib/python3.7/site-packages/airflow/example_dags/example_dag_decorator.py for tasks to queue
[2022-09-25T14:48:01.784+0000] {logging_mixin.py:115} INFO - [2022-09-25T14:48:01.783+0000] {dagbag.py:508} INFO - Filling up the DagBag from /home/airflow/.local/lib/python3.7/site-packages/airflow/example_dags/example_dag_decorator.py
[2022-09-25T14:48:01.818+0000] {processor.py:650} INFO - DAG(s) dict_keys(['example_dag_decorator']) retrieved from /home/airflow/.local/lib/python3.7/site-packages/airflow/example_dags/example_dag_decorator.py
[2022-09-25T14:48:01.862+0000] {logging_mixin.py:115} INFO - [2022-09-25T14:48:01.862+0000] {dag.py:2429} INFO - Sync 1 DAGs
[2022-09-25T14:48:01.898+0000] {logging_mixin.py:115} INFO - [2022-09-25T14:48:01.898+0000] {dag.py:2981} INFO - Setting next_dagrun for example_dag_decorator to None, run_after=None
[2022-09-25T14:48:01.916+0000] {processor.py:161} INFO - Processing /home/airflow/.local/lib/python3.7/site-packages/airflow/example_dags/example_dag_decorator.py took 0.143 seconds
[2022-09-25T14:48:32.132+0000] {processor.py:153} INFO - Started process (PID=10974) to work on /home/airflow/.local/lib/python3.7/site-packages/airflow/example_dags/example_dag_decorator.py
[2022-09-25T14:48:32.135+0000] {processor.py:640} INFO - Processing file /home/airflow/.local/lib/python3.7/site-packages/airflow/example_dags/example_dag_decorator.py for tasks to queue
[2022-09-25T14:48:32.137+0000] {logging_mixin.py:115} INFO - [2022-09-25T14:48:32.136+0000] {dagbag.py:508} INFO - Filling up the DagBag from /home/airflow/.local/lib/python3.7/site-packages/airflow/example_dags/example_dag_decorator.py
[2022-09-25T14:48:32.172+0000] {processor.py:650} INFO - DAG(s) dict_keys(['example_dag_decorator']) retrieved from /home/airflow/.local/lib/python3.7/site-packages/airflow/example_dags/example_dag_decorator.py
[2022-09-25T14:48:32.214+0000] {logging_mixin.py:115} INFO - [2022-09-25T14:48:32.214+0000] {dag.py:2429} INFO - Sync 1 DAGs
[2022-09-25T14:48:32.245+0000] {logging_mixin.py:115} INFO - [2022-09-25T14:48:32.245+0000] {dag.py:2981} INFO - Setting next_dagrun for example_dag_decorator to None, run_after=None
[2022-09-25T14:48:32.264+0000] {processor.py:161} INFO - Processing /home/airflow/.local/lib/python3.7/site-packages/airflow/example_dags/example_dag_decorator.py took 0.138 seconds
[2022-09-25T14:49:02.394+0000] {processor.py:153} INFO - Started process (PID=11179) to work on /home/airflow/.local/lib/python3.7/site-packages/airflow/example_dags/example_dag_decorator.py
[2022-09-25T14:49:02.396+0000] {processor.py:640} INFO - Processing file /home/airflow/.local/lib/python3.7/site-packages/airflow/example_dags/example_dag_decorator.py for tasks to queue
[2022-09-25T14:49:02.398+0000] {logging_mixin.py:115} INFO - [2022-09-25T14:49:02.397+0000] {dagbag.py:508} INFO - Filling up the DagBag from /home/airflow/.local/lib/python3.7/site-packages/airflow/example_dags/example_dag_decorator.py
[2022-09-25T14:49:02.432+0000] {processor.py:650} INFO - DAG(s) dict_keys(['example_dag_decorator']) retrieved from /home/airflow/.local/lib/python3.7/site-packages/airflow/example_dags/example_dag_decorator.py
[2022-09-25T14:49:02.479+0000] {logging_mixin.py:115} INFO - [2022-09-25T14:49:02.479+0000] {dag.py:2429} INFO - Sync 1 DAGs
[2022-09-25T14:49:02.511+0000] {logging_mixin.py:115} INFO - [2022-09-25T14:49:02.510+0000] {dag.py:2981} INFO - Setting next_dagrun for example_dag_decorator to None, run_after=None
[2022-09-25T14:49:02.535+0000] {processor.py:161} INFO - Processing /home/airflow/.local/lib/python3.7/site-packages/airflow/example_dags/example_dag_decorator.py took 0.146 seconds
[2022-09-25T14:49:33.147+0000] {processor.py:153} INFO - Started process (PID=11399) to work on /home/airflow/.local/lib/python3.7/site-packages/airflow/example_dags/example_dag_decorator.py
[2022-09-25T14:49:33.150+0000] {processor.py:640} INFO - Processing file /home/airflow/.local/lib/python3.7/site-packages/airflow/example_dags/example_dag_decorator.py for tasks to queue
[2022-09-25T14:49:33.153+0000] {logging_mixin.py:115} INFO - [2022-09-25T14:49:33.152+0000] {dagbag.py:508} INFO - Filling up the DagBag from /home/airflow/.local/lib/python3.7/site-packages/airflow/example_dags/example_dag_decorator.py
[2022-09-25T14:49:33.213+0000] {processor.py:650} INFO - DAG(s) dict_keys(['example_dag_decorator']) retrieved from /home/airflow/.local/lib/python3.7/site-packages/airflow/example_dags/example_dag_decorator.py
[2022-09-25T14:49:33.307+0000] {logging_mixin.py:115} INFO - [2022-09-25T14:49:33.307+0000] {dag.py:2429} INFO - Sync 1 DAGs
[2022-09-25T14:49:33.390+0000] {logging_mixin.py:115} INFO - [2022-09-25T14:49:33.390+0000] {dag.py:2981} INFO - Setting next_dagrun for example_dag_decorator to None, run_after=None
[2022-09-25T14:49:33.420+0000] {processor.py:161} INFO - Processing /home/airflow/.local/lib/python3.7/site-packages/airflow/example_dags/example_dag_decorator.py took 0.281 seconds
[2022-09-25T14:50:03.543+0000] {processor.py:153} INFO - Started process (PID=11604) to work on /home/airflow/.local/lib/python3.7/site-packages/airflow/example_dags/example_dag_decorator.py
[2022-09-25T14:50:03.545+0000] {processor.py:640} INFO - Processing file /home/airflow/.local/lib/python3.7/site-packages/airflow/example_dags/example_dag_decorator.py for tasks to queue
[2022-09-25T14:50:03.548+0000] {logging_mixin.py:115} INFO - [2022-09-25T14:50:03.547+0000] {dagbag.py:508} INFO - Filling up the DagBag from /home/airflow/.local/lib/python3.7/site-packages/airflow/example_dags/example_dag_decorator.py
[2022-09-25T14:50:03.598+0000] {processor.py:650} INFO - DAG(s) dict_keys(['example_dag_decorator']) retrieved from /home/airflow/.local/lib/python3.7/site-packages/airflow/example_dags/example_dag_decorator.py
[2022-09-25T14:50:03.709+0000] {logging_mixin.py:115} INFO - [2022-09-25T14:50:03.709+0000] {dag.py:2429} INFO - Sync 1 DAGs
[2022-09-25T14:50:03.900+0000] {logging_mixin.py:115} INFO - [2022-09-25T14:50:03.900+0000] {dag.py:2981} INFO - Setting next_dagrun for example_dag_decorator to None, run_after=None
[2022-09-25T14:50:03.925+0000] {processor.py:161} INFO - Processing /home/airflow/.local/lib/python3.7/site-packages/airflow/example_dags/example_dag_decorator.py took 0.389 seconds
[2022-09-25T14:50:34.682+0000] {processor.py:153} INFO - Started process (PID=11820) to work on /home/airflow/.local/lib/python3.7/site-packages/airflow/example_dags/example_dag_decorator.py
[2022-09-25T14:50:34.685+0000] {processor.py:640} INFO - Processing file /home/airflow/.local/lib/python3.7/site-packages/airflow/example_dags/example_dag_decorator.py for tasks to queue
[2022-09-25T14:50:34.687+0000] {logging_mixin.py:115} INFO - [2022-09-25T14:50:34.686+0000] {dagbag.py:508} INFO - Filling up the DagBag from /home/airflow/.local/lib/python3.7/site-packages/airflow/example_dags/example_dag_decorator.py
[2022-09-25T14:50:34.722+0000] {processor.py:650} INFO - DAG(s) dict_keys(['example_dag_decorator']) retrieved from /home/airflow/.local/lib/python3.7/site-packages/airflow/example_dags/example_dag_decorator.py
[2022-09-25T14:50:34.815+0000] {logging_mixin.py:115} INFO - [2022-09-25T14:50:34.815+0000] {dag.py:2429} INFO - Sync 1 DAGs
[2022-09-25T14:50:34.982+0000] {logging_mixin.py:115} INFO - [2022-09-25T14:50:34.982+0000] {dag.py:2981} INFO - Setting next_dagrun for example_dag_decorator to None, run_after=None
[2022-09-25T14:50:35.005+0000] {processor.py:161} INFO - Processing /home/airflow/.local/lib/python3.7/site-packages/airflow/example_dags/example_dag_decorator.py took 0.328 seconds
[2022-09-25T14:51:05.462+0000] {processor.py:153} INFO - Started process (PID=12025) to work on /home/airflow/.local/lib/python3.7/site-packages/airflow/example_dags/example_dag_decorator.py
[2022-09-25T14:51:05.471+0000] {processor.py:640} INFO - Processing file /home/airflow/.local/lib/python3.7/site-packages/airflow/example_dags/example_dag_decorator.py for tasks to queue
[2022-09-25T14:51:05.473+0000] {logging_mixin.py:115} INFO - [2022-09-25T14:51:05.472+0000] {dagbag.py:508} INFO - Filling up the DagBag from /home/airflow/.local/lib/python3.7/site-packages/airflow/example_dags/example_dag_decorator.py
[2022-09-25T14:51:05.509+0000] {processor.py:650} INFO - DAG(s) dict_keys(['example_dag_decorator']) retrieved from /home/airflow/.local/lib/python3.7/site-packages/airflow/example_dags/example_dag_decorator.py
[2022-09-25T14:51:05.611+0000] {logging_mixin.py:115} INFO - [2022-09-25T14:51:05.611+0000] {dag.py:2429} INFO - Sync 1 DAGs
[2022-09-25T14:51:05.800+0000] {logging_mixin.py:115} INFO - [2022-09-25T14:51:05.800+0000] {dag.py:2981} INFO - Setting next_dagrun for example_dag_decorator to None, run_after=None
[2022-09-25T14:51:05.825+0000] {processor.py:161} INFO - Processing /home/airflow/.local/lib/python3.7/site-packages/airflow/example_dags/example_dag_decorator.py took 0.368 seconds
[2022-09-25T14:51:36.271+0000] {processor.py:153} INFO - Started process (PID=12239) to work on /home/airflow/.local/lib/python3.7/site-packages/airflow/example_dags/example_dag_decorator.py
[2022-09-25T14:51:36.273+0000] {processor.py:640} INFO - Processing file /home/airflow/.local/lib/python3.7/site-packages/airflow/example_dags/example_dag_decorator.py for tasks to queue
[2022-09-25T14:51:36.275+0000] {logging_mixin.py:115} INFO - [2022-09-25T14:51:36.275+0000] {dagbag.py:508} INFO - Filling up the DagBag from /home/airflow/.local/lib/python3.7/site-packages/airflow/example_dags/example_dag_decorator.py
[2022-09-25T14:51:36.313+0000] {processor.py:650} INFO - DAG(s) dict_keys(['example_dag_decorator']) retrieved from /home/airflow/.local/lib/python3.7/site-packages/airflow/example_dags/example_dag_decorator.py
[2022-09-25T14:51:36.421+0000] {logging_mixin.py:115} INFO - [2022-09-25T14:51:36.421+0000] {dag.py:2429} INFO - Sync 1 DAGs
[2022-09-25T14:51:36.614+0000] {logging_mixin.py:115} INFO - [2022-09-25T14:51:36.614+0000] {dag.py:2981} INFO - Setting next_dagrun for example_dag_decorator to None, run_after=None
[2022-09-25T14:51:36.640+0000] {processor.py:161} INFO - Processing /home/airflow/.local/lib/python3.7/site-packages/airflow/example_dags/example_dag_decorator.py took 0.375 seconds
[2022-09-25T14:52:07.159+0000] {processor.py:153} INFO - Started process (PID=12444) to work on /home/airflow/.local/lib/python3.7/site-packages/airflow/example_dags/example_dag_decorator.py
[2022-09-25T14:52:07.163+0000] {processor.py:640} INFO - Processing file /home/airflow/.local/lib/python3.7/site-packages/airflow/example_dags/example_dag_decorator.py for tasks to queue
[2022-09-25T14:52:07.165+0000] {logging_mixin.py:115} INFO - [2022-09-25T14:52:07.165+0000] {dagbag.py:508} INFO - Filling up the DagBag from /home/airflow/.local/lib/python3.7/site-packages/airflow/example_dags/example_dag_decorator.py
[2022-09-25T14:52:07.199+0000] {processor.py:650} INFO - DAG(s) dict_keys(['example_dag_decorator']) retrieved from /home/airflow/.local/lib/python3.7/site-packages/airflow/example_dags/example_dag_decorator.py
[2022-09-25T14:52:07.300+0000] {logging_mixin.py:115} INFO - [2022-09-25T14:52:07.300+0000] {dag.py:2429} INFO - Sync 1 DAGs
[2022-09-25T14:52:07.490+0000] {logging_mixin.py:115} INFO - [2022-09-25T14:52:07.489+0000] {dag.py:2981} INFO - Setting next_dagrun for example_dag_decorator to None, run_after=None
[2022-09-25T14:52:07.515+0000] {processor.py:161} INFO - Processing /home/airflow/.local/lib/python3.7/site-packages/airflow/example_dags/example_dag_decorator.py took 0.361 seconds
