[2022-09-25T14:22:17.191+0000] {processor.py:153} INFO - Started process (PID=318) to work on /home/airflow/.local/lib/python3.7/site-packages/airflow/example_dags/example_python_operator.py
[2022-09-25T14:22:17.199+0000] {processor.py:640} INFO - Processing file /home/airflow/.local/lib/python3.7/site-packages/airflow/example_dags/example_python_operator.py for tasks to queue
[2022-09-25T14:22:17.203+0000] {logging_mixin.py:115} INFO - [2022-09-25T14:22:17.203+0000] {dagbag.py:508} INFO - Filling up the DagBag from /home/airflow/.local/lib/python3.7/site-packages/airflow/example_dags/example_python_operator.py
[2022-09-25T14:22:18.280+0000] {processor.py:650} INFO - DAG(s) dict_keys(['example_python_operator']) retrieved from /home/airflow/.local/lib/python3.7/site-packages/airflow/example_dags/example_python_operator.py
[2022-09-25T14:22:20.212+0000] {logging_mixin.py:115} INFO - [2022-09-25T14:22:20.211+0000] {dag.py:2429} INFO - Sync 1 DAGs
[2022-09-25T14:22:20.996+0000] {logging_mixin.py:115} INFO - [2022-09-25T14:22:20.996+0000] {dag.py:2981} INFO - Setting next_dagrun for example_python_operator to None, run_after=None
[2022-09-25T14:22:21.344+0000] {processor.py:161} INFO - Processing /home/airflow/.local/lib/python3.7/site-packages/airflow/example_dags/example_python_operator.py took 4.184 seconds
[2022-09-25T14:22:52.087+0000] {processor.py:153} INFO - Started process (PID=526) to work on /home/airflow/.local/lib/python3.7/site-packages/airflow/example_dags/example_python_operator.py
[2022-09-25T14:22:52.090+0000] {processor.py:640} INFO - Processing file /home/airflow/.local/lib/python3.7/site-packages/airflow/example_dags/example_python_operator.py for tasks to queue
[2022-09-25T14:22:52.091+0000] {logging_mixin.py:115} INFO - [2022-09-25T14:22:52.091+0000] {dagbag.py:508} INFO - Filling up the DagBag from /home/airflow/.local/lib/python3.7/site-packages/airflow/example_dags/example_python_operator.py
[2022-09-25T14:22:52.135+0000] {processor.py:650} INFO - DAG(s) dict_keys(['example_python_operator']) retrieved from /home/airflow/.local/lib/python3.7/site-packages/airflow/example_dags/example_python_operator.py
[2022-09-25T14:22:52.194+0000] {logging_mixin.py:115} INFO - [2022-09-25T14:22:52.193+0000] {dag.py:2429} INFO - Sync 1 DAGs
[2022-09-25T14:22:52.276+0000] {logging_mixin.py:115} INFO - [2022-09-25T14:22:52.275+0000] {dag.py:2981} INFO - Setting next_dagrun for example_python_operator to None, run_after=None
[2022-09-25T14:22:52.312+0000] {processor.py:161} INFO - Processing /home/airflow/.local/lib/python3.7/site-packages/airflow/example_dags/example_python_operator.py took 0.239 seconds
[2022-09-25T14:23:22.503+0000] {processor.py:153} INFO - Started process (PID=739) to work on /home/airflow/.local/lib/python3.7/site-packages/airflow/example_dags/example_python_operator.py
[2022-09-25T14:23:22.506+0000] {processor.py:640} INFO - Processing file /home/airflow/.local/lib/python3.7/site-packages/airflow/example_dags/example_python_operator.py for tasks to queue
[2022-09-25T14:23:22.509+0000] {logging_mixin.py:115} INFO - [2022-09-25T14:23:22.509+0000] {dagbag.py:508} INFO - Filling up the DagBag from /home/airflow/.local/lib/python3.7/site-packages/airflow/example_dags/example_python_operator.py
[2022-09-25T14:23:22.548+0000] {processor.py:650} INFO - DAG(s) dict_keys(['example_python_operator']) retrieved from /home/airflow/.local/lib/python3.7/site-packages/airflow/example_dags/example_python_operator.py
[2022-09-25T14:23:22.624+0000] {logging_mixin.py:115} INFO - [2022-09-25T14:23:22.624+0000] {dag.py:2429} INFO - Sync 1 DAGs
[2022-09-25T14:23:22.677+0000] {logging_mixin.py:115} INFO - [2022-09-25T14:23:22.676+0000] {dag.py:2981} INFO - Setting next_dagrun for example_python_operator to None, run_after=None
[2022-09-25T14:23:22.712+0000] {processor.py:161} INFO - Processing /home/airflow/.local/lib/python3.7/site-packages/airflow/example_dags/example_python_operator.py took 0.216 seconds
[2022-09-25T14:23:52.834+0000] {processor.py:153} INFO - Started process (PID=946) to work on /home/airflow/.local/lib/python3.7/site-packages/airflow/example_dags/example_python_operator.py
[2022-09-25T14:23:52.837+0000] {processor.py:640} INFO - Processing file /home/airflow/.local/lib/python3.7/site-packages/airflow/example_dags/example_python_operator.py for tasks to queue
[2022-09-25T14:23:52.839+0000] {logging_mixin.py:115} INFO - [2022-09-25T14:23:52.839+0000] {dagbag.py:508} INFO - Filling up the DagBag from /home/airflow/.local/lib/python3.7/site-packages/airflow/example_dags/example_python_operator.py
[2022-09-25T14:23:52.875+0000] {processor.py:650} INFO - DAG(s) dict_keys(['example_python_operator']) retrieved from /home/airflow/.local/lib/python3.7/site-packages/airflow/example_dags/example_python_operator.py
[2022-09-25T14:23:52.935+0000] {logging_mixin.py:115} INFO - [2022-09-25T14:23:52.935+0000] {dag.py:2429} INFO - Sync 1 DAGs
[2022-09-25T14:23:52.973+0000] {logging_mixin.py:115} INFO - [2022-09-25T14:23:52.973+0000] {dag.py:2981} INFO - Setting next_dagrun for example_python_operator to None, run_after=None
[2022-09-25T14:23:52.994+0000] {processor.py:161} INFO - Processing /home/airflow/.local/lib/python3.7/site-packages/airflow/example_dags/example_python_operator.py took 0.167 seconds
[2022-09-25T14:24:23.344+0000] {processor.py:153} INFO - Started process (PID=1151) to work on /home/airflow/.local/lib/python3.7/site-packages/airflow/example_dags/example_python_operator.py
[2022-09-25T14:24:23.346+0000] {processor.py:640} INFO - Processing file /home/airflow/.local/lib/python3.7/site-packages/airflow/example_dags/example_python_operator.py for tasks to queue
[2022-09-25T14:24:23.348+0000] {logging_mixin.py:115} INFO - [2022-09-25T14:24:23.348+0000] {dagbag.py:508} INFO - Filling up the DagBag from /home/airflow/.local/lib/python3.7/site-packages/airflow/example_dags/example_python_operator.py
[2022-09-25T14:24:23.383+0000] {processor.py:650} INFO - DAG(s) dict_keys(['example_python_operator']) retrieved from /home/airflow/.local/lib/python3.7/site-packages/airflow/example_dags/example_python_operator.py
[2022-09-25T14:24:23.424+0000] {logging_mixin.py:115} INFO - [2022-09-25T14:24:23.424+0000] {dag.py:2429} INFO - Sync 1 DAGs
[2022-09-25T14:24:23.457+0000] {logging_mixin.py:115} INFO - [2022-09-25T14:24:23.457+0000] {dag.py:2981} INFO - Setting next_dagrun for example_python_operator to None, run_after=None
[2022-09-25T14:24:23.478+0000] {processor.py:161} INFO - Processing /home/airflow/.local/lib/python3.7/site-packages/airflow/example_dags/example_python_operator.py took 0.140 seconds
[2022-09-25T14:24:54.362+0000] {processor.py:153} INFO - Started process (PID=1366) to work on /home/airflow/.local/lib/python3.7/site-packages/airflow/example_dags/example_python_operator.py
[2022-09-25T14:24:54.364+0000] {processor.py:640} INFO - Processing file /home/airflow/.local/lib/python3.7/site-packages/airflow/example_dags/example_python_operator.py for tasks to queue
[2022-09-25T14:24:54.366+0000] {logging_mixin.py:115} INFO - [2022-09-25T14:24:54.365+0000] {dagbag.py:508} INFO - Filling up the DagBag from /home/airflow/.local/lib/python3.7/site-packages/airflow/example_dags/example_python_operator.py
[2022-09-25T14:24:54.398+0000] {processor.py:650} INFO - DAG(s) dict_keys(['example_python_operator']) retrieved from /home/airflow/.local/lib/python3.7/site-packages/airflow/example_dags/example_python_operator.py
[2022-09-25T14:24:54.435+0000] {logging_mixin.py:115} INFO - [2022-09-25T14:24:54.435+0000] {dag.py:2429} INFO - Sync 1 DAGs
[2022-09-25T14:24:54.469+0000] {logging_mixin.py:115} INFO - [2022-09-25T14:24:54.469+0000] {dag.py:2981} INFO - Setting next_dagrun for example_python_operator to None, run_after=None
[2022-09-25T14:24:54.499+0000] {processor.py:161} INFO - Processing /home/airflow/.local/lib/python3.7/site-packages/airflow/example_dags/example_python_operator.py took 0.143 seconds
[2022-09-25T14:25:25.120+0000] {processor.py:153} INFO - Started process (PID=1578) to work on /home/airflow/.local/lib/python3.7/site-packages/airflow/example_dags/example_python_operator.py
[2022-09-25T14:25:25.122+0000] {processor.py:640} INFO - Processing file /home/airflow/.local/lib/python3.7/site-packages/airflow/example_dags/example_python_operator.py for tasks to queue
[2022-09-25T14:25:25.126+0000] {logging_mixin.py:115} INFO - [2022-09-25T14:25:25.125+0000] {dagbag.py:508} INFO - Filling up the DagBag from /home/airflow/.local/lib/python3.7/site-packages/airflow/example_dags/example_python_operator.py
[2022-09-25T14:25:25.165+0000] {processor.py:650} INFO - DAG(s) dict_keys(['example_python_operator']) retrieved from /home/airflow/.local/lib/python3.7/site-packages/airflow/example_dags/example_python_operator.py
[2022-09-25T14:25:25.217+0000] {logging_mixin.py:115} INFO - [2022-09-25T14:25:25.216+0000] {dag.py:2429} INFO - Sync 1 DAGs
[2022-09-25T14:25:25.260+0000] {logging_mixin.py:115} INFO - [2022-09-25T14:25:25.259+0000] {dag.py:2981} INFO - Setting next_dagrun for example_python_operator to None, run_after=None
[2022-09-25T14:25:25.283+0000] {processor.py:161} INFO - Processing /home/airflow/.local/lib/python3.7/site-packages/airflow/example_dags/example_python_operator.py took 0.169 seconds
[2022-09-25T14:25:55.838+0000] {processor.py:153} INFO - Started process (PID=1786) to work on /home/airflow/.local/lib/python3.7/site-packages/airflow/example_dags/example_python_operator.py
[2022-09-25T14:25:55.842+0000] {processor.py:640} INFO - Processing file /home/airflow/.local/lib/python3.7/site-packages/airflow/example_dags/example_python_operator.py for tasks to queue
[2022-09-25T14:25:55.845+0000] {logging_mixin.py:115} INFO - [2022-09-25T14:25:55.844+0000] {dagbag.py:508} INFO - Filling up the DagBag from /home/airflow/.local/lib/python3.7/site-packages/airflow/example_dags/example_python_operator.py
[2022-09-25T14:25:55.889+0000] {processor.py:650} INFO - DAG(s) dict_keys(['example_python_operator']) retrieved from /home/airflow/.local/lib/python3.7/site-packages/airflow/example_dags/example_python_operator.py
[2022-09-25T14:25:55.948+0000] {logging_mixin.py:115} INFO - [2022-09-25T14:25:55.948+0000] {dag.py:2429} INFO - Sync 1 DAGs
[2022-09-25T14:25:55.999+0000] {logging_mixin.py:115} INFO - [2022-09-25T14:25:55.999+0000] {dag.py:2981} INFO - Setting next_dagrun for example_python_operator to None, run_after=None
[2022-09-25T14:25:56.026+0000] {processor.py:161} INFO - Processing /home/airflow/.local/lib/python3.7/site-packages/airflow/example_dags/example_python_operator.py took 0.198 seconds
[2022-09-25T14:26:26.471+0000] {processor.py:153} INFO - Started process (PID=1991) to work on /home/airflow/.local/lib/python3.7/site-packages/airflow/example_dags/example_python_operator.py
[2022-09-25T14:26:26.473+0000] {processor.py:640} INFO - Processing file /home/airflow/.local/lib/python3.7/site-packages/airflow/example_dags/example_python_operator.py for tasks to queue
[2022-09-25T14:26:26.475+0000] {logging_mixin.py:115} INFO - [2022-09-25T14:26:26.475+0000] {dagbag.py:508} INFO - Filling up the DagBag from /home/airflow/.local/lib/python3.7/site-packages/airflow/example_dags/example_python_operator.py
[2022-09-25T14:26:26.508+0000] {processor.py:650} INFO - DAG(s) dict_keys(['example_python_operator']) retrieved from /home/airflow/.local/lib/python3.7/site-packages/airflow/example_dags/example_python_operator.py
[2022-09-25T14:26:26.549+0000] {logging_mixin.py:115} INFO - [2022-09-25T14:26:26.549+0000] {dag.py:2429} INFO - Sync 1 DAGs
[2022-09-25T14:26:26.583+0000] {logging_mixin.py:115} INFO - [2022-09-25T14:26:26.582+0000] {dag.py:2981} INFO - Setting next_dagrun for example_python_operator to None, run_after=None
[2022-09-25T14:26:26.604+0000] {processor.py:161} INFO - Processing /home/airflow/.local/lib/python3.7/site-packages/airflow/example_dags/example_python_operator.py took 0.138 seconds
[2022-09-25T14:26:56.967+0000] {processor.py:153} INFO - Started process (PID=2206) to work on /home/airflow/.local/lib/python3.7/site-packages/airflow/example_dags/example_python_operator.py
[2022-09-25T14:26:56.969+0000] {processor.py:640} INFO - Processing file /home/airflow/.local/lib/python3.7/site-packages/airflow/example_dags/example_python_operator.py for tasks to queue
[2022-09-25T14:26:56.972+0000] {logging_mixin.py:115} INFO - [2022-09-25T14:26:56.972+0000] {dagbag.py:508} INFO - Filling up the DagBag from /home/airflow/.local/lib/python3.7/site-packages/airflow/example_dags/example_python_operator.py
[2022-09-25T14:26:57.003+0000] {processor.py:650} INFO - DAG(s) dict_keys(['example_python_operator']) retrieved from /home/airflow/.local/lib/python3.7/site-packages/airflow/example_dags/example_python_operator.py
[2022-09-25T14:26:57.042+0000] {logging_mixin.py:115} INFO - [2022-09-25T14:26:57.042+0000] {dag.py:2429} INFO - Sync 1 DAGs
[2022-09-25T14:26:57.073+0000] {logging_mixin.py:115} INFO - [2022-09-25T14:26:57.073+0000] {dag.py:2981} INFO - Setting next_dagrun for example_python_operator to None, run_after=None
[2022-09-25T14:26:57.095+0000] {processor.py:161} INFO - Processing /home/airflow/.local/lib/python3.7/site-packages/airflow/example_dags/example_python_operator.py took 0.133 seconds
[2022-09-25T14:27:28.038+0000] {processor.py:153} INFO - Started process (PID=2419) to work on /home/airflow/.local/lib/python3.7/site-packages/airflow/example_dags/example_python_operator.py
[2022-09-25T14:27:28.041+0000] {processor.py:640} INFO - Processing file /home/airflow/.local/lib/python3.7/site-packages/airflow/example_dags/example_python_operator.py for tasks to queue
[2022-09-25T14:27:28.044+0000] {logging_mixin.py:115} INFO - [2022-09-25T14:27:28.044+0000] {dagbag.py:508} INFO - Filling up the DagBag from /home/airflow/.local/lib/python3.7/site-packages/airflow/example_dags/example_python_operator.py
[2022-09-25T14:27:28.083+0000] {processor.py:650} INFO - DAG(s) dict_keys(['example_python_operator']) retrieved from /home/airflow/.local/lib/python3.7/site-packages/airflow/example_dags/example_python_operator.py
[2022-09-25T14:27:28.128+0000] {logging_mixin.py:115} INFO - [2022-09-25T14:27:28.128+0000] {dag.py:2429} INFO - Sync 1 DAGs
[2022-09-25T14:27:28.165+0000] {logging_mixin.py:115} INFO - [2022-09-25T14:27:28.165+0000] {dag.py:2981} INFO - Setting next_dagrun for example_python_operator to None, run_after=None
[2022-09-25T14:27:28.192+0000] {processor.py:161} INFO - Processing /home/airflow/.local/lib/python3.7/site-packages/airflow/example_dags/example_python_operator.py took 0.159 seconds
[2022-09-25T14:27:58.597+0000] {processor.py:153} INFO - Started process (PID=2623) to work on /home/airflow/.local/lib/python3.7/site-packages/airflow/example_dags/example_python_operator.py
[2022-09-25T14:27:58.599+0000] {processor.py:640} INFO - Processing file /home/airflow/.local/lib/python3.7/site-packages/airflow/example_dags/example_python_operator.py for tasks to queue
[2022-09-25T14:27:58.601+0000] {logging_mixin.py:115} INFO - [2022-09-25T14:27:58.600+0000] {dagbag.py:508} INFO - Filling up the DagBag from /home/airflow/.local/lib/python3.7/site-packages/airflow/example_dags/example_python_operator.py
[2022-09-25T14:27:58.637+0000] {processor.py:650} INFO - DAG(s) dict_keys(['example_python_operator']) retrieved from /home/airflow/.local/lib/python3.7/site-packages/airflow/example_dags/example_python_operator.py
[2022-09-25T14:27:58.681+0000] {logging_mixin.py:115} INFO - [2022-09-25T14:27:58.680+0000] {dag.py:2429} INFO - Sync 1 DAGs
[2022-09-25T14:27:58.717+0000] {logging_mixin.py:115} INFO - [2022-09-25T14:27:58.717+0000] {dag.py:2981} INFO - Setting next_dagrun for example_python_operator to None, run_after=None
[2022-09-25T14:27:58.745+0000] {processor.py:161} INFO - Processing /home/airflow/.local/lib/python3.7/site-packages/airflow/example_dags/example_python_operator.py took 0.156 seconds
[2022-09-25T14:28:29.637+0000] {processor.py:153} INFO - Started process (PID=2837) to work on /home/airflow/.local/lib/python3.7/site-packages/airflow/example_dags/example_python_operator.py
[2022-09-25T14:28:29.639+0000] {processor.py:640} INFO - Processing file /home/airflow/.local/lib/python3.7/site-packages/airflow/example_dags/example_python_operator.py for tasks to queue
[2022-09-25T14:28:29.641+0000] {logging_mixin.py:115} INFO - [2022-09-25T14:28:29.641+0000] {dagbag.py:508} INFO - Filling up the DagBag from /home/airflow/.local/lib/python3.7/site-packages/airflow/example_dags/example_python_operator.py
[2022-09-25T14:28:29.681+0000] {processor.py:650} INFO - DAG(s) dict_keys(['example_python_operator']) retrieved from /home/airflow/.local/lib/python3.7/site-packages/airflow/example_dags/example_python_operator.py
[2022-09-25T14:28:29.725+0000] {logging_mixin.py:115} INFO - [2022-09-25T14:28:29.724+0000] {dag.py:2429} INFO - Sync 1 DAGs
[2022-09-25T14:28:29.762+0000] {logging_mixin.py:115} INFO - [2022-09-25T14:28:29.762+0000] {dag.py:2981} INFO - Setting next_dagrun for example_python_operator to None, run_after=None
[2022-09-25T14:28:29.790+0000] {processor.py:161} INFO - Processing /home/airflow/.local/lib/python3.7/site-packages/airflow/example_dags/example_python_operator.py took 0.159 seconds
[2022-09-25T14:28:59.868+0000] {processor.py:153} INFO - Started process (PID=3042) to work on /home/airflow/.local/lib/python3.7/site-packages/airflow/example_dags/example_python_operator.py
[2022-09-25T14:28:59.870+0000] {processor.py:640} INFO - Processing file /home/airflow/.local/lib/python3.7/site-packages/airflow/example_dags/example_python_operator.py for tasks to queue
[2022-09-25T14:28:59.872+0000] {logging_mixin.py:115} INFO - [2022-09-25T14:28:59.872+0000] {dagbag.py:508} INFO - Filling up the DagBag from /home/airflow/.local/lib/python3.7/site-packages/airflow/example_dags/example_python_operator.py
[2022-09-25T14:28:59.915+0000] {processor.py:650} INFO - DAG(s) dict_keys(['example_python_operator']) retrieved from /home/airflow/.local/lib/python3.7/site-packages/airflow/example_dags/example_python_operator.py
[2022-09-25T14:28:59.962+0000] {logging_mixin.py:115} INFO - [2022-09-25T14:28:59.962+0000] {dag.py:2429} INFO - Sync 1 DAGs
[2022-09-25T14:29:00.000+0000] {logging_mixin.py:115} INFO - [2022-09-25T14:28:59.999+0000] {dag.py:2981} INFO - Setting next_dagrun for example_python_operator to None, run_after=None
[2022-09-25T14:29:00.022+0000] {processor.py:161} INFO - Processing /home/airflow/.local/lib/python3.7/site-packages/airflow/example_dags/example_python_operator.py took 0.160 seconds
[2022-09-25T14:29:31.508+0000] {processor.py:153} INFO - Started process (PID=3256) to work on /home/airflow/.local/lib/python3.7/site-packages/airflow/example_dags/example_python_operator.py
[2022-09-25T14:29:31.511+0000] {processor.py:640} INFO - Processing file /home/airflow/.local/lib/python3.7/site-packages/airflow/example_dags/example_python_operator.py for tasks to queue
[2022-09-25T14:29:31.512+0000] {logging_mixin.py:115} INFO - [2022-09-25T14:29:31.512+0000] {dagbag.py:508} INFO - Filling up the DagBag from /home/airflow/.local/lib/python3.7/site-packages/airflow/example_dags/example_python_operator.py
[2022-09-25T14:29:31.553+0000] {processor.py:650} INFO - DAG(s) dict_keys(['example_python_operator']) retrieved from /home/airflow/.local/lib/python3.7/site-packages/airflow/example_dags/example_python_operator.py
[2022-09-25T14:29:31.606+0000] {logging_mixin.py:115} INFO - [2022-09-25T14:29:31.606+0000] {dag.py:2429} INFO - Sync 1 DAGs
[2022-09-25T14:29:31.646+0000] {logging_mixin.py:115} INFO - [2022-09-25T14:29:31.645+0000] {dag.py:2981} INFO - Setting next_dagrun for example_python_operator to None, run_after=None
[2022-09-25T14:29:31.669+0000] {processor.py:161} INFO - Processing /home/airflow/.local/lib/python3.7/site-packages/airflow/example_dags/example_python_operator.py took 0.167 seconds
[2022-09-25T14:30:02.749+0000] {processor.py:153} INFO - Started process (PID=3462) to work on /home/airflow/.local/lib/python3.7/site-packages/airflow/example_dags/example_python_operator.py
[2022-09-25T14:30:02.752+0000] {processor.py:640} INFO - Processing file /home/airflow/.local/lib/python3.7/site-packages/airflow/example_dags/example_python_operator.py for tasks to queue
[2022-09-25T14:30:02.755+0000] {logging_mixin.py:115} INFO - [2022-09-25T14:30:02.755+0000] {dagbag.py:508} INFO - Filling up the DagBag from /home/airflow/.local/lib/python3.7/site-packages/airflow/example_dags/example_python_operator.py
[2022-09-25T14:30:02.797+0000] {processor.py:650} INFO - DAG(s) dict_keys(['example_python_operator']) retrieved from /home/airflow/.local/lib/python3.7/site-packages/airflow/example_dags/example_python_operator.py
[2022-09-25T14:30:02.867+0000] {logging_mixin.py:115} INFO - [2022-09-25T14:30:02.867+0000] {dag.py:2429} INFO - Sync 1 DAGs
[2022-09-25T14:30:02.903+0000] {logging_mixin.py:115} INFO - [2022-09-25T14:30:02.903+0000] {dag.py:2981} INFO - Setting next_dagrun for example_python_operator to None, run_after=None
[2022-09-25T14:30:02.925+0000] {processor.py:161} INFO - Processing /home/airflow/.local/lib/python3.7/site-packages/airflow/example_dags/example_python_operator.py took 0.186 seconds
[2022-09-25T14:30:33.546+0000] {processor.py:153} INFO - Started process (PID=3676) to work on /home/airflow/.local/lib/python3.7/site-packages/airflow/example_dags/example_python_operator.py
[2022-09-25T14:30:33.549+0000] {processor.py:640} INFO - Processing file /home/airflow/.local/lib/python3.7/site-packages/airflow/example_dags/example_python_operator.py for tasks to queue
[2022-09-25T14:30:33.551+0000] {logging_mixin.py:115} INFO - [2022-09-25T14:30:33.551+0000] {dagbag.py:508} INFO - Filling up the DagBag from /home/airflow/.local/lib/python3.7/site-packages/airflow/example_dags/example_python_operator.py
[2022-09-25T14:30:33.591+0000] {processor.py:650} INFO - DAG(s) dict_keys(['example_python_operator']) retrieved from /home/airflow/.local/lib/python3.7/site-packages/airflow/example_dags/example_python_operator.py
[2022-09-25T14:30:33.631+0000] {logging_mixin.py:115} INFO - [2022-09-25T14:30:33.631+0000] {dag.py:2429} INFO - Sync 1 DAGs
[2022-09-25T14:30:33.666+0000] {logging_mixin.py:115} INFO - [2022-09-25T14:30:33.666+0000] {dag.py:2981} INFO - Setting next_dagrun for example_python_operator to None, run_after=None
[2022-09-25T14:30:33.687+0000] {processor.py:161} INFO - Processing /home/airflow/.local/lib/python3.7/site-packages/airflow/example_dags/example_python_operator.py took 0.146 seconds
[2022-09-25T14:31:05.157+0000] {processor.py:153} INFO - Started process (PID=3881) to work on /home/airflow/.local/lib/python3.7/site-packages/airflow/example_dags/example_python_operator.py
[2022-09-25T14:31:05.159+0000] {processor.py:640} INFO - Processing file /home/airflow/.local/lib/python3.7/site-packages/airflow/example_dags/example_python_operator.py for tasks to queue
[2022-09-25T14:31:05.162+0000] {logging_mixin.py:115} INFO - [2022-09-25T14:31:05.161+0000] {dagbag.py:508} INFO - Filling up the DagBag from /home/airflow/.local/lib/python3.7/site-packages/airflow/example_dags/example_python_operator.py
[2022-09-25T14:31:05.201+0000] {processor.py:650} INFO - DAG(s) dict_keys(['example_python_operator']) retrieved from /home/airflow/.local/lib/python3.7/site-packages/airflow/example_dags/example_python_operator.py
[2022-09-25T14:31:05.250+0000] {logging_mixin.py:115} INFO - [2022-09-25T14:31:05.250+0000] {dag.py:2429} INFO - Sync 1 DAGs
[2022-09-25T14:31:05.285+0000] {logging_mixin.py:115} INFO - [2022-09-25T14:31:05.285+0000] {dag.py:2981} INFO - Setting next_dagrun for example_python_operator to None, run_after=None
[2022-09-25T14:31:05.307+0000] {processor.py:161} INFO - Processing /home/airflow/.local/lib/python3.7/site-packages/airflow/example_dags/example_python_operator.py took 0.156 seconds
[2022-09-25T14:31:36.245+0000] {processor.py:153} INFO - Started process (PID=4095) to work on /home/airflow/.local/lib/python3.7/site-packages/airflow/example_dags/example_python_operator.py
[2022-09-25T14:31:36.247+0000] {processor.py:640} INFO - Processing file /home/airflow/.local/lib/python3.7/site-packages/airflow/example_dags/example_python_operator.py for tasks to queue
[2022-09-25T14:31:36.250+0000] {logging_mixin.py:115} INFO - [2022-09-25T14:31:36.250+0000] {dagbag.py:508} INFO - Filling up the DagBag from /home/airflow/.local/lib/python3.7/site-packages/airflow/example_dags/example_python_operator.py
[2022-09-25T14:31:36.293+0000] {processor.py:650} INFO - DAG(s) dict_keys(['example_python_operator']) retrieved from /home/airflow/.local/lib/python3.7/site-packages/airflow/example_dags/example_python_operator.py
[2022-09-25T14:31:36.356+0000] {logging_mixin.py:115} INFO - [2022-09-25T14:31:36.356+0000] {dag.py:2429} INFO - Sync 1 DAGs
[2022-09-25T14:31:36.410+0000] {logging_mixin.py:115} INFO - [2022-09-25T14:31:36.410+0000] {dag.py:2981} INFO - Setting next_dagrun for example_python_operator to None, run_after=None
[2022-09-25T14:31:36.439+0000] {processor.py:161} INFO - Processing /home/airflow/.local/lib/python3.7/site-packages/airflow/example_dags/example_python_operator.py took 0.201 seconds
[2022-09-25T14:32:07.099+0000] {processor.py:153} INFO - Started process (PID=4300) to work on /home/airflow/.local/lib/python3.7/site-packages/airflow/example_dags/example_python_operator.py
[2022-09-25T14:32:07.102+0000] {processor.py:640} INFO - Processing file /home/airflow/.local/lib/python3.7/site-packages/airflow/example_dags/example_python_operator.py for tasks to queue
[2022-09-25T14:32:07.106+0000] {logging_mixin.py:115} INFO - [2022-09-25T14:32:07.105+0000] {dagbag.py:508} INFO - Filling up the DagBag from /home/airflow/.local/lib/python3.7/site-packages/airflow/example_dags/example_python_operator.py
[2022-09-25T14:32:07.149+0000] {processor.py:650} INFO - DAG(s) dict_keys(['example_python_operator']) retrieved from /home/airflow/.local/lib/python3.7/site-packages/airflow/example_dags/example_python_operator.py
[2022-09-25T14:32:07.283+0000] {logging_mixin.py:115} INFO - [2022-09-25T14:32:07.282+0000] {dag.py:2429} INFO - Sync 1 DAGs
[2022-09-25T14:32:07.360+0000] {logging_mixin.py:115} INFO - [2022-09-25T14:32:07.360+0000] {dag.py:2981} INFO - Setting next_dagrun for example_python_operator to None, run_after=None
[2022-09-25T14:32:07.385+0000] {processor.py:161} INFO - Processing /home/airflow/.local/lib/python3.7/site-packages/airflow/example_dags/example_python_operator.py took 0.292 seconds
[2022-09-25T14:32:38.277+0000] {processor.py:153} INFO - Started process (PID=4505) to work on /home/airflow/.local/lib/python3.7/site-packages/airflow/example_dags/example_python_operator.py
[2022-09-25T14:32:38.281+0000] {processor.py:640} INFO - Processing file /home/airflow/.local/lib/python3.7/site-packages/airflow/example_dags/example_python_operator.py for tasks to queue
[2022-09-25T14:32:38.283+0000] {logging_mixin.py:115} INFO - [2022-09-25T14:32:38.283+0000] {dagbag.py:508} INFO - Filling up the DagBag from /home/airflow/.local/lib/python3.7/site-packages/airflow/example_dags/example_python_operator.py
[2022-09-25T14:32:38.331+0000] {processor.py:650} INFO - DAG(s) dict_keys(['example_python_operator']) retrieved from /home/airflow/.local/lib/python3.7/site-packages/airflow/example_dags/example_python_operator.py
[2022-09-25T14:32:38.382+0000] {logging_mixin.py:115} INFO - [2022-09-25T14:32:38.381+0000] {dag.py:2429} INFO - Sync 1 DAGs
[2022-09-25T14:32:38.432+0000] {logging_mixin.py:115} INFO - [2022-09-25T14:32:38.432+0000] {dag.py:2981} INFO - Setting next_dagrun for example_python_operator to None, run_after=None
[2022-09-25T14:32:38.462+0000] {processor.py:161} INFO - Processing /home/airflow/.local/lib/python3.7/site-packages/airflow/example_dags/example_python_operator.py took 0.192 seconds
[2022-09-25T14:33:09.165+0000] {processor.py:153} INFO - Started process (PID=4721) to work on /home/airflow/.local/lib/python3.7/site-packages/airflow/example_dags/example_python_operator.py
[2022-09-25T14:33:09.167+0000] {processor.py:640} INFO - Processing file /home/airflow/.local/lib/python3.7/site-packages/airflow/example_dags/example_python_operator.py for tasks to queue
[2022-09-25T14:33:09.169+0000] {logging_mixin.py:115} INFO - [2022-09-25T14:33:09.169+0000] {dagbag.py:508} INFO - Filling up the DagBag from /home/airflow/.local/lib/python3.7/site-packages/airflow/example_dags/example_python_operator.py
[2022-09-25T14:33:09.203+0000] {processor.py:650} INFO - DAG(s) dict_keys(['example_python_operator']) retrieved from /home/airflow/.local/lib/python3.7/site-packages/airflow/example_dags/example_python_operator.py
[2022-09-25T14:33:09.255+0000] {logging_mixin.py:115} INFO - [2022-09-25T14:33:09.254+0000] {dag.py:2429} INFO - Sync 1 DAGs
[2022-09-25T14:33:09.299+0000] {logging_mixin.py:115} INFO - [2022-09-25T14:33:09.299+0000] {dag.py:2981} INFO - Setting next_dagrun for example_python_operator to None, run_after=None
[2022-09-25T14:33:09.321+0000] {processor.py:161} INFO - Processing /home/airflow/.local/lib/python3.7/site-packages/airflow/example_dags/example_python_operator.py took 0.163 seconds
[2022-09-25T14:33:40.747+0000] {processor.py:153} INFO - Started process (PID=4927) to work on /home/airflow/.local/lib/python3.7/site-packages/airflow/example_dags/example_python_operator.py
[2022-09-25T14:33:40.750+0000] {processor.py:640} INFO - Processing file /home/airflow/.local/lib/python3.7/site-packages/airflow/example_dags/example_python_operator.py for tasks to queue
[2022-09-25T14:33:40.753+0000] {logging_mixin.py:115} INFO - [2022-09-25T14:33:40.753+0000] {dagbag.py:508} INFO - Filling up the DagBag from /home/airflow/.local/lib/python3.7/site-packages/airflow/example_dags/example_python_operator.py
[2022-09-25T14:33:40.782+0000] {processor.py:650} INFO - DAG(s) dict_keys(['example_python_operator']) retrieved from /home/airflow/.local/lib/python3.7/site-packages/airflow/example_dags/example_python_operator.py
[2022-09-25T14:33:40.834+0000] {logging_mixin.py:115} INFO - [2022-09-25T14:33:40.834+0000] {dag.py:2429} INFO - Sync 1 DAGs
[2022-09-25T14:33:40.874+0000] {logging_mixin.py:115} INFO - [2022-09-25T14:33:40.874+0000] {dag.py:2981} INFO - Setting next_dagrun for example_python_operator to None, run_after=None
[2022-09-25T14:33:40.916+0000] {processor.py:161} INFO - Processing /home/airflow/.local/lib/python3.7/site-packages/airflow/example_dags/example_python_operator.py took 0.195 seconds
[2022-09-25T14:34:11.212+0000] {processor.py:153} INFO - Started process (PID=5141) to work on /home/airflow/.local/lib/python3.7/site-packages/airflow/example_dags/example_python_operator.py
[2022-09-25T14:34:11.214+0000] {processor.py:640} INFO - Processing file /home/airflow/.local/lib/python3.7/site-packages/airflow/example_dags/example_python_operator.py for tasks to queue
[2022-09-25T14:34:11.216+0000] {logging_mixin.py:115} INFO - [2022-09-25T14:34:11.216+0000] {dagbag.py:508} INFO - Filling up the DagBag from /home/airflow/.local/lib/python3.7/site-packages/airflow/example_dags/example_python_operator.py
[2022-09-25T14:34:11.259+0000] {processor.py:650} INFO - DAG(s) dict_keys(['example_python_operator']) retrieved from /home/airflow/.local/lib/python3.7/site-packages/airflow/example_dags/example_python_operator.py
[2022-09-25T14:34:11.325+0000] {logging_mixin.py:115} INFO - [2022-09-25T14:34:11.325+0000] {dag.py:2429} INFO - Sync 1 DAGs
[2022-09-25T14:34:11.366+0000] {logging_mixin.py:115} INFO - [2022-09-25T14:34:11.366+0000] {dag.py:2981} INFO - Setting next_dagrun for example_python_operator to None, run_after=None
[2022-09-25T14:34:11.391+0000] {processor.py:161} INFO - Processing /home/airflow/.local/lib/python3.7/site-packages/airflow/example_dags/example_python_operator.py took 0.185 seconds
[2022-09-25T14:34:42.625+0000] {processor.py:153} INFO - Started process (PID=5347) to work on /home/airflow/.local/lib/python3.7/site-packages/airflow/example_dags/example_python_operator.py
[2022-09-25T14:34:42.636+0000] {processor.py:640} INFO - Processing file /home/airflow/.local/lib/python3.7/site-packages/airflow/example_dags/example_python_operator.py for tasks to queue
[2022-09-25T14:34:42.639+0000] {logging_mixin.py:115} INFO - [2022-09-25T14:34:42.639+0000] {dagbag.py:508} INFO - Filling up the DagBag from /home/airflow/.local/lib/python3.7/site-packages/airflow/example_dags/example_python_operator.py
[2022-09-25T14:34:42.700+0000] {processor.py:650} INFO - DAG(s) dict_keys(['example_python_operator']) retrieved from /home/airflow/.local/lib/python3.7/site-packages/airflow/example_dags/example_python_operator.py
[2022-09-25T14:34:42.777+0000] {logging_mixin.py:115} INFO - [2022-09-25T14:34:42.776+0000] {dag.py:2429} INFO - Sync 1 DAGs
[2022-09-25T14:34:42.839+0000] {logging_mixin.py:115} INFO - [2022-09-25T14:34:42.839+0000] {dag.py:2981} INFO - Setting next_dagrun for example_python_operator to None, run_after=None
[2022-09-25T14:34:42.919+0000] {processor.py:161} INFO - Processing /home/airflow/.local/lib/python3.7/site-packages/airflow/example_dags/example_python_operator.py took 0.302 seconds
[2022-09-25T14:35:13.480+0000] {processor.py:153} INFO - Started process (PID=5562) to work on /home/airflow/.local/lib/python3.7/site-packages/airflow/example_dags/example_python_operator.py
[2022-09-25T14:35:13.483+0000] {processor.py:640} INFO - Processing file /home/airflow/.local/lib/python3.7/site-packages/airflow/example_dags/example_python_operator.py for tasks to queue
[2022-09-25T14:35:13.484+0000] {logging_mixin.py:115} INFO - [2022-09-25T14:35:13.484+0000] {dagbag.py:508} INFO - Filling up the DagBag from /home/airflow/.local/lib/python3.7/site-packages/airflow/example_dags/example_python_operator.py
[2022-09-25T14:35:13.516+0000] {processor.py:650} INFO - DAG(s) dict_keys(['example_python_operator']) retrieved from /home/airflow/.local/lib/python3.7/site-packages/airflow/example_dags/example_python_operator.py
[2022-09-25T14:35:13.558+0000] {logging_mixin.py:115} INFO - [2022-09-25T14:35:13.557+0000] {dag.py:2429} INFO - Sync 1 DAGs
[2022-09-25T14:35:13.592+0000] {logging_mixin.py:115} INFO - [2022-09-25T14:35:13.592+0000] {dag.py:2981} INFO - Setting next_dagrun for example_python_operator to None, run_after=None
[2022-09-25T14:35:13.617+0000] {processor.py:161} INFO - Processing /home/airflow/.local/lib/python3.7/site-packages/airflow/example_dags/example_python_operator.py took 0.143 seconds
[2022-09-25T14:35:43.842+0000] {processor.py:153} INFO - Started process (PID=5762) to work on /home/airflow/.local/lib/python3.7/site-packages/airflow/example_dags/example_python_operator.py
[2022-09-25T14:35:43.844+0000] {processor.py:640} INFO - Processing file /home/airflow/.local/lib/python3.7/site-packages/airflow/example_dags/example_python_operator.py for tasks to queue
[2022-09-25T14:35:43.846+0000] {logging_mixin.py:115} INFO - [2022-09-25T14:35:43.846+0000] {dagbag.py:508} INFO - Filling up the DagBag from /home/airflow/.local/lib/python3.7/site-packages/airflow/example_dags/example_python_operator.py
[2022-09-25T14:35:43.878+0000] {processor.py:650} INFO - DAG(s) dict_keys(['example_python_operator']) retrieved from /home/airflow/.local/lib/python3.7/site-packages/airflow/example_dags/example_python_operator.py
[2022-09-25T14:35:43.931+0000] {logging_mixin.py:115} INFO - [2022-09-25T14:35:43.931+0000] {dag.py:2429} INFO - Sync 1 DAGs
[2022-09-25T14:35:43.966+0000] {logging_mixin.py:115} INFO - [2022-09-25T14:35:43.965+0000] {dag.py:2981} INFO - Setting next_dagrun for example_python_operator to None, run_after=None
[2022-09-25T14:35:43.985+0000] {processor.py:161} INFO - Processing /home/airflow/.local/lib/python3.7/site-packages/airflow/example_dags/example_python_operator.py took 0.148 seconds
[2022-09-25T14:36:14.557+0000] {processor.py:153} INFO - Started process (PID=5982) to work on /home/airflow/.local/lib/python3.7/site-packages/airflow/example_dags/example_python_operator.py
[2022-09-25T14:36:14.559+0000] {processor.py:640} INFO - Processing file /home/airflow/.local/lib/python3.7/site-packages/airflow/example_dags/example_python_operator.py for tasks to queue
[2022-09-25T14:36:14.562+0000] {logging_mixin.py:115} INFO - [2022-09-25T14:36:14.561+0000] {dagbag.py:508} INFO - Filling up the DagBag from /home/airflow/.local/lib/python3.7/site-packages/airflow/example_dags/example_python_operator.py
[2022-09-25T14:36:14.594+0000] {processor.py:650} INFO - DAG(s) dict_keys(['example_python_operator']) retrieved from /home/airflow/.local/lib/python3.7/site-packages/airflow/example_dags/example_python_operator.py
[2022-09-25T14:36:14.635+0000] {logging_mixin.py:115} INFO - [2022-09-25T14:36:14.635+0000] {dag.py:2429} INFO - Sync 1 DAGs
[2022-09-25T14:36:14.670+0000] {logging_mixin.py:115} INFO - [2022-09-25T14:36:14.669+0000] {dag.py:2981} INFO - Setting next_dagrun for example_python_operator to None, run_after=None
[2022-09-25T14:36:14.690+0000] {processor.py:161} INFO - Processing /home/airflow/.local/lib/python3.7/site-packages/airflow/example_dags/example_python_operator.py took 0.138 seconds
[2022-09-25T14:36:46.263+0000] {processor.py:153} INFO - Started process (PID=6187) to work on /home/airflow/.local/lib/python3.7/site-packages/airflow/example_dags/example_python_operator.py
[2022-09-25T14:36:46.268+0000] {processor.py:640} INFO - Processing file /home/airflow/.local/lib/python3.7/site-packages/airflow/example_dags/example_python_operator.py for tasks to queue
[2022-09-25T14:36:46.272+0000] {logging_mixin.py:115} INFO - [2022-09-25T14:36:46.272+0000] {dagbag.py:508} INFO - Filling up the DagBag from /home/airflow/.local/lib/python3.7/site-packages/airflow/example_dags/example_python_operator.py
[2022-09-25T14:36:46.311+0000] {processor.py:650} INFO - DAG(s) dict_keys(['example_python_operator']) retrieved from /home/airflow/.local/lib/python3.7/site-packages/airflow/example_dags/example_python_operator.py
[2022-09-25T14:36:46.363+0000] {logging_mixin.py:115} INFO - [2022-09-25T14:36:46.363+0000] {dag.py:2429} INFO - Sync 1 DAGs
[2022-09-25T14:36:46.407+0000] {logging_mixin.py:115} INFO - [2022-09-25T14:36:46.406+0000] {dag.py:2981} INFO - Setting next_dagrun for example_python_operator to None, run_after=None
[2022-09-25T14:36:46.429+0000] {processor.py:161} INFO - Processing /home/airflow/.local/lib/python3.7/site-packages/airflow/example_dags/example_python_operator.py took 0.172 seconds
[2022-09-25T14:37:17.107+0000] {processor.py:153} INFO - Started process (PID=6400) to work on /home/airflow/.local/lib/python3.7/site-packages/airflow/example_dags/example_python_operator.py
[2022-09-25T14:37:17.109+0000] {processor.py:640} INFO - Processing file /home/airflow/.local/lib/python3.7/site-packages/airflow/example_dags/example_python_operator.py for tasks to queue
[2022-09-25T14:37:17.111+0000] {logging_mixin.py:115} INFO - [2022-09-25T14:37:17.111+0000] {dagbag.py:508} INFO - Filling up the DagBag from /home/airflow/.local/lib/python3.7/site-packages/airflow/example_dags/example_python_operator.py
[2022-09-25T14:37:17.143+0000] {processor.py:650} INFO - DAG(s) dict_keys(['example_python_operator']) retrieved from /home/airflow/.local/lib/python3.7/site-packages/airflow/example_dags/example_python_operator.py
[2022-09-25T14:37:17.194+0000] {logging_mixin.py:115} INFO - [2022-09-25T14:37:17.193+0000] {dag.py:2429} INFO - Sync 1 DAGs
[2022-09-25T14:37:17.255+0000] {logging_mixin.py:115} INFO - [2022-09-25T14:37:17.254+0000] {dag.py:2981} INFO - Setting next_dagrun for example_python_operator to None, run_after=None
[2022-09-25T14:37:17.286+0000] {processor.py:161} INFO - Processing /home/airflow/.local/lib/python3.7/site-packages/airflow/example_dags/example_python_operator.py took 0.185 seconds
[2022-09-25T14:37:47.869+0000] {processor.py:153} INFO - Started process (PID=6612) to work on /home/airflow/.local/lib/python3.7/site-packages/airflow/example_dags/example_python_operator.py
[2022-09-25T14:37:47.873+0000] {processor.py:640} INFO - Processing file /home/airflow/.local/lib/python3.7/site-packages/airflow/example_dags/example_python_operator.py for tasks to queue
[2022-09-25T14:37:47.877+0000] {logging_mixin.py:115} INFO - [2022-09-25T14:37:47.875+0000] {dagbag.py:508} INFO - Filling up the DagBag from /home/airflow/.local/lib/python3.7/site-packages/airflow/example_dags/example_python_operator.py
[2022-09-25T14:37:47.942+0000] {processor.py:650} INFO - DAG(s) dict_keys(['example_python_operator']) retrieved from /home/airflow/.local/lib/python3.7/site-packages/airflow/example_dags/example_python_operator.py
[2022-09-25T14:37:47.998+0000] {logging_mixin.py:115} INFO - [2022-09-25T14:37:47.998+0000] {dag.py:2429} INFO - Sync 1 DAGs
[2022-09-25T14:37:48.041+0000] {logging_mixin.py:115} INFO - [2022-09-25T14:37:48.041+0000] {dag.py:2981} INFO - Setting next_dagrun for example_python_operator to None, run_after=None
[2022-09-25T14:37:48.067+0000] {processor.py:161} INFO - Processing /home/airflow/.local/lib/python3.7/site-packages/airflow/example_dags/example_python_operator.py took 0.207 seconds
[2022-09-25T14:38:18.945+0000] {processor.py:153} INFO - Started process (PID=6818) to work on /home/airflow/.local/lib/python3.7/site-packages/airflow/example_dags/example_python_operator.py
[2022-09-25T14:38:18.948+0000] {processor.py:640} INFO - Processing file /home/airflow/.local/lib/python3.7/site-packages/airflow/example_dags/example_python_operator.py for tasks to queue
[2022-09-25T14:38:18.951+0000] {logging_mixin.py:115} INFO - [2022-09-25T14:38:18.951+0000] {dagbag.py:508} INFO - Filling up the DagBag from /home/airflow/.local/lib/python3.7/site-packages/airflow/example_dags/example_python_operator.py
[2022-09-25T14:38:18.986+0000] {processor.py:650} INFO - DAG(s) dict_keys(['example_python_operator']) retrieved from /home/airflow/.local/lib/python3.7/site-packages/airflow/example_dags/example_python_operator.py
[2022-09-25T14:38:19.033+0000] {logging_mixin.py:115} INFO - [2022-09-25T14:38:19.033+0000] {dag.py:2429} INFO - Sync 1 DAGs
[2022-09-25T14:38:19.071+0000] {logging_mixin.py:115} INFO - [2022-09-25T14:38:19.071+0000] {dag.py:2981} INFO - Setting next_dagrun for example_python_operator to None, run_after=None
[2022-09-25T14:38:19.094+0000] {processor.py:161} INFO - Processing /home/airflow/.local/lib/python3.7/site-packages/airflow/example_dags/example_python_operator.py took 0.155 seconds
[2022-09-25T14:38:51.464+0000] {processor.py:153} INFO - Started process (PID=7032) to work on /home/airflow/.local/lib/python3.7/site-packages/airflow/example_dags/example_python_operator.py
[2022-09-25T14:38:51.467+0000] {processor.py:640} INFO - Processing file /home/airflow/.local/lib/python3.7/site-packages/airflow/example_dags/example_python_operator.py for tasks to queue
[2022-09-25T14:38:51.470+0000] {logging_mixin.py:115} INFO - [2022-09-25T14:38:51.469+0000] {dagbag.py:508} INFO - Filling up the DagBag from /home/airflow/.local/lib/python3.7/site-packages/airflow/example_dags/example_python_operator.py
[2022-09-25T14:38:51.518+0000] {processor.py:650} INFO - DAG(s) dict_keys(['example_python_operator']) retrieved from /home/airflow/.local/lib/python3.7/site-packages/airflow/example_dags/example_python_operator.py
[2022-09-25T14:38:51.589+0000] {logging_mixin.py:115} INFO - [2022-09-25T14:38:51.588+0000] {dag.py:2429} INFO - Sync 1 DAGs
[2022-09-25T14:38:51.644+0000] {logging_mixin.py:115} INFO - [2022-09-25T14:38:51.644+0000] {dag.py:2981} INFO - Setting next_dagrun for example_python_operator to None, run_after=None
[2022-09-25T14:38:51.681+0000] {processor.py:161} INFO - Processing /home/airflow/.local/lib/python3.7/site-packages/airflow/example_dags/example_python_operator.py took 0.224 seconds
[2022-09-25T14:39:22.839+0000] {processor.py:153} INFO - Started process (PID=7240) to work on /home/airflow/.local/lib/python3.7/site-packages/airflow/example_dags/example_python_operator.py
[2022-09-25T14:39:22.871+0000] {processor.py:640} INFO - Processing file /home/airflow/.local/lib/python3.7/site-packages/airflow/example_dags/example_python_operator.py for tasks to queue
[2022-09-25T14:39:22.880+0000] {logging_mixin.py:115} INFO - [2022-09-25T14:39:22.879+0000] {dagbag.py:508} INFO - Filling up the DagBag from /home/airflow/.local/lib/python3.7/site-packages/airflow/example_dags/example_python_operator.py
[2022-09-25T14:39:22.939+0000] {processor.py:650} INFO - DAG(s) dict_keys(['example_python_operator']) retrieved from /home/airflow/.local/lib/python3.7/site-packages/airflow/example_dags/example_python_operator.py
[2022-09-25T14:39:23.003+0000] {logging_mixin.py:115} INFO - [2022-09-25T14:39:23.002+0000] {dag.py:2429} INFO - Sync 1 DAGs
[2022-09-25T14:39:23.084+0000] {logging_mixin.py:115} INFO - [2022-09-25T14:39:23.083+0000] {dag.py:2981} INFO - Setting next_dagrun for example_python_operator to None, run_after=None
[2022-09-25T14:39:23.112+0000] {processor.py:161} INFO - Processing /home/airflow/.local/lib/python3.7/site-packages/airflow/example_dags/example_python_operator.py took 0.281 seconds
[2022-09-25T14:39:53.720+0000] {processor.py:153} INFO - Started process (PID=7452) to work on /home/airflow/.local/lib/python3.7/site-packages/airflow/example_dags/example_python_operator.py
[2022-09-25T14:39:53.727+0000] {processor.py:640} INFO - Processing file /home/airflow/.local/lib/python3.7/site-packages/airflow/example_dags/example_python_operator.py for tasks to queue
[2022-09-25T14:39:53.730+0000] {logging_mixin.py:115} INFO - [2022-09-25T14:39:53.730+0000] {dagbag.py:508} INFO - Filling up the DagBag from /home/airflow/.local/lib/python3.7/site-packages/airflow/example_dags/example_python_operator.py
[2022-09-25T14:39:53.766+0000] {processor.py:650} INFO - DAG(s) dict_keys(['example_python_operator']) retrieved from /home/airflow/.local/lib/python3.7/site-packages/airflow/example_dags/example_python_operator.py
[2022-09-25T14:39:53.833+0000] {logging_mixin.py:115} INFO - [2022-09-25T14:39:53.833+0000] {dag.py:2429} INFO - Sync 1 DAGs
[2022-09-25T14:39:53.883+0000] {logging_mixin.py:115} INFO - [2022-09-25T14:39:53.883+0000] {dag.py:2981} INFO - Setting next_dagrun for example_python_operator to None, run_after=None
[2022-09-25T14:39:53.929+0000] {processor.py:161} INFO - Processing /home/airflow/.local/lib/python3.7/site-packages/airflow/example_dags/example_python_operator.py took 0.222 seconds
[2022-09-25T14:40:24.646+0000] {processor.py:153} INFO - Started process (PID=7657) to work on /home/airflow/.local/lib/python3.7/site-packages/airflow/example_dags/example_python_operator.py
[2022-09-25T14:40:24.648+0000] {processor.py:640} INFO - Processing file /home/airflow/.local/lib/python3.7/site-packages/airflow/example_dags/example_python_operator.py for tasks to queue
[2022-09-25T14:40:24.649+0000] {logging_mixin.py:115} INFO - [2022-09-25T14:40:24.649+0000] {dagbag.py:508} INFO - Filling up the DagBag from /home/airflow/.local/lib/python3.7/site-packages/airflow/example_dags/example_python_operator.py
[2022-09-25T14:40:24.678+0000] {processor.py:650} INFO - DAG(s) dict_keys(['example_python_operator']) retrieved from /home/airflow/.local/lib/python3.7/site-packages/airflow/example_dags/example_python_operator.py
[2022-09-25T14:40:24.720+0000] {logging_mixin.py:115} INFO - [2022-09-25T14:40:24.720+0000] {dag.py:2429} INFO - Sync 1 DAGs
[2022-09-25T14:40:24.758+0000] {logging_mixin.py:115} INFO - [2022-09-25T14:40:24.757+0000] {dag.py:2981} INFO - Setting next_dagrun for example_python_operator to None, run_after=None
[2022-09-25T14:40:24.793+0000] {processor.py:161} INFO - Processing /home/airflow/.local/lib/python3.7/site-packages/airflow/example_dags/example_python_operator.py took 0.153 seconds
[2022-09-25T14:40:55.786+0000] {processor.py:153} INFO - Started process (PID=7871) to work on /home/airflow/.local/lib/python3.7/site-packages/airflow/example_dags/example_python_operator.py
[2022-09-25T14:40:55.788+0000] {processor.py:640} INFO - Processing file /home/airflow/.local/lib/python3.7/site-packages/airflow/example_dags/example_python_operator.py for tasks to queue
[2022-09-25T14:40:55.790+0000] {logging_mixin.py:115} INFO - [2022-09-25T14:40:55.790+0000] {dagbag.py:508} INFO - Filling up the DagBag from /home/airflow/.local/lib/python3.7/site-packages/airflow/example_dags/example_python_operator.py
[2022-09-25T14:40:55.823+0000] {processor.py:650} INFO - DAG(s) dict_keys(['example_python_operator']) retrieved from /home/airflow/.local/lib/python3.7/site-packages/airflow/example_dags/example_python_operator.py
[2022-09-25T14:40:55.875+0000] {logging_mixin.py:115} INFO - [2022-09-25T14:40:55.874+0000] {dag.py:2429} INFO - Sync 1 DAGs
[2022-09-25T14:40:55.917+0000] {logging_mixin.py:115} INFO - [2022-09-25T14:40:55.916+0000] {dag.py:2981} INFO - Setting next_dagrun for example_python_operator to None, run_after=None
[2022-09-25T14:40:55.938+0000] {processor.py:161} INFO - Processing /home/airflow/.local/lib/python3.7/site-packages/airflow/example_dags/example_python_operator.py took 0.158 seconds
[2022-09-25T14:41:26.390+0000] {processor.py:153} INFO - Started process (PID=8076) to work on /home/airflow/.local/lib/python3.7/site-packages/airflow/example_dags/example_python_operator.py
[2022-09-25T14:41:26.392+0000] {processor.py:640} INFO - Processing file /home/airflow/.local/lib/python3.7/site-packages/airflow/example_dags/example_python_operator.py for tasks to queue
[2022-09-25T14:41:26.394+0000] {logging_mixin.py:115} INFO - [2022-09-25T14:41:26.394+0000] {dagbag.py:508} INFO - Filling up the DagBag from /home/airflow/.local/lib/python3.7/site-packages/airflow/example_dags/example_python_operator.py
[2022-09-25T14:41:26.419+0000] {processor.py:650} INFO - DAG(s) dict_keys(['example_python_operator']) retrieved from /home/airflow/.local/lib/python3.7/site-packages/airflow/example_dags/example_python_operator.py
[2022-09-25T14:41:26.463+0000] {logging_mixin.py:115} INFO - [2022-09-25T14:41:26.463+0000] {dag.py:2429} INFO - Sync 1 DAGs
[2022-09-25T14:41:26.507+0000] {logging_mixin.py:115} INFO - [2022-09-25T14:41:26.507+0000] {dag.py:2981} INFO - Setting next_dagrun for example_python_operator to None, run_after=None
[2022-09-25T14:41:26.525+0000] {processor.py:161} INFO - Processing /home/airflow/.local/lib/python3.7/site-packages/airflow/example_dags/example_python_operator.py took 0.140 seconds
[2022-09-25T14:41:57.170+0000] {processor.py:153} INFO - Started process (PID=8289) to work on /home/airflow/.local/lib/python3.7/site-packages/airflow/example_dags/example_python_operator.py
[2022-09-25T14:41:57.173+0000] {processor.py:640} INFO - Processing file /home/airflow/.local/lib/python3.7/site-packages/airflow/example_dags/example_python_operator.py for tasks to queue
[2022-09-25T14:41:57.175+0000] {logging_mixin.py:115} INFO - [2022-09-25T14:41:57.174+0000] {dagbag.py:508} INFO - Filling up the DagBag from /home/airflow/.local/lib/python3.7/site-packages/airflow/example_dags/example_python_operator.py
[2022-09-25T14:41:57.205+0000] {processor.py:650} INFO - DAG(s) dict_keys(['example_python_operator']) retrieved from /home/airflow/.local/lib/python3.7/site-packages/airflow/example_dags/example_python_operator.py
[2022-09-25T14:41:57.249+0000] {logging_mixin.py:115} INFO - [2022-09-25T14:41:57.248+0000] {dag.py:2429} INFO - Sync 1 DAGs
[2022-09-25T14:41:57.284+0000] {logging_mixin.py:115} INFO - [2022-09-25T14:41:57.284+0000] {dag.py:2981} INFO - Setting next_dagrun for example_python_operator to None, run_after=None
[2022-09-25T14:41:57.304+0000] {processor.py:161} INFO - Processing /home/airflow/.local/lib/python3.7/site-packages/airflow/example_dags/example_python_operator.py took 0.140 seconds
[2022-09-25T14:42:27.777+0000] {processor.py:153} INFO - Started process (PID=8489) to work on /home/airflow/.local/lib/python3.7/site-packages/airflow/example_dags/example_python_operator.py
[2022-09-25T14:42:27.784+0000] {processor.py:640} INFO - Processing file /home/airflow/.local/lib/python3.7/site-packages/airflow/example_dags/example_python_operator.py for tasks to queue
[2022-09-25T14:42:27.788+0000] {logging_mixin.py:115} INFO - [2022-09-25T14:42:27.788+0000] {dagbag.py:508} INFO - Filling up the DagBag from /home/airflow/.local/lib/python3.7/site-packages/airflow/example_dags/example_python_operator.py
[2022-09-25T14:42:27.834+0000] {processor.py:650} INFO - DAG(s) dict_keys(['example_python_operator']) retrieved from /home/airflow/.local/lib/python3.7/site-packages/airflow/example_dags/example_python_operator.py
[2022-09-25T14:42:27.920+0000] {logging_mixin.py:115} INFO - [2022-09-25T14:42:27.919+0000] {dag.py:2429} INFO - Sync 1 DAGs
[2022-09-25T14:42:27.963+0000] {logging_mixin.py:115} INFO - [2022-09-25T14:42:27.963+0000] {dag.py:2981} INFO - Setting next_dagrun for example_python_operator to None, run_after=None
[2022-09-25T14:42:27.989+0000] {processor.py:161} INFO - Processing /home/airflow/.local/lib/python3.7/site-packages/airflow/example_dags/example_python_operator.py took 0.220 seconds
[2022-09-25T14:42:58.888+0000] {processor.py:153} INFO - Started process (PID=8705) to work on /home/airflow/.local/lib/python3.7/site-packages/airflow/example_dags/example_python_operator.py
[2022-09-25T14:42:58.891+0000] {processor.py:640} INFO - Processing file /home/airflow/.local/lib/python3.7/site-packages/airflow/example_dags/example_python_operator.py for tasks to queue
[2022-09-25T14:42:58.893+0000] {logging_mixin.py:115} INFO - [2022-09-25T14:42:58.893+0000] {dagbag.py:508} INFO - Filling up the DagBag from /home/airflow/.local/lib/python3.7/site-packages/airflow/example_dags/example_python_operator.py
[2022-09-25T14:42:58.925+0000] {processor.py:650} INFO - DAG(s) dict_keys(['example_python_operator']) retrieved from /home/airflow/.local/lib/python3.7/site-packages/airflow/example_dags/example_python_operator.py
[2022-09-25T14:42:58.970+0000] {logging_mixin.py:115} INFO - [2022-09-25T14:42:58.970+0000] {dag.py:2429} INFO - Sync 1 DAGs
[2022-09-25T14:42:59.005+0000] {logging_mixin.py:115} INFO - [2022-09-25T14:42:59.005+0000] {dag.py:2981} INFO - Setting next_dagrun for example_python_operator to None, run_after=None
[2022-09-25T14:42:59.026+0000] {processor.py:161} INFO - Processing /home/airflow/.local/lib/python3.7/site-packages/airflow/example_dags/example_python_operator.py took 0.144 seconds
[2022-09-25T14:43:29.298+0000] {processor.py:153} INFO - Started process (PID=8905) to work on /home/airflow/.local/lib/python3.7/site-packages/airflow/example_dags/example_python_operator.py
[2022-09-25T14:43:29.300+0000] {processor.py:640} INFO - Processing file /home/airflow/.local/lib/python3.7/site-packages/airflow/example_dags/example_python_operator.py for tasks to queue
[2022-09-25T14:43:29.302+0000] {logging_mixin.py:115} INFO - [2022-09-25T14:43:29.302+0000] {dagbag.py:508} INFO - Filling up the DagBag from /home/airflow/.local/lib/python3.7/site-packages/airflow/example_dags/example_python_operator.py
[2022-09-25T14:43:29.332+0000] {processor.py:650} INFO - DAG(s) dict_keys(['example_python_operator']) retrieved from /home/airflow/.local/lib/python3.7/site-packages/airflow/example_dags/example_python_operator.py
[2022-09-25T14:43:29.373+0000] {logging_mixin.py:115} INFO - [2022-09-25T14:43:29.373+0000] {dag.py:2429} INFO - Sync 1 DAGs
[2022-09-25T14:43:29.418+0000] {logging_mixin.py:115} INFO - [2022-09-25T14:43:29.418+0000] {dag.py:2981} INFO - Setting next_dagrun for example_python_operator to None, run_after=None
[2022-09-25T14:43:29.440+0000] {processor.py:161} INFO - Processing /home/airflow/.local/lib/python3.7/site-packages/airflow/example_dags/example_python_operator.py took 0.148 seconds
[2022-09-25T14:43:59.901+0000] {processor.py:153} INFO - Started process (PID=9119) to work on /home/airflow/.local/lib/python3.7/site-packages/airflow/example_dags/example_python_operator.py
[2022-09-25T14:43:59.904+0000] {processor.py:640} INFO - Processing file /home/airflow/.local/lib/python3.7/site-packages/airflow/example_dags/example_python_operator.py for tasks to queue
[2022-09-25T14:43:59.907+0000] {logging_mixin.py:115} INFO - [2022-09-25T14:43:59.907+0000] {dagbag.py:508} INFO - Filling up the DagBag from /home/airflow/.local/lib/python3.7/site-packages/airflow/example_dags/example_python_operator.py
[2022-09-25T14:43:59.943+0000] {processor.py:650} INFO - DAG(s) dict_keys(['example_python_operator']) retrieved from /home/airflow/.local/lib/python3.7/site-packages/airflow/example_dags/example_python_operator.py
[2022-09-25T14:43:59.992+0000] {logging_mixin.py:115} INFO - [2022-09-25T14:43:59.992+0000] {dag.py:2429} INFO - Sync 1 DAGs
[2022-09-25T14:44:00.035+0000] {logging_mixin.py:115} INFO - [2022-09-25T14:44:00.034+0000] {dag.py:2981} INFO - Setting next_dagrun for example_python_operator to None, run_after=None
[2022-09-25T14:44:00.059+0000] {processor.py:161} INFO - Processing /home/airflow/.local/lib/python3.7/site-packages/airflow/example_dags/example_python_operator.py took 0.167 seconds
[2022-09-25T14:44:30.409+0000] {processor.py:153} INFO - Started process (PID=9324) to work on /home/airflow/.local/lib/python3.7/site-packages/airflow/example_dags/example_python_operator.py
[2022-09-25T14:44:30.412+0000] {processor.py:640} INFO - Processing file /home/airflow/.local/lib/python3.7/site-packages/airflow/example_dags/example_python_operator.py for tasks to queue
[2022-09-25T14:44:30.420+0000] {logging_mixin.py:115} INFO - [2022-09-25T14:44:30.419+0000] {dagbag.py:508} INFO - Filling up the DagBag from /home/airflow/.local/lib/python3.7/site-packages/airflow/example_dags/example_python_operator.py
[2022-09-25T14:44:30.472+0000] {processor.py:650} INFO - DAG(s) dict_keys(['example_python_operator']) retrieved from /home/airflow/.local/lib/python3.7/site-packages/airflow/example_dags/example_python_operator.py
[2022-09-25T14:44:30.610+0000] {logging_mixin.py:115} INFO - [2022-09-25T14:44:30.608+0000] {dag.py:2429} INFO - Sync 1 DAGs
[2022-09-25T14:44:30.691+0000] {logging_mixin.py:115} INFO - [2022-09-25T14:44:30.691+0000] {dag.py:2981} INFO - Setting next_dagrun for example_python_operator to None, run_after=None
[2022-09-25T14:44:30.734+0000] {processor.py:161} INFO - Processing /home/airflow/.local/lib/python3.7/site-packages/airflow/example_dags/example_python_operator.py took 0.334 seconds
[2022-09-25T14:45:00.936+0000] {processor.py:153} INFO - Started process (PID=9539) to work on /home/airflow/.local/lib/python3.7/site-packages/airflow/example_dags/example_python_operator.py
[2022-09-25T14:45:00.938+0000] {processor.py:640} INFO - Processing file /home/airflow/.local/lib/python3.7/site-packages/airflow/example_dags/example_python_operator.py for tasks to queue
[2022-09-25T14:45:00.941+0000] {logging_mixin.py:115} INFO - [2022-09-25T14:45:00.941+0000] {dagbag.py:508} INFO - Filling up the DagBag from /home/airflow/.local/lib/python3.7/site-packages/airflow/example_dags/example_python_operator.py
[2022-09-25T14:45:00.974+0000] {processor.py:650} INFO - DAG(s) dict_keys(['example_python_operator']) retrieved from /home/airflow/.local/lib/python3.7/site-packages/airflow/example_dags/example_python_operator.py
[2022-09-25T14:45:01.022+0000] {logging_mixin.py:115} INFO - [2022-09-25T14:45:01.022+0000] {dag.py:2429} INFO - Sync 1 DAGs
[2022-09-25T14:45:01.074+0000] {logging_mixin.py:115} INFO - [2022-09-25T14:45:01.073+0000] {dag.py:2981} INFO - Setting next_dagrun for example_python_operator to None, run_after=None
[2022-09-25T14:45:01.116+0000] {processor.py:161} INFO - Processing /home/airflow/.local/lib/python3.7/site-packages/airflow/example_dags/example_python_operator.py took 0.189 seconds
[2022-09-25T14:45:32.096+0000] {processor.py:153} INFO - Started process (PID=9744) to work on /home/airflow/.local/lib/python3.7/site-packages/airflow/example_dags/example_python_operator.py
[2022-09-25T14:45:32.100+0000] {processor.py:640} INFO - Processing file /home/airflow/.local/lib/python3.7/site-packages/airflow/example_dags/example_python_operator.py for tasks to queue
[2022-09-25T14:45:32.102+0000] {logging_mixin.py:115} INFO - [2022-09-25T14:45:32.102+0000] {dagbag.py:508} INFO - Filling up the DagBag from /home/airflow/.local/lib/python3.7/site-packages/airflow/example_dags/example_python_operator.py
[2022-09-25T14:45:32.136+0000] {processor.py:650} INFO - DAG(s) dict_keys(['example_python_operator']) retrieved from /home/airflow/.local/lib/python3.7/site-packages/airflow/example_dags/example_python_operator.py
[2022-09-25T14:45:32.178+0000] {logging_mixin.py:115} INFO - [2022-09-25T14:45:32.178+0000] {dag.py:2429} INFO - Sync 1 DAGs
[2022-09-25T14:45:32.212+0000] {logging_mixin.py:115} INFO - [2022-09-25T14:45:32.212+0000] {dag.py:2981} INFO - Setting next_dagrun for example_python_operator to None, run_after=None
[2022-09-25T14:45:32.232+0000] {processor.py:161} INFO - Processing /home/airflow/.local/lib/python3.7/site-packages/airflow/example_dags/example_python_operator.py took 0.146 seconds
[2022-09-25T14:46:02.430+0000] {processor.py:153} INFO - Started process (PID=9958) to work on /home/airflow/.local/lib/python3.7/site-packages/airflow/example_dags/example_python_operator.py
[2022-09-25T14:46:02.432+0000] {processor.py:640} INFO - Processing file /home/airflow/.local/lib/python3.7/site-packages/airflow/example_dags/example_python_operator.py for tasks to queue
[2022-09-25T14:46:02.435+0000] {logging_mixin.py:115} INFO - [2022-09-25T14:46:02.435+0000] {dagbag.py:508} INFO - Filling up the DagBag from /home/airflow/.local/lib/python3.7/site-packages/airflow/example_dags/example_python_operator.py
[2022-09-25T14:46:02.464+0000] {processor.py:650} INFO - DAG(s) dict_keys(['example_python_operator']) retrieved from /home/airflow/.local/lib/python3.7/site-packages/airflow/example_dags/example_python_operator.py
[2022-09-25T14:46:02.508+0000] {logging_mixin.py:115} INFO - [2022-09-25T14:46:02.508+0000] {dag.py:2429} INFO - Sync 1 DAGs
[2022-09-25T14:46:02.546+0000] {logging_mixin.py:115} INFO - [2022-09-25T14:46:02.546+0000] {dag.py:2981} INFO - Setting next_dagrun for example_python_operator to None, run_after=None
[2022-09-25T14:46:02.581+0000] {processor.py:161} INFO - Processing /home/airflow/.local/lib/python3.7/site-packages/airflow/example_dags/example_python_operator.py took 0.156 seconds
[2022-09-25T14:46:33.087+0000] {processor.py:153} INFO - Started process (PID=10163) to work on /home/airflow/.local/lib/python3.7/site-packages/airflow/example_dags/example_python_operator.py
[2022-09-25T14:46:33.090+0000] {processor.py:640} INFO - Processing file /home/airflow/.local/lib/python3.7/site-packages/airflow/example_dags/example_python_operator.py for tasks to queue
[2022-09-25T14:46:33.093+0000] {logging_mixin.py:115} INFO - [2022-09-25T14:46:33.093+0000] {dagbag.py:508} INFO - Filling up the DagBag from /home/airflow/.local/lib/python3.7/site-packages/airflow/example_dags/example_python_operator.py
[2022-09-25T14:46:33.124+0000] {processor.py:650} INFO - DAG(s) dict_keys(['example_python_operator']) retrieved from /home/airflow/.local/lib/python3.7/site-packages/airflow/example_dags/example_python_operator.py
[2022-09-25T14:46:33.168+0000] {logging_mixin.py:115} INFO - [2022-09-25T14:46:33.168+0000] {dag.py:2429} INFO - Sync 1 DAGs
[2022-09-25T14:46:33.207+0000] {logging_mixin.py:115} INFO - [2022-09-25T14:46:33.207+0000] {dag.py:2981} INFO - Setting next_dagrun for example_python_operator to None, run_after=None
[2022-09-25T14:46:33.229+0000] {processor.py:161} INFO - Processing /home/airflow/.local/lib/python3.7/site-packages/airflow/example_dags/example_python_operator.py took 0.153 seconds
[2022-09-25T14:47:03.782+0000] {processor.py:153} INFO - Started process (PID=10377) to work on /home/airflow/.local/lib/python3.7/site-packages/airflow/example_dags/example_python_operator.py
[2022-09-25T14:47:03.784+0000] {processor.py:640} INFO - Processing file /home/airflow/.local/lib/python3.7/site-packages/airflow/example_dags/example_python_operator.py for tasks to queue
[2022-09-25T14:47:03.786+0000] {logging_mixin.py:115} INFO - [2022-09-25T14:47:03.786+0000] {dagbag.py:508} INFO - Filling up the DagBag from /home/airflow/.local/lib/python3.7/site-packages/airflow/example_dags/example_python_operator.py
[2022-09-25T14:47:03.818+0000] {processor.py:650} INFO - DAG(s) dict_keys(['example_python_operator']) retrieved from /home/airflow/.local/lib/python3.7/site-packages/airflow/example_dags/example_python_operator.py
[2022-09-25T14:47:03.876+0000] {logging_mixin.py:115} INFO - [2022-09-25T14:47:03.875+0000] {dag.py:2429} INFO - Sync 1 DAGs
[2022-09-25T14:47:03.922+0000] {logging_mixin.py:115} INFO - [2022-09-25T14:47:03.922+0000] {dag.py:2981} INFO - Setting next_dagrun for example_python_operator to None, run_after=None
[2022-09-25T14:47:03.953+0000] {processor.py:161} INFO - Processing /home/airflow/.local/lib/python3.7/site-packages/airflow/example_dags/example_python_operator.py took 0.181 seconds
[2022-09-25T14:47:34.727+0000] {processor.py:153} INFO - Started process (PID=10584) to work on /home/airflow/.local/lib/python3.7/site-packages/airflow/example_dags/example_python_operator.py
[2022-09-25T14:47:34.730+0000] {processor.py:640} INFO - Processing file /home/airflow/.local/lib/python3.7/site-packages/airflow/example_dags/example_python_operator.py for tasks to queue
[2022-09-25T14:47:34.733+0000] {logging_mixin.py:115} INFO - [2022-09-25T14:47:34.732+0000] {dagbag.py:508} INFO - Filling up the DagBag from /home/airflow/.local/lib/python3.7/site-packages/airflow/example_dags/example_python_operator.py
[2022-09-25T14:47:34.775+0000] {processor.py:650} INFO - DAG(s) dict_keys(['example_python_operator']) retrieved from /home/airflow/.local/lib/python3.7/site-packages/airflow/example_dags/example_python_operator.py
[2022-09-25T14:47:34.829+0000] {logging_mixin.py:115} INFO - [2022-09-25T14:47:34.828+0000] {dag.py:2429} INFO - Sync 1 DAGs
[2022-09-25T14:47:34.897+0000] {logging_mixin.py:115} INFO - [2022-09-25T14:47:34.897+0000] {dag.py:2981} INFO - Setting next_dagrun for example_python_operator to None, run_after=None
[2022-09-25T14:47:34.935+0000] {processor.py:161} INFO - Processing /home/airflow/.local/lib/python3.7/site-packages/airflow/example_dags/example_python_operator.py took 0.218 seconds
[2022-09-25T14:48:05.515+0000] {processor.py:153} INFO - Started process (PID=10797) to work on /home/airflow/.local/lib/python3.7/site-packages/airflow/example_dags/example_python_operator.py
[2022-09-25T14:48:05.518+0000] {processor.py:640} INFO - Processing file /home/airflow/.local/lib/python3.7/site-packages/airflow/example_dags/example_python_operator.py for tasks to queue
[2022-09-25T14:48:05.521+0000] {logging_mixin.py:115} INFO - [2022-09-25T14:48:05.520+0000] {dagbag.py:508} INFO - Filling up the DagBag from /home/airflow/.local/lib/python3.7/site-packages/airflow/example_dags/example_python_operator.py
[2022-09-25T14:48:05.557+0000] {processor.py:650} INFO - DAG(s) dict_keys(['example_python_operator']) retrieved from /home/airflow/.local/lib/python3.7/site-packages/airflow/example_dags/example_python_operator.py
[2022-09-25T14:48:05.602+0000] {logging_mixin.py:115} INFO - [2022-09-25T14:48:05.602+0000] {dag.py:2429} INFO - Sync 1 DAGs
[2022-09-25T14:48:05.636+0000] {logging_mixin.py:115} INFO - [2022-09-25T14:48:05.636+0000] {dag.py:2981} INFO - Setting next_dagrun for example_python_operator to None, run_after=None
[2022-09-25T14:48:05.658+0000] {processor.py:161} INFO - Processing /home/airflow/.local/lib/python3.7/site-packages/airflow/example_dags/example_python_operator.py took 0.148 seconds
[2022-09-25T14:48:36.139+0000] {processor.py:153} INFO - Started process (PID=11002) to work on /home/airflow/.local/lib/python3.7/site-packages/airflow/example_dags/example_python_operator.py
[2022-09-25T14:48:36.142+0000] {processor.py:640} INFO - Processing file /home/airflow/.local/lib/python3.7/site-packages/airflow/example_dags/example_python_operator.py for tasks to queue
[2022-09-25T14:48:36.146+0000] {logging_mixin.py:115} INFO - [2022-09-25T14:48:36.145+0000] {dagbag.py:508} INFO - Filling up the DagBag from /home/airflow/.local/lib/python3.7/site-packages/airflow/example_dags/example_python_operator.py
[2022-09-25T14:48:36.191+0000] {processor.py:650} INFO - DAG(s) dict_keys(['example_python_operator']) retrieved from /home/airflow/.local/lib/python3.7/site-packages/airflow/example_dags/example_python_operator.py
[2022-09-25T14:48:36.257+0000] {logging_mixin.py:115} INFO - [2022-09-25T14:48:36.257+0000] {dag.py:2429} INFO - Sync 1 DAGs
[2022-09-25T14:48:36.313+0000] {logging_mixin.py:115} INFO - [2022-09-25T14:48:36.313+0000] {dag.py:2981} INFO - Setting next_dagrun for example_python_operator to None, run_after=None
[2022-09-25T14:48:36.340+0000] {processor.py:161} INFO - Processing /home/airflow/.local/lib/python3.7/site-packages/airflow/example_dags/example_python_operator.py took 0.209 seconds
[2022-09-25T14:49:06.459+0000] {processor.py:153} INFO - Started process (PID=11216) to work on /home/airflow/.local/lib/python3.7/site-packages/airflow/example_dags/example_python_operator.py
[2022-09-25T14:49:06.462+0000] {processor.py:640} INFO - Processing file /home/airflow/.local/lib/python3.7/site-packages/airflow/example_dags/example_python_operator.py for tasks to queue
[2022-09-25T14:49:06.465+0000] {logging_mixin.py:115} INFO - [2022-09-25T14:49:06.464+0000] {dagbag.py:508} INFO - Filling up the DagBag from /home/airflow/.local/lib/python3.7/site-packages/airflow/example_dags/example_python_operator.py
[2022-09-25T14:49:06.508+0000] {processor.py:650} INFO - DAG(s) dict_keys(['example_python_operator']) retrieved from /home/airflow/.local/lib/python3.7/site-packages/airflow/example_dags/example_python_operator.py
[2022-09-25T14:49:06.564+0000] {logging_mixin.py:115} INFO - [2022-09-25T14:49:06.563+0000] {dag.py:2429} INFO - Sync 1 DAGs
[2022-09-25T14:49:06.610+0000] {logging_mixin.py:115} INFO - [2022-09-25T14:49:06.609+0000] {dag.py:2981} INFO - Setting next_dagrun for example_python_operator to None, run_after=None
[2022-09-25T14:49:06.651+0000] {processor.py:161} INFO - Processing /home/airflow/.local/lib/python3.7/site-packages/airflow/example_dags/example_python_operator.py took 0.199 seconds
[2022-09-25T14:49:36.722+0000] {processor.py:153} INFO - Started process (PID=11424) to work on /home/airflow/.local/lib/python3.7/site-packages/airflow/example_dags/example_python_operator.py
[2022-09-25T14:49:36.723+0000] {processor.py:640} INFO - Processing file /home/airflow/.local/lib/python3.7/site-packages/airflow/example_dags/example_python_operator.py for tasks to queue
[2022-09-25T14:49:36.725+0000] {logging_mixin.py:115} INFO - [2022-09-25T14:49:36.725+0000] {dagbag.py:508} INFO - Filling up the DagBag from /home/airflow/.local/lib/python3.7/site-packages/airflow/example_dags/example_python_operator.py
[2022-09-25T14:49:36.751+0000] {processor.py:650} INFO - DAG(s) dict_keys(['example_python_operator']) retrieved from /home/airflow/.local/lib/python3.7/site-packages/airflow/example_dags/example_python_operator.py
[2022-09-25T14:49:36.791+0000] {logging_mixin.py:115} INFO - [2022-09-25T14:49:36.791+0000] {dag.py:2429} INFO - Sync 1 DAGs
[2022-09-25T14:49:36.823+0000] {logging_mixin.py:115} INFO - [2022-09-25T14:49:36.822+0000] {dag.py:2981} INFO - Setting next_dagrun for example_python_operator to None, run_after=None
[2022-09-25T14:49:36.847+0000] {processor.py:161} INFO - Processing /home/airflow/.local/lib/python3.7/site-packages/airflow/example_dags/example_python_operator.py took 0.130 seconds
[2022-09-25T14:50:07.060+0000] {processor.py:153} INFO - Started process (PID=11627) to work on /home/airflow/.local/lib/python3.7/site-packages/airflow/example_dags/example_python_operator.py
[2022-09-25T14:50:07.062+0000] {processor.py:640} INFO - Processing file /home/airflow/.local/lib/python3.7/site-packages/airflow/example_dags/example_python_operator.py for tasks to queue
[2022-09-25T14:50:07.065+0000] {logging_mixin.py:115} INFO - [2022-09-25T14:50:07.064+0000] {dagbag.py:508} INFO - Filling up the DagBag from /home/airflow/.local/lib/python3.7/site-packages/airflow/example_dags/example_python_operator.py
[2022-09-25T14:50:07.094+0000] {processor.py:650} INFO - DAG(s) dict_keys(['example_python_operator']) retrieved from /home/airflow/.local/lib/python3.7/site-packages/airflow/example_dags/example_python_operator.py
[2022-09-25T14:50:07.144+0000] {logging_mixin.py:115} INFO - [2022-09-25T14:50:07.144+0000] {dag.py:2429} INFO - Sync 1 DAGs
[2022-09-25T14:50:07.177+0000] {logging_mixin.py:115} INFO - [2022-09-25T14:50:07.177+0000] {dag.py:2981} INFO - Setting next_dagrun for example_python_operator to None, run_after=None
[2022-09-25T14:50:07.200+0000] {processor.py:161} INFO - Processing /home/airflow/.local/lib/python3.7/site-packages/airflow/example_dags/example_python_operator.py took 0.146 seconds
[2022-09-25T14:50:37.536+0000] {processor.py:153} INFO - Started process (PID=11843) to work on /home/airflow/.local/lib/python3.7/site-packages/airflow/example_dags/example_python_operator.py
[2022-09-25T14:50:37.538+0000] {processor.py:640} INFO - Processing file /home/airflow/.local/lib/python3.7/site-packages/airflow/example_dags/example_python_operator.py for tasks to queue
[2022-09-25T14:50:37.540+0000] {logging_mixin.py:115} INFO - [2022-09-25T14:50:37.540+0000] {dagbag.py:508} INFO - Filling up the DagBag from /home/airflow/.local/lib/python3.7/site-packages/airflow/example_dags/example_python_operator.py
[2022-09-25T14:50:37.568+0000] {processor.py:650} INFO - DAG(s) dict_keys(['example_python_operator']) retrieved from /home/airflow/.local/lib/python3.7/site-packages/airflow/example_dags/example_python_operator.py
[2022-09-25T14:50:37.606+0000] {logging_mixin.py:115} INFO - [2022-09-25T14:50:37.606+0000] {dag.py:2429} INFO - Sync 1 DAGs
[2022-09-25T14:50:37.638+0000] {logging_mixin.py:115} INFO - [2022-09-25T14:50:37.638+0000] {dag.py:2981} INFO - Setting next_dagrun for example_python_operator to None, run_after=None
[2022-09-25T14:50:37.660+0000] {processor.py:161} INFO - Processing /home/airflow/.local/lib/python3.7/site-packages/airflow/example_dags/example_python_operator.py took 0.129 seconds
[2022-09-25T14:51:08.256+0000] {processor.py:153} INFO - Started process (PID=12048) to work on /home/airflow/.local/lib/python3.7/site-packages/airflow/example_dags/example_python_operator.py
[2022-09-25T14:51:08.259+0000] {processor.py:640} INFO - Processing file /home/airflow/.local/lib/python3.7/site-packages/airflow/example_dags/example_python_operator.py for tasks to queue
[2022-09-25T14:51:08.262+0000] {logging_mixin.py:115} INFO - [2022-09-25T14:51:08.261+0000] {dagbag.py:508} INFO - Filling up the DagBag from /home/airflow/.local/lib/python3.7/site-packages/airflow/example_dags/example_python_operator.py
[2022-09-25T14:51:08.297+0000] {processor.py:650} INFO - DAG(s) dict_keys(['example_python_operator']) retrieved from /home/airflow/.local/lib/python3.7/site-packages/airflow/example_dags/example_python_operator.py
[2022-09-25T14:51:08.347+0000] {logging_mixin.py:115} INFO - [2022-09-25T14:51:08.347+0000] {dag.py:2429} INFO - Sync 1 DAGs
[2022-09-25T14:51:08.381+0000] {logging_mixin.py:115} INFO - [2022-09-25T14:51:08.380+0000] {dag.py:2981} INFO - Setting next_dagrun for example_python_operator to None, run_after=None
[2022-09-25T14:51:08.400+0000] {processor.py:161} INFO - Processing /home/airflow/.local/lib/python3.7/site-packages/airflow/example_dags/example_python_operator.py took 0.151 seconds
[2022-09-25T14:51:38.974+0000] {processor.py:153} INFO - Started process (PID=12262) to work on /home/airflow/.local/lib/python3.7/site-packages/airflow/example_dags/example_python_operator.py
[2022-09-25T14:51:38.976+0000] {processor.py:640} INFO - Processing file /home/airflow/.local/lib/python3.7/site-packages/airflow/example_dags/example_python_operator.py for tasks to queue
[2022-09-25T14:51:38.978+0000] {logging_mixin.py:115} INFO - [2022-09-25T14:51:38.978+0000] {dagbag.py:508} INFO - Filling up the DagBag from /home/airflow/.local/lib/python3.7/site-packages/airflow/example_dags/example_python_operator.py
[2022-09-25T14:51:39.006+0000] {processor.py:650} INFO - DAG(s) dict_keys(['example_python_operator']) retrieved from /home/airflow/.local/lib/python3.7/site-packages/airflow/example_dags/example_python_operator.py
[2022-09-25T14:51:39.049+0000] {logging_mixin.py:115} INFO - [2022-09-25T14:51:39.049+0000] {dag.py:2429} INFO - Sync 1 DAGs
[2022-09-25T14:51:39.085+0000] {logging_mixin.py:115} INFO - [2022-09-25T14:51:39.084+0000] {dag.py:2981} INFO - Setting next_dagrun for example_python_operator to None, run_after=None
[2022-09-25T14:51:39.104+0000] {processor.py:161} INFO - Processing /home/airflow/.local/lib/python3.7/site-packages/airflow/example_dags/example_python_operator.py took 0.135 seconds
[2022-09-25T14:52:10.078+0000] {processor.py:153} INFO - Started process (PID=12467) to work on /home/airflow/.local/lib/python3.7/site-packages/airflow/example_dags/example_python_operator.py
[2022-09-25T14:52:10.081+0000] {processor.py:640} INFO - Processing file /home/airflow/.local/lib/python3.7/site-packages/airflow/example_dags/example_python_operator.py for tasks to queue
[2022-09-25T14:52:10.083+0000] {logging_mixin.py:115} INFO - [2022-09-25T14:52:10.083+0000] {dagbag.py:508} INFO - Filling up the DagBag from /home/airflow/.local/lib/python3.7/site-packages/airflow/example_dags/example_python_operator.py
[2022-09-25T14:52:10.118+0000] {processor.py:650} INFO - DAG(s) dict_keys(['example_python_operator']) retrieved from /home/airflow/.local/lib/python3.7/site-packages/airflow/example_dags/example_python_operator.py
[2022-09-25T14:52:10.171+0000] {logging_mixin.py:115} INFO - [2022-09-25T14:52:10.171+0000] {dag.py:2429} INFO - Sync 1 DAGs
[2022-09-25T14:52:10.212+0000] {logging_mixin.py:115} INFO - [2022-09-25T14:52:10.212+0000] {dag.py:2981} INFO - Setting next_dagrun for example_python_operator to None, run_after=None
[2022-09-25T14:52:10.220+0000] {processor.py:161} INFO - Processing /home/airflow/.local/lib/python3.7/site-packages/airflow/example_dags/example_python_operator.py took 0.168 seconds
