[2022-09-25T14:21:52.331+0000] {processor.py:153} INFO - Started process (PID=255) to work on /home/airflow/.local/lib/python3.7/site-packages/airflow/example_dags/example_skip_dag.py
[2022-09-25T14:21:52.356+0000] {processor.py:640} INFO - Processing file /home/airflow/.local/lib/python3.7/site-packages/airflow/example_dags/example_skip_dag.py for tasks to queue
[2022-09-25T14:21:52.379+0000] {logging_mixin.py:115} INFO - [2022-09-25T14:21:52.374+0000] {dagbag.py:508} INFO - Filling up the DagBag from /home/airflow/.local/lib/python3.7/site-packages/airflow/example_dags/example_skip_dag.py
[2022-09-25T14:21:52.435+0000] {processor.py:650} INFO - DAG(s) dict_keys(['example_skip_dag']) retrieved from /home/airflow/.local/lib/python3.7/site-packages/airflow/example_dags/example_skip_dag.py
[2022-09-25T14:21:52.807+0000] {logging_mixin.py:115} INFO - [2022-09-25T14:21:52.806+0000] {dag.py:2429} INFO - Sync 1 DAGs
[2022-09-25T14:21:53.280+0000] {logging_mixin.py:115} INFO - [2022-09-25T14:21:53.280+0000] {dag.py:2981} INFO - Setting next_dagrun for example_skip_dag to 2022-09-24T14:21:53.280001+00:00, run_after=2022-09-25T14:21:53.280001+00:00
[2022-09-25T14:21:53.502+0000] {processor.py:161} INFO - Processing /home/airflow/.local/lib/python3.7/site-packages/airflow/example_dags/example_skip_dag.py took 1.268 seconds
[2022-09-25T14:22:45.588+0000] {processor.py:153} INFO - Started process (PID=476) to work on /home/airflow/.local/lib/python3.7/site-packages/airflow/example_dags/example_skip_dag.py
[2022-09-25T14:22:45.592+0000] {processor.py:640} INFO - Processing file /home/airflow/.local/lib/python3.7/site-packages/airflow/example_dags/example_skip_dag.py for tasks to queue
[2022-09-25T14:22:45.595+0000] {logging_mixin.py:115} INFO - [2022-09-25T14:22:45.595+0000] {dagbag.py:508} INFO - Filling up the DagBag from /home/airflow/.local/lib/python3.7/site-packages/airflow/example_dags/example_skip_dag.py
[2022-09-25T14:22:45.616+0000] {processor.py:650} INFO - DAG(s) dict_keys(['example_skip_dag']) retrieved from /home/airflow/.local/lib/python3.7/site-packages/airflow/example_dags/example_skip_dag.py
[2022-09-25T14:22:45.680+0000] {logging_mixin.py:115} INFO - [2022-09-25T14:22:45.680+0000] {dag.py:2429} INFO - Sync 1 DAGs
[2022-09-25T14:22:45.733+0000] {logging_mixin.py:115} INFO - [2022-09-25T14:22:45.733+0000] {dag.py:2981} INFO - Setting next_dagrun for example_skip_dag to 2022-09-24T14:22:45.732833+00:00, run_after=2022-09-25T14:22:45.732833+00:00
[2022-09-25T14:22:45.758+0000] {processor.py:161} INFO - Processing /home/airflow/.local/lib/python3.7/site-packages/airflow/example_dags/example_skip_dag.py took 0.178 seconds
[2022-09-25T14:23:15.985+0000] {processor.py:153} INFO - Started process (PID=684) to work on /home/airflow/.local/lib/python3.7/site-packages/airflow/example_dags/example_skip_dag.py
[2022-09-25T14:23:15.988+0000] {processor.py:640} INFO - Processing file /home/airflow/.local/lib/python3.7/site-packages/airflow/example_dags/example_skip_dag.py for tasks to queue
[2022-09-25T14:23:15.991+0000] {logging_mixin.py:115} INFO - [2022-09-25T14:23:15.991+0000] {dagbag.py:508} INFO - Filling up the DagBag from /home/airflow/.local/lib/python3.7/site-packages/airflow/example_dags/example_skip_dag.py
[2022-09-25T14:23:16.002+0000] {processor.py:650} INFO - DAG(s) dict_keys(['example_skip_dag']) retrieved from /home/airflow/.local/lib/python3.7/site-packages/airflow/example_dags/example_skip_dag.py
[2022-09-25T14:23:16.062+0000] {logging_mixin.py:115} INFO - [2022-09-25T14:23:16.062+0000] {dag.py:2429} INFO - Sync 1 DAGs
[2022-09-25T14:23:16.104+0000] {logging_mixin.py:115} INFO - [2022-09-25T14:23:16.104+0000] {dag.py:2981} INFO - Setting next_dagrun for example_skip_dag to 2022-09-24T14:23:16.104312+00:00, run_after=2022-09-25T14:23:16.104312+00:00
[2022-09-25T14:23:16.133+0000] {processor.py:161} INFO - Processing /home/airflow/.local/lib/python3.7/site-packages/airflow/example_dags/example_skip_dag.py took 0.156 seconds
[2022-09-25T14:23:46.980+0000] {processor.py:153} INFO - Started process (PID=896) to work on /home/airflow/.local/lib/python3.7/site-packages/airflow/example_dags/example_skip_dag.py
[2022-09-25T14:23:46.984+0000] {processor.py:640} INFO - Processing file /home/airflow/.local/lib/python3.7/site-packages/airflow/example_dags/example_skip_dag.py for tasks to queue
[2022-09-25T14:23:46.986+0000] {logging_mixin.py:115} INFO - [2022-09-25T14:23:46.986+0000] {dagbag.py:508} INFO - Filling up the DagBag from /home/airflow/.local/lib/python3.7/site-packages/airflow/example_dags/example_skip_dag.py
[2022-09-25T14:23:46.996+0000] {processor.py:650} INFO - DAG(s) dict_keys(['example_skip_dag']) retrieved from /home/airflow/.local/lib/python3.7/site-packages/airflow/example_dags/example_skip_dag.py
[2022-09-25T14:23:47.062+0000] {logging_mixin.py:115} INFO - [2022-09-25T14:23:47.062+0000] {dag.py:2429} INFO - Sync 1 DAGs
[2022-09-25T14:23:47.110+0000] {logging_mixin.py:115} INFO - [2022-09-25T14:23:47.109+0000] {dag.py:2981} INFO - Setting next_dagrun for example_skip_dag to 2022-09-24T14:23:47.109456+00:00, run_after=2022-09-25T14:23:47.109456+00:00
[2022-09-25T14:23:47.140+0000] {processor.py:161} INFO - Processing /home/airflow/.local/lib/python3.7/site-packages/airflow/example_dags/example_skip_dag.py took 0.169 seconds
[2022-09-25T14:24:18.306+0000] {processor.py:153} INFO - Started process (PID=1101) to work on /home/airflow/.local/lib/python3.7/site-packages/airflow/example_dags/example_skip_dag.py
[2022-09-25T14:24:18.309+0000] {processor.py:640} INFO - Processing file /home/airflow/.local/lib/python3.7/site-packages/airflow/example_dags/example_skip_dag.py for tasks to queue
[2022-09-25T14:24:18.311+0000] {logging_mixin.py:115} INFO - [2022-09-25T14:24:18.310+0000] {dagbag.py:508} INFO - Filling up the DagBag from /home/airflow/.local/lib/python3.7/site-packages/airflow/example_dags/example_skip_dag.py
[2022-09-25T14:24:18.321+0000] {processor.py:650} INFO - DAG(s) dict_keys(['example_skip_dag']) retrieved from /home/airflow/.local/lib/python3.7/site-packages/airflow/example_dags/example_skip_dag.py
[2022-09-25T14:24:18.390+0000] {logging_mixin.py:115} INFO - [2022-09-25T14:24:18.390+0000] {dag.py:2429} INFO - Sync 1 DAGs
[2022-09-25T14:24:18.433+0000] {logging_mixin.py:115} INFO - [2022-09-25T14:24:18.433+0000] {dag.py:2981} INFO - Setting next_dagrun for example_skip_dag to 2022-09-24T14:24:18.432662+00:00, run_after=2022-09-25T14:24:18.432662+00:00
[2022-09-25T14:24:18.456+0000] {processor.py:161} INFO - Processing /home/airflow/.local/lib/python3.7/site-packages/airflow/example_dags/example_skip_dag.py took 0.155 seconds
[2022-09-25T14:24:49.330+0000] {processor.py:153} INFO - Started process (PID=1316) to work on /home/airflow/.local/lib/python3.7/site-packages/airflow/example_dags/example_skip_dag.py
[2022-09-25T14:24:49.334+0000] {processor.py:640} INFO - Processing file /home/airflow/.local/lib/python3.7/site-packages/airflow/example_dags/example_skip_dag.py for tasks to queue
[2022-09-25T14:24:49.340+0000] {logging_mixin.py:115} INFO - [2022-09-25T14:24:49.340+0000] {dagbag.py:508} INFO - Filling up the DagBag from /home/airflow/.local/lib/python3.7/site-packages/airflow/example_dags/example_skip_dag.py
[2022-09-25T14:24:49.353+0000] {processor.py:650} INFO - DAG(s) dict_keys(['example_skip_dag']) retrieved from /home/airflow/.local/lib/python3.7/site-packages/airflow/example_dags/example_skip_dag.py
[2022-09-25T14:24:49.427+0000] {logging_mixin.py:115} INFO - [2022-09-25T14:24:49.427+0000] {dag.py:2429} INFO - Sync 1 DAGs
[2022-09-25T14:24:49.463+0000] {logging_mixin.py:115} INFO - [2022-09-25T14:24:49.463+0000] {dag.py:2981} INFO - Setting next_dagrun for example_skip_dag to 2022-09-24T14:24:49.463159+00:00, run_after=2022-09-25T14:24:49.463159+00:00
[2022-09-25T14:24:49.486+0000] {processor.py:161} INFO - Processing /home/airflow/.local/lib/python3.7/site-packages/airflow/example_dags/example_skip_dag.py took 0.164 seconds
[2022-09-25T14:25:20.007+0000] {processor.py:153} INFO - Started process (PID=1521) to work on /home/airflow/.local/lib/python3.7/site-packages/airflow/example_dags/example_skip_dag.py
[2022-09-25T14:25:20.010+0000] {processor.py:640} INFO - Processing file /home/airflow/.local/lib/python3.7/site-packages/airflow/example_dags/example_skip_dag.py for tasks to queue
[2022-09-25T14:25:20.012+0000] {logging_mixin.py:115} INFO - [2022-09-25T14:25:20.012+0000] {dagbag.py:508} INFO - Filling up the DagBag from /home/airflow/.local/lib/python3.7/site-packages/airflow/example_dags/example_skip_dag.py
[2022-09-25T14:25:20.022+0000] {processor.py:650} INFO - DAG(s) dict_keys(['example_skip_dag']) retrieved from /home/airflow/.local/lib/python3.7/site-packages/airflow/example_dags/example_skip_dag.py
[2022-09-25T14:25:20.100+0000] {logging_mixin.py:115} INFO - [2022-09-25T14:25:20.099+0000] {dag.py:2429} INFO - Sync 1 DAGs
[2022-09-25T14:25:20.158+0000] {logging_mixin.py:115} INFO - [2022-09-25T14:25:20.157+0000] {dag.py:2981} INFO - Setting next_dagrun for example_skip_dag to 2022-09-24T14:25:20.157258+00:00, run_after=2022-09-25T14:25:20.157258+00:00
[2022-09-25T14:25:20.190+0000] {processor.py:161} INFO - Processing /home/airflow/.local/lib/python3.7/site-packages/airflow/example_dags/example_skip_dag.py took 0.188 seconds
[2022-09-25T14:25:51.724+0000] {processor.py:153} INFO - Started process (PID=1736) to work on /home/airflow/.local/lib/python3.7/site-packages/airflow/example_dags/example_skip_dag.py
[2022-09-25T14:25:51.730+0000] {processor.py:640} INFO - Processing file /home/airflow/.local/lib/python3.7/site-packages/airflow/example_dags/example_skip_dag.py for tasks to queue
[2022-09-25T14:25:51.733+0000] {logging_mixin.py:115} INFO - [2022-09-25T14:25:51.733+0000] {dagbag.py:508} INFO - Filling up the DagBag from /home/airflow/.local/lib/python3.7/site-packages/airflow/example_dags/example_skip_dag.py
[2022-09-25T14:25:51.749+0000] {processor.py:650} INFO - DAG(s) dict_keys(['example_skip_dag']) retrieved from /home/airflow/.local/lib/python3.7/site-packages/airflow/example_dags/example_skip_dag.py
[2022-09-25T14:25:51.821+0000] {logging_mixin.py:115} INFO - [2022-09-25T14:25:51.821+0000] {dag.py:2429} INFO - Sync 1 DAGs
[2022-09-25T14:25:51.858+0000] {logging_mixin.py:115} INFO - [2022-09-25T14:25:51.858+0000] {dag.py:2981} INFO - Setting next_dagrun for example_skip_dag to 2022-09-24T14:25:51.858079+00:00, run_after=2022-09-25T14:25:51.858079+00:00
[2022-09-25T14:25:51.882+0000] {processor.py:161} INFO - Processing /home/airflow/.local/lib/python3.7/site-packages/airflow/example_dags/example_skip_dag.py took 0.175 seconds
[2022-09-25T14:26:22.159+0000] {processor.py:153} INFO - Started process (PID=1941) to work on /home/airflow/.local/lib/python3.7/site-packages/airflow/example_dags/example_skip_dag.py
[2022-09-25T14:26:22.162+0000] {processor.py:640} INFO - Processing file /home/airflow/.local/lib/python3.7/site-packages/airflow/example_dags/example_skip_dag.py for tasks to queue
[2022-09-25T14:26:22.165+0000] {logging_mixin.py:115} INFO - [2022-09-25T14:26:22.165+0000] {dagbag.py:508} INFO - Filling up the DagBag from /home/airflow/.local/lib/python3.7/site-packages/airflow/example_dags/example_skip_dag.py
[2022-09-25T14:26:22.186+0000] {processor.py:650} INFO - DAG(s) dict_keys(['example_skip_dag']) retrieved from /home/airflow/.local/lib/python3.7/site-packages/airflow/example_dags/example_skip_dag.py
[2022-09-25T14:26:22.273+0000] {logging_mixin.py:115} INFO - [2022-09-25T14:26:22.273+0000] {dag.py:2429} INFO - Sync 1 DAGs
[2022-09-25T14:26:22.429+0000] {logging_mixin.py:115} INFO - [2022-09-25T14:26:22.429+0000] {dag.py:2981} INFO - Setting next_dagrun for example_skip_dag to 2022-09-24T14:26:22.428701+00:00, run_after=2022-09-25T14:26:22.428701+00:00
[2022-09-25T14:26:22.458+0000] {processor.py:161} INFO - Processing /home/airflow/.local/lib/python3.7/site-packages/airflow/example_dags/example_skip_dag.py took 0.306 seconds
[2022-09-25T14:26:53.696+0000] {processor.py:153} INFO - Started process (PID=2156) to work on /home/airflow/.local/lib/python3.7/site-packages/airflow/example_dags/example_skip_dag.py
[2022-09-25T14:26:53.698+0000] {processor.py:640} INFO - Processing file /home/airflow/.local/lib/python3.7/site-packages/airflow/example_dags/example_skip_dag.py for tasks to queue
[2022-09-25T14:26:53.701+0000] {logging_mixin.py:115} INFO - [2022-09-25T14:26:53.700+0000] {dagbag.py:508} INFO - Filling up the DagBag from /home/airflow/.local/lib/python3.7/site-packages/airflow/example_dags/example_skip_dag.py
[2022-09-25T14:26:53.711+0000] {processor.py:650} INFO - DAG(s) dict_keys(['example_skip_dag']) retrieved from /home/airflow/.local/lib/python3.7/site-packages/airflow/example_dags/example_skip_dag.py
[2022-09-25T14:26:53.762+0000] {logging_mixin.py:115} INFO - [2022-09-25T14:26:53.761+0000] {dag.py:2429} INFO - Sync 1 DAGs
[2022-09-25T14:26:53.798+0000] {logging_mixin.py:115} INFO - [2022-09-25T14:26:53.798+0000] {dag.py:2981} INFO - Setting next_dagrun for example_skip_dag to 2022-09-24T14:26:53.797869+00:00, run_after=2022-09-25T14:26:53.797869+00:00
[2022-09-25T14:26:53.816+0000] {processor.py:161} INFO - Processing /home/airflow/.local/lib/python3.7/site-packages/airflow/example_dags/example_skip_dag.py took 0.125 seconds
[2022-09-25T14:27:24.765+0000] {processor.py:153} INFO - Started process (PID=2360) to work on /home/airflow/.local/lib/python3.7/site-packages/airflow/example_dags/example_skip_dag.py
[2022-09-25T14:27:24.768+0000] {processor.py:640} INFO - Processing file /home/airflow/.local/lib/python3.7/site-packages/airflow/example_dags/example_skip_dag.py for tasks to queue
[2022-09-25T14:27:24.769+0000] {logging_mixin.py:115} INFO - [2022-09-25T14:27:24.769+0000] {dagbag.py:508} INFO - Filling up the DagBag from /home/airflow/.local/lib/python3.7/site-packages/airflow/example_dags/example_skip_dag.py
[2022-09-25T14:27:24.780+0000] {processor.py:650} INFO - DAG(s) dict_keys(['example_skip_dag']) retrieved from /home/airflow/.local/lib/python3.7/site-packages/airflow/example_dags/example_skip_dag.py
[2022-09-25T14:27:24.833+0000] {logging_mixin.py:115} INFO - [2022-09-25T14:27:24.832+0000] {dag.py:2429} INFO - Sync 1 DAGs
[2022-09-25T14:27:24.869+0000] {logging_mixin.py:115} INFO - [2022-09-25T14:27:24.869+0000] {dag.py:2981} INFO - Setting next_dagrun for example_skip_dag to 2022-09-24T14:27:24.868321+00:00, run_after=2022-09-25T14:27:24.868321+00:00
[2022-09-25T14:27:24.896+0000] {processor.py:161} INFO - Processing /home/airflow/.local/lib/python3.7/site-packages/airflow/example_dags/example_skip_dag.py took 0.137 seconds
[2022-09-25T14:27:55.721+0000] {processor.py:153} INFO - Started process (PID=2573) to work on /home/airflow/.local/lib/python3.7/site-packages/airflow/example_dags/example_skip_dag.py
[2022-09-25T14:27:55.725+0000] {processor.py:640} INFO - Processing file /home/airflow/.local/lib/python3.7/site-packages/airflow/example_dags/example_skip_dag.py for tasks to queue
[2022-09-25T14:27:55.728+0000] {logging_mixin.py:115} INFO - [2022-09-25T14:27:55.728+0000] {dagbag.py:508} INFO - Filling up the DagBag from /home/airflow/.local/lib/python3.7/site-packages/airflow/example_dags/example_skip_dag.py
[2022-09-25T14:27:55.744+0000] {processor.py:650} INFO - DAG(s) dict_keys(['example_skip_dag']) retrieved from /home/airflow/.local/lib/python3.7/site-packages/airflow/example_dags/example_skip_dag.py
[2022-09-25T14:27:55.811+0000] {logging_mixin.py:115} INFO - [2022-09-25T14:27:55.811+0000] {dag.py:2429} INFO - Sync 1 DAGs
[2022-09-25T14:27:55.846+0000] {logging_mixin.py:115} INFO - [2022-09-25T14:27:55.846+0000] {dag.py:2981} INFO - Setting next_dagrun for example_skip_dag to 2022-09-24T14:27:55.846299+00:00, run_after=2022-09-25T14:27:55.846299+00:00
[2022-09-25T14:27:55.877+0000] {processor.py:161} INFO - Processing /home/airflow/.local/lib/python3.7/site-packages/airflow/example_dags/example_skip_dag.py took 0.165 seconds
[2022-09-25T14:28:27.416+0000] {processor.py:153} INFO - Started process (PID=2780) to work on /home/airflow/.local/lib/python3.7/site-packages/airflow/example_dags/example_skip_dag.py
[2022-09-25T14:28:27.419+0000] {processor.py:640} INFO - Processing file /home/airflow/.local/lib/python3.7/site-packages/airflow/example_dags/example_skip_dag.py for tasks to queue
[2022-09-25T14:28:27.423+0000] {logging_mixin.py:115} INFO - [2022-09-25T14:28:27.423+0000] {dagbag.py:508} INFO - Filling up the DagBag from /home/airflow/.local/lib/python3.7/site-packages/airflow/example_dags/example_skip_dag.py
[2022-09-25T14:28:27.446+0000] {processor.py:650} INFO - DAG(s) dict_keys(['example_skip_dag']) retrieved from /home/airflow/.local/lib/python3.7/site-packages/airflow/example_dags/example_skip_dag.py
[2022-09-25T14:28:27.528+0000] {logging_mixin.py:115} INFO - [2022-09-25T14:28:27.528+0000] {dag.py:2429} INFO - Sync 1 DAGs
[2022-09-25T14:28:27.567+0000] {logging_mixin.py:115} INFO - [2022-09-25T14:28:27.567+0000] {dag.py:2981} INFO - Setting next_dagrun for example_skip_dag to 2022-09-24T14:28:27.567300+00:00, run_after=2022-09-25T14:28:27.567300+00:00
[2022-09-25T14:28:27.594+0000] {processor.py:161} INFO - Processing /home/airflow/.local/lib/python3.7/site-packages/airflow/example_dags/example_skip_dag.py took 0.186 seconds
[2022-09-25T14:28:58.654+0000] {processor.py:153} INFO - Started process (PID=2992) to work on /home/airflow/.local/lib/python3.7/site-packages/airflow/example_dags/example_skip_dag.py
[2022-09-25T14:28:58.656+0000] {processor.py:640} INFO - Processing file /home/airflow/.local/lib/python3.7/site-packages/airflow/example_dags/example_skip_dag.py for tasks to queue
[2022-09-25T14:28:58.658+0000] {logging_mixin.py:115} INFO - [2022-09-25T14:28:58.658+0000] {dagbag.py:508} INFO - Filling up the DagBag from /home/airflow/.local/lib/python3.7/site-packages/airflow/example_dags/example_skip_dag.py
[2022-09-25T14:28:58.667+0000] {processor.py:650} INFO - DAG(s) dict_keys(['example_skip_dag']) retrieved from /home/airflow/.local/lib/python3.7/site-packages/airflow/example_dags/example_skip_dag.py
[2022-09-25T14:28:58.713+0000] {logging_mixin.py:115} INFO - [2022-09-25T14:28:58.713+0000] {dag.py:2429} INFO - Sync 1 DAGs
[2022-09-25T14:28:58.754+0000] {logging_mixin.py:115} INFO - [2022-09-25T14:28:58.754+0000] {dag.py:2981} INFO - Setting next_dagrun for example_skip_dag to 2022-09-24T14:28:58.754431+00:00, run_after=2022-09-25T14:28:58.754431+00:00
[2022-09-25T14:28:58.776+0000] {processor.py:161} INFO - Processing /home/airflow/.local/lib/python3.7/site-packages/airflow/example_dags/example_skip_dag.py took 0.126 seconds
[2022-09-25T14:29:29.875+0000] {processor.py:153} INFO - Started process (PID=3197) to work on /home/airflow/.local/lib/python3.7/site-packages/airflow/example_dags/example_skip_dag.py
[2022-09-25T14:29:29.878+0000] {processor.py:640} INFO - Processing file /home/airflow/.local/lib/python3.7/site-packages/airflow/example_dags/example_skip_dag.py for tasks to queue
[2022-09-25T14:29:29.880+0000] {logging_mixin.py:115} INFO - [2022-09-25T14:29:29.879+0000] {dagbag.py:508} INFO - Filling up the DagBag from /home/airflow/.local/lib/python3.7/site-packages/airflow/example_dags/example_skip_dag.py
[2022-09-25T14:29:29.893+0000] {processor.py:650} INFO - DAG(s) dict_keys(['example_skip_dag']) retrieved from /home/airflow/.local/lib/python3.7/site-packages/airflow/example_dags/example_skip_dag.py
[2022-09-25T14:29:29.960+0000] {logging_mixin.py:115} INFO - [2022-09-25T14:29:29.960+0000] {dag.py:2429} INFO - Sync 1 DAGs
[2022-09-25T14:29:30.009+0000] {logging_mixin.py:115} INFO - [2022-09-25T14:29:30.008+0000] {dag.py:2981} INFO - Setting next_dagrun for example_skip_dag to 2022-09-24T14:29:30.008351+00:00, run_after=2022-09-25T14:29:30.008351+00:00
[2022-09-25T14:29:30.040+0000] {processor.py:161} INFO - Processing /home/airflow/.local/lib/python3.7/site-packages/airflow/example_dags/example_skip_dag.py took 0.171 seconds
[2022-09-25T14:30:00.532+0000] {processor.py:153} INFO - Started process (PID=3412) to work on /home/airflow/.local/lib/python3.7/site-packages/airflow/example_dags/example_skip_dag.py
[2022-09-25T14:30:00.534+0000] {processor.py:640} INFO - Processing file /home/airflow/.local/lib/python3.7/site-packages/airflow/example_dags/example_skip_dag.py for tasks to queue
[2022-09-25T14:30:00.537+0000] {logging_mixin.py:115} INFO - [2022-09-25T14:30:00.536+0000] {dagbag.py:508} INFO - Filling up the DagBag from /home/airflow/.local/lib/python3.7/site-packages/airflow/example_dags/example_skip_dag.py
[2022-09-25T14:30:00.547+0000] {processor.py:650} INFO - DAG(s) dict_keys(['example_skip_dag']) retrieved from /home/airflow/.local/lib/python3.7/site-packages/airflow/example_dags/example_skip_dag.py
[2022-09-25T14:30:00.598+0000] {logging_mixin.py:115} INFO - [2022-09-25T14:30:00.598+0000] {dag.py:2429} INFO - Sync 1 DAGs
[2022-09-25T14:30:00.637+0000] {logging_mixin.py:115} INFO - [2022-09-25T14:30:00.637+0000] {dag.py:2981} INFO - Setting next_dagrun for example_skip_dag to 2022-09-24T14:30:00.636626+00:00, run_after=2022-09-25T14:30:00.636626+00:00
[2022-09-25T14:30:00.657+0000] {processor.py:161} INFO - Processing /home/airflow/.local/lib/python3.7/site-packages/airflow/example_dags/example_skip_dag.py took 0.129 seconds
[2022-09-25T14:30:31.826+0000] {processor.py:153} INFO - Started process (PID=3617) to work on /home/airflow/.local/lib/python3.7/site-packages/airflow/example_dags/example_skip_dag.py
[2022-09-25T14:30:31.829+0000] {processor.py:640} INFO - Processing file /home/airflow/.local/lib/python3.7/site-packages/airflow/example_dags/example_skip_dag.py for tasks to queue
[2022-09-25T14:30:31.831+0000] {logging_mixin.py:115} INFO - [2022-09-25T14:30:31.830+0000] {dagbag.py:508} INFO - Filling up the DagBag from /home/airflow/.local/lib/python3.7/site-packages/airflow/example_dags/example_skip_dag.py
[2022-09-25T14:30:31.841+0000] {processor.py:650} INFO - DAG(s) dict_keys(['example_skip_dag']) retrieved from /home/airflow/.local/lib/python3.7/site-packages/airflow/example_dags/example_skip_dag.py
[2022-09-25T14:30:31.926+0000] {logging_mixin.py:115} INFO - [2022-09-25T14:30:31.925+0000] {dag.py:2429} INFO - Sync 1 DAGs
[2022-09-25T14:30:32.001+0000] {logging_mixin.py:115} INFO - [2022-09-25T14:30:32.000+0000] {dag.py:2981} INFO - Setting next_dagrun for example_skip_dag to 2022-09-24T14:30:32.000469+00:00, run_after=2022-09-25T14:30:32.000469+00:00
[2022-09-25T14:30:32.046+0000] {processor.py:161} INFO - Processing /home/airflow/.local/lib/python3.7/site-packages/airflow/example_dags/example_skip_dag.py took 0.226 seconds
[2022-09-25T14:31:03.860+0000] {processor.py:153} INFO - Started process (PID=3833) to work on /home/airflow/.local/lib/python3.7/site-packages/airflow/example_dags/example_skip_dag.py
[2022-09-25T14:31:03.863+0000] {processor.py:640} INFO - Processing file /home/airflow/.local/lib/python3.7/site-packages/airflow/example_dags/example_skip_dag.py for tasks to queue
[2022-09-25T14:31:03.865+0000] {logging_mixin.py:115} INFO - [2022-09-25T14:31:03.864+0000] {dagbag.py:508} INFO - Filling up the DagBag from /home/airflow/.local/lib/python3.7/site-packages/airflow/example_dags/example_skip_dag.py
[2022-09-25T14:31:03.873+0000] {processor.py:650} INFO - DAG(s) dict_keys(['example_skip_dag']) retrieved from /home/airflow/.local/lib/python3.7/site-packages/airflow/example_dags/example_skip_dag.py
[2022-09-25T14:31:03.920+0000] {logging_mixin.py:115} INFO - [2022-09-25T14:31:03.920+0000] {dag.py:2429} INFO - Sync 1 DAGs
[2022-09-25T14:31:03.956+0000] {logging_mixin.py:115} INFO - [2022-09-25T14:31:03.956+0000] {dag.py:2981} INFO - Setting next_dagrun for example_skip_dag to 2022-09-24T14:31:03.955866+00:00, run_after=2022-09-25T14:31:03.955866+00:00
[2022-09-25T14:31:03.977+0000] {processor.py:161} INFO - Processing /home/airflow/.local/lib/python3.7/site-packages/airflow/example_dags/example_skip_dag.py took 0.122 seconds
[2022-09-25T14:31:34.636+0000] {processor.py:153} INFO - Started process (PID=4037) to work on /home/airflow/.local/lib/python3.7/site-packages/airflow/example_dags/example_skip_dag.py
[2022-09-25T14:31:34.641+0000] {processor.py:640} INFO - Processing file /home/airflow/.local/lib/python3.7/site-packages/airflow/example_dags/example_skip_dag.py for tasks to queue
[2022-09-25T14:31:34.644+0000] {logging_mixin.py:115} INFO - [2022-09-25T14:31:34.643+0000] {dagbag.py:508} INFO - Filling up the DagBag from /home/airflow/.local/lib/python3.7/site-packages/airflow/example_dags/example_skip_dag.py
[2022-09-25T14:31:34.671+0000] {processor.py:650} INFO - DAG(s) dict_keys(['example_skip_dag']) retrieved from /home/airflow/.local/lib/python3.7/site-packages/airflow/example_dags/example_skip_dag.py
[2022-09-25T14:31:34.738+0000] {logging_mixin.py:115} INFO - [2022-09-25T14:31:34.737+0000] {dag.py:2429} INFO - Sync 1 DAGs
[2022-09-25T14:31:34.808+0000] {logging_mixin.py:115} INFO - [2022-09-25T14:31:34.807+0000] {dag.py:2981} INFO - Setting next_dagrun for example_skip_dag to 2022-09-24T14:31:34.806971+00:00, run_after=2022-09-25T14:31:34.806971+00:00
[2022-09-25T14:31:34.860+0000] {processor.py:161} INFO - Processing /home/airflow/.local/lib/python3.7/site-packages/airflow/example_dags/example_skip_dag.py took 0.232 seconds
[2022-09-25T14:32:05.439+0000] {processor.py:153} INFO - Started process (PID=4250) to work on /home/airflow/.local/lib/python3.7/site-packages/airflow/example_dags/example_skip_dag.py
[2022-09-25T14:32:05.442+0000] {processor.py:640} INFO - Processing file /home/airflow/.local/lib/python3.7/site-packages/airflow/example_dags/example_skip_dag.py for tasks to queue
[2022-09-25T14:32:05.444+0000] {logging_mixin.py:115} INFO - [2022-09-25T14:32:05.444+0000] {dagbag.py:508} INFO - Filling up the DagBag from /home/airflow/.local/lib/python3.7/site-packages/airflow/example_dags/example_skip_dag.py
[2022-09-25T14:32:05.460+0000] {processor.py:650} INFO - DAG(s) dict_keys(['example_skip_dag']) retrieved from /home/airflow/.local/lib/python3.7/site-packages/airflow/example_dags/example_skip_dag.py
[2022-09-25T14:32:05.509+0000] {logging_mixin.py:115} INFO - [2022-09-25T14:32:05.508+0000] {dag.py:2429} INFO - Sync 1 DAGs
[2022-09-25T14:32:05.567+0000] {logging_mixin.py:115} INFO - [2022-09-25T14:32:05.567+0000] {dag.py:2981} INFO - Setting next_dagrun for example_skip_dag to 2022-09-24T14:32:05.566879+00:00, run_after=2022-09-25T14:32:05.566879+00:00
[2022-09-25T14:32:05.591+0000] {processor.py:161} INFO - Processing /home/airflow/.local/lib/python3.7/site-packages/airflow/example_dags/example_skip_dag.py took 0.157 seconds
[2022-09-25T14:32:36.971+0000] {processor.py:153} INFO - Started process (PID=4455) to work on /home/airflow/.local/lib/python3.7/site-packages/airflow/example_dags/example_skip_dag.py
[2022-09-25T14:32:36.973+0000] {processor.py:640} INFO - Processing file /home/airflow/.local/lib/python3.7/site-packages/airflow/example_dags/example_skip_dag.py for tasks to queue
[2022-09-25T14:32:36.975+0000] {logging_mixin.py:115} INFO - [2022-09-25T14:32:36.975+0000] {dagbag.py:508} INFO - Filling up the DagBag from /home/airflow/.local/lib/python3.7/site-packages/airflow/example_dags/example_skip_dag.py
[2022-09-25T14:32:36.998+0000] {processor.py:650} INFO - DAG(s) dict_keys(['example_skip_dag']) retrieved from /home/airflow/.local/lib/python3.7/site-packages/airflow/example_dags/example_skip_dag.py
[2022-09-25T14:32:37.041+0000] {logging_mixin.py:115} INFO - [2022-09-25T14:32:37.041+0000] {dag.py:2429} INFO - Sync 1 DAGs
[2022-09-25T14:32:37.081+0000] {logging_mixin.py:115} INFO - [2022-09-25T14:32:37.081+0000] {dag.py:2981} INFO - Setting next_dagrun for example_skip_dag to 2022-09-24T14:32:37.080671+00:00, run_after=2022-09-25T14:32:37.080671+00:00
[2022-09-25T14:32:37.099+0000] {processor.py:161} INFO - Processing /home/airflow/.local/lib/python3.7/site-packages/airflow/example_dags/example_skip_dag.py took 0.135 seconds
[2022-09-25T14:33:07.909+0000] {processor.py:153} INFO - Started process (PID=4671) to work on /home/airflow/.local/lib/python3.7/site-packages/airflow/example_dags/example_skip_dag.py
[2022-09-25T14:33:07.912+0000] {processor.py:640} INFO - Processing file /home/airflow/.local/lib/python3.7/site-packages/airflow/example_dags/example_skip_dag.py for tasks to queue
[2022-09-25T14:33:07.915+0000] {logging_mixin.py:115} INFO - [2022-09-25T14:33:07.915+0000] {dagbag.py:508} INFO - Filling up the DagBag from /home/airflow/.local/lib/python3.7/site-packages/airflow/example_dags/example_skip_dag.py
[2022-09-25T14:33:07.929+0000] {processor.py:650} INFO - DAG(s) dict_keys(['example_skip_dag']) retrieved from /home/airflow/.local/lib/python3.7/site-packages/airflow/example_dags/example_skip_dag.py
[2022-09-25T14:33:07.969+0000] {logging_mixin.py:115} INFO - [2022-09-25T14:33:07.968+0000] {dag.py:2429} INFO - Sync 1 DAGs
[2022-09-25T14:33:08.003+0000] {logging_mixin.py:115} INFO - [2022-09-25T14:33:08.002+0000] {dag.py:2981} INFO - Setting next_dagrun for example_skip_dag to 2022-09-24T14:33:08.002595+00:00, run_after=2022-09-25T14:33:08.002595+00:00
[2022-09-25T14:33:08.021+0000] {processor.py:161} INFO - Processing /home/airflow/.local/lib/python3.7/site-packages/airflow/example_dags/example_skip_dag.py took 0.118 seconds
[2022-09-25T14:33:39.260+0000] {processor.py:153} INFO - Started process (PID=4877) to work on /home/airflow/.local/lib/python3.7/site-packages/airflow/example_dags/example_skip_dag.py
[2022-09-25T14:33:39.265+0000] {processor.py:640} INFO - Processing file /home/airflow/.local/lib/python3.7/site-packages/airflow/example_dags/example_skip_dag.py for tasks to queue
[2022-09-25T14:33:39.271+0000] {logging_mixin.py:115} INFO - [2022-09-25T14:33:39.270+0000] {dagbag.py:508} INFO - Filling up the DagBag from /home/airflow/.local/lib/python3.7/site-packages/airflow/example_dags/example_skip_dag.py
[2022-09-25T14:33:39.294+0000] {processor.py:650} INFO - DAG(s) dict_keys(['example_skip_dag']) retrieved from /home/airflow/.local/lib/python3.7/site-packages/airflow/example_dags/example_skip_dag.py
[2022-09-25T14:33:39.359+0000] {logging_mixin.py:115} INFO - [2022-09-25T14:33:39.358+0000] {dag.py:2429} INFO - Sync 1 DAGs
[2022-09-25T14:33:39.416+0000] {logging_mixin.py:115} INFO - [2022-09-25T14:33:39.415+0000] {dag.py:2981} INFO - Setting next_dagrun for example_skip_dag to 2022-09-24T14:33:39.415547+00:00, run_after=2022-09-25T14:33:39.415547+00:00
[2022-09-25T14:33:39.447+0000] {processor.py:161} INFO - Processing /home/airflow/.local/lib/python3.7/site-packages/airflow/example_dags/example_skip_dag.py took 0.193 seconds
[2022-09-25T14:34:09.865+0000] {processor.py:153} INFO - Started process (PID=5091) to work on /home/airflow/.local/lib/python3.7/site-packages/airflow/example_dags/example_skip_dag.py
[2022-09-25T14:34:09.867+0000] {processor.py:640} INFO - Processing file /home/airflow/.local/lib/python3.7/site-packages/airflow/example_dags/example_skip_dag.py for tasks to queue
[2022-09-25T14:34:09.869+0000] {logging_mixin.py:115} INFO - [2022-09-25T14:34:09.869+0000] {dagbag.py:508} INFO - Filling up the DagBag from /home/airflow/.local/lib/python3.7/site-packages/airflow/example_dags/example_skip_dag.py
[2022-09-25T14:34:09.887+0000] {processor.py:650} INFO - DAG(s) dict_keys(['example_skip_dag']) retrieved from /home/airflow/.local/lib/python3.7/site-packages/airflow/example_dags/example_skip_dag.py
[2022-09-25T14:34:09.955+0000] {logging_mixin.py:115} INFO - [2022-09-25T14:34:09.955+0000] {dag.py:2429} INFO - Sync 1 DAGs
[2022-09-25T14:34:10.002+0000] {logging_mixin.py:115} INFO - [2022-09-25T14:34:10.002+0000] {dag.py:2981} INFO - Setting next_dagrun for example_skip_dag to 2022-09-24T14:34:10.001905+00:00, run_after=2022-09-25T14:34:10.001905+00:00
[2022-09-25T14:34:10.020+0000] {processor.py:161} INFO - Processing /home/airflow/.local/lib/python3.7/site-packages/airflow/example_dags/example_skip_dag.py took 0.164 seconds
[2022-09-25T14:34:40.394+0000] {processor.py:153} INFO - Started process (PID=5297) to work on /home/airflow/.local/lib/python3.7/site-packages/airflow/example_dags/example_skip_dag.py
[2022-09-25T14:34:40.397+0000] {processor.py:640} INFO - Processing file /home/airflow/.local/lib/python3.7/site-packages/airflow/example_dags/example_skip_dag.py for tasks to queue
[2022-09-25T14:34:40.399+0000] {logging_mixin.py:115} INFO - [2022-09-25T14:34:40.399+0000] {dagbag.py:508} INFO - Filling up the DagBag from /home/airflow/.local/lib/python3.7/site-packages/airflow/example_dags/example_skip_dag.py
[2022-09-25T14:34:40.414+0000] {processor.py:650} INFO - DAG(s) dict_keys(['example_skip_dag']) retrieved from /home/airflow/.local/lib/python3.7/site-packages/airflow/example_dags/example_skip_dag.py
[2022-09-25T14:34:40.463+0000] {logging_mixin.py:115} INFO - [2022-09-25T14:34:40.463+0000] {dag.py:2429} INFO - Sync 1 DAGs
[2022-09-25T14:34:40.505+0000] {logging_mixin.py:115} INFO - [2022-09-25T14:34:40.505+0000] {dag.py:2981} INFO - Setting next_dagrun for example_skip_dag to 2022-09-24T14:34:40.505017+00:00, run_after=2022-09-25T14:34:40.505017+00:00
[2022-09-25T14:34:40.527+0000] {processor.py:161} INFO - Processing /home/airflow/.local/lib/python3.7/site-packages/airflow/example_dags/example_skip_dag.py took 0.138 seconds
[2022-09-25T14:35:11.633+0000] {processor.py:153} INFO - Started process (PID=5511) to work on /home/airflow/.local/lib/python3.7/site-packages/airflow/example_dags/example_skip_dag.py
[2022-09-25T14:35:11.638+0000] {processor.py:640} INFO - Processing file /home/airflow/.local/lib/python3.7/site-packages/airflow/example_dags/example_skip_dag.py for tasks to queue
[2022-09-25T14:35:11.641+0000] {logging_mixin.py:115} INFO - [2022-09-25T14:35:11.641+0000] {dagbag.py:508} INFO - Filling up the DagBag from /home/airflow/.local/lib/python3.7/site-packages/airflow/example_dags/example_skip_dag.py
[2022-09-25T14:35:11.662+0000] {processor.py:650} INFO - DAG(s) dict_keys(['example_skip_dag']) retrieved from /home/airflow/.local/lib/python3.7/site-packages/airflow/example_dags/example_skip_dag.py
[2022-09-25T14:35:11.718+0000] {logging_mixin.py:115} INFO - [2022-09-25T14:35:11.718+0000] {dag.py:2429} INFO - Sync 1 DAGs
[2022-09-25T14:35:11.760+0000] {logging_mixin.py:115} INFO - [2022-09-25T14:35:11.759+0000] {dag.py:2981} INFO - Setting next_dagrun for example_skip_dag to 2022-09-24T14:35:11.759471+00:00, run_after=2022-09-25T14:35:11.759471+00:00
[2022-09-25T14:35:11.790+0000] {processor.py:161} INFO - Processing /home/airflow/.local/lib/python3.7/site-packages/airflow/example_dags/example_skip_dag.py took 0.166 seconds
[2022-09-25T14:35:42.529+0000] {processor.py:153} INFO - Started process (PID=5711) to work on /home/airflow/.local/lib/python3.7/site-packages/airflow/example_dags/example_skip_dag.py
[2022-09-25T14:35:42.532+0000] {processor.py:640} INFO - Processing file /home/airflow/.local/lib/python3.7/site-packages/airflow/example_dags/example_skip_dag.py for tasks to queue
[2022-09-25T14:35:42.534+0000] {logging_mixin.py:115} INFO - [2022-09-25T14:35:42.533+0000] {dagbag.py:508} INFO - Filling up the DagBag from /home/airflow/.local/lib/python3.7/site-packages/airflow/example_dags/example_skip_dag.py
[2022-09-25T14:35:42.553+0000] {processor.py:650} INFO - DAG(s) dict_keys(['example_skip_dag']) retrieved from /home/airflow/.local/lib/python3.7/site-packages/airflow/example_dags/example_skip_dag.py
[2022-09-25T14:35:42.599+0000] {logging_mixin.py:115} INFO - [2022-09-25T14:35:42.599+0000] {dag.py:2429} INFO - Sync 1 DAGs
[2022-09-25T14:35:42.637+0000] {logging_mixin.py:115} INFO - [2022-09-25T14:35:42.637+0000] {dag.py:2981} INFO - Setting next_dagrun for example_skip_dag to 2022-09-24T14:35:42.636821+00:00, run_after=2022-09-25T14:35:42.636821+00:00
[2022-09-25T14:35:42.655+0000] {processor.py:161} INFO - Processing /home/airflow/.local/lib/python3.7/site-packages/airflow/example_dags/example_skip_dag.py took 0.133 seconds
[2022-09-25T14:36:12.917+0000] {processor.py:153} INFO - Started process (PID=5926) to work on /home/airflow/.local/lib/python3.7/site-packages/airflow/example_dags/example_skip_dag.py
[2022-09-25T14:36:12.921+0000] {processor.py:640} INFO - Processing file /home/airflow/.local/lib/python3.7/site-packages/airflow/example_dags/example_skip_dag.py for tasks to queue
[2022-09-25T14:36:12.924+0000] {logging_mixin.py:115} INFO - [2022-09-25T14:36:12.923+0000] {dagbag.py:508} INFO - Filling up the DagBag from /home/airflow/.local/lib/python3.7/site-packages/airflow/example_dags/example_skip_dag.py
[2022-09-25T14:36:12.942+0000] {processor.py:650} INFO - DAG(s) dict_keys(['example_skip_dag']) retrieved from /home/airflow/.local/lib/python3.7/site-packages/airflow/example_dags/example_skip_dag.py
[2022-09-25T14:36:12.994+0000] {logging_mixin.py:115} INFO - [2022-09-25T14:36:12.993+0000] {dag.py:2429} INFO - Sync 1 DAGs
[2022-09-25T14:36:13.035+0000] {logging_mixin.py:115} INFO - [2022-09-25T14:36:13.035+0000] {dag.py:2981} INFO - Setting next_dagrun for example_skip_dag to 2022-09-24T14:36:13.035041+00:00, run_after=2022-09-25T14:36:13.035041+00:00
[2022-09-25T14:36:13.058+0000] {processor.py:161} INFO - Processing /home/airflow/.local/lib/python3.7/site-packages/airflow/example_dags/example_skip_dag.py took 0.149 seconds
[2022-09-25T14:36:43.948+0000] {processor.py:153} INFO - Started process (PID=6130) to work on /home/airflow/.local/lib/python3.7/site-packages/airflow/example_dags/example_skip_dag.py
[2022-09-25T14:36:43.951+0000] {processor.py:640} INFO - Processing file /home/airflow/.local/lib/python3.7/site-packages/airflow/example_dags/example_skip_dag.py for tasks to queue
[2022-09-25T14:36:43.954+0000] {logging_mixin.py:115} INFO - [2022-09-25T14:36:43.953+0000] {dagbag.py:508} INFO - Filling up the DagBag from /home/airflow/.local/lib/python3.7/site-packages/airflow/example_dags/example_skip_dag.py
[2022-09-25T14:36:43.964+0000] {processor.py:650} INFO - DAG(s) dict_keys(['example_skip_dag']) retrieved from /home/airflow/.local/lib/python3.7/site-packages/airflow/example_dags/example_skip_dag.py
[2022-09-25T14:36:44.018+0000] {logging_mixin.py:115} INFO - [2022-09-25T14:36:44.018+0000] {dag.py:2429} INFO - Sync 1 DAGs
[2022-09-25T14:36:44.062+0000] {logging_mixin.py:115} INFO - [2022-09-25T14:36:44.061+0000] {dag.py:2981} INFO - Setting next_dagrun for example_skip_dag to 2022-09-24T14:36:44.061277+00:00, run_after=2022-09-25T14:36:44.061277+00:00
[2022-09-25T14:36:44.101+0000] {processor.py:161} INFO - Processing /home/airflow/.local/lib/python3.7/site-packages/airflow/example_dags/example_skip_dag.py took 0.161 seconds
[2022-09-25T14:37:14.558+0000] {processor.py:153} INFO - Started process (PID=6338) to work on /home/airflow/.local/lib/python3.7/site-packages/airflow/example_dags/example_skip_dag.py
[2022-09-25T14:37:14.560+0000] {processor.py:640} INFO - Processing file /home/airflow/.local/lib/python3.7/site-packages/airflow/example_dags/example_skip_dag.py for tasks to queue
[2022-09-25T14:37:14.562+0000] {logging_mixin.py:115} INFO - [2022-09-25T14:37:14.562+0000] {dagbag.py:508} INFO - Filling up the DagBag from /home/airflow/.local/lib/python3.7/site-packages/airflow/example_dags/example_skip_dag.py
[2022-09-25T14:37:14.574+0000] {processor.py:650} INFO - DAG(s) dict_keys(['example_skip_dag']) retrieved from /home/airflow/.local/lib/python3.7/site-packages/airflow/example_dags/example_skip_dag.py
[2022-09-25T14:37:14.625+0000] {logging_mixin.py:115} INFO - [2022-09-25T14:37:14.624+0000] {dag.py:2429} INFO - Sync 1 DAGs
[2022-09-25T14:37:14.662+0000] {logging_mixin.py:115} INFO - [2022-09-25T14:37:14.662+0000] {dag.py:2981} INFO - Setting next_dagrun for example_skip_dag to 2022-09-24T14:37:14.662103+00:00, run_after=2022-09-25T14:37:14.662103+00:00
[2022-09-25T14:37:14.686+0000] {processor.py:161} INFO - Processing /home/airflow/.local/lib/python3.7/site-packages/airflow/example_dags/example_skip_dag.py took 0.135 seconds
[2022-09-25T14:37:45.588+0000] {processor.py:153} INFO - Started process (PID=6543) to work on /home/airflow/.local/lib/python3.7/site-packages/airflow/example_dags/example_skip_dag.py
[2022-09-25T14:37:45.591+0000] {processor.py:640} INFO - Processing file /home/airflow/.local/lib/python3.7/site-packages/airflow/example_dags/example_skip_dag.py for tasks to queue
[2022-09-25T14:37:45.593+0000] {logging_mixin.py:115} INFO - [2022-09-25T14:37:45.593+0000] {dagbag.py:508} INFO - Filling up the DagBag from /home/airflow/.local/lib/python3.7/site-packages/airflow/example_dags/example_skip_dag.py
[2022-09-25T14:37:45.602+0000] {processor.py:650} INFO - DAG(s) dict_keys(['example_skip_dag']) retrieved from /home/airflow/.local/lib/python3.7/site-packages/airflow/example_dags/example_skip_dag.py
[2022-09-25T14:37:45.645+0000] {logging_mixin.py:115} INFO - [2022-09-25T14:37:45.645+0000] {dag.py:2429} INFO - Sync 1 DAGs
[2022-09-25T14:37:45.681+0000] {logging_mixin.py:115} INFO - [2022-09-25T14:37:45.681+0000] {dag.py:2981} INFO - Setting next_dagrun for example_skip_dag to 2022-09-24T14:37:45.680813+00:00, run_after=2022-09-25T14:37:45.680813+00:00
[2022-09-25T14:37:45.700+0000] {processor.py:161} INFO - Processing /home/airflow/.local/lib/python3.7/site-packages/airflow/example_dags/example_skip_dag.py took 0.117 seconds
[2022-09-25T14:38:15.770+0000] {processor.py:153} INFO - Started process (PID=6753) to work on /home/airflow/.local/lib/python3.7/site-packages/airflow/example_dags/example_skip_dag.py
[2022-09-25T14:38:15.772+0000] {processor.py:640} INFO - Processing file /home/airflow/.local/lib/python3.7/site-packages/airflow/example_dags/example_skip_dag.py for tasks to queue
[2022-09-25T14:38:15.774+0000] {logging_mixin.py:115} INFO - [2022-09-25T14:38:15.774+0000] {dagbag.py:508} INFO - Filling up the DagBag from /home/airflow/.local/lib/python3.7/site-packages/airflow/example_dags/example_skip_dag.py
[2022-09-25T14:38:15.783+0000] {processor.py:650} INFO - DAG(s) dict_keys(['example_skip_dag']) retrieved from /home/airflow/.local/lib/python3.7/site-packages/airflow/example_dags/example_skip_dag.py
[2022-09-25T14:38:15.827+0000] {logging_mixin.py:115} INFO - [2022-09-25T14:38:15.827+0000] {dag.py:2429} INFO - Sync 1 DAGs
[2022-09-25T14:38:15.869+0000] {logging_mixin.py:115} INFO - [2022-09-25T14:38:15.869+0000] {dag.py:2981} INFO - Setting next_dagrun for example_skip_dag to 2022-09-24T14:38:15.869114+00:00, run_after=2022-09-25T14:38:15.869114+00:00
[2022-09-25T14:38:15.889+0000] {processor.py:161} INFO - Processing /home/airflow/.local/lib/python3.7/site-packages/airflow/example_dags/example_skip_dag.py took 0.126 seconds
[2022-09-25T14:38:46.376+0000] {processor.py:153} INFO - Started process (PID=6956) to work on /home/airflow/.local/lib/python3.7/site-packages/airflow/example_dags/example_skip_dag.py
[2022-09-25T14:38:46.378+0000] {processor.py:640} INFO - Processing file /home/airflow/.local/lib/python3.7/site-packages/airflow/example_dags/example_skip_dag.py for tasks to queue
[2022-09-25T14:38:46.379+0000] {logging_mixin.py:115} INFO - [2022-09-25T14:38:46.379+0000] {dagbag.py:508} INFO - Filling up the DagBag from /home/airflow/.local/lib/python3.7/site-packages/airflow/example_dags/example_skip_dag.py
[2022-09-25T14:38:46.389+0000] {processor.py:650} INFO - DAG(s) dict_keys(['example_skip_dag']) retrieved from /home/airflow/.local/lib/python3.7/site-packages/airflow/example_dags/example_skip_dag.py
[2022-09-25T14:38:46.437+0000] {logging_mixin.py:115} INFO - [2022-09-25T14:38:46.436+0000] {dag.py:2429} INFO - Sync 1 DAGs
[2022-09-25T14:38:46.479+0000] {logging_mixin.py:115} INFO - [2022-09-25T14:38:46.478+0000] {dag.py:2981} INFO - Setting next_dagrun for example_skip_dag to 2022-09-24T14:38:46.478500+00:00, run_after=2022-09-25T14:38:46.478500+00:00
[2022-09-25T14:38:46.505+0000] {processor.py:161} INFO - Processing /home/airflow/.local/lib/python3.7/site-packages/airflow/example_dags/example_skip_dag.py took 0.136 seconds
[2022-09-25T14:39:16.594+0000] {processor.py:153} INFO - Started process (PID=7171) to work on /home/airflow/.local/lib/python3.7/site-packages/airflow/example_dags/example_skip_dag.py
[2022-09-25T14:39:16.602+0000] {processor.py:640} INFO - Processing file /home/airflow/.local/lib/python3.7/site-packages/airflow/example_dags/example_skip_dag.py for tasks to queue
[2022-09-25T14:39:16.604+0000] {logging_mixin.py:115} INFO - [2022-09-25T14:39:16.604+0000] {dagbag.py:508} INFO - Filling up the DagBag from /home/airflow/.local/lib/python3.7/site-packages/airflow/example_dags/example_skip_dag.py
[2022-09-25T14:39:16.615+0000] {processor.py:650} INFO - DAG(s) dict_keys(['example_skip_dag']) retrieved from /home/airflow/.local/lib/python3.7/site-packages/airflow/example_dags/example_skip_dag.py
[2022-09-25T14:39:16.671+0000] {logging_mixin.py:115} INFO - [2022-09-25T14:39:16.671+0000] {dag.py:2429} INFO - Sync 1 DAGs
[2022-09-25T14:39:16.713+0000] {logging_mixin.py:115} INFO - [2022-09-25T14:39:16.713+0000] {dag.py:2981} INFO - Setting next_dagrun for example_skip_dag to 2022-09-24T14:39:16.713294+00:00, run_after=2022-09-25T14:39:16.713294+00:00
[2022-09-25T14:39:16.751+0000] {processor.py:161} INFO - Processing /home/airflow/.local/lib/python3.7/site-packages/airflow/example_dags/example_skip_dag.py took 0.163 seconds
[2022-09-25T14:39:47.090+0000] {processor.py:153} INFO - Started process (PID=7376) to work on /home/airflow/.local/lib/python3.7/site-packages/airflow/example_dags/example_skip_dag.py
[2022-09-25T14:39:47.094+0000] {processor.py:640} INFO - Processing file /home/airflow/.local/lib/python3.7/site-packages/airflow/example_dags/example_skip_dag.py for tasks to queue
[2022-09-25T14:39:47.096+0000] {logging_mixin.py:115} INFO - [2022-09-25T14:39:47.096+0000] {dagbag.py:508} INFO - Filling up the DagBag from /home/airflow/.local/lib/python3.7/site-packages/airflow/example_dags/example_skip_dag.py
[2022-09-25T14:39:47.112+0000] {processor.py:650} INFO - DAG(s) dict_keys(['example_skip_dag']) retrieved from /home/airflow/.local/lib/python3.7/site-packages/airflow/example_dags/example_skip_dag.py
[2022-09-25T14:39:47.176+0000] {logging_mixin.py:115} INFO - [2022-09-25T14:39:47.176+0000] {dag.py:2429} INFO - Sync 1 DAGs
[2022-09-25T14:39:47.229+0000] {logging_mixin.py:115} INFO - [2022-09-25T14:39:47.228+0000] {dag.py:2981} INFO - Setting next_dagrun for example_skip_dag to 2022-09-24T14:39:47.227679+00:00, run_after=2022-09-25T14:39:47.227679+00:00
[2022-09-25T14:39:47.269+0000] {processor.py:161} INFO - Processing /home/airflow/.local/lib/python3.7/site-packages/airflow/example_dags/example_skip_dag.py took 0.193 seconds
[2022-09-25T14:40:17.544+0000] {processor.py:153} INFO - Started process (PID=7590) to work on /home/airflow/.local/lib/python3.7/site-packages/airflow/example_dags/example_skip_dag.py
[2022-09-25T14:40:17.546+0000] {processor.py:640} INFO - Processing file /home/airflow/.local/lib/python3.7/site-packages/airflow/example_dags/example_skip_dag.py for tasks to queue
[2022-09-25T14:40:17.549+0000] {logging_mixin.py:115} INFO - [2022-09-25T14:40:17.548+0000] {dagbag.py:508} INFO - Filling up the DagBag from /home/airflow/.local/lib/python3.7/site-packages/airflow/example_dags/example_skip_dag.py
[2022-09-25T14:40:17.562+0000] {processor.py:650} INFO - DAG(s) dict_keys(['example_skip_dag']) retrieved from /home/airflow/.local/lib/python3.7/site-packages/airflow/example_dags/example_skip_dag.py
[2022-09-25T14:40:17.612+0000] {logging_mixin.py:115} INFO - [2022-09-25T14:40:17.612+0000] {dag.py:2429} INFO - Sync 1 DAGs
[2022-09-25T14:40:17.657+0000] {logging_mixin.py:115} INFO - [2022-09-25T14:40:17.657+0000] {dag.py:2981} INFO - Setting next_dagrun for example_skip_dag to 2022-09-24T14:40:17.657010+00:00, run_after=2022-09-25T14:40:17.657010+00:00
[2022-09-25T14:40:17.685+0000] {processor.py:161} INFO - Processing /home/airflow/.local/lib/python3.7/site-packages/airflow/example_dags/example_skip_dag.py took 0.153 seconds
[2022-09-25T14:40:48.128+0000] {processor.py:153} INFO - Started process (PID=7795) to work on /home/airflow/.local/lib/python3.7/site-packages/airflow/example_dags/example_skip_dag.py
[2022-09-25T14:40:48.130+0000] {processor.py:640} INFO - Processing file /home/airflow/.local/lib/python3.7/site-packages/airflow/example_dags/example_skip_dag.py for tasks to queue
[2022-09-25T14:40:48.132+0000] {logging_mixin.py:115} INFO - [2022-09-25T14:40:48.132+0000] {dagbag.py:508} INFO - Filling up the DagBag from /home/airflow/.local/lib/python3.7/site-packages/airflow/example_dags/example_skip_dag.py
[2022-09-25T14:40:48.142+0000] {processor.py:650} INFO - DAG(s) dict_keys(['example_skip_dag']) retrieved from /home/airflow/.local/lib/python3.7/site-packages/airflow/example_dags/example_skip_dag.py
[2022-09-25T14:40:48.191+0000] {logging_mixin.py:115} INFO - [2022-09-25T14:40:48.191+0000] {dag.py:2429} INFO - Sync 1 DAGs
[2022-09-25T14:40:48.239+0000] {logging_mixin.py:115} INFO - [2022-09-25T14:40:48.238+0000] {dag.py:2981} INFO - Setting next_dagrun for example_skip_dag to 2022-09-24T14:40:48.236974+00:00, run_after=2022-09-25T14:40:48.236974+00:00
[2022-09-25T14:40:48.281+0000] {processor.py:161} INFO - Processing /home/airflow/.local/lib/python3.7/site-packages/airflow/example_dags/example_skip_dag.py took 0.158 seconds
[2022-09-25T14:41:18.842+0000] {processor.py:153} INFO - Started process (PID=8009) to work on /home/airflow/.local/lib/python3.7/site-packages/airflow/example_dags/example_skip_dag.py
[2022-09-25T14:41:18.845+0000] {processor.py:640} INFO - Processing file /home/airflow/.local/lib/python3.7/site-packages/airflow/example_dags/example_skip_dag.py for tasks to queue
[2022-09-25T14:41:18.847+0000] {logging_mixin.py:115} INFO - [2022-09-25T14:41:18.847+0000] {dagbag.py:508} INFO - Filling up the DagBag from /home/airflow/.local/lib/python3.7/site-packages/airflow/example_dags/example_skip_dag.py
[2022-09-25T14:41:18.858+0000] {processor.py:650} INFO - DAG(s) dict_keys(['example_skip_dag']) retrieved from /home/airflow/.local/lib/python3.7/site-packages/airflow/example_dags/example_skip_dag.py
[2022-09-25T14:41:18.911+0000] {logging_mixin.py:115} INFO - [2022-09-25T14:41:18.910+0000] {dag.py:2429} INFO - Sync 1 DAGs
[2022-09-25T14:41:18.963+0000] {logging_mixin.py:115} INFO - [2022-09-25T14:41:18.963+0000] {dag.py:2981} INFO - Setting next_dagrun for example_skip_dag to 2022-09-24T14:41:18.962479+00:00, run_after=2022-09-25T14:41:18.962479+00:00
[2022-09-25T14:41:18.987+0000] {processor.py:161} INFO - Processing /home/airflow/.local/lib/python3.7/site-packages/airflow/example_dags/example_skip_dag.py took 0.151 seconds
[2022-09-25T14:41:49.475+0000] {processor.py:153} INFO - Started process (PID=8214) to work on /home/airflow/.local/lib/python3.7/site-packages/airflow/example_dags/example_skip_dag.py
[2022-09-25T14:41:49.478+0000] {processor.py:640} INFO - Processing file /home/airflow/.local/lib/python3.7/site-packages/airflow/example_dags/example_skip_dag.py for tasks to queue
[2022-09-25T14:41:49.480+0000] {logging_mixin.py:115} INFO - [2022-09-25T14:41:49.480+0000] {dagbag.py:508} INFO - Filling up the DagBag from /home/airflow/.local/lib/python3.7/site-packages/airflow/example_dags/example_skip_dag.py
[2022-09-25T14:41:49.491+0000] {processor.py:650} INFO - DAG(s) dict_keys(['example_skip_dag']) retrieved from /home/airflow/.local/lib/python3.7/site-packages/airflow/example_dags/example_skip_dag.py
[2022-09-25T14:41:49.538+0000] {logging_mixin.py:115} INFO - [2022-09-25T14:41:49.538+0000] {dag.py:2429} INFO - Sync 1 DAGs
[2022-09-25T14:41:49.583+0000] {logging_mixin.py:115} INFO - [2022-09-25T14:41:49.583+0000] {dag.py:2981} INFO - Setting next_dagrun for example_skip_dag to 2022-09-24T14:41:49.582647+00:00, run_after=2022-09-25T14:41:49.582647+00:00
[2022-09-25T14:41:49.609+0000] {processor.py:161} INFO - Processing /home/airflow/.local/lib/python3.7/site-packages/airflow/example_dags/example_skip_dag.py took 0.140 seconds
[2022-09-25T14:42:20.377+0000] {processor.py:153} INFO - Started process (PID=8428) to work on /home/airflow/.local/lib/python3.7/site-packages/airflow/example_dags/example_skip_dag.py
[2022-09-25T14:42:20.379+0000] {processor.py:640} INFO - Processing file /home/airflow/.local/lib/python3.7/site-packages/airflow/example_dags/example_skip_dag.py for tasks to queue
[2022-09-25T14:42:20.381+0000] {logging_mixin.py:115} INFO - [2022-09-25T14:42:20.381+0000] {dagbag.py:508} INFO - Filling up the DagBag from /home/airflow/.local/lib/python3.7/site-packages/airflow/example_dags/example_skip_dag.py
[2022-09-25T14:42:20.390+0000] {processor.py:650} INFO - DAG(s) dict_keys(['example_skip_dag']) retrieved from /home/airflow/.local/lib/python3.7/site-packages/airflow/example_dags/example_skip_dag.py
[2022-09-25T14:42:20.441+0000] {logging_mixin.py:115} INFO - [2022-09-25T14:42:20.440+0000] {dag.py:2429} INFO - Sync 1 DAGs
[2022-09-25T14:42:20.478+0000] {logging_mixin.py:115} INFO - [2022-09-25T14:42:20.478+0000] {dag.py:2981} INFO - Setting next_dagrun for example_skip_dag to 2022-09-24T14:42:20.477735+00:00, run_after=2022-09-25T14:42:20.477735+00:00
[2022-09-25T14:42:20.504+0000] {processor.py:161} INFO - Processing /home/airflow/.local/lib/python3.7/site-packages/airflow/example_dags/example_skip_dag.py took 0.132 seconds
[2022-09-25T14:42:50.624+0000] {processor.py:153} INFO - Started process (PID=8635) to work on /home/airflow/.local/lib/python3.7/site-packages/airflow/example_dags/example_skip_dag.py
[2022-09-25T14:42:50.627+0000] {processor.py:640} INFO - Processing file /home/airflow/.local/lib/python3.7/site-packages/airflow/example_dags/example_skip_dag.py for tasks to queue
[2022-09-25T14:42:50.629+0000] {logging_mixin.py:115} INFO - [2022-09-25T14:42:50.629+0000] {dagbag.py:508} INFO - Filling up the DagBag from /home/airflow/.local/lib/python3.7/site-packages/airflow/example_dags/example_skip_dag.py
[2022-09-25T14:42:50.639+0000] {processor.py:650} INFO - DAG(s) dict_keys(['example_skip_dag']) retrieved from /home/airflow/.local/lib/python3.7/site-packages/airflow/example_dags/example_skip_dag.py
[2022-09-25T14:42:50.686+0000] {logging_mixin.py:115} INFO - [2022-09-25T14:42:50.686+0000] {dag.py:2429} INFO - Sync 1 DAGs
[2022-09-25T14:42:50.721+0000] {logging_mixin.py:115} INFO - [2022-09-25T14:42:50.721+0000] {dag.py:2981} INFO - Setting next_dagrun for example_skip_dag to 2022-09-24T14:42:50.721426+00:00, run_after=2022-09-25T14:42:50.721426+00:00
[2022-09-25T14:42:50.742+0000] {processor.py:161} INFO - Processing /home/airflow/.local/lib/python3.7/site-packages/airflow/example_dags/example_skip_dag.py took 0.124 seconds
[2022-09-25T14:43:21.009+0000] {processor.py:153} INFO - Started process (PID=8850) to work on /home/airflow/.local/lib/python3.7/site-packages/airflow/example_dags/example_skip_dag.py
[2022-09-25T14:43:21.012+0000] {processor.py:640} INFO - Processing file /home/airflow/.local/lib/python3.7/site-packages/airflow/example_dags/example_skip_dag.py for tasks to queue
[2022-09-25T14:43:21.015+0000] {logging_mixin.py:115} INFO - [2022-09-25T14:43:21.014+0000] {dagbag.py:508} INFO - Filling up the DagBag from /home/airflow/.local/lib/python3.7/site-packages/airflow/example_dags/example_skip_dag.py
[2022-09-25T14:43:21.029+0000] {processor.py:650} INFO - DAG(s) dict_keys(['example_skip_dag']) retrieved from /home/airflow/.local/lib/python3.7/site-packages/airflow/example_dags/example_skip_dag.py
[2022-09-25T14:43:21.081+0000] {logging_mixin.py:115} INFO - [2022-09-25T14:43:21.081+0000] {dag.py:2429} INFO - Sync 1 DAGs
[2022-09-25T14:43:21.132+0000] {logging_mixin.py:115} INFO - [2022-09-25T14:43:21.132+0000] {dag.py:2981} INFO - Setting next_dagrun for example_skip_dag to 2022-09-24T14:43:21.131834+00:00, run_after=2022-09-25T14:43:21.131834+00:00
[2022-09-25T14:43:21.153+0000] {processor.py:161} INFO - Processing /home/airflow/.local/lib/python3.7/site-packages/airflow/example_dags/example_skip_dag.py took 0.153 seconds
[2022-09-25T14:43:51.608+0000] {processor.py:153} INFO - Started process (PID=9055) to work on /home/airflow/.local/lib/python3.7/site-packages/airflow/example_dags/example_skip_dag.py
[2022-09-25T14:43:51.610+0000] {processor.py:640} INFO - Processing file /home/airflow/.local/lib/python3.7/site-packages/airflow/example_dags/example_skip_dag.py for tasks to queue
[2022-09-25T14:43:51.613+0000] {logging_mixin.py:115} INFO - [2022-09-25T14:43:51.612+0000] {dagbag.py:508} INFO - Filling up the DagBag from /home/airflow/.local/lib/python3.7/site-packages/airflow/example_dags/example_skip_dag.py
[2022-09-25T14:43:51.622+0000] {processor.py:650} INFO - DAG(s) dict_keys(['example_skip_dag']) retrieved from /home/airflow/.local/lib/python3.7/site-packages/airflow/example_dags/example_skip_dag.py
[2022-09-25T14:43:51.671+0000] {logging_mixin.py:115} INFO - [2022-09-25T14:43:51.671+0000] {dag.py:2429} INFO - Sync 1 DAGs
[2022-09-25T14:43:51.738+0000] {logging_mixin.py:115} INFO - [2022-09-25T14:43:51.737+0000] {dag.py:2981} INFO - Setting next_dagrun for example_skip_dag to 2022-09-24T14:43:51.736514+00:00, run_after=2022-09-25T14:43:51.736514+00:00
[2022-09-25T14:43:51.781+0000] {processor.py:161} INFO - Processing /home/airflow/.local/lib/python3.7/site-packages/airflow/example_dags/example_skip_dag.py took 0.182 seconds
[2022-09-25T14:44:22.370+0000] {processor.py:153} INFO - Started process (PID=9269) to work on /home/airflow/.local/lib/python3.7/site-packages/airflow/example_dags/example_skip_dag.py
[2022-09-25T14:44:22.373+0000] {processor.py:640} INFO - Processing file /home/airflow/.local/lib/python3.7/site-packages/airflow/example_dags/example_skip_dag.py for tasks to queue
[2022-09-25T14:44:22.375+0000] {logging_mixin.py:115} INFO - [2022-09-25T14:44:22.375+0000] {dagbag.py:508} INFO - Filling up the DagBag from /home/airflow/.local/lib/python3.7/site-packages/airflow/example_dags/example_skip_dag.py
[2022-09-25T14:44:22.386+0000] {processor.py:650} INFO - DAG(s) dict_keys(['example_skip_dag']) retrieved from /home/airflow/.local/lib/python3.7/site-packages/airflow/example_dags/example_skip_dag.py
[2022-09-25T14:44:22.445+0000] {logging_mixin.py:115} INFO - [2022-09-25T14:44:22.445+0000] {dag.py:2429} INFO - Sync 1 DAGs
[2022-09-25T14:44:22.487+0000] {logging_mixin.py:115} INFO - [2022-09-25T14:44:22.487+0000] {dag.py:2981} INFO - Setting next_dagrun for example_skip_dag to 2022-09-24T14:44:22.486689+00:00, run_after=2022-09-25T14:44:22.486689+00:00
[2022-09-25T14:44:22.511+0000] {processor.py:161} INFO - Processing /home/airflow/.local/lib/python3.7/site-packages/airflow/example_dags/example_skip_dag.py took 0.147 seconds
[2022-09-25T14:44:52.741+0000] {processor.py:153} INFO - Started process (PID=9475) to work on /home/airflow/.local/lib/python3.7/site-packages/airflow/example_dags/example_skip_dag.py
[2022-09-25T14:44:52.745+0000] {processor.py:640} INFO - Processing file /home/airflow/.local/lib/python3.7/site-packages/airflow/example_dags/example_skip_dag.py for tasks to queue
[2022-09-25T14:44:52.747+0000] {logging_mixin.py:115} INFO - [2022-09-25T14:44:52.747+0000] {dagbag.py:508} INFO - Filling up the DagBag from /home/airflow/.local/lib/python3.7/site-packages/airflow/example_dags/example_skip_dag.py
[2022-09-25T14:44:52.762+0000] {processor.py:650} INFO - DAG(s) dict_keys(['example_skip_dag']) retrieved from /home/airflow/.local/lib/python3.7/site-packages/airflow/example_dags/example_skip_dag.py
[2022-09-25T14:44:52.831+0000] {logging_mixin.py:115} INFO - [2022-09-25T14:44:52.831+0000] {dag.py:2429} INFO - Sync 1 DAGs
[2022-09-25T14:44:52.923+0000] {logging_mixin.py:115} INFO - [2022-09-25T14:44:52.923+0000] {dag.py:2981} INFO - Setting next_dagrun for example_skip_dag to 2022-09-24T14:44:52.922837+00:00, run_after=2022-09-25T14:44:52.922837+00:00
[2022-09-25T14:44:52.947+0000] {processor.py:161} INFO - Processing /home/airflow/.local/lib/python3.7/site-packages/airflow/example_dags/example_skip_dag.py took 0.216 seconds
[2022-09-25T14:45:23.200+0000] {processor.py:153} INFO - Started process (PID=9680) to work on /home/airflow/.local/lib/python3.7/site-packages/airflow/example_dags/example_skip_dag.py
[2022-09-25T14:45:23.203+0000] {processor.py:640} INFO - Processing file /home/airflow/.local/lib/python3.7/site-packages/airflow/example_dags/example_skip_dag.py for tasks to queue
[2022-09-25T14:45:23.205+0000] {logging_mixin.py:115} INFO - [2022-09-25T14:45:23.205+0000] {dagbag.py:508} INFO - Filling up the DagBag from /home/airflow/.local/lib/python3.7/site-packages/airflow/example_dags/example_skip_dag.py
[2022-09-25T14:45:23.215+0000] {processor.py:650} INFO - DAG(s) dict_keys(['example_skip_dag']) retrieved from /home/airflow/.local/lib/python3.7/site-packages/airflow/example_dags/example_skip_dag.py
[2022-09-25T14:45:23.280+0000] {logging_mixin.py:115} INFO - [2022-09-25T14:45:23.280+0000] {dag.py:2429} INFO - Sync 1 DAGs
[2022-09-25T14:45:23.329+0000] {logging_mixin.py:115} INFO - [2022-09-25T14:45:23.328+0000] {dag.py:2981} INFO - Setting next_dagrun for example_skip_dag to 2022-09-24T14:45:23.328520+00:00, run_after=2022-09-25T14:45:23.328520+00:00
[2022-09-25T14:45:23.361+0000] {processor.py:161} INFO - Processing /home/airflow/.local/lib/python3.7/site-packages/airflow/example_dags/example_skip_dag.py took 0.166 seconds
[2022-09-25T14:45:53.861+0000] {processor.py:153} INFO - Started process (PID=9894) to work on /home/airflow/.local/lib/python3.7/site-packages/airflow/example_dags/example_skip_dag.py
[2022-09-25T14:45:53.864+0000] {processor.py:640} INFO - Processing file /home/airflow/.local/lib/python3.7/site-packages/airflow/example_dags/example_skip_dag.py for tasks to queue
[2022-09-25T14:45:53.866+0000] {logging_mixin.py:115} INFO - [2022-09-25T14:45:53.866+0000] {dagbag.py:508} INFO - Filling up the DagBag from /home/airflow/.local/lib/python3.7/site-packages/airflow/example_dags/example_skip_dag.py
[2022-09-25T14:45:53.880+0000] {processor.py:650} INFO - DAG(s) dict_keys(['example_skip_dag']) retrieved from /home/airflow/.local/lib/python3.7/site-packages/airflow/example_dags/example_skip_dag.py
[2022-09-25T14:45:53.939+0000] {logging_mixin.py:115} INFO - [2022-09-25T14:45:53.939+0000] {dag.py:2429} INFO - Sync 1 DAGs
[2022-09-25T14:45:53.987+0000] {logging_mixin.py:115} INFO - [2022-09-25T14:45:53.986+0000] {dag.py:2981} INFO - Setting next_dagrun for example_skip_dag to 2022-09-24T14:45:53.986049+00:00, run_after=2022-09-25T14:45:53.986049+00:00
[2022-09-25T14:45:54.019+0000] {processor.py:161} INFO - Processing /home/airflow/.local/lib/python3.7/site-packages/airflow/example_dags/example_skip_dag.py took 0.164 seconds
[2022-09-25T14:46:24.564+0000] {processor.py:153} INFO - Started process (PID=10099) to work on /home/airflow/.local/lib/python3.7/site-packages/airflow/example_dags/example_skip_dag.py
[2022-09-25T14:46:24.567+0000] {processor.py:640} INFO - Processing file /home/airflow/.local/lib/python3.7/site-packages/airflow/example_dags/example_skip_dag.py for tasks to queue
[2022-09-25T14:46:24.569+0000] {logging_mixin.py:115} INFO - [2022-09-25T14:46:24.569+0000] {dagbag.py:508} INFO - Filling up the DagBag from /home/airflow/.local/lib/python3.7/site-packages/airflow/example_dags/example_skip_dag.py
[2022-09-25T14:46:24.579+0000] {processor.py:650} INFO - DAG(s) dict_keys(['example_skip_dag']) retrieved from /home/airflow/.local/lib/python3.7/site-packages/airflow/example_dags/example_skip_dag.py
[2022-09-25T14:46:24.631+0000] {logging_mixin.py:115} INFO - [2022-09-25T14:46:24.631+0000] {dag.py:2429} INFO - Sync 1 DAGs
[2022-09-25T14:46:24.675+0000] {logging_mixin.py:115} INFO - [2022-09-25T14:46:24.675+0000] {dag.py:2981} INFO - Setting next_dagrun for example_skip_dag to 2022-09-24T14:46:24.674871+00:00, run_after=2022-09-25T14:46:24.674871+00:00
[2022-09-25T14:46:24.704+0000] {processor.py:161} INFO - Processing /home/airflow/.local/lib/python3.7/site-packages/airflow/example_dags/example_skip_dag.py took 0.148 seconds
[2022-09-25T14:46:55.140+0000] {processor.py:153} INFO - Started process (PID=10313) to work on /home/airflow/.local/lib/python3.7/site-packages/airflow/example_dags/example_skip_dag.py
[2022-09-25T14:46:55.143+0000] {processor.py:640} INFO - Processing file /home/airflow/.local/lib/python3.7/site-packages/airflow/example_dags/example_skip_dag.py for tasks to queue
[2022-09-25T14:46:55.145+0000] {logging_mixin.py:115} INFO - [2022-09-25T14:46:55.145+0000] {dagbag.py:508} INFO - Filling up the DagBag from /home/airflow/.local/lib/python3.7/site-packages/airflow/example_dags/example_skip_dag.py
[2022-09-25T14:46:55.155+0000] {processor.py:650} INFO - DAG(s) dict_keys(['example_skip_dag']) retrieved from /home/airflow/.local/lib/python3.7/site-packages/airflow/example_dags/example_skip_dag.py
[2022-09-25T14:46:55.202+0000] {logging_mixin.py:115} INFO - [2022-09-25T14:46:55.202+0000] {dag.py:2429} INFO - Sync 1 DAGs
[2022-09-25T14:46:55.241+0000] {logging_mixin.py:115} INFO - [2022-09-25T14:46:55.241+0000] {dag.py:2981} INFO - Setting next_dagrun for example_skip_dag to 2022-09-24T14:46:55.240733+00:00, run_after=2022-09-25T14:46:55.240733+00:00
[2022-09-25T14:46:55.270+0000] {processor.py:161} INFO - Processing /home/airflow/.local/lib/python3.7/site-packages/airflow/example_dags/example_skip_dag.py took 0.137 seconds
[2022-09-25T14:47:25.677+0000] {processor.py:153} INFO - Started process (PID=10518) to work on /home/airflow/.local/lib/python3.7/site-packages/airflow/example_dags/example_skip_dag.py
[2022-09-25T14:47:25.680+0000] {processor.py:640} INFO - Processing file /home/airflow/.local/lib/python3.7/site-packages/airflow/example_dags/example_skip_dag.py for tasks to queue
[2022-09-25T14:47:25.682+0000] {logging_mixin.py:115} INFO - [2022-09-25T14:47:25.682+0000] {dagbag.py:508} INFO - Filling up the DagBag from /home/airflow/.local/lib/python3.7/site-packages/airflow/example_dags/example_skip_dag.py
[2022-09-25T14:47:25.694+0000] {processor.py:650} INFO - DAG(s) dict_keys(['example_skip_dag']) retrieved from /home/airflow/.local/lib/python3.7/site-packages/airflow/example_dags/example_skip_dag.py
[2022-09-25T14:47:25.743+0000] {logging_mixin.py:115} INFO - [2022-09-25T14:47:25.743+0000] {dag.py:2429} INFO - Sync 1 DAGs
[2022-09-25T14:47:25.781+0000] {logging_mixin.py:115} INFO - [2022-09-25T14:47:25.781+0000] {dag.py:2981} INFO - Setting next_dagrun for example_skip_dag to 2022-09-24T14:47:25.780656+00:00, run_after=2022-09-25T14:47:25.780656+00:00
[2022-09-25T14:47:25.802+0000] {processor.py:161} INFO - Processing /home/airflow/.local/lib/python3.7/site-packages/airflow/example_dags/example_skip_dag.py took 0.133 seconds
[2022-09-25T14:47:56.058+0000] {processor.py:153} INFO - Started process (PID=10732) to work on /home/airflow/.local/lib/python3.7/site-packages/airflow/example_dags/example_skip_dag.py
[2022-09-25T14:47:56.060+0000] {processor.py:640} INFO - Processing file /home/airflow/.local/lib/python3.7/site-packages/airflow/example_dags/example_skip_dag.py for tasks to queue
[2022-09-25T14:47:56.063+0000] {logging_mixin.py:115} INFO - [2022-09-25T14:47:56.062+0000] {dagbag.py:508} INFO - Filling up the DagBag from /home/airflow/.local/lib/python3.7/site-packages/airflow/example_dags/example_skip_dag.py
[2022-09-25T14:47:56.074+0000] {processor.py:650} INFO - DAG(s) dict_keys(['example_skip_dag']) retrieved from /home/airflow/.local/lib/python3.7/site-packages/airflow/example_dags/example_skip_dag.py
[2022-09-25T14:47:56.122+0000] {logging_mixin.py:115} INFO - [2022-09-25T14:47:56.122+0000] {dag.py:2429} INFO - Sync 1 DAGs
[2022-09-25T14:47:56.153+0000] {logging_mixin.py:115} INFO - [2022-09-25T14:47:56.153+0000] {dag.py:2981} INFO - Setting next_dagrun for example_skip_dag to 2022-09-24T14:47:56.152821+00:00, run_after=2022-09-25T14:47:56.152821+00:00
[2022-09-25T14:47:56.170+0000] {processor.py:161} INFO - Processing /home/airflow/.local/lib/python3.7/site-packages/airflow/example_dags/example_skip_dag.py took 0.121 seconds
[2022-09-25T14:48:26.568+0000] {processor.py:153} INFO - Started process (PID=10938) to work on /home/airflow/.local/lib/python3.7/site-packages/airflow/example_dags/example_skip_dag.py
[2022-09-25T14:48:26.570+0000] {processor.py:640} INFO - Processing file /home/airflow/.local/lib/python3.7/site-packages/airflow/example_dags/example_skip_dag.py for tasks to queue
[2022-09-25T14:48:26.572+0000] {logging_mixin.py:115} INFO - [2022-09-25T14:48:26.572+0000] {dagbag.py:508} INFO - Filling up the DagBag from /home/airflow/.local/lib/python3.7/site-packages/airflow/example_dags/example_skip_dag.py
[2022-09-25T14:48:26.581+0000] {processor.py:650} INFO - DAG(s) dict_keys(['example_skip_dag']) retrieved from /home/airflow/.local/lib/python3.7/site-packages/airflow/example_dags/example_skip_dag.py
[2022-09-25T14:48:26.625+0000] {logging_mixin.py:115} INFO - [2022-09-25T14:48:26.625+0000] {dag.py:2429} INFO - Sync 1 DAGs
[2022-09-25T14:48:26.665+0000] {logging_mixin.py:115} INFO - [2022-09-25T14:48:26.665+0000] {dag.py:2981} INFO - Setting next_dagrun for example_skip_dag to 2022-09-24T14:48:26.664930+00:00, run_after=2022-09-25T14:48:26.664930+00:00
[2022-09-25T14:48:26.686+0000] {processor.py:161} INFO - Processing /home/airflow/.local/lib/python3.7/site-packages/airflow/example_dags/example_skip_dag.py took 0.124 seconds
[2022-09-25T14:48:56.866+0000] {processor.py:153} INFO - Started process (PID=11152) to work on /home/airflow/.local/lib/python3.7/site-packages/airflow/example_dags/example_skip_dag.py
[2022-09-25T14:48:56.871+0000] {processor.py:640} INFO - Processing file /home/airflow/.local/lib/python3.7/site-packages/airflow/example_dags/example_skip_dag.py for tasks to queue
[2022-09-25T14:48:56.873+0000] {logging_mixin.py:115} INFO - [2022-09-25T14:48:56.873+0000] {dagbag.py:508} INFO - Filling up the DagBag from /home/airflow/.local/lib/python3.7/site-packages/airflow/example_dags/example_skip_dag.py
[2022-09-25T14:48:56.882+0000] {processor.py:650} INFO - DAG(s) dict_keys(['example_skip_dag']) retrieved from /home/airflow/.local/lib/python3.7/site-packages/airflow/example_dags/example_skip_dag.py
[2022-09-25T14:48:56.922+0000] {logging_mixin.py:115} INFO - [2022-09-25T14:48:56.921+0000] {dag.py:2429} INFO - Sync 1 DAGs
[2022-09-25T14:48:56.957+0000] {logging_mixin.py:115} INFO - [2022-09-25T14:48:56.957+0000] {dag.py:2981} INFO - Setting next_dagrun for example_skip_dag to 2022-09-24T14:48:56.956683+00:00, run_after=2022-09-25T14:48:56.956683+00:00
[2022-09-25T14:48:56.985+0000] {processor.py:161} INFO - Processing /home/airflow/.local/lib/python3.7/site-packages/airflow/example_dags/example_skip_dag.py took 0.123 seconds
[2022-09-25T14:49:27.346+0000] {processor.py:153} INFO - Started process (PID=11363) to work on /home/airflow/.local/lib/python3.7/site-packages/airflow/example_dags/example_skip_dag.py
[2022-09-25T14:49:27.352+0000] {processor.py:640} INFO - Processing file /home/airflow/.local/lib/python3.7/site-packages/airflow/example_dags/example_skip_dag.py for tasks to queue
[2022-09-25T14:49:27.355+0000] {logging_mixin.py:115} INFO - [2022-09-25T14:49:27.354+0000] {dagbag.py:508} INFO - Filling up the DagBag from /home/airflow/.local/lib/python3.7/site-packages/airflow/example_dags/example_skip_dag.py
[2022-09-25T14:49:27.370+0000] {processor.py:650} INFO - DAG(s) dict_keys(['example_skip_dag']) retrieved from /home/airflow/.local/lib/python3.7/site-packages/airflow/example_dags/example_skip_dag.py
[2022-09-25T14:49:27.435+0000] {logging_mixin.py:115} INFO - [2022-09-25T14:49:27.435+0000] {dag.py:2429} INFO - Sync 1 DAGs
[2022-09-25T14:49:27.483+0000] {logging_mixin.py:115} INFO - [2022-09-25T14:49:27.483+0000] {dag.py:2981} INFO - Setting next_dagrun for example_skip_dag to 2022-09-24T14:49:27.483084+00:00, run_after=2022-09-25T14:49:27.483084+00:00
[2022-09-25T14:49:27.511+0000] {processor.py:161} INFO - Processing /home/airflow/.local/lib/python3.7/site-packages/airflow/example_dags/example_skip_dag.py took 0.180 seconds
[2022-09-25T14:49:57.729+0000] {processor.py:153} INFO - Started process (PID=11577) to work on /home/airflow/.local/lib/python3.7/site-packages/airflow/example_dags/example_skip_dag.py
[2022-09-25T14:49:57.731+0000] {processor.py:640} INFO - Processing file /home/airflow/.local/lib/python3.7/site-packages/airflow/example_dags/example_skip_dag.py for tasks to queue
[2022-09-25T14:49:57.733+0000] {logging_mixin.py:115} INFO - [2022-09-25T14:49:57.733+0000] {dagbag.py:508} INFO - Filling up the DagBag from /home/airflow/.local/lib/python3.7/site-packages/airflow/example_dags/example_skip_dag.py
[2022-09-25T14:49:57.744+0000] {processor.py:650} INFO - DAG(s) dict_keys(['example_skip_dag']) retrieved from /home/airflow/.local/lib/python3.7/site-packages/airflow/example_dags/example_skip_dag.py
[2022-09-25T14:49:57.787+0000] {logging_mixin.py:115} INFO - [2022-09-25T14:49:57.787+0000] {dag.py:2429} INFO - Sync 1 DAGs
[2022-09-25T14:49:57.821+0000] {logging_mixin.py:115} INFO - [2022-09-25T14:49:57.821+0000] {dag.py:2981} INFO - Setting next_dagrun for example_skip_dag to 2022-09-24T14:49:57.820611+00:00, run_after=2022-09-25T14:49:57.820611+00:00
[2022-09-25T14:49:57.841+0000] {processor.py:161} INFO - Processing /home/airflow/.local/lib/python3.7/site-packages/airflow/example_dags/example_skip_dag.py took 0.118 seconds
[2022-09-25T14:50:28.064+0000] {processor.py:153} INFO - Started process (PID=11783) to work on /home/airflow/.local/lib/python3.7/site-packages/airflow/example_dags/example_skip_dag.py
[2022-09-25T14:50:28.066+0000] {processor.py:640} INFO - Processing file /home/airflow/.local/lib/python3.7/site-packages/airflow/example_dags/example_skip_dag.py for tasks to queue
[2022-09-25T14:50:28.068+0000] {logging_mixin.py:115} INFO - [2022-09-25T14:50:28.068+0000] {dagbag.py:508} INFO - Filling up the DagBag from /home/airflow/.local/lib/python3.7/site-packages/airflow/example_dags/example_skip_dag.py
[2022-09-25T14:50:28.078+0000] {processor.py:650} INFO - DAG(s) dict_keys(['example_skip_dag']) retrieved from /home/airflow/.local/lib/python3.7/site-packages/airflow/example_dags/example_skip_dag.py
[2022-09-25T14:50:28.123+0000] {logging_mixin.py:115} INFO - [2022-09-25T14:50:28.122+0000] {dag.py:2429} INFO - Sync 1 DAGs
[2022-09-25T14:50:28.161+0000] {logging_mixin.py:115} INFO - [2022-09-25T14:50:28.160+0000] {dag.py:2981} INFO - Setting next_dagrun for example_skip_dag to 2022-09-24T14:50:28.160433+00:00, run_after=2022-09-25T14:50:28.160433+00:00
[2022-09-25T14:50:28.181+0000] {processor.py:161} INFO - Processing /home/airflow/.local/lib/python3.7/site-packages/airflow/example_dags/example_skip_dag.py took 0.124 seconds
[2022-09-25T14:50:58.914+0000] {processor.py:153} INFO - Started process (PID=11997) to work on /home/airflow/.local/lib/python3.7/site-packages/airflow/example_dags/example_skip_dag.py
[2022-09-25T14:50:58.917+0000] {processor.py:640} INFO - Processing file /home/airflow/.local/lib/python3.7/site-packages/airflow/example_dags/example_skip_dag.py for tasks to queue
[2022-09-25T14:50:58.920+0000] {logging_mixin.py:115} INFO - [2022-09-25T14:50:58.919+0000] {dagbag.py:508} INFO - Filling up the DagBag from /home/airflow/.local/lib/python3.7/site-packages/airflow/example_dags/example_skip_dag.py
[2022-09-25T14:50:58.932+0000] {processor.py:650} INFO - DAG(s) dict_keys(['example_skip_dag']) retrieved from /home/airflow/.local/lib/python3.7/site-packages/airflow/example_dags/example_skip_dag.py
[2022-09-25T14:50:58.990+0000] {logging_mixin.py:115} INFO - [2022-09-25T14:50:58.990+0000] {dag.py:2429} INFO - Sync 1 DAGs
[2022-09-25T14:50:59.051+0000] {logging_mixin.py:115} INFO - [2022-09-25T14:50:59.051+0000] {dag.py:2981} INFO - Setting next_dagrun for example_skip_dag to 2022-09-24T14:50:59.050935+00:00, run_after=2022-09-25T14:50:59.050935+00:00
[2022-09-25T14:50:59.092+0000] {processor.py:161} INFO - Processing /home/airflow/.local/lib/python3.7/site-packages/airflow/example_dags/example_skip_dag.py took 0.187 seconds
[2022-09-25T14:51:29.258+0000] {processor.py:153} INFO - Started process (PID=12203) to work on /home/airflow/.local/lib/python3.7/site-packages/airflow/example_dags/example_skip_dag.py
[2022-09-25T14:51:29.260+0000] {processor.py:640} INFO - Processing file /home/airflow/.local/lib/python3.7/site-packages/airflow/example_dags/example_skip_dag.py for tasks to queue
[2022-09-25T14:51:29.262+0000] {logging_mixin.py:115} INFO - [2022-09-25T14:51:29.262+0000] {dagbag.py:508} INFO - Filling up the DagBag from /home/airflow/.local/lib/python3.7/site-packages/airflow/example_dags/example_skip_dag.py
[2022-09-25T14:51:29.272+0000] {processor.py:650} INFO - DAG(s) dict_keys(['example_skip_dag']) retrieved from /home/airflow/.local/lib/python3.7/site-packages/airflow/example_dags/example_skip_dag.py
[2022-09-25T14:51:29.318+0000] {logging_mixin.py:115} INFO - [2022-09-25T14:51:29.317+0000] {dag.py:2429} INFO - Sync 1 DAGs
[2022-09-25T14:51:29.354+0000] {logging_mixin.py:115} INFO - [2022-09-25T14:51:29.354+0000] {dag.py:2981} INFO - Setting next_dagrun for example_skip_dag to 2022-09-24T14:51:29.353748+00:00, run_after=2022-09-25T14:51:29.353748+00:00
[2022-09-25T14:51:29.382+0000] {processor.py:161} INFO - Processing /home/airflow/.local/lib/python3.7/site-packages/airflow/example_dags/example_skip_dag.py took 0.130 seconds
[2022-09-25T14:51:59.634+0000] {processor.py:153} INFO - Started process (PID=12417) to work on /home/airflow/.local/lib/python3.7/site-packages/airflow/example_dags/example_skip_dag.py
[2022-09-25T14:51:59.639+0000] {processor.py:640} INFO - Processing file /home/airflow/.local/lib/python3.7/site-packages/airflow/example_dags/example_skip_dag.py for tasks to queue
[2022-09-25T14:51:59.643+0000] {logging_mixin.py:115} INFO - [2022-09-25T14:51:59.643+0000] {dagbag.py:508} INFO - Filling up the DagBag from /home/airflow/.local/lib/python3.7/site-packages/airflow/example_dags/example_skip_dag.py
[2022-09-25T14:51:59.657+0000] {processor.py:650} INFO - DAG(s) dict_keys(['example_skip_dag']) retrieved from /home/airflow/.local/lib/python3.7/site-packages/airflow/example_dags/example_skip_dag.py
[2022-09-25T14:51:59.714+0000] {logging_mixin.py:115} INFO - [2022-09-25T14:51:59.713+0000] {dag.py:2429} INFO - Sync 1 DAGs
[2022-09-25T14:51:59.763+0000] {logging_mixin.py:115} INFO - [2022-09-25T14:51:59.763+0000] {dag.py:2981} INFO - Setting next_dagrun for example_skip_dag to 2022-09-24T14:51:59.762872+00:00, run_after=2022-09-25T14:51:59.762872+00:00
[2022-09-25T14:51:59.796+0000] {processor.py:161} INFO - Processing /home/airflow/.local/lib/python3.7/site-packages/airflow/example_dags/example_skip_dag.py took 0.170 seconds
