[2022-09-25T14:22:10.289+0000] {processor.py:153} INFO - Started process (PID=300) to work on /home/airflow/.local/lib/python3.7/site-packages/airflow/example_dags/example_complex.py
[2022-09-25T14:22:10.295+0000] {processor.py:640} INFO - Processing file /home/airflow/.local/lib/python3.7/site-packages/airflow/example_dags/example_complex.py for tasks to queue
[2022-09-25T14:22:10.315+0000] {logging_mixin.py:115} INFO - [2022-09-25T14:22:10.309+0000] {dagbag.py:508} INFO - Filling up the DagBag from /home/airflow/.local/lib/python3.7/site-packages/airflow/example_dags/example_complex.py
[2022-09-25T14:22:11.335+0000] {processor.py:650} INFO - DAG(s) dict_keys(['example_complex']) retrieved from /home/airflow/.local/lib/python3.7/site-packages/airflow/example_dags/example_complex.py
[2022-09-25T14:22:13.973+0000] {logging_mixin.py:115} INFO - [2022-09-25T14:22:13.973+0000] {dag.py:2429} INFO - Sync 1 DAGs
[2022-09-25T14:22:14.770+0000] {logging_mixin.py:115} INFO - [2022-09-25T14:22:14.728+0000] {dag.py:2981} INFO - Setting next_dagrun for example_complex to None, run_after=None
[2022-09-25T14:22:15.529+0000] {processor.py:161} INFO - Processing /home/airflow/.local/lib/python3.7/site-packages/airflow/example_dags/example_complex.py took 5.425 seconds
[2022-09-25T14:22:46.771+0000] {processor.py:153} INFO - Started process (PID=511) to work on /home/airflow/.local/lib/python3.7/site-packages/airflow/example_dags/example_complex.py
[2022-09-25T14:22:46.777+0000] {processor.py:640} INFO - Processing file /home/airflow/.local/lib/python3.7/site-packages/airflow/example_dags/example_complex.py for tasks to queue
[2022-09-25T14:22:46.780+0000] {logging_mixin.py:115} INFO - [2022-09-25T14:22:46.779+0000] {dagbag.py:508} INFO - Filling up the DagBag from /home/airflow/.local/lib/python3.7/site-packages/airflow/example_dags/example_complex.py
[2022-09-25T14:22:46.809+0000] {processor.py:650} INFO - DAG(s) dict_keys(['example_complex']) retrieved from /home/airflow/.local/lib/python3.7/site-packages/airflow/example_dags/example_complex.py
[2022-09-25T14:22:46.899+0000] {logging_mixin.py:115} INFO - [2022-09-25T14:22:46.899+0000] {dag.py:2429} INFO - Sync 1 DAGs
[2022-09-25T14:22:46.946+0000] {logging_mixin.py:115} INFO - [2022-09-25T14:22:46.946+0000] {dag.py:2981} INFO - Setting next_dagrun for example_complex to None, run_after=None
[2022-09-25T14:22:46.976+0000] {processor.py:161} INFO - Processing /home/airflow/.local/lib/python3.7/site-packages/airflow/example_dags/example_complex.py took 0.216 seconds
[2022-09-25T14:23:17.154+0000] {processor.py:153} INFO - Started process (PID=717) to work on /home/airflow/.local/lib/python3.7/site-packages/airflow/example_dags/example_complex.py
[2022-09-25T14:23:17.155+0000] {processor.py:640} INFO - Processing file /home/airflow/.local/lib/python3.7/site-packages/airflow/example_dags/example_complex.py for tasks to queue
[2022-09-25T14:23:17.157+0000] {logging_mixin.py:115} INFO - [2022-09-25T14:23:17.157+0000] {dagbag.py:508} INFO - Filling up the DagBag from /home/airflow/.local/lib/python3.7/site-packages/airflow/example_dags/example_complex.py
[2022-09-25T14:23:17.184+0000] {processor.py:650} INFO - DAG(s) dict_keys(['example_complex']) retrieved from /home/airflow/.local/lib/python3.7/site-packages/airflow/example_dags/example_complex.py
[2022-09-25T14:23:17.256+0000] {logging_mixin.py:115} INFO - [2022-09-25T14:23:17.256+0000] {dag.py:2429} INFO - Sync 1 DAGs
[2022-09-25T14:23:17.296+0000] {logging_mixin.py:115} INFO - [2022-09-25T14:23:17.295+0000] {dag.py:2981} INFO - Setting next_dagrun for example_complex to None, run_after=None
[2022-09-25T14:23:17.319+0000] {processor.py:161} INFO - Processing /home/airflow/.local/lib/python3.7/site-packages/airflow/example_dags/example_complex.py took 0.170 seconds
[2022-09-25T14:23:47.994+0000] {processor.py:153} INFO - Started process (PID=931) to work on /home/airflow/.local/lib/python3.7/site-packages/airflow/example_dags/example_complex.py
[2022-09-25T14:23:47.998+0000] {processor.py:640} INFO - Processing file /home/airflow/.local/lib/python3.7/site-packages/airflow/example_dags/example_complex.py for tasks to queue
[2022-09-25T14:23:48.001+0000] {logging_mixin.py:115} INFO - [2022-09-25T14:23:48.000+0000] {dagbag.py:508} INFO - Filling up the DagBag from /home/airflow/.local/lib/python3.7/site-packages/airflow/example_dags/example_complex.py
[2022-09-25T14:23:48.039+0000] {processor.py:650} INFO - DAG(s) dict_keys(['example_complex']) retrieved from /home/airflow/.local/lib/python3.7/site-packages/airflow/example_dags/example_complex.py
[2022-09-25T14:23:48.372+0000] {logging_mixin.py:115} INFO - [2022-09-25T14:23:48.372+0000] {dag.py:2429} INFO - Sync 1 DAGs
[2022-09-25T14:23:48.509+0000] {logging_mixin.py:115} INFO - [2022-09-25T14:23:48.508+0000] {dag.py:2981} INFO - Setting next_dagrun for example_complex to None, run_after=None
[2022-09-25T14:23:48.540+0000] {processor.py:161} INFO - Processing /home/airflow/.local/lib/python3.7/site-packages/airflow/example_dags/example_complex.py took 0.551 seconds
[2022-09-25T14:24:19.124+0000] {processor.py:153} INFO - Started process (PID=1136) to work on /home/airflow/.local/lib/python3.7/site-packages/airflow/example_dags/example_complex.py
[2022-09-25T14:24:19.127+0000] {processor.py:640} INFO - Processing file /home/airflow/.local/lib/python3.7/site-packages/airflow/example_dags/example_complex.py for tasks to queue
[2022-09-25T14:24:19.130+0000] {logging_mixin.py:115} INFO - [2022-09-25T14:24:19.129+0000] {dagbag.py:508} INFO - Filling up the DagBag from /home/airflow/.local/lib/python3.7/site-packages/airflow/example_dags/example_complex.py
[2022-09-25T14:24:19.156+0000] {processor.py:650} INFO - DAG(s) dict_keys(['example_complex']) retrieved from /home/airflow/.local/lib/python3.7/site-packages/airflow/example_dags/example_complex.py
[2022-09-25T14:24:19.216+0000] {logging_mixin.py:115} INFO - [2022-09-25T14:24:19.216+0000] {dag.py:2429} INFO - Sync 1 DAGs
[2022-09-25T14:24:19.255+0000] {logging_mixin.py:115} INFO - [2022-09-25T14:24:19.254+0000] {dag.py:2981} INFO - Setting next_dagrun for example_complex to None, run_after=None
[2022-09-25T14:24:19.274+0000] {processor.py:161} INFO - Processing /home/airflow/.local/lib/python3.7/site-packages/airflow/example_dags/example_complex.py took 0.155 seconds
[2022-09-25T14:24:50.101+0000] {processor.py:153} INFO - Started process (PID=1351) to work on /home/airflow/.local/lib/python3.7/site-packages/airflow/example_dags/example_complex.py
[2022-09-25T14:24:50.104+0000] {processor.py:640} INFO - Processing file /home/airflow/.local/lib/python3.7/site-packages/airflow/example_dags/example_complex.py for tasks to queue
[2022-09-25T14:24:50.106+0000] {logging_mixin.py:115} INFO - [2022-09-25T14:24:50.105+0000] {dagbag.py:508} INFO - Filling up the DagBag from /home/airflow/.local/lib/python3.7/site-packages/airflow/example_dags/example_complex.py
[2022-09-25T14:24:50.131+0000] {processor.py:650} INFO - DAG(s) dict_keys(['example_complex']) retrieved from /home/airflow/.local/lib/python3.7/site-packages/airflow/example_dags/example_complex.py
[2022-09-25T14:24:50.202+0000] {logging_mixin.py:115} INFO - [2022-09-25T14:24:50.202+0000] {dag.py:2429} INFO - Sync 1 DAGs
[2022-09-25T14:24:50.262+0000] {logging_mixin.py:115} INFO - [2022-09-25T14:24:50.262+0000] {dag.py:2981} INFO - Setting next_dagrun for example_complex to None, run_after=None
[2022-09-25T14:24:50.285+0000] {processor.py:161} INFO - Processing /home/airflow/.local/lib/python3.7/site-packages/airflow/example_dags/example_complex.py took 0.189 seconds
[2022-09-25T14:25:20.882+0000] {processor.py:153} INFO - Started process (PID=1556) to work on /home/airflow/.local/lib/python3.7/site-packages/airflow/example_dags/example_complex.py
[2022-09-25T14:25:20.885+0000] {processor.py:640} INFO - Processing file /home/airflow/.local/lib/python3.7/site-packages/airflow/example_dags/example_complex.py for tasks to queue
[2022-09-25T14:25:20.888+0000] {logging_mixin.py:115} INFO - [2022-09-25T14:25:20.888+0000] {dagbag.py:508} INFO - Filling up the DagBag from /home/airflow/.local/lib/python3.7/site-packages/airflow/example_dags/example_complex.py
[2022-09-25T14:25:20.916+0000] {processor.py:650} INFO - DAG(s) dict_keys(['example_complex']) retrieved from /home/airflow/.local/lib/python3.7/site-packages/airflow/example_dags/example_complex.py
[2022-09-25T14:25:20.983+0000] {logging_mixin.py:115} INFO - [2022-09-25T14:25:20.982+0000] {dag.py:2429} INFO - Sync 1 DAGs
[2022-09-25T14:25:21.019+0000] {logging_mixin.py:115} INFO - [2022-09-25T14:25:21.019+0000] {dag.py:2981} INFO - Setting next_dagrun for example_complex to None, run_after=None
[2022-09-25T14:25:21.041+0000] {processor.py:161} INFO - Processing /home/airflow/.local/lib/python3.7/site-packages/airflow/example_dags/example_complex.py took 0.167 seconds
[2022-09-25T14:25:52.589+0000] {processor.py:153} INFO - Started process (PID=1771) to work on /home/airflow/.local/lib/python3.7/site-packages/airflow/example_dags/example_complex.py
[2022-09-25T14:25:52.592+0000] {processor.py:640} INFO - Processing file /home/airflow/.local/lib/python3.7/site-packages/airflow/example_dags/example_complex.py for tasks to queue
[2022-09-25T14:25:52.594+0000] {logging_mixin.py:115} INFO - [2022-09-25T14:25:52.593+0000] {dagbag.py:508} INFO - Filling up the DagBag from /home/airflow/.local/lib/python3.7/site-packages/airflow/example_dags/example_complex.py
[2022-09-25T14:25:52.620+0000] {processor.py:650} INFO - DAG(s) dict_keys(['example_complex']) retrieved from /home/airflow/.local/lib/python3.7/site-packages/airflow/example_dags/example_complex.py
[2022-09-25T14:25:52.681+0000] {logging_mixin.py:115} INFO - [2022-09-25T14:25:52.681+0000] {dag.py:2429} INFO - Sync 1 DAGs
[2022-09-25T14:25:52.720+0000] {logging_mixin.py:115} INFO - [2022-09-25T14:25:52.720+0000] {dag.py:2981} INFO - Setting next_dagrun for example_complex to None, run_after=None
[2022-09-25T14:25:52.751+0000] {processor.py:161} INFO - Processing /home/airflow/.local/lib/python3.7/site-packages/airflow/example_dags/example_complex.py took 0.168 seconds
[2022-09-25T14:26:23.221+0000] {processor.py:153} INFO - Started process (PID=1976) to work on /home/airflow/.local/lib/python3.7/site-packages/airflow/example_dags/example_complex.py
[2022-09-25T14:26:23.224+0000] {processor.py:640} INFO - Processing file /home/airflow/.local/lib/python3.7/site-packages/airflow/example_dags/example_complex.py for tasks to queue
[2022-09-25T14:26:23.227+0000] {logging_mixin.py:115} INFO - [2022-09-25T14:26:23.226+0000] {dagbag.py:508} INFO - Filling up the DagBag from /home/airflow/.local/lib/python3.7/site-packages/airflow/example_dags/example_complex.py
[2022-09-25T14:26:23.266+0000] {processor.py:650} INFO - DAG(s) dict_keys(['example_complex']) retrieved from /home/airflow/.local/lib/python3.7/site-packages/airflow/example_dags/example_complex.py
[2022-09-25T14:26:23.328+0000] {logging_mixin.py:115} INFO - [2022-09-25T14:26:23.328+0000] {dag.py:2429} INFO - Sync 1 DAGs
[2022-09-25T14:26:23.362+0000] {logging_mixin.py:115} INFO - [2022-09-25T14:26:23.362+0000] {dag.py:2981} INFO - Setting next_dagrun for example_complex to None, run_after=None
[2022-09-25T14:26:23.381+0000] {processor.py:161} INFO - Processing /home/airflow/.local/lib/python3.7/site-packages/airflow/example_dags/example_complex.py took 0.169 seconds
[2022-09-25T14:26:54.732+0000] {processor.py:153} INFO - Started process (PID=2191) to work on /home/airflow/.local/lib/python3.7/site-packages/airflow/example_dags/example_complex.py
[2022-09-25T14:26:54.734+0000] {processor.py:640} INFO - Processing file /home/airflow/.local/lib/python3.7/site-packages/airflow/example_dags/example_complex.py for tasks to queue
[2022-09-25T14:26:54.736+0000] {logging_mixin.py:115} INFO - [2022-09-25T14:26:54.736+0000] {dagbag.py:508} INFO - Filling up the DagBag from /home/airflow/.local/lib/python3.7/site-packages/airflow/example_dags/example_complex.py
[2022-09-25T14:26:54.765+0000] {processor.py:650} INFO - DAG(s) dict_keys(['example_complex']) retrieved from /home/airflow/.local/lib/python3.7/site-packages/airflow/example_dags/example_complex.py
[2022-09-25T14:26:54.820+0000] {logging_mixin.py:115} INFO - [2022-09-25T14:26:54.820+0000] {dag.py:2429} INFO - Sync 1 DAGs
[2022-09-25T14:26:54.871+0000] {logging_mixin.py:115} INFO - [2022-09-25T14:26:54.871+0000] {dag.py:2981} INFO - Setting next_dagrun for example_complex to None, run_after=None
[2022-09-25T14:26:54.900+0000] {processor.py:161} INFO - Processing /home/airflow/.local/lib/python3.7/site-packages/airflow/example_dags/example_complex.py took 0.173 seconds
[2022-09-25T14:27:25.781+0000] {processor.py:153} INFO - Started process (PID=2395) to work on /home/airflow/.local/lib/python3.7/site-packages/airflow/example_dags/example_complex.py
[2022-09-25T14:27:25.784+0000] {processor.py:640} INFO - Processing file /home/airflow/.local/lib/python3.7/site-packages/airflow/example_dags/example_complex.py for tasks to queue
[2022-09-25T14:27:25.785+0000] {logging_mixin.py:115} INFO - [2022-09-25T14:27:25.785+0000] {dagbag.py:508} INFO - Filling up the DagBag from /home/airflow/.local/lib/python3.7/site-packages/airflow/example_dags/example_complex.py
[2022-09-25T14:27:25.825+0000] {processor.py:650} INFO - DAG(s) dict_keys(['example_complex']) retrieved from /home/airflow/.local/lib/python3.7/site-packages/airflow/example_dags/example_complex.py
[2022-09-25T14:27:25.887+0000] {logging_mixin.py:115} INFO - [2022-09-25T14:27:25.887+0000] {dag.py:2429} INFO - Sync 1 DAGs
[2022-09-25T14:27:25.932+0000] {logging_mixin.py:115} INFO - [2022-09-25T14:27:25.932+0000] {dag.py:2981} INFO - Setting next_dagrun for example_complex to None, run_after=None
[2022-09-25T14:27:25.960+0000] {processor.py:161} INFO - Processing /home/airflow/.local/lib/python3.7/site-packages/airflow/example_dags/example_complex.py took 0.185 seconds
[2022-09-25T14:27:56.392+0000] {processor.py:153} INFO - Started process (PID=2608) to work on /home/airflow/.local/lib/python3.7/site-packages/airflow/example_dags/example_complex.py
[2022-09-25T14:27:56.394+0000] {processor.py:640} INFO - Processing file /home/airflow/.local/lib/python3.7/site-packages/airflow/example_dags/example_complex.py for tasks to queue
[2022-09-25T14:27:56.396+0000] {logging_mixin.py:115} INFO - [2022-09-25T14:27:56.396+0000] {dagbag.py:508} INFO - Filling up the DagBag from /home/airflow/.local/lib/python3.7/site-packages/airflow/example_dags/example_complex.py
[2022-09-25T14:27:56.420+0000] {processor.py:650} INFO - DAG(s) dict_keys(['example_complex']) retrieved from /home/airflow/.local/lib/python3.7/site-packages/airflow/example_dags/example_complex.py
[2022-09-25T14:27:56.463+0000] {logging_mixin.py:115} INFO - [2022-09-25T14:27:56.463+0000] {dag.py:2429} INFO - Sync 1 DAGs
[2022-09-25T14:27:56.496+0000] {logging_mixin.py:115} INFO - [2022-09-25T14:27:56.496+0000] {dag.py:2981} INFO - Setting next_dagrun for example_complex to None, run_after=None
[2022-09-25T14:27:56.514+0000] {processor.py:161} INFO - Processing /home/airflow/.local/lib/python3.7/site-packages/airflow/example_dags/example_complex.py took 0.129 seconds
[2022-09-25T14:28:28.347+0000] {processor.py:153} INFO - Started process (PID=2813) to work on /home/airflow/.local/lib/python3.7/site-packages/airflow/example_dags/example_complex.py
[2022-09-25T14:28:28.349+0000] {processor.py:640} INFO - Processing file /home/airflow/.local/lib/python3.7/site-packages/airflow/example_dags/example_complex.py for tasks to queue
[2022-09-25T14:28:28.351+0000] {logging_mixin.py:115} INFO - [2022-09-25T14:28:28.351+0000] {dagbag.py:508} INFO - Filling up the DagBag from /home/airflow/.local/lib/python3.7/site-packages/airflow/example_dags/example_complex.py
[2022-09-25T14:28:28.379+0000] {processor.py:650} INFO - DAG(s) dict_keys(['example_complex']) retrieved from /home/airflow/.local/lib/python3.7/site-packages/airflow/example_dags/example_complex.py
[2022-09-25T14:28:28.436+0000] {logging_mixin.py:115} INFO - [2022-09-25T14:28:28.436+0000] {dag.py:2429} INFO - Sync 1 DAGs
[2022-09-25T14:28:28.475+0000] {logging_mixin.py:115} INFO - [2022-09-25T14:28:28.474+0000] {dag.py:2981} INFO - Setting next_dagrun for example_complex to None, run_after=None
[2022-09-25T14:28:28.538+0000] {processor.py:161} INFO - Processing /home/airflow/.local/lib/python3.7/site-packages/airflow/example_dags/example_complex.py took 0.196 seconds
[2022-09-25T14:28:59.468+0000] {processor.py:153} INFO - Started process (PID=3027) to work on /home/airflow/.local/lib/python3.7/site-packages/airflow/example_dags/example_complex.py
[2022-09-25T14:28:59.470+0000] {processor.py:640} INFO - Processing file /home/airflow/.local/lib/python3.7/site-packages/airflow/example_dags/example_complex.py for tasks to queue
[2022-09-25T14:28:59.472+0000] {logging_mixin.py:115} INFO - [2022-09-25T14:28:59.472+0000] {dagbag.py:508} INFO - Filling up the DagBag from /home/airflow/.local/lib/python3.7/site-packages/airflow/example_dags/example_complex.py
[2022-09-25T14:28:59.510+0000] {processor.py:650} INFO - DAG(s) dict_keys(['example_complex']) retrieved from /home/airflow/.local/lib/python3.7/site-packages/airflow/example_dags/example_complex.py
[2022-09-25T14:28:59.571+0000] {logging_mixin.py:115} INFO - [2022-09-25T14:28:59.571+0000] {dag.py:2429} INFO - Sync 1 DAGs
[2022-09-25T14:28:59.610+0000] {logging_mixin.py:115} INFO - [2022-09-25T14:28:59.610+0000] {dag.py:2981} INFO - Setting next_dagrun for example_complex to None, run_after=None
[2022-09-25T14:28:59.630+0000] {processor.py:161} INFO - Processing /home/airflow/.local/lib/python3.7/site-packages/airflow/example_dags/example_complex.py took 0.168 seconds
[2022-09-25T14:29:31.057+0000] {processor.py:153} INFO - Started process (PID=3241) to work on /home/airflow/.local/lib/python3.7/site-packages/airflow/example_dags/example_complex.py
[2022-09-25T14:29:31.060+0000] {processor.py:640} INFO - Processing file /home/airflow/.local/lib/python3.7/site-packages/airflow/example_dags/example_complex.py for tasks to queue
[2022-09-25T14:29:31.063+0000] {logging_mixin.py:115} INFO - [2022-09-25T14:29:31.063+0000] {dagbag.py:508} INFO - Filling up the DagBag from /home/airflow/.local/lib/python3.7/site-packages/airflow/example_dags/example_complex.py
[2022-09-25T14:29:31.105+0000] {processor.py:650} INFO - DAG(s) dict_keys(['example_complex']) retrieved from /home/airflow/.local/lib/python3.7/site-packages/airflow/example_dags/example_complex.py
[2022-09-25T14:29:31.237+0000] {logging_mixin.py:115} INFO - [2022-09-25T14:29:31.236+0000] {dag.py:2429} INFO - Sync 1 DAGs
[2022-09-25T14:29:31.292+0000] {logging_mixin.py:115} INFO - [2022-09-25T14:29:31.292+0000] {dag.py:2981} INFO - Setting next_dagrun for example_complex to None, run_after=None
[2022-09-25T14:29:31.318+0000] {processor.py:161} INFO - Processing /home/airflow/.local/lib/python3.7/site-packages/airflow/example_dags/example_complex.py took 0.273 seconds
[2022-09-25T14:30:02.121+0000] {processor.py:153} INFO - Started process (PID=3447) to work on /home/airflow/.local/lib/python3.7/site-packages/airflow/example_dags/example_complex.py
[2022-09-25T14:30:02.125+0000] {processor.py:640} INFO - Processing file /home/airflow/.local/lib/python3.7/site-packages/airflow/example_dags/example_complex.py for tasks to queue
[2022-09-25T14:30:02.130+0000] {logging_mixin.py:115} INFO - [2022-09-25T14:30:02.130+0000] {dagbag.py:508} INFO - Filling up the DagBag from /home/airflow/.local/lib/python3.7/site-packages/airflow/example_dags/example_complex.py
[2022-09-25T14:30:02.232+0000] {processor.py:650} INFO - DAG(s) dict_keys(['example_complex']) retrieved from /home/airflow/.local/lib/python3.7/site-packages/airflow/example_dags/example_complex.py
[2022-09-25T14:30:02.310+0000] {logging_mixin.py:115} INFO - [2022-09-25T14:30:02.309+0000] {dag.py:2429} INFO - Sync 1 DAGs
[2022-09-25T14:30:02.374+0000] {logging_mixin.py:115} INFO - [2022-09-25T14:30:02.373+0000] {dag.py:2981} INFO - Setting next_dagrun for example_complex to None, run_after=None
[2022-09-25T14:30:02.400+0000] {processor.py:161} INFO - Processing /home/airflow/.local/lib/python3.7/site-packages/airflow/example_dags/example_complex.py took 0.293 seconds
[2022-09-25T14:30:33.121+0000] {processor.py:153} INFO - Started process (PID=3661) to work on /home/airflow/.local/lib/python3.7/site-packages/airflow/example_dags/example_complex.py
[2022-09-25T14:30:33.127+0000] {processor.py:640} INFO - Processing file /home/airflow/.local/lib/python3.7/site-packages/airflow/example_dags/example_complex.py for tasks to queue
[2022-09-25T14:30:33.130+0000] {logging_mixin.py:115} INFO - [2022-09-25T14:30:33.130+0000] {dagbag.py:508} INFO - Filling up the DagBag from /home/airflow/.local/lib/python3.7/site-packages/airflow/example_dags/example_complex.py
[2022-09-25T14:30:33.164+0000] {processor.py:650} INFO - DAG(s) dict_keys(['example_complex']) retrieved from /home/airflow/.local/lib/python3.7/site-packages/airflow/example_dags/example_complex.py
[2022-09-25T14:30:33.219+0000] {logging_mixin.py:115} INFO - [2022-09-25T14:30:33.219+0000] {dag.py:2429} INFO - Sync 1 DAGs
[2022-09-25T14:30:33.259+0000] {logging_mixin.py:115} INFO - [2022-09-25T14:30:33.259+0000] {dag.py:2981} INFO - Setting next_dagrun for example_complex to None, run_after=None
[2022-09-25T14:30:33.287+0000] {processor.py:161} INFO - Processing /home/airflow/.local/lib/python3.7/site-packages/airflow/example_dags/example_complex.py took 0.174 seconds
[2022-09-25T14:31:04.934+0000] {processor.py:153} INFO - Started process (PID=3866) to work on /home/airflow/.local/lib/python3.7/site-packages/airflow/example_dags/example_complex.py
[2022-09-25T14:31:04.937+0000] {processor.py:640} INFO - Processing file /home/airflow/.local/lib/python3.7/site-packages/airflow/example_dags/example_complex.py for tasks to queue
[2022-09-25T14:31:04.939+0000] {logging_mixin.py:115} INFO - [2022-09-25T14:31:04.939+0000] {dagbag.py:508} INFO - Filling up the DagBag from /home/airflow/.local/lib/python3.7/site-packages/airflow/example_dags/example_complex.py
[2022-09-25T14:31:04.972+0000] {processor.py:650} INFO - DAG(s) dict_keys(['example_complex']) retrieved from /home/airflow/.local/lib/python3.7/site-packages/airflow/example_dags/example_complex.py
[2022-09-25T14:31:05.028+0000] {logging_mixin.py:115} INFO - [2022-09-25T14:31:05.028+0000] {dag.py:2429} INFO - Sync 1 DAGs
[2022-09-25T14:31:05.067+0000] {logging_mixin.py:115} INFO - [2022-09-25T14:31:05.067+0000] {dag.py:2981} INFO - Setting next_dagrun for example_complex to None, run_after=None
[2022-09-25T14:31:05.090+0000] {processor.py:161} INFO - Processing /home/airflow/.local/lib/python3.7/site-packages/airflow/example_dags/example_complex.py took 0.162 seconds
[2022-09-25T14:31:35.725+0000] {processor.py:153} INFO - Started process (PID=4072) to work on /home/airflow/.local/lib/python3.7/site-packages/airflow/example_dags/example_complex.py
[2022-09-25T14:31:35.729+0000] {processor.py:640} INFO - Processing file /home/airflow/.local/lib/python3.7/site-packages/airflow/example_dags/example_complex.py for tasks to queue
[2022-09-25T14:31:35.731+0000] {logging_mixin.py:115} INFO - [2022-09-25T14:31:35.731+0000] {dagbag.py:508} INFO - Filling up the DagBag from /home/airflow/.local/lib/python3.7/site-packages/airflow/example_dags/example_complex.py
[2022-09-25T14:31:35.771+0000] {processor.py:650} INFO - DAG(s) dict_keys(['example_complex']) retrieved from /home/airflow/.local/lib/python3.7/site-packages/airflow/example_dags/example_complex.py
[2022-09-25T14:31:35.853+0000] {logging_mixin.py:115} INFO - [2022-09-25T14:31:35.852+0000] {dag.py:2429} INFO - Sync 1 DAGs
[2022-09-25T14:31:35.910+0000] {logging_mixin.py:115} INFO - [2022-09-25T14:31:35.910+0000] {dag.py:2981} INFO - Setting next_dagrun for example_complex to None, run_after=None
[2022-09-25T14:31:35.942+0000] {processor.py:161} INFO - Processing /home/airflow/.local/lib/python3.7/site-packages/airflow/example_dags/example_complex.py took 0.223 seconds
[2022-09-25T14:32:06.641+0000] {processor.py:153} INFO - Started process (PID=4285) to work on /home/airflow/.local/lib/python3.7/site-packages/airflow/example_dags/example_complex.py
[2022-09-25T14:32:06.644+0000] {processor.py:640} INFO - Processing file /home/airflow/.local/lib/python3.7/site-packages/airflow/example_dags/example_complex.py for tasks to queue
[2022-09-25T14:32:06.647+0000] {logging_mixin.py:115} INFO - [2022-09-25T14:32:06.647+0000] {dagbag.py:508} INFO - Filling up the DagBag from /home/airflow/.local/lib/python3.7/site-packages/airflow/example_dags/example_complex.py
[2022-09-25T14:32:06.681+0000] {processor.py:650} INFO - DAG(s) dict_keys(['example_complex']) retrieved from /home/airflow/.local/lib/python3.7/site-packages/airflow/example_dags/example_complex.py
[2022-09-25T14:32:06.743+0000] {logging_mixin.py:115} INFO - [2022-09-25T14:32:06.743+0000] {dag.py:2429} INFO - Sync 1 DAGs
[2022-09-25T14:32:06.799+0000] {logging_mixin.py:115} INFO - [2022-09-25T14:32:06.799+0000] {dag.py:2981} INFO - Setting next_dagrun for example_complex to None, run_after=None
[2022-09-25T14:32:06.849+0000] {processor.py:161} INFO - Processing /home/airflow/.local/lib/python3.7/site-packages/airflow/example_dags/example_complex.py took 0.214 seconds
[2022-09-25T14:32:37.891+0000] {processor.py:153} INFO - Started process (PID=4490) to work on /home/airflow/.local/lib/python3.7/site-packages/airflow/example_dags/example_complex.py
[2022-09-25T14:32:37.899+0000] {processor.py:640} INFO - Processing file /home/airflow/.local/lib/python3.7/site-packages/airflow/example_dags/example_complex.py for tasks to queue
[2022-09-25T14:32:37.902+0000] {logging_mixin.py:115} INFO - [2022-09-25T14:32:37.901+0000] {dagbag.py:508} INFO - Filling up the DagBag from /home/airflow/.local/lib/python3.7/site-packages/airflow/example_dags/example_complex.py
[2022-09-25T14:32:37.938+0000] {processor.py:650} INFO - DAG(s) dict_keys(['example_complex']) retrieved from /home/airflow/.local/lib/python3.7/site-packages/airflow/example_dags/example_complex.py
[2022-09-25T14:32:37.994+0000] {logging_mixin.py:115} INFO - [2022-09-25T14:32:37.994+0000] {dag.py:2429} INFO - Sync 1 DAGs
[2022-09-25T14:32:38.039+0000] {logging_mixin.py:115} INFO - [2022-09-25T14:32:38.039+0000] {dag.py:2981} INFO - Setting next_dagrun for example_complex to None, run_after=None
[2022-09-25T14:32:38.066+0000] {processor.py:161} INFO - Processing /home/airflow/.local/lib/python3.7/site-packages/airflow/example_dags/example_complex.py took 0.182 seconds
[2022-09-25T14:33:08.880+0000] {processor.py:153} INFO - Started process (PID=4706) to work on /home/airflow/.local/lib/python3.7/site-packages/airflow/example_dags/example_complex.py
[2022-09-25T14:33:08.882+0000] {processor.py:640} INFO - Processing file /home/airflow/.local/lib/python3.7/site-packages/airflow/example_dags/example_complex.py for tasks to queue
[2022-09-25T14:33:08.885+0000] {logging_mixin.py:115} INFO - [2022-09-25T14:33:08.884+0000] {dagbag.py:508} INFO - Filling up the DagBag from /home/airflow/.local/lib/python3.7/site-packages/airflow/example_dags/example_complex.py
[2022-09-25T14:33:08.914+0000] {processor.py:650} INFO - DAG(s) dict_keys(['example_complex']) retrieved from /home/airflow/.local/lib/python3.7/site-packages/airflow/example_dags/example_complex.py
[2022-09-25T14:33:08.975+0000] {logging_mixin.py:115} INFO - [2022-09-25T14:33:08.975+0000] {dag.py:2429} INFO - Sync 1 DAGs
[2022-09-25T14:33:09.014+0000] {logging_mixin.py:115} INFO - [2022-09-25T14:33:09.014+0000] {dag.py:2981} INFO - Setting next_dagrun for example_complex to None, run_after=None
[2022-09-25T14:33:09.033+0000] {processor.py:161} INFO - Processing /home/airflow/.local/lib/python3.7/site-packages/airflow/example_dags/example_complex.py took 0.160 seconds
[2022-09-25T14:33:40.362+0000] {processor.py:153} INFO - Started process (PID=4912) to work on /home/airflow/.local/lib/python3.7/site-packages/airflow/example_dags/example_complex.py
[2022-09-25T14:33:40.365+0000] {processor.py:640} INFO - Processing file /home/airflow/.local/lib/python3.7/site-packages/airflow/example_dags/example_complex.py for tasks to queue
[2022-09-25T14:33:40.367+0000] {logging_mixin.py:115} INFO - [2022-09-25T14:33:40.367+0000] {dagbag.py:508} INFO - Filling up the DagBag from /home/airflow/.local/lib/python3.7/site-packages/airflow/example_dags/example_complex.py
[2022-09-25T14:33:40.404+0000] {processor.py:650} INFO - DAG(s) dict_keys(['example_complex']) retrieved from /home/airflow/.local/lib/python3.7/site-packages/airflow/example_dags/example_complex.py
[2022-09-25T14:33:40.466+0000] {logging_mixin.py:115} INFO - [2022-09-25T14:33:40.465+0000] {dag.py:2429} INFO - Sync 1 DAGs
[2022-09-25T14:33:40.510+0000] {logging_mixin.py:115} INFO - [2022-09-25T14:33:40.510+0000] {dag.py:2981} INFO - Setting next_dagrun for example_complex to None, run_after=None
[2022-09-25T14:33:40.539+0000] {processor.py:161} INFO - Processing /home/airflow/.local/lib/python3.7/site-packages/airflow/example_dags/example_complex.py took 0.184 seconds
[2022-09-25T14:34:10.701+0000] {processor.py:153} INFO - Started process (PID=5126) to work on /home/airflow/.local/lib/python3.7/site-packages/airflow/example_dags/example_complex.py
[2022-09-25T14:34:10.703+0000] {processor.py:640} INFO - Processing file /home/airflow/.local/lib/python3.7/site-packages/airflow/example_dags/example_complex.py for tasks to queue
[2022-09-25T14:34:10.706+0000] {logging_mixin.py:115} INFO - [2022-09-25T14:34:10.706+0000] {dagbag.py:508} INFO - Filling up the DagBag from /home/airflow/.local/lib/python3.7/site-packages/airflow/example_dags/example_complex.py
[2022-09-25T14:34:10.733+0000] {processor.py:650} INFO - DAG(s) dict_keys(['example_complex']) retrieved from /home/airflow/.local/lib/python3.7/site-packages/airflow/example_dags/example_complex.py
[2022-09-25T14:34:10.770+0000] {logging_mixin.py:115} INFO - [2022-09-25T14:34:10.769+0000] {dag.py:2429} INFO - Sync 1 DAGs
[2022-09-25T14:34:10.806+0000] {logging_mixin.py:115} INFO - [2022-09-25T14:34:10.806+0000] {dag.py:2981} INFO - Setting next_dagrun for example_complex to None, run_after=None
[2022-09-25T14:34:10.831+0000] {processor.py:161} INFO - Processing /home/airflow/.local/lib/python3.7/site-packages/airflow/example_dags/example_complex.py took 0.156 seconds
[2022-09-25T14:34:41.508+0000] {processor.py:153} INFO - Started process (PID=5327) to work on /home/airflow/.local/lib/python3.7/site-packages/airflow/example_dags/example_complex.py
[2022-09-25T14:34:41.511+0000] {processor.py:640} INFO - Processing file /home/airflow/.local/lib/python3.7/site-packages/airflow/example_dags/example_complex.py for tasks to queue
[2022-09-25T14:34:41.517+0000] {logging_mixin.py:115} INFO - [2022-09-25T14:34:41.516+0000] {dagbag.py:508} INFO - Filling up the DagBag from /home/airflow/.local/lib/python3.7/site-packages/airflow/example_dags/example_complex.py
[2022-09-25T14:34:41.576+0000] {processor.py:650} INFO - DAG(s) dict_keys(['example_complex']) retrieved from /home/airflow/.local/lib/python3.7/site-packages/airflow/example_dags/example_complex.py
[2022-09-25T14:34:41.642+0000] {logging_mixin.py:115} INFO - [2022-09-25T14:34:41.642+0000] {dag.py:2429} INFO - Sync 1 DAGs
[2022-09-25T14:34:41.737+0000] {logging_mixin.py:115} INFO - [2022-09-25T14:34:41.737+0000] {dag.py:2981} INFO - Setting next_dagrun for example_complex to None, run_after=None
[2022-09-25T14:34:41.789+0000] {processor.py:161} INFO - Processing /home/airflow/.local/lib/python3.7/site-packages/airflow/example_dags/example_complex.py took 0.290 seconds
[2022-09-25T14:35:12.925+0000] {processor.py:153} INFO - Started process (PID=5542) to work on /home/airflow/.local/lib/python3.7/site-packages/airflow/example_dags/example_complex.py
[2022-09-25T14:35:12.933+0000] {processor.py:640} INFO - Processing file /home/airflow/.local/lib/python3.7/site-packages/airflow/example_dags/example_complex.py for tasks to queue
[2022-09-25T14:35:12.941+0000] {logging_mixin.py:115} INFO - [2022-09-25T14:35:12.940+0000] {dagbag.py:508} INFO - Filling up the DagBag from /home/airflow/.local/lib/python3.7/site-packages/airflow/example_dags/example_complex.py
[2022-09-25T14:35:13.003+0000] {processor.py:650} INFO - DAG(s) dict_keys(['example_complex']) retrieved from /home/airflow/.local/lib/python3.7/site-packages/airflow/example_dags/example_complex.py
[2022-09-25T14:35:13.099+0000] {logging_mixin.py:115} INFO - [2022-09-25T14:35:13.099+0000] {dag.py:2429} INFO - Sync 1 DAGs
[2022-09-25T14:35:13.187+0000] {logging_mixin.py:115} INFO - [2022-09-25T14:35:13.187+0000] {dag.py:2981} INFO - Setting next_dagrun for example_complex to None, run_after=None
[2022-09-25T14:35:13.218+0000] {processor.py:161} INFO - Processing /home/airflow/.local/lib/python3.7/site-packages/airflow/example_dags/example_complex.py took 0.306 seconds
[2022-09-25T14:35:43.571+0000] {processor.py:153} INFO - Started process (PID=5747) to work on /home/airflow/.local/lib/python3.7/site-packages/airflow/example_dags/example_complex.py
[2022-09-25T14:35:43.573+0000] {processor.py:640} INFO - Processing file /home/airflow/.local/lib/python3.7/site-packages/airflow/example_dags/example_complex.py for tasks to queue
[2022-09-25T14:35:43.575+0000] {logging_mixin.py:115} INFO - [2022-09-25T14:35:43.575+0000] {dagbag.py:508} INFO - Filling up the DagBag from /home/airflow/.local/lib/python3.7/site-packages/airflow/example_dags/example_complex.py
[2022-09-25T14:35:43.603+0000] {processor.py:650} INFO - DAG(s) dict_keys(['example_complex']) retrieved from /home/airflow/.local/lib/python3.7/site-packages/airflow/example_dags/example_complex.py
[2022-09-25T14:35:43.657+0000] {logging_mixin.py:115} INFO - [2022-09-25T14:35:43.657+0000] {dag.py:2429} INFO - Sync 1 DAGs
[2022-09-25T14:35:43.695+0000] {logging_mixin.py:115} INFO - [2022-09-25T14:35:43.695+0000] {dag.py:2981} INFO - Setting next_dagrun for example_complex to None, run_after=None
[2022-09-25T14:35:43.718+0000] {processor.py:161} INFO - Processing /home/airflow/.local/lib/python3.7/site-packages/airflow/example_dags/example_complex.py took 0.152 seconds
[2022-09-25T14:36:14.008+0000] {processor.py:153} INFO - Started process (PID=5961) to work on /home/airflow/.local/lib/python3.7/site-packages/airflow/example_dags/example_complex.py
[2022-09-25T14:36:14.011+0000] {processor.py:640} INFO - Processing file /home/airflow/.local/lib/python3.7/site-packages/airflow/example_dags/example_complex.py for tasks to queue
[2022-09-25T14:36:14.013+0000] {logging_mixin.py:115} INFO - [2022-09-25T14:36:14.013+0000] {dagbag.py:508} INFO - Filling up the DagBag from /home/airflow/.local/lib/python3.7/site-packages/airflow/example_dags/example_complex.py
[2022-09-25T14:36:14.040+0000] {processor.py:650} INFO - DAG(s) dict_keys(['example_complex']) retrieved from /home/airflow/.local/lib/python3.7/site-packages/airflow/example_dags/example_complex.py
[2022-09-25T14:36:14.089+0000] {logging_mixin.py:115} INFO - [2022-09-25T14:36:14.088+0000] {dag.py:2429} INFO - Sync 1 DAGs
[2022-09-25T14:36:14.122+0000] {logging_mixin.py:115} INFO - [2022-09-25T14:36:14.122+0000] {dag.py:2981} INFO - Setting next_dagrun for example_complex to None, run_after=None
[2022-09-25T14:36:14.142+0000] {processor.py:161} INFO - Processing /home/airflow/.local/lib/python3.7/site-packages/airflow/example_dags/example_complex.py took 0.139 seconds
[2022-09-25T14:36:45.953+0000] {processor.py:153} INFO - Started process (PID=6172) to work on /home/airflow/.local/lib/python3.7/site-packages/airflow/example_dags/example_complex.py
[2022-09-25T14:36:45.955+0000] {processor.py:640} INFO - Processing file /home/airflow/.local/lib/python3.7/site-packages/airflow/example_dags/example_complex.py for tasks to queue
[2022-09-25T14:36:45.958+0000] {logging_mixin.py:115} INFO - [2022-09-25T14:36:45.957+0000] {dagbag.py:508} INFO - Filling up the DagBag from /home/airflow/.local/lib/python3.7/site-packages/airflow/example_dags/example_complex.py
[2022-09-25T14:36:45.981+0000] {processor.py:650} INFO - DAG(s) dict_keys(['example_complex']) retrieved from /home/airflow/.local/lib/python3.7/site-packages/airflow/example_dags/example_complex.py
[2022-09-25T14:36:46.044+0000] {logging_mixin.py:115} INFO - [2022-09-25T14:36:46.044+0000] {dag.py:2429} INFO - Sync 1 DAGs
[2022-09-25T14:36:46.088+0000] {logging_mixin.py:115} INFO - [2022-09-25T14:36:46.087+0000] {dag.py:2981} INFO - Setting next_dagrun for example_complex to None, run_after=None
[2022-09-25T14:36:46.110+0000] {processor.py:161} INFO - Processing /home/airflow/.local/lib/python3.7/site-packages/airflow/example_dags/example_complex.py took 0.167 seconds
[2022-09-25T14:37:16.646+0000] {processor.py:153} INFO - Started process (PID=6385) to work on /home/airflow/.local/lib/python3.7/site-packages/airflow/example_dags/example_complex.py
[2022-09-25T14:37:16.649+0000] {processor.py:640} INFO - Processing file /home/airflow/.local/lib/python3.7/site-packages/airflow/example_dags/example_complex.py for tasks to queue
[2022-09-25T14:37:16.651+0000] {logging_mixin.py:115} INFO - [2022-09-25T14:37:16.650+0000] {dagbag.py:508} INFO - Filling up the DagBag from /home/airflow/.local/lib/python3.7/site-packages/airflow/example_dags/example_complex.py
[2022-09-25T14:37:16.681+0000] {processor.py:650} INFO - DAG(s) dict_keys(['example_complex']) retrieved from /home/airflow/.local/lib/python3.7/site-packages/airflow/example_dags/example_complex.py
[2022-09-25T14:37:16.743+0000] {logging_mixin.py:115} INFO - [2022-09-25T14:37:16.742+0000] {dag.py:2429} INFO - Sync 1 DAGs
[2022-09-25T14:37:16.785+0000] {logging_mixin.py:115} INFO - [2022-09-25T14:37:16.785+0000] {dag.py:2981} INFO - Setting next_dagrun for example_complex to None, run_after=None
[2022-09-25T14:37:16.820+0000] {processor.py:161} INFO - Processing /home/airflow/.local/lib/python3.7/site-packages/airflow/example_dags/example_complex.py took 0.180 seconds
[2022-09-25T14:37:47.175+0000] {processor.py:153} INFO - Started process (PID=6589) to work on /home/airflow/.local/lib/python3.7/site-packages/airflow/example_dags/example_complex.py
[2022-09-25T14:37:47.177+0000] {processor.py:640} INFO - Processing file /home/airflow/.local/lib/python3.7/site-packages/airflow/example_dags/example_complex.py for tasks to queue
[2022-09-25T14:37:47.180+0000] {logging_mixin.py:115} INFO - [2022-09-25T14:37:47.179+0000] {dagbag.py:508} INFO - Filling up the DagBag from /home/airflow/.local/lib/python3.7/site-packages/airflow/example_dags/example_complex.py
[2022-09-25T14:37:47.204+0000] {processor.py:650} INFO - DAG(s) dict_keys(['example_complex']) retrieved from /home/airflow/.local/lib/python3.7/site-packages/airflow/example_dags/example_complex.py
[2022-09-25T14:37:47.258+0000] {logging_mixin.py:115} INFO - [2022-09-25T14:37:47.257+0000] {dag.py:2429} INFO - Sync 1 DAGs
[2022-09-25T14:37:47.296+0000] {logging_mixin.py:115} INFO - [2022-09-25T14:37:47.296+0000] {dag.py:2981} INFO - Setting next_dagrun for example_complex to None, run_after=None
[2022-09-25T14:37:47.317+0000] {processor.py:161} INFO - Processing /home/airflow/.local/lib/python3.7/site-packages/airflow/example_dags/example_complex.py took 0.148 seconds
[2022-09-25T14:38:18.279+0000] {processor.py:153} INFO - Started process (PID=6797) to work on /home/airflow/.local/lib/python3.7/site-packages/airflow/example_dags/example_complex.py
[2022-09-25T14:38:18.282+0000] {processor.py:640} INFO - Processing file /home/airflow/.local/lib/python3.7/site-packages/airflow/example_dags/example_complex.py for tasks to queue
[2022-09-25T14:38:18.285+0000] {logging_mixin.py:115} INFO - [2022-09-25T14:38:18.284+0000] {dagbag.py:508} INFO - Filling up the DagBag from /home/airflow/.local/lib/python3.7/site-packages/airflow/example_dags/example_complex.py
[2022-09-25T14:38:18.309+0000] {processor.py:650} INFO - DAG(s) dict_keys(['example_complex']) retrieved from /home/airflow/.local/lib/python3.7/site-packages/airflow/example_dags/example_complex.py
[2022-09-25T14:38:18.366+0000] {logging_mixin.py:115} INFO - [2022-09-25T14:38:18.366+0000] {dag.py:2429} INFO - Sync 1 DAGs
[2022-09-25T14:38:18.404+0000] {logging_mixin.py:115} INFO - [2022-09-25T14:38:18.404+0000] {dag.py:2981} INFO - Setting next_dagrun for example_complex to None, run_after=None
[2022-09-25T14:38:18.437+0000] {processor.py:161} INFO - Processing /home/airflow/.local/lib/python3.7/site-packages/airflow/example_dags/example_complex.py took 0.166 seconds
[2022-09-25T14:38:50.862+0000] {processor.py:153} INFO - Started process (PID=7017) to work on /home/airflow/.local/lib/python3.7/site-packages/airflow/example_dags/example_complex.py
[2022-09-25T14:38:50.875+0000] {processor.py:640} INFO - Processing file /home/airflow/.local/lib/python3.7/site-packages/airflow/example_dags/example_complex.py for tasks to queue
[2022-09-25T14:38:50.883+0000] {logging_mixin.py:115} INFO - [2022-09-25T14:38:50.882+0000] {dagbag.py:508} INFO - Filling up the DagBag from /home/airflow/.local/lib/python3.7/site-packages/airflow/example_dags/example_complex.py
[2022-09-25T14:38:50.940+0000] {processor.py:650} INFO - DAG(s) dict_keys(['example_complex']) retrieved from /home/airflow/.local/lib/python3.7/site-packages/airflow/example_dags/example_complex.py
[2022-09-25T14:38:51.129+0000] {logging_mixin.py:115} INFO - [2022-09-25T14:38:51.129+0000] {dag.py:2429} INFO - Sync 1 DAGs
[2022-09-25T14:38:51.232+0000] {logging_mixin.py:115} INFO - [2022-09-25T14:38:51.232+0000] {dag.py:2981} INFO - Setting next_dagrun for example_complex to None, run_after=None
[2022-09-25T14:38:51.291+0000] {processor.py:161} INFO - Processing /home/airflow/.local/lib/python3.7/site-packages/airflow/example_dags/example_complex.py took 0.447 seconds
[2022-09-25T14:39:22.367+0000] {processor.py:153} INFO - Started process (PID=7225) to work on /home/airflow/.local/lib/python3.7/site-packages/airflow/example_dags/example_complex.py
[2022-09-25T14:39:22.368+0000] {processor.py:640} INFO - Processing file /home/airflow/.local/lib/python3.7/site-packages/airflow/example_dags/example_complex.py for tasks to queue
[2022-09-25T14:39:22.371+0000] {logging_mixin.py:115} INFO - [2022-09-25T14:39:22.371+0000] {dagbag.py:508} INFO - Filling up the DagBag from /home/airflow/.local/lib/python3.7/site-packages/airflow/example_dags/example_complex.py
[2022-09-25T14:39:22.402+0000] {processor.py:650} INFO - DAG(s) dict_keys(['example_complex']) retrieved from /home/airflow/.local/lib/python3.7/site-packages/airflow/example_dags/example_complex.py
[2022-09-25T14:39:22.466+0000] {logging_mixin.py:115} INFO - [2022-09-25T14:39:22.466+0000] {dag.py:2429} INFO - Sync 1 DAGs
[2022-09-25T14:39:22.510+0000] {logging_mixin.py:115} INFO - [2022-09-25T14:39:22.509+0000] {dag.py:2981} INFO - Setting next_dagrun for example_complex to None, run_after=None
[2022-09-25T14:39:22.535+0000] {processor.py:161} INFO - Processing /home/airflow/.local/lib/python3.7/site-packages/airflow/example_dags/example_complex.py took 0.175 seconds
[2022-09-25T14:39:53.335+0000] {processor.py:153} INFO - Started process (PID=7437) to work on /home/airflow/.local/lib/python3.7/site-packages/airflow/example_dags/example_complex.py
[2022-09-25T14:39:53.338+0000] {processor.py:640} INFO - Processing file /home/airflow/.local/lib/python3.7/site-packages/airflow/example_dags/example_complex.py for tasks to queue
[2022-09-25T14:39:53.340+0000] {logging_mixin.py:115} INFO - [2022-09-25T14:39:53.340+0000] {dagbag.py:508} INFO - Filling up the DagBag from /home/airflow/.local/lib/python3.7/site-packages/airflow/example_dags/example_complex.py
[2022-09-25T14:39:53.371+0000] {processor.py:650} INFO - DAG(s) dict_keys(['example_complex']) retrieved from /home/airflow/.local/lib/python3.7/site-packages/airflow/example_dags/example_complex.py
[2022-09-25T14:39:53.452+0000] {logging_mixin.py:115} INFO - [2022-09-25T14:39:53.451+0000] {dag.py:2429} INFO - Sync 1 DAGs
[2022-09-25T14:39:53.520+0000] {logging_mixin.py:115} INFO - [2022-09-25T14:39:53.519+0000] {dag.py:2981} INFO - Setting next_dagrun for example_complex to None, run_after=None
[2022-09-25T14:39:53.549+0000] {processor.py:161} INFO - Processing /home/airflow/.local/lib/python3.7/site-packages/airflow/example_dags/example_complex.py took 0.220 seconds
[2022-09-25T14:40:24.400+0000] {processor.py:153} INFO - Started process (PID=7642) to work on /home/airflow/.local/lib/python3.7/site-packages/airflow/example_dags/example_complex.py
[2022-09-25T14:40:24.402+0000] {processor.py:640} INFO - Processing file /home/airflow/.local/lib/python3.7/site-packages/airflow/example_dags/example_complex.py for tasks to queue
[2022-09-25T14:40:24.405+0000] {logging_mixin.py:115} INFO - [2022-09-25T14:40:24.405+0000] {dagbag.py:508} INFO - Filling up the DagBag from /home/airflow/.local/lib/python3.7/site-packages/airflow/example_dags/example_complex.py
[2022-09-25T14:40:24.431+0000] {processor.py:650} INFO - DAG(s) dict_keys(['example_complex']) retrieved from /home/airflow/.local/lib/python3.7/site-packages/airflow/example_dags/example_complex.py
[2022-09-25T14:40:24.501+0000] {logging_mixin.py:115} INFO - [2022-09-25T14:40:24.500+0000] {dag.py:2429} INFO - Sync 1 DAGs
[2022-09-25T14:40:24.537+0000] {logging_mixin.py:115} INFO - [2022-09-25T14:40:24.537+0000] {dag.py:2981} INFO - Setting next_dagrun for example_complex to None, run_after=None
[2022-09-25T14:40:24.559+0000] {processor.py:161} INFO - Processing /home/airflow/.local/lib/python3.7/site-packages/airflow/example_dags/example_complex.py took 0.165 seconds
[2022-09-25T14:40:55.217+0000] {processor.py:153} INFO - Started process (PID=7855) to work on /home/airflow/.local/lib/python3.7/site-packages/airflow/example_dags/example_complex.py
[2022-09-25T14:40:55.219+0000] {processor.py:640} INFO - Processing file /home/airflow/.local/lib/python3.7/site-packages/airflow/example_dags/example_complex.py for tasks to queue
[2022-09-25T14:40:55.221+0000] {logging_mixin.py:115} INFO - [2022-09-25T14:40:55.221+0000] {dagbag.py:508} INFO - Filling up the DagBag from /home/airflow/.local/lib/python3.7/site-packages/airflow/example_dags/example_complex.py
[2022-09-25T14:40:55.246+0000] {processor.py:650} INFO - DAG(s) dict_keys(['example_complex']) retrieved from /home/airflow/.local/lib/python3.7/site-packages/airflow/example_dags/example_complex.py
[2022-09-25T14:40:55.301+0000] {logging_mixin.py:115} INFO - [2022-09-25T14:40:55.301+0000] {dag.py:2429} INFO - Sync 1 DAGs
[2022-09-25T14:40:55.338+0000] {logging_mixin.py:115} INFO - [2022-09-25T14:40:55.337+0000] {dag.py:2981} INFO - Setting next_dagrun for example_complex to None, run_after=None
[2022-09-25T14:40:55.364+0000] {processor.py:161} INFO - Processing /home/airflow/.local/lib/python3.7/site-packages/airflow/example_dags/example_complex.py took 0.153 seconds
[2022-09-25T14:41:25.567+0000] {processor.py:153} INFO - Started process (PID=8054) to work on /home/airflow/.local/lib/python3.7/site-packages/airflow/example_dags/example_complex.py
[2022-09-25T14:41:25.569+0000] {processor.py:640} INFO - Processing file /home/airflow/.local/lib/python3.7/site-packages/airflow/example_dags/example_complex.py for tasks to queue
[2022-09-25T14:41:25.571+0000] {logging_mixin.py:115} INFO - [2022-09-25T14:41:25.571+0000] {dagbag.py:508} INFO - Filling up the DagBag from /home/airflow/.local/lib/python3.7/site-packages/airflow/example_dags/example_complex.py
[2022-09-25T14:41:25.591+0000] {processor.py:650} INFO - DAG(s) dict_keys(['example_complex']) retrieved from /home/airflow/.local/lib/python3.7/site-packages/airflow/example_dags/example_complex.py
[2022-09-25T14:41:25.637+0000] {logging_mixin.py:115} INFO - [2022-09-25T14:41:25.637+0000] {dag.py:2429} INFO - Sync 1 DAGs
[2022-09-25T14:41:25.672+0000] {logging_mixin.py:115} INFO - [2022-09-25T14:41:25.672+0000] {dag.py:2981} INFO - Setting next_dagrun for example_complex to None, run_after=None
[2022-09-25T14:41:25.697+0000] {processor.py:161} INFO - Processing /home/airflow/.local/lib/python3.7/site-packages/airflow/example_dags/example_complex.py took 0.137 seconds
[2022-09-25T14:41:56.006+0000] {processor.py:153} INFO - Started process (PID=8265) to work on /home/airflow/.local/lib/python3.7/site-packages/airflow/example_dags/example_complex.py
[2022-09-25T14:41:56.014+0000] {processor.py:640} INFO - Processing file /home/airflow/.local/lib/python3.7/site-packages/airflow/example_dags/example_complex.py for tasks to queue
[2022-09-25T14:41:56.016+0000] {logging_mixin.py:115} INFO - [2022-09-25T14:41:56.015+0000] {dagbag.py:508} INFO - Filling up the DagBag from /home/airflow/.local/lib/python3.7/site-packages/airflow/example_dags/example_complex.py
[2022-09-25T14:41:56.047+0000] {processor.py:650} INFO - DAG(s) dict_keys(['example_complex']) retrieved from /home/airflow/.local/lib/python3.7/site-packages/airflow/example_dags/example_complex.py
[2022-09-25T14:41:56.112+0000] {logging_mixin.py:115} INFO - [2022-09-25T14:41:56.111+0000] {dag.py:2429} INFO - Sync 1 DAGs
[2022-09-25T14:41:56.155+0000] {logging_mixin.py:115} INFO - [2022-09-25T14:41:56.155+0000] {dag.py:2981} INFO - Setting next_dagrun for example_complex to None, run_after=None
[2022-09-25T14:41:56.181+0000] {processor.py:161} INFO - Processing /home/airflow/.local/lib/python3.7/site-packages/airflow/example_dags/example_complex.py took 0.181 seconds
[2022-09-25T14:42:26.546+0000] {processor.py:153} INFO - Started process (PID=8470) to work on /home/airflow/.local/lib/python3.7/site-packages/airflow/example_dags/example_complex.py
[2022-09-25T14:42:26.549+0000] {processor.py:640} INFO - Processing file /home/airflow/.local/lib/python3.7/site-packages/airflow/example_dags/example_complex.py for tasks to queue
[2022-09-25T14:42:26.551+0000] {logging_mixin.py:115} INFO - [2022-09-25T14:42:26.551+0000] {dagbag.py:508} INFO - Filling up the DagBag from /home/airflow/.local/lib/python3.7/site-packages/airflow/example_dags/example_complex.py
[2022-09-25T14:42:26.575+0000] {processor.py:650} INFO - DAG(s) dict_keys(['example_complex']) retrieved from /home/airflow/.local/lib/python3.7/site-packages/airflow/example_dags/example_complex.py
[2022-09-25T14:42:26.628+0000] {logging_mixin.py:115} INFO - [2022-09-25T14:42:26.627+0000] {dag.py:2429} INFO - Sync 1 DAGs
[2022-09-25T14:42:26.663+0000] {logging_mixin.py:115} INFO - [2022-09-25T14:42:26.663+0000] {dag.py:2981} INFO - Setting next_dagrun for example_complex to None, run_after=None
[2022-09-25T14:42:26.687+0000] {processor.py:161} INFO - Processing /home/airflow/.local/lib/python3.7/site-packages/airflow/example_dags/example_complex.py took 0.147 seconds
[2022-09-25T14:42:57.357+0000] {processor.py:153} INFO - Started process (PID=8686) to work on /home/airflow/.local/lib/python3.7/site-packages/airflow/example_dags/example_complex.py
[2022-09-25T14:42:57.367+0000] {processor.py:640} INFO - Processing file /home/airflow/.local/lib/python3.7/site-packages/airflow/example_dags/example_complex.py for tasks to queue
[2022-09-25T14:42:57.372+0000] {logging_mixin.py:115} INFO - [2022-09-25T14:42:57.372+0000] {dagbag.py:508} INFO - Filling up the DagBag from /home/airflow/.local/lib/python3.7/site-packages/airflow/example_dags/example_complex.py
[2022-09-25T14:42:57.417+0000] {processor.py:650} INFO - DAG(s) dict_keys(['example_complex']) retrieved from /home/airflow/.local/lib/python3.7/site-packages/airflow/example_dags/example_complex.py
[2022-09-25T14:42:57.503+0000] {logging_mixin.py:115} INFO - [2022-09-25T14:42:57.502+0000] {dag.py:2429} INFO - Sync 1 DAGs
[2022-09-25T14:42:57.553+0000] {logging_mixin.py:115} INFO - [2022-09-25T14:42:57.553+0000] {dag.py:2981} INFO - Setting next_dagrun for example_complex to None, run_after=None
[2022-09-25T14:42:57.587+0000] {processor.py:161} INFO - Processing /home/airflow/.local/lib/python3.7/site-packages/airflow/example_dags/example_complex.py took 0.237 seconds
[2022-09-25T14:43:28.084+0000] {processor.py:153} INFO - Started process (PID=8892) to work on /home/airflow/.local/lib/python3.7/site-packages/airflow/example_dags/example_complex.py
[2022-09-25T14:43:28.094+0000] {processor.py:640} INFO - Processing file /home/airflow/.local/lib/python3.7/site-packages/airflow/example_dags/example_complex.py for tasks to queue
[2022-09-25T14:43:28.097+0000] {logging_mixin.py:115} INFO - [2022-09-25T14:43:28.097+0000] {dagbag.py:508} INFO - Filling up the DagBag from /home/airflow/.local/lib/python3.7/site-packages/airflow/example_dags/example_complex.py
[2022-09-25T14:43:28.122+0000] {processor.py:650} INFO - DAG(s) dict_keys(['example_complex']) retrieved from /home/airflow/.local/lib/python3.7/site-packages/airflow/example_dags/example_complex.py
[2022-09-25T14:43:28.177+0000] {logging_mixin.py:115} INFO - [2022-09-25T14:43:28.177+0000] {dag.py:2429} INFO - Sync 1 DAGs
[2022-09-25T14:43:28.215+0000] {logging_mixin.py:115} INFO - [2022-09-25T14:43:28.215+0000] {dag.py:2981} INFO - Setting next_dagrun for example_complex to None, run_after=None
[2022-09-25T14:43:28.237+0000] {processor.py:161} INFO - Processing /home/airflow/.local/lib/python3.7/site-packages/airflow/example_dags/example_complex.py took 0.162 seconds
[2022-09-25T14:43:58.651+0000] {processor.py:153} INFO - Started process (PID=9106) to work on /home/airflow/.local/lib/python3.7/site-packages/airflow/example_dags/example_complex.py
[2022-09-25T14:43:58.660+0000] {processor.py:640} INFO - Processing file /home/airflow/.local/lib/python3.7/site-packages/airflow/example_dags/example_complex.py for tasks to queue
[2022-09-25T14:43:58.664+0000] {logging_mixin.py:115} INFO - [2022-09-25T14:43:58.663+0000] {dagbag.py:508} INFO - Filling up the DagBag from /home/airflow/.local/lib/python3.7/site-packages/airflow/example_dags/example_complex.py
[2022-09-25T14:43:58.711+0000] {processor.py:650} INFO - DAG(s) dict_keys(['example_complex']) retrieved from /home/airflow/.local/lib/python3.7/site-packages/airflow/example_dags/example_complex.py
[2022-09-25T14:43:58.771+0000] {logging_mixin.py:115} INFO - [2022-09-25T14:43:58.771+0000] {dag.py:2429} INFO - Sync 1 DAGs
[2022-09-25T14:43:58.810+0000] {logging_mixin.py:115} INFO - [2022-09-25T14:43:58.809+0000] {dag.py:2981} INFO - Setting next_dagrun for example_complex to None, run_after=None
[2022-09-25T14:43:58.831+0000] {processor.py:161} INFO - Processing /home/airflow/.local/lib/python3.7/site-packages/airflow/example_dags/example_complex.py took 0.188 seconds
[2022-09-25T14:44:29.184+0000] {processor.py:153} INFO - Started process (PID=9311) to work on /home/airflow/.local/lib/python3.7/site-packages/airflow/example_dags/example_complex.py
[2022-09-25T14:44:29.189+0000] {processor.py:640} INFO - Processing file /home/airflow/.local/lib/python3.7/site-packages/airflow/example_dags/example_complex.py for tasks to queue
[2022-09-25T14:44:29.190+0000] {logging_mixin.py:115} INFO - [2022-09-25T14:44:29.190+0000] {dagbag.py:508} INFO - Filling up the DagBag from /home/airflow/.local/lib/python3.7/site-packages/airflow/example_dags/example_complex.py
[2022-09-25T14:44:29.216+0000] {processor.py:650} INFO - DAG(s) dict_keys(['example_complex']) retrieved from /home/airflow/.local/lib/python3.7/site-packages/airflow/example_dags/example_complex.py
[2022-09-25T14:44:29.276+0000] {logging_mixin.py:115} INFO - [2022-09-25T14:44:29.276+0000] {dag.py:2429} INFO - Sync 1 DAGs
[2022-09-25T14:44:29.318+0000] {logging_mixin.py:115} INFO - [2022-09-25T14:44:29.318+0000] {dag.py:2981} INFO - Setting next_dagrun for example_complex to None, run_after=None
[2022-09-25T14:44:29.337+0000] {processor.py:161} INFO - Processing /home/airflow/.local/lib/python3.7/site-packages/airflow/example_dags/example_complex.py took 0.161 seconds
[2022-09-25T14:44:59.854+0000] {processor.py:153} INFO - Started process (PID=9526) to work on /home/airflow/.local/lib/python3.7/site-packages/airflow/example_dags/example_complex.py
[2022-09-25T14:44:59.863+0000] {processor.py:640} INFO - Processing file /home/airflow/.local/lib/python3.7/site-packages/airflow/example_dags/example_complex.py for tasks to queue
[2022-09-25T14:44:59.869+0000] {logging_mixin.py:115} INFO - [2022-09-25T14:44:59.868+0000] {dagbag.py:508} INFO - Filling up the DagBag from /home/airflow/.local/lib/python3.7/site-packages/airflow/example_dags/example_complex.py
[2022-09-25T14:44:59.906+0000] {processor.py:650} INFO - DAG(s) dict_keys(['example_complex']) retrieved from /home/airflow/.local/lib/python3.7/site-packages/airflow/example_dags/example_complex.py
[2022-09-25T14:44:59.955+0000] {logging_mixin.py:115} INFO - [2022-09-25T14:44:59.955+0000] {dag.py:2429} INFO - Sync 1 DAGs
[2022-09-25T14:44:59.989+0000] {logging_mixin.py:115} INFO - [2022-09-25T14:44:59.989+0000] {dag.py:2981} INFO - Setting next_dagrun for example_complex to None, run_after=None
[2022-09-25T14:45:00.013+0000] {processor.py:161} INFO - Processing /home/airflow/.local/lib/python3.7/site-packages/airflow/example_dags/example_complex.py took 0.170 seconds
[2022-09-25T14:45:30.852+0000] {processor.py:153} INFO - Started process (PID=9731) to work on /home/airflow/.local/lib/python3.7/site-packages/airflow/example_dags/example_complex.py
[2022-09-25T14:45:30.858+0000] {processor.py:640} INFO - Processing file /home/airflow/.local/lib/python3.7/site-packages/airflow/example_dags/example_complex.py for tasks to queue
[2022-09-25T14:45:30.860+0000] {logging_mixin.py:115} INFO - [2022-09-25T14:45:30.860+0000] {dagbag.py:508} INFO - Filling up the DagBag from /home/airflow/.local/lib/python3.7/site-packages/airflow/example_dags/example_complex.py
[2022-09-25T14:45:30.888+0000] {processor.py:650} INFO - DAG(s) dict_keys(['example_complex']) retrieved from /home/airflow/.local/lib/python3.7/site-packages/airflow/example_dags/example_complex.py
[2022-09-25T14:45:30.949+0000] {logging_mixin.py:115} INFO - [2022-09-25T14:45:30.949+0000] {dag.py:2429} INFO - Sync 1 DAGs
[2022-09-25T14:45:30.993+0000] {logging_mixin.py:115} INFO - [2022-09-25T14:45:30.993+0000] {dag.py:2981} INFO - Setting next_dagrun for example_complex to None, run_after=None
[2022-09-25T14:45:31.017+0000] {processor.py:161} INFO - Processing /home/airflow/.local/lib/python3.7/site-packages/airflow/example_dags/example_complex.py took 0.171 seconds
[2022-09-25T14:46:01.215+0000] {processor.py:153} INFO - Started process (PID=9943) to work on /home/airflow/.local/lib/python3.7/site-packages/airflow/example_dags/example_complex.py
[2022-09-25T14:46:01.217+0000] {processor.py:640} INFO - Processing file /home/airflow/.local/lib/python3.7/site-packages/airflow/example_dags/example_complex.py for tasks to queue
[2022-09-25T14:46:01.219+0000] {logging_mixin.py:115} INFO - [2022-09-25T14:46:01.219+0000] {dagbag.py:508} INFO - Filling up the DagBag from /home/airflow/.local/lib/python3.7/site-packages/airflow/example_dags/example_complex.py
[2022-09-25T14:46:01.246+0000] {processor.py:650} INFO - DAG(s) dict_keys(['example_complex']) retrieved from /home/airflow/.local/lib/python3.7/site-packages/airflow/example_dags/example_complex.py
[2022-09-25T14:46:01.304+0000] {logging_mixin.py:115} INFO - [2022-09-25T14:46:01.303+0000] {dag.py:2429} INFO - Sync 1 DAGs
[2022-09-25T14:46:01.339+0000] {logging_mixin.py:115} INFO - [2022-09-25T14:46:01.339+0000] {dag.py:2981} INFO - Setting next_dagrun for example_complex to None, run_after=None
[2022-09-25T14:46:01.365+0000] {processor.py:161} INFO - Processing /home/airflow/.local/lib/python3.7/site-packages/airflow/example_dags/example_complex.py took 0.155 seconds
[2022-09-25T14:46:32.044+0000] {processor.py:153} INFO - Started process (PID=10150) to work on /home/airflow/.local/lib/python3.7/site-packages/airflow/example_dags/example_complex.py
[2022-09-25T14:46:32.048+0000] {processor.py:640} INFO - Processing file /home/airflow/.local/lib/python3.7/site-packages/airflow/example_dags/example_complex.py for tasks to queue
[2022-09-25T14:46:32.051+0000] {logging_mixin.py:115} INFO - [2022-09-25T14:46:32.051+0000] {dagbag.py:508} INFO - Filling up the DagBag from /home/airflow/.local/lib/python3.7/site-packages/airflow/example_dags/example_complex.py
[2022-09-25T14:46:32.087+0000] {processor.py:650} INFO - DAG(s) dict_keys(['example_complex']) retrieved from /home/airflow/.local/lib/python3.7/site-packages/airflow/example_dags/example_complex.py
[2022-09-25T14:46:32.152+0000] {logging_mixin.py:115} INFO - [2022-09-25T14:46:32.152+0000] {dag.py:2429} INFO - Sync 1 DAGs
[2022-09-25T14:46:32.204+0000] {logging_mixin.py:115} INFO - [2022-09-25T14:46:32.203+0000] {dag.py:2981} INFO - Setting next_dagrun for example_complex to None, run_after=None
[2022-09-25T14:46:32.225+0000] {processor.py:161} INFO - Processing /home/airflow/.local/lib/python3.7/site-packages/airflow/example_dags/example_complex.py took 0.190 seconds
[2022-09-25T14:47:02.745+0000] {processor.py:153} INFO - Started process (PID=10364) to work on /home/airflow/.local/lib/python3.7/site-packages/airflow/example_dags/example_complex.py
[2022-09-25T14:47:02.749+0000] {processor.py:640} INFO - Processing file /home/airflow/.local/lib/python3.7/site-packages/airflow/example_dags/example_complex.py for tasks to queue
[2022-09-25T14:47:02.753+0000] {logging_mixin.py:115} INFO - [2022-09-25T14:47:02.753+0000] {dagbag.py:508} INFO - Filling up the DagBag from /home/airflow/.local/lib/python3.7/site-packages/airflow/example_dags/example_complex.py
[2022-09-25T14:47:02.791+0000] {processor.py:650} INFO - DAG(s) dict_keys(['example_complex']) retrieved from /home/airflow/.local/lib/python3.7/site-packages/airflow/example_dags/example_complex.py
[2022-09-25T14:47:02.858+0000] {logging_mixin.py:115} INFO - [2022-09-25T14:47:02.858+0000] {dag.py:2429} INFO - Sync 1 DAGs
[2022-09-25T14:47:02.942+0000] {logging_mixin.py:115} INFO - [2022-09-25T14:47:02.942+0000] {dag.py:2981} INFO - Setting next_dagrun for example_complex to None, run_after=None
[2022-09-25T14:47:02.963+0000] {processor.py:161} INFO - Processing /home/airflow/.local/lib/python3.7/site-packages/airflow/example_dags/example_complex.py took 0.226 seconds
[2022-09-25T14:47:34.236+0000] {processor.py:153} INFO - Started process (PID=10569) to work on /home/airflow/.local/lib/python3.7/site-packages/airflow/example_dags/example_complex.py
[2022-09-25T14:47:34.238+0000] {processor.py:640} INFO - Processing file /home/airflow/.local/lib/python3.7/site-packages/airflow/example_dags/example_complex.py for tasks to queue
[2022-09-25T14:47:34.241+0000] {logging_mixin.py:115} INFO - [2022-09-25T14:47:34.241+0000] {dagbag.py:508} INFO - Filling up the DagBag from /home/airflow/.local/lib/python3.7/site-packages/airflow/example_dags/example_complex.py
[2022-09-25T14:47:34.274+0000] {processor.py:650} INFO - DAG(s) dict_keys(['example_complex']) retrieved from /home/airflow/.local/lib/python3.7/site-packages/airflow/example_dags/example_complex.py
[2022-09-25T14:47:34.344+0000] {logging_mixin.py:115} INFO - [2022-09-25T14:47:34.343+0000] {dag.py:2429} INFO - Sync 1 DAGs
[2022-09-25T14:47:34.391+0000] {logging_mixin.py:115} INFO - [2022-09-25T14:47:34.390+0000] {dag.py:2981} INFO - Setting next_dagrun for example_complex to None, run_after=None
[2022-09-25T14:47:34.423+0000] {processor.py:161} INFO - Processing /home/airflow/.local/lib/python3.7/site-packages/airflow/example_dags/example_complex.py took 0.194 seconds
[2022-09-25T14:48:05.024+0000] {processor.py:153} INFO - Started process (PID=10782) to work on /home/airflow/.local/lib/python3.7/site-packages/airflow/example_dags/example_complex.py
[2022-09-25T14:48:05.028+0000] {processor.py:640} INFO - Processing file /home/airflow/.local/lib/python3.7/site-packages/airflow/example_dags/example_complex.py for tasks to queue
[2022-09-25T14:48:05.033+0000] {logging_mixin.py:115} INFO - [2022-09-25T14:48:05.032+0000] {dagbag.py:508} INFO - Filling up the DagBag from /home/airflow/.local/lib/python3.7/site-packages/airflow/example_dags/example_complex.py
[2022-09-25T14:48:05.104+0000] {processor.py:650} INFO - DAG(s) dict_keys(['example_complex']) retrieved from /home/airflow/.local/lib/python3.7/site-packages/airflow/example_dags/example_complex.py
[2022-09-25T14:48:05.184+0000] {logging_mixin.py:115} INFO - [2022-09-25T14:48:05.184+0000] {dag.py:2429} INFO - Sync 1 DAGs
[2022-09-25T14:48:05.227+0000] {logging_mixin.py:115} INFO - [2022-09-25T14:48:05.227+0000] {dag.py:2981} INFO - Setting next_dagrun for example_complex to None, run_after=None
[2022-09-25T14:48:05.261+0000] {processor.py:161} INFO - Processing /home/airflow/.local/lib/python3.7/site-packages/airflow/example_dags/example_complex.py took 0.246 seconds
[2022-09-25T14:48:35.340+0000] {processor.py:153} INFO - Started process (PID=10982) to work on /home/airflow/.local/lib/python3.7/site-packages/airflow/example_dags/example_complex.py
[2022-09-25T14:48:35.343+0000] {processor.py:640} INFO - Processing file /home/airflow/.local/lib/python3.7/site-packages/airflow/example_dags/example_complex.py for tasks to queue
[2022-09-25T14:48:35.345+0000] {logging_mixin.py:115} INFO - [2022-09-25T14:48:35.345+0000] {dagbag.py:508} INFO - Filling up the DagBag from /home/airflow/.local/lib/python3.7/site-packages/airflow/example_dags/example_complex.py
[2022-09-25T14:48:35.371+0000] {processor.py:650} INFO - DAG(s) dict_keys(['example_complex']) retrieved from /home/airflow/.local/lib/python3.7/site-packages/airflow/example_dags/example_complex.py
[2022-09-25T14:48:35.461+0000] {logging_mixin.py:115} INFO - [2022-09-25T14:48:35.460+0000] {dag.py:2429} INFO - Sync 1 DAGs
[2022-09-25T14:48:35.553+0000] {logging_mixin.py:115} INFO - [2022-09-25T14:48:35.553+0000] {dag.py:2981} INFO - Setting next_dagrun for example_complex to None, run_after=None
[2022-09-25T14:48:35.589+0000] {processor.py:161} INFO - Processing /home/airflow/.local/lib/python3.7/site-packages/airflow/example_dags/example_complex.py took 0.266 seconds
[2022-09-25T14:49:05.844+0000] {processor.py:153} INFO - Started process (PID=11198) to work on /home/airflow/.local/lib/python3.7/site-packages/airflow/example_dags/example_complex.py
[2022-09-25T14:49:05.847+0000] {processor.py:640} INFO - Processing file /home/airflow/.local/lib/python3.7/site-packages/airflow/example_dags/example_complex.py for tasks to queue
[2022-09-25T14:49:05.850+0000] {logging_mixin.py:115} INFO - [2022-09-25T14:49:05.849+0000] {dagbag.py:508} INFO - Filling up the DagBag from /home/airflow/.local/lib/python3.7/site-packages/airflow/example_dags/example_complex.py
[2022-09-25T14:49:05.876+0000] {processor.py:650} INFO - DAG(s) dict_keys(['example_complex']) retrieved from /home/airflow/.local/lib/python3.7/site-packages/airflow/example_dags/example_complex.py
[2022-09-25T14:49:05.926+0000] {logging_mixin.py:115} INFO - [2022-09-25T14:49:05.926+0000] {dag.py:2429} INFO - Sync 1 DAGs
[2022-09-25T14:49:05.968+0000] {logging_mixin.py:115} INFO - [2022-09-25T14:49:05.967+0000] {dag.py:2981} INFO - Setting next_dagrun for example_complex to None, run_after=None
[2022-09-25T14:49:05.996+0000] {processor.py:161} INFO - Processing /home/airflow/.local/lib/python3.7/site-packages/airflow/example_dags/example_complex.py took 0.160 seconds
[2022-09-25T14:49:36.339+0000] {processor.py:153} INFO - Started process (PID=11407) to work on /home/airflow/.local/lib/python3.7/site-packages/airflow/example_dags/example_complex.py
[2022-09-25T14:49:36.342+0000] {processor.py:640} INFO - Processing file /home/airflow/.local/lib/python3.7/site-packages/airflow/example_dags/example_complex.py for tasks to queue
[2022-09-25T14:49:36.344+0000] {logging_mixin.py:115} INFO - [2022-09-25T14:49:36.343+0000] {dagbag.py:508} INFO - Filling up the DagBag from /home/airflow/.local/lib/python3.7/site-packages/airflow/example_dags/example_complex.py
[2022-09-25T14:49:36.367+0000] {processor.py:650} INFO - DAG(s) dict_keys(['example_complex']) retrieved from /home/airflow/.local/lib/python3.7/site-packages/airflow/example_dags/example_complex.py
[2022-09-25T14:49:36.419+0000] {logging_mixin.py:115} INFO - [2022-09-25T14:49:36.418+0000] {dag.py:2429} INFO - Sync 1 DAGs
[2022-09-25T14:49:36.454+0000] {logging_mixin.py:115} INFO - [2022-09-25T14:49:36.454+0000] {dag.py:2981} INFO - Setting next_dagrun for example_complex to None, run_after=None
[2022-09-25T14:49:36.472+0000] {processor.py:161} INFO - Processing /home/airflow/.local/lib/python3.7/site-packages/airflow/example_dags/example_complex.py took 0.139 seconds
[2022-09-25T14:50:06.568+0000] {processor.py:153} INFO - Started process (PID=11612) to work on /home/airflow/.local/lib/python3.7/site-packages/airflow/example_dags/example_complex.py
[2022-09-25T14:50:06.570+0000] {processor.py:640} INFO - Processing file /home/airflow/.local/lib/python3.7/site-packages/airflow/example_dags/example_complex.py for tasks to queue
[2022-09-25T14:50:06.572+0000] {logging_mixin.py:115} INFO - [2022-09-25T14:50:06.572+0000] {dagbag.py:508} INFO - Filling up the DagBag from /home/airflow/.local/lib/python3.7/site-packages/airflow/example_dags/example_complex.py
[2022-09-25T14:50:06.593+0000] {processor.py:650} INFO - DAG(s) dict_keys(['example_complex']) retrieved from /home/airflow/.local/lib/python3.7/site-packages/airflow/example_dags/example_complex.py
[2022-09-25T14:50:06.651+0000] {logging_mixin.py:115} INFO - [2022-09-25T14:50:06.650+0000] {dag.py:2429} INFO - Sync 1 DAGs
[2022-09-25T14:50:06.692+0000] {logging_mixin.py:115} INFO - [2022-09-25T14:50:06.692+0000] {dag.py:2981} INFO - Setting next_dagrun for example_complex to None, run_after=None
[2022-09-25T14:50:06.718+0000] {processor.py:161} INFO - Processing /home/airflow/.local/lib/python3.7/site-packages/airflow/example_dags/example_complex.py took 0.156 seconds
[2022-09-25T14:50:36.883+0000] {processor.py:153} INFO - Started process (PID=11825) to work on /home/airflow/.local/lib/python3.7/site-packages/airflow/example_dags/example_complex.py
[2022-09-25T14:50:36.892+0000] {processor.py:640} INFO - Processing file /home/airflow/.local/lib/python3.7/site-packages/airflow/example_dags/example_complex.py for tasks to queue
[2022-09-25T14:50:36.895+0000] {logging_mixin.py:115} INFO - [2022-09-25T14:50:36.894+0000] {dagbag.py:508} INFO - Filling up the DagBag from /home/airflow/.local/lib/python3.7/site-packages/airflow/example_dags/example_complex.py
[2022-09-25T14:50:36.919+0000] {processor.py:650} INFO - DAG(s) dict_keys(['example_complex']) retrieved from /home/airflow/.local/lib/python3.7/site-packages/airflow/example_dags/example_complex.py
[2022-09-25T14:50:36.980+0000] {logging_mixin.py:115} INFO - [2022-09-25T14:50:36.979+0000] {dag.py:2429} INFO - Sync 1 DAGs
[2022-09-25T14:50:37.024+0000] {logging_mixin.py:115} INFO - [2022-09-25T14:50:37.023+0000] {dag.py:2981} INFO - Setting next_dagrun for example_complex to None, run_after=None
[2022-09-25T14:50:37.059+0000] {processor.py:161} INFO - Processing /home/airflow/.local/lib/python3.7/site-packages/airflow/example_dags/example_complex.py took 0.182 seconds
[2022-09-25T14:51:07.798+0000] {processor.py:153} INFO - Started process (PID=12033) to work on /home/airflow/.local/lib/python3.7/site-packages/airflow/example_dags/example_complex.py
[2022-09-25T14:51:07.801+0000] {processor.py:640} INFO - Processing file /home/airflow/.local/lib/python3.7/site-packages/airflow/example_dags/example_complex.py for tasks to queue
[2022-09-25T14:51:07.803+0000] {logging_mixin.py:115} INFO - [2022-09-25T14:51:07.803+0000] {dagbag.py:508} INFO - Filling up the DagBag from /home/airflow/.local/lib/python3.7/site-packages/airflow/example_dags/example_complex.py
[2022-09-25T14:51:07.824+0000] {processor.py:650} INFO - DAG(s) dict_keys(['example_complex']) retrieved from /home/airflow/.local/lib/python3.7/site-packages/airflow/example_dags/example_complex.py
[2022-09-25T14:51:07.879+0000] {logging_mixin.py:115} INFO - [2022-09-25T14:51:07.879+0000] {dag.py:2429} INFO - Sync 1 DAGs
[2022-09-25T14:51:07.928+0000] {logging_mixin.py:115} INFO - [2022-09-25T14:51:07.928+0000] {dag.py:2981} INFO - Setting next_dagrun for example_complex to None, run_after=None
[2022-09-25T14:51:07.966+0000] {processor.py:161} INFO - Processing /home/airflow/.local/lib/python3.7/site-packages/airflow/example_dags/example_complex.py took 0.173 seconds
[2022-09-25T14:51:38.299+0000] {processor.py:153} INFO - Started process (PID=12247) to work on /home/airflow/.local/lib/python3.7/site-packages/airflow/example_dags/example_complex.py
[2022-09-25T14:51:38.301+0000] {processor.py:640} INFO - Processing file /home/airflow/.local/lib/python3.7/site-packages/airflow/example_dags/example_complex.py for tasks to queue
[2022-09-25T14:51:38.303+0000] {logging_mixin.py:115} INFO - [2022-09-25T14:51:38.303+0000] {dagbag.py:508} INFO - Filling up the DagBag from /home/airflow/.local/lib/python3.7/site-packages/airflow/example_dags/example_complex.py
[2022-09-25T14:51:38.332+0000] {processor.py:650} INFO - DAG(s) dict_keys(['example_complex']) retrieved from /home/airflow/.local/lib/python3.7/site-packages/airflow/example_dags/example_complex.py
[2022-09-25T14:51:38.401+0000] {logging_mixin.py:115} INFO - [2022-09-25T14:51:38.401+0000] {dag.py:2429} INFO - Sync 1 DAGs
[2022-09-25T14:51:38.445+0000] {logging_mixin.py:115} INFO - [2022-09-25T14:51:38.444+0000] {dag.py:2981} INFO - Setting next_dagrun for example_complex to None, run_after=None
[2022-09-25T14:51:38.489+0000] {processor.py:161} INFO - Processing /home/airflow/.local/lib/python3.7/site-packages/airflow/example_dags/example_complex.py took 0.198 seconds
[2022-09-25T14:52:08.581+0000] {processor.py:153} INFO - Started process (PID=12449) to work on /home/airflow/.local/lib/python3.7/site-packages/airflow/example_dags/example_complex.py
[2022-09-25T14:52:08.584+0000] {processor.py:640} INFO - Processing file /home/airflow/.local/lib/python3.7/site-packages/airflow/example_dags/example_complex.py for tasks to queue
[2022-09-25T14:52:08.586+0000] {logging_mixin.py:115} INFO - [2022-09-25T14:52:08.586+0000] {dagbag.py:508} INFO - Filling up the DagBag from /home/airflow/.local/lib/python3.7/site-packages/airflow/example_dags/example_complex.py
[2022-09-25T14:52:08.611+0000] {processor.py:650} INFO - DAG(s) dict_keys(['example_complex']) retrieved from /home/airflow/.local/lib/python3.7/site-packages/airflow/example_dags/example_complex.py
[2022-09-25T14:52:08.668+0000] {logging_mixin.py:115} INFO - [2022-09-25T14:52:08.667+0000] {dag.py:2429} INFO - Sync 1 DAGs
[2022-09-25T14:52:08.717+0000] {logging_mixin.py:115} INFO - [2022-09-25T14:52:08.716+0000] {dag.py:2981} INFO - Setting next_dagrun for example_complex to None, run_after=None
[2022-09-25T14:52:08.751+0000] {processor.py:161} INFO - Processing /home/airflow/.local/lib/python3.7/site-packages/airflow/example_dags/example_complex.py took 0.176 seconds
