[2022-09-25T14:21:57.732+0000] {processor.py:153} INFO - Started process (PID=271) to work on /home/airflow/.local/lib/python3.7/site-packages/airflow/example_dags/example_xcomargs.py
[2022-09-25T14:21:57.821+0000] {processor.py:640} INFO - Processing file /home/airflow/.local/lib/python3.7/site-packages/airflow/example_dags/example_xcomargs.py for tasks to queue
[2022-09-25T14:21:57.893+0000] {logging_mixin.py:115} INFO - [2022-09-25T14:21:57.861+0000] {dagbag.py:508} INFO - Filling up the DagBag from /home/airflow/.local/lib/python3.7/site-packages/airflow/example_dags/example_xcomargs.py
[2022-09-25T14:21:58.647+0000] {processor.py:650} INFO - DAG(s) dict_keys(['example_xcom_args', 'example_xcom_args_with_operators']) retrieved from /home/airflow/.local/lib/python3.7/site-packages/airflow/example_dags/example_xcomargs.py
[2022-09-25T14:22:02.662+0000] {logging_mixin.py:115} INFO - [2022-09-25T14:22:02.662+0000] {dag.py:2429} INFO - Sync 2 DAGs
[2022-09-25T14:22:03.262+0000] {logging_mixin.py:115} INFO - [2022-09-25T14:22:03.262+0000] {dag.py:2981} INFO - Setting next_dagrun for example_xcom_args to None, run_after=None
[2022-09-25T14:22:03.270+0000] {logging_mixin.py:115} INFO - [2022-09-25T14:22:03.269+0000] {dag.py:2981} INFO - Setting next_dagrun for example_xcom_args_with_operators to None, run_after=None
[2022-09-25T14:22:03.491+0000] {processor.py:161} INFO - Processing /home/airflow/.local/lib/python3.7/site-packages/airflow/example_dags/example_xcomargs.py took 5.838 seconds
[2022-09-25T14:22:45.998+0000] {processor.py:153} INFO - Started process (PID=491) to work on /home/airflow/.local/lib/python3.7/site-packages/airflow/example_dags/example_xcomargs.py
[2022-09-25T14:22:46.001+0000] {processor.py:640} INFO - Processing file /home/airflow/.local/lib/python3.7/site-packages/airflow/example_dags/example_xcomargs.py for tasks to queue
[2022-09-25T14:22:46.005+0000] {logging_mixin.py:115} INFO - [2022-09-25T14:22:46.004+0000] {dagbag.py:508} INFO - Filling up the DagBag from /home/airflow/.local/lib/python3.7/site-packages/airflow/example_dags/example_xcomargs.py
[2022-09-25T14:22:46.071+0000] {processor.py:650} INFO - DAG(s) dict_keys(['example_xcom_args', 'example_xcom_args_with_operators']) retrieved from /home/airflow/.local/lib/python3.7/site-packages/airflow/example_dags/example_xcomargs.py
[2022-09-25T14:22:46.224+0000] {logging_mixin.py:115} INFO - [2022-09-25T14:22:46.224+0000] {dag.py:2429} INFO - Sync 2 DAGs
[2022-09-25T14:22:46.291+0000] {logging_mixin.py:115} INFO - [2022-09-25T14:22:46.291+0000] {dag.py:2981} INFO - Setting next_dagrun for example_xcom_args to None, run_after=None
[2022-09-25T14:22:46.293+0000] {logging_mixin.py:115} INFO - [2022-09-25T14:22:46.293+0000] {dag.py:2981} INFO - Setting next_dagrun for example_xcom_args_with_operators to None, run_after=None
[2022-09-25T14:22:46.328+0000] {processor.py:161} INFO - Processing /home/airflow/.local/lib/python3.7/site-packages/airflow/example_dags/example_xcomargs.py took 0.344 seconds
[2022-09-25T14:23:16.470+0000] {processor.py:153} INFO - Started process (PID=699) to work on /home/airflow/.local/lib/python3.7/site-packages/airflow/example_dags/example_xcomargs.py
[2022-09-25T14:23:16.474+0000] {processor.py:640} INFO - Processing file /home/airflow/.local/lib/python3.7/site-packages/airflow/example_dags/example_xcomargs.py for tasks to queue
[2022-09-25T14:23:16.477+0000] {logging_mixin.py:115} INFO - [2022-09-25T14:23:16.477+0000] {dagbag.py:508} INFO - Filling up the DagBag from /home/airflow/.local/lib/python3.7/site-packages/airflow/example_dags/example_xcomargs.py
[2022-09-25T14:23:16.535+0000] {processor.py:650} INFO - DAG(s) dict_keys(['example_xcom_args', 'example_xcom_args_with_operators']) retrieved from /home/airflow/.local/lib/python3.7/site-packages/airflow/example_dags/example_xcomargs.py
[2022-09-25T14:23:16.735+0000] {logging_mixin.py:115} INFO - [2022-09-25T14:23:16.735+0000] {dag.py:2429} INFO - Sync 2 DAGs
[2022-09-25T14:23:16.802+0000] {logging_mixin.py:115} INFO - [2022-09-25T14:23:16.802+0000] {dag.py:2981} INFO - Setting next_dagrun for example_xcom_args to None, run_after=None
[2022-09-25T14:23:16.806+0000] {logging_mixin.py:115} INFO - [2022-09-25T14:23:16.805+0000] {dag.py:2981} INFO - Setting next_dagrun for example_xcom_args_with_operators to None, run_after=None
[2022-09-25T14:23:16.853+0000] {processor.py:161} INFO - Processing /home/airflow/.local/lib/python3.7/site-packages/airflow/example_dags/example_xcomargs.py took 0.393 seconds
[2022-09-25T14:23:47.378+0000] {processor.py:153} INFO - Started process (PID=911) to work on /home/airflow/.local/lib/python3.7/site-packages/airflow/example_dags/example_xcomargs.py
[2022-09-25T14:23:47.382+0000] {processor.py:640} INFO - Processing file /home/airflow/.local/lib/python3.7/site-packages/airflow/example_dags/example_xcomargs.py for tasks to queue
[2022-09-25T14:23:47.386+0000] {logging_mixin.py:115} INFO - [2022-09-25T14:23:47.385+0000] {dagbag.py:508} INFO - Filling up the DagBag from /home/airflow/.local/lib/python3.7/site-packages/airflow/example_dags/example_xcomargs.py
[2022-09-25T14:23:47.435+0000] {processor.py:650} INFO - DAG(s) dict_keys(['example_xcom_args', 'example_xcom_args_with_operators']) retrieved from /home/airflow/.local/lib/python3.7/site-packages/airflow/example_dags/example_xcomargs.py
[2022-09-25T14:23:47.585+0000] {logging_mixin.py:115} INFO - [2022-09-25T14:23:47.585+0000] {dag.py:2429} INFO - Sync 2 DAGs
[2022-09-25T14:23:47.625+0000] {logging_mixin.py:115} INFO - [2022-09-25T14:23:47.625+0000] {dag.py:2981} INFO - Setting next_dagrun for example_xcom_args to None, run_after=None
[2022-09-25T14:23:47.627+0000] {logging_mixin.py:115} INFO - [2022-09-25T14:23:47.627+0000] {dag.py:2981} INFO - Setting next_dagrun for example_xcom_args_with_operators to None, run_after=None
[2022-09-25T14:23:47.660+0000] {processor.py:161} INFO - Processing /home/airflow/.local/lib/python3.7/site-packages/airflow/example_dags/example_xcomargs.py took 0.290 seconds
[2022-09-25T14:24:18.546+0000] {processor.py:153} INFO - Started process (PID=1116) to work on /home/airflow/.local/lib/python3.7/site-packages/airflow/example_dags/example_xcomargs.py
[2022-09-25T14:24:18.549+0000] {processor.py:640} INFO - Processing file /home/airflow/.local/lib/python3.7/site-packages/airflow/example_dags/example_xcomargs.py for tasks to queue
[2022-09-25T14:24:18.551+0000] {logging_mixin.py:115} INFO - [2022-09-25T14:24:18.551+0000] {dagbag.py:508} INFO - Filling up the DagBag from /home/airflow/.local/lib/python3.7/site-packages/airflow/example_dags/example_xcomargs.py
[2022-09-25T14:24:18.587+0000] {processor.py:650} INFO - DAG(s) dict_keys(['example_xcom_args', 'example_xcom_args_with_operators']) retrieved from /home/airflow/.local/lib/python3.7/site-packages/airflow/example_dags/example_xcomargs.py
[2022-09-25T14:24:18.719+0000] {logging_mixin.py:115} INFO - [2022-09-25T14:24:18.719+0000] {dag.py:2429} INFO - Sync 2 DAGs
[2022-09-25T14:24:18.760+0000] {logging_mixin.py:115} INFO - [2022-09-25T14:24:18.759+0000] {dag.py:2981} INFO - Setting next_dagrun for example_xcom_args to None, run_after=None
[2022-09-25T14:24:18.762+0000] {logging_mixin.py:115} INFO - [2022-09-25T14:24:18.761+0000] {dag.py:2981} INFO - Setting next_dagrun for example_xcom_args_with_operators to None, run_after=None
[2022-09-25T14:24:18.788+0000] {processor.py:161} INFO - Processing /home/airflow/.local/lib/python3.7/site-packages/airflow/example_dags/example_xcomargs.py took 0.247 seconds
[2022-09-25T14:24:49.570+0000] {processor.py:153} INFO - Started process (PID=1331) to work on /home/airflow/.local/lib/python3.7/site-packages/airflow/example_dags/example_xcomargs.py
[2022-09-25T14:24:49.572+0000] {processor.py:640} INFO - Processing file /home/airflow/.local/lib/python3.7/site-packages/airflow/example_dags/example_xcomargs.py for tasks to queue
[2022-09-25T14:24:49.574+0000] {logging_mixin.py:115} INFO - [2022-09-25T14:24:49.574+0000] {dagbag.py:508} INFO - Filling up the DagBag from /home/airflow/.local/lib/python3.7/site-packages/airflow/example_dags/example_xcomargs.py
[2022-09-25T14:24:49.610+0000] {processor.py:650} INFO - DAG(s) dict_keys(['example_xcom_args', 'example_xcom_args_with_operators']) retrieved from /home/airflow/.local/lib/python3.7/site-packages/airflow/example_dags/example_xcomargs.py
[2022-09-25T14:24:49.735+0000] {logging_mixin.py:115} INFO - [2022-09-25T14:24:49.734+0000] {dag.py:2429} INFO - Sync 2 DAGs
[2022-09-25T14:24:49.774+0000] {logging_mixin.py:115} INFO - [2022-09-25T14:24:49.774+0000] {dag.py:2981} INFO - Setting next_dagrun for example_xcom_args to None, run_after=None
[2022-09-25T14:24:49.776+0000] {logging_mixin.py:115} INFO - [2022-09-25T14:24:49.776+0000] {dag.py:2981} INFO - Setting next_dagrun for example_xcom_args_with_operators to None, run_after=None
[2022-09-25T14:24:49.802+0000] {processor.py:161} INFO - Processing /home/airflow/.local/lib/python3.7/site-packages/airflow/example_dags/example_xcomargs.py took 0.238 seconds
[2022-09-25T14:25:20.355+0000] {processor.py:153} INFO - Started process (PID=1536) to work on /home/airflow/.local/lib/python3.7/site-packages/airflow/example_dags/example_xcomargs.py
[2022-09-25T14:25:20.358+0000] {processor.py:640} INFO - Processing file /home/airflow/.local/lib/python3.7/site-packages/airflow/example_dags/example_xcomargs.py for tasks to queue
[2022-09-25T14:25:20.360+0000] {logging_mixin.py:115} INFO - [2022-09-25T14:25:20.360+0000] {dagbag.py:508} INFO - Filling up the DagBag from /home/airflow/.local/lib/python3.7/site-packages/airflow/example_dags/example_xcomargs.py
[2022-09-25T14:25:20.412+0000] {processor.py:650} INFO - DAG(s) dict_keys(['example_xcom_args', 'example_xcom_args_with_operators']) retrieved from /home/airflow/.local/lib/python3.7/site-packages/airflow/example_dags/example_xcomargs.py
[2022-09-25T14:25:20.537+0000] {logging_mixin.py:115} INFO - [2022-09-25T14:25:20.537+0000] {dag.py:2429} INFO - Sync 2 DAGs
[2022-09-25T14:25:20.571+0000] {logging_mixin.py:115} INFO - [2022-09-25T14:25:20.570+0000] {dag.py:2981} INFO - Setting next_dagrun for example_xcom_args to None, run_after=None
[2022-09-25T14:25:20.572+0000] {logging_mixin.py:115} INFO - [2022-09-25T14:25:20.572+0000] {dag.py:2981} INFO - Setting next_dagrun for example_xcom_args_with_operators to None, run_after=None
[2022-09-25T14:25:20.599+0000] {processor.py:161} INFO - Processing /home/airflow/.local/lib/python3.7/site-packages/airflow/example_dags/example_xcomargs.py took 0.253 seconds
[2022-09-25T14:25:51.997+0000] {processor.py:153} INFO - Started process (PID=1751) to work on /home/airflow/.local/lib/python3.7/site-packages/airflow/example_dags/example_xcomargs.py
[2022-09-25T14:25:51.999+0000] {processor.py:640} INFO - Processing file /home/airflow/.local/lib/python3.7/site-packages/airflow/example_dags/example_xcomargs.py for tasks to queue
[2022-09-25T14:25:52.001+0000] {logging_mixin.py:115} INFO - [2022-09-25T14:25:52.001+0000] {dagbag.py:508} INFO - Filling up the DagBag from /home/airflow/.local/lib/python3.7/site-packages/airflow/example_dags/example_xcomargs.py
[2022-09-25T14:25:52.041+0000] {processor.py:650} INFO - DAG(s) dict_keys(['example_xcom_args', 'example_xcom_args_with_operators']) retrieved from /home/airflow/.local/lib/python3.7/site-packages/airflow/example_dags/example_xcomargs.py
[2022-09-25T14:25:52.110+0000] {logging_mixin.py:115} INFO - [2022-09-25T14:25:52.110+0000] {dag.py:2429} INFO - Sync 2 DAGs
[2022-09-25T14:25:52.177+0000] {logging_mixin.py:115} INFO - [2022-09-25T14:25:52.177+0000] {dag.py:2981} INFO - Setting next_dagrun for example_xcom_args to None, run_after=None
[2022-09-25T14:25:52.180+0000] {logging_mixin.py:115} INFO - [2022-09-25T14:25:52.179+0000] {dag.py:2981} INFO - Setting next_dagrun for example_xcom_args_with_operators to None, run_after=None
[2022-09-25T14:25:52.205+0000] {processor.py:161} INFO - Processing /home/airflow/.local/lib/python3.7/site-packages/airflow/example_dags/example_xcomargs.py took 0.216 seconds
[2022-09-25T14:26:22.589+0000] {processor.py:153} INFO - Started process (PID=1956) to work on /home/airflow/.local/lib/python3.7/site-packages/airflow/example_dags/example_xcomargs.py
[2022-09-25T14:26:22.591+0000] {processor.py:640} INFO - Processing file /home/airflow/.local/lib/python3.7/site-packages/airflow/example_dags/example_xcomargs.py for tasks to queue
[2022-09-25T14:26:22.593+0000] {logging_mixin.py:115} INFO - [2022-09-25T14:26:22.593+0000] {dagbag.py:508} INFO - Filling up the DagBag from /home/airflow/.local/lib/python3.7/site-packages/airflow/example_dags/example_xcomargs.py
[2022-09-25T14:26:22.627+0000] {processor.py:650} INFO - DAG(s) dict_keys(['example_xcom_args', 'example_xcom_args_with_operators']) retrieved from /home/airflow/.local/lib/python3.7/site-packages/airflow/example_dags/example_xcomargs.py
[2022-09-25T14:26:22.754+0000] {logging_mixin.py:115} INFO - [2022-09-25T14:26:22.753+0000] {dag.py:2429} INFO - Sync 2 DAGs
[2022-09-25T14:26:22.814+0000] {logging_mixin.py:115} INFO - [2022-09-25T14:26:22.814+0000] {dag.py:2981} INFO - Setting next_dagrun for example_xcom_args to None, run_after=None
[2022-09-25T14:26:22.817+0000] {logging_mixin.py:115} INFO - [2022-09-25T14:26:22.816+0000] {dag.py:2981} INFO - Setting next_dagrun for example_xcom_args_with_operators to None, run_after=None
[2022-09-25T14:26:22.849+0000] {processor.py:161} INFO - Processing /home/airflow/.local/lib/python3.7/site-packages/airflow/example_dags/example_xcomargs.py took 0.265 seconds
[2022-09-25T14:26:54.057+0000] {processor.py:153} INFO - Started process (PID=2171) to work on /home/airflow/.local/lib/python3.7/site-packages/airflow/example_dags/example_xcomargs.py
[2022-09-25T14:26:54.059+0000] {processor.py:640} INFO - Processing file /home/airflow/.local/lib/python3.7/site-packages/airflow/example_dags/example_xcomargs.py for tasks to queue
[2022-09-25T14:26:54.061+0000] {logging_mixin.py:115} INFO - [2022-09-25T14:26:54.061+0000] {dagbag.py:508} INFO - Filling up the DagBag from /home/airflow/.local/lib/python3.7/site-packages/airflow/example_dags/example_xcomargs.py
[2022-09-25T14:26:54.100+0000] {processor.py:650} INFO - DAG(s) dict_keys(['example_xcom_args', 'example_xcom_args_with_operators']) retrieved from /home/airflow/.local/lib/python3.7/site-packages/airflow/example_dags/example_xcomargs.py
[2022-09-25T14:26:54.241+0000] {logging_mixin.py:115} INFO - [2022-09-25T14:26:54.241+0000] {dag.py:2429} INFO - Sync 2 DAGs
[2022-09-25T14:26:54.276+0000] {logging_mixin.py:115} INFO - [2022-09-25T14:26:54.275+0000] {dag.py:2981} INFO - Setting next_dagrun for example_xcom_args to None, run_after=None
[2022-09-25T14:26:54.277+0000] {logging_mixin.py:115} INFO - [2022-09-25T14:26:54.277+0000] {dag.py:2981} INFO - Setting next_dagrun for example_xcom_args_with_operators to None, run_after=None
[2022-09-25T14:26:54.309+0000] {processor.py:161} INFO - Processing /home/airflow/.local/lib/python3.7/site-packages/airflow/example_dags/example_xcomargs.py took 0.262 seconds
[2022-09-25T14:27:25.128+0000] {processor.py:153} INFO - Started process (PID=2375) to work on /home/airflow/.local/lib/python3.7/site-packages/airflow/example_dags/example_xcomargs.py
[2022-09-25T14:27:25.130+0000] {processor.py:640} INFO - Processing file /home/airflow/.local/lib/python3.7/site-packages/airflow/example_dags/example_xcomargs.py for tasks to queue
[2022-09-25T14:27:25.132+0000] {logging_mixin.py:115} INFO - [2022-09-25T14:27:25.132+0000] {dagbag.py:508} INFO - Filling up the DagBag from /home/airflow/.local/lib/python3.7/site-packages/airflow/example_dags/example_xcomargs.py
[2022-09-25T14:27:25.170+0000] {processor.py:650} INFO - DAG(s) dict_keys(['example_xcom_args', 'example_xcom_args_with_operators']) retrieved from /home/airflow/.local/lib/python3.7/site-packages/airflow/example_dags/example_xcomargs.py
[2022-09-25T14:27:25.220+0000] {logging_mixin.py:115} INFO - [2022-09-25T14:27:25.220+0000] {dag.py:2429} INFO - Sync 2 DAGs
[2022-09-25T14:27:25.260+0000] {logging_mixin.py:115} INFO - [2022-09-25T14:27:25.259+0000] {dag.py:2981} INFO - Setting next_dagrun for example_xcom_args to None, run_after=None
[2022-09-25T14:27:25.261+0000] {logging_mixin.py:115} INFO - [2022-09-25T14:27:25.261+0000] {dag.py:2981} INFO - Setting next_dagrun for example_xcom_args_with_operators to None, run_after=None
[2022-09-25T14:27:25.285+0000] {processor.py:161} INFO - Processing /home/airflow/.local/lib/python3.7/site-packages/airflow/example_dags/example_xcomargs.py took 0.164 seconds
[2022-09-25T14:27:55.968+0000] {processor.py:153} INFO - Started process (PID=2588) to work on /home/airflow/.local/lib/python3.7/site-packages/airflow/example_dags/example_xcomargs.py
[2022-09-25T14:27:55.970+0000] {processor.py:640} INFO - Processing file /home/airflow/.local/lib/python3.7/site-packages/airflow/example_dags/example_xcomargs.py for tasks to queue
[2022-09-25T14:27:55.972+0000] {logging_mixin.py:115} INFO - [2022-09-25T14:27:55.972+0000] {dagbag.py:508} INFO - Filling up the DagBag from /home/airflow/.local/lib/python3.7/site-packages/airflow/example_dags/example_xcomargs.py
[2022-09-25T14:27:56.007+0000] {processor.py:650} INFO - DAG(s) dict_keys(['example_xcom_args', 'example_xcom_args_with_operators']) retrieved from /home/airflow/.local/lib/python3.7/site-packages/airflow/example_dags/example_xcomargs.py
[2022-09-25T14:27:56.061+0000] {logging_mixin.py:115} INFO - [2022-09-25T14:27:56.061+0000] {dag.py:2429} INFO - Sync 2 DAGs
[2022-09-25T14:27:56.101+0000] {logging_mixin.py:115} INFO - [2022-09-25T14:27:56.101+0000] {dag.py:2981} INFO - Setting next_dagrun for example_xcom_args to None, run_after=None
[2022-09-25T14:27:56.103+0000] {logging_mixin.py:115} INFO - [2022-09-25T14:27:56.103+0000] {dag.py:2981} INFO - Setting next_dagrun for example_xcom_args_with_operators to None, run_after=None
[2022-09-25T14:27:56.125+0000] {processor.py:161} INFO - Processing /home/airflow/.local/lib/python3.7/site-packages/airflow/example_dags/example_xcomargs.py took 0.163 seconds
[2022-09-25T14:28:27.659+0000] {processor.py:153} INFO - Started process (PID=2793) to work on /home/airflow/.local/lib/python3.7/site-packages/airflow/example_dags/example_xcomargs.py
[2022-09-25T14:28:27.663+0000] {processor.py:640} INFO - Processing file /home/airflow/.local/lib/python3.7/site-packages/airflow/example_dags/example_xcomargs.py for tasks to queue
[2022-09-25T14:28:27.667+0000] {logging_mixin.py:115} INFO - [2022-09-25T14:28:27.667+0000] {dagbag.py:508} INFO - Filling up the DagBag from /home/airflow/.local/lib/python3.7/site-packages/airflow/example_dags/example_xcomargs.py
[2022-09-25T14:28:27.717+0000] {processor.py:650} INFO - DAG(s) dict_keys(['example_xcom_args', 'example_xcom_args_with_operators']) retrieved from /home/airflow/.local/lib/python3.7/site-packages/airflow/example_dags/example_xcomargs.py
[2022-09-25T14:28:27.898+0000] {logging_mixin.py:115} INFO - [2022-09-25T14:28:27.898+0000] {dag.py:2429} INFO - Sync 2 DAGs
[2022-09-25T14:28:27.936+0000] {logging_mixin.py:115} INFO - [2022-09-25T14:28:27.936+0000] {dag.py:2981} INFO - Setting next_dagrun for example_xcom_args to None, run_after=None
[2022-09-25T14:28:27.939+0000] {logging_mixin.py:115} INFO - [2022-09-25T14:28:27.939+0000] {dag.py:2981} INFO - Setting next_dagrun for example_xcom_args_with_operators to None, run_after=None
[2022-09-25T14:28:27.973+0000] {processor.py:161} INFO - Processing /home/airflow/.local/lib/python3.7/site-packages/airflow/example_dags/example_xcomargs.py took 0.320 seconds
[2022-09-25T14:28:58.962+0000] {processor.py:153} INFO - Started process (PID=3007) to work on /home/airflow/.local/lib/python3.7/site-packages/airflow/example_dags/example_xcomargs.py
[2022-09-25T14:28:58.964+0000] {processor.py:640} INFO - Processing file /home/airflow/.local/lib/python3.7/site-packages/airflow/example_dags/example_xcomargs.py for tasks to queue
[2022-09-25T14:28:58.966+0000] {logging_mixin.py:115} INFO - [2022-09-25T14:28:58.966+0000] {dagbag.py:508} INFO - Filling up the DagBag from /home/airflow/.local/lib/python3.7/site-packages/airflow/example_dags/example_xcomargs.py
[2022-09-25T14:28:59.003+0000] {processor.py:650} INFO - DAG(s) dict_keys(['example_xcom_args', 'example_xcom_args_with_operators']) retrieved from /home/airflow/.local/lib/python3.7/site-packages/airflow/example_dags/example_xcomargs.py
[2022-09-25T14:28:59.108+0000] {logging_mixin.py:115} INFO - [2022-09-25T14:28:59.108+0000] {dag.py:2429} INFO - Sync 2 DAGs
[2022-09-25T14:28:59.145+0000] {logging_mixin.py:115} INFO - [2022-09-25T14:28:59.145+0000] {dag.py:2981} INFO - Setting next_dagrun for example_xcom_args to None, run_after=None
[2022-09-25T14:28:59.147+0000] {logging_mixin.py:115} INFO - [2022-09-25T14:28:59.146+0000] {dag.py:2981} INFO - Setting next_dagrun for example_xcom_args_with_operators to None, run_after=None
[2022-09-25T14:28:59.171+0000] {processor.py:161} INFO - Processing /home/airflow/.local/lib/python3.7/site-packages/airflow/example_dags/example_xcomargs.py took 0.215 seconds
[2022-09-25T14:29:30.350+0000] {processor.py:153} INFO - Started process (PID=3219) to work on /home/airflow/.local/lib/python3.7/site-packages/airflow/example_dags/example_xcomargs.py
[2022-09-25T14:29:30.353+0000] {processor.py:640} INFO - Processing file /home/airflow/.local/lib/python3.7/site-packages/airflow/example_dags/example_xcomargs.py for tasks to queue
[2022-09-25T14:29:30.356+0000] {logging_mixin.py:115} INFO - [2022-09-25T14:29:30.356+0000] {dagbag.py:508} INFO - Filling up the DagBag from /home/airflow/.local/lib/python3.7/site-packages/airflow/example_dags/example_xcomargs.py
[2022-09-25T14:29:30.429+0000] {processor.py:650} INFO - DAG(s) dict_keys(['example_xcom_args', 'example_xcom_args_with_operators']) retrieved from /home/airflow/.local/lib/python3.7/site-packages/airflow/example_dags/example_xcomargs.py
[2022-09-25T14:29:30.496+0000] {logging_mixin.py:115} INFO - [2022-09-25T14:29:30.496+0000] {dag.py:2429} INFO - Sync 2 DAGs
[2022-09-25T14:29:30.543+0000] {logging_mixin.py:115} INFO - [2022-09-25T14:29:30.542+0000] {dag.py:2981} INFO - Setting next_dagrun for example_xcom_args to None, run_after=None
[2022-09-25T14:29:30.546+0000] {logging_mixin.py:115} INFO - [2022-09-25T14:29:30.546+0000] {dag.py:2981} INFO - Setting next_dagrun for example_xcom_args_with_operators to None, run_after=None
[2022-09-25T14:29:30.569+0000] {processor.py:161} INFO - Processing /home/airflow/.local/lib/python3.7/site-packages/airflow/example_dags/example_xcomargs.py took 0.226 seconds
[2022-09-25T14:30:00.792+0000] {processor.py:153} INFO - Started process (PID=3427) to work on /home/airflow/.local/lib/python3.7/site-packages/airflow/example_dags/example_xcomargs.py
[2022-09-25T14:30:00.794+0000] {processor.py:640} INFO - Processing file /home/airflow/.local/lib/python3.7/site-packages/airflow/example_dags/example_xcomargs.py for tasks to queue
[2022-09-25T14:30:00.795+0000] {logging_mixin.py:115} INFO - [2022-09-25T14:30:00.795+0000] {dagbag.py:508} INFO - Filling up the DagBag from /home/airflow/.local/lib/python3.7/site-packages/airflow/example_dags/example_xcomargs.py
[2022-09-25T14:30:00.831+0000] {processor.py:650} INFO - DAG(s) dict_keys(['example_xcom_args', 'example_xcom_args_with_operators']) retrieved from /home/airflow/.local/lib/python3.7/site-packages/airflow/example_dags/example_xcomargs.py
[2022-09-25T14:30:00.942+0000] {logging_mixin.py:115} INFO - [2022-09-25T14:30:00.942+0000] {dag.py:2429} INFO - Sync 2 DAGs
[2022-09-25T14:30:00.975+0000] {logging_mixin.py:115} INFO - [2022-09-25T14:30:00.975+0000] {dag.py:2981} INFO - Setting next_dagrun for example_xcom_args to None, run_after=None
[2022-09-25T14:30:00.977+0000] {logging_mixin.py:115} INFO - [2022-09-25T14:30:00.976+0000] {dag.py:2981} INFO - Setting next_dagrun for example_xcom_args_with_operators to None, run_after=None
[2022-09-25T14:30:01.001+0000] {processor.py:161} INFO - Processing /home/airflow/.local/lib/python3.7/site-packages/airflow/example_dags/example_xcomargs.py took 0.215 seconds
[2022-09-25T14:30:32.419+0000] {processor.py:153} INFO - Started process (PID=3639) to work on /home/airflow/.local/lib/python3.7/site-packages/airflow/example_dags/example_xcomargs.py
[2022-09-25T14:30:32.422+0000] {processor.py:640} INFO - Processing file /home/airflow/.local/lib/python3.7/site-packages/airflow/example_dags/example_xcomargs.py for tasks to queue
[2022-09-25T14:30:32.425+0000] {logging_mixin.py:115} INFO - [2022-09-25T14:30:32.425+0000] {dagbag.py:508} INFO - Filling up the DagBag from /home/airflow/.local/lib/python3.7/site-packages/airflow/example_dags/example_xcomargs.py
[2022-09-25T14:30:32.482+0000] {processor.py:650} INFO - DAG(s) dict_keys(['example_xcom_args', 'example_xcom_args_with_operators']) retrieved from /home/airflow/.local/lib/python3.7/site-packages/airflow/example_dags/example_xcomargs.py
[2022-09-25T14:30:32.563+0000] {logging_mixin.py:115} INFO - [2022-09-25T14:30:32.562+0000] {dag.py:2429} INFO - Sync 2 DAGs
[2022-09-25T14:30:32.611+0000] {logging_mixin.py:115} INFO - [2022-09-25T14:30:32.611+0000] {dag.py:2981} INFO - Setting next_dagrun for example_xcom_args to None, run_after=None
[2022-09-25T14:30:32.613+0000] {logging_mixin.py:115} INFO - [2022-09-25T14:30:32.612+0000] {dag.py:2981} INFO - Setting next_dagrun for example_xcom_args_with_operators to None, run_after=None
[2022-09-25T14:30:32.649+0000] {processor.py:161} INFO - Processing /home/airflow/.local/lib/python3.7/site-packages/airflow/example_dags/example_xcomargs.py took 0.241 seconds
[2022-09-25T14:31:04.219+0000] {processor.py:153} INFO - Started process (PID=3846) to work on /home/airflow/.local/lib/python3.7/site-packages/airflow/example_dags/example_xcomargs.py
[2022-09-25T14:31:04.223+0000] {processor.py:640} INFO - Processing file /home/airflow/.local/lib/python3.7/site-packages/airflow/example_dags/example_xcomargs.py for tasks to queue
[2022-09-25T14:31:04.227+0000] {logging_mixin.py:115} INFO - [2022-09-25T14:31:04.226+0000] {dagbag.py:508} INFO - Filling up the DagBag from /home/airflow/.local/lib/python3.7/site-packages/airflow/example_dags/example_xcomargs.py
[2022-09-25T14:31:04.281+0000] {processor.py:650} INFO - DAG(s) dict_keys(['example_xcom_args', 'example_xcom_args_with_operators']) retrieved from /home/airflow/.local/lib/python3.7/site-packages/airflow/example_dags/example_xcomargs.py
[2022-09-25T14:31:04.358+0000] {logging_mixin.py:115} INFO - [2022-09-25T14:31:04.358+0000] {dag.py:2429} INFO - Sync 2 DAGs
[2022-09-25T14:31:04.397+0000] {logging_mixin.py:115} INFO - [2022-09-25T14:31:04.397+0000] {dag.py:2981} INFO - Setting next_dagrun for example_xcom_args to None, run_after=None
[2022-09-25T14:31:04.399+0000] {logging_mixin.py:115} INFO - [2022-09-25T14:31:04.399+0000] {dag.py:2981} INFO - Setting next_dagrun for example_xcom_args_with_operators to None, run_after=None
[2022-09-25T14:31:04.427+0000] {processor.py:161} INFO - Processing /home/airflow/.local/lib/python3.7/site-packages/airflow/example_dags/example_xcomargs.py took 0.216 seconds
[2022-09-25T14:31:35.142+0000] {processor.py:153} INFO - Started process (PID=4052) to work on /home/airflow/.local/lib/python3.7/site-packages/airflow/example_dags/example_xcomargs.py
[2022-09-25T14:31:35.145+0000] {processor.py:640} INFO - Processing file /home/airflow/.local/lib/python3.7/site-packages/airflow/example_dags/example_xcomargs.py for tasks to queue
[2022-09-25T14:31:35.146+0000] {logging_mixin.py:115} INFO - [2022-09-25T14:31:35.146+0000] {dagbag.py:508} INFO - Filling up the DagBag from /home/airflow/.local/lib/python3.7/site-packages/airflow/example_dags/example_xcomargs.py
[2022-09-25T14:31:35.187+0000] {processor.py:650} INFO - DAG(s) dict_keys(['example_xcom_args', 'example_xcom_args_with_operators']) retrieved from /home/airflow/.local/lib/python3.7/site-packages/airflow/example_dags/example_xcomargs.py
[2022-09-25T14:31:35.313+0000] {logging_mixin.py:115} INFO - [2022-09-25T14:31:35.313+0000] {dag.py:2429} INFO - Sync 2 DAGs
[2022-09-25T14:31:35.348+0000] {logging_mixin.py:115} INFO - [2022-09-25T14:31:35.348+0000] {dag.py:2981} INFO - Setting next_dagrun for example_xcom_args to None, run_after=None
[2022-09-25T14:31:35.350+0000] {logging_mixin.py:115} INFO - [2022-09-25T14:31:35.350+0000] {dag.py:2981} INFO - Setting next_dagrun for example_xcom_args_with_operators to None, run_after=None
[2022-09-25T14:31:35.392+0000] {processor.py:161} INFO - Processing /home/airflow/.local/lib/python3.7/site-packages/airflow/example_dags/example_xcomargs.py took 0.254 seconds
[2022-09-25T14:32:05.743+0000] {processor.py:153} INFO - Started process (PID=4265) to work on /home/airflow/.local/lib/python3.7/site-packages/airflow/example_dags/example_xcomargs.py
[2022-09-25T14:32:05.746+0000] {processor.py:640} INFO - Processing file /home/airflow/.local/lib/python3.7/site-packages/airflow/example_dags/example_xcomargs.py for tasks to queue
[2022-09-25T14:32:05.748+0000] {logging_mixin.py:115} INFO - [2022-09-25T14:32:05.748+0000] {dagbag.py:508} INFO - Filling up the DagBag from /home/airflow/.local/lib/python3.7/site-packages/airflow/example_dags/example_xcomargs.py
[2022-09-25T14:32:05.796+0000] {processor.py:650} INFO - DAG(s) dict_keys(['example_xcom_args', 'example_xcom_args_with_operators']) retrieved from /home/airflow/.local/lib/python3.7/site-packages/airflow/example_dags/example_xcomargs.py
[2022-09-25T14:32:05.996+0000] {logging_mixin.py:115} INFO - [2022-09-25T14:32:05.995+0000] {dag.py:2429} INFO - Sync 2 DAGs
[2022-09-25T14:32:06.034+0000] {logging_mixin.py:115} INFO - [2022-09-25T14:32:06.034+0000] {dag.py:2981} INFO - Setting next_dagrun for example_xcom_args to None, run_after=None
[2022-09-25T14:32:06.036+0000] {logging_mixin.py:115} INFO - [2022-09-25T14:32:06.036+0000] {dag.py:2981} INFO - Setting next_dagrun for example_xcom_args_with_operators to None, run_after=None
[2022-09-25T14:32:06.062+0000] {processor.py:161} INFO - Processing /home/airflow/.local/lib/python3.7/site-packages/airflow/example_dags/example_xcomargs.py took 0.325 seconds
[2022-09-25T14:32:37.232+0000] {processor.py:153} INFO - Started process (PID=4470) to work on /home/airflow/.local/lib/python3.7/site-packages/airflow/example_dags/example_xcomargs.py
[2022-09-25T14:32:37.235+0000] {processor.py:640} INFO - Processing file /home/airflow/.local/lib/python3.7/site-packages/airflow/example_dags/example_xcomargs.py for tasks to queue
[2022-09-25T14:32:37.237+0000] {logging_mixin.py:115} INFO - [2022-09-25T14:32:37.237+0000] {dagbag.py:508} INFO - Filling up the DagBag from /home/airflow/.local/lib/python3.7/site-packages/airflow/example_dags/example_xcomargs.py
[2022-09-25T14:32:37.270+0000] {processor.py:650} INFO - DAG(s) dict_keys(['example_xcom_args', 'example_xcom_args_with_operators']) retrieved from /home/airflow/.local/lib/python3.7/site-packages/airflow/example_dags/example_xcomargs.py
[2022-09-25T14:32:37.396+0000] {logging_mixin.py:115} INFO - [2022-09-25T14:32:37.396+0000] {dag.py:2429} INFO - Sync 2 DAGs
[2022-09-25T14:32:37.430+0000] {logging_mixin.py:115} INFO - [2022-09-25T14:32:37.429+0000] {dag.py:2981} INFO - Setting next_dagrun for example_xcom_args to None, run_after=None
[2022-09-25T14:32:37.431+0000] {logging_mixin.py:115} INFO - [2022-09-25T14:32:37.431+0000] {dag.py:2981} INFO - Setting next_dagrun for example_xcom_args_with_operators to None, run_after=None
[2022-09-25T14:32:37.457+0000] {processor.py:161} INFO - Processing /home/airflow/.local/lib/python3.7/site-packages/airflow/example_dags/example_xcomargs.py took 0.234 seconds
[2022-09-25T14:33:08.143+0000] {processor.py:153} INFO - Started process (PID=4686) to work on /home/airflow/.local/lib/python3.7/site-packages/airflow/example_dags/example_xcomargs.py
[2022-09-25T14:33:08.147+0000] {processor.py:640} INFO - Processing file /home/airflow/.local/lib/python3.7/site-packages/airflow/example_dags/example_xcomargs.py for tasks to queue
[2022-09-25T14:33:08.151+0000] {logging_mixin.py:115} INFO - [2022-09-25T14:33:08.151+0000] {dagbag.py:508} INFO - Filling up the DagBag from /home/airflow/.local/lib/python3.7/site-packages/airflow/example_dags/example_xcomargs.py
[2022-09-25T14:33:08.197+0000] {processor.py:650} INFO - DAG(s) dict_keys(['example_xcom_args', 'example_xcom_args_with_operators']) retrieved from /home/airflow/.local/lib/python3.7/site-packages/airflow/example_dags/example_xcomargs.py
[2022-09-25T14:33:08.349+0000] {logging_mixin.py:115} INFO - [2022-09-25T14:33:08.349+0000] {dag.py:2429} INFO - Sync 2 DAGs
[2022-09-25T14:33:08.387+0000] {logging_mixin.py:115} INFO - [2022-09-25T14:33:08.386+0000] {dag.py:2981} INFO - Setting next_dagrun for example_xcom_args to None, run_after=None
[2022-09-25T14:33:08.389+0000] {logging_mixin.py:115} INFO - [2022-09-25T14:33:08.389+0000] {dag.py:2981} INFO - Setting next_dagrun for example_xcom_args_with_operators to None, run_after=None
[2022-09-25T14:33:08.419+0000] {processor.py:161} INFO - Processing /home/airflow/.local/lib/python3.7/site-packages/airflow/example_dags/example_xcomargs.py took 0.282 seconds
[2022-09-25T14:33:39.598+0000] {processor.py:153} INFO - Started process (PID=4892) to work on /home/airflow/.local/lib/python3.7/site-packages/airflow/example_dags/example_xcomargs.py
[2022-09-25T14:33:39.601+0000] {processor.py:640} INFO - Processing file /home/airflow/.local/lib/python3.7/site-packages/airflow/example_dags/example_xcomargs.py for tasks to queue
[2022-09-25T14:33:39.603+0000] {logging_mixin.py:115} INFO - [2022-09-25T14:33:39.603+0000] {dagbag.py:508} INFO - Filling up the DagBag from /home/airflow/.local/lib/python3.7/site-packages/airflow/example_dags/example_xcomargs.py
[2022-09-25T14:33:39.644+0000] {processor.py:650} INFO - DAG(s) dict_keys(['example_xcom_args', 'example_xcom_args_with_operators']) retrieved from /home/airflow/.local/lib/python3.7/site-packages/airflow/example_dags/example_xcomargs.py
[2022-09-25T14:33:39.797+0000] {logging_mixin.py:115} INFO - [2022-09-25T14:33:39.796+0000] {dag.py:2429} INFO - Sync 2 DAGs
[2022-09-25T14:33:39.855+0000] {logging_mixin.py:115} INFO - [2022-09-25T14:33:39.855+0000] {dag.py:2981} INFO - Setting next_dagrun for example_xcom_args to None, run_after=None
[2022-09-25T14:33:39.857+0000] {logging_mixin.py:115} INFO - [2022-09-25T14:33:39.857+0000] {dag.py:2981} INFO - Setting next_dagrun for example_xcom_args_with_operators to None, run_after=None
[2022-09-25T14:33:39.903+0000] {processor.py:161} INFO - Processing /home/airflow/.local/lib/python3.7/site-packages/airflow/example_dags/example_xcomargs.py took 0.311 seconds
[2022-09-25T14:34:10.139+0000] {processor.py:153} INFO - Started process (PID=5106) to work on /home/airflow/.local/lib/python3.7/site-packages/airflow/example_dags/example_xcomargs.py
[2022-09-25T14:34:10.141+0000] {processor.py:640} INFO - Processing file /home/airflow/.local/lib/python3.7/site-packages/airflow/example_dags/example_xcomargs.py for tasks to queue
[2022-09-25T14:34:10.143+0000] {logging_mixin.py:115} INFO - [2022-09-25T14:34:10.143+0000] {dagbag.py:508} INFO - Filling up the DagBag from /home/airflow/.local/lib/python3.7/site-packages/airflow/example_dags/example_xcomargs.py
[2022-09-25T14:34:10.178+0000] {processor.py:650} INFO - DAG(s) dict_keys(['example_xcom_args', 'example_xcom_args_with_operators']) retrieved from /home/airflow/.local/lib/python3.7/site-packages/airflow/example_dags/example_xcomargs.py
[2022-09-25T14:34:10.331+0000] {logging_mixin.py:115} INFO - [2022-09-25T14:34:10.330+0000] {dag.py:2429} INFO - Sync 2 DAGs
[2022-09-25T14:34:10.366+0000] {logging_mixin.py:115} INFO - [2022-09-25T14:34:10.366+0000] {dag.py:2981} INFO - Setting next_dagrun for example_xcom_args to None, run_after=None
[2022-09-25T14:34:10.368+0000] {logging_mixin.py:115} INFO - [2022-09-25T14:34:10.368+0000] {dag.py:2981} INFO - Setting next_dagrun for example_xcom_args_with_operators to None, run_after=None
[2022-09-25T14:34:10.394+0000] {processor.py:161} INFO - Processing /home/airflow/.local/lib/python3.7/site-packages/airflow/example_dags/example_xcomargs.py took 0.261 seconds
[2022-09-25T14:34:40.992+0000] {processor.py:153} INFO - Started process (PID=5314) to work on /home/airflow/.local/lib/python3.7/site-packages/airflow/example_dags/example_xcomargs.py
[2022-09-25T14:34:40.994+0000] {processor.py:640} INFO - Processing file /home/airflow/.local/lib/python3.7/site-packages/airflow/example_dags/example_xcomargs.py for tasks to queue
[2022-09-25T14:34:40.996+0000] {logging_mixin.py:115} INFO - [2022-09-25T14:34:40.996+0000] {dagbag.py:508} INFO - Filling up the DagBag from /home/airflow/.local/lib/python3.7/site-packages/airflow/example_dags/example_xcomargs.py
[2022-09-25T14:34:41.032+0000] {processor.py:650} INFO - DAG(s) dict_keys(['example_xcom_args', 'example_xcom_args_with_operators']) retrieved from /home/airflow/.local/lib/python3.7/site-packages/airflow/example_dags/example_xcomargs.py
[2022-09-25T14:34:41.137+0000] {logging_mixin.py:115} INFO - [2022-09-25T14:34:41.137+0000] {dag.py:2429} INFO - Sync 2 DAGs
[2022-09-25T14:34:41.204+0000] {logging_mixin.py:115} INFO - [2022-09-25T14:34:41.203+0000] {dag.py:2981} INFO - Setting next_dagrun for example_xcom_args to None, run_after=None
[2022-09-25T14:34:41.213+0000] {logging_mixin.py:115} INFO - [2022-09-25T14:34:41.213+0000] {dag.py:2981} INFO - Setting next_dagrun for example_xcom_args_with_operators to None, run_after=None
[2022-09-25T14:34:41.385+0000] {processor.py:161} INFO - Processing /home/airflow/.local/lib/python3.7/site-packages/airflow/example_dags/example_xcomargs.py took 0.398 seconds
[2022-09-25T14:35:12.292+0000] {processor.py:153} INFO - Started process (PID=5527) to work on /home/airflow/.local/lib/python3.7/site-packages/airflow/example_dags/example_xcomargs.py
[2022-09-25T14:35:12.295+0000] {processor.py:640} INFO - Processing file /home/airflow/.local/lib/python3.7/site-packages/airflow/example_dags/example_xcomargs.py for tasks to queue
[2022-09-25T14:35:12.297+0000] {logging_mixin.py:115} INFO - [2022-09-25T14:35:12.297+0000] {dagbag.py:508} INFO - Filling up the DagBag from /home/airflow/.local/lib/python3.7/site-packages/airflow/example_dags/example_xcomargs.py
[2022-09-25T14:35:12.339+0000] {processor.py:650} INFO - DAG(s) dict_keys(['example_xcom_args', 'example_xcom_args_with_operators']) retrieved from /home/airflow/.local/lib/python3.7/site-packages/airflow/example_dags/example_xcomargs.py
[2022-09-25T14:35:12.506+0000] {logging_mixin.py:115} INFO - [2022-09-25T14:35:12.506+0000] {dag.py:2429} INFO - Sync 2 DAGs
[2022-09-25T14:35:12.559+0000] {logging_mixin.py:115} INFO - [2022-09-25T14:35:12.558+0000] {dag.py:2981} INFO - Setting next_dagrun for example_xcom_args to None, run_after=None
[2022-09-25T14:35:12.562+0000] {logging_mixin.py:115} INFO - [2022-09-25T14:35:12.562+0000] {dag.py:2981} INFO - Setting next_dagrun for example_xcom_args_with_operators to None, run_after=None
[2022-09-25T14:35:12.600+0000] {processor.py:161} INFO - Processing /home/airflow/.local/lib/python3.7/site-packages/airflow/example_dags/example_xcomargs.py took 0.316 seconds
[2022-09-25T14:35:42.924+0000] {processor.py:153} INFO - Started process (PID=5731) to work on /home/airflow/.local/lib/python3.7/site-packages/airflow/example_dags/example_xcomargs.py
[2022-09-25T14:35:42.928+0000] {processor.py:640} INFO - Processing file /home/airflow/.local/lib/python3.7/site-packages/airflow/example_dags/example_xcomargs.py for tasks to queue
[2022-09-25T14:35:42.930+0000] {logging_mixin.py:115} INFO - [2022-09-25T14:35:42.930+0000] {dagbag.py:508} INFO - Filling up the DagBag from /home/airflow/.local/lib/python3.7/site-packages/airflow/example_dags/example_xcomargs.py
[2022-09-25T14:35:42.973+0000] {processor.py:650} INFO - DAG(s) dict_keys(['example_xcom_args', 'example_xcom_args_with_operators']) retrieved from /home/airflow/.local/lib/python3.7/site-packages/airflow/example_dags/example_xcomargs.py
[2022-09-25T14:35:43.098+0000] {logging_mixin.py:115} INFO - [2022-09-25T14:35:43.098+0000] {dag.py:2429} INFO - Sync 2 DAGs
[2022-09-25T14:35:43.132+0000] {logging_mixin.py:115} INFO - [2022-09-25T14:35:43.132+0000] {dag.py:2981} INFO - Setting next_dagrun for example_xcom_args to None, run_after=None
[2022-09-25T14:35:43.134+0000] {logging_mixin.py:115} INFO - [2022-09-25T14:35:43.134+0000] {dag.py:2981} INFO - Setting next_dagrun for example_xcom_args_with_operators to None, run_after=None
[2022-09-25T14:35:43.160+0000] {processor.py:161} INFO - Processing /home/airflow/.local/lib/python3.7/site-packages/airflow/example_dags/example_xcomargs.py took 0.245 seconds
[2022-09-25T14:36:13.504+0000] {processor.py:153} INFO - Started process (PID=5943) to work on /home/airflow/.local/lib/python3.7/site-packages/airflow/example_dags/example_xcomargs.py
[2022-09-25T14:36:13.510+0000] {processor.py:640} INFO - Processing file /home/airflow/.local/lib/python3.7/site-packages/airflow/example_dags/example_xcomargs.py for tasks to queue
[2022-09-25T14:36:13.512+0000] {logging_mixin.py:115} INFO - [2022-09-25T14:36:13.512+0000] {dagbag.py:508} INFO - Filling up the DagBag from /home/airflow/.local/lib/python3.7/site-packages/airflow/example_dags/example_xcomargs.py
[2022-09-25T14:36:13.549+0000] {processor.py:650} INFO - DAG(s) dict_keys(['example_xcom_args', 'example_xcom_args_with_operators']) retrieved from /home/airflow/.local/lib/python3.7/site-packages/airflow/example_dags/example_xcomargs.py
[2022-09-25T14:36:13.651+0000] {logging_mixin.py:115} INFO - [2022-09-25T14:36:13.651+0000] {dag.py:2429} INFO - Sync 2 DAGs
[2022-09-25T14:36:13.686+0000] {logging_mixin.py:115} INFO - [2022-09-25T14:36:13.686+0000] {dag.py:2981} INFO - Setting next_dagrun for example_xcom_args to None, run_after=None
[2022-09-25T14:36:13.689+0000] {logging_mixin.py:115} INFO - [2022-09-25T14:36:13.688+0000] {dag.py:2981} INFO - Setting next_dagrun for example_xcom_args_with_operators to None, run_after=None
[2022-09-25T14:36:13.713+0000] {processor.py:161} INFO - Processing /home/airflow/.local/lib/python3.7/site-packages/airflow/example_dags/example_xcomargs.py took 0.216 seconds
[2022-09-25T14:36:44.658+0000] {processor.py:153} INFO - Started process (PID=6146) to work on /home/airflow/.local/lib/python3.7/site-packages/airflow/example_dags/example_xcomargs.py
[2022-09-25T14:36:44.660+0000] {processor.py:640} INFO - Processing file /home/airflow/.local/lib/python3.7/site-packages/airflow/example_dags/example_xcomargs.py for tasks to queue
[2022-09-25T14:36:44.663+0000] {logging_mixin.py:115} INFO - [2022-09-25T14:36:44.663+0000] {dagbag.py:508} INFO - Filling up the DagBag from /home/airflow/.local/lib/python3.7/site-packages/airflow/example_dags/example_xcomargs.py
[2022-09-25T14:36:44.694+0000] {processor.py:650} INFO - DAG(s) dict_keys(['example_xcom_args', 'example_xcom_args_with_operators']) retrieved from /home/airflow/.local/lib/python3.7/site-packages/airflow/example_dags/example_xcomargs.py
[2022-09-25T14:36:44.825+0000] {logging_mixin.py:115} INFO - [2022-09-25T14:36:44.825+0000] {dag.py:2429} INFO - Sync 2 DAGs
[2022-09-25T14:36:44.872+0000] {logging_mixin.py:115} INFO - [2022-09-25T14:36:44.872+0000] {dag.py:2981} INFO - Setting next_dagrun for example_xcom_args to None, run_after=None
[2022-09-25T14:36:44.874+0000] {logging_mixin.py:115} INFO - [2022-09-25T14:36:44.874+0000] {dag.py:2981} INFO - Setting next_dagrun for example_xcom_args_with_operators to None, run_after=None
[2022-09-25T14:36:45.086+0000] {processor.py:161} INFO - Processing /home/airflow/.local/lib/python3.7/site-packages/airflow/example_dags/example_xcomargs.py took 0.436 seconds
[2022-09-25T14:37:15.671+0000] {processor.py:153} INFO - Started process (PID=6361) to work on /home/airflow/.local/lib/python3.7/site-packages/airflow/example_dags/example_xcomargs.py
[2022-09-25T14:37:15.674+0000] {processor.py:640} INFO - Processing file /home/airflow/.local/lib/python3.7/site-packages/airflow/example_dags/example_xcomargs.py for tasks to queue
[2022-09-25T14:37:15.676+0000] {logging_mixin.py:115} INFO - [2022-09-25T14:37:15.676+0000] {dagbag.py:508} INFO - Filling up the DagBag from /home/airflow/.local/lib/python3.7/site-packages/airflow/example_dags/example_xcomargs.py
[2022-09-25T14:37:15.713+0000] {processor.py:650} INFO - DAG(s) dict_keys(['example_xcom_args', 'example_xcom_args_with_operators']) retrieved from /home/airflow/.local/lib/python3.7/site-packages/airflow/example_dags/example_xcomargs.py
[2022-09-25T14:37:15.840+0000] {logging_mixin.py:115} INFO - [2022-09-25T14:37:15.840+0000] {dag.py:2429} INFO - Sync 2 DAGs
[2022-09-25T14:37:15.883+0000] {logging_mixin.py:115} INFO - [2022-09-25T14:37:15.883+0000] {dag.py:2981} INFO - Setting next_dagrun for example_xcom_args to None, run_after=None
[2022-09-25T14:37:15.887+0000] {logging_mixin.py:115} INFO - [2022-09-25T14:37:15.886+0000] {dag.py:2981} INFO - Setting next_dagrun for example_xcom_args_with_operators to None, run_after=None
[2022-09-25T14:37:16.099+0000] {processor.py:161} INFO - Processing /home/airflow/.local/lib/python3.7/site-packages/airflow/example_dags/example_xcomargs.py took 0.436 seconds
[2022-09-25T14:37:46.297+0000] {processor.py:153} INFO - Started process (PID=6569) to work on /home/airflow/.local/lib/python3.7/site-packages/airflow/example_dags/example_xcomargs.py
[2022-09-25T14:37:46.300+0000] {processor.py:640} INFO - Processing file /home/airflow/.local/lib/python3.7/site-packages/airflow/example_dags/example_xcomargs.py for tasks to queue
[2022-09-25T14:37:46.301+0000] {logging_mixin.py:115} INFO - [2022-09-25T14:37:46.301+0000] {dagbag.py:508} INFO - Filling up the DagBag from /home/airflow/.local/lib/python3.7/site-packages/airflow/example_dags/example_xcomargs.py
[2022-09-25T14:37:46.330+0000] {processor.py:650} INFO - DAG(s) dict_keys(['example_xcom_args', 'example_xcom_args_with_operators']) retrieved from /home/airflow/.local/lib/python3.7/site-packages/airflow/example_dags/example_xcomargs.py
[2022-09-25T14:37:46.432+0000] {logging_mixin.py:115} INFO - [2022-09-25T14:37:46.432+0000] {dag.py:2429} INFO - Sync 2 DAGs
[2022-09-25T14:37:46.466+0000] {logging_mixin.py:115} INFO - [2022-09-25T14:37:46.465+0000] {dag.py:2981} INFO - Setting next_dagrun for example_xcom_args to None, run_after=None
[2022-09-25T14:37:46.467+0000] {logging_mixin.py:115} INFO - [2022-09-25T14:37:46.467+0000] {dag.py:2981} INFO - Setting next_dagrun for example_xcom_args_with_operators to None, run_after=None
[2022-09-25T14:37:46.662+0000] {processor.py:161} INFO - Processing /home/airflow/.local/lib/python3.7/site-packages/airflow/example_dags/example_xcomargs.py took 0.370 seconds
[2022-09-25T14:38:17.394+0000] {processor.py:153} INFO - Started process (PID=6781) to work on /home/airflow/.local/lib/python3.7/site-packages/airflow/example_dags/example_xcomargs.py
[2022-09-25T14:38:17.397+0000] {processor.py:640} INFO - Processing file /home/airflow/.local/lib/python3.7/site-packages/airflow/example_dags/example_xcomargs.py for tasks to queue
[2022-09-25T14:38:17.399+0000] {logging_mixin.py:115} INFO - [2022-09-25T14:38:17.399+0000] {dagbag.py:508} INFO - Filling up the DagBag from /home/airflow/.local/lib/python3.7/site-packages/airflow/example_dags/example_xcomargs.py
[2022-09-25T14:38:17.431+0000] {processor.py:650} INFO - DAG(s) dict_keys(['example_xcom_args', 'example_xcom_args_with_operators']) retrieved from /home/airflow/.local/lib/python3.7/site-packages/airflow/example_dags/example_xcomargs.py
[2022-09-25T14:38:17.480+0000] {logging_mixin.py:115} INFO - [2022-09-25T14:38:17.480+0000] {dag.py:2429} INFO - Sync 2 DAGs
[2022-09-25T14:38:17.532+0000] {logging_mixin.py:115} INFO - [2022-09-25T14:38:17.532+0000] {dag.py:2981} INFO - Setting next_dagrun for example_xcom_args to None, run_after=None
[2022-09-25T14:38:17.534+0000] {logging_mixin.py:115} INFO - [2022-09-25T14:38:17.534+0000] {dag.py:2981} INFO - Setting next_dagrun for example_xcom_args_with_operators to None, run_after=None
[2022-09-25T14:38:17.563+0000] {processor.py:161} INFO - Processing /home/airflow/.local/lib/python3.7/site-packages/airflow/example_dags/example_xcomargs.py took 0.175 seconds
[2022-09-25T14:38:48.372+0000] {processor.py:153} INFO - Started process (PID=6983) to work on /home/airflow/.local/lib/python3.7/site-packages/airflow/example_dags/example_xcomargs.py
[2022-09-25T14:38:48.382+0000] {processor.py:640} INFO - Processing file /home/airflow/.local/lib/python3.7/site-packages/airflow/example_dags/example_xcomargs.py for tasks to queue
[2022-09-25T14:38:48.390+0000] {logging_mixin.py:115} INFO - [2022-09-25T14:38:48.389+0000] {dagbag.py:508} INFO - Filling up the DagBag from /home/airflow/.local/lib/python3.7/site-packages/airflow/example_dags/example_xcomargs.py
[2022-09-25T14:38:48.479+0000] {processor.py:650} INFO - DAG(s) dict_keys(['example_xcom_args', 'example_xcom_args_with_operators']) retrieved from /home/airflow/.local/lib/python3.7/site-packages/airflow/example_dags/example_xcomargs.py
[2022-09-25T14:38:48.711+0000] {logging_mixin.py:115} INFO - [2022-09-25T14:38:48.711+0000] {dag.py:2429} INFO - Sync 2 DAGs
[2022-09-25T14:38:48.762+0000] {logging_mixin.py:115} INFO - [2022-09-25T14:38:48.762+0000] {dag.py:2981} INFO - Setting next_dagrun for example_xcom_args to None, run_after=None
[2022-09-25T14:38:48.764+0000] {logging_mixin.py:115} INFO - [2022-09-25T14:38:48.764+0000] {dag.py:2981} INFO - Setting next_dagrun for example_xcom_args_with_operators to None, run_after=None
[2022-09-25T14:38:49.383+0000] {processor.py:161} INFO - Processing /home/airflow/.local/lib/python3.7/site-packages/airflow/example_dags/example_xcomargs.py took 1.028 seconds
[2022-09-25T14:39:20.243+0000] {processor.py:153} INFO - Started process (PID=7198) to work on /home/airflow/.local/lib/python3.7/site-packages/airflow/example_dags/example_xcomargs.py
[2022-09-25T14:39:20.246+0000] {processor.py:640} INFO - Processing file /home/airflow/.local/lib/python3.7/site-packages/airflow/example_dags/example_xcomargs.py for tasks to queue
[2022-09-25T14:39:20.250+0000] {logging_mixin.py:115} INFO - [2022-09-25T14:39:20.250+0000] {dagbag.py:508} INFO - Filling up the DagBag from /home/airflow/.local/lib/python3.7/site-packages/airflow/example_dags/example_xcomargs.py
[2022-09-25T14:39:20.284+0000] {processor.py:650} INFO - DAG(s) dict_keys(['example_xcom_args', 'example_xcom_args_with_operators']) retrieved from /home/airflow/.local/lib/python3.7/site-packages/airflow/example_dags/example_xcomargs.py
[2022-09-25T14:39:20.339+0000] {logging_mixin.py:115} INFO - [2022-09-25T14:39:20.338+0000] {dag.py:2429} INFO - Sync 2 DAGs
[2022-09-25T14:39:20.385+0000] {logging_mixin.py:115} INFO - [2022-09-25T14:39:20.385+0000] {dag.py:2981} INFO - Setting next_dagrun for example_xcom_args to None, run_after=None
[2022-09-25T14:39:20.387+0000] {logging_mixin.py:115} INFO - [2022-09-25T14:39:20.387+0000] {dag.py:2981} INFO - Setting next_dagrun for example_xcom_args_with_operators to None, run_after=None
[2022-09-25T14:39:20.416+0000] {processor.py:161} INFO - Processing /home/airflow/.local/lib/python3.7/site-packages/airflow/example_dags/example_xcomargs.py took 0.184 seconds
[2022-09-25T14:39:50.649+0000] {processor.py:153} INFO - Started process (PID=7403) to work on /home/airflow/.local/lib/python3.7/site-packages/airflow/example_dags/example_xcomargs.py
[2022-09-25T14:39:50.653+0000] {processor.py:640} INFO - Processing file /home/airflow/.local/lib/python3.7/site-packages/airflow/example_dags/example_xcomargs.py for tasks to queue
[2022-09-25T14:39:50.658+0000] {logging_mixin.py:115} INFO - [2022-09-25T14:39:50.656+0000] {dagbag.py:508} INFO - Filling up the DagBag from /home/airflow/.local/lib/python3.7/site-packages/airflow/example_dags/example_xcomargs.py
[2022-09-25T14:39:50.796+0000] {processor.py:650} INFO - DAG(s) dict_keys(['example_xcom_args', 'example_xcom_args_with_operators']) retrieved from /home/airflow/.local/lib/python3.7/site-packages/airflow/example_dags/example_xcomargs.py
[2022-09-25T14:39:51.077+0000] {logging_mixin.py:115} INFO - [2022-09-25T14:39:51.076+0000] {dag.py:2429} INFO - Sync 2 DAGs
[2022-09-25T14:39:51.221+0000] {logging_mixin.py:115} INFO - [2022-09-25T14:39:51.221+0000] {dag.py:2981} INFO - Setting next_dagrun for example_xcom_args to None, run_after=None
[2022-09-25T14:39:51.223+0000] {logging_mixin.py:115} INFO - [2022-09-25T14:39:51.223+0000] {dag.py:2981} INFO - Setting next_dagrun for example_xcom_args_with_operators to None, run_after=None
[2022-09-25T14:39:51.273+0000] {processor.py:161} INFO - Processing /home/airflow/.local/lib/python3.7/site-packages/airflow/example_dags/example_xcomargs.py took 0.632 seconds
[2022-09-25T14:40:21.946+0000] {processor.py:153} INFO - Started process (PID=7617) to work on /home/airflow/.local/lib/python3.7/site-packages/airflow/example_dags/example_xcomargs.py
[2022-09-25T14:40:21.955+0000] {processor.py:640} INFO - Processing file /home/airflow/.local/lib/python3.7/site-packages/airflow/example_dags/example_xcomargs.py for tasks to queue
[2022-09-25T14:40:21.958+0000] {logging_mixin.py:115} INFO - [2022-09-25T14:40:21.958+0000] {dagbag.py:508} INFO - Filling up the DagBag from /home/airflow/.local/lib/python3.7/site-packages/airflow/example_dags/example_xcomargs.py
[2022-09-25T14:40:21.994+0000] {processor.py:650} INFO - DAG(s) dict_keys(['example_xcom_args', 'example_xcom_args_with_operators']) retrieved from /home/airflow/.local/lib/python3.7/site-packages/airflow/example_dags/example_xcomargs.py
[2022-09-25T14:40:22.050+0000] {logging_mixin.py:115} INFO - [2022-09-25T14:40:22.050+0000] {dag.py:2429} INFO - Sync 2 DAGs
[2022-09-25T14:40:22.098+0000] {logging_mixin.py:115} INFO - [2022-09-25T14:40:22.098+0000] {dag.py:2981} INFO - Setting next_dagrun for example_xcom_args to None, run_after=None
[2022-09-25T14:40:22.100+0000] {logging_mixin.py:115} INFO - [2022-09-25T14:40:22.100+0000] {dag.py:2981} INFO - Setting next_dagrun for example_xcom_args_with_operators to None, run_after=None
[2022-09-25T14:40:22.130+0000] {processor.py:161} INFO - Processing /home/airflow/.local/lib/python3.7/site-packages/airflow/example_dags/example_xcomargs.py took 0.190 seconds
[2022-09-25T14:40:52.591+0000] {processor.py:153} INFO - Started process (PID=7829) to work on /home/airflow/.local/lib/python3.7/site-packages/airflow/example_dags/example_xcomargs.py
[2022-09-25T14:40:52.600+0000] {processor.py:640} INFO - Processing file /home/airflow/.local/lib/python3.7/site-packages/airflow/example_dags/example_xcomargs.py for tasks to queue
[2022-09-25T14:40:52.603+0000] {logging_mixin.py:115} INFO - [2022-09-25T14:40:52.602+0000] {dagbag.py:508} INFO - Filling up the DagBag from /home/airflow/.local/lib/python3.7/site-packages/airflow/example_dags/example_xcomargs.py
[2022-09-25T14:40:52.643+0000] {processor.py:650} INFO - DAG(s) dict_keys(['example_xcom_args', 'example_xcom_args_with_operators']) retrieved from /home/airflow/.local/lib/python3.7/site-packages/airflow/example_dags/example_xcomargs.py
[2022-09-25T14:40:52.720+0000] {logging_mixin.py:115} INFO - [2022-09-25T14:40:52.720+0000] {dag.py:2429} INFO - Sync 2 DAGs
[2022-09-25T14:40:52.783+0000] {logging_mixin.py:115} INFO - [2022-09-25T14:40:52.783+0000] {dag.py:2981} INFO - Setting next_dagrun for example_xcom_args to None, run_after=None
[2022-09-25T14:40:52.788+0000] {logging_mixin.py:115} INFO - [2022-09-25T14:40:52.788+0000] {dag.py:2981} INFO - Setting next_dagrun for example_xcom_args_with_operators to None, run_after=None
[2022-09-25T14:40:52.866+0000] {processor.py:161} INFO - Processing /home/airflow/.local/lib/python3.7/site-packages/airflow/example_dags/example_xcomargs.py took 0.282 seconds
[2022-09-25T14:41:23.307+0000] {processor.py:153} INFO - Started process (PID=8036) to work on /home/airflow/.local/lib/python3.7/site-packages/airflow/example_dags/example_xcomargs.py
[2022-09-25T14:41:23.309+0000] {processor.py:640} INFO - Processing file /home/airflow/.local/lib/python3.7/site-packages/airflow/example_dags/example_xcomargs.py for tasks to queue
[2022-09-25T14:41:23.311+0000] {logging_mixin.py:115} INFO - [2022-09-25T14:41:23.311+0000] {dagbag.py:508} INFO - Filling up the DagBag from /home/airflow/.local/lib/python3.7/site-packages/airflow/example_dags/example_xcomargs.py
[2022-09-25T14:41:23.344+0000] {processor.py:650} INFO - DAG(s) dict_keys(['example_xcom_args', 'example_xcom_args_with_operators']) retrieved from /home/airflow/.local/lib/python3.7/site-packages/airflow/example_dags/example_xcomargs.py
[2022-09-25T14:41:23.398+0000] {logging_mixin.py:115} INFO - [2022-09-25T14:41:23.398+0000] {dag.py:2429} INFO - Sync 2 DAGs
[2022-09-25T14:41:23.437+0000] {logging_mixin.py:115} INFO - [2022-09-25T14:41:23.436+0000] {dag.py:2981} INFO - Setting next_dagrun for example_xcom_args to None, run_after=None
[2022-09-25T14:41:23.439+0000] {logging_mixin.py:115} INFO - [2022-09-25T14:41:23.439+0000] {dag.py:2981} INFO - Setting next_dagrun for example_xcom_args_with_operators to None, run_after=None
[2022-09-25T14:41:23.466+0000] {processor.py:161} INFO - Processing /home/airflow/.local/lib/python3.7/site-packages/airflow/example_dags/example_xcomargs.py took 0.165 seconds
[2022-09-25T14:41:54.054+0000] {processor.py:153} INFO - Started process (PID=8241) to work on /home/airflow/.local/lib/python3.7/site-packages/airflow/example_dags/example_xcomargs.py
[2022-09-25T14:41:54.058+0000] {processor.py:640} INFO - Processing file /home/airflow/.local/lib/python3.7/site-packages/airflow/example_dags/example_xcomargs.py for tasks to queue
[2022-09-25T14:41:54.060+0000] {logging_mixin.py:115} INFO - [2022-09-25T14:41:54.060+0000] {dagbag.py:508} INFO - Filling up the DagBag from /home/airflow/.local/lib/python3.7/site-packages/airflow/example_dags/example_xcomargs.py
[2022-09-25T14:41:54.094+0000] {processor.py:650} INFO - DAG(s) dict_keys(['example_xcom_args', 'example_xcom_args_with_operators']) retrieved from /home/airflow/.local/lib/python3.7/site-packages/airflow/example_dags/example_xcomargs.py
[2022-09-25T14:41:54.212+0000] {logging_mixin.py:115} INFO - [2022-09-25T14:41:54.212+0000] {dag.py:2429} INFO - Sync 2 DAGs
[2022-09-25T14:41:54.457+0000] {logging_mixin.py:115} INFO - [2022-09-25T14:41:54.457+0000] {dag.py:2981} INFO - Setting next_dagrun for example_xcom_args to None, run_after=None
[2022-09-25T14:41:54.460+0000] {logging_mixin.py:115} INFO - [2022-09-25T14:41:54.459+0000] {dag.py:2981} INFO - Setting next_dagrun for example_xcom_args_with_operators to None, run_after=None
[2022-09-25T14:41:54.496+0000] {processor.py:161} INFO - Processing /home/airflow/.local/lib/python3.7/site-packages/airflow/example_dags/example_xcomargs.py took 0.450 seconds
[2022-09-25T14:42:24.989+0000] {processor.py:153} INFO - Started process (PID=8455) to work on /home/airflow/.local/lib/python3.7/site-packages/airflow/example_dags/example_xcomargs.py
[2022-09-25T14:42:24.991+0000] {processor.py:640} INFO - Processing file /home/airflow/.local/lib/python3.7/site-packages/airflow/example_dags/example_xcomargs.py for tasks to queue
[2022-09-25T14:42:24.993+0000] {logging_mixin.py:115} INFO - [2022-09-25T14:42:24.993+0000] {dagbag.py:508} INFO - Filling up the DagBag from /home/airflow/.local/lib/python3.7/site-packages/airflow/example_dags/example_xcomargs.py
[2022-09-25T14:42:25.026+0000] {processor.py:650} INFO - DAG(s) dict_keys(['example_xcom_args', 'example_xcom_args_with_operators']) retrieved from /home/airflow/.local/lib/python3.7/site-packages/airflow/example_dags/example_xcomargs.py
[2022-09-25T14:42:25.155+0000] {logging_mixin.py:115} INFO - [2022-09-25T14:42:25.155+0000] {dag.py:2429} INFO - Sync 2 DAGs
[2022-09-25T14:42:25.398+0000] {logging_mixin.py:115} INFO - [2022-09-25T14:42:25.398+0000] {dag.py:2981} INFO - Setting next_dagrun for example_xcom_args to None, run_after=None
[2022-09-25T14:42:25.401+0000] {logging_mixin.py:115} INFO - [2022-09-25T14:42:25.400+0000] {dag.py:2981} INFO - Setting next_dagrun for example_xcom_args_with_operators to None, run_after=None
[2022-09-25T14:42:25.438+0000] {processor.py:161} INFO - Processing /home/airflow/.local/lib/python3.7/site-packages/airflow/example_dags/example_xcomargs.py took 0.455 seconds
[2022-09-25T14:42:55.523+0000] {processor.py:153} INFO - Started process (PID=8669) to work on /home/airflow/.local/lib/python3.7/site-packages/airflow/example_dags/example_xcomargs.py
[2022-09-25T14:42:55.527+0000] {processor.py:640} INFO - Processing file /home/airflow/.local/lib/python3.7/site-packages/airflow/example_dags/example_xcomargs.py for tasks to queue
[2022-09-25T14:42:55.531+0000] {logging_mixin.py:115} INFO - [2022-09-25T14:42:55.531+0000] {dagbag.py:508} INFO - Filling up the DagBag from /home/airflow/.local/lib/python3.7/site-packages/airflow/example_dags/example_xcomargs.py
[2022-09-25T14:42:55.574+0000] {processor.py:650} INFO - DAG(s) dict_keys(['example_xcom_args', 'example_xcom_args_with_operators']) retrieved from /home/airflow/.local/lib/python3.7/site-packages/airflow/example_dags/example_xcomargs.py
[2022-09-25T14:42:55.739+0000] {logging_mixin.py:115} INFO - [2022-09-25T14:42:55.739+0000] {dag.py:2429} INFO - Sync 2 DAGs
[2022-09-25T14:42:55.964+0000] {logging_mixin.py:115} INFO - [2022-09-25T14:42:55.963+0000] {dag.py:2981} INFO - Setting next_dagrun for example_xcom_args to None, run_after=None
[2022-09-25T14:42:55.967+0000] {logging_mixin.py:115} INFO - [2022-09-25T14:42:55.966+0000] {dag.py:2981} INFO - Setting next_dagrun for example_xcom_args_with_operators to None, run_after=None
[2022-09-25T14:42:56.002+0000] {processor.py:161} INFO - Processing /home/airflow/.local/lib/python3.7/site-packages/airflow/example_dags/example_xcomargs.py took 0.484 seconds
[2022-09-25T14:43:26.599+0000] {processor.py:153} INFO - Started process (PID=8877) to work on /home/airflow/.local/lib/python3.7/site-packages/airflow/example_dags/example_xcomargs.py
[2022-09-25T14:43:26.606+0000] {processor.py:640} INFO - Processing file /home/airflow/.local/lib/python3.7/site-packages/airflow/example_dags/example_xcomargs.py for tasks to queue
[2022-09-25T14:43:26.608+0000] {logging_mixin.py:115} INFO - [2022-09-25T14:43:26.608+0000] {dagbag.py:508} INFO - Filling up the DagBag from /home/airflow/.local/lib/python3.7/site-packages/airflow/example_dags/example_xcomargs.py
[2022-09-25T14:43:26.639+0000] {processor.py:650} INFO - DAG(s) dict_keys(['example_xcom_args', 'example_xcom_args_with_operators']) retrieved from /home/airflow/.local/lib/python3.7/site-packages/airflow/example_dags/example_xcomargs.py
[2022-09-25T14:43:26.764+0000] {logging_mixin.py:115} INFO - [2022-09-25T14:43:26.764+0000] {dag.py:2429} INFO - Sync 2 DAGs
[2022-09-25T14:43:26.982+0000] {logging_mixin.py:115} INFO - [2022-09-25T14:43:26.982+0000] {dag.py:2981} INFO - Setting next_dagrun for example_xcom_args to None, run_after=None
[2022-09-25T14:43:26.984+0000] {logging_mixin.py:115} INFO - [2022-09-25T14:43:26.984+0000] {dag.py:2981} INFO - Setting next_dagrun for example_xcom_args_with_operators to None, run_after=None
[2022-09-25T14:43:27.013+0000] {processor.py:161} INFO - Processing /home/airflow/.local/lib/python3.7/site-packages/airflow/example_dags/example_xcomargs.py took 0.419 seconds
[2022-09-25T14:43:57.204+0000] {processor.py:153} INFO - Started process (PID=9091) to work on /home/airflow/.local/lib/python3.7/site-packages/airflow/example_dags/example_xcomargs.py
[2022-09-25T14:43:57.213+0000] {processor.py:640} INFO - Processing file /home/airflow/.local/lib/python3.7/site-packages/airflow/example_dags/example_xcomargs.py for tasks to queue
[2022-09-25T14:43:57.214+0000] {logging_mixin.py:115} INFO - [2022-09-25T14:43:57.214+0000] {dagbag.py:508} INFO - Filling up the DagBag from /home/airflow/.local/lib/python3.7/site-packages/airflow/example_dags/example_xcomargs.py
[2022-09-25T14:43:57.243+0000] {processor.py:650} INFO - DAG(s) dict_keys(['example_xcom_args', 'example_xcom_args_with_operators']) retrieved from /home/airflow/.local/lib/python3.7/site-packages/airflow/example_dags/example_xcomargs.py
[2022-09-25T14:43:57.351+0000] {logging_mixin.py:115} INFO - [2022-09-25T14:43:57.351+0000] {dag.py:2429} INFO - Sync 2 DAGs
[2022-09-25T14:43:57.570+0000] {logging_mixin.py:115} INFO - [2022-09-25T14:43:57.570+0000] {dag.py:2981} INFO - Setting next_dagrun for example_xcom_args to None, run_after=None
[2022-09-25T14:43:57.571+0000] {logging_mixin.py:115} INFO - [2022-09-25T14:43:57.571+0000] {dag.py:2981} INFO - Setting next_dagrun for example_xcom_args_with_operators to None, run_after=None
[2022-09-25T14:43:57.593+0000] {processor.py:161} INFO - Processing /home/airflow/.local/lib/python3.7/site-packages/airflow/example_dags/example_xcomargs.py took 0.394 seconds
[2022-09-25T14:44:27.965+0000] {processor.py:153} INFO - Started process (PID=9296) to work on /home/airflow/.local/lib/python3.7/site-packages/airflow/example_dags/example_xcomargs.py
[2022-09-25T14:44:27.968+0000] {processor.py:640} INFO - Processing file /home/airflow/.local/lib/python3.7/site-packages/airflow/example_dags/example_xcomargs.py for tasks to queue
[2022-09-25T14:44:27.970+0000] {logging_mixin.py:115} INFO - [2022-09-25T14:44:27.970+0000] {dagbag.py:508} INFO - Filling up the DagBag from /home/airflow/.local/lib/python3.7/site-packages/airflow/example_dags/example_xcomargs.py
[2022-09-25T14:44:28.008+0000] {processor.py:650} INFO - DAG(s) dict_keys(['example_xcom_args', 'example_xcom_args_with_operators']) retrieved from /home/airflow/.local/lib/python3.7/site-packages/airflow/example_dags/example_xcomargs.py
[2022-09-25T14:44:28.056+0000] {logging_mixin.py:115} INFO - [2022-09-25T14:44:28.056+0000] {dag.py:2429} INFO - Sync 2 DAGs
[2022-09-25T14:44:28.094+0000] {logging_mixin.py:115} INFO - [2022-09-25T14:44:28.094+0000] {dag.py:2981} INFO - Setting next_dagrun for example_xcom_args to None, run_after=None
[2022-09-25T14:44:28.096+0000] {logging_mixin.py:115} INFO - [2022-09-25T14:44:28.096+0000] {dag.py:2981} INFO - Setting next_dagrun for example_xcom_args_with_operators to None, run_after=None
[2022-09-25T14:44:28.123+0000] {processor.py:161} INFO - Processing /home/airflow/.local/lib/python3.7/site-packages/airflow/example_dags/example_xcomargs.py took 0.165 seconds
[2022-09-25T14:44:58.372+0000] {processor.py:153} INFO - Started process (PID=9511) to work on /home/airflow/.local/lib/python3.7/site-packages/airflow/example_dags/example_xcomargs.py
[2022-09-25T14:44:58.380+0000] {processor.py:640} INFO - Processing file /home/airflow/.local/lib/python3.7/site-packages/airflow/example_dags/example_xcomargs.py for tasks to queue
[2022-09-25T14:44:58.382+0000] {logging_mixin.py:115} INFO - [2022-09-25T14:44:58.382+0000] {dagbag.py:508} INFO - Filling up the DagBag from /home/airflow/.local/lib/python3.7/site-packages/airflow/example_dags/example_xcomargs.py
[2022-09-25T14:44:58.418+0000] {processor.py:650} INFO - DAG(s) dict_keys(['example_xcom_args', 'example_xcom_args_with_operators']) retrieved from /home/airflow/.local/lib/python3.7/site-packages/airflow/example_dags/example_xcomargs.py
[2022-09-25T14:44:58.540+0000] {logging_mixin.py:115} INFO - [2022-09-25T14:44:58.539+0000] {dag.py:2429} INFO - Sync 2 DAGs
[2022-09-25T14:44:58.803+0000] {logging_mixin.py:115} INFO - [2022-09-25T14:44:58.802+0000] {dag.py:2981} INFO - Setting next_dagrun for example_xcom_args to None, run_after=None
[2022-09-25T14:44:58.813+0000] {logging_mixin.py:115} INFO - [2022-09-25T14:44:58.809+0000] {dag.py:2981} INFO - Setting next_dagrun for example_xcom_args_with_operators to None, run_after=None
[2022-09-25T14:44:58.847+0000] {processor.py:161} INFO - Processing /home/airflow/.local/lib/python3.7/site-packages/airflow/example_dags/example_xcomargs.py took 0.480 seconds
[2022-09-25T14:45:29.215+0000] {processor.py:153} INFO - Started process (PID=9719) to work on /home/airflow/.local/lib/python3.7/site-packages/airflow/example_dags/example_xcomargs.py
[2022-09-25T14:45:29.223+0000] {processor.py:640} INFO - Processing file /home/airflow/.local/lib/python3.7/site-packages/airflow/example_dags/example_xcomargs.py for tasks to queue
[2022-09-25T14:45:29.227+0000] {logging_mixin.py:115} INFO - [2022-09-25T14:45:29.226+0000] {dagbag.py:508} INFO - Filling up the DagBag from /home/airflow/.local/lib/python3.7/site-packages/airflow/example_dags/example_xcomargs.py
[2022-09-25T14:45:29.271+0000] {processor.py:650} INFO - DAG(s) dict_keys(['example_xcom_args', 'example_xcom_args_with_operators']) retrieved from /home/airflow/.local/lib/python3.7/site-packages/airflow/example_dags/example_xcomargs.py
[2022-09-25T14:45:29.470+0000] {logging_mixin.py:115} INFO - [2022-09-25T14:45:29.470+0000] {dag.py:2429} INFO - Sync 2 DAGs
[2022-09-25T14:45:29.825+0000] {logging_mixin.py:115} INFO - [2022-09-25T14:45:29.824+0000] {dag.py:2981} INFO - Setting next_dagrun for example_xcom_args to None, run_after=None
[2022-09-25T14:45:29.828+0000] {logging_mixin.py:115} INFO - [2022-09-25T14:45:29.827+0000] {dag.py:2981} INFO - Setting next_dagrun for example_xcom_args_with_operators to None, run_after=None
[2022-09-25T14:45:29.874+0000] {processor.py:161} INFO - Processing /home/airflow/.local/lib/python3.7/site-packages/airflow/example_dags/example_xcomargs.py took 0.668 seconds
[2022-09-25T14:46:00.686+0000] {processor.py:153} INFO - Started process (PID=9926) to work on /home/airflow/.local/lib/python3.7/site-packages/airflow/example_dags/example_xcomargs.py
[2022-09-25T14:46:00.695+0000] {processor.py:640} INFO - Processing file /home/airflow/.local/lib/python3.7/site-packages/airflow/example_dags/example_xcomargs.py for tasks to queue
[2022-09-25T14:46:00.697+0000] {logging_mixin.py:115} INFO - [2022-09-25T14:46:00.696+0000] {dagbag.py:508} INFO - Filling up the DagBag from /home/airflow/.local/lib/python3.7/site-packages/airflow/example_dags/example_xcomargs.py
[2022-09-25T14:46:00.751+0000] {processor.py:650} INFO - DAG(s) dict_keys(['example_xcom_args', 'example_xcom_args_with_operators']) retrieved from /home/airflow/.local/lib/python3.7/site-packages/airflow/example_dags/example_xcomargs.py
[2022-09-25T14:46:00.924+0000] {logging_mixin.py:115} INFO - [2022-09-25T14:46:00.924+0000] {dag.py:2429} INFO - Sync 2 DAGs
[2022-09-25T14:46:01.135+0000] {logging_mixin.py:115} INFO - [2022-09-25T14:46:01.134+0000] {dag.py:2981} INFO - Setting next_dagrun for example_xcom_args to None, run_after=None
[2022-09-25T14:46:01.136+0000] {logging_mixin.py:115} INFO - [2022-09-25T14:46:01.136+0000] {dag.py:2981} INFO - Setting next_dagrun for example_xcom_args_with_operators to None, run_after=None
[2022-09-25T14:46:01.162+0000] {processor.py:161} INFO - Processing /home/airflow/.local/lib/python3.7/site-packages/airflow/example_dags/example_xcomargs.py took 0.482 seconds
[2022-09-25T14:46:31.463+0000] {processor.py:153} INFO - Started process (PID=10140) to work on /home/airflow/.local/lib/python3.7/site-packages/airflow/example_dags/example_xcomargs.py
[2022-09-25T14:46:31.471+0000] {processor.py:640} INFO - Processing file /home/airflow/.local/lib/python3.7/site-packages/airflow/example_dags/example_xcomargs.py for tasks to queue
[2022-09-25T14:46:31.474+0000] {logging_mixin.py:115} INFO - [2022-09-25T14:46:31.473+0000] {dagbag.py:508} INFO - Filling up the DagBag from /home/airflow/.local/lib/python3.7/site-packages/airflow/example_dags/example_xcomargs.py
[2022-09-25T14:46:31.512+0000] {processor.py:650} INFO - DAG(s) dict_keys(['example_xcom_args', 'example_xcom_args_with_operators']) retrieved from /home/airflow/.local/lib/python3.7/site-packages/airflow/example_dags/example_xcomargs.py
[2022-09-25T14:46:31.663+0000] {logging_mixin.py:115} INFO - [2022-09-25T14:46:31.663+0000] {dag.py:2429} INFO - Sync 2 DAGs
[2022-09-25T14:46:31.942+0000] {logging_mixin.py:115} INFO - [2022-09-25T14:46:31.942+0000] {dag.py:2981} INFO - Setting next_dagrun for example_xcom_args to None, run_after=None
[2022-09-25T14:46:31.945+0000] {logging_mixin.py:115} INFO - [2022-09-25T14:46:31.944+0000] {dag.py:2981} INFO - Setting next_dagrun for example_xcom_args_with_operators to None, run_after=None
[2022-09-25T14:46:31.968+0000] {processor.py:161} INFO - Processing /home/airflow/.local/lib/python3.7/site-packages/airflow/example_dags/example_xcomargs.py took 0.512 seconds
[2022-09-25T14:47:02.233+0000] {processor.py:153} INFO - Started process (PID=10352) to work on /home/airflow/.local/lib/python3.7/site-packages/airflow/example_dags/example_xcomargs.py
[2022-09-25T14:47:02.241+0000] {processor.py:640} INFO - Processing file /home/airflow/.local/lib/python3.7/site-packages/airflow/example_dags/example_xcomargs.py for tasks to queue
[2022-09-25T14:47:02.245+0000] {logging_mixin.py:115} INFO - [2022-09-25T14:47:02.244+0000] {dagbag.py:508} INFO - Filling up the DagBag from /home/airflow/.local/lib/python3.7/site-packages/airflow/example_dags/example_xcomargs.py
[2022-09-25T14:47:02.288+0000] {processor.py:650} INFO - DAG(s) dict_keys(['example_xcom_args', 'example_xcom_args_with_operators']) retrieved from /home/airflow/.local/lib/python3.7/site-packages/airflow/example_dags/example_xcomargs.py
[2022-09-25T14:47:02.416+0000] {logging_mixin.py:115} INFO - [2022-09-25T14:47:02.415+0000] {dag.py:2429} INFO - Sync 2 DAGs
[2022-09-25T14:47:02.638+0000] {logging_mixin.py:115} INFO - [2022-09-25T14:47:02.638+0000] {dag.py:2981} INFO - Setting next_dagrun for example_xcom_args to None, run_after=None
[2022-09-25T14:47:02.640+0000] {logging_mixin.py:115} INFO - [2022-09-25T14:47:02.640+0000] {dag.py:2981} INFO - Setting next_dagrun for example_xcom_args_with_operators to None, run_after=None
[2022-09-25T14:47:02.680+0000] {processor.py:161} INFO - Processing /home/airflow/.local/lib/python3.7/site-packages/airflow/example_dags/example_xcomargs.py took 0.460 seconds
[2022-09-25T14:47:33.562+0000] {processor.py:153} INFO - Started process (PID=10559) to work on /home/airflow/.local/lib/python3.7/site-packages/airflow/example_dags/example_xcomargs.py
[2022-09-25T14:47:33.566+0000] {processor.py:640} INFO - Processing file /home/airflow/.local/lib/python3.7/site-packages/airflow/example_dags/example_xcomargs.py for tasks to queue
[2022-09-25T14:47:33.568+0000] {logging_mixin.py:115} INFO - [2022-09-25T14:47:33.567+0000] {dagbag.py:508} INFO - Filling up the DagBag from /home/airflow/.local/lib/python3.7/site-packages/airflow/example_dags/example_xcomargs.py
[2022-09-25T14:47:33.625+0000] {processor.py:650} INFO - DAG(s) dict_keys(['example_xcom_args', 'example_xcom_args_with_operators']) retrieved from /home/airflow/.local/lib/python3.7/site-packages/airflow/example_dags/example_xcomargs.py
[2022-09-25T14:47:33.812+0000] {logging_mixin.py:115} INFO - [2022-09-25T14:47:33.812+0000] {dag.py:2429} INFO - Sync 2 DAGs
[2022-09-25T14:47:34.146+0000] {logging_mixin.py:115} INFO - [2022-09-25T14:47:34.145+0000] {dag.py:2981} INFO - Setting next_dagrun for example_xcom_args to None, run_after=None
[2022-09-25T14:47:34.148+0000] {logging_mixin.py:115} INFO - [2022-09-25T14:47:34.148+0000] {dag.py:2981} INFO - Setting next_dagrun for example_xcom_args_with_operators to None, run_after=None
[2022-09-25T14:47:34.178+0000] {processor.py:161} INFO - Processing /home/airflow/.local/lib/python3.7/site-packages/airflow/example_dags/example_xcomargs.py took 0.621 seconds
[2022-09-25T14:48:04.793+0000] {processor.py:153} INFO - Started process (PID=10774) to work on /home/airflow/.local/lib/python3.7/site-packages/airflow/example_dags/example_xcomargs.py
[2022-09-25T14:48:04.797+0000] {processor.py:640} INFO - Processing file /home/airflow/.local/lib/python3.7/site-packages/airflow/example_dags/example_xcomargs.py for tasks to queue
[2022-09-25T14:48:04.799+0000] {logging_mixin.py:115} INFO - [2022-09-25T14:48:04.799+0000] {dagbag.py:508} INFO - Filling up the DagBag from /home/airflow/.local/lib/python3.7/site-packages/airflow/example_dags/example_xcomargs.py
[2022-09-25T14:48:04.833+0000] {processor.py:650} INFO - DAG(s) dict_keys(['example_xcom_args', 'example_xcom_args_with_operators']) retrieved from /home/airflow/.local/lib/python3.7/site-packages/airflow/example_dags/example_xcomargs.py
[2022-09-25T14:48:04.880+0000] {logging_mixin.py:115} INFO - [2022-09-25T14:48:04.880+0000] {dag.py:2429} INFO - Sync 2 DAGs
[2022-09-25T14:48:04.915+0000] {logging_mixin.py:115} INFO - [2022-09-25T14:48:04.915+0000] {dag.py:2981} INFO - Setting next_dagrun for example_xcom_args to None, run_after=None
[2022-09-25T14:48:04.917+0000] {logging_mixin.py:115} INFO - [2022-09-25T14:48:04.917+0000] {dag.py:2981} INFO - Setting next_dagrun for example_xcom_args_with_operators to None, run_after=None
[2022-09-25T14:48:04.947+0000] {processor.py:161} INFO - Processing /home/airflow/.local/lib/python3.7/site-packages/airflow/example_dags/example_xcomargs.py took 0.160 seconds
[2022-09-25T14:48:35.186+0000] {processor.py:153} INFO - Started process (PID=10979) to work on /home/airflow/.local/lib/python3.7/site-packages/airflow/example_dags/example_xcomargs.py
[2022-09-25T14:48:35.189+0000] {processor.py:640} INFO - Processing file /home/airflow/.local/lib/python3.7/site-packages/airflow/example_dags/example_xcomargs.py for tasks to queue
[2022-09-25T14:48:35.193+0000] {logging_mixin.py:115} INFO - [2022-09-25T14:48:35.192+0000] {dagbag.py:508} INFO - Filling up the DagBag from /home/airflow/.local/lib/python3.7/site-packages/airflow/example_dags/example_xcomargs.py
[2022-09-25T14:48:35.230+0000] {processor.py:650} INFO - DAG(s) dict_keys(['example_xcom_args', 'example_xcom_args_with_operators']) retrieved from /home/airflow/.local/lib/python3.7/site-packages/airflow/example_dags/example_xcomargs.py
[2022-09-25T14:48:35.295+0000] {logging_mixin.py:115} INFO - [2022-09-25T14:48:35.295+0000] {dag.py:2429} INFO - Sync 2 DAGs
[2022-09-25T14:48:35.350+0000] {logging_mixin.py:115} INFO - [2022-09-25T14:48:35.350+0000] {dag.py:2981} INFO - Setting next_dagrun for example_xcom_args to None, run_after=None
[2022-09-25T14:48:35.355+0000] {logging_mixin.py:115} INFO - [2022-09-25T14:48:35.355+0000] {dag.py:2981} INFO - Setting next_dagrun for example_xcom_args_with_operators to None, run_after=None
[2022-09-25T14:48:35.380+0000] {processor.py:161} INFO - Processing /home/airflow/.local/lib/python3.7/site-packages/airflow/example_dags/example_xcomargs.py took 0.201 seconds
[2022-09-25T14:49:05.590+0000] {processor.py:153} INFO - Started process (PID=11193) to work on /home/airflow/.local/lib/python3.7/site-packages/airflow/example_dags/example_xcomargs.py
[2022-09-25T14:49:05.598+0000] {processor.py:640} INFO - Processing file /home/airflow/.local/lib/python3.7/site-packages/airflow/example_dags/example_xcomargs.py for tasks to queue
[2022-09-25T14:49:05.600+0000] {logging_mixin.py:115} INFO - [2022-09-25T14:49:05.600+0000] {dagbag.py:508} INFO - Filling up the DagBag from /home/airflow/.local/lib/python3.7/site-packages/airflow/example_dags/example_xcomargs.py
[2022-09-25T14:49:05.631+0000] {processor.py:650} INFO - DAG(s) dict_keys(['example_xcom_args', 'example_xcom_args_with_operators']) retrieved from /home/airflow/.local/lib/python3.7/site-packages/airflow/example_dags/example_xcomargs.py
[2022-09-25T14:49:05.707+0000] {logging_mixin.py:115} INFO - [2022-09-25T14:49:05.707+0000] {dag.py:2429} INFO - Sync 2 DAGs
[2022-09-25T14:49:05.764+0000] {logging_mixin.py:115} INFO - [2022-09-25T14:49:05.764+0000] {dag.py:2981} INFO - Setting next_dagrun for example_xcom_args to None, run_after=None
[2022-09-25T14:49:05.768+0000] {logging_mixin.py:115} INFO - [2022-09-25T14:49:05.767+0000] {dag.py:2981} INFO - Setting next_dagrun for example_xcom_args_with_operators to None, run_after=None
[2022-09-25T14:49:05.788+0000] {processor.py:161} INFO - Processing /home/airflow/.local/lib/python3.7/site-packages/airflow/example_dags/example_xcomargs.py took 0.205 seconds
[2022-09-25T14:49:36.331+0000] {processor.py:153} INFO - Started process (PID=11404) to work on /home/airflow/.local/lib/python3.7/site-packages/airflow/example_dags/example_xcomargs.py
[2022-09-25T14:49:36.333+0000] {processor.py:640} INFO - Processing file /home/airflow/.local/lib/python3.7/site-packages/airflow/example_dags/example_xcomargs.py for tasks to queue
[2022-09-25T14:49:36.334+0000] {logging_mixin.py:115} INFO - [2022-09-25T14:49:36.334+0000] {dagbag.py:508} INFO - Filling up the DagBag from /home/airflow/.local/lib/python3.7/site-packages/airflow/example_dags/example_xcomargs.py
[2022-09-25T14:49:36.366+0000] {processor.py:650} INFO - DAG(s) dict_keys(['example_xcom_args', 'example_xcom_args_with_operators']) retrieved from /home/airflow/.local/lib/python3.7/site-packages/airflow/example_dags/example_xcomargs.py
[2022-09-25T14:49:36.420+0000] {logging_mixin.py:115} INFO - [2022-09-25T14:49:36.420+0000] {dag.py:2429} INFO - Sync 2 DAGs
[2022-09-25T14:49:36.467+0000] {logging_mixin.py:115} INFO - [2022-09-25T14:49:36.467+0000] {dag.py:2981} INFO - Setting next_dagrun for example_xcom_args to None, run_after=None
[2022-09-25T14:49:36.468+0000] {logging_mixin.py:115} INFO - [2022-09-25T14:49:36.468+0000] {dag.py:2981} INFO - Setting next_dagrun for example_xcom_args_with_operators to None, run_after=None
[2022-09-25T14:49:36.489+0000] {processor.py:161} INFO - Processing /home/airflow/.local/lib/python3.7/site-packages/airflow/example_dags/example_xcomargs.py took 0.165 seconds
[2022-09-25T14:50:06.567+0000] {processor.py:153} INFO - Started process (PID=11609) to work on /home/airflow/.local/lib/python3.7/site-packages/airflow/example_dags/example_xcomargs.py
[2022-09-25T14:50:06.570+0000] {processor.py:640} INFO - Processing file /home/airflow/.local/lib/python3.7/site-packages/airflow/example_dags/example_xcomargs.py for tasks to queue
[2022-09-25T14:50:06.574+0000] {logging_mixin.py:115} INFO - [2022-09-25T14:50:06.574+0000] {dagbag.py:508} INFO - Filling up the DagBag from /home/airflow/.local/lib/python3.7/site-packages/airflow/example_dags/example_xcomargs.py
[2022-09-25T14:50:06.613+0000] {processor.py:650} INFO - DAG(s) dict_keys(['example_xcom_args', 'example_xcom_args_with_operators']) retrieved from /home/airflow/.local/lib/python3.7/site-packages/airflow/example_dags/example_xcomargs.py
[2022-09-25T14:50:06.755+0000] {logging_mixin.py:115} INFO - [2022-09-25T14:50:06.755+0000] {dag.py:2429} INFO - Sync 2 DAGs
[2022-09-25T14:50:06.974+0000] {logging_mixin.py:115} INFO - [2022-09-25T14:50:06.974+0000] {dag.py:2981} INFO - Setting next_dagrun for example_xcom_args to None, run_after=None
[2022-09-25T14:50:06.976+0000] {logging_mixin.py:115} INFO - [2022-09-25T14:50:06.976+0000] {dag.py:2981} INFO - Setting next_dagrun for example_xcom_args_with_operators to None, run_after=None
[2022-09-25T14:50:06.999+0000] {processor.py:161} INFO - Processing /home/airflow/.local/lib/python3.7/site-packages/airflow/example_dags/example_xcomargs.py took 0.444 seconds
[2022-09-25T14:50:37.083+0000] {processor.py:153} INFO - Started process (PID=11828) to work on /home/airflow/.local/lib/python3.7/site-packages/airflow/example_dags/example_xcomargs.py
[2022-09-25T14:50:37.087+0000] {processor.py:640} INFO - Processing file /home/airflow/.local/lib/python3.7/site-packages/airflow/example_dags/example_xcomargs.py for tasks to queue
[2022-09-25T14:50:37.091+0000] {logging_mixin.py:115} INFO - [2022-09-25T14:50:37.090+0000] {dagbag.py:508} INFO - Filling up the DagBag from /home/airflow/.local/lib/python3.7/site-packages/airflow/example_dags/example_xcomargs.py
[2022-09-25T14:50:37.138+0000] {processor.py:650} INFO - DAG(s) dict_keys(['example_xcom_args', 'example_xcom_args_with_operators']) retrieved from /home/airflow/.local/lib/python3.7/site-packages/airflow/example_dags/example_xcomargs.py
[2022-09-25T14:50:37.275+0000] {logging_mixin.py:115} INFO - [2022-09-25T14:50:37.275+0000] {dag.py:2429} INFO - Sync 2 DAGs
[2022-09-25T14:50:37.511+0000] {logging_mixin.py:115} INFO - [2022-09-25T14:50:37.511+0000] {dag.py:2981} INFO - Setting next_dagrun for example_xcom_args to None, run_after=None
[2022-09-25T14:50:37.513+0000] {logging_mixin.py:115} INFO - [2022-09-25T14:50:37.513+0000] {dag.py:2981} INFO - Setting next_dagrun for example_xcom_args_with_operators to None, run_after=None
[2022-09-25T14:50:37.538+0000] {processor.py:161} INFO - Processing /home/airflow/.local/lib/python3.7/site-packages/airflow/example_dags/example_xcomargs.py took 0.464 seconds
[2022-09-25T14:51:07.788+0000] {processor.py:153} INFO - Started process (PID=12030) to work on /home/airflow/.local/lib/python3.7/site-packages/airflow/example_dags/example_xcomargs.py
[2022-09-25T14:51:07.796+0000] {processor.py:640} INFO - Processing file /home/airflow/.local/lib/python3.7/site-packages/airflow/example_dags/example_xcomargs.py for tasks to queue
[2022-09-25T14:51:07.798+0000] {logging_mixin.py:115} INFO - [2022-09-25T14:51:07.797+0000] {dagbag.py:508} INFO - Filling up the DagBag from /home/airflow/.local/lib/python3.7/site-packages/airflow/example_dags/example_xcomargs.py
[2022-09-25T14:51:07.827+0000] {processor.py:650} INFO - DAG(s) dict_keys(['example_xcom_args', 'example_xcom_args_with_operators']) retrieved from /home/airflow/.local/lib/python3.7/site-packages/airflow/example_dags/example_xcomargs.py
[2022-09-25T14:51:07.966+0000] {logging_mixin.py:115} INFO - [2022-09-25T14:51:07.966+0000] {dag.py:2429} INFO - Sync 2 DAGs
[2022-09-25T14:51:08.171+0000] {logging_mixin.py:115} INFO - [2022-09-25T14:51:08.171+0000] {dag.py:2981} INFO - Setting next_dagrun for example_xcom_args to None, run_after=None
[2022-09-25T14:51:08.173+0000] {logging_mixin.py:115} INFO - [2022-09-25T14:51:08.173+0000] {dag.py:2981} INFO - Setting next_dagrun for example_xcom_args_with_operators to None, run_after=None
[2022-09-25T14:51:08.197+0000] {processor.py:161} INFO - Processing /home/airflow/.local/lib/python3.7/site-packages/airflow/example_dags/example_xcomargs.py took 0.415 seconds
[2022-09-25T14:51:38.286+0000] {processor.py:153} INFO - Started process (PID=12244) to work on /home/airflow/.local/lib/python3.7/site-packages/airflow/example_dags/example_xcomargs.py
[2022-09-25T14:51:38.288+0000] {processor.py:640} INFO - Processing file /home/airflow/.local/lib/python3.7/site-packages/airflow/example_dags/example_xcomargs.py for tasks to queue
[2022-09-25T14:51:38.290+0000] {logging_mixin.py:115} INFO - [2022-09-25T14:51:38.289+0000] {dagbag.py:508} INFO - Filling up the DagBag from /home/airflow/.local/lib/python3.7/site-packages/airflow/example_dags/example_xcomargs.py
[2022-09-25T14:51:38.317+0000] {processor.py:650} INFO - DAG(s) dict_keys(['example_xcom_args', 'example_xcom_args_with_operators']) retrieved from /home/airflow/.local/lib/python3.7/site-packages/airflow/example_dags/example_xcomargs.py
[2022-09-25T14:51:38.463+0000] {logging_mixin.py:115} INFO - [2022-09-25T14:51:38.463+0000] {dag.py:2429} INFO - Sync 2 DAGs
[2022-09-25T14:51:38.885+0000] {logging_mixin.py:115} INFO - [2022-09-25T14:51:38.885+0000] {dag.py:2981} INFO - Setting next_dagrun for example_xcom_args to None, run_after=None
[2022-09-25T14:51:38.886+0000] {logging_mixin.py:115} INFO - [2022-09-25T14:51:38.886+0000] {dag.py:2981} INFO - Setting next_dagrun for example_xcom_args_with_operators to None, run_after=None
[2022-09-25T14:51:38.916+0000] {processor.py:161} INFO - Processing /home/airflow/.local/lib/python3.7/site-packages/airflow/example_dags/example_xcomargs.py took 0.636 seconds
[2022-09-25T14:52:09.597+0000] {processor.py:153} INFO - Started process (PID=12454) to work on /home/airflow/.local/lib/python3.7/site-packages/airflow/example_dags/example_xcomargs.py
[2022-09-25T14:52:09.599+0000] {processor.py:640} INFO - Processing file /home/airflow/.local/lib/python3.7/site-packages/airflow/example_dags/example_xcomargs.py for tasks to queue
[2022-09-25T14:52:09.601+0000] {logging_mixin.py:115} INFO - [2022-09-25T14:52:09.600+0000] {dagbag.py:508} INFO - Filling up the DagBag from /home/airflow/.local/lib/python3.7/site-packages/airflow/example_dags/example_xcomargs.py
[2022-09-25T14:52:09.645+0000] {processor.py:650} INFO - DAG(s) dict_keys(['example_xcom_args', 'example_xcom_args_with_operators']) retrieved from /home/airflow/.local/lib/python3.7/site-packages/airflow/example_dags/example_xcomargs.py
[2022-09-25T14:52:09.810+0000] {logging_mixin.py:115} INFO - [2022-09-25T14:52:09.810+0000] {dag.py:2429} INFO - Sync 2 DAGs
[2022-09-25T14:52:10.047+0000] {logging_mixin.py:115} INFO - [2022-09-25T14:52:10.047+0000] {dag.py:2981} INFO - Setting next_dagrun for example_xcom_args to None, run_after=None
[2022-09-25T14:52:10.048+0000] {logging_mixin.py:115} INFO - [2022-09-25T14:52:10.048+0000] {dag.py:2981} INFO - Setting next_dagrun for example_xcom_args_with_operators to None, run_after=None
[2022-09-25T14:52:10.076+0000] {processor.py:161} INFO - Processing /home/airflow/.local/lib/python3.7/site-packages/airflow/example_dags/example_xcomargs.py took 0.489 seconds
