[2022-09-25T14:22:34.374+0000] {processor.py:153} INFO - Started process (PID=395) to work on /home/airflow/.local/lib/python3.7/site-packages/airflow/example_dags/example_kubernetes_executor.py
[2022-09-25T14:22:34.394+0000] {processor.py:640} INFO - Processing file /home/airflow/.local/lib/python3.7/site-packages/airflow/example_dags/example_kubernetes_executor.py for tasks to queue
[2022-09-25T14:22:34.408+0000] {logging_mixin.py:115} INFO - [2022-09-25T14:22:34.407+0000] {dagbag.py:508} INFO - Filling up the DagBag from /home/airflow/.local/lib/python3.7/site-packages/airflow/example_dags/example_kubernetes_executor.py
[2022-09-25T14:22:34.926+0000] {processor.py:650} INFO - DAG(s) dict_keys(['example_kubernetes_executor']) retrieved from /home/airflow/.local/lib/python3.7/site-packages/airflow/example_dags/example_kubernetes_executor.py
[2022-09-25T14:22:35.599+0000] {logging_mixin.py:115} INFO - [2022-09-25T14:22:35.599+0000] {dag.py:2429} INFO - Sync 1 DAGs
[2022-09-25T14:22:36.157+0000] {logging_mixin.py:115} INFO - [2022-09-25T14:22:36.157+0000] {dag.py:2981} INFO - Setting next_dagrun for example_kubernetes_executor to None, run_after=None
[2022-09-25T14:22:36.448+0000] {processor.py:161} INFO - Processing /home/airflow/.local/lib/python3.7/site-packages/airflow/example_dags/example_kubernetes_executor.py took 2.135 seconds
[2022-09-25T14:23:06.636+0000] {processor.py:153} INFO - Started process (PID=598) to work on /home/airflow/.local/lib/python3.7/site-packages/airflow/example_dags/example_kubernetes_executor.py
[2022-09-25T14:23:06.641+0000] {processor.py:640} INFO - Processing file /home/airflow/.local/lib/python3.7/site-packages/airflow/example_dags/example_kubernetes_executor.py for tasks to queue
[2022-09-25T14:23:06.644+0000] {logging_mixin.py:115} INFO - [2022-09-25T14:23:06.644+0000] {dagbag.py:508} INFO - Filling up the DagBag from /home/airflow/.local/lib/python3.7/site-packages/airflow/example_dags/example_kubernetes_executor.py
[2022-09-25T14:23:06.755+0000] {processor.py:650} INFO - DAG(s) dict_keys(['example_kubernetes_executor']) retrieved from /home/airflow/.local/lib/python3.7/site-packages/airflow/example_dags/example_kubernetes_executor.py
[2022-09-25T14:23:06.864+0000] {logging_mixin.py:115} INFO - [2022-09-25T14:23:06.863+0000] {dag.py:2429} INFO - Sync 1 DAGs
[2022-09-25T14:23:06.913+0000] {logging_mixin.py:115} INFO - [2022-09-25T14:23:06.912+0000] {dag.py:2981} INFO - Setting next_dagrun for example_kubernetes_executor to None, run_after=None
[2022-09-25T14:23:06.940+0000] {processor.py:161} INFO - Processing /home/airflow/.local/lib/python3.7/site-packages/airflow/example_dags/example_kubernetes_executor.py took 0.317 seconds
[2022-09-25T14:23:37.345+0000] {processor.py:153} INFO - Started process (PID=812) to work on /home/airflow/.local/lib/python3.7/site-packages/airflow/example_dags/example_kubernetes_executor.py
[2022-09-25T14:23:37.347+0000] {processor.py:640} INFO - Processing file /home/airflow/.local/lib/python3.7/site-packages/airflow/example_dags/example_kubernetes_executor.py for tasks to queue
[2022-09-25T14:23:37.349+0000] {logging_mixin.py:115} INFO - [2022-09-25T14:23:37.349+0000] {dagbag.py:508} INFO - Filling up the DagBag from /home/airflow/.local/lib/python3.7/site-packages/airflow/example_dags/example_kubernetes_executor.py
[2022-09-25T14:23:37.391+0000] {processor.py:650} INFO - DAG(s) dict_keys(['example_kubernetes_executor']) retrieved from /home/airflow/.local/lib/python3.7/site-packages/airflow/example_dags/example_kubernetes_executor.py
[2022-09-25T14:23:37.433+0000] {logging_mixin.py:115} INFO - [2022-09-25T14:23:37.433+0000] {dag.py:2429} INFO - Sync 1 DAGs
[2022-09-25T14:23:37.467+0000] {logging_mixin.py:115} INFO - [2022-09-25T14:23:37.466+0000] {dag.py:2981} INFO - Setting next_dagrun for example_kubernetes_executor to None, run_after=None
[2022-09-25T14:23:37.494+0000] {processor.py:161} INFO - Processing /home/airflow/.local/lib/python3.7/site-packages/airflow/example_dags/example_kubernetes_executor.py took 0.154 seconds
[2022-09-25T14:24:08.349+0000] {processor.py:153} INFO - Started process (PID=1017) to work on /home/airflow/.local/lib/python3.7/site-packages/airflow/example_dags/example_kubernetes_executor.py
[2022-09-25T14:24:08.355+0000] {processor.py:640} INFO - Processing file /home/airflow/.local/lib/python3.7/site-packages/airflow/example_dags/example_kubernetes_executor.py for tasks to queue
[2022-09-25T14:24:08.358+0000] {logging_mixin.py:115} INFO - [2022-09-25T14:24:08.357+0000] {dagbag.py:508} INFO - Filling up the DagBag from /home/airflow/.local/lib/python3.7/site-packages/airflow/example_dags/example_kubernetes_executor.py
[2022-09-25T14:24:08.401+0000] {processor.py:650} INFO - DAG(s) dict_keys(['example_kubernetes_executor']) retrieved from /home/airflow/.local/lib/python3.7/site-packages/airflow/example_dags/example_kubernetes_executor.py
[2022-09-25T14:24:08.453+0000] {logging_mixin.py:115} INFO - [2022-09-25T14:24:08.453+0000] {dag.py:2429} INFO - Sync 1 DAGs
[2022-09-25T14:24:08.491+0000] {logging_mixin.py:115} INFO - [2022-09-25T14:24:08.491+0000] {dag.py:2981} INFO - Setting next_dagrun for example_kubernetes_executor to None, run_after=None
[2022-09-25T14:24:08.512+0000] {processor.py:161} INFO - Processing /home/airflow/.local/lib/python3.7/site-packages/airflow/example_dags/example_kubernetes_executor.py took 0.169 seconds
[2022-09-25T14:24:38.678+0000] {processor.py:153} INFO - Started process (PID=1232) to work on /home/airflow/.local/lib/python3.7/site-packages/airflow/example_dags/example_kubernetes_executor.py
[2022-09-25T14:24:38.681+0000] {processor.py:640} INFO - Processing file /home/airflow/.local/lib/python3.7/site-packages/airflow/example_dags/example_kubernetes_executor.py for tasks to queue
[2022-09-25T14:24:38.683+0000] {logging_mixin.py:115} INFO - [2022-09-25T14:24:38.683+0000] {dagbag.py:508} INFO - Filling up the DagBag from /home/airflow/.local/lib/python3.7/site-packages/airflow/example_dags/example_kubernetes_executor.py
[2022-09-25T14:24:38.723+0000] {processor.py:650} INFO - DAG(s) dict_keys(['example_kubernetes_executor']) retrieved from /home/airflow/.local/lib/python3.7/site-packages/airflow/example_dags/example_kubernetes_executor.py
[2022-09-25T14:24:38.761+0000] {logging_mixin.py:115} INFO - [2022-09-25T14:24:38.761+0000] {dag.py:2429} INFO - Sync 1 DAGs
[2022-09-25T14:24:38.793+0000] {logging_mixin.py:115} INFO - [2022-09-25T14:24:38.793+0000] {dag.py:2981} INFO - Setting next_dagrun for example_kubernetes_executor to None, run_after=None
[2022-09-25T14:24:38.810+0000] {processor.py:161} INFO - Processing /home/airflow/.local/lib/python3.7/site-packages/airflow/example_dags/example_kubernetes_executor.py took 0.138 seconds
[2022-09-25T14:25:09.073+0000] {processor.py:153} INFO - Started process (PID=1437) to work on /home/airflow/.local/lib/python3.7/site-packages/airflow/example_dags/example_kubernetes_executor.py
[2022-09-25T14:25:09.079+0000] {processor.py:640} INFO - Processing file /home/airflow/.local/lib/python3.7/site-packages/airflow/example_dags/example_kubernetes_executor.py for tasks to queue
[2022-09-25T14:25:09.083+0000] {logging_mixin.py:115} INFO - [2022-09-25T14:25:09.082+0000] {dagbag.py:508} INFO - Filling up the DagBag from /home/airflow/.local/lib/python3.7/site-packages/airflow/example_dags/example_kubernetes_executor.py
[2022-09-25T14:25:09.160+0000] {processor.py:650} INFO - DAG(s) dict_keys(['example_kubernetes_executor']) retrieved from /home/airflow/.local/lib/python3.7/site-packages/airflow/example_dags/example_kubernetes_executor.py
[2022-09-25T14:25:09.246+0000] {logging_mixin.py:115} INFO - [2022-09-25T14:25:09.246+0000] {dag.py:2429} INFO - Sync 1 DAGs
[2022-09-25T14:25:09.328+0000] {logging_mixin.py:115} INFO - [2022-09-25T14:25:09.328+0000] {dag.py:2981} INFO - Setting next_dagrun for example_kubernetes_executor to None, run_after=None
[2022-09-25T14:25:09.381+0000] {processor.py:161} INFO - Processing /home/airflow/.local/lib/python3.7/site-packages/airflow/example_dags/example_kubernetes_executor.py took 0.316 seconds
[2022-09-25T14:25:39.699+0000] {processor.py:153} INFO - Started process (PID=1651) to work on /home/airflow/.local/lib/python3.7/site-packages/airflow/example_dags/example_kubernetes_executor.py
[2022-09-25T14:25:39.708+0000] {processor.py:640} INFO - Processing file /home/airflow/.local/lib/python3.7/site-packages/airflow/example_dags/example_kubernetes_executor.py for tasks to queue
[2022-09-25T14:25:39.710+0000] {logging_mixin.py:115} INFO - [2022-09-25T14:25:39.709+0000] {dagbag.py:508} INFO - Filling up the DagBag from /home/airflow/.local/lib/python3.7/site-packages/airflow/example_dags/example_kubernetes_executor.py
[2022-09-25T14:25:39.750+0000] {processor.py:650} INFO - DAG(s) dict_keys(['example_kubernetes_executor']) retrieved from /home/airflow/.local/lib/python3.7/site-packages/airflow/example_dags/example_kubernetes_executor.py
[2022-09-25T14:25:39.788+0000] {logging_mixin.py:115} INFO - [2022-09-25T14:25:39.788+0000] {dag.py:2429} INFO - Sync 1 DAGs
[2022-09-25T14:25:39.822+0000] {logging_mixin.py:115} INFO - [2022-09-25T14:25:39.822+0000] {dag.py:2981} INFO - Setting next_dagrun for example_kubernetes_executor to None, run_after=None
[2022-09-25T14:25:39.840+0000] {processor.py:161} INFO - Processing /home/airflow/.local/lib/python3.7/site-packages/airflow/example_dags/example_kubernetes_executor.py took 0.146 seconds
[2022-09-25T14:26:10.440+0000] {processor.py:153} INFO - Started process (PID=1857) to work on /home/airflow/.local/lib/python3.7/site-packages/airflow/example_dags/example_kubernetes_executor.py
[2022-09-25T14:26:10.443+0000] {processor.py:640} INFO - Processing file /home/airflow/.local/lib/python3.7/site-packages/airflow/example_dags/example_kubernetes_executor.py for tasks to queue
[2022-09-25T14:26:10.446+0000] {logging_mixin.py:115} INFO - [2022-09-25T14:26:10.446+0000] {dagbag.py:508} INFO - Filling up the DagBag from /home/airflow/.local/lib/python3.7/site-packages/airflow/example_dags/example_kubernetes_executor.py
[2022-09-25T14:26:10.509+0000] {processor.py:650} INFO - DAG(s) dict_keys(['example_kubernetes_executor']) retrieved from /home/airflow/.local/lib/python3.7/site-packages/airflow/example_dags/example_kubernetes_executor.py
[2022-09-25T14:26:10.574+0000] {logging_mixin.py:115} INFO - [2022-09-25T14:26:10.574+0000] {dag.py:2429} INFO - Sync 1 DAGs
[2022-09-25T14:26:10.628+0000] {logging_mixin.py:115} INFO - [2022-09-25T14:26:10.627+0000] {dag.py:2981} INFO - Setting next_dagrun for example_kubernetes_executor to None, run_after=None
[2022-09-25T14:26:10.651+0000] {processor.py:161} INFO - Processing /home/airflow/.local/lib/python3.7/site-packages/airflow/example_dags/example_kubernetes_executor.py took 0.218 seconds
[2022-09-25T14:26:41.309+0000] {processor.py:153} INFO - Started process (PID=2072) to work on /home/airflow/.local/lib/python3.7/site-packages/airflow/example_dags/example_kubernetes_executor.py
[2022-09-25T14:26:41.313+0000] {processor.py:640} INFO - Processing file /home/airflow/.local/lib/python3.7/site-packages/airflow/example_dags/example_kubernetes_executor.py for tasks to queue
[2022-09-25T14:26:41.314+0000] {logging_mixin.py:115} INFO - [2022-09-25T14:26:41.314+0000] {dagbag.py:508} INFO - Filling up the DagBag from /home/airflow/.local/lib/python3.7/site-packages/airflow/example_dags/example_kubernetes_executor.py
[2022-09-25T14:26:41.353+0000] {processor.py:650} INFO - DAG(s) dict_keys(['example_kubernetes_executor']) retrieved from /home/airflow/.local/lib/python3.7/site-packages/airflow/example_dags/example_kubernetes_executor.py
[2022-09-25T14:26:41.392+0000] {logging_mixin.py:115} INFO - [2022-09-25T14:26:41.392+0000] {dag.py:2429} INFO - Sync 1 DAGs
[2022-09-25T14:26:41.424+0000] {logging_mixin.py:115} INFO - [2022-09-25T14:26:41.424+0000] {dag.py:2981} INFO - Setting next_dagrun for example_kubernetes_executor to None, run_after=None
[2022-09-25T14:26:41.448+0000] {processor.py:161} INFO - Processing /home/airflow/.local/lib/python3.7/site-packages/airflow/example_dags/example_kubernetes_executor.py took 0.144 seconds
[2022-09-25T14:27:11.782+0000] {processor.py:153} INFO - Started process (PID=2277) to work on /home/airflow/.local/lib/python3.7/site-packages/airflow/example_dags/example_kubernetes_executor.py
[2022-09-25T14:27:11.786+0000] {processor.py:640} INFO - Processing file /home/airflow/.local/lib/python3.7/site-packages/airflow/example_dags/example_kubernetes_executor.py for tasks to queue
[2022-09-25T14:27:11.788+0000] {logging_mixin.py:115} INFO - [2022-09-25T14:27:11.788+0000] {dagbag.py:508} INFO - Filling up the DagBag from /home/airflow/.local/lib/python3.7/site-packages/airflow/example_dags/example_kubernetes_executor.py
[2022-09-25T14:27:11.831+0000] {processor.py:650} INFO - DAG(s) dict_keys(['example_kubernetes_executor']) retrieved from /home/airflow/.local/lib/python3.7/site-packages/airflow/example_dags/example_kubernetes_executor.py
[2022-09-25T14:27:11.874+0000] {logging_mixin.py:115} INFO - [2022-09-25T14:27:11.874+0000] {dag.py:2429} INFO - Sync 1 DAGs
[2022-09-25T14:27:11.917+0000] {logging_mixin.py:115} INFO - [2022-09-25T14:27:11.917+0000] {dag.py:2981} INFO - Setting next_dagrun for example_kubernetes_executor to None, run_after=None
[2022-09-25T14:27:11.947+0000] {processor.py:161} INFO - Processing /home/airflow/.local/lib/python3.7/site-packages/airflow/example_dags/example_kubernetes_executor.py took 0.169 seconds
[2022-09-25T14:27:42.167+0000] {processor.py:153} INFO - Started process (PID=2489) to work on /home/airflow/.local/lib/python3.7/site-packages/airflow/example_dags/example_kubernetes_executor.py
[2022-09-25T14:27:42.169+0000] {processor.py:640} INFO - Processing file /home/airflow/.local/lib/python3.7/site-packages/airflow/example_dags/example_kubernetes_executor.py for tasks to queue
[2022-09-25T14:27:42.171+0000] {logging_mixin.py:115} INFO - [2022-09-25T14:27:42.171+0000] {dagbag.py:508} INFO - Filling up the DagBag from /home/airflow/.local/lib/python3.7/site-packages/airflow/example_dags/example_kubernetes_executor.py
[2022-09-25T14:27:42.211+0000] {processor.py:650} INFO - DAG(s) dict_keys(['example_kubernetes_executor']) retrieved from /home/airflow/.local/lib/python3.7/site-packages/airflow/example_dags/example_kubernetes_executor.py
[2022-09-25T14:27:42.252+0000] {logging_mixin.py:115} INFO - [2022-09-25T14:27:42.252+0000] {dag.py:2429} INFO - Sync 1 DAGs
[2022-09-25T14:27:42.285+0000] {logging_mixin.py:115} INFO - [2022-09-25T14:27:42.284+0000] {dag.py:2981} INFO - Setting next_dagrun for example_kubernetes_executor to None, run_after=None
[2022-09-25T14:27:42.309+0000] {processor.py:161} INFO - Processing /home/airflow/.local/lib/python3.7/site-packages/airflow/example_dags/example_kubernetes_executor.py took 0.149 seconds
[2022-09-25T14:28:13.246+0000] {processor.py:153} INFO - Started process (PID=2694) to work on /home/airflow/.local/lib/python3.7/site-packages/airflow/example_dags/example_kubernetes_executor.py
[2022-09-25T14:28:13.249+0000] {processor.py:640} INFO - Processing file /home/airflow/.local/lib/python3.7/site-packages/airflow/example_dags/example_kubernetes_executor.py for tasks to queue
[2022-09-25T14:28:13.251+0000] {logging_mixin.py:115} INFO - [2022-09-25T14:28:13.251+0000] {dagbag.py:508} INFO - Filling up the DagBag from /home/airflow/.local/lib/python3.7/site-packages/airflow/example_dags/example_kubernetes_executor.py
[2022-09-25T14:28:13.301+0000] {processor.py:650} INFO - DAG(s) dict_keys(['example_kubernetes_executor']) retrieved from /home/airflow/.local/lib/python3.7/site-packages/airflow/example_dags/example_kubernetes_executor.py
[2022-09-25T14:28:13.356+0000] {logging_mixin.py:115} INFO - [2022-09-25T14:28:13.355+0000] {dag.py:2429} INFO - Sync 1 DAGs
[2022-09-25T14:28:13.389+0000] {logging_mixin.py:115} INFO - [2022-09-25T14:28:13.388+0000] {dag.py:2981} INFO - Setting next_dagrun for example_kubernetes_executor to None, run_after=None
[2022-09-25T14:28:13.408+0000] {processor.py:161} INFO - Processing /home/airflow/.local/lib/python3.7/site-packages/airflow/example_dags/example_kubernetes_executor.py took 0.168 seconds
[2022-09-25T14:28:43.870+0000] {processor.py:153} INFO - Started process (PID=2908) to work on /home/airflow/.local/lib/python3.7/site-packages/airflow/example_dags/example_kubernetes_executor.py
[2022-09-25T14:28:43.879+0000] {processor.py:640} INFO - Processing file /home/airflow/.local/lib/python3.7/site-packages/airflow/example_dags/example_kubernetes_executor.py for tasks to queue
[2022-09-25T14:28:43.882+0000] {logging_mixin.py:115} INFO - [2022-09-25T14:28:43.881+0000] {dagbag.py:508} INFO - Filling up the DagBag from /home/airflow/.local/lib/python3.7/site-packages/airflow/example_dags/example_kubernetes_executor.py
[2022-09-25T14:28:43.943+0000] {processor.py:650} INFO - DAG(s) dict_keys(['example_kubernetes_executor']) retrieved from /home/airflow/.local/lib/python3.7/site-packages/airflow/example_dags/example_kubernetes_executor.py
[2022-09-25T14:28:44.007+0000] {logging_mixin.py:115} INFO - [2022-09-25T14:28:44.007+0000] {dag.py:2429} INFO - Sync 1 DAGs
[2022-09-25T14:28:44.056+0000] {logging_mixin.py:115} INFO - [2022-09-25T14:28:44.056+0000] {dag.py:2981} INFO - Setting next_dagrun for example_kubernetes_executor to None, run_after=None
[2022-09-25T14:28:44.086+0000] {processor.py:161} INFO - Processing /home/airflow/.local/lib/python3.7/site-packages/airflow/example_dags/example_kubernetes_executor.py took 0.227 seconds
[2022-09-25T14:29:14.504+0000] {processor.py:153} INFO - Started process (PID=3113) to work on /home/airflow/.local/lib/python3.7/site-packages/airflow/example_dags/example_kubernetes_executor.py
[2022-09-25T14:29:14.506+0000] {processor.py:640} INFO - Processing file /home/airflow/.local/lib/python3.7/site-packages/airflow/example_dags/example_kubernetes_executor.py for tasks to queue
[2022-09-25T14:29:14.508+0000] {logging_mixin.py:115} INFO - [2022-09-25T14:29:14.508+0000] {dagbag.py:508} INFO - Filling up the DagBag from /home/airflow/.local/lib/python3.7/site-packages/airflow/example_dags/example_kubernetes_executor.py
[2022-09-25T14:29:14.558+0000] {processor.py:650} INFO - DAG(s) dict_keys(['example_kubernetes_executor']) retrieved from /home/airflow/.local/lib/python3.7/site-packages/airflow/example_dags/example_kubernetes_executor.py
[2022-09-25T14:29:14.600+0000] {logging_mixin.py:115} INFO - [2022-09-25T14:29:14.600+0000] {dag.py:2429} INFO - Sync 1 DAGs
[2022-09-25T14:29:14.638+0000] {logging_mixin.py:115} INFO - [2022-09-25T14:29:14.638+0000] {dag.py:2981} INFO - Setting next_dagrun for example_kubernetes_executor to None, run_after=None
[2022-09-25T14:29:14.660+0000] {processor.py:161} INFO - Processing /home/airflow/.local/lib/python3.7/site-packages/airflow/example_dags/example_kubernetes_executor.py took 0.162 seconds
[2022-09-25T14:29:44.806+0000] {processor.py:153} INFO - Started process (PID=3333) to work on /home/airflow/.local/lib/python3.7/site-packages/airflow/example_dags/example_kubernetes_executor.py
[2022-09-25T14:29:44.808+0000] {processor.py:640} INFO - Processing file /home/airflow/.local/lib/python3.7/site-packages/airflow/example_dags/example_kubernetes_executor.py for tasks to queue
[2022-09-25T14:29:44.810+0000] {logging_mixin.py:115} INFO - [2022-09-25T14:29:44.810+0000] {dagbag.py:508} INFO - Filling up the DagBag from /home/airflow/.local/lib/python3.7/site-packages/airflow/example_dags/example_kubernetes_executor.py
[2022-09-25T14:29:44.852+0000] {processor.py:650} INFO - DAG(s) dict_keys(['example_kubernetes_executor']) retrieved from /home/airflow/.local/lib/python3.7/site-packages/airflow/example_dags/example_kubernetes_executor.py
[2022-09-25T14:29:44.896+0000] {logging_mixin.py:115} INFO - [2022-09-25T14:29:44.896+0000] {dag.py:2429} INFO - Sync 1 DAGs
[2022-09-25T14:29:44.931+0000] {logging_mixin.py:115} INFO - [2022-09-25T14:29:44.931+0000] {dag.py:2981} INFO - Setting next_dagrun for example_kubernetes_executor to None, run_after=None
[2022-09-25T14:29:44.949+0000] {processor.py:161} INFO - Processing /home/airflow/.local/lib/python3.7/site-packages/airflow/example_dags/example_kubernetes_executor.py took 0.149 seconds
[2022-09-25T14:30:15.486+0000] {processor.py:153} INFO - Started process (PID=3538) to work on /home/airflow/.local/lib/python3.7/site-packages/airflow/example_dags/example_kubernetes_executor.py
[2022-09-25T14:30:15.489+0000] {processor.py:640} INFO - Processing file /home/airflow/.local/lib/python3.7/site-packages/airflow/example_dags/example_kubernetes_executor.py for tasks to queue
[2022-09-25T14:30:15.491+0000] {logging_mixin.py:115} INFO - [2022-09-25T14:30:15.491+0000] {dagbag.py:508} INFO - Filling up the DagBag from /home/airflow/.local/lib/python3.7/site-packages/airflow/example_dags/example_kubernetes_executor.py
[2022-09-25T14:30:15.533+0000] {processor.py:650} INFO - DAG(s) dict_keys(['example_kubernetes_executor']) retrieved from /home/airflow/.local/lib/python3.7/site-packages/airflow/example_dags/example_kubernetes_executor.py
[2022-09-25T14:30:15.573+0000] {logging_mixin.py:115} INFO - [2022-09-25T14:30:15.573+0000] {dag.py:2429} INFO - Sync 1 DAGs
[2022-09-25T14:30:15.608+0000] {logging_mixin.py:115} INFO - [2022-09-25T14:30:15.608+0000] {dag.py:2981} INFO - Setting next_dagrun for example_kubernetes_executor to None, run_after=None
[2022-09-25T14:30:15.632+0000] {processor.py:161} INFO - Processing /home/airflow/.local/lib/python3.7/site-packages/airflow/example_dags/example_kubernetes_executor.py took 0.151 seconds
[2022-09-25T14:30:46.015+0000] {processor.py:153} INFO - Started process (PID=3752) to work on /home/airflow/.local/lib/python3.7/site-packages/airflow/example_dags/example_kubernetes_executor.py
[2022-09-25T14:30:46.017+0000] {processor.py:640} INFO - Processing file /home/airflow/.local/lib/python3.7/site-packages/airflow/example_dags/example_kubernetes_executor.py for tasks to queue
[2022-09-25T14:30:46.019+0000] {logging_mixin.py:115} INFO - [2022-09-25T14:30:46.019+0000] {dagbag.py:508} INFO - Filling up the DagBag from /home/airflow/.local/lib/python3.7/site-packages/airflow/example_dags/example_kubernetes_executor.py
[2022-09-25T14:30:46.060+0000] {processor.py:650} INFO - DAG(s) dict_keys(['example_kubernetes_executor']) retrieved from /home/airflow/.local/lib/python3.7/site-packages/airflow/example_dags/example_kubernetes_executor.py
[2022-09-25T14:30:46.099+0000] {logging_mixin.py:115} INFO - [2022-09-25T14:30:46.099+0000] {dag.py:2429} INFO - Sync 1 DAGs
[2022-09-25T14:30:46.133+0000] {logging_mixin.py:115} INFO - [2022-09-25T14:30:46.132+0000] {dag.py:2981} INFO - Setting next_dagrun for example_kubernetes_executor to None, run_after=None
[2022-09-25T14:30:46.157+0000] {processor.py:161} INFO - Processing /home/airflow/.local/lib/python3.7/site-packages/airflow/example_dags/example_kubernetes_executor.py took 0.147 seconds
[2022-09-25T14:31:16.568+0000] {processor.py:153} INFO - Started process (PID=3957) to work on /home/airflow/.local/lib/python3.7/site-packages/airflow/example_dags/example_kubernetes_executor.py
[2022-09-25T14:31:16.570+0000] {processor.py:640} INFO - Processing file /home/airflow/.local/lib/python3.7/site-packages/airflow/example_dags/example_kubernetes_executor.py for tasks to queue
[2022-09-25T14:31:16.572+0000] {logging_mixin.py:115} INFO - [2022-09-25T14:31:16.572+0000] {dagbag.py:508} INFO - Filling up the DagBag from /home/airflow/.local/lib/python3.7/site-packages/airflow/example_dags/example_kubernetes_executor.py
[2022-09-25T14:31:16.613+0000] {processor.py:650} INFO - DAG(s) dict_keys(['example_kubernetes_executor']) retrieved from /home/airflow/.local/lib/python3.7/site-packages/airflow/example_dags/example_kubernetes_executor.py
[2022-09-25T14:31:16.662+0000] {logging_mixin.py:115} INFO - [2022-09-25T14:31:16.661+0000] {dag.py:2429} INFO - Sync 1 DAGs
[2022-09-25T14:31:16.696+0000] {logging_mixin.py:115} INFO - [2022-09-25T14:31:16.696+0000] {dag.py:2981} INFO - Setting next_dagrun for example_kubernetes_executor to None, run_after=None
[2022-09-25T14:31:16.717+0000] {processor.py:161} INFO - Processing /home/airflow/.local/lib/python3.7/site-packages/airflow/example_dags/example_kubernetes_executor.py took 0.154 seconds
[2022-09-25T14:31:46.896+0000] {processor.py:153} INFO - Started process (PID=4160) to work on /home/airflow/.local/lib/python3.7/site-packages/airflow/example_dags/example_kubernetes_executor.py
[2022-09-25T14:31:46.901+0000] {processor.py:640} INFO - Processing file /home/airflow/.local/lib/python3.7/site-packages/airflow/example_dags/example_kubernetes_executor.py for tasks to queue
[2022-09-25T14:31:46.905+0000] {logging_mixin.py:115} INFO - [2022-09-25T14:31:46.905+0000] {dagbag.py:508} INFO - Filling up the DagBag from /home/airflow/.local/lib/python3.7/site-packages/airflow/example_dags/example_kubernetes_executor.py
[2022-09-25T14:31:46.949+0000] {processor.py:650} INFO - DAG(s) dict_keys(['example_kubernetes_executor']) retrieved from /home/airflow/.local/lib/python3.7/site-packages/airflow/example_dags/example_kubernetes_executor.py
[2022-09-25T14:31:46.989+0000] {logging_mixin.py:115} INFO - [2022-09-25T14:31:46.989+0000] {dag.py:2429} INFO - Sync 1 DAGs
[2022-09-25T14:31:47.022+0000] {logging_mixin.py:115} INFO - [2022-09-25T14:31:47.021+0000] {dag.py:2981} INFO - Setting next_dagrun for example_kubernetes_executor to None, run_after=None
[2022-09-25T14:31:47.041+0000] {processor.py:161} INFO - Processing /home/airflow/.local/lib/python3.7/site-packages/airflow/example_dags/example_kubernetes_executor.py took 0.153 seconds
[2022-09-25T14:32:18.025+0000] {processor.py:153} INFO - Started process (PID=4374) to work on /home/airflow/.local/lib/python3.7/site-packages/airflow/example_dags/example_kubernetes_executor.py
[2022-09-25T14:32:18.028+0000] {processor.py:640} INFO - Processing file /home/airflow/.local/lib/python3.7/site-packages/airflow/example_dags/example_kubernetes_executor.py for tasks to queue
[2022-09-25T14:32:18.030+0000] {logging_mixin.py:115} INFO - [2022-09-25T14:32:18.030+0000] {dagbag.py:508} INFO - Filling up the DagBag from /home/airflow/.local/lib/python3.7/site-packages/airflow/example_dags/example_kubernetes_executor.py
[2022-09-25T14:32:18.106+0000] {processor.py:650} INFO - DAG(s) dict_keys(['example_kubernetes_executor']) retrieved from /home/airflow/.local/lib/python3.7/site-packages/airflow/example_dags/example_kubernetes_executor.py
[2022-09-25T14:32:18.172+0000] {logging_mixin.py:115} INFO - [2022-09-25T14:32:18.171+0000] {dag.py:2429} INFO - Sync 1 DAGs
[2022-09-25T14:32:18.217+0000] {logging_mixin.py:115} INFO - [2022-09-25T14:32:18.217+0000] {dag.py:2981} INFO - Setting next_dagrun for example_kubernetes_executor to None, run_after=None
[2022-09-25T14:32:18.244+0000] {processor.py:161} INFO - Processing /home/airflow/.local/lib/python3.7/site-packages/airflow/example_dags/example_kubernetes_executor.py took 0.228 seconds
[2022-09-25T14:32:48.978+0000] {processor.py:153} INFO - Started process (PID=4579) to work on /home/airflow/.local/lib/python3.7/site-packages/airflow/example_dags/example_kubernetes_executor.py
[2022-09-25T14:32:48.981+0000] {processor.py:640} INFO - Processing file /home/airflow/.local/lib/python3.7/site-packages/airflow/example_dags/example_kubernetes_executor.py for tasks to queue
[2022-09-25T14:32:48.984+0000] {logging_mixin.py:115} INFO - [2022-09-25T14:32:48.983+0000] {dagbag.py:508} INFO - Filling up the DagBag from /home/airflow/.local/lib/python3.7/site-packages/airflow/example_dags/example_kubernetes_executor.py
[2022-09-25T14:32:49.047+0000] {processor.py:650} INFO - DAG(s) dict_keys(['example_kubernetes_executor']) retrieved from /home/airflow/.local/lib/python3.7/site-packages/airflow/example_dags/example_kubernetes_executor.py
[2022-09-25T14:32:49.104+0000] {logging_mixin.py:115} INFO - [2022-09-25T14:32:49.103+0000] {dag.py:2429} INFO - Sync 1 DAGs
[2022-09-25T14:32:49.156+0000] {logging_mixin.py:115} INFO - [2022-09-25T14:32:49.155+0000] {dag.py:2981} INFO - Setting next_dagrun for example_kubernetes_executor to None, run_after=None
[2022-09-25T14:32:49.189+0000] {processor.py:161} INFO - Processing /home/airflow/.local/lib/python3.7/site-packages/airflow/example_dags/example_kubernetes_executor.py took 0.220 seconds
[2022-09-25T14:33:20.206+0000] {processor.py:153} INFO - Started process (PID=4796) to work on /home/airflow/.local/lib/python3.7/site-packages/airflow/example_dags/example_kubernetes_executor.py
[2022-09-25T14:33:20.210+0000] {processor.py:640} INFO - Processing file /home/airflow/.local/lib/python3.7/site-packages/airflow/example_dags/example_kubernetes_executor.py for tasks to queue
[2022-09-25T14:33:20.212+0000] {logging_mixin.py:115} INFO - [2022-09-25T14:33:20.212+0000] {dagbag.py:508} INFO - Filling up the DagBag from /home/airflow/.local/lib/python3.7/site-packages/airflow/example_dags/example_kubernetes_executor.py
[2022-09-25T14:33:20.272+0000] {processor.py:650} INFO - DAG(s) dict_keys(['example_kubernetes_executor']) retrieved from /home/airflow/.local/lib/python3.7/site-packages/airflow/example_dags/example_kubernetes_executor.py
[2022-09-25T14:33:20.323+0000] {logging_mixin.py:115} INFO - [2022-09-25T14:33:20.322+0000] {dag.py:2429} INFO - Sync 1 DAGs
[2022-09-25T14:33:20.373+0000] {logging_mixin.py:115} INFO - [2022-09-25T14:33:20.372+0000] {dag.py:2981} INFO - Setting next_dagrun for example_kubernetes_executor to None, run_after=None
[2022-09-25T14:33:20.396+0000] {processor.py:161} INFO - Processing /home/airflow/.local/lib/python3.7/site-packages/airflow/example_dags/example_kubernetes_executor.py took 0.195 seconds
[2022-09-25T14:33:50.530+0000] {processor.py:153} INFO - Started process (PID=4998) to work on /home/airflow/.local/lib/python3.7/site-packages/airflow/example_dags/example_kubernetes_executor.py
[2022-09-25T14:33:50.533+0000] {processor.py:640} INFO - Processing file /home/airflow/.local/lib/python3.7/site-packages/airflow/example_dags/example_kubernetes_executor.py for tasks to queue
[2022-09-25T14:33:50.535+0000] {logging_mixin.py:115} INFO - [2022-09-25T14:33:50.535+0000] {dagbag.py:508} INFO - Filling up the DagBag from /home/airflow/.local/lib/python3.7/site-packages/airflow/example_dags/example_kubernetes_executor.py
[2022-09-25T14:33:50.587+0000] {processor.py:650} INFO - DAG(s) dict_keys(['example_kubernetes_executor']) retrieved from /home/airflow/.local/lib/python3.7/site-packages/airflow/example_dags/example_kubernetes_executor.py
[2022-09-25T14:33:50.640+0000] {logging_mixin.py:115} INFO - [2022-09-25T14:33:50.640+0000] {dag.py:2429} INFO - Sync 1 DAGs
[2022-09-25T14:33:50.677+0000] {logging_mixin.py:115} INFO - [2022-09-25T14:33:50.677+0000] {dag.py:2981} INFO - Setting next_dagrun for example_kubernetes_executor to None, run_after=None
[2022-09-25T14:33:50.699+0000] {processor.py:161} INFO - Processing /home/airflow/.local/lib/python3.7/site-packages/airflow/example_dags/example_kubernetes_executor.py took 0.175 seconds
[2022-09-25T14:34:21.817+0000] {processor.py:153} INFO - Started process (PID=5206) to work on /home/airflow/.local/lib/python3.7/site-packages/airflow/example_dags/example_kubernetes_executor.py
[2022-09-25T14:34:21.819+0000] {processor.py:640} INFO - Processing file /home/airflow/.local/lib/python3.7/site-packages/airflow/example_dags/example_kubernetes_executor.py for tasks to queue
[2022-09-25T14:34:21.823+0000] {logging_mixin.py:115} INFO - [2022-09-25T14:34:21.822+0000] {dagbag.py:508} INFO - Filling up the DagBag from /home/airflow/.local/lib/python3.7/site-packages/airflow/example_dags/example_kubernetes_executor.py
[2022-09-25T14:34:21.894+0000] {processor.py:650} INFO - DAG(s) dict_keys(['example_kubernetes_executor']) retrieved from /home/airflow/.local/lib/python3.7/site-packages/airflow/example_dags/example_kubernetes_executor.py
[2022-09-25T14:34:21.957+0000] {logging_mixin.py:115} INFO - [2022-09-25T14:34:21.956+0000] {dag.py:2429} INFO - Sync 1 DAGs
[2022-09-25T14:34:22.008+0000] {logging_mixin.py:115} INFO - [2022-09-25T14:34:22.008+0000] {dag.py:2981} INFO - Setting next_dagrun for example_kubernetes_executor to None, run_after=None
[2022-09-25T14:34:22.033+0000] {processor.py:161} INFO - Processing /home/airflow/.local/lib/python3.7/site-packages/airflow/example_dags/example_kubernetes_executor.py took 0.225 seconds
[2022-09-25T14:34:52.440+0000] {processor.py:153} INFO - Started process (PID=5413) to work on /home/airflow/.local/lib/python3.7/site-packages/airflow/example_dags/example_kubernetes_executor.py
[2022-09-25T14:34:52.443+0000] {processor.py:640} INFO - Processing file /home/airflow/.local/lib/python3.7/site-packages/airflow/example_dags/example_kubernetes_executor.py for tasks to queue
[2022-09-25T14:34:52.446+0000] {logging_mixin.py:115} INFO - [2022-09-25T14:34:52.446+0000] {dagbag.py:508} INFO - Filling up the DagBag from /home/airflow/.local/lib/python3.7/site-packages/airflow/example_dags/example_kubernetes_executor.py
[2022-09-25T14:34:52.483+0000] {processor.py:650} INFO - DAG(s) dict_keys(['example_kubernetes_executor']) retrieved from /home/airflow/.local/lib/python3.7/site-packages/airflow/example_dags/example_kubernetes_executor.py
[2022-09-25T14:34:52.521+0000] {logging_mixin.py:115} INFO - [2022-09-25T14:34:52.521+0000] {dag.py:2429} INFO - Sync 1 DAGs
[2022-09-25T14:34:52.552+0000] {logging_mixin.py:115} INFO - [2022-09-25T14:34:52.552+0000] {dag.py:2981} INFO - Setting next_dagrun for example_kubernetes_executor to None, run_after=None
[2022-09-25T14:34:52.575+0000] {processor.py:161} INFO - Processing /home/airflow/.local/lib/python3.7/site-packages/airflow/example_dags/example_kubernetes_executor.py took 0.139 seconds
[2022-09-25T14:35:23.167+0000] {processor.py:153} INFO - Started process (PID=5626) to work on /home/airflow/.local/lib/python3.7/site-packages/airflow/example_dags/example_kubernetes_executor.py
[2022-09-25T14:35:23.170+0000] {processor.py:640} INFO - Processing file /home/airflow/.local/lib/python3.7/site-packages/airflow/example_dags/example_kubernetes_executor.py for tasks to queue
[2022-09-25T14:35:23.171+0000] {logging_mixin.py:115} INFO - [2022-09-25T14:35:23.171+0000] {dagbag.py:508} INFO - Filling up the DagBag from /home/airflow/.local/lib/python3.7/site-packages/airflow/example_dags/example_kubernetes_executor.py
[2022-09-25T14:35:23.225+0000] {processor.py:650} INFO - DAG(s) dict_keys(['example_kubernetes_executor']) retrieved from /home/airflow/.local/lib/python3.7/site-packages/airflow/example_dags/example_kubernetes_executor.py
[2022-09-25T14:35:23.275+0000] {logging_mixin.py:115} INFO - [2022-09-25T14:35:23.275+0000] {dag.py:2429} INFO - Sync 1 DAGs
[2022-09-25T14:35:23.317+0000] {logging_mixin.py:115} INFO - [2022-09-25T14:35:23.317+0000] {dag.py:2981} INFO - Setting next_dagrun for example_kubernetes_executor to None, run_after=None
[2022-09-25T14:35:23.342+0000] {processor.py:161} INFO - Processing /home/airflow/.local/lib/python3.7/site-packages/airflow/example_dags/example_kubernetes_executor.py took 0.181 seconds
[2022-09-25T14:35:53.766+0000] {processor.py:153} INFO - Started process (PID=5831) to work on /home/airflow/.local/lib/python3.7/site-packages/airflow/example_dags/example_kubernetes_executor.py
[2022-09-25T14:35:53.769+0000] {processor.py:640} INFO - Processing file /home/airflow/.local/lib/python3.7/site-packages/airflow/example_dags/example_kubernetes_executor.py for tasks to queue
[2022-09-25T14:35:53.771+0000] {logging_mixin.py:115} INFO - [2022-09-25T14:35:53.771+0000] {dagbag.py:508} INFO - Filling up the DagBag from /home/airflow/.local/lib/python3.7/site-packages/airflow/example_dags/example_kubernetes_executor.py
[2022-09-25T14:35:53.818+0000] {processor.py:650} INFO - DAG(s) dict_keys(['example_kubernetes_executor']) retrieved from /home/airflow/.local/lib/python3.7/site-packages/airflow/example_dags/example_kubernetes_executor.py
[2022-09-25T14:35:53.861+0000] {logging_mixin.py:115} INFO - [2022-09-25T14:35:53.861+0000] {dag.py:2429} INFO - Sync 1 DAGs
[2022-09-25T14:35:53.896+0000] {logging_mixin.py:115} INFO - [2022-09-25T14:35:53.896+0000] {dag.py:2981} INFO - Setting next_dagrun for example_kubernetes_executor to None, run_after=None
[2022-09-25T14:35:53.922+0000] {processor.py:161} INFO - Processing /home/airflow/.local/lib/python3.7/site-packages/airflow/example_dags/example_kubernetes_executor.py took 0.163 seconds
[2022-09-25T14:36:25.132+0000] {processor.py:153} INFO - Started process (PID=6046) to work on /home/airflow/.local/lib/python3.7/site-packages/airflow/example_dags/example_kubernetes_executor.py
[2022-09-25T14:36:25.134+0000] {processor.py:640} INFO - Processing file /home/airflow/.local/lib/python3.7/site-packages/airflow/example_dags/example_kubernetes_executor.py for tasks to queue
[2022-09-25T14:36:25.138+0000] {logging_mixin.py:115} INFO - [2022-09-25T14:36:25.138+0000] {dagbag.py:508} INFO - Filling up the DagBag from /home/airflow/.local/lib/python3.7/site-packages/airflow/example_dags/example_kubernetes_executor.py
[2022-09-25T14:36:25.193+0000] {processor.py:650} INFO - DAG(s) dict_keys(['example_kubernetes_executor']) retrieved from /home/airflow/.local/lib/python3.7/site-packages/airflow/example_dags/example_kubernetes_executor.py
[2022-09-25T14:36:25.241+0000] {logging_mixin.py:115} INFO - [2022-09-25T14:36:25.241+0000] {dag.py:2429} INFO - Sync 1 DAGs
[2022-09-25T14:36:25.278+0000] {logging_mixin.py:115} INFO - [2022-09-25T14:36:25.278+0000] {dag.py:2981} INFO - Setting next_dagrun for example_kubernetes_executor to None, run_after=None
[2022-09-25T14:36:25.301+0000] {processor.py:161} INFO - Processing /home/airflow/.local/lib/python3.7/site-packages/airflow/example_dags/example_kubernetes_executor.py took 0.175 seconds
[2022-09-25T14:36:55.998+0000] {processor.py:153} INFO - Started process (PID=6260) to work on /home/airflow/.local/lib/python3.7/site-packages/airflow/example_dags/example_kubernetes_executor.py
[2022-09-25T14:36:56.001+0000] {processor.py:640} INFO - Processing file /home/airflow/.local/lib/python3.7/site-packages/airflow/example_dags/example_kubernetes_executor.py for tasks to queue
[2022-09-25T14:36:56.003+0000] {logging_mixin.py:115} INFO - [2022-09-25T14:36:56.002+0000] {dagbag.py:508} INFO - Filling up the DagBag from /home/airflow/.local/lib/python3.7/site-packages/airflow/example_dags/example_kubernetes_executor.py
[2022-09-25T14:36:56.050+0000] {processor.py:650} INFO - DAG(s) dict_keys(['example_kubernetes_executor']) retrieved from /home/airflow/.local/lib/python3.7/site-packages/airflow/example_dags/example_kubernetes_executor.py
[2022-09-25T14:36:56.094+0000] {logging_mixin.py:115} INFO - [2022-09-25T14:36:56.094+0000] {dag.py:2429} INFO - Sync 1 DAGs
[2022-09-25T14:36:56.129+0000] {logging_mixin.py:115} INFO - [2022-09-25T14:36:56.129+0000] {dag.py:2981} INFO - Setting next_dagrun for example_kubernetes_executor to None, run_after=None
[2022-09-25T14:36:56.150+0000] {processor.py:161} INFO - Processing /home/airflow/.local/lib/python3.7/site-packages/airflow/example_dags/example_kubernetes_executor.py took 0.157 seconds
[2022-09-25T14:37:26.966+0000] {processor.py:153} INFO - Started process (PID=6464) to work on /home/airflow/.local/lib/python3.7/site-packages/airflow/example_dags/example_kubernetes_executor.py
[2022-09-25T14:37:26.968+0000] {processor.py:640} INFO - Processing file /home/airflow/.local/lib/python3.7/site-packages/airflow/example_dags/example_kubernetes_executor.py for tasks to queue
[2022-09-25T14:37:26.971+0000] {logging_mixin.py:115} INFO - [2022-09-25T14:37:26.970+0000] {dagbag.py:508} INFO - Filling up the DagBag from /home/airflow/.local/lib/python3.7/site-packages/airflow/example_dags/example_kubernetes_executor.py
[2022-09-25T14:37:27.017+0000] {processor.py:650} INFO - DAG(s) dict_keys(['example_kubernetes_executor']) retrieved from /home/airflow/.local/lib/python3.7/site-packages/airflow/example_dags/example_kubernetes_executor.py
[2022-09-25T14:37:27.068+0000] {logging_mixin.py:115} INFO - [2022-09-25T14:37:27.068+0000] {dag.py:2429} INFO - Sync 1 DAGs
[2022-09-25T14:37:27.115+0000] {logging_mixin.py:115} INFO - [2022-09-25T14:37:27.115+0000] {dag.py:2981} INFO - Setting next_dagrun for example_kubernetes_executor to None, run_after=None
[2022-09-25T14:37:27.136+0000] {processor.py:161} INFO - Processing /home/airflow/.local/lib/python3.7/site-packages/airflow/example_dags/example_kubernetes_executor.py took 0.178 seconds
[2022-09-25T14:37:57.582+0000] {processor.py:153} INFO - Started process (PID=6671) to work on /home/airflow/.local/lib/python3.7/site-packages/airflow/example_dags/example_kubernetes_executor.py
[2022-09-25T14:37:57.585+0000] {processor.py:640} INFO - Processing file /home/airflow/.local/lib/python3.7/site-packages/airflow/example_dags/example_kubernetes_executor.py for tasks to queue
[2022-09-25T14:37:57.588+0000] {logging_mixin.py:115} INFO - [2022-09-25T14:37:57.588+0000] {dagbag.py:508} INFO - Filling up the DagBag from /home/airflow/.local/lib/python3.7/site-packages/airflow/example_dags/example_kubernetes_executor.py
[2022-09-25T14:37:57.632+0000] {processor.py:650} INFO - DAG(s) dict_keys(['example_kubernetes_executor']) retrieved from /home/airflow/.local/lib/python3.7/site-packages/airflow/example_dags/example_kubernetes_executor.py
[2022-09-25T14:37:57.700+0000] {logging_mixin.py:115} INFO - [2022-09-25T14:37:57.700+0000] {dag.py:2429} INFO - Sync 1 DAGs
[2022-09-25T14:37:57.773+0000] {logging_mixin.py:115} INFO - [2022-09-25T14:37:57.769+0000] {dag.py:2981} INFO - Setting next_dagrun for example_kubernetes_executor to None, run_after=None
[2022-09-25T14:37:57.836+0000] {processor.py:161} INFO - Processing /home/airflow/.local/lib/python3.7/site-packages/airflow/example_dags/example_kubernetes_executor.py took 0.261 seconds
[2022-09-25T14:38:28.662+0000] {processor.py:153} INFO - Started process (PID=6884) to work on /home/airflow/.local/lib/python3.7/site-packages/airflow/example_dags/example_kubernetes_executor.py
[2022-09-25T14:38:28.666+0000] {processor.py:640} INFO - Processing file /home/airflow/.local/lib/python3.7/site-packages/airflow/example_dags/example_kubernetes_executor.py for tasks to queue
[2022-09-25T14:38:28.668+0000] {logging_mixin.py:115} INFO - [2022-09-25T14:38:28.668+0000] {dagbag.py:508} INFO - Filling up the DagBag from /home/airflow/.local/lib/python3.7/site-packages/airflow/example_dags/example_kubernetes_executor.py
[2022-09-25T14:38:28.710+0000] {processor.py:650} INFO - DAG(s) dict_keys(['example_kubernetes_executor']) retrieved from /home/airflow/.local/lib/python3.7/site-packages/airflow/example_dags/example_kubernetes_executor.py
[2022-09-25T14:38:28.758+0000] {logging_mixin.py:115} INFO - [2022-09-25T14:38:28.757+0000] {dag.py:2429} INFO - Sync 1 DAGs
[2022-09-25T14:38:28.794+0000] {logging_mixin.py:115} INFO - [2022-09-25T14:38:28.793+0000] {dag.py:2981} INFO - Setting next_dagrun for example_kubernetes_executor to None, run_after=None
[2022-09-25T14:38:28.814+0000] {processor.py:161} INFO - Processing /home/airflow/.local/lib/python3.7/site-packages/airflow/example_dags/example_kubernetes_executor.py took 0.159 seconds
[2022-09-25T14:38:59.430+0000] {processor.py:153} INFO - Started process (PID=7089) to work on /home/airflow/.local/lib/python3.7/site-packages/airflow/example_dags/example_kubernetes_executor.py
[2022-09-25T14:38:59.433+0000] {processor.py:640} INFO - Processing file /home/airflow/.local/lib/python3.7/site-packages/airflow/example_dags/example_kubernetes_executor.py for tasks to queue
[2022-09-25T14:38:59.436+0000] {logging_mixin.py:115} INFO - [2022-09-25T14:38:59.436+0000] {dagbag.py:508} INFO - Filling up the DagBag from /home/airflow/.local/lib/python3.7/site-packages/airflow/example_dags/example_kubernetes_executor.py
[2022-09-25T14:38:59.487+0000] {processor.py:650} INFO - DAG(s) dict_keys(['example_kubernetes_executor']) retrieved from /home/airflow/.local/lib/python3.7/site-packages/airflow/example_dags/example_kubernetes_executor.py
[2022-09-25T14:38:59.544+0000] {logging_mixin.py:115} INFO - [2022-09-25T14:38:59.544+0000] {dag.py:2429} INFO - Sync 1 DAGs
[2022-09-25T14:38:59.587+0000] {logging_mixin.py:115} INFO - [2022-09-25T14:38:59.586+0000] {dag.py:2981} INFO - Setting next_dagrun for example_kubernetes_executor to None, run_after=None
[2022-09-25T14:38:59.614+0000] {processor.py:161} INFO - Processing /home/airflow/.local/lib/python3.7/site-packages/airflow/example_dags/example_kubernetes_executor.py took 0.192 seconds
[2022-09-25T14:39:30.482+0000] {processor.py:153} INFO - Started process (PID=7302) to work on /home/airflow/.local/lib/python3.7/site-packages/airflow/example_dags/example_kubernetes_executor.py
[2022-09-25T14:39:30.484+0000] {processor.py:640} INFO - Processing file /home/airflow/.local/lib/python3.7/site-packages/airflow/example_dags/example_kubernetes_executor.py for tasks to queue
[2022-09-25T14:39:30.488+0000] {logging_mixin.py:115} INFO - [2022-09-25T14:39:30.488+0000] {dagbag.py:508} INFO - Filling up the DagBag from /home/airflow/.local/lib/python3.7/site-packages/airflow/example_dags/example_kubernetes_executor.py
[2022-09-25T14:39:30.533+0000] {processor.py:650} INFO - DAG(s) dict_keys(['example_kubernetes_executor']) retrieved from /home/airflow/.local/lib/python3.7/site-packages/airflow/example_dags/example_kubernetes_executor.py
[2022-09-25T14:39:30.586+0000] {logging_mixin.py:115} INFO - [2022-09-25T14:39:30.585+0000] {dag.py:2429} INFO - Sync 1 DAGs
[2022-09-25T14:39:30.632+0000] {logging_mixin.py:115} INFO - [2022-09-25T14:39:30.632+0000] {dag.py:2981} INFO - Setting next_dagrun for example_kubernetes_executor to None, run_after=None
[2022-09-25T14:39:30.669+0000] {processor.py:161} INFO - Processing /home/airflow/.local/lib/python3.7/site-packages/airflow/example_dags/example_kubernetes_executor.py took 0.195 seconds
[2022-09-25T14:40:01.430+0000] {processor.py:153} INFO - Started process (PID=7507) to work on /home/airflow/.local/lib/python3.7/site-packages/airflow/example_dags/example_kubernetes_executor.py
[2022-09-25T14:40:01.433+0000] {processor.py:640} INFO - Processing file /home/airflow/.local/lib/python3.7/site-packages/airflow/example_dags/example_kubernetes_executor.py for tasks to queue
[2022-09-25T14:40:01.434+0000] {logging_mixin.py:115} INFO - [2022-09-25T14:40:01.434+0000] {dagbag.py:508} INFO - Filling up the DagBag from /home/airflow/.local/lib/python3.7/site-packages/airflow/example_dags/example_kubernetes_executor.py
[2022-09-25T14:40:01.476+0000] {processor.py:650} INFO - DAG(s) dict_keys(['example_kubernetes_executor']) retrieved from /home/airflow/.local/lib/python3.7/site-packages/airflow/example_dags/example_kubernetes_executor.py
[2022-09-25T14:40:01.521+0000] {logging_mixin.py:115} INFO - [2022-09-25T14:40:01.521+0000] {dag.py:2429} INFO - Sync 1 DAGs
[2022-09-25T14:40:01.557+0000] {logging_mixin.py:115} INFO - [2022-09-25T14:40:01.557+0000] {dag.py:2981} INFO - Setting next_dagrun for example_kubernetes_executor to None, run_after=None
[2022-09-25T14:40:01.580+0000] {processor.py:161} INFO - Processing /home/airflow/.local/lib/python3.7/site-packages/airflow/example_dags/example_kubernetes_executor.py took 0.155 seconds
[2022-09-25T14:40:32.055+0000] {processor.py:153} INFO - Started process (PID=7722) to work on /home/airflow/.local/lib/python3.7/site-packages/airflow/example_dags/example_kubernetes_executor.py
[2022-09-25T14:40:32.057+0000] {processor.py:640} INFO - Processing file /home/airflow/.local/lib/python3.7/site-packages/airflow/example_dags/example_kubernetes_executor.py for tasks to queue
[2022-09-25T14:40:32.060+0000] {logging_mixin.py:115} INFO - [2022-09-25T14:40:32.060+0000] {dagbag.py:508} INFO - Filling up the DagBag from /home/airflow/.local/lib/python3.7/site-packages/airflow/example_dags/example_kubernetes_executor.py
[2022-09-25T14:40:32.111+0000] {processor.py:650} INFO - DAG(s) dict_keys(['example_kubernetes_executor']) retrieved from /home/airflow/.local/lib/python3.7/site-packages/airflow/example_dags/example_kubernetes_executor.py
[2022-09-25T14:40:32.161+0000] {logging_mixin.py:115} INFO - [2022-09-25T14:40:32.161+0000] {dag.py:2429} INFO - Sync 1 DAGs
[2022-09-25T14:40:32.206+0000] {logging_mixin.py:115} INFO - [2022-09-25T14:40:32.206+0000] {dag.py:2981} INFO - Setting next_dagrun for example_kubernetes_executor to None, run_after=None
[2022-09-25T14:40:32.230+0000] {processor.py:161} INFO - Processing /home/airflow/.local/lib/python3.7/site-packages/airflow/example_dags/example_kubernetes_executor.py took 0.181 seconds
[2022-09-25T14:41:02.579+0000] {processor.py:153} INFO - Started process (PID=7926) to work on /home/airflow/.local/lib/python3.7/site-packages/airflow/example_dags/example_kubernetes_executor.py
[2022-09-25T14:41:02.582+0000] {processor.py:640} INFO - Processing file /home/airflow/.local/lib/python3.7/site-packages/airflow/example_dags/example_kubernetes_executor.py for tasks to queue
[2022-09-25T14:41:02.586+0000] {logging_mixin.py:115} INFO - [2022-09-25T14:41:02.586+0000] {dagbag.py:508} INFO - Filling up the DagBag from /home/airflow/.local/lib/python3.7/site-packages/airflow/example_dags/example_kubernetes_executor.py
[2022-09-25T14:41:02.630+0000] {processor.py:650} INFO - DAG(s) dict_keys(['example_kubernetes_executor']) retrieved from /home/airflow/.local/lib/python3.7/site-packages/airflow/example_dags/example_kubernetes_executor.py
[2022-09-25T14:41:02.678+0000] {logging_mixin.py:115} INFO - [2022-09-25T14:41:02.677+0000] {dag.py:2429} INFO - Sync 1 DAGs
[2022-09-25T14:41:02.716+0000] {logging_mixin.py:115} INFO - [2022-09-25T14:41:02.716+0000] {dag.py:2981} INFO - Setting next_dagrun for example_kubernetes_executor to None, run_after=None
[2022-09-25T14:41:02.742+0000] {processor.py:161} INFO - Processing /home/airflow/.local/lib/python3.7/site-packages/airflow/example_dags/example_kubernetes_executor.py took 0.169 seconds
[2022-09-25T14:41:33.600+0000] {processor.py:153} INFO - Started process (PID=8140) to work on /home/airflow/.local/lib/python3.7/site-packages/airflow/example_dags/example_kubernetes_executor.py
[2022-09-25T14:41:33.603+0000] {processor.py:640} INFO - Processing file /home/airflow/.local/lib/python3.7/site-packages/airflow/example_dags/example_kubernetes_executor.py for tasks to queue
[2022-09-25T14:41:33.606+0000] {logging_mixin.py:115} INFO - [2022-09-25T14:41:33.606+0000] {dagbag.py:508} INFO - Filling up the DagBag from /home/airflow/.local/lib/python3.7/site-packages/airflow/example_dags/example_kubernetes_executor.py
[2022-09-25T14:41:33.658+0000] {processor.py:650} INFO - DAG(s) dict_keys(['example_kubernetes_executor']) retrieved from /home/airflow/.local/lib/python3.7/site-packages/airflow/example_dags/example_kubernetes_executor.py
[2022-09-25T14:41:33.728+0000] {logging_mixin.py:115} INFO - [2022-09-25T14:41:33.728+0000] {dag.py:2429} INFO - Sync 1 DAGs
[2022-09-25T14:41:33.780+0000] {logging_mixin.py:115} INFO - [2022-09-25T14:41:33.779+0000] {dag.py:2981} INFO - Setting next_dagrun for example_kubernetes_executor to None, run_after=None
[2022-09-25T14:41:33.806+0000] {processor.py:161} INFO - Processing /home/airflow/.local/lib/python3.7/site-packages/airflow/example_dags/example_kubernetes_executor.py took 0.213 seconds
[2022-09-25T14:42:03.887+0000] {processor.py:153} INFO - Started process (PID=8340) to work on /home/airflow/.local/lib/python3.7/site-packages/airflow/example_dags/example_kubernetes_executor.py
[2022-09-25T14:42:03.889+0000] {processor.py:640} INFO - Processing file /home/airflow/.local/lib/python3.7/site-packages/airflow/example_dags/example_kubernetes_executor.py for tasks to queue
[2022-09-25T14:42:03.891+0000] {logging_mixin.py:115} INFO - [2022-09-25T14:42:03.890+0000] {dagbag.py:508} INFO - Filling up the DagBag from /home/airflow/.local/lib/python3.7/site-packages/airflow/example_dags/example_kubernetes_executor.py
[2022-09-25T14:42:03.939+0000] {processor.py:650} INFO - DAG(s) dict_keys(['example_kubernetes_executor']) retrieved from /home/airflow/.local/lib/python3.7/site-packages/airflow/example_dags/example_kubernetes_executor.py
[2022-09-25T14:42:03.994+0000] {logging_mixin.py:115} INFO - [2022-09-25T14:42:03.994+0000] {dag.py:2429} INFO - Sync 1 DAGs
[2022-09-25T14:42:04.036+0000] {logging_mixin.py:115} INFO - [2022-09-25T14:42:04.036+0000] {dag.py:2981} INFO - Setting next_dagrun for example_kubernetes_executor to None, run_after=None
[2022-09-25T14:42:04.061+0000] {processor.py:161} INFO - Processing /home/airflow/.local/lib/python3.7/site-packages/airflow/example_dags/example_kubernetes_executor.py took 0.183 seconds
[2022-09-25T14:42:34.800+0000] {processor.py:153} INFO - Started process (PID=8555) to work on /home/airflow/.local/lib/python3.7/site-packages/airflow/example_dags/example_kubernetes_executor.py
[2022-09-25T14:42:34.802+0000] {processor.py:640} INFO - Processing file /home/airflow/.local/lib/python3.7/site-packages/airflow/example_dags/example_kubernetes_executor.py for tasks to queue
[2022-09-25T14:42:34.806+0000] {logging_mixin.py:115} INFO - [2022-09-25T14:42:34.806+0000] {dagbag.py:508} INFO - Filling up the DagBag from /home/airflow/.local/lib/python3.7/site-packages/airflow/example_dags/example_kubernetes_executor.py
[2022-09-25T14:42:34.855+0000] {processor.py:650} INFO - DAG(s) dict_keys(['example_kubernetes_executor']) retrieved from /home/airflow/.local/lib/python3.7/site-packages/airflow/example_dags/example_kubernetes_executor.py
[2022-09-25T14:42:34.902+0000] {logging_mixin.py:115} INFO - [2022-09-25T14:42:34.902+0000] {dag.py:2429} INFO - Sync 1 DAGs
[2022-09-25T14:42:34.939+0000] {logging_mixin.py:115} INFO - [2022-09-25T14:42:34.939+0000] {dag.py:2981} INFO - Setting next_dagrun for example_kubernetes_executor to None, run_after=None
[2022-09-25T14:42:34.957+0000] {processor.py:161} INFO - Processing /home/airflow/.local/lib/python3.7/site-packages/airflow/example_dags/example_kubernetes_executor.py took 0.164 seconds
[2022-09-25T14:43:05.518+0000] {processor.py:153} INFO - Started process (PID=8761) to work on /home/airflow/.local/lib/python3.7/site-packages/airflow/example_dags/example_kubernetes_executor.py
[2022-09-25T14:43:05.521+0000] {processor.py:640} INFO - Processing file /home/airflow/.local/lib/python3.7/site-packages/airflow/example_dags/example_kubernetes_executor.py for tasks to queue
[2022-09-25T14:43:05.523+0000] {logging_mixin.py:115} INFO - [2022-09-25T14:43:05.522+0000] {dagbag.py:508} INFO - Filling up the DagBag from /home/airflow/.local/lib/python3.7/site-packages/airflow/example_dags/example_kubernetes_executor.py
[2022-09-25T14:43:05.562+0000] {processor.py:650} INFO - DAG(s) dict_keys(['example_kubernetes_executor']) retrieved from /home/airflow/.local/lib/python3.7/site-packages/airflow/example_dags/example_kubernetes_executor.py
[2022-09-25T14:43:05.610+0000] {logging_mixin.py:115} INFO - [2022-09-25T14:43:05.609+0000] {dag.py:2429} INFO - Sync 1 DAGs
[2022-09-25T14:43:05.662+0000] {logging_mixin.py:115} INFO - [2022-09-25T14:43:05.661+0000] {dag.py:2981} INFO - Setting next_dagrun for example_kubernetes_executor to None, run_after=None
[2022-09-25T14:43:05.695+0000] {processor.py:161} INFO - Processing /home/airflow/.local/lib/python3.7/site-packages/airflow/example_dags/example_kubernetes_executor.py took 0.182 seconds
[2022-09-25T14:43:36.083+0000] {processor.py:153} INFO - Started process (PID=8976) to work on /home/airflow/.local/lib/python3.7/site-packages/airflow/example_dags/example_kubernetes_executor.py
[2022-09-25T14:43:36.086+0000] {processor.py:640} INFO - Processing file /home/airflow/.local/lib/python3.7/site-packages/airflow/example_dags/example_kubernetes_executor.py for tasks to queue
[2022-09-25T14:43:36.088+0000] {logging_mixin.py:115} INFO - [2022-09-25T14:43:36.088+0000] {dagbag.py:508} INFO - Filling up the DagBag from /home/airflow/.local/lib/python3.7/site-packages/airflow/example_dags/example_kubernetes_executor.py
[2022-09-25T14:43:36.137+0000] {processor.py:650} INFO - DAG(s) dict_keys(['example_kubernetes_executor']) retrieved from /home/airflow/.local/lib/python3.7/site-packages/airflow/example_dags/example_kubernetes_executor.py
[2022-09-25T14:43:36.219+0000] {logging_mixin.py:115} INFO - [2022-09-25T14:43:36.218+0000] {dag.py:2429} INFO - Sync 1 DAGs
[2022-09-25T14:43:36.267+0000] {logging_mixin.py:115} INFO - [2022-09-25T14:43:36.266+0000] {dag.py:2981} INFO - Setting next_dagrun for example_kubernetes_executor to None, run_after=None
[2022-09-25T14:43:36.293+0000] {processor.py:161} INFO - Processing /home/airflow/.local/lib/python3.7/site-packages/airflow/example_dags/example_kubernetes_executor.py took 0.216 seconds
[2022-09-25T14:44:06.663+0000] {processor.py:153} INFO - Started process (PID=9181) to work on /home/airflow/.local/lib/python3.7/site-packages/airflow/example_dags/example_kubernetes_executor.py
[2022-09-25T14:44:06.666+0000] {processor.py:640} INFO - Processing file /home/airflow/.local/lib/python3.7/site-packages/airflow/example_dags/example_kubernetes_executor.py for tasks to queue
[2022-09-25T14:44:06.671+0000] {logging_mixin.py:115} INFO - [2022-09-25T14:44:06.670+0000] {dagbag.py:508} INFO - Filling up the DagBag from /home/airflow/.local/lib/python3.7/site-packages/airflow/example_dags/example_kubernetes_executor.py
[2022-09-25T14:44:06.720+0000] {processor.py:650} INFO - DAG(s) dict_keys(['example_kubernetes_executor']) retrieved from /home/airflow/.local/lib/python3.7/site-packages/airflow/example_dags/example_kubernetes_executor.py
[2022-09-25T14:44:06.787+0000] {logging_mixin.py:115} INFO - [2022-09-25T14:44:06.787+0000] {dag.py:2429} INFO - Sync 1 DAGs
[2022-09-25T14:44:06.849+0000] {logging_mixin.py:115} INFO - [2022-09-25T14:44:06.848+0000] {dag.py:2981} INFO - Setting next_dagrun for example_kubernetes_executor to None, run_after=None
[2022-09-25T14:44:06.886+0000] {processor.py:161} INFO - Processing /home/airflow/.local/lib/python3.7/site-packages/airflow/example_dags/example_kubernetes_executor.py took 0.229 seconds
[2022-09-25T14:44:37.186+0000] {processor.py:153} INFO - Started process (PID=9401) to work on /home/airflow/.local/lib/python3.7/site-packages/airflow/example_dags/example_kubernetes_executor.py
[2022-09-25T14:44:37.188+0000] {processor.py:640} INFO - Processing file /home/airflow/.local/lib/python3.7/site-packages/airflow/example_dags/example_kubernetes_executor.py for tasks to queue
[2022-09-25T14:44:37.190+0000] {logging_mixin.py:115} INFO - [2022-09-25T14:44:37.190+0000] {dagbag.py:508} INFO - Filling up the DagBag from /home/airflow/.local/lib/python3.7/site-packages/airflow/example_dags/example_kubernetes_executor.py
[2022-09-25T14:44:37.233+0000] {processor.py:650} INFO - DAG(s) dict_keys(['example_kubernetes_executor']) retrieved from /home/airflow/.local/lib/python3.7/site-packages/airflow/example_dags/example_kubernetes_executor.py
[2022-09-25T14:44:37.273+0000] {logging_mixin.py:115} INFO - [2022-09-25T14:44:37.273+0000] {dag.py:2429} INFO - Sync 1 DAGs
[2022-09-25T14:44:37.307+0000] {logging_mixin.py:115} INFO - [2022-09-25T14:44:37.307+0000] {dag.py:2981} INFO - Setting next_dagrun for example_kubernetes_executor to None, run_after=None
[2022-09-25T14:44:37.321+0000] {processor.py:161} INFO - Processing /home/airflow/.local/lib/python3.7/site-packages/airflow/example_dags/example_kubernetes_executor.py took 0.140 seconds
[2022-09-25T14:45:07.955+0000] {processor.py:153} INFO - Started process (PID=9601) to work on /home/airflow/.local/lib/python3.7/site-packages/airflow/example_dags/example_kubernetes_executor.py
[2022-09-25T14:45:07.959+0000] {processor.py:640} INFO - Processing file /home/airflow/.local/lib/python3.7/site-packages/airflow/example_dags/example_kubernetes_executor.py for tasks to queue
[2022-09-25T14:45:07.961+0000] {logging_mixin.py:115} INFO - [2022-09-25T14:45:07.961+0000] {dagbag.py:508} INFO - Filling up the DagBag from /home/airflow/.local/lib/python3.7/site-packages/airflow/example_dags/example_kubernetes_executor.py
[2022-09-25T14:45:08.018+0000] {processor.py:650} INFO - DAG(s) dict_keys(['example_kubernetes_executor']) retrieved from /home/airflow/.local/lib/python3.7/site-packages/airflow/example_dags/example_kubernetes_executor.py
[2022-09-25T14:45:08.098+0000] {logging_mixin.py:115} INFO - [2022-09-25T14:45:08.098+0000] {dag.py:2429} INFO - Sync 1 DAGs
[2022-09-25T14:45:08.149+0000] {logging_mixin.py:115} INFO - [2022-09-25T14:45:08.148+0000] {dag.py:2981} INFO - Setting next_dagrun for example_kubernetes_executor to None, run_after=None
[2022-09-25T14:45:08.175+0000] {processor.py:161} INFO - Processing /home/airflow/.local/lib/python3.7/site-packages/airflow/example_dags/example_kubernetes_executor.py took 0.226 seconds
[2022-09-25T14:45:38.327+0000] {processor.py:153} INFO - Started process (PID=9815) to work on /home/airflow/.local/lib/python3.7/site-packages/airflow/example_dags/example_kubernetes_executor.py
[2022-09-25T14:45:38.333+0000] {processor.py:640} INFO - Processing file /home/airflow/.local/lib/python3.7/site-packages/airflow/example_dags/example_kubernetes_executor.py for tasks to queue
[2022-09-25T14:45:38.339+0000] {logging_mixin.py:115} INFO - [2022-09-25T14:45:38.338+0000] {dagbag.py:508} INFO - Filling up the DagBag from /home/airflow/.local/lib/python3.7/site-packages/airflow/example_dags/example_kubernetes_executor.py
[2022-09-25T14:45:38.397+0000] {processor.py:650} INFO - DAG(s) dict_keys(['example_kubernetes_executor']) retrieved from /home/airflow/.local/lib/python3.7/site-packages/airflow/example_dags/example_kubernetes_executor.py
[2022-09-25T14:45:38.460+0000] {logging_mixin.py:115} INFO - [2022-09-25T14:45:38.460+0000] {dag.py:2429} INFO - Sync 1 DAGs
[2022-09-25T14:45:38.517+0000] {logging_mixin.py:115} INFO - [2022-09-25T14:45:38.517+0000] {dag.py:2981} INFO - Setting next_dagrun for example_kubernetes_executor to None, run_after=None
[2022-09-25T14:45:38.554+0000] {processor.py:161} INFO - Processing /home/airflow/.local/lib/python3.7/site-packages/airflow/example_dags/example_kubernetes_executor.py took 0.235 seconds
[2022-09-25T14:46:09.598+0000] {processor.py:153} INFO - Started process (PID=10020) to work on /home/airflow/.local/lib/python3.7/site-packages/airflow/example_dags/example_kubernetes_executor.py
[2022-09-25T14:46:09.600+0000] {processor.py:640} INFO - Processing file /home/airflow/.local/lib/python3.7/site-packages/airflow/example_dags/example_kubernetes_executor.py for tasks to queue
[2022-09-25T14:46:09.603+0000] {logging_mixin.py:115} INFO - [2022-09-25T14:46:09.603+0000] {dagbag.py:508} INFO - Filling up the DagBag from /home/airflow/.local/lib/python3.7/site-packages/airflow/example_dags/example_kubernetes_executor.py
[2022-09-25T14:46:09.647+0000] {processor.py:650} INFO - DAG(s) dict_keys(['example_kubernetes_executor']) retrieved from /home/airflow/.local/lib/python3.7/site-packages/airflow/example_dags/example_kubernetes_executor.py
[2022-09-25T14:46:09.702+0000] {logging_mixin.py:115} INFO - [2022-09-25T14:46:09.702+0000] {dag.py:2429} INFO - Sync 1 DAGs
[2022-09-25T14:46:09.745+0000] {logging_mixin.py:115} INFO - [2022-09-25T14:46:09.745+0000] {dag.py:2981} INFO - Setting next_dagrun for example_kubernetes_executor to None, run_after=None
[2022-09-25T14:46:09.775+0000] {processor.py:161} INFO - Processing /home/airflow/.local/lib/python3.7/site-packages/airflow/example_dags/example_kubernetes_executor.py took 0.183 seconds
[2022-09-25T14:46:40.177+0000] {processor.py:153} INFO - Started process (PID=10234) to work on /home/airflow/.local/lib/python3.7/site-packages/airflow/example_dags/example_kubernetes_executor.py
[2022-09-25T14:46:40.180+0000] {processor.py:640} INFO - Processing file /home/airflow/.local/lib/python3.7/site-packages/airflow/example_dags/example_kubernetes_executor.py for tasks to queue
[2022-09-25T14:46:40.182+0000] {logging_mixin.py:115} INFO - [2022-09-25T14:46:40.181+0000] {dagbag.py:508} INFO - Filling up the DagBag from /home/airflow/.local/lib/python3.7/site-packages/airflow/example_dags/example_kubernetes_executor.py
[2022-09-25T14:46:40.223+0000] {processor.py:650} INFO - DAG(s) dict_keys(['example_kubernetes_executor']) retrieved from /home/airflow/.local/lib/python3.7/site-packages/airflow/example_dags/example_kubernetes_executor.py
[2022-09-25T14:46:40.274+0000] {logging_mixin.py:115} INFO - [2022-09-25T14:46:40.273+0000] {dag.py:2429} INFO - Sync 1 DAGs
[2022-09-25T14:46:40.318+0000] {logging_mixin.py:115} INFO - [2022-09-25T14:46:40.318+0000] {dag.py:2981} INFO - Setting next_dagrun for example_kubernetes_executor to None, run_after=None
[2022-09-25T14:46:40.325+0000] {processor.py:161} INFO - Processing /home/airflow/.local/lib/python3.7/site-packages/airflow/example_dags/example_kubernetes_executor.py took 0.179 seconds
[2022-09-25T14:47:10.563+0000] {processor.py:153} INFO - Started process (PID=10436) to work on /home/airflow/.local/lib/python3.7/site-packages/airflow/example_dags/example_kubernetes_executor.py
[2022-09-25T14:47:10.572+0000] {processor.py:640} INFO - Processing file /home/airflow/.local/lib/python3.7/site-packages/airflow/example_dags/example_kubernetes_executor.py for tasks to queue
[2022-09-25T14:47:10.576+0000] {logging_mixin.py:115} INFO - [2022-09-25T14:47:10.575+0000] {dagbag.py:508} INFO - Filling up the DagBag from /home/airflow/.local/lib/python3.7/site-packages/airflow/example_dags/example_kubernetes_executor.py
[2022-09-25T14:47:10.639+0000] {processor.py:650} INFO - DAG(s) dict_keys(['example_kubernetes_executor']) retrieved from /home/airflow/.local/lib/python3.7/site-packages/airflow/example_dags/example_kubernetes_executor.py
[2022-09-25T14:47:10.698+0000] {logging_mixin.py:115} INFO - [2022-09-25T14:47:10.698+0000] {dag.py:2429} INFO - Sync 1 DAGs
[2022-09-25T14:47:10.749+0000] {logging_mixin.py:115} INFO - [2022-09-25T14:47:10.749+0000] {dag.py:2981} INFO - Setting next_dagrun for example_kubernetes_executor to None, run_after=None
[2022-09-25T14:47:10.775+0000] {processor.py:161} INFO - Processing /home/airflow/.local/lib/python3.7/site-packages/airflow/example_dags/example_kubernetes_executor.py took 0.221 seconds
[2022-09-25T14:47:41.297+0000] {processor.py:153} INFO - Started process (PID=10653) to work on /home/airflow/.local/lib/python3.7/site-packages/airflow/example_dags/example_kubernetes_executor.py
[2022-09-25T14:47:41.300+0000] {processor.py:640} INFO - Processing file /home/airflow/.local/lib/python3.7/site-packages/airflow/example_dags/example_kubernetes_executor.py for tasks to queue
[2022-09-25T14:47:41.302+0000] {logging_mixin.py:115} INFO - [2022-09-25T14:47:41.302+0000] {dagbag.py:508} INFO - Filling up the DagBag from /home/airflow/.local/lib/python3.7/site-packages/airflow/example_dags/example_kubernetes_executor.py
[2022-09-25T14:47:41.341+0000] {processor.py:650} INFO - DAG(s) dict_keys(['example_kubernetes_executor']) retrieved from /home/airflow/.local/lib/python3.7/site-packages/airflow/example_dags/example_kubernetes_executor.py
[2022-09-25T14:47:41.386+0000] {logging_mixin.py:115} INFO - [2022-09-25T14:47:41.386+0000] {dag.py:2429} INFO - Sync 1 DAGs
[2022-09-25T14:47:41.427+0000] {logging_mixin.py:115} INFO - [2022-09-25T14:47:41.426+0000] {dag.py:2981} INFO - Setting next_dagrun for example_kubernetes_executor to None, run_after=None
[2022-09-25T14:47:41.450+0000] {processor.py:161} INFO - Processing /home/airflow/.local/lib/python3.7/site-packages/airflow/example_dags/example_kubernetes_executor.py took 0.161 seconds
[2022-09-25T14:48:12.202+0000] {processor.py:153} INFO - Started process (PID=10859) to work on /home/airflow/.local/lib/python3.7/site-packages/airflow/example_dags/example_kubernetes_executor.py
[2022-09-25T14:48:12.204+0000] {processor.py:640} INFO - Processing file /home/airflow/.local/lib/python3.7/site-packages/airflow/example_dags/example_kubernetes_executor.py for tasks to queue
[2022-09-25T14:48:12.207+0000] {logging_mixin.py:115} INFO - [2022-09-25T14:48:12.206+0000] {dagbag.py:508} INFO - Filling up the DagBag from /home/airflow/.local/lib/python3.7/site-packages/airflow/example_dags/example_kubernetes_executor.py
[2022-09-25T14:48:12.265+0000] {processor.py:650} INFO - DAG(s) dict_keys(['example_kubernetes_executor']) retrieved from /home/airflow/.local/lib/python3.7/site-packages/airflow/example_dags/example_kubernetes_executor.py
[2022-09-25T14:48:12.331+0000] {logging_mixin.py:115} INFO - [2022-09-25T14:48:12.331+0000] {dag.py:2429} INFO - Sync 1 DAGs
[2022-09-25T14:48:12.382+0000] {logging_mixin.py:115} INFO - [2022-09-25T14:48:12.381+0000] {dag.py:2981} INFO - Setting next_dagrun for example_kubernetes_executor to None, run_after=None
[2022-09-25T14:48:12.409+0000] {processor.py:161} INFO - Processing /home/airflow/.local/lib/python3.7/site-packages/airflow/example_dags/example_kubernetes_executor.py took 0.215 seconds
[2022-09-25T14:48:42.606+0000] {processor.py:153} INFO - Started process (PID=11070) to work on /home/airflow/.local/lib/python3.7/site-packages/airflow/example_dags/example_kubernetes_executor.py
[2022-09-25T14:48:42.615+0000] {processor.py:640} INFO - Processing file /home/airflow/.local/lib/python3.7/site-packages/airflow/example_dags/example_kubernetes_executor.py for tasks to queue
[2022-09-25T14:48:42.618+0000] {logging_mixin.py:115} INFO - [2022-09-25T14:48:42.618+0000] {dagbag.py:508} INFO - Filling up the DagBag from /home/airflow/.local/lib/python3.7/site-packages/airflow/example_dags/example_kubernetes_executor.py
[2022-09-25T14:48:42.709+0000] {processor.py:650} INFO - DAG(s) dict_keys(['example_kubernetes_executor']) retrieved from /home/airflow/.local/lib/python3.7/site-packages/airflow/example_dags/example_kubernetes_executor.py
[2022-09-25T14:48:42.771+0000] {logging_mixin.py:115} INFO - [2022-09-25T14:48:42.771+0000] {dag.py:2429} INFO - Sync 1 DAGs
[2022-09-25T14:48:42.812+0000] {logging_mixin.py:115} INFO - [2022-09-25T14:48:42.812+0000] {dag.py:2981} INFO - Setting next_dagrun for example_kubernetes_executor to None, run_after=None
[2022-09-25T14:48:42.834+0000] {processor.py:161} INFO - Processing /home/airflow/.local/lib/python3.7/site-packages/airflow/example_dags/example_kubernetes_executor.py took 0.240 seconds
[2022-09-25T14:49:13.330+0000] {processor.py:153} INFO - Started process (PID=11275) to work on /home/airflow/.local/lib/python3.7/site-packages/airflow/example_dags/example_kubernetes_executor.py
[2022-09-25T14:49:13.332+0000] {processor.py:640} INFO - Processing file /home/airflow/.local/lib/python3.7/site-packages/airflow/example_dags/example_kubernetes_executor.py for tasks to queue
[2022-09-25T14:49:13.334+0000] {logging_mixin.py:115} INFO - [2022-09-25T14:49:13.334+0000] {dagbag.py:508} INFO - Filling up the DagBag from /home/airflow/.local/lib/python3.7/site-packages/airflow/example_dags/example_kubernetes_executor.py
[2022-09-25T14:49:13.374+0000] {processor.py:650} INFO - DAG(s) dict_keys(['example_kubernetes_executor']) retrieved from /home/airflow/.local/lib/python3.7/site-packages/airflow/example_dags/example_kubernetes_executor.py
[2022-09-25T14:49:13.417+0000] {logging_mixin.py:115} INFO - [2022-09-25T14:49:13.417+0000] {dag.py:2429} INFO - Sync 1 DAGs
[2022-09-25T14:49:13.452+0000] {logging_mixin.py:115} INFO - [2022-09-25T14:49:13.452+0000] {dag.py:2981} INFO - Setting next_dagrun for example_kubernetes_executor to None, run_after=None
[2022-09-25T14:49:13.476+0000] {processor.py:161} INFO - Processing /home/airflow/.local/lib/python3.7/site-packages/airflow/example_dags/example_kubernetes_executor.py took 0.153 seconds
[2022-09-25T14:49:43.552+0000] {processor.py:153} INFO - Started process (PID=11487) to work on /home/airflow/.local/lib/python3.7/site-packages/airflow/example_dags/example_kubernetes_executor.py
[2022-09-25T14:49:43.556+0000] {processor.py:640} INFO - Processing file /home/airflow/.local/lib/python3.7/site-packages/airflow/example_dags/example_kubernetes_executor.py for tasks to queue
[2022-09-25T14:49:43.559+0000] {logging_mixin.py:115} INFO - [2022-09-25T14:49:43.559+0000] {dagbag.py:508} INFO - Filling up the DagBag from /home/airflow/.local/lib/python3.7/site-packages/airflow/example_dags/example_kubernetes_executor.py
[2022-09-25T14:49:43.606+0000] {processor.py:650} INFO - DAG(s) dict_keys(['example_kubernetes_executor']) retrieved from /home/airflow/.local/lib/python3.7/site-packages/airflow/example_dags/example_kubernetes_executor.py
[2022-09-25T14:49:43.676+0000] {logging_mixin.py:115} INFO - [2022-09-25T14:49:43.676+0000] {dag.py:2429} INFO - Sync 1 DAGs
[2022-09-25T14:49:43.714+0000] {logging_mixin.py:115} INFO - [2022-09-25T14:49:43.714+0000] {dag.py:2981} INFO - Setting next_dagrun for example_kubernetes_executor to None, run_after=None
[2022-09-25T14:49:43.746+0000] {processor.py:161} INFO - Processing /home/airflow/.local/lib/python3.7/site-packages/airflow/example_dags/example_kubernetes_executor.py took 0.203 seconds
[2022-09-25T14:50:14.058+0000] {processor.py:153} INFO - Started process (PID=11689) to work on /home/airflow/.local/lib/python3.7/site-packages/airflow/example_dags/example_kubernetes_executor.py
[2022-09-25T14:50:14.059+0000] {processor.py:640} INFO - Processing file /home/airflow/.local/lib/python3.7/site-packages/airflow/example_dags/example_kubernetes_executor.py for tasks to queue
[2022-09-25T14:50:14.061+0000] {logging_mixin.py:115} INFO - [2022-09-25T14:50:14.061+0000] {dagbag.py:508} INFO - Filling up the DagBag from /home/airflow/.local/lib/python3.7/site-packages/airflow/example_dags/example_kubernetes_executor.py
[2022-09-25T14:50:14.102+0000] {processor.py:650} INFO - DAG(s) dict_keys(['example_kubernetes_executor']) retrieved from /home/airflow/.local/lib/python3.7/site-packages/airflow/example_dags/example_kubernetes_executor.py
[2022-09-25T14:50:14.143+0000] {logging_mixin.py:115} INFO - [2022-09-25T14:50:14.143+0000] {dag.py:2429} INFO - Sync 1 DAGs
[2022-09-25T14:50:14.177+0000] {logging_mixin.py:115} INFO - [2022-09-25T14:50:14.177+0000] {dag.py:2981} INFO - Setting next_dagrun for example_kubernetes_executor to None, run_after=None
[2022-09-25T14:50:14.202+0000] {processor.py:161} INFO - Processing /home/airflow/.local/lib/python3.7/site-packages/airflow/example_dags/example_kubernetes_executor.py took 0.149 seconds
[2022-09-25T14:50:44.441+0000] {processor.py:153} INFO - Started process (PID=11895) to work on /home/airflow/.local/lib/python3.7/site-packages/airflow/example_dags/example_kubernetes_executor.py
[2022-09-25T14:50:44.444+0000] {processor.py:640} INFO - Processing file /home/airflow/.local/lib/python3.7/site-packages/airflow/example_dags/example_kubernetes_executor.py for tasks to queue
[2022-09-25T14:50:44.446+0000] {logging_mixin.py:115} INFO - [2022-09-25T14:50:44.446+0000] {dagbag.py:508} INFO - Filling up the DagBag from /home/airflow/.local/lib/python3.7/site-packages/airflow/example_dags/example_kubernetes_executor.py
[2022-09-25T14:50:44.501+0000] {processor.py:650} INFO - DAG(s) dict_keys(['example_kubernetes_executor']) retrieved from /home/airflow/.local/lib/python3.7/site-packages/airflow/example_dags/example_kubernetes_executor.py
[2022-09-25T14:50:44.569+0000] {logging_mixin.py:115} INFO - [2022-09-25T14:50:44.568+0000] {dag.py:2429} INFO - Sync 1 DAGs
[2022-09-25T14:50:44.647+0000] {logging_mixin.py:115} INFO - [2022-09-25T14:50:44.643+0000] {dag.py:2981} INFO - Setting next_dagrun for example_kubernetes_executor to None, run_after=None
[2022-09-25T14:50:44.703+0000] {processor.py:161} INFO - Processing /home/airflow/.local/lib/python3.7/site-packages/airflow/example_dags/example_kubernetes_executor.py took 0.267 seconds
[2022-09-25T14:51:15.125+0000] {processor.py:153} INFO - Started process (PID=12109) to work on /home/airflow/.local/lib/python3.7/site-packages/airflow/example_dags/example_kubernetes_executor.py
[2022-09-25T14:51:15.127+0000] {processor.py:640} INFO - Processing file /home/airflow/.local/lib/python3.7/site-packages/airflow/example_dags/example_kubernetes_executor.py for tasks to queue
[2022-09-25T14:51:15.129+0000] {logging_mixin.py:115} INFO - [2022-09-25T14:51:15.129+0000] {dagbag.py:508} INFO - Filling up the DagBag from /home/airflow/.local/lib/python3.7/site-packages/airflow/example_dags/example_kubernetes_executor.py
[2022-09-25T14:51:15.178+0000] {processor.py:650} INFO - DAG(s) dict_keys(['example_kubernetes_executor']) retrieved from /home/airflow/.local/lib/python3.7/site-packages/airflow/example_dags/example_kubernetes_executor.py
[2022-09-25T14:51:15.235+0000] {logging_mixin.py:115} INFO - [2022-09-25T14:51:15.235+0000] {dag.py:2429} INFO - Sync 1 DAGs
[2022-09-25T14:51:15.278+0000] {logging_mixin.py:115} INFO - [2022-09-25T14:51:15.278+0000] {dag.py:2981} INFO - Setting next_dagrun for example_kubernetes_executor to None, run_after=None
[2022-09-25T14:51:15.302+0000] {processor.py:161} INFO - Processing /home/airflow/.local/lib/python3.7/site-packages/airflow/example_dags/example_kubernetes_executor.py took 0.184 seconds
[2022-09-25T14:51:46.272+0000] {processor.py:153} INFO - Started process (PID=12321) to work on /home/airflow/.local/lib/python3.7/site-packages/airflow/example_dags/example_kubernetes_executor.py
[2022-09-25T14:51:46.281+0000] {processor.py:640} INFO - Processing file /home/airflow/.local/lib/python3.7/site-packages/airflow/example_dags/example_kubernetes_executor.py for tasks to queue
[2022-09-25T14:51:46.286+0000] {logging_mixin.py:115} INFO - [2022-09-25T14:51:46.285+0000] {dagbag.py:508} INFO - Filling up the DagBag from /home/airflow/.local/lib/python3.7/site-packages/airflow/example_dags/example_kubernetes_executor.py
[2022-09-25T14:51:46.348+0000] {processor.py:650} INFO - DAG(s) dict_keys(['example_kubernetes_executor']) retrieved from /home/airflow/.local/lib/python3.7/site-packages/airflow/example_dags/example_kubernetes_executor.py
[2022-09-25T14:51:46.401+0000] {logging_mixin.py:115} INFO - [2022-09-25T14:51:46.401+0000] {dag.py:2429} INFO - Sync 1 DAGs
[2022-09-25T14:51:46.453+0000] {logging_mixin.py:115} INFO - [2022-09-25T14:51:46.453+0000] {dag.py:2981} INFO - Setting next_dagrun for example_kubernetes_executor to None, run_after=None
[2022-09-25T14:51:46.474+0000] {processor.py:161} INFO - Processing /home/airflow/.local/lib/python3.7/site-packages/airflow/example_dags/example_kubernetes_executor.py took 0.215 seconds
