[2022-09-25T14:22:28.356+0000] {processor.py:153} INFO - Started process (PID=370) to work on /home/airflow/.local/lib/python3.7/site-packages/airflow/example_dags/example_time_delta_sensor_async.py
[2022-09-25T14:22:28.363+0000] {processor.py:640} INFO - Processing file /home/airflow/.local/lib/python3.7/site-packages/airflow/example_dags/example_time_delta_sensor_async.py for tasks to queue
[2022-09-25T14:22:28.366+0000] {logging_mixin.py:115} INFO - [2022-09-25T14:22:28.366+0000] {dagbag.py:508} INFO - Filling up the DagBag from /home/airflow/.local/lib/python3.7/site-packages/airflow/example_dags/example_time_delta_sensor_async.py
[2022-09-25T14:22:28.448+0000] {processor.py:650} INFO - DAG(s) dict_keys(['example_time_delta_sensor_async']) retrieved from /home/airflow/.local/lib/python3.7/site-packages/airflow/example_dags/example_time_delta_sensor_async.py
[2022-09-25T14:22:30.986+0000] {logging_mixin.py:115} INFO - [2022-09-25T14:22:30.986+0000] {dag.py:2429} INFO - Sync 1 DAGs
[2022-09-25T14:22:31.089+0000] {logging_mixin.py:115} INFO - [2022-09-25T14:22:31.089+0000] {dag.py:2981} INFO - Setting next_dagrun for example_time_delta_sensor_async to None, run_after=None
[2022-09-25T14:22:31.158+0000] {processor.py:161} INFO - Processing /home/airflow/.local/lib/python3.7/site-packages/airflow/example_dags/example_time_delta_sensor_async.py took 2.824 seconds
[2022-09-25T14:23:01.920+0000] {processor.py:153} INFO - Started process (PID=576) to work on /home/airflow/.local/lib/python3.7/site-packages/airflow/example_dags/example_time_delta_sensor_async.py
[2022-09-25T14:23:01.922+0000] {processor.py:640} INFO - Processing file /home/airflow/.local/lib/python3.7/site-packages/airflow/example_dags/example_time_delta_sensor_async.py for tasks to queue
[2022-09-25T14:23:01.924+0000] {logging_mixin.py:115} INFO - [2022-09-25T14:23:01.923+0000] {dagbag.py:508} INFO - Filling up the DagBag from /home/airflow/.local/lib/python3.7/site-packages/airflow/example_dags/example_time_delta_sensor_async.py
[2022-09-25T14:23:01.932+0000] {processor.py:650} INFO - DAG(s) dict_keys(['example_time_delta_sensor_async']) retrieved from /home/airflow/.local/lib/python3.7/site-packages/airflow/example_dags/example_time_delta_sensor_async.py
[2022-09-25T14:23:02.226+0000] {logging_mixin.py:115} INFO - [2022-09-25T14:23:02.225+0000] {dag.py:2429} INFO - Sync 1 DAGs
[2022-09-25T14:23:02.258+0000] {logging_mixin.py:115} INFO - [2022-09-25T14:23:02.258+0000] {dag.py:2981} INFO - Setting next_dagrun for example_time_delta_sensor_async to None, run_after=None
[2022-09-25T14:23:02.281+0000] {processor.py:161} INFO - Processing /home/airflow/.local/lib/python3.7/site-packages/airflow/example_dags/example_time_delta_sensor_async.py took 0.366 seconds
[2022-09-25T14:23:32.409+0000] {processor.py:153} INFO - Started process (PID=778) to work on /home/airflow/.local/lib/python3.7/site-packages/airflow/example_dags/example_time_delta_sensor_async.py
[2022-09-25T14:23:32.411+0000] {processor.py:640} INFO - Processing file /home/airflow/.local/lib/python3.7/site-packages/airflow/example_dags/example_time_delta_sensor_async.py for tasks to queue
[2022-09-25T14:23:32.414+0000] {logging_mixin.py:115} INFO - [2022-09-25T14:23:32.414+0000] {dagbag.py:508} INFO - Filling up the DagBag from /home/airflow/.local/lib/python3.7/site-packages/airflow/example_dags/example_time_delta_sensor_async.py
[2022-09-25T14:23:32.428+0000] {processor.py:650} INFO - DAG(s) dict_keys(['example_time_delta_sensor_async']) retrieved from /home/airflow/.local/lib/python3.7/site-packages/airflow/example_dags/example_time_delta_sensor_async.py
[2022-09-25T14:23:32.949+0000] {logging_mixin.py:115} INFO - [2022-09-25T14:23:32.948+0000] {dag.py:2429} INFO - Sync 1 DAGs
[2022-09-25T14:23:33.013+0000] {logging_mixin.py:115} INFO - [2022-09-25T14:23:33.013+0000] {dag.py:2981} INFO - Setting next_dagrun for example_time_delta_sensor_async to None, run_after=None
[2022-09-25T14:23:33.043+0000] {processor.py:161} INFO - Processing /home/airflow/.local/lib/python3.7/site-packages/airflow/example_dags/example_time_delta_sensor_async.py took 0.641 seconds
[2022-09-25T14:24:03.680+0000] {processor.py:153} INFO - Started process (PID=995) to work on /home/airflow/.local/lib/python3.7/site-packages/airflow/example_dags/example_time_delta_sensor_async.py
[2022-09-25T14:24:03.683+0000] {processor.py:640} INFO - Processing file /home/airflow/.local/lib/python3.7/site-packages/airflow/example_dags/example_time_delta_sensor_async.py for tasks to queue
[2022-09-25T14:24:03.684+0000] {logging_mixin.py:115} INFO - [2022-09-25T14:24:03.684+0000] {dagbag.py:508} INFO - Filling up the DagBag from /home/airflow/.local/lib/python3.7/site-packages/airflow/example_dags/example_time_delta_sensor_async.py
[2022-09-25T14:24:03.694+0000] {processor.py:650} INFO - DAG(s) dict_keys(['example_time_delta_sensor_async']) retrieved from /home/airflow/.local/lib/python3.7/site-packages/airflow/example_dags/example_time_delta_sensor_async.py
[2022-09-25T14:24:04.018+0000] {logging_mixin.py:115} INFO - [2022-09-25T14:24:04.017+0000] {dag.py:2429} INFO - Sync 1 DAGs
[2022-09-25T14:24:04.055+0000] {logging_mixin.py:115} INFO - [2022-09-25T14:24:04.055+0000] {dag.py:2981} INFO - Setting next_dagrun for example_time_delta_sensor_async to None, run_after=None
[2022-09-25T14:24:04.078+0000] {processor.py:161} INFO - Processing /home/airflow/.local/lib/python3.7/site-packages/airflow/example_dags/example_time_delta_sensor_async.py took 0.403 seconds
[2022-09-25T14:24:34.892+0000] {processor.py:153} INFO - Started process (PID=1201) to work on /home/airflow/.local/lib/python3.7/site-packages/airflow/example_dags/example_time_delta_sensor_async.py
[2022-09-25T14:24:34.895+0000] {processor.py:640} INFO - Processing file /home/airflow/.local/lib/python3.7/site-packages/airflow/example_dags/example_time_delta_sensor_async.py for tasks to queue
[2022-09-25T14:24:34.897+0000] {logging_mixin.py:115} INFO - [2022-09-25T14:24:34.897+0000] {dagbag.py:508} INFO - Filling up the DagBag from /home/airflow/.local/lib/python3.7/site-packages/airflow/example_dags/example_time_delta_sensor_async.py
[2022-09-25T14:24:34.906+0000] {processor.py:650} INFO - DAG(s) dict_keys(['example_time_delta_sensor_async']) retrieved from /home/airflow/.local/lib/python3.7/site-packages/airflow/example_dags/example_time_delta_sensor_async.py
[2022-09-25T14:24:35.180+0000] {logging_mixin.py:115} INFO - [2022-09-25T14:24:35.180+0000] {dag.py:2429} INFO - Sync 1 DAGs
[2022-09-25T14:24:35.213+0000] {logging_mixin.py:115} INFO - [2022-09-25T14:24:35.213+0000] {dag.py:2981} INFO - Setting next_dagrun for example_time_delta_sensor_async to None, run_after=None
[2022-09-25T14:24:35.234+0000] {processor.py:161} INFO - Processing /home/airflow/.local/lib/python3.7/site-packages/airflow/example_dags/example_time_delta_sensor_async.py took 0.347 seconds
[2022-09-25T14:25:05.354+0000] {processor.py:153} INFO - Started process (PID=1415) to work on /home/airflow/.local/lib/python3.7/site-packages/airflow/example_dags/example_time_delta_sensor_async.py
[2022-09-25T14:25:05.357+0000] {processor.py:640} INFO - Processing file /home/airflow/.local/lib/python3.7/site-packages/airflow/example_dags/example_time_delta_sensor_async.py for tasks to queue
[2022-09-25T14:25:05.359+0000] {logging_mixin.py:115} INFO - [2022-09-25T14:25:05.358+0000] {dagbag.py:508} INFO - Filling up the DagBag from /home/airflow/.local/lib/python3.7/site-packages/airflow/example_dags/example_time_delta_sensor_async.py
[2022-09-25T14:25:05.370+0000] {processor.py:650} INFO - DAG(s) dict_keys(['example_time_delta_sensor_async']) retrieved from /home/airflow/.local/lib/python3.7/site-packages/airflow/example_dags/example_time_delta_sensor_async.py
[2022-09-25T14:25:05.672+0000] {logging_mixin.py:115} INFO - [2022-09-25T14:25:05.672+0000] {dag.py:2429} INFO - Sync 1 DAGs
[2022-09-25T14:25:05.707+0000] {logging_mixin.py:115} INFO - [2022-09-25T14:25:05.706+0000] {dag.py:2981} INFO - Setting next_dagrun for example_time_delta_sensor_async to None, run_after=None
[2022-09-25T14:25:05.729+0000] {processor.py:161} INFO - Processing /home/airflow/.local/lib/python3.7/site-packages/airflow/example_dags/example_time_delta_sensor_async.py took 0.380 seconds
[2022-09-25T14:25:35.965+0000] {processor.py:153} INFO - Started process (PID=1620) to work on /home/airflow/.local/lib/python3.7/site-packages/airflow/example_dags/example_time_delta_sensor_async.py
[2022-09-25T14:25:35.967+0000] {processor.py:640} INFO - Processing file /home/airflow/.local/lib/python3.7/site-packages/airflow/example_dags/example_time_delta_sensor_async.py for tasks to queue
[2022-09-25T14:25:35.969+0000] {logging_mixin.py:115} INFO - [2022-09-25T14:25:35.968+0000] {dagbag.py:508} INFO - Filling up the DagBag from /home/airflow/.local/lib/python3.7/site-packages/airflow/example_dags/example_time_delta_sensor_async.py
[2022-09-25T14:25:35.978+0000] {processor.py:650} INFO - DAG(s) dict_keys(['example_time_delta_sensor_async']) retrieved from /home/airflow/.local/lib/python3.7/site-packages/airflow/example_dags/example_time_delta_sensor_async.py
[2022-09-25T14:25:36.275+0000] {logging_mixin.py:115} INFO - [2022-09-25T14:25:36.275+0000] {dag.py:2429} INFO - Sync 1 DAGs
[2022-09-25T14:25:36.309+0000] {logging_mixin.py:115} INFO - [2022-09-25T14:25:36.308+0000] {dag.py:2981} INFO - Setting next_dagrun for example_time_delta_sensor_async to None, run_after=None
[2022-09-25T14:25:36.334+0000] {processor.py:161} INFO - Processing /home/airflow/.local/lib/python3.7/site-packages/airflow/example_dags/example_time_delta_sensor_async.py took 0.374 seconds
[2022-09-25T14:26:06.400+0000] {processor.py:153} INFO - Started process (PID=1832) to work on /home/airflow/.local/lib/python3.7/site-packages/airflow/example_dags/example_time_delta_sensor_async.py
[2022-09-25T14:26:06.404+0000] {processor.py:640} INFO - Processing file /home/airflow/.local/lib/python3.7/site-packages/airflow/example_dags/example_time_delta_sensor_async.py for tasks to queue
[2022-09-25T14:26:06.406+0000] {logging_mixin.py:115} INFO - [2022-09-25T14:26:06.406+0000] {dagbag.py:508} INFO - Filling up the DagBag from /home/airflow/.local/lib/python3.7/site-packages/airflow/example_dags/example_time_delta_sensor_async.py
[2022-09-25T14:26:06.415+0000] {processor.py:650} INFO - DAG(s) dict_keys(['example_time_delta_sensor_async']) retrieved from /home/airflow/.local/lib/python3.7/site-packages/airflow/example_dags/example_time_delta_sensor_async.py
[2022-09-25T14:26:06.748+0000] {logging_mixin.py:115} INFO - [2022-09-25T14:26:06.748+0000] {dag.py:2429} INFO - Sync 1 DAGs
[2022-09-25T14:26:06.789+0000] {logging_mixin.py:115} INFO - [2022-09-25T14:26:06.788+0000] {dag.py:2981} INFO - Setting next_dagrun for example_time_delta_sensor_async to None, run_after=None
[2022-09-25T14:26:06.815+0000] {processor.py:161} INFO - Processing /home/airflow/.local/lib/python3.7/site-packages/airflow/example_dags/example_time_delta_sensor_async.py took 0.420 seconds
[2022-09-25T14:26:37.206+0000] {processor.py:153} INFO - Started process (PID=2040) to work on /home/airflow/.local/lib/python3.7/site-packages/airflow/example_dags/example_time_delta_sensor_async.py
[2022-09-25T14:26:37.209+0000] {processor.py:640} INFO - Processing file /home/airflow/.local/lib/python3.7/site-packages/airflow/example_dags/example_time_delta_sensor_async.py for tasks to queue
[2022-09-25T14:26:37.212+0000] {logging_mixin.py:115} INFO - [2022-09-25T14:26:37.211+0000] {dagbag.py:508} INFO - Filling up the DagBag from /home/airflow/.local/lib/python3.7/site-packages/airflow/example_dags/example_time_delta_sensor_async.py
[2022-09-25T14:26:37.227+0000] {processor.py:650} INFO - DAG(s) dict_keys(['example_time_delta_sensor_async']) retrieved from /home/airflow/.local/lib/python3.7/site-packages/airflow/example_dags/example_time_delta_sensor_async.py
[2022-09-25T14:26:37.545+0000] {logging_mixin.py:115} INFO - [2022-09-25T14:26:37.545+0000] {dag.py:2429} INFO - Sync 1 DAGs
[2022-09-25T14:26:37.591+0000] {logging_mixin.py:115} INFO - [2022-09-25T14:26:37.591+0000] {dag.py:2981} INFO - Setting next_dagrun for example_time_delta_sensor_async to None, run_after=None
[2022-09-25T14:26:37.626+0000] {processor.py:161} INFO - Processing /home/airflow/.local/lib/python3.7/site-packages/airflow/example_dags/example_time_delta_sensor_async.py took 0.431 seconds
[2022-09-25T14:27:07.768+0000] {processor.py:153} INFO - Started process (PID=2255) to work on /home/airflow/.local/lib/python3.7/site-packages/airflow/example_dags/example_time_delta_sensor_async.py
[2022-09-25T14:27:07.772+0000] {processor.py:640} INFO - Processing file /home/airflow/.local/lib/python3.7/site-packages/airflow/example_dags/example_time_delta_sensor_async.py for tasks to queue
[2022-09-25T14:27:07.776+0000] {logging_mixin.py:115} INFO - [2022-09-25T14:27:07.775+0000] {dagbag.py:508} INFO - Filling up the DagBag from /home/airflow/.local/lib/python3.7/site-packages/airflow/example_dags/example_time_delta_sensor_async.py
[2022-09-25T14:27:07.793+0000] {processor.py:650} INFO - DAG(s) dict_keys(['example_time_delta_sensor_async']) retrieved from /home/airflow/.local/lib/python3.7/site-packages/airflow/example_dags/example_time_delta_sensor_async.py
[2022-09-25T14:27:08.401+0000] {logging_mixin.py:115} INFO - [2022-09-25T14:27:08.401+0000] {dag.py:2429} INFO - Sync 1 DAGs
[2022-09-25T14:27:08.447+0000] {logging_mixin.py:115} INFO - [2022-09-25T14:27:08.446+0000] {dag.py:2981} INFO - Setting next_dagrun for example_time_delta_sensor_async to None, run_after=None
[2022-09-25T14:27:08.469+0000] {processor.py:161} INFO - Processing /home/airflow/.local/lib/python3.7/site-packages/airflow/example_dags/example_time_delta_sensor_async.py took 0.712 seconds
[2022-09-25T14:27:38.934+0000] {processor.py:153} INFO - Started process (PID=2459) to work on /home/airflow/.local/lib/python3.7/site-packages/airflow/example_dags/example_time_delta_sensor_async.py
[2022-09-25T14:27:38.936+0000] {processor.py:640} INFO - Processing file /home/airflow/.local/lib/python3.7/site-packages/airflow/example_dags/example_time_delta_sensor_async.py for tasks to queue
[2022-09-25T14:27:38.939+0000] {logging_mixin.py:115} INFO - [2022-09-25T14:27:38.938+0000] {dagbag.py:508} INFO - Filling up the DagBag from /home/airflow/.local/lib/python3.7/site-packages/airflow/example_dags/example_time_delta_sensor_async.py
[2022-09-25T14:27:38.948+0000] {processor.py:650} INFO - DAG(s) dict_keys(['example_time_delta_sensor_async']) retrieved from /home/airflow/.local/lib/python3.7/site-packages/airflow/example_dags/example_time_delta_sensor_async.py
[2022-09-25T14:27:39.270+0000] {logging_mixin.py:115} INFO - [2022-09-25T14:27:39.270+0000] {dag.py:2429} INFO - Sync 1 DAGs
[2022-09-25T14:27:39.322+0000] {logging_mixin.py:115} INFO - [2022-09-25T14:27:39.322+0000] {dag.py:2981} INFO - Setting next_dagrun for example_time_delta_sensor_async to None, run_after=None
[2022-09-25T14:27:39.354+0000] {processor.py:161} INFO - Processing /home/airflow/.local/lib/python3.7/site-packages/airflow/example_dags/example_time_delta_sensor_async.py took 0.426 seconds
[2022-09-25T14:28:09.408+0000] {processor.py:153} INFO - Started process (PID=2669) to work on /home/airflow/.local/lib/python3.7/site-packages/airflow/example_dags/example_time_delta_sensor_async.py
[2022-09-25T14:28:09.416+0000] {processor.py:640} INFO - Processing file /home/airflow/.local/lib/python3.7/site-packages/airflow/example_dags/example_time_delta_sensor_async.py for tasks to queue
[2022-09-25T14:28:09.417+0000] {logging_mixin.py:115} INFO - [2022-09-25T14:28:09.417+0000] {dagbag.py:508} INFO - Filling up the DagBag from /home/airflow/.local/lib/python3.7/site-packages/airflow/example_dags/example_time_delta_sensor_async.py
[2022-09-25T14:28:09.427+0000] {processor.py:650} INFO - DAG(s) dict_keys(['example_time_delta_sensor_async']) retrieved from /home/airflow/.local/lib/python3.7/site-packages/airflow/example_dags/example_time_delta_sensor_async.py
[2022-09-25T14:28:09.917+0000] {logging_mixin.py:115} INFO - [2022-09-25T14:28:09.916+0000] {dag.py:2429} INFO - Sync 1 DAGs
[2022-09-25T14:28:09.974+0000] {logging_mixin.py:115} INFO - [2022-09-25T14:28:09.974+0000] {dag.py:2981} INFO - Setting next_dagrun for example_time_delta_sensor_async to None, run_after=None
[2022-09-25T14:28:10.010+0000] {processor.py:161} INFO - Processing /home/airflow/.local/lib/python3.7/site-packages/airflow/example_dags/example_time_delta_sensor_async.py took 0.606 seconds
[2022-09-25T14:28:40.425+0000] {processor.py:153} INFO - Started process (PID=2874) to work on /home/airflow/.local/lib/python3.7/site-packages/airflow/example_dags/example_time_delta_sensor_async.py
[2022-09-25T14:28:40.433+0000] {processor.py:640} INFO - Processing file /home/airflow/.local/lib/python3.7/site-packages/airflow/example_dags/example_time_delta_sensor_async.py for tasks to queue
[2022-09-25T14:28:40.435+0000] {logging_mixin.py:115} INFO - [2022-09-25T14:28:40.435+0000] {dagbag.py:508} INFO - Filling up the DagBag from /home/airflow/.local/lib/python3.7/site-packages/airflow/example_dags/example_time_delta_sensor_async.py
[2022-09-25T14:28:40.443+0000] {processor.py:650} INFO - DAG(s) dict_keys(['example_time_delta_sensor_async']) retrieved from /home/airflow/.local/lib/python3.7/site-packages/airflow/example_dags/example_time_delta_sensor_async.py
[2022-09-25T14:28:40.751+0000] {logging_mixin.py:115} INFO - [2022-09-25T14:28:40.751+0000] {dag.py:2429} INFO - Sync 1 DAGs
[2022-09-25T14:28:40.786+0000] {logging_mixin.py:115} INFO - [2022-09-25T14:28:40.786+0000] {dag.py:2981} INFO - Setting next_dagrun for example_time_delta_sensor_async to None, run_after=None
[2022-09-25T14:28:40.814+0000] {processor.py:161} INFO - Processing /home/airflow/.local/lib/python3.7/site-packages/airflow/example_dags/example_time_delta_sensor_async.py took 0.395 seconds
[2022-09-25T14:29:11.687+0000] {processor.py:153} INFO - Started process (PID=3088) to work on /home/airflow/.local/lib/python3.7/site-packages/airflow/example_dags/example_time_delta_sensor_async.py
[2022-09-25T14:29:11.689+0000] {processor.py:640} INFO - Processing file /home/airflow/.local/lib/python3.7/site-packages/airflow/example_dags/example_time_delta_sensor_async.py for tasks to queue
[2022-09-25T14:29:11.691+0000] {logging_mixin.py:115} INFO - [2022-09-25T14:29:11.691+0000] {dagbag.py:508} INFO - Filling up the DagBag from /home/airflow/.local/lib/python3.7/site-packages/airflow/example_dags/example_time_delta_sensor_async.py
[2022-09-25T14:29:11.703+0000] {processor.py:650} INFO - DAG(s) dict_keys(['example_time_delta_sensor_async']) retrieved from /home/airflow/.local/lib/python3.7/site-packages/airflow/example_dags/example_time_delta_sensor_async.py
[2022-09-25T14:29:12.039+0000] {logging_mixin.py:115} INFO - [2022-09-25T14:29:12.039+0000] {dag.py:2429} INFO - Sync 1 DAGs
[2022-09-25T14:29:12.074+0000] {logging_mixin.py:115} INFO - [2022-09-25T14:29:12.074+0000] {dag.py:2981} INFO - Setting next_dagrun for example_time_delta_sensor_async to None, run_after=None
[2022-09-25T14:29:12.095+0000] {processor.py:161} INFO - Processing /home/airflow/.local/lib/python3.7/site-packages/airflow/example_dags/example_time_delta_sensor_async.py took 0.414 seconds
[2022-09-25T14:29:42.548+0000] {processor.py:153} INFO - Started process (PID=3293) to work on /home/airflow/.local/lib/python3.7/site-packages/airflow/example_dags/example_time_delta_sensor_async.py
[2022-09-25T14:29:42.552+0000] {processor.py:640} INFO - Processing file /home/airflow/.local/lib/python3.7/site-packages/airflow/example_dags/example_time_delta_sensor_async.py for tasks to queue
[2022-09-25T14:29:42.556+0000] {logging_mixin.py:115} INFO - [2022-09-25T14:29:42.555+0000] {dagbag.py:508} INFO - Filling up the DagBag from /home/airflow/.local/lib/python3.7/site-packages/airflow/example_dags/example_time_delta_sensor_async.py
[2022-09-25T14:29:42.571+0000] {processor.py:650} INFO - DAG(s) dict_keys(['example_time_delta_sensor_async']) retrieved from /home/airflow/.local/lib/python3.7/site-packages/airflow/example_dags/example_time_delta_sensor_async.py
[2022-09-25T14:29:43.075+0000] {logging_mixin.py:115} INFO - [2022-09-25T14:29:43.074+0000] {dag.py:2429} INFO - Sync 1 DAGs
[2022-09-25T14:29:43.132+0000] {logging_mixin.py:115} INFO - [2022-09-25T14:29:43.131+0000] {dag.py:2981} INFO - Setting next_dagrun for example_time_delta_sensor_async to None, run_after=None
[2022-09-25T14:29:43.179+0000] {processor.py:161} INFO - Processing /home/airflow/.local/lib/python3.7/site-packages/airflow/example_dags/example_time_delta_sensor_async.py took 0.639 seconds
[2022-09-25T14:30:13.416+0000] {processor.py:153} INFO - Started process (PID=3508) to work on /home/airflow/.local/lib/python3.7/site-packages/airflow/example_dags/example_time_delta_sensor_async.py
[2022-09-25T14:30:13.424+0000] {processor.py:640} INFO - Processing file /home/airflow/.local/lib/python3.7/site-packages/airflow/example_dags/example_time_delta_sensor_async.py for tasks to queue
[2022-09-25T14:30:13.426+0000] {logging_mixin.py:115} INFO - [2022-09-25T14:30:13.426+0000] {dagbag.py:508} INFO - Filling up the DagBag from /home/airflow/.local/lib/python3.7/site-packages/airflow/example_dags/example_time_delta_sensor_async.py
[2022-09-25T14:30:13.436+0000] {processor.py:650} INFO - DAG(s) dict_keys(['example_time_delta_sensor_async']) retrieved from /home/airflow/.local/lib/python3.7/site-packages/airflow/example_dags/example_time_delta_sensor_async.py
[2022-09-25T14:30:13.749+0000] {logging_mixin.py:115} INFO - [2022-09-25T14:30:13.749+0000] {dag.py:2429} INFO - Sync 1 DAGs
[2022-09-25T14:30:13.788+0000] {logging_mixin.py:115} INFO - [2022-09-25T14:30:13.787+0000] {dag.py:2981} INFO - Setting next_dagrun for example_time_delta_sensor_async to None, run_after=None
[2022-09-25T14:30:13.812+0000] {processor.py:161} INFO - Processing /home/airflow/.local/lib/python3.7/site-packages/airflow/example_dags/example_time_delta_sensor_async.py took 0.404 seconds
[2022-09-25T14:30:44.019+0000] {processor.py:153} INFO - Started process (PID=3713) to work on /home/airflow/.local/lib/python3.7/site-packages/airflow/example_dags/example_time_delta_sensor_async.py
[2022-09-25T14:30:44.027+0000] {processor.py:640} INFO - Processing file /home/airflow/.local/lib/python3.7/site-packages/airflow/example_dags/example_time_delta_sensor_async.py for tasks to queue
[2022-09-25T14:30:44.029+0000] {logging_mixin.py:115} INFO - [2022-09-25T14:30:44.028+0000] {dagbag.py:508} INFO - Filling up the DagBag from /home/airflow/.local/lib/python3.7/site-packages/airflow/example_dags/example_time_delta_sensor_async.py
[2022-09-25T14:30:44.038+0000] {processor.py:650} INFO - DAG(s) dict_keys(['example_time_delta_sensor_async']) retrieved from /home/airflow/.local/lib/python3.7/site-packages/airflow/example_dags/example_time_delta_sensor_async.py
[2022-09-25T14:30:44.361+0000] {logging_mixin.py:115} INFO - [2022-09-25T14:30:44.361+0000] {dag.py:2429} INFO - Sync 1 DAGs
[2022-09-25T14:30:44.394+0000] {logging_mixin.py:115} INFO - [2022-09-25T14:30:44.394+0000] {dag.py:2981} INFO - Setting next_dagrun for example_time_delta_sensor_async to None, run_after=None
[2022-09-25T14:30:44.417+0000] {processor.py:161} INFO - Processing /home/airflow/.local/lib/python3.7/site-packages/airflow/example_dags/example_time_delta_sensor_async.py took 0.404 seconds
[2022-09-25T14:31:14.484+0000] {processor.py:153} INFO - Started process (PID=3930) to work on /home/airflow/.local/lib/python3.7/site-packages/airflow/example_dags/example_time_delta_sensor_async.py
[2022-09-25T14:31:14.487+0000] {processor.py:640} INFO - Processing file /home/airflow/.local/lib/python3.7/site-packages/airflow/example_dags/example_time_delta_sensor_async.py for tasks to queue
[2022-09-25T14:31:14.490+0000] {logging_mixin.py:115} INFO - [2022-09-25T14:31:14.489+0000] {dagbag.py:508} INFO - Filling up the DagBag from /home/airflow/.local/lib/python3.7/site-packages/airflow/example_dags/example_time_delta_sensor_async.py
[2022-09-25T14:31:14.498+0000] {processor.py:650} INFO - DAG(s) dict_keys(['example_time_delta_sensor_async']) retrieved from /home/airflow/.local/lib/python3.7/site-packages/airflow/example_dags/example_time_delta_sensor_async.py
[2022-09-25T14:31:14.817+0000] {logging_mixin.py:115} INFO - [2022-09-25T14:31:14.817+0000] {dag.py:2429} INFO - Sync 1 DAGs
[2022-09-25T14:31:14.853+0000] {logging_mixin.py:115} INFO - [2022-09-25T14:31:14.853+0000] {dag.py:2981} INFO - Setting next_dagrun for example_time_delta_sensor_async to None, run_after=None
[2022-09-25T14:31:14.876+0000] {processor.py:161} INFO - Processing /home/airflow/.local/lib/python3.7/site-packages/airflow/example_dags/example_time_delta_sensor_async.py took 0.401 seconds
[2022-09-25T14:31:45.382+0000] {processor.py:153} INFO - Started process (PID=4137) to work on /home/airflow/.local/lib/python3.7/site-packages/airflow/example_dags/example_time_delta_sensor_async.py
[2022-09-25T14:31:45.385+0000] {processor.py:640} INFO - Processing file /home/airflow/.local/lib/python3.7/site-packages/airflow/example_dags/example_time_delta_sensor_async.py for tasks to queue
[2022-09-25T14:31:45.388+0000] {logging_mixin.py:115} INFO - [2022-09-25T14:31:45.387+0000] {dagbag.py:508} INFO - Filling up the DagBag from /home/airflow/.local/lib/python3.7/site-packages/airflow/example_dags/example_time_delta_sensor_async.py
[2022-09-25T14:31:45.405+0000] {processor.py:650} INFO - DAG(s) dict_keys(['example_time_delta_sensor_async']) retrieved from /home/airflow/.local/lib/python3.7/site-packages/airflow/example_dags/example_time_delta_sensor_async.py
[2022-09-25T14:31:45.751+0000] {logging_mixin.py:115} INFO - [2022-09-25T14:31:45.750+0000] {dag.py:2429} INFO - Sync 1 DAGs
[2022-09-25T14:31:45.788+0000] {logging_mixin.py:115} INFO - [2022-09-25T14:31:45.788+0000] {dag.py:2981} INFO - Setting next_dagrun for example_time_delta_sensor_async to None, run_after=None
[2022-09-25T14:31:45.810+0000] {processor.py:161} INFO - Processing /home/airflow/.local/lib/python3.7/site-packages/airflow/example_dags/example_time_delta_sensor_async.py took 0.435 seconds
[2022-09-25T14:32:16.056+0000] {processor.py:153} INFO - Started process (PID=4346) to work on /home/airflow/.local/lib/python3.7/site-packages/airflow/example_dags/example_time_delta_sensor_async.py
[2022-09-25T14:32:16.059+0000] {processor.py:640} INFO - Processing file /home/airflow/.local/lib/python3.7/site-packages/airflow/example_dags/example_time_delta_sensor_async.py for tasks to queue
[2022-09-25T14:32:16.062+0000] {logging_mixin.py:115} INFO - [2022-09-25T14:32:16.061+0000] {dagbag.py:508} INFO - Filling up the DagBag from /home/airflow/.local/lib/python3.7/site-packages/airflow/example_dags/example_time_delta_sensor_async.py
[2022-09-25T14:32:16.072+0000] {processor.py:650} INFO - DAG(s) dict_keys(['example_time_delta_sensor_async']) retrieved from /home/airflow/.local/lib/python3.7/site-packages/airflow/example_dags/example_time_delta_sensor_async.py
[2022-09-25T14:32:16.626+0000] {logging_mixin.py:115} INFO - [2022-09-25T14:32:16.625+0000] {dag.py:2429} INFO - Sync 1 DAGs
[2022-09-25T14:32:16.668+0000] {logging_mixin.py:115} INFO - [2022-09-25T14:32:16.668+0000] {dag.py:2981} INFO - Setting next_dagrun for example_time_delta_sensor_async to None, run_after=None
[2022-09-25T14:32:16.694+0000] {processor.py:161} INFO - Processing /home/airflow/.local/lib/python3.7/site-packages/airflow/example_dags/example_time_delta_sensor_async.py took 0.643 seconds
[2022-09-25T14:32:47.105+0000] {processor.py:153} INFO - Started process (PID=4551) to work on /home/airflow/.local/lib/python3.7/site-packages/airflow/example_dags/example_time_delta_sensor_async.py
[2022-09-25T14:32:47.110+0000] {processor.py:640} INFO - Processing file /home/airflow/.local/lib/python3.7/site-packages/airflow/example_dags/example_time_delta_sensor_async.py for tasks to queue
[2022-09-25T14:32:47.115+0000] {logging_mixin.py:115} INFO - [2022-09-25T14:32:47.114+0000] {dagbag.py:508} INFO - Filling up the DagBag from /home/airflow/.local/lib/python3.7/site-packages/airflow/example_dags/example_time_delta_sensor_async.py
[2022-09-25T14:32:47.137+0000] {processor.py:650} INFO - DAG(s) dict_keys(['example_time_delta_sensor_async']) retrieved from /home/airflow/.local/lib/python3.7/site-packages/airflow/example_dags/example_time_delta_sensor_async.py
[2022-09-25T14:32:48.321+0000] {logging_mixin.py:115} INFO - [2022-09-25T14:32:48.319+0000] {dag.py:2429} INFO - Sync 1 DAGs
[2022-09-25T14:32:48.422+0000] {logging_mixin.py:115} INFO - [2022-09-25T14:32:48.422+0000] {dag.py:2981} INFO - Setting next_dagrun for example_time_delta_sensor_async to None, run_after=None
[2022-09-25T14:32:48.473+0000] {processor.py:161} INFO - Processing /home/airflow/.local/lib/python3.7/site-packages/airflow/example_dags/example_time_delta_sensor_async.py took 1.379 seconds
[2022-09-25T14:33:18.979+0000] {processor.py:153} INFO - Started process (PID=4768) to work on /home/airflow/.local/lib/python3.7/site-packages/airflow/example_dags/example_time_delta_sensor_async.py
[2022-09-25T14:33:18.987+0000] {processor.py:640} INFO - Processing file /home/airflow/.local/lib/python3.7/site-packages/airflow/example_dags/example_time_delta_sensor_async.py for tasks to queue
[2022-09-25T14:33:18.989+0000] {logging_mixin.py:115} INFO - [2022-09-25T14:33:18.989+0000] {dagbag.py:508} INFO - Filling up the DagBag from /home/airflow/.local/lib/python3.7/site-packages/airflow/example_dags/example_time_delta_sensor_async.py
[2022-09-25T14:33:19.002+0000] {processor.py:650} INFO - DAG(s) dict_keys(['example_time_delta_sensor_async']) retrieved from /home/airflow/.local/lib/python3.7/site-packages/airflow/example_dags/example_time_delta_sensor_async.py
[2022-09-25T14:33:19.514+0000] {logging_mixin.py:115} INFO - [2022-09-25T14:33:19.514+0000] {dag.py:2429} INFO - Sync 1 DAGs
[2022-09-25T14:33:19.572+0000] {logging_mixin.py:115} INFO - [2022-09-25T14:33:19.572+0000] {dag.py:2981} INFO - Setting next_dagrun for example_time_delta_sensor_async to None, run_after=None
[2022-09-25T14:33:19.606+0000] {processor.py:161} INFO - Processing /home/airflow/.local/lib/python3.7/site-packages/airflow/example_dags/example_time_delta_sensor_async.py took 0.637 seconds
[2022-09-25T14:33:49.713+0000] {processor.py:153} INFO - Started process (PID=4973) to work on /home/airflow/.local/lib/python3.7/site-packages/airflow/example_dags/example_time_delta_sensor_async.py
[2022-09-25T14:33:49.721+0000] {processor.py:640} INFO - Processing file /home/airflow/.local/lib/python3.7/site-packages/airflow/example_dags/example_time_delta_sensor_async.py for tasks to queue
[2022-09-25T14:33:49.723+0000] {logging_mixin.py:115} INFO - [2022-09-25T14:33:49.722+0000] {dagbag.py:508} INFO - Filling up the DagBag from /home/airflow/.local/lib/python3.7/site-packages/airflow/example_dags/example_time_delta_sensor_async.py
[2022-09-25T14:33:49.731+0000] {processor.py:650} INFO - DAG(s) dict_keys(['example_time_delta_sensor_async']) retrieved from /home/airflow/.local/lib/python3.7/site-packages/airflow/example_dags/example_time_delta_sensor_async.py
[2022-09-25T14:33:50.076+0000] {logging_mixin.py:115} INFO - [2022-09-25T14:33:50.075+0000] {dag.py:2429} INFO - Sync 1 DAGs
[2022-09-25T14:33:50.115+0000] {logging_mixin.py:115} INFO - [2022-09-25T14:33:50.115+0000] {dag.py:2981} INFO - Setting next_dagrun for example_time_delta_sensor_async to None, run_after=None
[2022-09-25T14:33:50.138+0000] {processor.py:161} INFO - Processing /home/airflow/.local/lib/python3.7/site-packages/airflow/example_dags/example_time_delta_sensor_async.py took 0.437 seconds
[2022-09-25T14:34:21.100+0000] {processor.py:153} INFO - Started process (PID=5188) to work on /home/airflow/.local/lib/python3.7/site-packages/airflow/example_dags/example_time_delta_sensor_async.py
[2022-09-25T14:34:21.108+0000] {processor.py:640} INFO - Processing file /home/airflow/.local/lib/python3.7/site-packages/airflow/example_dags/example_time_delta_sensor_async.py for tasks to queue
[2022-09-25T14:34:21.110+0000] {logging_mixin.py:115} INFO - [2022-09-25T14:34:21.109+0000] {dagbag.py:508} INFO - Filling up the DagBag from /home/airflow/.local/lib/python3.7/site-packages/airflow/example_dags/example_time_delta_sensor_async.py
[2022-09-25T14:34:21.121+0000] {processor.py:650} INFO - DAG(s) dict_keys(['example_time_delta_sensor_async']) retrieved from /home/airflow/.local/lib/python3.7/site-packages/airflow/example_dags/example_time_delta_sensor_async.py
[2022-09-25T14:34:21.471+0000] {logging_mixin.py:115} INFO - [2022-09-25T14:34:21.471+0000] {dag.py:2429} INFO - Sync 1 DAGs
[2022-09-25T14:34:21.514+0000] {logging_mixin.py:115} INFO - [2022-09-25T14:34:21.513+0000] {dag.py:2981} INFO - Setting next_dagrun for example_time_delta_sensor_async to None, run_after=None
[2022-09-25T14:34:21.536+0000] {processor.py:161} INFO - Processing /home/airflow/.local/lib/python3.7/site-packages/airflow/example_dags/example_time_delta_sensor_async.py took 0.442 seconds
[2022-09-25T14:34:51.818+0000] {processor.py:153} INFO - Started process (PID=5393) to work on /home/airflow/.local/lib/python3.7/site-packages/airflow/example_dags/example_time_delta_sensor_async.py
[2022-09-25T14:34:51.825+0000] {processor.py:640} INFO - Processing file /home/airflow/.local/lib/python3.7/site-packages/airflow/example_dags/example_time_delta_sensor_async.py for tasks to queue
[2022-09-25T14:34:51.826+0000] {logging_mixin.py:115} INFO - [2022-09-25T14:34:51.826+0000] {dagbag.py:508} INFO - Filling up the DagBag from /home/airflow/.local/lib/python3.7/site-packages/airflow/example_dags/example_time_delta_sensor_async.py
[2022-09-25T14:34:51.838+0000] {processor.py:650} INFO - DAG(s) dict_keys(['example_time_delta_sensor_async']) retrieved from /home/airflow/.local/lib/python3.7/site-packages/airflow/example_dags/example_time_delta_sensor_async.py
[2022-09-25T14:34:52.133+0000] {logging_mixin.py:115} INFO - [2022-09-25T14:34:52.132+0000] {dag.py:2429} INFO - Sync 1 DAGs
[2022-09-25T14:34:52.168+0000] {logging_mixin.py:115} INFO - [2022-09-25T14:34:52.168+0000] {dag.py:2981} INFO - Setting next_dagrun for example_time_delta_sensor_async to None, run_after=None
[2022-09-25T14:34:52.192+0000] {processor.py:161} INFO - Processing /home/airflow/.local/lib/python3.7/site-packages/airflow/example_dags/example_time_delta_sensor_async.py took 0.383 seconds
[2022-09-25T14:35:22.481+0000] {processor.py:153} INFO - Started process (PID=5608) to work on /home/airflow/.local/lib/python3.7/site-packages/airflow/example_dags/example_time_delta_sensor_async.py
[2022-09-25T14:35:22.483+0000] {processor.py:640} INFO - Processing file /home/airflow/.local/lib/python3.7/site-packages/airflow/example_dags/example_time_delta_sensor_async.py for tasks to queue
[2022-09-25T14:35:22.485+0000] {logging_mixin.py:115} INFO - [2022-09-25T14:35:22.485+0000] {dagbag.py:508} INFO - Filling up the DagBag from /home/airflow/.local/lib/python3.7/site-packages/airflow/example_dags/example_time_delta_sensor_async.py
[2022-09-25T14:35:22.496+0000] {processor.py:650} INFO - DAG(s) dict_keys(['example_time_delta_sensor_async']) retrieved from /home/airflow/.local/lib/python3.7/site-packages/airflow/example_dags/example_time_delta_sensor_async.py
[2022-09-25T14:35:22.873+0000] {logging_mixin.py:115} INFO - [2022-09-25T14:35:22.873+0000] {dag.py:2429} INFO - Sync 1 DAGs
[2022-09-25T14:35:22.917+0000] {logging_mixin.py:115} INFO - [2022-09-25T14:35:22.917+0000] {dag.py:2981} INFO - Setting next_dagrun for example_time_delta_sensor_async to None, run_after=None
[2022-09-25T14:35:22.946+0000] {processor.py:161} INFO - Processing /home/airflow/.local/lib/python3.7/site-packages/airflow/example_dags/example_time_delta_sensor_async.py took 0.473 seconds
[2022-09-25T14:35:53.063+0000] {processor.py:153} INFO - Started process (PID=5813) to work on /home/airflow/.local/lib/python3.7/site-packages/airflow/example_dags/example_time_delta_sensor_async.py
[2022-09-25T14:35:53.072+0000] {processor.py:640} INFO - Processing file /home/airflow/.local/lib/python3.7/site-packages/airflow/example_dags/example_time_delta_sensor_async.py for tasks to queue
[2022-09-25T14:35:53.076+0000] {logging_mixin.py:115} INFO - [2022-09-25T14:35:53.075+0000] {dagbag.py:508} INFO - Filling up the DagBag from /home/airflow/.local/lib/python3.7/site-packages/airflow/example_dags/example_time_delta_sensor_async.py
[2022-09-25T14:35:53.090+0000] {processor.py:650} INFO - DAG(s) dict_keys(['example_time_delta_sensor_async']) retrieved from /home/airflow/.local/lib/python3.7/site-packages/airflow/example_dags/example_time_delta_sensor_async.py
[2022-09-25T14:35:53.461+0000] {logging_mixin.py:115} INFO - [2022-09-25T14:35:53.461+0000] {dag.py:2429} INFO - Sync 1 DAGs
[2022-09-25T14:35:53.498+0000] {logging_mixin.py:115} INFO - [2022-09-25T14:35:53.498+0000] {dag.py:2981} INFO - Setting next_dagrun for example_time_delta_sensor_async to None, run_after=None
[2022-09-25T14:35:53.520+0000] {processor.py:161} INFO - Processing /home/airflow/.local/lib/python3.7/site-packages/airflow/example_dags/example_time_delta_sensor_async.py took 0.470 seconds
[2022-09-25T14:36:24.490+0000] {processor.py:153} INFO - Started process (PID=6028) to work on /home/airflow/.local/lib/python3.7/site-packages/airflow/example_dags/example_time_delta_sensor_async.py
[2022-09-25T14:36:24.494+0000] {processor.py:640} INFO - Processing file /home/airflow/.local/lib/python3.7/site-packages/airflow/example_dags/example_time_delta_sensor_async.py for tasks to queue
[2022-09-25T14:36:24.498+0000] {logging_mixin.py:115} INFO - [2022-09-25T14:36:24.498+0000] {dagbag.py:508} INFO - Filling up the DagBag from /home/airflow/.local/lib/python3.7/site-packages/airflow/example_dags/example_time_delta_sensor_async.py
[2022-09-25T14:36:24.508+0000] {processor.py:650} INFO - DAG(s) dict_keys(['example_time_delta_sensor_async']) retrieved from /home/airflow/.local/lib/python3.7/site-packages/airflow/example_dags/example_time_delta_sensor_async.py
[2022-09-25T14:36:24.835+0000] {logging_mixin.py:115} INFO - [2022-09-25T14:36:24.835+0000] {dag.py:2429} INFO - Sync 1 DAGs
[2022-09-25T14:36:24.873+0000] {logging_mixin.py:115} INFO - [2022-09-25T14:36:24.872+0000] {dag.py:2981} INFO - Setting next_dagrun for example_time_delta_sensor_async to None, run_after=None
[2022-09-25T14:36:24.898+0000] {processor.py:161} INFO - Processing /home/airflow/.local/lib/python3.7/site-packages/airflow/example_dags/example_time_delta_sensor_async.py took 0.425 seconds
[2022-09-25T14:36:55.258+0000] {processor.py:153} INFO - Started process (PID=6232) to work on /home/airflow/.local/lib/python3.7/site-packages/airflow/example_dags/example_time_delta_sensor_async.py
[2022-09-25T14:36:55.267+0000] {processor.py:640} INFO - Processing file /home/airflow/.local/lib/python3.7/site-packages/airflow/example_dags/example_time_delta_sensor_async.py for tasks to queue
[2022-09-25T14:36:55.270+0000] {logging_mixin.py:115} INFO - [2022-09-25T14:36:55.270+0000] {dagbag.py:508} INFO - Filling up the DagBag from /home/airflow/.local/lib/python3.7/site-packages/airflow/example_dags/example_time_delta_sensor_async.py
[2022-09-25T14:36:55.280+0000] {processor.py:650} INFO - DAG(s) dict_keys(['example_time_delta_sensor_async']) retrieved from /home/airflow/.local/lib/python3.7/site-packages/airflow/example_dags/example_time_delta_sensor_async.py
[2022-09-25T14:36:55.605+0000] {logging_mixin.py:115} INFO - [2022-09-25T14:36:55.605+0000] {dag.py:2429} INFO - Sync 1 DAGs
[2022-09-25T14:36:55.642+0000] {logging_mixin.py:115} INFO - [2022-09-25T14:36:55.641+0000] {dag.py:2981} INFO - Setting next_dagrun for example_time_delta_sensor_async to None, run_after=None
[2022-09-25T14:36:55.664+0000] {processor.py:161} INFO - Processing /home/airflow/.local/lib/python3.7/site-packages/airflow/example_dags/example_time_delta_sensor_async.py took 0.413 seconds
[2022-09-25T14:37:26.225+0000] {processor.py:153} INFO - Started process (PID=6446) to work on /home/airflow/.local/lib/python3.7/site-packages/airflow/example_dags/example_time_delta_sensor_async.py
[2022-09-25T14:37:26.227+0000] {processor.py:640} INFO - Processing file /home/airflow/.local/lib/python3.7/site-packages/airflow/example_dags/example_time_delta_sensor_async.py for tasks to queue
[2022-09-25T14:37:26.230+0000] {logging_mixin.py:115} INFO - [2022-09-25T14:37:26.230+0000] {dagbag.py:508} INFO - Filling up the DagBag from /home/airflow/.local/lib/python3.7/site-packages/airflow/example_dags/example_time_delta_sensor_async.py
[2022-09-25T14:37:26.240+0000] {processor.py:650} INFO - DAG(s) dict_keys(['example_time_delta_sensor_async']) retrieved from /home/airflow/.local/lib/python3.7/site-packages/airflow/example_dags/example_time_delta_sensor_async.py
[2022-09-25T14:37:26.601+0000] {logging_mixin.py:115} INFO - [2022-09-25T14:37:26.601+0000] {dag.py:2429} INFO - Sync 1 DAGs
[2022-09-25T14:37:26.644+0000] {logging_mixin.py:115} INFO - [2022-09-25T14:37:26.643+0000] {dag.py:2981} INFO - Setting next_dagrun for example_time_delta_sensor_async to None, run_after=None
[2022-09-25T14:37:26.680+0000] {processor.py:161} INFO - Processing /home/airflow/.local/lib/python3.7/site-packages/airflow/example_dags/example_time_delta_sensor_async.py took 0.462 seconds
[2022-09-25T14:37:56.884+0000] {processor.py:153} INFO - Started process (PID=6651) to work on /home/airflow/.local/lib/python3.7/site-packages/airflow/example_dags/example_time_delta_sensor_async.py
[2022-09-25T14:37:56.891+0000] {processor.py:640} INFO - Processing file /home/airflow/.local/lib/python3.7/site-packages/airflow/example_dags/example_time_delta_sensor_async.py for tasks to queue
[2022-09-25T14:37:56.893+0000] {logging_mixin.py:115} INFO - [2022-09-25T14:37:56.893+0000] {dagbag.py:508} INFO - Filling up the DagBag from /home/airflow/.local/lib/python3.7/site-packages/airflow/example_dags/example_time_delta_sensor_async.py
[2022-09-25T14:37:56.903+0000] {processor.py:650} INFO - DAG(s) dict_keys(['example_time_delta_sensor_async']) retrieved from /home/airflow/.local/lib/python3.7/site-packages/airflow/example_dags/example_time_delta_sensor_async.py
[2022-09-25T14:37:57.238+0000] {logging_mixin.py:115} INFO - [2022-09-25T14:37:57.238+0000] {dag.py:2429} INFO - Sync 1 DAGs
[2022-09-25T14:37:57.286+0000] {logging_mixin.py:115} INFO - [2022-09-25T14:37:57.286+0000] {dag.py:2981} INFO - Setting next_dagrun for example_time_delta_sensor_async to None, run_after=None
[2022-09-25T14:37:57.313+0000] {processor.py:161} INFO - Processing /home/airflow/.local/lib/python3.7/site-packages/airflow/example_dags/example_time_delta_sensor_async.py took 0.437 seconds
[2022-09-25T14:38:27.983+0000] {processor.py:153} INFO - Started process (PID=6864) to work on /home/airflow/.local/lib/python3.7/site-packages/airflow/example_dags/example_time_delta_sensor_async.py
[2022-09-25T14:38:27.991+0000] {processor.py:640} INFO - Processing file /home/airflow/.local/lib/python3.7/site-packages/airflow/example_dags/example_time_delta_sensor_async.py for tasks to queue
[2022-09-25T14:38:27.993+0000] {logging_mixin.py:115} INFO - [2022-09-25T14:38:27.993+0000] {dagbag.py:508} INFO - Filling up the DagBag from /home/airflow/.local/lib/python3.7/site-packages/airflow/example_dags/example_time_delta_sensor_async.py
[2022-09-25T14:38:28.004+0000] {processor.py:650} INFO - DAG(s) dict_keys(['example_time_delta_sensor_async']) retrieved from /home/airflow/.local/lib/python3.7/site-packages/airflow/example_dags/example_time_delta_sensor_async.py
[2022-09-25T14:38:28.395+0000] {logging_mixin.py:115} INFO - [2022-09-25T14:38:28.394+0000] {dag.py:2429} INFO - Sync 1 DAGs
[2022-09-25T14:38:28.431+0000] {logging_mixin.py:115} INFO - [2022-09-25T14:38:28.431+0000] {dag.py:2981} INFO - Setting next_dagrun for example_time_delta_sensor_async to None, run_after=None
[2022-09-25T14:38:28.454+0000] {processor.py:161} INFO - Processing /home/airflow/.local/lib/python3.7/site-packages/airflow/example_dags/example_time_delta_sensor_async.py took 0.479 seconds
[2022-09-25T14:38:58.649+0000] {processor.py:153} INFO - Started process (PID=7069) to work on /home/airflow/.local/lib/python3.7/site-packages/airflow/example_dags/example_time_delta_sensor_async.py
[2022-09-25T14:38:58.659+0000] {processor.py:640} INFO - Processing file /home/airflow/.local/lib/python3.7/site-packages/airflow/example_dags/example_time_delta_sensor_async.py for tasks to queue
[2022-09-25T14:38:58.661+0000] {logging_mixin.py:115} INFO - [2022-09-25T14:38:58.660+0000] {dagbag.py:508} INFO - Filling up the DagBag from /home/airflow/.local/lib/python3.7/site-packages/airflow/example_dags/example_time_delta_sensor_async.py
[2022-09-25T14:38:58.671+0000] {processor.py:650} INFO - DAG(s) dict_keys(['example_time_delta_sensor_async']) retrieved from /home/airflow/.local/lib/python3.7/site-packages/airflow/example_dags/example_time_delta_sensor_async.py
[2022-09-25T14:38:59.095+0000] {logging_mixin.py:115} INFO - [2022-09-25T14:38:59.094+0000] {dag.py:2429} INFO - Sync 1 DAGs
[2022-09-25T14:38:59.137+0000] {logging_mixin.py:115} INFO - [2022-09-25T14:38:59.136+0000] {dag.py:2981} INFO - Setting next_dagrun for example_time_delta_sensor_async to None, run_after=None
[2022-09-25T14:38:59.165+0000] {processor.py:161} INFO - Processing /home/airflow/.local/lib/python3.7/site-packages/airflow/example_dags/example_time_delta_sensor_async.py took 0.522 seconds
[2022-09-25T14:39:29.811+0000] {processor.py:153} INFO - Started process (PID=7284) to work on /home/airflow/.local/lib/python3.7/site-packages/airflow/example_dags/example_time_delta_sensor_async.py
[2022-09-25T14:39:29.813+0000] {processor.py:640} INFO - Processing file /home/airflow/.local/lib/python3.7/site-packages/airflow/example_dags/example_time_delta_sensor_async.py for tasks to queue
[2022-09-25T14:39:29.815+0000] {logging_mixin.py:115} INFO - [2022-09-25T14:39:29.815+0000] {dagbag.py:508} INFO - Filling up the DagBag from /home/airflow/.local/lib/python3.7/site-packages/airflow/example_dags/example_time_delta_sensor_async.py
[2022-09-25T14:39:29.825+0000] {processor.py:650} INFO - DAG(s) dict_keys(['example_time_delta_sensor_async']) retrieved from /home/airflow/.local/lib/python3.7/site-packages/airflow/example_dags/example_time_delta_sensor_async.py
[2022-09-25T14:39:30.148+0000] {logging_mixin.py:115} INFO - [2022-09-25T14:39:30.148+0000] {dag.py:2429} INFO - Sync 1 DAGs
[2022-09-25T14:39:30.189+0000] {logging_mixin.py:115} INFO - [2022-09-25T14:39:30.189+0000] {dag.py:2981} INFO - Setting next_dagrun for example_time_delta_sensor_async to None, run_after=None
[2022-09-25T14:39:30.220+0000] {processor.py:161} INFO - Processing /home/airflow/.local/lib/python3.7/site-packages/airflow/example_dags/example_time_delta_sensor_async.py took 0.418 seconds
[2022-09-25T14:40:00.907+0000] {processor.py:153} INFO - Started process (PID=7489) to work on /home/airflow/.local/lib/python3.7/site-packages/airflow/example_dags/example_time_delta_sensor_async.py
[2022-09-25T14:40:00.910+0000] {processor.py:640} INFO - Processing file /home/airflow/.local/lib/python3.7/site-packages/airflow/example_dags/example_time_delta_sensor_async.py for tasks to queue
[2022-09-25T14:40:00.915+0000] {logging_mixin.py:115} INFO - [2022-09-25T14:40:00.913+0000] {dagbag.py:508} INFO - Filling up the DagBag from /home/airflow/.local/lib/python3.7/site-packages/airflow/example_dags/example_time_delta_sensor_async.py
[2022-09-25T14:40:00.929+0000] {processor.py:650} INFO - DAG(s) dict_keys(['example_time_delta_sensor_async']) retrieved from /home/airflow/.local/lib/python3.7/site-packages/airflow/example_dags/example_time_delta_sensor_async.py
[2022-09-25T14:40:01.317+0000] {logging_mixin.py:115} INFO - [2022-09-25T14:40:01.317+0000] {dag.py:2429} INFO - Sync 1 DAGs
[2022-09-25T14:40:01.362+0000] {logging_mixin.py:115} INFO - [2022-09-25T14:40:01.362+0000] {dag.py:2981} INFO - Setting next_dagrun for example_time_delta_sensor_async to None, run_after=None
[2022-09-25T14:40:01.389+0000] {processor.py:161} INFO - Processing /home/airflow/.local/lib/python3.7/site-packages/airflow/example_dags/example_time_delta_sensor_async.py took 0.487 seconds
[2022-09-25T14:40:31.590+0000] {processor.py:153} INFO - Started process (PID=7711) to work on /home/airflow/.local/lib/python3.7/site-packages/airflow/example_dags/example_time_delta_sensor_async.py
[2022-09-25T14:40:31.593+0000] {processor.py:640} INFO - Processing file /home/airflow/.local/lib/python3.7/site-packages/airflow/example_dags/example_time_delta_sensor_async.py for tasks to queue
[2022-09-25T14:40:31.595+0000] {logging_mixin.py:115} INFO - [2022-09-25T14:40:31.595+0000] {dagbag.py:508} INFO - Filling up the DagBag from /home/airflow/.local/lib/python3.7/site-packages/airflow/example_dags/example_time_delta_sensor_async.py
[2022-09-25T14:40:31.604+0000] {processor.py:650} INFO - DAG(s) dict_keys(['example_time_delta_sensor_async']) retrieved from /home/airflow/.local/lib/python3.7/site-packages/airflow/example_dags/example_time_delta_sensor_async.py
[2022-09-25T14:40:31.953+0000] {logging_mixin.py:115} INFO - [2022-09-25T14:40:31.953+0000] {dag.py:2429} INFO - Sync 1 DAGs
[2022-09-25T14:40:31.993+0000] {logging_mixin.py:115} INFO - [2022-09-25T14:40:31.992+0000] {dag.py:2981} INFO - Setting next_dagrun for example_time_delta_sensor_async to None, run_after=None
[2022-09-25T14:40:32.018+0000] {processor.py:161} INFO - Processing /home/airflow/.local/lib/python3.7/site-packages/airflow/example_dags/example_time_delta_sensor_async.py took 0.433 seconds
[2022-09-25T14:41:02.373+0000] {processor.py:153} INFO - Started process (PID=7918) to work on /home/airflow/.local/lib/python3.7/site-packages/airflow/example_dags/example_time_delta_sensor_async.py
[2022-09-25T14:41:02.375+0000] {processor.py:640} INFO - Processing file /home/airflow/.local/lib/python3.7/site-packages/airflow/example_dags/example_time_delta_sensor_async.py for tasks to queue
[2022-09-25T14:41:02.378+0000] {logging_mixin.py:115} INFO - [2022-09-25T14:41:02.378+0000] {dagbag.py:508} INFO - Filling up the DagBag from /home/airflow/.local/lib/python3.7/site-packages/airflow/example_dags/example_time_delta_sensor_async.py
[2022-09-25T14:41:02.387+0000] {processor.py:650} INFO - DAG(s) dict_keys(['example_time_delta_sensor_async']) retrieved from /home/airflow/.local/lib/python3.7/site-packages/airflow/example_dags/example_time_delta_sensor_async.py
[2022-09-25T14:41:02.745+0000] {logging_mixin.py:115} INFO - [2022-09-25T14:41:02.745+0000] {dag.py:2429} INFO - Sync 1 DAGs
[2022-09-25T14:41:02.802+0000] {logging_mixin.py:115} INFO - [2022-09-25T14:41:02.801+0000] {dag.py:2981} INFO - Setting next_dagrun for example_time_delta_sensor_async to None, run_after=None
[2022-09-25T14:41:02.849+0000] {processor.py:161} INFO - Processing /home/airflow/.local/lib/python3.7/site-packages/airflow/example_dags/example_time_delta_sensor_async.py took 0.481 seconds
[2022-09-25T14:41:33.304+0000] {processor.py:153} INFO - Started process (PID=8132) to work on /home/airflow/.local/lib/python3.7/site-packages/airflow/example_dags/example_time_delta_sensor_async.py
[2022-09-25T14:41:33.306+0000] {processor.py:640} INFO - Processing file /home/airflow/.local/lib/python3.7/site-packages/airflow/example_dags/example_time_delta_sensor_async.py for tasks to queue
[2022-09-25T14:41:33.308+0000] {logging_mixin.py:115} INFO - [2022-09-25T14:41:33.308+0000] {dagbag.py:508} INFO - Filling up the DagBag from /home/airflow/.local/lib/python3.7/site-packages/airflow/example_dags/example_time_delta_sensor_async.py
[2022-09-25T14:41:33.323+0000] {processor.py:650} INFO - DAG(s) dict_keys(['example_time_delta_sensor_async']) retrieved from /home/airflow/.local/lib/python3.7/site-packages/airflow/example_dags/example_time_delta_sensor_async.py
[2022-09-25T14:41:33.844+0000] {logging_mixin.py:115} INFO - [2022-09-25T14:41:33.843+0000] {dag.py:2429} INFO - Sync 1 DAGs
[2022-09-25T14:41:33.906+0000] {logging_mixin.py:115} INFO - [2022-09-25T14:41:33.905+0000] {dag.py:2981} INFO - Setting next_dagrun for example_time_delta_sensor_async to None, run_after=None
[2022-09-25T14:41:33.943+0000] {processor.py:161} INFO - Processing /home/airflow/.local/lib/python3.7/site-packages/airflow/example_dags/example_time_delta_sensor_async.py took 0.649 seconds
[2022-09-25T14:42:04.090+0000] {processor.py:153} INFO - Started process (PID=8346) to work on /home/airflow/.local/lib/python3.7/site-packages/airflow/example_dags/example_time_delta_sensor_async.py
[2022-09-25T14:42:04.092+0000] {processor.py:640} INFO - Processing file /home/airflow/.local/lib/python3.7/site-packages/airflow/example_dags/example_time_delta_sensor_async.py for tasks to queue
[2022-09-25T14:42:04.095+0000] {logging_mixin.py:115} INFO - [2022-09-25T14:42:04.095+0000] {dagbag.py:508} INFO - Filling up the DagBag from /home/airflow/.local/lib/python3.7/site-packages/airflow/example_dags/example_time_delta_sensor_async.py
[2022-09-25T14:42:04.107+0000] {processor.py:650} INFO - DAG(s) dict_keys(['example_time_delta_sensor_async']) retrieved from /home/airflow/.local/lib/python3.7/site-packages/airflow/example_dags/example_time_delta_sensor_async.py
[2022-09-25T14:42:04.448+0000] {logging_mixin.py:115} INFO - [2022-09-25T14:42:04.447+0000] {dag.py:2429} INFO - Sync 1 DAGs
[2022-09-25T14:42:04.481+0000] {logging_mixin.py:115} INFO - [2022-09-25T14:42:04.481+0000] {dag.py:2981} INFO - Setting next_dagrun for example_time_delta_sensor_async to None, run_after=None
[2022-09-25T14:42:04.502+0000] {processor.py:161} INFO - Processing /home/airflow/.local/lib/python3.7/site-packages/airflow/example_dags/example_time_delta_sensor_async.py took 0.418 seconds
[2022-09-25T14:42:34.966+0000] {processor.py:153} INFO - Started process (PID=8565) to work on /home/airflow/.local/lib/python3.7/site-packages/airflow/example_dags/example_time_delta_sensor_async.py
[2022-09-25T14:42:34.968+0000] {processor.py:640} INFO - Processing file /home/airflow/.local/lib/python3.7/site-packages/airflow/example_dags/example_time_delta_sensor_async.py for tasks to queue
[2022-09-25T14:42:34.971+0000] {logging_mixin.py:115} INFO - [2022-09-25T14:42:34.971+0000] {dagbag.py:508} INFO - Filling up the DagBag from /home/airflow/.local/lib/python3.7/site-packages/airflow/example_dags/example_time_delta_sensor_async.py
[2022-09-25T14:42:34.981+0000] {processor.py:650} INFO - DAG(s) dict_keys(['example_time_delta_sensor_async']) retrieved from /home/airflow/.local/lib/python3.7/site-packages/airflow/example_dags/example_time_delta_sensor_async.py
[2022-09-25T14:42:35.328+0000] {logging_mixin.py:115} INFO - [2022-09-25T14:42:35.328+0000] {dag.py:2429} INFO - Sync 1 DAGs
[2022-09-25T14:42:35.367+0000] {logging_mixin.py:115} INFO - [2022-09-25T14:42:35.367+0000] {dag.py:2981} INFO - Setting next_dagrun for example_time_delta_sensor_async to None, run_after=None
[2022-09-25T14:42:35.390+0000] {processor.py:161} INFO - Processing /home/airflow/.local/lib/python3.7/site-packages/airflow/example_dags/example_time_delta_sensor_async.py took 0.430 seconds
[2022-09-25T14:43:05.776+0000] {processor.py:153} INFO - Started process (PID=8776) to work on /home/airflow/.local/lib/python3.7/site-packages/airflow/example_dags/example_time_delta_sensor_async.py
[2022-09-25T14:43:05.779+0000] {processor.py:640} INFO - Processing file /home/airflow/.local/lib/python3.7/site-packages/airflow/example_dags/example_time_delta_sensor_async.py for tasks to queue
[2022-09-25T14:43:05.781+0000] {logging_mixin.py:115} INFO - [2022-09-25T14:43:05.780+0000] {dagbag.py:508} INFO - Filling up the DagBag from /home/airflow/.local/lib/python3.7/site-packages/airflow/example_dags/example_time_delta_sensor_async.py
[2022-09-25T14:43:05.791+0000] {processor.py:650} INFO - DAG(s) dict_keys(['example_time_delta_sensor_async']) retrieved from /home/airflow/.local/lib/python3.7/site-packages/airflow/example_dags/example_time_delta_sensor_async.py
[2022-09-25T14:43:06.123+0000] {logging_mixin.py:115} INFO - [2022-09-25T14:43:06.122+0000] {dag.py:2429} INFO - Sync 1 DAGs
[2022-09-25T14:43:06.166+0000] {logging_mixin.py:115} INFO - [2022-09-25T14:43:06.166+0000] {dag.py:2981} INFO - Setting next_dagrun for example_time_delta_sensor_async to None, run_after=None
[2022-09-25T14:43:06.195+0000] {processor.py:161} INFO - Processing /home/airflow/.local/lib/python3.7/site-packages/airflow/example_dags/example_time_delta_sensor_async.py took 0.424 seconds
[2022-09-25T14:43:36.347+0000] {processor.py:153} INFO - Started process (PID=8991) to work on /home/airflow/.local/lib/python3.7/site-packages/airflow/example_dags/example_time_delta_sensor_async.py
[2022-09-25T14:43:36.349+0000] {processor.py:640} INFO - Processing file /home/airflow/.local/lib/python3.7/site-packages/airflow/example_dags/example_time_delta_sensor_async.py for tasks to queue
[2022-09-25T14:43:36.351+0000] {logging_mixin.py:115} INFO - [2022-09-25T14:43:36.350+0000] {dagbag.py:508} INFO - Filling up the DagBag from /home/airflow/.local/lib/python3.7/site-packages/airflow/example_dags/example_time_delta_sensor_async.py
[2022-09-25T14:43:36.362+0000] {processor.py:650} INFO - DAG(s) dict_keys(['example_time_delta_sensor_async']) retrieved from /home/airflow/.local/lib/python3.7/site-packages/airflow/example_dags/example_time_delta_sensor_async.py
[2022-09-25T14:43:36.666+0000] {logging_mixin.py:115} INFO - [2022-09-25T14:43:36.666+0000] {dag.py:2429} INFO - Sync 1 DAGs
[2022-09-25T14:43:36.700+0000] {logging_mixin.py:115} INFO - [2022-09-25T14:43:36.700+0000] {dag.py:2981} INFO - Setting next_dagrun for example_time_delta_sensor_async to None, run_after=None
[2022-09-25T14:43:36.725+0000] {processor.py:161} INFO - Processing /home/airflow/.local/lib/python3.7/site-packages/airflow/example_dags/example_time_delta_sensor_async.py took 0.383 seconds
[2022-09-25T14:44:06.951+0000] {processor.py:153} INFO - Started process (PID=9198) to work on /home/airflow/.local/lib/python3.7/site-packages/airflow/example_dags/example_time_delta_sensor_async.py
[2022-09-25T14:44:06.955+0000] {processor.py:640} INFO - Processing file /home/airflow/.local/lib/python3.7/site-packages/airflow/example_dags/example_time_delta_sensor_async.py for tasks to queue
[2022-09-25T14:44:06.958+0000] {logging_mixin.py:115} INFO - [2022-09-25T14:44:06.958+0000] {dagbag.py:508} INFO - Filling up the DagBag from /home/airflow/.local/lib/python3.7/site-packages/airflow/example_dags/example_time_delta_sensor_async.py
[2022-09-25T14:44:06.970+0000] {processor.py:650} INFO - DAG(s) dict_keys(['example_time_delta_sensor_async']) retrieved from /home/airflow/.local/lib/python3.7/site-packages/airflow/example_dags/example_time_delta_sensor_async.py
[2022-09-25T14:44:07.362+0000] {logging_mixin.py:115} INFO - [2022-09-25T14:44:07.362+0000] {dag.py:2429} INFO - Sync 1 DAGs
[2022-09-25T14:44:07.396+0000] {logging_mixin.py:115} INFO - [2022-09-25T14:44:07.395+0000] {dag.py:2981} INFO - Setting next_dagrun for example_time_delta_sensor_async to None, run_after=None
[2022-09-25T14:44:07.422+0000] {processor.py:161} INFO - Processing /home/airflow/.local/lib/python3.7/site-packages/airflow/example_dags/example_time_delta_sensor_async.py took 0.477 seconds
[2022-09-25T14:44:38.335+0000] {processor.py:153} INFO - Started process (PID=9413) to work on /home/airflow/.local/lib/python3.7/site-packages/airflow/example_dags/example_time_delta_sensor_async.py
[2022-09-25T14:44:38.337+0000] {processor.py:640} INFO - Processing file /home/airflow/.local/lib/python3.7/site-packages/airflow/example_dags/example_time_delta_sensor_async.py for tasks to queue
[2022-09-25T14:44:38.339+0000] {logging_mixin.py:115} INFO - [2022-09-25T14:44:38.339+0000] {dagbag.py:508} INFO - Filling up the DagBag from /home/airflow/.local/lib/python3.7/site-packages/airflow/example_dags/example_time_delta_sensor_async.py
[2022-09-25T14:44:38.351+0000] {processor.py:650} INFO - DAG(s) dict_keys(['example_time_delta_sensor_async']) retrieved from /home/airflow/.local/lib/python3.7/site-packages/airflow/example_dags/example_time_delta_sensor_async.py
[2022-09-25T14:44:38.727+0000] {logging_mixin.py:115} INFO - [2022-09-25T14:44:38.727+0000] {dag.py:2429} INFO - Sync 1 DAGs
[2022-09-25T14:44:38.820+0000] {logging_mixin.py:115} INFO - [2022-09-25T14:44:38.819+0000] {dag.py:2981} INFO - Setting next_dagrun for example_time_delta_sensor_async to None, run_after=None
[2022-09-25T14:44:38.873+0000] {processor.py:161} INFO - Processing /home/airflow/.local/lib/python3.7/site-packages/airflow/example_dags/example_time_delta_sensor_async.py took 0.544 seconds
[2022-09-25T14:45:09.247+0000] {processor.py:153} INFO - Started process (PID=9618) to work on /home/airflow/.local/lib/python3.7/site-packages/airflow/example_dags/example_time_delta_sensor_async.py
[2022-09-25T14:45:09.250+0000] {processor.py:640} INFO - Processing file /home/airflow/.local/lib/python3.7/site-packages/airflow/example_dags/example_time_delta_sensor_async.py for tasks to queue
[2022-09-25T14:45:09.252+0000] {logging_mixin.py:115} INFO - [2022-09-25T14:45:09.252+0000] {dagbag.py:508} INFO - Filling up the DagBag from /home/airflow/.local/lib/python3.7/site-packages/airflow/example_dags/example_time_delta_sensor_async.py
[2022-09-25T14:45:09.262+0000] {processor.py:650} INFO - DAG(s) dict_keys(['example_time_delta_sensor_async']) retrieved from /home/airflow/.local/lib/python3.7/site-packages/airflow/example_dags/example_time_delta_sensor_async.py
[2022-09-25T14:45:09.550+0000] {logging_mixin.py:115} INFO - [2022-09-25T14:45:09.549+0000] {dag.py:2429} INFO - Sync 1 DAGs
[2022-09-25T14:45:09.597+0000] {logging_mixin.py:115} INFO - [2022-09-25T14:45:09.597+0000] {dag.py:2981} INFO - Setting next_dagrun for example_time_delta_sensor_async to None, run_after=None
[2022-09-25T14:45:09.620+0000] {processor.py:161} INFO - Processing /home/airflow/.local/lib/python3.7/site-packages/airflow/example_dags/example_time_delta_sensor_async.py took 0.379 seconds
[2022-09-25T14:45:39.749+0000] {processor.py:153} INFO - Started process (PID=9832) to work on /home/airflow/.local/lib/python3.7/site-packages/airflow/example_dags/example_time_delta_sensor_async.py
[2022-09-25T14:45:39.757+0000] {processor.py:640} INFO - Processing file /home/airflow/.local/lib/python3.7/site-packages/airflow/example_dags/example_time_delta_sensor_async.py for tasks to queue
[2022-09-25T14:45:39.759+0000] {logging_mixin.py:115} INFO - [2022-09-25T14:45:39.759+0000] {dagbag.py:508} INFO - Filling up the DagBag from /home/airflow/.local/lib/python3.7/site-packages/airflow/example_dags/example_time_delta_sensor_async.py
[2022-09-25T14:45:39.767+0000] {processor.py:650} INFO - DAG(s) dict_keys(['example_time_delta_sensor_async']) retrieved from /home/airflow/.local/lib/python3.7/site-packages/airflow/example_dags/example_time_delta_sensor_async.py
[2022-09-25T14:45:40.044+0000] {logging_mixin.py:115} INFO - [2022-09-25T14:45:40.043+0000] {dag.py:2429} INFO - Sync 1 DAGs
[2022-09-25T14:45:40.076+0000] {logging_mixin.py:115} INFO - [2022-09-25T14:45:40.076+0000] {dag.py:2981} INFO - Setting next_dagrun for example_time_delta_sensor_async to None, run_after=None
[2022-09-25T14:45:40.095+0000] {processor.py:161} INFO - Processing /home/airflow/.local/lib/python3.7/site-packages/airflow/example_dags/example_time_delta_sensor_async.py took 0.350 seconds
[2022-09-25T14:46:10.151+0000] {processor.py:153} INFO - Started process (PID=10037) to work on /home/airflow/.local/lib/python3.7/site-packages/airflow/example_dags/example_time_delta_sensor_async.py
[2022-09-25T14:46:10.154+0000] {processor.py:640} INFO - Processing file /home/airflow/.local/lib/python3.7/site-packages/airflow/example_dags/example_time_delta_sensor_async.py for tasks to queue
[2022-09-25T14:46:10.156+0000] {logging_mixin.py:115} INFO - [2022-09-25T14:46:10.156+0000] {dagbag.py:508} INFO - Filling up the DagBag from /home/airflow/.local/lib/python3.7/site-packages/airflow/example_dags/example_time_delta_sensor_async.py
[2022-09-25T14:46:10.166+0000] {processor.py:650} INFO - DAG(s) dict_keys(['example_time_delta_sensor_async']) retrieved from /home/airflow/.local/lib/python3.7/site-packages/airflow/example_dags/example_time_delta_sensor_async.py
[2022-09-25T14:46:10.478+0000] {logging_mixin.py:115} INFO - [2022-09-25T14:46:10.477+0000] {dag.py:2429} INFO - Sync 1 DAGs
[2022-09-25T14:46:10.510+0000] {logging_mixin.py:115} INFO - [2022-09-25T14:46:10.510+0000] {dag.py:2981} INFO - Setting next_dagrun for example_time_delta_sensor_async to None, run_after=None
[2022-09-25T14:46:10.537+0000] {processor.py:161} INFO - Processing /home/airflow/.local/lib/python3.7/site-packages/airflow/example_dags/example_time_delta_sensor_async.py took 0.413 seconds
[2022-09-25T14:46:40.682+0000] {processor.py:153} INFO - Started process (PID=10251) to work on /home/airflow/.local/lib/python3.7/site-packages/airflow/example_dags/example_time_delta_sensor_async.py
[2022-09-25T14:46:40.684+0000] {processor.py:640} INFO - Processing file /home/airflow/.local/lib/python3.7/site-packages/airflow/example_dags/example_time_delta_sensor_async.py for tasks to queue
[2022-09-25T14:46:40.686+0000] {logging_mixin.py:115} INFO - [2022-09-25T14:46:40.686+0000] {dagbag.py:508} INFO - Filling up the DagBag from /home/airflow/.local/lib/python3.7/site-packages/airflow/example_dags/example_time_delta_sensor_async.py
[2022-09-25T14:46:40.695+0000] {processor.py:650} INFO - DAG(s) dict_keys(['example_time_delta_sensor_async']) retrieved from /home/airflow/.local/lib/python3.7/site-packages/airflow/example_dags/example_time_delta_sensor_async.py
[2022-09-25T14:46:40.979+0000] {logging_mixin.py:115} INFO - [2022-09-25T14:46:40.979+0000] {dag.py:2429} INFO - Sync 1 DAGs
[2022-09-25T14:46:41.017+0000] {logging_mixin.py:115} INFO - [2022-09-25T14:46:41.016+0000] {dag.py:2981} INFO - Setting next_dagrun for example_time_delta_sensor_async to None, run_after=None
[2022-09-25T14:46:41.044+0000] {processor.py:161} INFO - Processing /home/airflow/.local/lib/python3.7/site-packages/airflow/example_dags/example_time_delta_sensor_async.py took 0.367 seconds
[2022-09-25T14:47:11.203+0000] {processor.py:153} INFO - Started process (PID=10456) to work on /home/airflow/.local/lib/python3.7/site-packages/airflow/example_dags/example_time_delta_sensor_async.py
[2022-09-25T14:47:11.206+0000] {processor.py:640} INFO - Processing file /home/airflow/.local/lib/python3.7/site-packages/airflow/example_dags/example_time_delta_sensor_async.py for tasks to queue
[2022-09-25T14:47:11.208+0000] {logging_mixin.py:115} INFO - [2022-09-25T14:47:11.208+0000] {dagbag.py:508} INFO - Filling up the DagBag from /home/airflow/.local/lib/python3.7/site-packages/airflow/example_dags/example_time_delta_sensor_async.py
[2022-09-25T14:47:11.216+0000] {processor.py:650} INFO - DAG(s) dict_keys(['example_time_delta_sensor_async']) retrieved from /home/airflow/.local/lib/python3.7/site-packages/airflow/example_dags/example_time_delta_sensor_async.py
[2022-09-25T14:47:11.499+0000] {logging_mixin.py:115} INFO - [2022-09-25T14:47:11.499+0000] {dag.py:2429} INFO - Sync 1 DAGs
[2022-09-25T14:47:11.531+0000] {logging_mixin.py:115} INFO - [2022-09-25T14:47:11.531+0000] {dag.py:2981} INFO - Setting next_dagrun for example_time_delta_sensor_async to None, run_after=None
[2022-09-25T14:47:11.553+0000] {processor.py:161} INFO - Processing /home/airflow/.local/lib/python3.7/site-packages/airflow/example_dags/example_time_delta_sensor_async.py took 0.355 seconds
[2022-09-25T14:47:41.738+0000] {processor.py:153} INFO - Started process (PID=10668) to work on /home/airflow/.local/lib/python3.7/site-packages/airflow/example_dags/example_time_delta_sensor_async.py
[2022-09-25T14:47:41.742+0000] {processor.py:640} INFO - Processing file /home/airflow/.local/lib/python3.7/site-packages/airflow/example_dags/example_time_delta_sensor_async.py for tasks to queue
[2022-09-25T14:47:41.744+0000] {logging_mixin.py:115} INFO - [2022-09-25T14:47:41.744+0000] {dagbag.py:508} INFO - Filling up the DagBag from /home/airflow/.local/lib/python3.7/site-packages/airflow/example_dags/example_time_delta_sensor_async.py
[2022-09-25T14:47:41.762+0000] {processor.py:650} INFO - DAG(s) dict_keys(['example_time_delta_sensor_async']) retrieved from /home/airflow/.local/lib/python3.7/site-packages/airflow/example_dags/example_time_delta_sensor_async.py
[2022-09-25T14:47:42.174+0000] {logging_mixin.py:115} INFO - [2022-09-25T14:47:42.174+0000] {dag.py:2429} INFO - Sync 1 DAGs
[2022-09-25T14:47:42.216+0000] {logging_mixin.py:115} INFO - [2022-09-25T14:47:42.215+0000] {dag.py:2981} INFO - Setting next_dagrun for example_time_delta_sensor_async to None, run_after=None
[2022-09-25T14:47:42.245+0000] {processor.py:161} INFO - Processing /home/airflow/.local/lib/python3.7/site-packages/airflow/example_dags/example_time_delta_sensor_async.py took 0.516 seconds
[2022-09-25T14:48:12.675+0000] {processor.py:153} INFO - Started process (PID=10874) to work on /home/airflow/.local/lib/python3.7/site-packages/airflow/example_dags/example_time_delta_sensor_async.py
[2022-09-25T14:48:12.679+0000] {processor.py:640} INFO - Processing file /home/airflow/.local/lib/python3.7/site-packages/airflow/example_dags/example_time_delta_sensor_async.py for tasks to queue
[2022-09-25T14:48:12.682+0000] {logging_mixin.py:115} INFO - [2022-09-25T14:48:12.682+0000] {dagbag.py:508} INFO - Filling up the DagBag from /home/airflow/.local/lib/python3.7/site-packages/airflow/example_dags/example_time_delta_sensor_async.py
[2022-09-25T14:48:12.693+0000] {processor.py:650} INFO - DAG(s) dict_keys(['example_time_delta_sensor_async']) retrieved from /home/airflow/.local/lib/python3.7/site-packages/airflow/example_dags/example_time_delta_sensor_async.py
[2022-09-25T14:48:13.131+0000] {logging_mixin.py:115} INFO - [2022-09-25T14:48:13.131+0000] {dag.py:2429} INFO - Sync 1 DAGs
[2022-09-25T14:48:13.177+0000] {logging_mixin.py:115} INFO - [2022-09-25T14:48:13.177+0000] {dag.py:2981} INFO - Setting next_dagrun for example_time_delta_sensor_async to None, run_after=None
[2022-09-25T14:48:13.201+0000] {processor.py:161} INFO - Processing /home/airflow/.local/lib/python3.7/site-packages/airflow/example_dags/example_time_delta_sensor_async.py took 0.532 seconds
[2022-09-25T14:48:43.357+0000] {processor.py:153} INFO - Started process (PID=11090) to work on /home/airflow/.local/lib/python3.7/site-packages/airflow/example_dags/example_time_delta_sensor_async.py
[2022-09-25T14:48:43.359+0000] {processor.py:640} INFO - Processing file /home/airflow/.local/lib/python3.7/site-packages/airflow/example_dags/example_time_delta_sensor_async.py for tasks to queue
[2022-09-25T14:48:43.362+0000] {logging_mixin.py:115} INFO - [2022-09-25T14:48:43.362+0000] {dagbag.py:508} INFO - Filling up the DagBag from /home/airflow/.local/lib/python3.7/site-packages/airflow/example_dags/example_time_delta_sensor_async.py
[2022-09-25T14:48:43.372+0000] {processor.py:650} INFO - DAG(s) dict_keys(['example_time_delta_sensor_async']) retrieved from /home/airflow/.local/lib/python3.7/site-packages/airflow/example_dags/example_time_delta_sensor_async.py
[2022-09-25T14:48:43.711+0000] {logging_mixin.py:115} INFO - [2022-09-25T14:48:43.711+0000] {dag.py:2429} INFO - Sync 1 DAGs
[2022-09-25T14:48:43.750+0000] {logging_mixin.py:115} INFO - [2022-09-25T14:48:43.750+0000] {dag.py:2981} INFO - Setting next_dagrun for example_time_delta_sensor_async to None, run_after=None
[2022-09-25T14:48:43.777+0000] {processor.py:161} INFO - Processing /home/airflow/.local/lib/python3.7/site-packages/airflow/example_dags/example_time_delta_sensor_async.py took 0.431 seconds
[2022-09-25T14:49:14.533+0000] {processor.py:153} INFO - Started process (PID=11297) to work on /home/airflow/.local/lib/python3.7/site-packages/airflow/example_dags/example_time_delta_sensor_async.py
[2022-09-25T14:49:14.535+0000] {processor.py:640} INFO - Processing file /home/airflow/.local/lib/python3.7/site-packages/airflow/example_dags/example_time_delta_sensor_async.py for tasks to queue
[2022-09-25T14:49:14.536+0000] {logging_mixin.py:115} INFO - [2022-09-25T14:49:14.536+0000] {dagbag.py:508} INFO - Filling up the DagBag from /home/airflow/.local/lib/python3.7/site-packages/airflow/example_dags/example_time_delta_sensor_async.py
[2022-09-25T14:49:14.547+0000] {processor.py:650} INFO - DAG(s) dict_keys(['example_time_delta_sensor_async']) retrieved from /home/airflow/.local/lib/python3.7/site-packages/airflow/example_dags/example_time_delta_sensor_async.py
[2022-09-25T14:49:14.831+0000] {logging_mixin.py:115} INFO - [2022-09-25T14:49:14.831+0000] {dag.py:2429} INFO - Sync 1 DAGs
[2022-09-25T14:49:14.861+0000] {logging_mixin.py:115} INFO - [2022-09-25T14:49:14.860+0000] {dag.py:2981} INFO - Setting next_dagrun for example_time_delta_sensor_async to None, run_after=None
[2022-09-25T14:49:14.879+0000] {processor.py:161} INFO - Processing /home/airflow/.local/lib/python3.7/site-packages/airflow/example_dags/example_time_delta_sensor_async.py took 0.351 seconds
[2022-09-25T14:49:45.061+0000] {processor.py:153} INFO - Started process (PID=11512) to work on /home/airflow/.local/lib/python3.7/site-packages/airflow/example_dags/example_time_delta_sensor_async.py
[2022-09-25T14:49:45.065+0000] {processor.py:640} INFO - Processing file /home/airflow/.local/lib/python3.7/site-packages/airflow/example_dags/example_time_delta_sensor_async.py for tasks to queue
[2022-09-25T14:49:45.077+0000] {logging_mixin.py:115} INFO - [2022-09-25T14:49:45.076+0000] {dagbag.py:508} INFO - Filling up the DagBag from /home/airflow/.local/lib/python3.7/site-packages/airflow/example_dags/example_time_delta_sensor_async.py
[2022-09-25T14:49:45.091+0000] {processor.py:650} INFO - DAG(s) dict_keys(['example_time_delta_sensor_async']) retrieved from /home/airflow/.local/lib/python3.7/site-packages/airflow/example_dags/example_time_delta_sensor_async.py
[2022-09-25T14:49:45.406+0000] {logging_mixin.py:115} INFO - [2022-09-25T14:49:45.405+0000] {dag.py:2429} INFO - Sync 1 DAGs
[2022-09-25T14:49:45.441+0000] {logging_mixin.py:115} INFO - [2022-09-25T14:49:45.441+0000] {dag.py:2981} INFO - Setting next_dagrun for example_time_delta_sensor_async to None, run_after=None
[2022-09-25T14:49:45.477+0000] {processor.py:161} INFO - Processing /home/airflow/.local/lib/python3.7/site-packages/airflow/example_dags/example_time_delta_sensor_async.py took 0.429 seconds
[2022-09-25T14:50:15.798+0000] {processor.py:153} INFO - Started process (PID=11718) to work on /home/airflow/.local/lib/python3.7/site-packages/airflow/example_dags/example_time_delta_sensor_async.py
[2022-09-25T14:50:15.800+0000] {processor.py:640} INFO - Processing file /home/airflow/.local/lib/python3.7/site-packages/airflow/example_dags/example_time_delta_sensor_async.py for tasks to queue
[2022-09-25T14:50:15.802+0000] {logging_mixin.py:115} INFO - [2022-09-25T14:50:15.802+0000] {dagbag.py:508} INFO - Filling up the DagBag from /home/airflow/.local/lib/python3.7/site-packages/airflow/example_dags/example_time_delta_sensor_async.py
[2022-09-25T14:50:15.811+0000] {processor.py:650} INFO - DAG(s) dict_keys(['example_time_delta_sensor_async']) retrieved from /home/airflow/.local/lib/python3.7/site-packages/airflow/example_dags/example_time_delta_sensor_async.py
[2022-09-25T14:50:16.135+0000] {logging_mixin.py:115} INFO - [2022-09-25T14:50:16.135+0000] {dag.py:2429} INFO - Sync 1 DAGs
[2022-09-25T14:50:16.166+0000] {logging_mixin.py:115} INFO - [2022-09-25T14:50:16.166+0000] {dag.py:2981} INFO - Setting next_dagrun for example_time_delta_sensor_async to None, run_after=None
[2022-09-25T14:50:16.196+0000] {processor.py:161} INFO - Processing /home/airflow/.local/lib/python3.7/site-packages/airflow/example_dags/example_time_delta_sensor_async.py took 0.406 seconds
[2022-09-25T14:50:46.876+0000] {processor.py:153} INFO - Started process (PID=11935) to work on /home/airflow/.local/lib/python3.7/site-packages/airflow/example_dags/example_time_delta_sensor_async.py
[2022-09-25T14:50:46.881+0000] {processor.py:640} INFO - Processing file /home/airflow/.local/lib/python3.7/site-packages/airflow/example_dags/example_time_delta_sensor_async.py for tasks to queue
[2022-09-25T14:50:46.884+0000] {logging_mixin.py:115} INFO - [2022-09-25T14:50:46.884+0000] {dagbag.py:508} INFO - Filling up the DagBag from /home/airflow/.local/lib/python3.7/site-packages/airflow/example_dags/example_time_delta_sensor_async.py
[2022-09-25T14:50:46.901+0000] {processor.py:650} INFO - DAG(s) dict_keys(['example_time_delta_sensor_async']) retrieved from /home/airflow/.local/lib/python3.7/site-packages/airflow/example_dags/example_time_delta_sensor_async.py
[2022-09-25T14:50:47.307+0000] {logging_mixin.py:115} INFO - [2022-09-25T14:50:47.307+0000] {dag.py:2429} INFO - Sync 1 DAGs
[2022-09-25T14:50:47.385+0000] {logging_mixin.py:115} INFO - [2022-09-25T14:50:47.384+0000] {dag.py:2981} INFO - Setting next_dagrun for example_time_delta_sensor_async to None, run_after=None
[2022-09-25T14:50:47.510+0000] {processor.py:161} INFO - Processing /home/airflow/.local/lib/python3.7/site-packages/airflow/example_dags/example_time_delta_sensor_async.py took 0.661 seconds
[2022-09-25T14:51:17.753+0000] {processor.py:153} INFO - Started process (PID=12138) to work on /home/airflow/.local/lib/python3.7/site-packages/airflow/example_dags/example_time_delta_sensor_async.py
[2022-09-25T14:51:17.756+0000] {processor.py:640} INFO - Processing file /home/airflow/.local/lib/python3.7/site-packages/airflow/example_dags/example_time_delta_sensor_async.py for tasks to queue
[2022-09-25T14:51:17.759+0000] {logging_mixin.py:115} INFO - [2022-09-25T14:51:17.759+0000] {dagbag.py:508} INFO - Filling up the DagBag from /home/airflow/.local/lib/python3.7/site-packages/airflow/example_dags/example_time_delta_sensor_async.py
[2022-09-25T14:51:17.771+0000] {processor.py:650} INFO - DAG(s) dict_keys(['example_time_delta_sensor_async']) retrieved from /home/airflow/.local/lib/python3.7/site-packages/airflow/example_dags/example_time_delta_sensor_async.py
[2022-09-25T14:51:18.193+0000] {logging_mixin.py:115} INFO - [2022-09-25T14:51:18.193+0000] {dag.py:2429} INFO - Sync 1 DAGs
[2022-09-25T14:51:18.231+0000] {logging_mixin.py:115} INFO - [2022-09-25T14:51:18.231+0000] {dag.py:2981} INFO - Setting next_dagrun for example_time_delta_sensor_async to None, run_after=None
[2022-09-25T14:51:18.255+0000] {processor.py:161} INFO - Processing /home/airflow/.local/lib/python3.7/site-packages/airflow/example_dags/example_time_delta_sensor_async.py took 0.512 seconds
[2022-09-25T14:51:48.464+0000] {processor.py:153} INFO - Started process (PID=12351) to work on /home/airflow/.local/lib/python3.7/site-packages/airflow/example_dags/example_time_delta_sensor_async.py
[2022-09-25T14:51:48.466+0000] {processor.py:640} INFO - Processing file /home/airflow/.local/lib/python3.7/site-packages/airflow/example_dags/example_time_delta_sensor_async.py for tasks to queue
[2022-09-25T14:51:48.469+0000] {logging_mixin.py:115} INFO - [2022-09-25T14:51:48.469+0000] {dagbag.py:508} INFO - Filling up the DagBag from /home/airflow/.local/lib/python3.7/site-packages/airflow/example_dags/example_time_delta_sensor_async.py
[2022-09-25T14:51:48.479+0000] {processor.py:650} INFO - DAG(s) dict_keys(['example_time_delta_sensor_async']) retrieved from /home/airflow/.local/lib/python3.7/site-packages/airflow/example_dags/example_time_delta_sensor_async.py
[2022-09-25T14:51:48.896+0000] {logging_mixin.py:115} INFO - [2022-09-25T14:51:48.896+0000] {dag.py:2429} INFO - Sync 1 DAGs
[2022-09-25T14:51:48.944+0000] {logging_mixin.py:115} INFO - [2022-09-25T14:51:48.943+0000] {dag.py:2981} INFO - Setting next_dagrun for example_time_delta_sensor_async to None, run_after=None
[2022-09-25T14:51:48.970+0000] {processor.py:161} INFO - Processing /home/airflow/.local/lib/python3.7/site-packages/airflow/example_dags/example_time_delta_sensor_async.py took 0.512 seconds
