[2022-09-25T14:21:48.670+0000] {processor.py:153} INFO - Started process (PID=238) to work on /home/airflow/.local/lib/python3.7/site-packages/airflow/example_dags/example_branch_python_dop_operator_3.py
[2022-09-25T14:21:48.709+0000] {processor.py:640} INFO - Processing file /home/airflow/.local/lib/python3.7/site-packages/airflow/example_dags/example_branch_python_dop_operator_3.py for tasks to queue
[2022-09-25T14:21:48.740+0000] {logging_mixin.py:115} INFO - [2022-09-25T14:21:48.740+0000] {dagbag.py:508} INFO - Filling up the DagBag from /home/airflow/.local/lib/python3.7/site-packages/airflow/example_dags/example_branch_python_dop_operator_3.py
[2022-09-25T14:21:49.147+0000] {processor.py:650} INFO - DAG(s) dict_keys(['example_branch_dop_operator_v3']) retrieved from /home/airflow/.local/lib/python3.7/site-packages/airflow/example_dags/example_branch_python_dop_operator_3.py
[2022-09-25T14:21:49.968+0000] {logging_mixin.py:115} INFO - [2022-09-25T14:21:49.967+0000] {dag.py:2429} INFO - Sync 1 DAGs
[2022-09-25T14:21:50.721+0000] {logging_mixin.py:115} INFO - [2022-09-25T14:21:50.721+0000] {dag.py:2981} INFO - Setting next_dagrun for example_branch_dop_operator_v3 to 2022-09-25T14:20:00+00:00, run_after=2022-09-25T14:21:00+00:00
[2022-09-25T14:21:50.898+0000] {processor.py:161} INFO - Processing /home/airflow/.local/lib/python3.7/site-packages/airflow/example_dags/example_branch_python_dop_operator_3.py took 2.263 seconds
[2022-09-25T14:22:45.175+0000] {processor.py:153} INFO - Started process (PID=461) to work on /home/airflow/.local/lib/python3.7/site-packages/airflow/example_dags/example_branch_python_dop_operator_3.py
[2022-09-25T14:22:45.179+0000] {processor.py:640} INFO - Processing file /home/airflow/.local/lib/python3.7/site-packages/airflow/example_dags/example_branch_python_dop_operator_3.py for tasks to queue
[2022-09-25T14:22:45.184+0000] {logging_mixin.py:115} INFO - [2022-09-25T14:22:45.183+0000] {dagbag.py:508} INFO - Filling up the DagBag from /home/airflow/.local/lib/python3.7/site-packages/airflow/example_dags/example_branch_python_dop_operator_3.py
[2022-09-25T14:22:45.234+0000] {processor.py:650} INFO - DAG(s) dict_keys(['example_branch_dop_operator_v3']) retrieved from /home/airflow/.local/lib/python3.7/site-packages/airflow/example_dags/example_branch_python_dop_operator_3.py
[2022-09-25T14:22:45.326+0000] {logging_mixin.py:115} INFO - [2022-09-25T14:22:45.326+0000] {dag.py:2429} INFO - Sync 1 DAGs
[2022-09-25T14:22:45.382+0000] {logging_mixin.py:115} INFO - [2022-09-25T14:22:45.382+0000] {dag.py:2981} INFO - Setting next_dagrun for example_branch_dop_operator_v3 to 2022-09-25T14:21:00+00:00, run_after=2022-09-25T14:22:00+00:00
[2022-09-25T14:22:45.409+0000] {processor.py:161} INFO - Processing /home/airflow/.local/lib/python3.7/site-packages/airflow/example_dags/example_branch_python_dop_operator_3.py took 0.249 seconds
[2022-09-25T14:23:15.557+0000] {processor.py:153} INFO - Started process (PID=667) to work on /home/airflow/.local/lib/python3.7/site-packages/airflow/example_dags/example_branch_python_dop_operator_3.py
[2022-09-25T14:23:15.559+0000] {processor.py:640} INFO - Processing file /home/airflow/.local/lib/python3.7/site-packages/airflow/example_dags/example_branch_python_dop_operator_3.py for tasks to queue
[2022-09-25T14:23:15.561+0000] {logging_mixin.py:115} INFO - [2022-09-25T14:23:15.561+0000] {dagbag.py:508} INFO - Filling up the DagBag from /home/airflow/.local/lib/python3.7/site-packages/airflow/example_dags/example_branch_python_dop_operator_3.py
[2022-09-25T14:23:15.586+0000] {processor.py:650} INFO - DAG(s) dict_keys(['example_branch_dop_operator_v3']) retrieved from /home/airflow/.local/lib/python3.7/site-packages/airflow/example_dags/example_branch_python_dop_operator_3.py
[2022-09-25T14:23:15.658+0000] {logging_mixin.py:115} INFO - [2022-09-25T14:23:15.658+0000] {dag.py:2429} INFO - Sync 1 DAGs
[2022-09-25T14:23:15.714+0000] {logging_mixin.py:115} INFO - [2022-09-25T14:23:15.714+0000] {dag.py:2981} INFO - Setting next_dagrun for example_branch_dop_operator_v3 to 2022-09-25T14:22:00+00:00, run_after=2022-09-25T14:23:00+00:00
[2022-09-25T14:23:15.743+0000] {processor.py:161} INFO - Processing /home/airflow/.local/lib/python3.7/site-packages/airflow/example_dags/example_branch_python_dop_operator_3.py took 0.192 seconds
[2022-09-25T14:23:46.491+0000] {processor.py:153} INFO - Started process (PID=879) to work on /home/airflow/.local/lib/python3.7/site-packages/airflow/example_dags/example_branch_python_dop_operator_3.py
[2022-09-25T14:23:46.495+0000] {processor.py:640} INFO - Processing file /home/airflow/.local/lib/python3.7/site-packages/airflow/example_dags/example_branch_python_dop_operator_3.py for tasks to queue
[2022-09-25T14:23:46.499+0000] {logging_mixin.py:115} INFO - [2022-09-25T14:23:46.498+0000] {dagbag.py:508} INFO - Filling up the DagBag from /home/airflow/.local/lib/python3.7/site-packages/airflow/example_dags/example_branch_python_dop_operator_3.py
[2022-09-25T14:23:46.525+0000] {processor.py:650} INFO - DAG(s) dict_keys(['example_branch_dop_operator_v3']) retrieved from /home/airflow/.local/lib/python3.7/site-packages/airflow/example_dags/example_branch_python_dop_operator_3.py
[2022-09-25T14:23:46.586+0000] {logging_mixin.py:115} INFO - [2022-09-25T14:23:46.586+0000] {dag.py:2429} INFO - Sync 1 DAGs
[2022-09-25T14:23:46.657+0000] {logging_mixin.py:115} INFO - [2022-09-25T14:23:46.657+0000] {dag.py:2981} INFO - Setting next_dagrun for example_branch_dop_operator_v3 to 2022-09-25T14:22:00+00:00, run_after=2022-09-25T14:23:00+00:00
[2022-09-25T14:23:46.703+0000] {processor.py:161} INFO - Processing /home/airflow/.local/lib/python3.7/site-packages/airflow/example_dags/example_branch_python_dop_operator_3.py took 0.219 seconds
[2022-09-25T14:24:17.930+0000] {processor.py:153} INFO - Started process (PID=1086) to work on /home/airflow/.local/lib/python3.7/site-packages/airflow/example_dags/example_branch_python_dop_operator_3.py
[2022-09-25T14:24:17.932+0000] {processor.py:640} INFO - Processing file /home/airflow/.local/lib/python3.7/site-packages/airflow/example_dags/example_branch_python_dop_operator_3.py for tasks to queue
[2022-09-25T14:24:17.937+0000] {logging_mixin.py:115} INFO - [2022-09-25T14:24:17.937+0000] {dagbag.py:508} INFO - Filling up the DagBag from /home/airflow/.local/lib/python3.7/site-packages/airflow/example_dags/example_branch_python_dop_operator_3.py
[2022-09-25T14:24:17.958+0000] {processor.py:650} INFO - DAG(s) dict_keys(['example_branch_dop_operator_v3']) retrieved from /home/airflow/.local/lib/python3.7/site-packages/airflow/example_dags/example_branch_python_dop_operator_3.py
[2022-09-25T14:24:18.006+0000] {logging_mixin.py:115} INFO - [2022-09-25T14:24:18.005+0000] {dag.py:2429} INFO - Sync 1 DAGs
[2022-09-25T14:24:18.053+0000] {logging_mixin.py:115} INFO - [2022-09-25T14:24:18.053+0000] {dag.py:2981} INFO - Setting next_dagrun for example_branch_dop_operator_v3 to 2022-09-25T14:23:00+00:00, run_after=2022-09-25T14:24:00+00:00
[2022-09-25T14:24:18.073+0000] {processor.py:161} INFO - Processing /home/airflow/.local/lib/python3.7/site-packages/airflow/example_dags/example_branch_python_dop_operator_3.py took 0.151 seconds
[2022-09-25T14:24:48.921+0000] {processor.py:153} INFO - Started process (PID=1303) to work on /home/airflow/.local/lib/python3.7/site-packages/airflow/example_dags/example_branch_python_dop_operator_3.py
[2022-09-25T14:24:48.923+0000] {processor.py:640} INFO - Processing file /home/airflow/.local/lib/python3.7/site-packages/airflow/example_dags/example_branch_python_dop_operator_3.py for tasks to queue
[2022-09-25T14:24:48.925+0000] {logging_mixin.py:115} INFO - [2022-09-25T14:24:48.925+0000] {dagbag.py:508} INFO - Filling up the DagBag from /home/airflow/.local/lib/python3.7/site-packages/airflow/example_dags/example_branch_python_dop_operator_3.py
[2022-09-25T14:24:48.944+0000] {processor.py:650} INFO - DAG(s) dict_keys(['example_branch_dop_operator_v3']) retrieved from /home/airflow/.local/lib/python3.7/site-packages/airflow/example_dags/example_branch_python_dop_operator_3.py
[2022-09-25T14:24:48.991+0000] {logging_mixin.py:115} INFO - [2022-09-25T14:24:48.991+0000] {dag.py:2429} INFO - Sync 1 DAGs
[2022-09-25T14:24:49.033+0000] {logging_mixin.py:115} INFO - [2022-09-25T14:24:49.033+0000] {dag.py:2981} INFO - Setting next_dagrun for example_branch_dop_operator_v3 to 2022-09-25T14:23:00+00:00, run_after=2022-09-25T14:24:00+00:00
[2022-09-25T14:24:49.053+0000] {processor.py:161} INFO - Processing /home/airflow/.local/lib/python3.7/site-packages/airflow/example_dags/example_branch_python_dop_operator_3.py took 0.138 seconds
[2022-09-25T14:25:19.684+0000] {processor.py:153} INFO - Started process (PID=1508) to work on /home/airflow/.local/lib/python3.7/site-packages/airflow/example_dags/example_branch_python_dop_operator_3.py
[2022-09-25T14:25:19.687+0000] {processor.py:640} INFO - Processing file /home/airflow/.local/lib/python3.7/site-packages/airflow/example_dags/example_branch_python_dop_operator_3.py for tasks to queue
[2022-09-25T14:25:19.689+0000] {logging_mixin.py:115} INFO - [2022-09-25T14:25:19.689+0000] {dagbag.py:508} INFO - Filling up the DagBag from /home/airflow/.local/lib/python3.7/site-packages/airflow/example_dags/example_branch_python_dop_operator_3.py
[2022-09-25T14:25:19.705+0000] {processor.py:650} INFO - DAG(s) dict_keys(['example_branch_dop_operator_v3']) retrieved from /home/airflow/.local/lib/python3.7/site-packages/airflow/example_dags/example_branch_python_dop_operator_3.py
[2022-09-25T14:25:19.776+0000] {logging_mixin.py:115} INFO - [2022-09-25T14:25:19.776+0000] {dag.py:2429} INFO - Sync 1 DAGs
[2022-09-25T14:25:19.828+0000] {logging_mixin.py:115} INFO - [2022-09-25T14:25:19.828+0000] {dag.py:2981} INFO - Setting next_dagrun for example_branch_dop_operator_v3 to 2022-09-25T14:24:00+00:00, run_after=2022-09-25T14:25:00+00:00
[2022-09-25T14:25:19.849+0000] {processor.py:161} INFO - Processing /home/airflow/.local/lib/python3.7/site-packages/airflow/example_dags/example_branch_python_dop_operator_3.py took 0.177 seconds
[2022-09-25T14:25:51.291+0000] {processor.py:153} INFO - Started process (PID=1721) to work on /home/airflow/.local/lib/python3.7/site-packages/airflow/example_dags/example_branch_python_dop_operator_3.py
[2022-09-25T14:25:51.294+0000] {processor.py:640} INFO - Processing file /home/airflow/.local/lib/python3.7/site-packages/airflow/example_dags/example_branch_python_dop_operator_3.py for tasks to queue
[2022-09-25T14:25:51.296+0000] {logging_mixin.py:115} INFO - [2022-09-25T14:25:51.295+0000] {dagbag.py:508} INFO - Filling up the DagBag from /home/airflow/.local/lib/python3.7/site-packages/airflow/example_dags/example_branch_python_dop_operator_3.py
[2022-09-25T14:25:51.315+0000] {processor.py:650} INFO - DAG(s) dict_keys(['example_branch_dop_operator_v3']) retrieved from /home/airflow/.local/lib/python3.7/site-packages/airflow/example_dags/example_branch_python_dop_operator_3.py
[2022-09-25T14:25:51.381+0000] {logging_mixin.py:115} INFO - [2022-09-25T14:25:51.381+0000] {dag.py:2429} INFO - Sync 1 DAGs
[2022-09-25T14:25:51.438+0000] {logging_mixin.py:115} INFO - [2022-09-25T14:25:51.438+0000] {dag.py:2981} INFO - Setting next_dagrun for example_branch_dop_operator_v3 to 2022-09-25T14:24:00+00:00, run_after=2022-09-25T14:25:00+00:00
[2022-09-25T14:25:51.463+0000] {processor.py:161} INFO - Processing /home/airflow/.local/lib/python3.7/site-packages/airflow/example_dags/example_branch_python_dop_operator_3.py took 0.177 seconds
[2022-09-25T14:26:21.819+0000] {processor.py:153} INFO - Started process (PID=1926) to work on /home/airflow/.local/lib/python3.7/site-packages/airflow/example_dags/example_branch_python_dop_operator_3.py
[2022-09-25T14:26:21.822+0000] {processor.py:640} INFO - Processing file /home/airflow/.local/lib/python3.7/site-packages/airflow/example_dags/example_branch_python_dop_operator_3.py for tasks to queue
[2022-09-25T14:26:21.824+0000] {logging_mixin.py:115} INFO - [2022-09-25T14:26:21.823+0000] {dagbag.py:508} INFO - Filling up the DagBag from /home/airflow/.local/lib/python3.7/site-packages/airflow/example_dags/example_branch_python_dop_operator_3.py
[2022-09-25T14:26:21.840+0000] {processor.py:650} INFO - DAG(s) dict_keys(['example_branch_dop_operator_v3']) retrieved from /home/airflow/.local/lib/python3.7/site-packages/airflow/example_dags/example_branch_python_dop_operator_3.py
[2022-09-25T14:26:21.886+0000] {logging_mixin.py:115} INFO - [2022-09-25T14:26:21.886+0000] {dag.py:2429} INFO - Sync 1 DAGs
[2022-09-25T14:26:21.929+0000] {logging_mixin.py:115} INFO - [2022-09-25T14:26:21.929+0000] {dag.py:2981} INFO - Setting next_dagrun for example_branch_dop_operator_v3 to 2022-09-25T14:25:00+00:00, run_after=2022-09-25T14:26:00+00:00
[2022-09-25T14:26:21.950+0000] {processor.py:161} INFO - Processing /home/airflow/.local/lib/python3.7/site-packages/airflow/example_dags/example_branch_python_dop_operator_3.py took 0.136 seconds
[2022-09-25T14:26:53.266+0000] {processor.py:153} INFO - Started process (PID=2141) to work on /home/airflow/.local/lib/python3.7/site-packages/airflow/example_dags/example_branch_python_dop_operator_3.py
[2022-09-25T14:26:53.268+0000] {processor.py:640} INFO - Processing file /home/airflow/.local/lib/python3.7/site-packages/airflow/example_dags/example_branch_python_dop_operator_3.py for tasks to queue
[2022-09-25T14:26:53.270+0000] {logging_mixin.py:115} INFO - [2022-09-25T14:26:53.270+0000] {dagbag.py:508} INFO - Filling up the DagBag from /home/airflow/.local/lib/python3.7/site-packages/airflow/example_dags/example_branch_python_dop_operator_3.py
[2022-09-25T14:26:53.292+0000] {processor.py:650} INFO - DAG(s) dict_keys(['example_branch_dop_operator_v3']) retrieved from /home/airflow/.local/lib/python3.7/site-packages/airflow/example_dags/example_branch_python_dop_operator_3.py
[2022-09-25T14:26:53.334+0000] {logging_mixin.py:115} INFO - [2022-09-25T14:26:53.333+0000] {dag.py:2429} INFO - Sync 1 DAGs
[2022-09-25T14:26:53.379+0000] {logging_mixin.py:115} INFO - [2022-09-25T14:26:53.379+0000] {dag.py:2981} INFO - Setting next_dagrun for example_branch_dop_operator_v3 to 2022-09-25T14:25:00+00:00, run_after=2022-09-25T14:26:00+00:00
[2022-09-25T14:26:53.401+0000] {processor.py:161} INFO - Processing /home/airflow/.local/lib/python3.7/site-packages/airflow/example_dags/example_branch_python_dop_operator_3.py took 0.141 seconds
[2022-09-25T14:27:24.334+0000] {processor.py:153} INFO - Started process (PID=2345) to work on /home/airflow/.local/lib/python3.7/site-packages/airflow/example_dags/example_branch_python_dop_operator_3.py
[2022-09-25T14:27:24.337+0000] {processor.py:640} INFO - Processing file /home/airflow/.local/lib/python3.7/site-packages/airflow/example_dags/example_branch_python_dop_operator_3.py for tasks to queue
[2022-09-25T14:27:24.339+0000] {logging_mixin.py:115} INFO - [2022-09-25T14:27:24.339+0000] {dagbag.py:508} INFO - Filling up the DagBag from /home/airflow/.local/lib/python3.7/site-packages/airflow/example_dags/example_branch_python_dop_operator_3.py
[2022-09-25T14:27:24.360+0000] {processor.py:650} INFO - DAG(s) dict_keys(['example_branch_dop_operator_v3']) retrieved from /home/airflow/.local/lib/python3.7/site-packages/airflow/example_dags/example_branch_python_dop_operator_3.py
[2022-09-25T14:27:24.407+0000] {logging_mixin.py:115} INFO - [2022-09-25T14:27:24.406+0000] {dag.py:2429} INFO - Sync 1 DAGs
[2022-09-25T14:27:24.451+0000] {logging_mixin.py:115} INFO - [2022-09-25T14:27:24.451+0000] {dag.py:2981} INFO - Setting next_dagrun for example_branch_dop_operator_v3 to 2022-09-25T14:26:00+00:00, run_after=2022-09-25T14:27:00+00:00
[2022-09-25T14:27:24.473+0000] {processor.py:161} INFO - Processing /home/airflow/.local/lib/python3.7/site-packages/airflow/example_dags/example_branch_python_dop_operator_3.py took 0.144 seconds
[2022-09-25T14:27:55.388+0000] {processor.py:153} INFO - Started process (PID=2560) to work on /home/airflow/.local/lib/python3.7/site-packages/airflow/example_dags/example_branch_python_dop_operator_3.py
[2022-09-25T14:27:55.391+0000] {processor.py:640} INFO - Processing file /home/airflow/.local/lib/python3.7/site-packages/airflow/example_dags/example_branch_python_dop_operator_3.py for tasks to queue
[2022-09-25T14:27:55.393+0000] {logging_mixin.py:115} INFO - [2022-09-25T14:27:55.393+0000] {dagbag.py:508} INFO - Filling up the DagBag from /home/airflow/.local/lib/python3.7/site-packages/airflow/example_dags/example_branch_python_dop_operator_3.py
[2022-09-25T14:27:55.430+0000] {processor.py:650} INFO - DAG(s) dict_keys(['example_branch_dop_operator_v3']) retrieved from /home/airflow/.local/lib/python3.7/site-packages/airflow/example_dags/example_branch_python_dop_operator_3.py
[2022-09-25T14:27:55.475+0000] {logging_mixin.py:115} INFO - [2022-09-25T14:27:55.475+0000] {dag.py:2429} INFO - Sync 1 DAGs
[2022-09-25T14:27:55.522+0000] {logging_mixin.py:115} INFO - [2022-09-25T14:27:55.521+0000] {dag.py:2981} INFO - Setting next_dagrun for example_branch_dop_operator_v3 to 2022-09-25T14:26:00+00:00, run_after=2022-09-25T14:27:00+00:00
[2022-09-25T14:27:55.545+0000] {processor.py:161} INFO - Processing /home/airflow/.local/lib/python3.7/site-packages/airflow/example_dags/example_branch_python_dop_operator_3.py took 0.163 seconds
[2022-09-25T14:28:27.043+0000] {processor.py:153} INFO - Started process (PID=2765) to work on /home/airflow/.local/lib/python3.7/site-packages/airflow/example_dags/example_branch_python_dop_operator_3.py
[2022-09-25T14:28:27.046+0000] {processor.py:640} INFO - Processing file /home/airflow/.local/lib/python3.7/site-packages/airflow/example_dags/example_branch_python_dop_operator_3.py for tasks to queue
[2022-09-25T14:28:27.048+0000] {logging_mixin.py:115} INFO - [2022-09-25T14:28:27.048+0000] {dagbag.py:508} INFO - Filling up the DagBag from /home/airflow/.local/lib/python3.7/site-packages/airflow/example_dags/example_branch_python_dop_operator_3.py
[2022-09-25T14:28:27.067+0000] {processor.py:650} INFO - DAG(s) dict_keys(['example_branch_dop_operator_v3']) retrieved from /home/airflow/.local/lib/python3.7/site-packages/airflow/example_dags/example_branch_python_dop_operator_3.py
[2022-09-25T14:28:27.122+0000] {logging_mixin.py:115} INFO - [2022-09-25T14:28:27.122+0000] {dag.py:2429} INFO - Sync 1 DAGs
[2022-09-25T14:28:27.168+0000] {logging_mixin.py:115} INFO - [2022-09-25T14:28:27.168+0000] {dag.py:2981} INFO - Setting next_dagrun for example_branch_dop_operator_v3 to 2022-09-25T14:27:00+00:00, run_after=2022-09-25T14:28:00+00:00
[2022-09-25T14:28:27.190+0000] {processor.py:161} INFO - Processing /home/airflow/.local/lib/python3.7/site-packages/airflow/example_dags/example_branch_python_dop_operator_3.py took 0.152 seconds
[2022-09-25T14:28:58.375+0000] {processor.py:153} INFO - Started process (PID=2977) to work on /home/airflow/.local/lib/python3.7/site-packages/airflow/example_dags/example_branch_python_dop_operator_3.py
[2022-09-25T14:28:58.378+0000] {processor.py:640} INFO - Processing file /home/airflow/.local/lib/python3.7/site-packages/airflow/example_dags/example_branch_python_dop_operator_3.py for tasks to queue
[2022-09-25T14:28:58.380+0000] {logging_mixin.py:115} INFO - [2022-09-25T14:28:58.380+0000] {dagbag.py:508} INFO - Filling up the DagBag from /home/airflow/.local/lib/python3.7/site-packages/airflow/example_dags/example_branch_python_dop_operator_3.py
[2022-09-25T14:28:58.414+0000] {processor.py:650} INFO - DAG(s) dict_keys(['example_branch_dop_operator_v3']) retrieved from /home/airflow/.local/lib/python3.7/site-packages/airflow/example_dags/example_branch_python_dop_operator_3.py
[2022-09-25T14:28:58.458+0000] {logging_mixin.py:115} INFO - [2022-09-25T14:28:58.458+0000] {dag.py:2429} INFO - Sync 1 DAGs
[2022-09-25T14:28:58.499+0000] {logging_mixin.py:115} INFO - [2022-09-25T14:28:58.498+0000] {dag.py:2981} INFO - Setting next_dagrun for example_branch_dop_operator_v3 to 2022-09-25T14:27:00+00:00, run_after=2022-09-25T14:28:00+00:00
[2022-09-25T14:28:58.522+0000] {processor.py:161} INFO - Processing /home/airflow/.local/lib/python3.7/site-packages/airflow/example_dags/example_branch_python_dop_operator_3.py took 0.153 seconds
[2022-09-25T14:29:29.614+0000] {processor.py:153} INFO - Started process (PID=3184) to work on /home/airflow/.local/lib/python3.7/site-packages/airflow/example_dags/example_branch_python_dop_operator_3.py
[2022-09-25T14:29:29.617+0000] {processor.py:640} INFO - Processing file /home/airflow/.local/lib/python3.7/site-packages/airflow/example_dags/example_branch_python_dop_operator_3.py for tasks to queue
[2022-09-25T14:29:29.619+0000] {logging_mixin.py:115} INFO - [2022-09-25T14:29:29.619+0000] {dagbag.py:508} INFO - Filling up the DagBag from /home/airflow/.local/lib/python3.7/site-packages/airflow/example_dags/example_branch_python_dop_operator_3.py
[2022-09-25T14:29:29.640+0000] {processor.py:650} INFO - DAG(s) dict_keys(['example_branch_dop_operator_v3']) retrieved from /home/airflow/.local/lib/python3.7/site-packages/airflow/example_dags/example_branch_python_dop_operator_3.py
[2022-09-25T14:29:29.702+0000] {logging_mixin.py:115} INFO - [2022-09-25T14:29:29.701+0000] {dag.py:2429} INFO - Sync 1 DAGs
[2022-09-25T14:29:29.763+0000] {logging_mixin.py:115} INFO - [2022-09-25T14:29:29.762+0000] {dag.py:2981} INFO - Setting next_dagrun for example_branch_dop_operator_v3 to 2022-09-25T14:28:00+00:00, run_after=2022-09-25T14:29:00+00:00
[2022-09-25T14:29:29.796+0000] {processor.py:161} INFO - Processing /home/airflow/.local/lib/python3.7/site-packages/airflow/example_dags/example_branch_python_dop_operator_3.py took 0.189 seconds
[2022-09-25T14:30:00.242+0000] {processor.py:153} INFO - Started process (PID=3397) to work on /home/airflow/.local/lib/python3.7/site-packages/airflow/example_dags/example_branch_python_dop_operator_3.py
[2022-09-25T14:30:00.245+0000] {processor.py:640} INFO - Processing file /home/airflow/.local/lib/python3.7/site-packages/airflow/example_dags/example_branch_python_dop_operator_3.py for tasks to queue
[2022-09-25T14:30:00.247+0000] {logging_mixin.py:115} INFO - [2022-09-25T14:30:00.247+0000] {dagbag.py:508} INFO - Filling up the DagBag from /home/airflow/.local/lib/python3.7/site-packages/airflow/example_dags/example_branch_python_dop_operator_3.py
[2022-09-25T14:30:00.274+0000] {processor.py:650} INFO - DAG(s) dict_keys(['example_branch_dop_operator_v3']) retrieved from /home/airflow/.local/lib/python3.7/site-packages/airflow/example_dags/example_branch_python_dop_operator_3.py
[2022-09-25T14:30:00.322+0000] {logging_mixin.py:115} INFO - [2022-09-25T14:30:00.322+0000] {dag.py:2429} INFO - Sync 1 DAGs
[2022-09-25T14:30:00.366+0000] {logging_mixin.py:115} INFO - [2022-09-25T14:30:00.366+0000] {dag.py:2981} INFO - Setting next_dagrun for example_branch_dop_operator_v3 to 2022-09-25T14:29:00+00:00, run_after=2022-09-25T14:30:00+00:00
[2022-09-25T14:30:00.386+0000] {processor.py:161} INFO - Processing /home/airflow/.local/lib/python3.7/site-packages/airflow/example_dags/example_branch_python_dop_operator_3.py took 0.150 seconds
[2022-09-25T14:30:31.290+0000] {processor.py:153} INFO - Started process (PID=3602) to work on /home/airflow/.local/lib/python3.7/site-packages/airflow/example_dags/example_branch_python_dop_operator_3.py
[2022-09-25T14:30:31.293+0000] {processor.py:640} INFO - Processing file /home/airflow/.local/lib/python3.7/site-packages/airflow/example_dags/example_branch_python_dop_operator_3.py for tasks to queue
[2022-09-25T14:30:31.297+0000] {logging_mixin.py:115} INFO - [2022-09-25T14:30:31.296+0000] {dagbag.py:508} INFO - Filling up the DagBag from /home/airflow/.local/lib/python3.7/site-packages/airflow/example_dags/example_branch_python_dop_operator_3.py
[2022-09-25T14:30:31.327+0000] {processor.py:650} INFO - DAG(s) dict_keys(['example_branch_dop_operator_v3']) retrieved from /home/airflow/.local/lib/python3.7/site-packages/airflow/example_dags/example_branch_python_dop_operator_3.py
[2022-09-25T14:30:31.381+0000] {logging_mixin.py:115} INFO - [2022-09-25T14:30:31.380+0000] {dag.py:2429} INFO - Sync 1 DAGs
[2022-09-25T14:30:31.489+0000] {logging_mixin.py:115} INFO - [2022-09-25T14:30:31.489+0000] {dag.py:2981} INFO - Setting next_dagrun for example_branch_dop_operator_v3 to 2022-09-25T14:29:00+00:00, run_after=2022-09-25T14:30:00+00:00
[2022-09-25T14:30:31.537+0000] {processor.py:161} INFO - Processing /home/airflow/.local/lib/python3.7/site-packages/airflow/example_dags/example_branch_python_dop_operator_3.py took 0.256 seconds
[2022-09-25T14:31:03.476+0000] {processor.py:153} INFO - Started process (PID=3816) to work on /home/airflow/.local/lib/python3.7/site-packages/airflow/example_dags/example_branch_python_dop_operator_3.py
[2022-09-25T14:31:03.478+0000] {processor.py:640} INFO - Processing file /home/airflow/.local/lib/python3.7/site-packages/airflow/example_dags/example_branch_python_dop_operator_3.py for tasks to queue
[2022-09-25T14:31:03.480+0000] {logging_mixin.py:115} INFO - [2022-09-25T14:31:03.480+0000] {dagbag.py:508} INFO - Filling up the DagBag from /home/airflow/.local/lib/python3.7/site-packages/airflow/example_dags/example_branch_python_dop_operator_3.py
[2022-09-25T14:31:03.507+0000] {processor.py:650} INFO - DAG(s) dict_keys(['example_branch_dop_operator_v3']) retrieved from /home/airflow/.local/lib/python3.7/site-packages/airflow/example_dags/example_branch_python_dop_operator_3.py
[2022-09-25T14:31:03.556+0000] {logging_mixin.py:115} INFO - [2022-09-25T14:31:03.555+0000] {dag.py:2429} INFO - Sync 1 DAGs
[2022-09-25T14:31:03.607+0000] {logging_mixin.py:115} INFO - [2022-09-25T14:31:03.606+0000] {dag.py:2981} INFO - Setting next_dagrun for example_branch_dop_operator_v3 to 2022-09-25T14:30:00+00:00, run_after=2022-09-25T14:31:00+00:00
[2022-09-25T14:31:03.628+0000] {processor.py:161} INFO - Processing /home/airflow/.local/lib/python3.7/site-packages/airflow/example_dags/example_branch_python_dop_operator_3.py took 0.158 seconds
[2022-09-25T14:31:34.138+0000] {processor.py:153} INFO - Started process (PID=4022) to work on /home/airflow/.local/lib/python3.7/site-packages/airflow/example_dags/example_branch_python_dop_operator_3.py
[2022-09-25T14:31:34.142+0000] {processor.py:640} INFO - Processing file /home/airflow/.local/lib/python3.7/site-packages/airflow/example_dags/example_branch_python_dop_operator_3.py for tasks to queue
[2022-09-25T14:31:34.144+0000] {logging_mixin.py:115} INFO - [2022-09-25T14:31:34.144+0000] {dagbag.py:508} INFO - Filling up the DagBag from /home/airflow/.local/lib/python3.7/site-packages/airflow/example_dags/example_branch_python_dop_operator_3.py
[2022-09-25T14:31:34.167+0000] {processor.py:650} INFO - DAG(s) dict_keys(['example_branch_dop_operator_v3']) retrieved from /home/airflow/.local/lib/python3.7/site-packages/airflow/example_dags/example_branch_python_dop_operator_3.py
[2022-09-25T14:31:34.215+0000] {logging_mixin.py:115} INFO - [2022-09-25T14:31:34.215+0000] {dag.py:2429} INFO - Sync 1 DAGs
[2022-09-25T14:31:34.266+0000] {logging_mixin.py:115} INFO - [2022-09-25T14:31:34.265+0000] {dag.py:2981} INFO - Setting next_dagrun for example_branch_dop_operator_v3 to 2022-09-25T14:30:00+00:00, run_after=2022-09-25T14:31:00+00:00
[2022-09-25T14:31:34.292+0000] {processor.py:161} INFO - Processing /home/airflow/.local/lib/python3.7/site-packages/airflow/example_dags/example_branch_python_dop_operator_3.py took 0.160 seconds
[2022-09-25T14:32:05.154+0000] {processor.py:153} INFO - Started process (PID=4237) to work on /home/airflow/.local/lib/python3.7/site-packages/airflow/example_dags/example_branch_python_dop_operator_3.py
[2022-09-25T14:32:05.157+0000] {processor.py:640} INFO - Processing file /home/airflow/.local/lib/python3.7/site-packages/airflow/example_dags/example_branch_python_dop_operator_3.py for tasks to queue
[2022-09-25T14:32:05.160+0000] {logging_mixin.py:115} INFO - [2022-09-25T14:32:05.159+0000] {dagbag.py:508} INFO - Filling up the DagBag from /home/airflow/.local/lib/python3.7/site-packages/airflow/example_dags/example_branch_python_dop_operator_3.py
[2022-09-25T14:32:05.191+0000] {processor.py:650} INFO - DAG(s) dict_keys(['example_branch_dop_operator_v3']) retrieved from /home/airflow/.local/lib/python3.7/site-packages/airflow/example_dags/example_branch_python_dop_operator_3.py
[2022-09-25T14:32:05.233+0000] {logging_mixin.py:115} INFO - [2022-09-25T14:32:05.233+0000] {dag.py:2429} INFO - Sync 1 DAGs
[2022-09-25T14:32:05.276+0000] {logging_mixin.py:115} INFO - [2022-09-25T14:32:05.275+0000] {dag.py:2981} INFO - Setting next_dagrun for example_branch_dop_operator_v3 to 2022-09-25T14:31:00+00:00, run_after=2022-09-25T14:32:00+00:00
[2022-09-25T14:32:05.301+0000] {processor.py:161} INFO - Processing /home/airflow/.local/lib/python3.7/site-packages/airflow/example_dags/example_branch_python_dop_operator_3.py took 0.154 seconds
[2022-09-25T14:32:36.598+0000] {processor.py:153} INFO - Started process (PID=4442) to work on /home/airflow/.local/lib/python3.7/site-packages/airflow/example_dags/example_branch_python_dop_operator_3.py
[2022-09-25T14:32:36.601+0000] {processor.py:640} INFO - Processing file /home/airflow/.local/lib/python3.7/site-packages/airflow/example_dags/example_branch_python_dop_operator_3.py for tasks to queue
[2022-09-25T14:32:36.605+0000] {logging_mixin.py:115} INFO - [2022-09-25T14:32:36.605+0000] {dagbag.py:508} INFO - Filling up the DagBag from /home/airflow/.local/lib/python3.7/site-packages/airflow/example_dags/example_branch_python_dop_operator_3.py
[2022-09-25T14:32:36.640+0000] {processor.py:650} INFO - DAG(s) dict_keys(['example_branch_dop_operator_v3']) retrieved from /home/airflow/.local/lib/python3.7/site-packages/airflow/example_dags/example_branch_python_dop_operator_3.py
[2022-09-25T14:32:36.694+0000] {logging_mixin.py:115} INFO - [2022-09-25T14:32:36.694+0000] {dag.py:2429} INFO - Sync 1 DAGs
[2022-09-25T14:32:36.749+0000] {logging_mixin.py:115} INFO - [2022-09-25T14:32:36.749+0000] {dag.py:2981} INFO - Setting next_dagrun for example_branch_dop_operator_v3 to 2022-09-25T14:31:00+00:00, run_after=2022-09-25T14:32:00+00:00
[2022-09-25T14:32:36.778+0000] {processor.py:161} INFO - Processing /home/airflow/.local/lib/python3.7/site-packages/airflow/example_dags/example_branch_python_dop_operator_3.py took 0.186 seconds
[2022-09-25T14:33:07.530+0000] {processor.py:153} INFO - Started process (PID=4658) to work on /home/airflow/.local/lib/python3.7/site-packages/airflow/example_dags/example_branch_python_dop_operator_3.py
[2022-09-25T14:33:07.533+0000] {processor.py:640} INFO - Processing file /home/airflow/.local/lib/python3.7/site-packages/airflow/example_dags/example_branch_python_dop_operator_3.py for tasks to queue
[2022-09-25T14:33:07.535+0000] {logging_mixin.py:115} INFO - [2022-09-25T14:33:07.535+0000] {dagbag.py:508} INFO - Filling up the DagBag from /home/airflow/.local/lib/python3.7/site-packages/airflow/example_dags/example_branch_python_dop_operator_3.py
[2022-09-25T14:33:07.566+0000] {processor.py:650} INFO - DAG(s) dict_keys(['example_branch_dop_operator_v3']) retrieved from /home/airflow/.local/lib/python3.7/site-packages/airflow/example_dags/example_branch_python_dop_operator_3.py
[2022-09-25T14:33:07.616+0000] {logging_mixin.py:115} INFO - [2022-09-25T14:33:07.615+0000] {dag.py:2429} INFO - Sync 1 DAGs
[2022-09-25T14:33:07.664+0000] {logging_mixin.py:115} INFO - [2022-09-25T14:33:07.663+0000] {dag.py:2981} INFO - Setting next_dagrun for example_branch_dop_operator_v3 to 2022-09-25T14:32:00+00:00, run_after=2022-09-25T14:33:00+00:00
[2022-09-25T14:33:07.687+0000] {processor.py:161} INFO - Processing /home/airflow/.local/lib/python3.7/site-packages/airflow/example_dags/example_branch_python_dop_operator_3.py took 0.162 seconds
[2022-09-25T14:33:38.707+0000] {processor.py:153} INFO - Started process (PID=4862) to work on /home/airflow/.local/lib/python3.7/site-packages/airflow/example_dags/example_branch_python_dop_operator_3.py
[2022-09-25T14:33:38.711+0000] {processor.py:640} INFO - Processing file /home/airflow/.local/lib/python3.7/site-packages/airflow/example_dags/example_branch_python_dop_operator_3.py for tasks to queue
[2022-09-25T14:33:38.716+0000] {logging_mixin.py:115} INFO - [2022-09-25T14:33:38.714+0000] {dagbag.py:508} INFO - Filling up the DagBag from /home/airflow/.local/lib/python3.7/site-packages/airflow/example_dags/example_branch_python_dop_operator_3.py
[2022-09-25T14:33:38.766+0000] {processor.py:650} INFO - DAG(s) dict_keys(['example_branch_dop_operator_v3']) retrieved from /home/airflow/.local/lib/python3.7/site-packages/airflow/example_dags/example_branch_python_dop_operator_3.py
[2022-09-25T14:33:38.842+0000] {logging_mixin.py:115} INFO - [2022-09-25T14:33:38.842+0000] {dag.py:2429} INFO - Sync 1 DAGs
[2022-09-25T14:33:38.915+0000] {logging_mixin.py:115} INFO - [2022-09-25T14:33:38.915+0000] {dag.py:2981} INFO - Setting next_dagrun for example_branch_dop_operator_v3 to 2022-09-25T14:32:00+00:00, run_after=2022-09-25T14:33:00+00:00
[2022-09-25T14:33:38.962+0000] {processor.py:161} INFO - Processing /home/airflow/.local/lib/python3.7/site-packages/airflow/example_dags/example_branch_python_dop_operator_3.py took 0.263 seconds
[2022-09-25T14:34:09.206+0000] {processor.py:153} INFO - Started process (PID=5075) to work on /home/airflow/.local/lib/python3.7/site-packages/airflow/example_dags/example_branch_python_dop_operator_3.py
[2022-09-25T14:34:09.208+0000] {processor.py:640} INFO - Processing file /home/airflow/.local/lib/python3.7/site-packages/airflow/example_dags/example_branch_python_dop_operator_3.py for tasks to queue
[2022-09-25T14:34:09.212+0000] {logging_mixin.py:115} INFO - [2022-09-25T14:34:09.211+0000] {dagbag.py:508} INFO - Filling up the DagBag from /home/airflow/.local/lib/python3.7/site-packages/airflow/example_dags/example_branch_python_dop_operator_3.py
[2022-09-25T14:34:09.244+0000] {processor.py:650} INFO - DAG(s) dict_keys(['example_branch_dop_operator_v3']) retrieved from /home/airflow/.local/lib/python3.7/site-packages/airflow/example_dags/example_branch_python_dop_operator_3.py
[2022-09-25T14:34:09.299+0000] {logging_mixin.py:115} INFO - [2022-09-25T14:34:09.299+0000] {dag.py:2429} INFO - Sync 1 DAGs
[2022-09-25T14:34:09.350+0000] {logging_mixin.py:115} INFO - [2022-09-25T14:34:09.349+0000] {dag.py:2981} INFO - Setting next_dagrun for example_branch_dop_operator_v3 to 2022-09-25T14:33:00+00:00, run_after=2022-09-25T14:34:00+00:00
[2022-09-25T14:34:09.371+0000] {processor.py:161} INFO - Processing /home/airflow/.local/lib/python3.7/site-packages/airflow/example_dags/example_branch_python_dop_operator_3.py took 0.172 seconds
[2022-09-25T14:34:39.767+0000] {processor.py:153} INFO - Started process (PID=5276) to work on /home/airflow/.local/lib/python3.7/site-packages/airflow/example_dags/example_branch_python_dop_operator_3.py
[2022-09-25T14:34:39.770+0000] {processor.py:640} INFO - Processing file /home/airflow/.local/lib/python3.7/site-packages/airflow/example_dags/example_branch_python_dop_operator_3.py for tasks to queue
[2022-09-25T14:34:39.772+0000] {logging_mixin.py:115} INFO - [2022-09-25T14:34:39.772+0000] {dagbag.py:508} INFO - Filling up the DagBag from /home/airflow/.local/lib/python3.7/site-packages/airflow/example_dags/example_branch_python_dop_operator_3.py
[2022-09-25T14:34:39.799+0000] {processor.py:650} INFO - DAG(s) dict_keys(['example_branch_dop_operator_v3']) retrieved from /home/airflow/.local/lib/python3.7/site-packages/airflow/example_dags/example_branch_python_dop_operator_3.py
[2022-09-25T14:34:39.846+0000] {logging_mixin.py:115} INFO - [2022-09-25T14:34:39.846+0000] {dag.py:2429} INFO - Sync 1 DAGs
[2022-09-25T14:34:39.901+0000] {logging_mixin.py:115} INFO - [2022-09-25T14:34:39.901+0000] {dag.py:2981} INFO - Setting next_dagrun for example_branch_dop_operator_v3 to 2022-09-25T14:33:00+00:00, run_after=2022-09-25T14:34:00+00:00
[2022-09-25T14:34:39.929+0000] {processor.py:161} INFO - Processing /home/airflow/.local/lib/python3.7/site-packages/airflow/example_dags/example_branch_python_dop_operator_3.py took 0.170 seconds
[2022-09-25T14:35:10.868+0000] {processor.py:153} INFO - Started process (PID=5491) to work on /home/airflow/.local/lib/python3.7/site-packages/airflow/example_dags/example_branch_python_dop_operator_3.py
[2022-09-25T14:35:10.873+0000] {processor.py:640} INFO - Processing file /home/airflow/.local/lib/python3.7/site-packages/airflow/example_dags/example_branch_python_dop_operator_3.py for tasks to queue
[2022-09-25T14:35:10.876+0000] {logging_mixin.py:115} INFO - [2022-09-25T14:35:10.876+0000] {dagbag.py:508} INFO - Filling up the DagBag from /home/airflow/.local/lib/python3.7/site-packages/airflow/example_dags/example_branch_python_dop_operator_3.py
[2022-09-25T14:35:10.909+0000] {processor.py:650} INFO - DAG(s) dict_keys(['example_branch_dop_operator_v3']) retrieved from /home/airflow/.local/lib/python3.7/site-packages/airflow/example_dags/example_branch_python_dop_operator_3.py
[2022-09-25T14:35:10.975+0000] {logging_mixin.py:115} INFO - [2022-09-25T14:35:10.975+0000] {dag.py:2429} INFO - Sync 1 DAGs
[2022-09-25T14:35:11.019+0000] {logging_mixin.py:115} INFO - [2022-09-25T14:35:11.018+0000] {dag.py:2981} INFO - Setting next_dagrun for example_branch_dop_operator_v3 to 2022-09-25T14:34:00+00:00, run_after=2022-09-25T14:35:00+00:00
[2022-09-25T14:35:11.043+0000] {processor.py:161} INFO - Processing /home/airflow/.local/lib/python3.7/site-packages/airflow/example_dags/example_branch_python_dop_operator_3.py took 0.186 seconds
[2022-09-25T14:35:41.882+0000] {processor.py:153} INFO - Started process (PID=5696) to work on /home/airflow/.local/lib/python3.7/site-packages/airflow/example_dags/example_branch_python_dop_operator_3.py
[2022-09-25T14:35:41.885+0000] {processor.py:640} INFO - Processing file /home/airflow/.local/lib/python3.7/site-packages/airflow/example_dags/example_branch_python_dop_operator_3.py for tasks to queue
[2022-09-25T14:35:41.887+0000] {logging_mixin.py:115} INFO - [2022-09-25T14:35:41.887+0000] {dagbag.py:508} INFO - Filling up the DagBag from /home/airflow/.local/lib/python3.7/site-packages/airflow/example_dags/example_branch_python_dop_operator_3.py
[2022-09-25T14:35:41.911+0000] {processor.py:650} INFO - DAG(s) dict_keys(['example_branch_dop_operator_v3']) retrieved from /home/airflow/.local/lib/python3.7/site-packages/airflow/example_dags/example_branch_python_dop_operator_3.py
[2022-09-25T14:35:41.959+0000] {logging_mixin.py:115} INFO - [2022-09-25T14:35:41.959+0000] {dag.py:2429} INFO - Sync 1 DAGs
[2022-09-25T14:35:42.007+0000] {logging_mixin.py:115} INFO - [2022-09-25T14:35:42.007+0000] {dag.py:2981} INFO - Setting next_dagrun for example_branch_dop_operator_v3 to 2022-09-25T14:34:00+00:00, run_after=2022-09-25T14:35:00+00:00
[2022-09-25T14:35:42.035+0000] {processor.py:161} INFO - Processing /home/airflow/.local/lib/python3.7/site-packages/airflow/example_dags/example_branch_python_dop_operator_3.py took 0.160 seconds
[2022-09-25T14:36:12.175+0000] {processor.py:153} INFO - Started process (PID=5905) to work on /home/airflow/.local/lib/python3.7/site-packages/airflow/example_dags/example_branch_python_dop_operator_3.py
[2022-09-25T14:36:12.179+0000] {processor.py:640} INFO - Processing file /home/airflow/.local/lib/python3.7/site-packages/airflow/example_dags/example_branch_python_dop_operator_3.py for tasks to queue
[2022-09-25T14:36:12.181+0000] {logging_mixin.py:115} INFO - [2022-09-25T14:36:12.181+0000] {dagbag.py:508} INFO - Filling up the DagBag from /home/airflow/.local/lib/python3.7/site-packages/airflow/example_dags/example_branch_python_dop_operator_3.py
[2022-09-25T14:36:12.212+0000] {processor.py:650} INFO - DAG(s) dict_keys(['example_branch_dop_operator_v3']) retrieved from /home/airflow/.local/lib/python3.7/site-packages/airflow/example_dags/example_branch_python_dop_operator_3.py
[2022-09-25T14:36:12.263+0000] {logging_mixin.py:115} INFO - [2022-09-25T14:36:12.263+0000] {dag.py:2429} INFO - Sync 1 DAGs
[2022-09-25T14:36:12.322+0000] {logging_mixin.py:115} INFO - [2022-09-25T14:36:12.321+0000] {dag.py:2981} INFO - Setting next_dagrun for example_branch_dop_operator_v3 to 2022-09-25T14:35:00+00:00, run_after=2022-09-25T14:36:00+00:00
[2022-09-25T14:36:12.358+0000] {processor.py:161} INFO - Processing /home/airflow/.local/lib/python3.7/site-packages/airflow/example_dags/example_branch_python_dop_operator_3.py took 0.193 seconds
[2022-09-25T14:36:43.078+0000] {processor.py:153} INFO - Started process (PID=6110) to work on /home/airflow/.local/lib/python3.7/site-packages/airflow/example_dags/example_branch_python_dop_operator_3.py
[2022-09-25T14:36:43.082+0000] {processor.py:640} INFO - Processing file /home/airflow/.local/lib/python3.7/site-packages/airflow/example_dags/example_branch_python_dop_operator_3.py for tasks to queue
[2022-09-25T14:36:43.085+0000] {logging_mixin.py:115} INFO - [2022-09-25T14:36:43.085+0000] {dagbag.py:508} INFO - Filling up the DagBag from /home/airflow/.local/lib/python3.7/site-packages/airflow/example_dags/example_branch_python_dop_operator_3.py
[2022-09-25T14:36:43.104+0000] {processor.py:650} INFO - DAG(s) dict_keys(['example_branch_dop_operator_v3']) retrieved from /home/airflow/.local/lib/python3.7/site-packages/airflow/example_dags/example_branch_python_dop_operator_3.py
[2022-09-25T14:36:43.155+0000] {logging_mixin.py:115} INFO - [2022-09-25T14:36:43.155+0000] {dag.py:2429} INFO - Sync 1 DAGs
[2022-09-25T14:36:43.211+0000] {logging_mixin.py:115} INFO - [2022-09-25T14:36:43.210+0000] {dag.py:2981} INFO - Setting next_dagrun for example_branch_dop_operator_v3 to 2022-09-25T14:35:00+00:00, run_after=2022-09-25T14:36:00+00:00
[2022-09-25T14:36:43.245+0000] {processor.py:161} INFO - Processing /home/airflow/.local/lib/python3.7/site-packages/airflow/example_dags/example_branch_python_dop_operator_3.py took 0.173 seconds
[2022-09-25T14:37:13.917+0000] {processor.py:153} INFO - Started process (PID=6323) to work on /home/airflow/.local/lib/python3.7/site-packages/airflow/example_dags/example_branch_python_dop_operator_3.py
[2022-09-25T14:37:13.919+0000] {processor.py:640} INFO - Processing file /home/airflow/.local/lib/python3.7/site-packages/airflow/example_dags/example_branch_python_dop_operator_3.py for tasks to queue
[2022-09-25T14:37:13.920+0000] {logging_mixin.py:115} INFO - [2022-09-25T14:37:13.920+0000] {dagbag.py:508} INFO - Filling up the DagBag from /home/airflow/.local/lib/python3.7/site-packages/airflow/example_dags/example_branch_python_dop_operator_3.py
[2022-09-25T14:37:13.935+0000] {processor.py:650} INFO - DAG(s) dict_keys(['example_branch_dop_operator_v3']) retrieved from /home/airflow/.local/lib/python3.7/site-packages/airflow/example_dags/example_branch_python_dop_operator_3.py
[2022-09-25T14:37:13.975+0000] {logging_mixin.py:115} INFO - [2022-09-25T14:37:13.975+0000] {dag.py:2429} INFO - Sync 1 DAGs
[2022-09-25T14:37:14.023+0000] {logging_mixin.py:115} INFO - [2022-09-25T14:37:14.023+0000] {dag.py:2981} INFO - Setting next_dagrun for example_branch_dop_operator_v3 to 2022-09-25T14:36:00+00:00, run_after=2022-09-25T14:37:00+00:00
[2022-09-25T14:37:14.053+0000] {processor.py:161} INFO - Processing /home/airflow/.local/lib/python3.7/site-packages/airflow/example_dags/example_branch_python_dop_operator_3.py took 0.141 seconds
[2022-09-25T14:37:44.225+0000] {processor.py:153} INFO - Started process (PID=6528) to work on /home/airflow/.local/lib/python3.7/site-packages/airflow/example_dags/example_branch_python_dop_operator_3.py
[2022-09-25T14:37:44.228+0000] {processor.py:640} INFO - Processing file /home/airflow/.local/lib/python3.7/site-packages/airflow/example_dags/example_branch_python_dop_operator_3.py for tasks to queue
[2022-09-25T14:37:44.230+0000] {logging_mixin.py:115} INFO - [2022-09-25T14:37:44.230+0000] {dagbag.py:508} INFO - Filling up the DagBag from /home/airflow/.local/lib/python3.7/site-packages/airflow/example_dags/example_branch_python_dop_operator_3.py
[2022-09-25T14:37:44.248+0000] {processor.py:650} INFO - DAG(s) dict_keys(['example_branch_dop_operator_v3']) retrieved from /home/airflow/.local/lib/python3.7/site-packages/airflow/example_dags/example_branch_python_dop_operator_3.py
[2022-09-25T14:37:44.295+0000] {logging_mixin.py:115} INFO - [2022-09-25T14:37:44.295+0000] {dag.py:2429} INFO - Sync 1 DAGs
[2022-09-25T14:37:44.347+0000] {logging_mixin.py:115} INFO - [2022-09-25T14:37:44.347+0000] {dag.py:2981} INFO - Setting next_dagrun for example_branch_dop_operator_v3 to 2022-09-25T14:36:00+00:00, run_after=2022-09-25T14:37:00+00:00
[2022-09-25T14:37:44.372+0000] {processor.py:161} INFO - Processing /home/airflow/.local/lib/python3.7/site-packages/airflow/example_dags/example_branch_python_dop_operator_3.py took 0.153 seconds
[2022-09-25T14:38:14.583+0000] {processor.py:153} INFO - Started process (PID=6741) to work on /home/airflow/.local/lib/python3.7/site-packages/airflow/example_dags/example_branch_python_dop_operator_3.py
[2022-09-25T14:38:14.591+0000] {processor.py:640} INFO - Processing file /home/airflow/.local/lib/python3.7/site-packages/airflow/example_dags/example_branch_python_dop_operator_3.py for tasks to queue
[2022-09-25T14:38:14.593+0000] {logging_mixin.py:115} INFO - [2022-09-25T14:38:14.592+0000] {dagbag.py:508} INFO - Filling up the DagBag from /home/airflow/.local/lib/python3.7/site-packages/airflow/example_dags/example_branch_python_dop_operator_3.py
[2022-09-25T14:38:14.608+0000] {processor.py:650} INFO - DAG(s) dict_keys(['example_branch_dop_operator_v3']) retrieved from /home/airflow/.local/lib/python3.7/site-packages/airflow/example_dags/example_branch_python_dop_operator_3.py
[2022-09-25T14:38:14.652+0000] {logging_mixin.py:115} INFO - [2022-09-25T14:38:14.652+0000] {dag.py:2429} INFO - Sync 1 DAGs
[2022-09-25T14:38:14.701+0000] {logging_mixin.py:115} INFO - [2022-09-25T14:38:14.701+0000] {dag.py:2981} INFO - Setting next_dagrun for example_branch_dop_operator_v3 to 2022-09-25T14:37:00+00:00, run_after=2022-09-25T14:38:00+00:00
[2022-09-25T14:38:14.731+0000] {processor.py:161} INFO - Processing /home/airflow/.local/lib/python3.7/site-packages/airflow/example_dags/example_branch_python_dop_operator_3.py took 0.153 seconds
[2022-09-25T14:38:45.156+0000] {processor.py:153} INFO - Started process (PID=6946) to work on /home/airflow/.local/lib/python3.7/site-packages/airflow/example_dags/example_branch_python_dop_operator_3.py
[2022-09-25T14:38:45.158+0000] {processor.py:640} INFO - Processing file /home/airflow/.local/lib/python3.7/site-packages/airflow/example_dags/example_branch_python_dop_operator_3.py for tasks to queue
[2022-09-25T14:38:45.168+0000] {logging_mixin.py:115} INFO - [2022-09-25T14:38:45.168+0000] {dagbag.py:508} INFO - Filling up the DagBag from /home/airflow/.local/lib/python3.7/site-packages/airflow/example_dags/example_branch_python_dop_operator_3.py
[2022-09-25T14:38:45.193+0000] {processor.py:650} INFO - DAG(s) dict_keys(['example_branch_dop_operator_v3']) retrieved from /home/airflow/.local/lib/python3.7/site-packages/airflow/example_dags/example_branch_python_dop_operator_3.py
[2022-09-25T14:38:45.243+0000] {logging_mixin.py:115} INFO - [2022-09-25T14:38:45.243+0000] {dag.py:2429} INFO - Sync 1 DAGs
[2022-09-25T14:38:45.300+0000] {logging_mixin.py:115} INFO - [2022-09-25T14:38:45.300+0000] {dag.py:2981} INFO - Setting next_dagrun for example_branch_dop_operator_v3 to 2022-09-25T14:37:00+00:00, run_after=2022-09-25T14:38:00+00:00
[2022-09-25T14:38:45.324+0000] {processor.py:161} INFO - Processing /home/airflow/.local/lib/python3.7/site-packages/airflow/example_dags/example_branch_python_dop_operator_3.py took 0.178 seconds
[2022-09-25T14:39:15.392+0000] {processor.py:153} INFO - Started process (PID=7159) to work on /home/airflow/.local/lib/python3.7/site-packages/airflow/example_dags/example_branch_python_dop_operator_3.py
[2022-09-25T14:39:15.395+0000] {processor.py:640} INFO - Processing file /home/airflow/.local/lib/python3.7/site-packages/airflow/example_dags/example_branch_python_dop_operator_3.py for tasks to queue
[2022-09-25T14:39:15.397+0000] {logging_mixin.py:115} INFO - [2022-09-25T14:39:15.397+0000] {dagbag.py:508} INFO - Filling up the DagBag from /home/airflow/.local/lib/python3.7/site-packages/airflow/example_dags/example_branch_python_dop_operator_3.py
[2022-09-25T14:39:15.415+0000] {processor.py:650} INFO - DAG(s) dict_keys(['example_branch_dop_operator_v3']) retrieved from /home/airflow/.local/lib/python3.7/site-packages/airflow/example_dags/example_branch_python_dop_operator_3.py
[2022-09-25T14:39:15.461+0000] {logging_mixin.py:115} INFO - [2022-09-25T14:39:15.461+0000] {dag.py:2429} INFO - Sync 1 DAGs
[2022-09-25T14:39:15.508+0000] {logging_mixin.py:115} INFO - [2022-09-25T14:39:15.508+0000] {dag.py:2981} INFO - Setting next_dagrun for example_branch_dop_operator_v3 to 2022-09-25T14:38:00+00:00, run_after=2022-09-25T14:39:00+00:00
[2022-09-25T14:39:15.537+0000] {processor.py:161} INFO - Processing /home/airflow/.local/lib/python3.7/site-packages/airflow/example_dags/example_branch_python_dop_operator_3.py took 0.150 seconds
[2022-09-25T14:39:45.860+0000] {processor.py:153} INFO - Started process (PID=7366) to work on /home/airflow/.local/lib/python3.7/site-packages/airflow/example_dags/example_branch_python_dop_operator_3.py
[2022-09-25T14:39:45.862+0000] {processor.py:640} INFO - Processing file /home/airflow/.local/lib/python3.7/site-packages/airflow/example_dags/example_branch_python_dop_operator_3.py for tasks to queue
[2022-09-25T14:39:45.864+0000] {logging_mixin.py:115} INFO - [2022-09-25T14:39:45.864+0000] {dagbag.py:508} INFO - Filling up the DagBag from /home/airflow/.local/lib/python3.7/site-packages/airflow/example_dags/example_branch_python_dop_operator_3.py
[2022-09-25T14:39:45.881+0000] {processor.py:650} INFO - DAG(s) dict_keys(['example_branch_dop_operator_v3']) retrieved from /home/airflow/.local/lib/python3.7/site-packages/airflow/example_dags/example_branch_python_dop_operator_3.py
[2022-09-25T14:39:45.929+0000] {logging_mixin.py:115} INFO - [2022-09-25T14:39:45.929+0000] {dag.py:2429} INFO - Sync 1 DAGs
[2022-09-25T14:39:45.976+0000] {logging_mixin.py:115} INFO - [2022-09-25T14:39:45.976+0000] {dag.py:2981} INFO - Setting next_dagrun for example_branch_dop_operator_v3 to 2022-09-25T14:38:00+00:00, run_after=2022-09-25T14:39:00+00:00
[2022-09-25T14:39:46.002+0000] {processor.py:161} INFO - Processing /home/airflow/.local/lib/python3.7/site-packages/airflow/example_dags/example_branch_python_dop_operator_3.py took 0.147 seconds
[2022-09-25T14:40:16.306+0000] {processor.py:153} INFO - Started process (PID=7578) to work on /home/airflow/.local/lib/python3.7/site-packages/airflow/example_dags/example_branch_python_dop_operator_3.py
[2022-09-25T14:40:16.310+0000] {processor.py:640} INFO - Processing file /home/airflow/.local/lib/python3.7/site-packages/airflow/example_dags/example_branch_python_dop_operator_3.py for tasks to queue
[2022-09-25T14:40:16.312+0000] {logging_mixin.py:115} INFO - [2022-09-25T14:40:16.312+0000] {dagbag.py:508} INFO - Filling up the DagBag from /home/airflow/.local/lib/python3.7/site-packages/airflow/example_dags/example_branch_python_dop_operator_3.py
[2022-09-25T14:40:16.333+0000] {processor.py:650} INFO - DAG(s) dict_keys(['example_branch_dop_operator_v3']) retrieved from /home/airflow/.local/lib/python3.7/site-packages/airflow/example_dags/example_branch_python_dop_operator_3.py
[2022-09-25T14:40:16.381+0000] {logging_mixin.py:115} INFO - [2022-09-25T14:40:16.381+0000] {dag.py:2429} INFO - Sync 1 DAGs
[2022-09-25T14:40:16.431+0000] {logging_mixin.py:115} INFO - [2022-09-25T14:40:16.431+0000] {dag.py:2981} INFO - Setting next_dagrun for example_branch_dop_operator_v3 to 2022-09-25T14:39:00+00:00, run_after=2022-09-25T14:40:00+00:00
[2022-09-25T14:40:16.462+0000] {processor.py:161} INFO - Processing /home/airflow/.local/lib/python3.7/site-packages/airflow/example_dags/example_branch_python_dop_operator_3.py took 0.163 seconds
[2022-09-25T14:40:46.928+0000] {processor.py:153} INFO - Started process (PID=7785) to work on /home/airflow/.local/lib/python3.7/site-packages/airflow/example_dags/example_branch_python_dop_operator_3.py
[2022-09-25T14:40:46.930+0000] {processor.py:640} INFO - Processing file /home/airflow/.local/lib/python3.7/site-packages/airflow/example_dags/example_branch_python_dop_operator_3.py for tasks to queue
[2022-09-25T14:40:46.932+0000] {logging_mixin.py:115} INFO - [2022-09-25T14:40:46.932+0000] {dagbag.py:508} INFO - Filling up the DagBag from /home/airflow/.local/lib/python3.7/site-packages/airflow/example_dags/example_branch_python_dop_operator_3.py
[2022-09-25T14:40:46.959+0000] {processor.py:650} INFO - DAG(s) dict_keys(['example_branch_dop_operator_v3']) retrieved from /home/airflow/.local/lib/python3.7/site-packages/airflow/example_dags/example_branch_python_dop_operator_3.py
[2022-09-25T14:40:47.011+0000] {logging_mixin.py:115} INFO - [2022-09-25T14:40:47.010+0000] {dag.py:2429} INFO - Sync 1 DAGs
[2022-09-25T14:40:47.065+0000] {logging_mixin.py:115} INFO - [2022-09-25T14:40:47.065+0000] {dag.py:2981} INFO - Setting next_dagrun for example_branch_dop_operator_v3 to 2022-09-25T14:39:00+00:00, run_after=2022-09-25T14:40:00+00:00
[2022-09-25T14:40:47.094+0000] {processor.py:161} INFO - Processing /home/airflow/.local/lib/python3.7/site-packages/airflow/example_dags/example_branch_python_dop_operator_3.py took 0.171 seconds
[2022-09-25T14:41:17.607+0000] {processor.py:153} INFO - Started process (PID=7999) to work on /home/airflow/.local/lib/python3.7/site-packages/airflow/example_dags/example_branch_python_dop_operator_3.py
[2022-09-25T14:41:17.609+0000] {processor.py:640} INFO - Processing file /home/airflow/.local/lib/python3.7/site-packages/airflow/example_dags/example_branch_python_dop_operator_3.py for tasks to queue
[2022-09-25T14:41:17.612+0000] {logging_mixin.py:115} INFO - [2022-09-25T14:41:17.611+0000] {dagbag.py:508} INFO - Filling up the DagBag from /home/airflow/.local/lib/python3.7/site-packages/airflow/example_dags/example_branch_python_dop_operator_3.py
[2022-09-25T14:41:17.628+0000] {processor.py:650} INFO - DAG(s) dict_keys(['example_branch_dop_operator_v3']) retrieved from /home/airflow/.local/lib/python3.7/site-packages/airflow/example_dags/example_branch_python_dop_operator_3.py
[2022-09-25T14:41:17.684+0000] {logging_mixin.py:115} INFO - [2022-09-25T14:41:17.683+0000] {dag.py:2429} INFO - Sync 1 DAGs
[2022-09-25T14:41:17.731+0000] {logging_mixin.py:115} INFO - [2022-09-25T14:41:17.731+0000] {dag.py:2981} INFO - Setting next_dagrun for example_branch_dop_operator_v3 to 2022-09-25T14:40:00+00:00, run_after=2022-09-25T14:41:00+00:00
[2022-09-25T14:41:17.766+0000] {processor.py:161} INFO - Processing /home/airflow/.local/lib/python3.7/site-packages/airflow/example_dags/example_branch_python_dop_operator_3.py took 0.164 seconds
[2022-09-25T14:41:48.243+0000] {processor.py:153} INFO - Started process (PID=8204) to work on /home/airflow/.local/lib/python3.7/site-packages/airflow/example_dags/example_branch_python_dop_operator_3.py
[2022-09-25T14:41:48.247+0000] {processor.py:640} INFO - Processing file /home/airflow/.local/lib/python3.7/site-packages/airflow/example_dags/example_branch_python_dop_operator_3.py for tasks to queue
[2022-09-25T14:41:48.251+0000] {logging_mixin.py:115} INFO - [2022-09-25T14:41:48.250+0000] {dagbag.py:508} INFO - Filling up the DagBag from /home/airflow/.local/lib/python3.7/site-packages/airflow/example_dags/example_branch_python_dop_operator_3.py
[2022-09-25T14:41:48.280+0000] {processor.py:650} INFO - DAG(s) dict_keys(['example_branch_dop_operator_v3']) retrieved from /home/airflow/.local/lib/python3.7/site-packages/airflow/example_dags/example_branch_python_dop_operator_3.py
[2022-09-25T14:41:48.332+0000] {logging_mixin.py:115} INFO - [2022-09-25T14:41:48.332+0000] {dag.py:2429} INFO - Sync 1 DAGs
[2022-09-25T14:41:48.391+0000] {logging_mixin.py:115} INFO - [2022-09-25T14:41:48.391+0000] {dag.py:2981} INFO - Setting next_dagrun for example_branch_dop_operator_v3 to 2022-09-25T14:40:00+00:00, run_after=2022-09-25T14:41:00+00:00
[2022-09-25T14:41:48.420+0000] {processor.py:161} INFO - Processing /home/airflow/.local/lib/python3.7/site-packages/airflow/example_dags/example_branch_python_dop_operator_3.py took 0.185 seconds
[2022-09-25T14:42:19.154+0000] {processor.py:153} INFO - Started process (PID=8416) to work on /home/airflow/.local/lib/python3.7/site-packages/airflow/example_dags/example_branch_python_dop_operator_3.py
[2022-09-25T14:42:19.158+0000] {processor.py:640} INFO - Processing file /home/airflow/.local/lib/python3.7/site-packages/airflow/example_dags/example_branch_python_dop_operator_3.py for tasks to queue
[2022-09-25T14:42:19.161+0000] {logging_mixin.py:115} INFO - [2022-09-25T14:42:19.161+0000] {dagbag.py:508} INFO - Filling up the DagBag from /home/airflow/.local/lib/python3.7/site-packages/airflow/example_dags/example_branch_python_dop_operator_3.py
[2022-09-25T14:42:19.181+0000] {processor.py:650} INFO - DAG(s) dict_keys(['example_branch_dop_operator_v3']) retrieved from /home/airflow/.local/lib/python3.7/site-packages/airflow/example_dags/example_branch_python_dop_operator_3.py
[2022-09-25T14:42:19.229+0000] {logging_mixin.py:115} INFO - [2022-09-25T14:42:19.229+0000] {dag.py:2429} INFO - Sync 1 DAGs
[2022-09-25T14:42:19.282+0000] {logging_mixin.py:115} INFO - [2022-09-25T14:42:19.282+0000] {dag.py:2981} INFO - Setting next_dagrun for example_branch_dop_operator_v3 to 2022-09-25T14:41:00+00:00, run_after=2022-09-25T14:42:00+00:00
[2022-09-25T14:42:19.315+0000] {processor.py:161} INFO - Processing /home/airflow/.local/lib/python3.7/site-packages/airflow/example_dags/example_branch_python_dop_operator_3.py took 0.166 seconds
[2022-09-25T14:42:49.414+0000] {processor.py:153} INFO - Started process (PID=8625) to work on /home/airflow/.local/lib/python3.7/site-packages/airflow/example_dags/example_branch_python_dop_operator_3.py
[2022-09-25T14:42:49.417+0000] {processor.py:640} INFO - Processing file /home/airflow/.local/lib/python3.7/site-packages/airflow/example_dags/example_branch_python_dop_operator_3.py for tasks to queue
[2022-09-25T14:42:49.418+0000] {logging_mixin.py:115} INFO - [2022-09-25T14:42:49.418+0000] {dagbag.py:508} INFO - Filling up the DagBag from /home/airflow/.local/lib/python3.7/site-packages/airflow/example_dags/example_branch_python_dop_operator_3.py
[2022-09-25T14:42:49.435+0000] {processor.py:650} INFO - DAG(s) dict_keys(['example_branch_dop_operator_v3']) retrieved from /home/airflow/.local/lib/python3.7/site-packages/airflow/example_dags/example_branch_python_dop_operator_3.py
[2022-09-25T14:42:49.477+0000] {logging_mixin.py:115} INFO - [2022-09-25T14:42:49.477+0000] {dag.py:2429} INFO - Sync 1 DAGs
[2022-09-25T14:42:49.531+0000] {logging_mixin.py:115} INFO - [2022-09-25T14:42:49.530+0000] {dag.py:2981} INFO - Setting next_dagrun for example_branch_dop_operator_v3 to 2022-09-25T14:41:00+00:00, run_after=2022-09-25T14:42:00+00:00
[2022-09-25T14:42:49.556+0000] {processor.py:161} INFO - Processing /home/airflow/.local/lib/python3.7/site-packages/airflow/example_dags/example_branch_python_dop_operator_3.py took 0.148 seconds
[2022-09-25T14:43:19.785+0000] {processor.py:153} INFO - Started process (PID=8830) to work on /home/airflow/.local/lib/python3.7/site-packages/airflow/example_dags/example_branch_python_dop_operator_3.py
[2022-09-25T14:43:19.788+0000] {processor.py:640} INFO - Processing file /home/airflow/.local/lib/python3.7/site-packages/airflow/example_dags/example_branch_python_dop_operator_3.py for tasks to queue
[2022-09-25T14:43:19.790+0000] {logging_mixin.py:115} INFO - [2022-09-25T14:43:19.790+0000] {dagbag.py:508} INFO - Filling up the DagBag from /home/airflow/.local/lib/python3.7/site-packages/airflow/example_dags/example_branch_python_dop_operator_3.py
[2022-09-25T14:43:19.810+0000] {processor.py:650} INFO - DAG(s) dict_keys(['example_branch_dop_operator_v3']) retrieved from /home/airflow/.local/lib/python3.7/site-packages/airflow/example_dags/example_branch_python_dop_operator_3.py
[2022-09-25T14:43:19.854+0000] {logging_mixin.py:115} INFO - [2022-09-25T14:43:19.854+0000] {dag.py:2429} INFO - Sync 1 DAGs
[2022-09-25T14:43:19.910+0000] {logging_mixin.py:115} INFO - [2022-09-25T14:43:19.909+0000] {dag.py:2981} INFO - Setting next_dagrun for example_branch_dop_operator_v3 to 2022-09-25T14:42:00+00:00, run_after=2022-09-25T14:43:00+00:00
[2022-09-25T14:43:19.934+0000] {processor.py:161} INFO - Processing /home/airflow/.local/lib/python3.7/site-packages/airflow/example_dags/example_branch_python_dop_operator_3.py took 0.154 seconds
[2022-09-25T14:43:50.380+0000] {processor.py:153} INFO - Started process (PID=9045) to work on /home/airflow/.local/lib/python3.7/site-packages/airflow/example_dags/example_branch_python_dop_operator_3.py
[2022-09-25T14:43:50.383+0000] {processor.py:640} INFO - Processing file /home/airflow/.local/lib/python3.7/site-packages/airflow/example_dags/example_branch_python_dop_operator_3.py for tasks to queue
[2022-09-25T14:43:50.385+0000] {logging_mixin.py:115} INFO - [2022-09-25T14:43:50.384+0000] {dagbag.py:508} INFO - Filling up the DagBag from /home/airflow/.local/lib/python3.7/site-packages/airflow/example_dags/example_branch_python_dop_operator_3.py
[2022-09-25T14:43:50.408+0000] {processor.py:650} INFO - DAG(s) dict_keys(['example_branch_dop_operator_v3']) retrieved from /home/airflow/.local/lib/python3.7/site-packages/airflow/example_dags/example_branch_python_dop_operator_3.py
[2022-09-25T14:43:50.455+0000] {logging_mixin.py:115} INFO - [2022-09-25T14:43:50.454+0000] {dag.py:2429} INFO - Sync 1 DAGs
[2022-09-25T14:43:50.503+0000] {logging_mixin.py:115} INFO - [2022-09-25T14:43:50.502+0000] {dag.py:2981} INFO - Setting next_dagrun for example_branch_dop_operator_v3 to 2022-09-25T14:42:00+00:00, run_after=2022-09-25T14:43:00+00:00
[2022-09-25T14:43:50.533+0000] {processor.py:161} INFO - Processing /home/airflow/.local/lib/python3.7/site-packages/airflow/example_dags/example_branch_python_dop_operator_3.py took 0.160 seconds
[2022-09-25T14:44:21.130+0000] {processor.py:153} INFO - Started process (PID=9255) to work on /home/airflow/.local/lib/python3.7/site-packages/airflow/example_dags/example_branch_python_dop_operator_3.py
[2022-09-25T14:44:21.132+0000] {processor.py:640} INFO - Processing file /home/airflow/.local/lib/python3.7/site-packages/airflow/example_dags/example_branch_python_dop_operator_3.py for tasks to queue
[2022-09-25T14:44:21.135+0000] {logging_mixin.py:115} INFO - [2022-09-25T14:44:21.135+0000] {dagbag.py:508} INFO - Filling up the DagBag from /home/airflow/.local/lib/python3.7/site-packages/airflow/example_dags/example_branch_python_dop_operator_3.py
[2022-09-25T14:44:21.159+0000] {processor.py:650} INFO - DAG(s) dict_keys(['example_branch_dop_operator_v3']) retrieved from /home/airflow/.local/lib/python3.7/site-packages/airflow/example_dags/example_branch_python_dop_operator_3.py
[2022-09-25T14:44:21.216+0000] {logging_mixin.py:115} INFO - [2022-09-25T14:44:21.215+0000] {dag.py:2429} INFO - Sync 1 DAGs
[2022-09-25T14:44:21.270+0000] {logging_mixin.py:115} INFO - [2022-09-25T14:44:21.270+0000] {dag.py:2981} INFO - Setting next_dagrun for example_branch_dop_operator_v3 to 2022-09-25T14:43:00+00:00, run_after=2022-09-25T14:44:00+00:00
[2022-09-25T14:44:21.300+0000] {processor.py:161} INFO - Processing /home/airflow/.local/lib/python3.7/site-packages/airflow/example_dags/example_branch_python_dop_operator_3.py took 0.183 seconds
[2022-09-25T14:44:51.465+0000] {processor.py:153} INFO - Started process (PID=9465) to work on /home/airflow/.local/lib/python3.7/site-packages/airflow/example_dags/example_branch_python_dop_operator_3.py
[2022-09-25T14:44:51.473+0000] {processor.py:640} INFO - Processing file /home/airflow/.local/lib/python3.7/site-packages/airflow/example_dags/example_branch_python_dop_operator_3.py for tasks to queue
[2022-09-25T14:44:51.475+0000] {logging_mixin.py:115} INFO - [2022-09-25T14:44:51.474+0000] {dagbag.py:508} INFO - Filling up the DagBag from /home/airflow/.local/lib/python3.7/site-packages/airflow/example_dags/example_branch_python_dop_operator_3.py
[2022-09-25T14:44:51.498+0000] {processor.py:650} INFO - DAG(s) dict_keys(['example_branch_dop_operator_v3']) retrieved from /home/airflow/.local/lib/python3.7/site-packages/airflow/example_dags/example_branch_python_dop_operator_3.py
[2022-09-25T14:44:51.568+0000] {logging_mixin.py:115} INFO - [2022-09-25T14:44:51.568+0000] {dag.py:2429} INFO - Sync 1 DAGs
[2022-09-25T14:44:51.633+0000] {logging_mixin.py:115} INFO - [2022-09-25T14:44:51.633+0000] {dag.py:2981} INFO - Setting next_dagrun for example_branch_dop_operator_v3 to 2022-09-25T14:43:00+00:00, run_after=2022-09-25T14:44:00+00:00
[2022-09-25T14:44:51.663+0000] {processor.py:161} INFO - Processing /home/airflow/.local/lib/python3.7/site-packages/airflow/example_dags/example_branch_python_dop_operator_3.py took 0.206 seconds
[2022-09-25T14:45:21.999+0000] {processor.py:153} INFO - Started process (PID=9670) to work on /home/airflow/.local/lib/python3.7/site-packages/airflow/example_dags/example_branch_python_dop_operator_3.py
[2022-09-25T14:45:22.003+0000] {processor.py:640} INFO - Processing file /home/airflow/.local/lib/python3.7/site-packages/airflow/example_dags/example_branch_python_dop_operator_3.py for tasks to queue
[2022-09-25T14:45:22.006+0000] {logging_mixin.py:115} INFO - [2022-09-25T14:45:22.006+0000] {dagbag.py:508} INFO - Filling up the DagBag from /home/airflow/.local/lib/python3.7/site-packages/airflow/example_dags/example_branch_python_dop_operator_3.py
[2022-09-25T14:45:22.029+0000] {processor.py:650} INFO - DAG(s) dict_keys(['example_branch_dop_operator_v3']) retrieved from /home/airflow/.local/lib/python3.7/site-packages/airflow/example_dags/example_branch_python_dop_operator_3.py
[2022-09-25T14:45:22.074+0000] {logging_mixin.py:115} INFO - [2022-09-25T14:45:22.074+0000] {dag.py:2429} INFO - Sync 1 DAGs
[2022-09-25T14:45:22.118+0000] {logging_mixin.py:115} INFO - [2022-09-25T14:45:22.117+0000] {dag.py:2981} INFO - Setting next_dagrun for example_branch_dop_operator_v3 to 2022-09-25T14:44:00+00:00, run_after=2022-09-25T14:45:00+00:00
[2022-09-25T14:45:22.144+0000] {processor.py:161} INFO - Processing /home/airflow/.local/lib/python3.7/site-packages/airflow/example_dags/example_branch_python_dop_operator_3.py took 0.152 seconds
[2022-09-25T14:45:52.629+0000] {processor.py:153} INFO - Started process (PID=9884) to work on /home/airflow/.local/lib/python3.7/site-packages/airflow/example_dags/example_branch_python_dop_operator_3.py
[2022-09-25T14:45:52.632+0000] {processor.py:640} INFO - Processing file /home/airflow/.local/lib/python3.7/site-packages/airflow/example_dags/example_branch_python_dop_operator_3.py for tasks to queue
[2022-09-25T14:45:52.634+0000] {logging_mixin.py:115} INFO - [2022-09-25T14:45:52.634+0000] {dagbag.py:508} INFO - Filling up the DagBag from /home/airflow/.local/lib/python3.7/site-packages/airflow/example_dags/example_branch_python_dop_operator_3.py
[2022-09-25T14:45:52.651+0000] {processor.py:650} INFO - DAG(s) dict_keys(['example_branch_dop_operator_v3']) retrieved from /home/airflow/.local/lib/python3.7/site-packages/airflow/example_dags/example_branch_python_dop_operator_3.py
[2022-09-25T14:45:52.697+0000] {logging_mixin.py:115} INFO - [2022-09-25T14:45:52.697+0000] {dag.py:2429} INFO - Sync 1 DAGs
[2022-09-25T14:45:52.752+0000] {logging_mixin.py:115} INFO - [2022-09-25T14:45:52.751+0000] {dag.py:2981} INFO - Setting next_dagrun for example_branch_dop_operator_v3 to 2022-09-25T14:44:00+00:00, run_after=2022-09-25T14:45:00+00:00
[2022-09-25T14:45:52.782+0000] {processor.py:161} INFO - Processing /home/airflow/.local/lib/python3.7/site-packages/airflow/example_dags/example_branch_python_dop_operator_3.py took 0.160 seconds
[2022-09-25T14:46:23.352+0000] {processor.py:153} INFO - Started process (PID=10089) to work on /home/airflow/.local/lib/python3.7/site-packages/airflow/example_dags/example_branch_python_dop_operator_3.py
[2022-09-25T14:46:23.355+0000] {processor.py:640} INFO - Processing file /home/airflow/.local/lib/python3.7/site-packages/airflow/example_dags/example_branch_python_dop_operator_3.py for tasks to queue
[2022-09-25T14:46:23.357+0000] {logging_mixin.py:115} INFO - [2022-09-25T14:46:23.356+0000] {dagbag.py:508} INFO - Filling up the DagBag from /home/airflow/.local/lib/python3.7/site-packages/airflow/example_dags/example_branch_python_dop_operator_3.py
[2022-09-25T14:46:23.376+0000] {processor.py:650} INFO - DAG(s) dict_keys(['example_branch_dop_operator_v3']) retrieved from /home/airflow/.local/lib/python3.7/site-packages/airflow/example_dags/example_branch_python_dop_operator_3.py
[2022-09-25T14:46:23.425+0000] {logging_mixin.py:115} INFO - [2022-09-25T14:46:23.425+0000] {dag.py:2429} INFO - Sync 1 DAGs
[2022-09-25T14:46:23.469+0000] {logging_mixin.py:115} INFO - [2022-09-25T14:46:23.468+0000] {dag.py:2981} INFO - Setting next_dagrun for example_branch_dop_operator_v3 to 2022-09-25T14:45:00+00:00, run_after=2022-09-25T14:46:00+00:00
[2022-09-25T14:46:23.493+0000] {processor.py:161} INFO - Processing /home/airflow/.local/lib/python3.7/site-packages/airflow/example_dags/example_branch_python_dop_operator_3.py took 0.149 seconds
[2022-09-25T14:46:53.859+0000] {processor.py:153} INFO - Started process (PID=10303) to work on /home/airflow/.local/lib/python3.7/site-packages/airflow/example_dags/example_branch_python_dop_operator_3.py
[2022-09-25T14:46:53.862+0000] {processor.py:640} INFO - Processing file /home/airflow/.local/lib/python3.7/site-packages/airflow/example_dags/example_branch_python_dop_operator_3.py for tasks to queue
[2022-09-25T14:46:53.864+0000] {logging_mixin.py:115} INFO - [2022-09-25T14:46:53.864+0000] {dagbag.py:508} INFO - Filling up the DagBag from /home/airflow/.local/lib/python3.7/site-packages/airflow/example_dags/example_branch_python_dop_operator_3.py
[2022-09-25T14:46:53.881+0000] {processor.py:650} INFO - DAG(s) dict_keys(['example_branch_dop_operator_v3']) retrieved from /home/airflow/.local/lib/python3.7/site-packages/airflow/example_dags/example_branch_python_dop_operator_3.py
[2022-09-25T14:46:53.960+0000] {logging_mixin.py:115} INFO - [2022-09-25T14:46:53.959+0000] {dag.py:2429} INFO - Sync 1 DAGs
[2022-09-25T14:46:54.026+0000] {logging_mixin.py:115} INFO - [2022-09-25T14:46:54.025+0000] {dag.py:2981} INFO - Setting next_dagrun for example_branch_dop_operator_v3 to 2022-09-25T14:45:00+00:00, run_after=2022-09-25T14:46:00+00:00
[2022-09-25T14:46:54.072+0000] {processor.py:161} INFO - Processing /home/airflow/.local/lib/python3.7/site-packages/airflow/example_dags/example_branch_python_dop_operator_3.py took 0.219 seconds
[2022-09-25T14:47:24.327+0000] {processor.py:153} INFO - Started process (PID=10508) to work on /home/airflow/.local/lib/python3.7/site-packages/airflow/example_dags/example_branch_python_dop_operator_3.py
[2022-09-25T14:47:24.330+0000] {processor.py:640} INFO - Processing file /home/airflow/.local/lib/python3.7/site-packages/airflow/example_dags/example_branch_python_dop_operator_3.py for tasks to queue
[2022-09-25T14:47:24.334+0000] {logging_mixin.py:115} INFO - [2022-09-25T14:47:24.333+0000] {dagbag.py:508} INFO - Filling up the DagBag from /home/airflow/.local/lib/python3.7/site-packages/airflow/example_dags/example_branch_python_dop_operator_3.py
[2022-09-25T14:47:24.363+0000] {processor.py:650} INFO - DAG(s) dict_keys(['example_branch_dop_operator_v3']) retrieved from /home/airflow/.local/lib/python3.7/site-packages/airflow/example_dags/example_branch_python_dop_operator_3.py
[2022-09-25T14:47:24.449+0000] {logging_mixin.py:115} INFO - [2022-09-25T14:47:24.449+0000] {dag.py:2429} INFO - Sync 1 DAGs
[2022-09-25T14:47:24.582+0000] {logging_mixin.py:115} INFO - [2022-09-25T14:47:24.581+0000] {dag.py:2981} INFO - Setting next_dagrun for example_branch_dop_operator_v3 to 2022-09-25T14:46:00+00:00, run_after=2022-09-25T14:47:00+00:00
[2022-09-25T14:47:24.606+0000] {processor.py:161} INFO - Processing /home/airflow/.local/lib/python3.7/site-packages/airflow/example_dags/example_branch_python_dop_operator_3.py took 0.287 seconds
[2022-09-25T14:47:54.908+0000] {processor.py:153} INFO - Started process (PID=10722) to work on /home/airflow/.local/lib/python3.7/site-packages/airflow/example_dags/example_branch_python_dop_operator_3.py
[2022-09-25T14:47:54.917+0000] {processor.py:640} INFO - Processing file /home/airflow/.local/lib/python3.7/site-packages/airflow/example_dags/example_branch_python_dop_operator_3.py for tasks to queue
[2022-09-25T14:47:54.920+0000] {logging_mixin.py:115} INFO - [2022-09-25T14:47:54.920+0000] {dagbag.py:508} INFO - Filling up the DagBag from /home/airflow/.local/lib/python3.7/site-packages/airflow/example_dags/example_branch_python_dop_operator_3.py
[2022-09-25T14:47:54.942+0000] {processor.py:650} INFO - DAG(s) dict_keys(['example_branch_dop_operator_v3']) retrieved from /home/airflow/.local/lib/python3.7/site-packages/airflow/example_dags/example_branch_python_dop_operator_3.py
[2022-09-25T14:47:54.999+0000] {logging_mixin.py:115} INFO - [2022-09-25T14:47:54.999+0000] {dag.py:2429} INFO - Sync 1 DAGs
[2022-09-25T14:47:55.050+0000] {logging_mixin.py:115} INFO - [2022-09-25T14:47:55.050+0000] {dag.py:2981} INFO - Setting next_dagrun for example_branch_dop_operator_v3 to 2022-09-25T14:46:00+00:00, run_after=2022-09-25T14:47:00+00:00
[2022-09-25T14:47:55.080+0000] {processor.py:161} INFO - Processing /home/airflow/.local/lib/python3.7/site-packages/airflow/example_dags/example_branch_python_dop_operator_3.py took 0.177 seconds
[2022-09-25T14:48:25.376+0000] {processor.py:153} INFO - Started process (PID=10928) to work on /home/airflow/.local/lib/python3.7/site-packages/airflow/example_dags/example_branch_python_dop_operator_3.py
[2022-09-25T14:48:25.379+0000] {processor.py:640} INFO - Processing file /home/airflow/.local/lib/python3.7/site-packages/airflow/example_dags/example_branch_python_dop_operator_3.py for tasks to queue
[2022-09-25T14:48:25.382+0000] {logging_mixin.py:115} INFO - [2022-09-25T14:48:25.382+0000] {dagbag.py:508} INFO - Filling up the DagBag from /home/airflow/.local/lib/python3.7/site-packages/airflow/example_dags/example_branch_python_dop_operator_3.py
[2022-09-25T14:48:25.404+0000] {processor.py:650} INFO - DAG(s) dict_keys(['example_branch_dop_operator_v3']) retrieved from /home/airflow/.local/lib/python3.7/site-packages/airflow/example_dags/example_branch_python_dop_operator_3.py
[2022-09-25T14:48:25.479+0000] {logging_mixin.py:115} INFO - [2022-09-25T14:48:25.479+0000] {dag.py:2429} INFO - Sync 1 DAGs
[2022-09-25T14:48:25.541+0000] {logging_mixin.py:115} INFO - [2022-09-25T14:48:25.540+0000] {dag.py:2981} INFO - Setting next_dagrun for example_branch_dop_operator_v3 to 2022-09-25T14:47:00+00:00, run_after=2022-09-25T14:48:00+00:00
[2022-09-25T14:48:25.560+0000] {processor.py:161} INFO - Processing /home/airflow/.local/lib/python3.7/site-packages/airflow/example_dags/example_branch_python_dop_operator_3.py took 0.192 seconds
[2022-09-25T14:48:55.673+0000] {processor.py:153} INFO - Started process (PID=11142) to work on /home/airflow/.local/lib/python3.7/site-packages/airflow/example_dags/example_branch_python_dop_operator_3.py
[2022-09-25T14:48:55.676+0000] {processor.py:640} INFO - Processing file /home/airflow/.local/lib/python3.7/site-packages/airflow/example_dags/example_branch_python_dop_operator_3.py for tasks to queue
[2022-09-25T14:48:55.678+0000] {logging_mixin.py:115} INFO - [2022-09-25T14:48:55.678+0000] {dagbag.py:508} INFO - Filling up the DagBag from /home/airflow/.local/lib/python3.7/site-packages/airflow/example_dags/example_branch_python_dop_operator_3.py
[2022-09-25T14:48:55.698+0000] {processor.py:650} INFO - DAG(s) dict_keys(['example_branch_dop_operator_v3']) retrieved from /home/airflow/.local/lib/python3.7/site-packages/airflow/example_dags/example_branch_python_dop_operator_3.py
[2022-09-25T14:48:55.740+0000] {logging_mixin.py:115} INFO - [2022-09-25T14:48:55.740+0000] {dag.py:2429} INFO - Sync 1 DAGs
[2022-09-25T14:48:55.783+0000] {logging_mixin.py:115} INFO - [2022-09-25T14:48:55.783+0000] {dag.py:2981} INFO - Setting next_dagrun for example_branch_dop_operator_v3 to 2022-09-25T14:47:00+00:00, run_after=2022-09-25T14:48:00+00:00
[2022-09-25T14:48:55.807+0000] {processor.py:161} INFO - Processing /home/airflow/.local/lib/python3.7/site-packages/airflow/example_dags/example_branch_python_dop_operator_3.py took 0.140 seconds
[2022-09-25T14:49:26.162+0000] {processor.py:153} INFO - Started process (PID=11353) to work on /home/airflow/.local/lib/python3.7/site-packages/airflow/example_dags/example_branch_python_dop_operator_3.py
[2022-09-25T14:49:26.164+0000] {processor.py:640} INFO - Processing file /home/airflow/.local/lib/python3.7/site-packages/airflow/example_dags/example_branch_python_dop_operator_3.py for tasks to queue
[2022-09-25T14:49:26.166+0000] {logging_mixin.py:115} INFO - [2022-09-25T14:49:26.166+0000] {dagbag.py:508} INFO - Filling up the DagBag from /home/airflow/.local/lib/python3.7/site-packages/airflow/example_dags/example_branch_python_dop_operator_3.py
[2022-09-25T14:49:26.185+0000] {processor.py:650} INFO - DAG(s) dict_keys(['example_branch_dop_operator_v3']) retrieved from /home/airflow/.local/lib/python3.7/site-packages/airflow/example_dags/example_branch_python_dop_operator_3.py
[2022-09-25T14:49:26.238+0000] {logging_mixin.py:115} INFO - [2022-09-25T14:49:26.238+0000] {dag.py:2429} INFO - Sync 1 DAGs
[2022-09-25T14:49:26.304+0000] {logging_mixin.py:115} INFO - [2022-09-25T14:49:26.303+0000] {dag.py:2981} INFO - Setting next_dagrun for example_branch_dop_operator_v3 to 2022-09-25T14:48:00+00:00, run_after=2022-09-25T14:49:00+00:00
[2022-09-25T14:49:26.340+0000] {processor.py:161} INFO - Processing /home/airflow/.local/lib/python3.7/site-packages/airflow/example_dags/example_branch_python_dop_operator_3.py took 0.185 seconds
[2022-09-25T14:49:56.498+0000] {processor.py:153} INFO - Started process (PID=11567) to work on /home/airflow/.local/lib/python3.7/site-packages/airflow/example_dags/example_branch_python_dop_operator_3.py
[2022-09-25T14:49:56.503+0000] {processor.py:640} INFO - Processing file /home/airflow/.local/lib/python3.7/site-packages/airflow/example_dags/example_branch_python_dop_operator_3.py for tasks to queue
[2022-09-25T14:49:56.505+0000] {logging_mixin.py:115} INFO - [2022-09-25T14:49:56.505+0000] {dagbag.py:508} INFO - Filling up the DagBag from /home/airflow/.local/lib/python3.7/site-packages/airflow/example_dags/example_branch_python_dop_operator_3.py
[2022-09-25T14:49:56.527+0000] {processor.py:650} INFO - DAG(s) dict_keys(['example_branch_dop_operator_v3']) retrieved from /home/airflow/.local/lib/python3.7/site-packages/airflow/example_dags/example_branch_python_dop_operator_3.py
[2022-09-25T14:49:56.589+0000] {logging_mixin.py:115} INFO - [2022-09-25T14:49:56.589+0000] {dag.py:2429} INFO - Sync 1 DAGs
[2022-09-25T14:49:56.650+0000] {logging_mixin.py:115} INFO - [2022-09-25T14:49:56.650+0000] {dag.py:2981} INFO - Setting next_dagrun for example_branch_dop_operator_v3 to 2022-09-25T14:48:00+00:00, run_after=2022-09-25T14:49:00+00:00
[2022-09-25T14:49:56.681+0000] {processor.py:161} INFO - Processing /home/airflow/.local/lib/python3.7/site-packages/airflow/example_dags/example_branch_python_dop_operator_3.py took 0.191 seconds
[2022-09-25T14:50:26.877+0000] {processor.py:153} INFO - Started process (PID=11773) to work on /home/airflow/.local/lib/python3.7/site-packages/airflow/example_dags/example_branch_python_dop_operator_3.py
[2022-09-25T14:50:26.879+0000] {processor.py:640} INFO - Processing file /home/airflow/.local/lib/python3.7/site-packages/airflow/example_dags/example_branch_python_dop_operator_3.py for tasks to queue
[2022-09-25T14:50:26.881+0000] {logging_mixin.py:115} INFO - [2022-09-25T14:50:26.881+0000] {dagbag.py:508} INFO - Filling up the DagBag from /home/airflow/.local/lib/python3.7/site-packages/airflow/example_dags/example_branch_python_dop_operator_3.py
[2022-09-25T14:50:26.896+0000] {processor.py:650} INFO - DAG(s) dict_keys(['example_branch_dop_operator_v3']) retrieved from /home/airflow/.local/lib/python3.7/site-packages/airflow/example_dags/example_branch_python_dop_operator_3.py
[2022-09-25T14:50:26.935+0000] {logging_mixin.py:115} INFO - [2022-09-25T14:50:26.935+0000] {dag.py:2429} INFO - Sync 1 DAGs
[2022-09-25T14:50:26.976+0000] {logging_mixin.py:115} INFO - [2022-09-25T14:50:26.976+0000] {dag.py:2981} INFO - Setting next_dagrun for example_branch_dop_operator_v3 to 2022-09-25T14:49:00+00:00, run_after=2022-09-25T14:50:00+00:00
[2022-09-25T14:50:27.000+0000] {processor.py:161} INFO - Processing /home/airflow/.local/lib/python3.7/site-packages/airflow/example_dags/example_branch_python_dop_operator_3.py took 0.129 seconds
[2022-09-25T14:50:57.664+0000] {processor.py:153} INFO - Started process (PID=11986) to work on /home/airflow/.local/lib/python3.7/site-packages/airflow/example_dags/example_branch_python_dop_operator_3.py
[2022-09-25T14:50:57.667+0000] {processor.py:640} INFO - Processing file /home/airflow/.local/lib/python3.7/site-packages/airflow/example_dags/example_branch_python_dop_operator_3.py for tasks to queue
[2022-09-25T14:50:57.670+0000] {logging_mixin.py:115} INFO - [2022-09-25T14:50:57.670+0000] {dagbag.py:508} INFO - Filling up the DagBag from /home/airflow/.local/lib/python3.7/site-packages/airflow/example_dags/example_branch_python_dop_operator_3.py
[2022-09-25T14:50:57.695+0000] {processor.py:650} INFO - DAG(s) dict_keys(['example_branch_dop_operator_v3']) retrieved from /home/airflow/.local/lib/python3.7/site-packages/airflow/example_dags/example_branch_python_dop_operator_3.py
[2022-09-25T14:50:57.748+0000] {logging_mixin.py:115} INFO - [2022-09-25T14:50:57.748+0000] {dag.py:2429} INFO - Sync 1 DAGs
[2022-09-25T14:50:57.805+0000] {logging_mixin.py:115} INFO - [2022-09-25T14:50:57.804+0000] {dag.py:2981} INFO - Setting next_dagrun for example_branch_dop_operator_v3 to 2022-09-25T14:49:00+00:00, run_after=2022-09-25T14:50:00+00:00
[2022-09-25T14:50:57.833+0000] {processor.py:161} INFO - Processing /home/airflow/.local/lib/python3.7/site-packages/airflow/example_dags/example_branch_python_dop_operator_3.py took 0.176 seconds
[2022-09-25T14:51:28.108+0000] {processor.py:153} INFO - Started process (PID=12193) to work on /home/airflow/.local/lib/python3.7/site-packages/airflow/example_dags/example_branch_python_dop_operator_3.py
[2022-09-25T14:51:28.110+0000] {processor.py:640} INFO - Processing file /home/airflow/.local/lib/python3.7/site-packages/airflow/example_dags/example_branch_python_dop_operator_3.py for tasks to queue
[2022-09-25T14:51:28.112+0000] {logging_mixin.py:115} INFO - [2022-09-25T14:51:28.112+0000] {dagbag.py:508} INFO - Filling up the DagBag from /home/airflow/.local/lib/python3.7/site-packages/airflow/example_dags/example_branch_python_dop_operator_3.py
[2022-09-25T14:51:28.129+0000] {processor.py:650} INFO - DAG(s) dict_keys(['example_branch_dop_operator_v3']) retrieved from /home/airflow/.local/lib/python3.7/site-packages/airflow/example_dags/example_branch_python_dop_operator_3.py
[2022-09-25T14:51:28.171+0000] {logging_mixin.py:115} INFO - [2022-09-25T14:51:28.171+0000] {dag.py:2429} INFO - Sync 1 DAGs
[2022-09-25T14:51:28.217+0000] {logging_mixin.py:115} INFO - [2022-09-25T14:51:28.217+0000] {dag.py:2981} INFO - Setting next_dagrun for example_branch_dop_operator_v3 to 2022-09-25T14:50:00+00:00, run_after=2022-09-25T14:51:00+00:00
[2022-09-25T14:51:28.242+0000] {processor.py:161} INFO - Processing /home/airflow/.local/lib/python3.7/site-packages/airflow/example_dags/example_branch_python_dop_operator_3.py took 0.140 seconds
[2022-09-25T14:51:58.581+0000] {processor.py:153} INFO - Started process (PID=12398) to work on /home/airflow/.local/lib/python3.7/site-packages/airflow/example_dags/example_branch_python_dop_operator_3.py
[2022-09-25T14:51:58.583+0000] {processor.py:640} INFO - Processing file /home/airflow/.local/lib/python3.7/site-packages/airflow/example_dags/example_branch_python_dop_operator_3.py for tasks to queue
[2022-09-25T14:51:58.585+0000] {logging_mixin.py:115} INFO - [2022-09-25T14:51:58.585+0000] {dagbag.py:508} INFO - Filling up the DagBag from /home/airflow/.local/lib/python3.7/site-packages/airflow/example_dags/example_branch_python_dop_operator_3.py
[2022-09-25T14:51:58.602+0000] {processor.py:650} INFO - DAG(s) dict_keys(['example_branch_dop_operator_v3']) retrieved from /home/airflow/.local/lib/python3.7/site-packages/airflow/example_dags/example_branch_python_dop_operator_3.py
[2022-09-25T14:51:58.645+0000] {logging_mixin.py:115} INFO - [2022-09-25T14:51:58.645+0000] {dag.py:2429} INFO - Sync 1 DAGs
[2022-09-25T14:51:58.692+0000] {logging_mixin.py:115} INFO - [2022-09-25T14:51:58.692+0000] {dag.py:2981} INFO - Setting next_dagrun for example_branch_dop_operator_v3 to 2022-09-25T14:50:00+00:00, run_after=2022-09-25T14:51:00+00:00
[2022-09-25T14:51:58.720+0000] {processor.py:161} INFO - Processing /home/airflow/.local/lib/python3.7/site-packages/airflow/example_dags/example_branch_python_dop_operator_3.py took 0.144 seconds
