[2022-09-25T14:21:49.436+0000] {processor.py:153} INFO - Started process (PID=244) to work on /home/airflow/.local/lib/python3.7/site-packages/airflow/example_dags/example_xcom.py
[2022-09-25T14:21:49.462+0000] {processor.py:640} INFO - Processing file /home/airflow/.local/lib/python3.7/site-packages/airflow/example_dags/example_xcom.py for tasks to queue
[2022-09-25T14:21:49.484+0000] {logging_mixin.py:115} INFO - [2022-09-25T14:21:49.477+0000] {dagbag.py:508} INFO - Filling up the DagBag from /home/airflow/.local/lib/python3.7/site-packages/airflow/example_dags/example_xcom.py
[2022-09-25T14:21:50.155+0000] {processor.py:650} INFO - DAG(s) dict_keys(['example_xcom']) retrieved from /home/airflow/.local/lib/python3.7/site-packages/airflow/example_dags/example_xcom.py
[2022-09-25T14:21:51.255+0000] {logging_mixin.py:115} INFO - [2022-09-25T14:21:51.252+0000] {dag.py:2429} INFO - Sync 1 DAGs
[2022-09-25T14:21:51.603+0000] {logging_mixin.py:115} INFO - [2022-09-25T14:21:51.600+0000] {dag.py:2981} INFO - Setting next_dagrun for example_xcom to 2021-01-01T00:00:00+00:00, run_after=2021-01-01T00:00:00+00:00
[2022-09-25T14:21:51.831+0000] {processor.py:161} INFO - Processing /home/airflow/.local/lib/python3.7/site-packages/airflow/example_dags/example_xcom.py took 2.433 seconds
[2022-09-25T14:22:45.227+0000] {processor.py:153} INFO - Started process (PID=466) to work on /home/airflow/.local/lib/python3.7/site-packages/airflow/example_dags/example_xcom.py
[2022-09-25T14:22:45.231+0000] {processor.py:640} INFO - Processing file /home/airflow/.local/lib/python3.7/site-packages/airflow/example_dags/example_xcom.py for tasks to queue
[2022-09-25T14:22:45.234+0000] {logging_mixin.py:115} INFO - [2022-09-25T14:22:45.234+0000] {dagbag.py:508} INFO - Filling up the DagBag from /home/airflow/.local/lib/python3.7/site-packages/airflow/example_dags/example_xcom.py
[2022-09-25T14:22:45.295+0000] {processor.py:650} INFO - DAG(s) dict_keys(['example_xcom']) retrieved from /home/airflow/.local/lib/python3.7/site-packages/airflow/example_dags/example_xcom.py
[2022-09-25T14:22:45.423+0000] {logging_mixin.py:115} INFO - [2022-09-25T14:22:45.423+0000] {dag.py:2429} INFO - Sync 1 DAGs
[2022-09-25T14:22:45.471+0000] {logging_mixin.py:115} INFO - [2022-09-25T14:22:45.470+0000] {dag.py:2981} INFO - Setting next_dagrun for example_xcom to 2021-01-01T00:00:00+00:00, run_after=2021-01-01T00:00:00+00:00
[2022-09-25T14:22:45.510+0000] {processor.py:161} INFO - Processing /home/airflow/.local/lib/python3.7/site-packages/airflow/example_dags/example_xcom.py took 0.289 seconds
[2022-09-25T14:23:15.659+0000] {processor.py:153} INFO - Started process (PID=672) to work on /home/airflow/.local/lib/python3.7/site-packages/airflow/example_dags/example_xcom.py
[2022-09-25T14:23:15.663+0000] {processor.py:640} INFO - Processing file /home/airflow/.local/lib/python3.7/site-packages/airflow/example_dags/example_xcom.py for tasks to queue
[2022-09-25T14:23:15.667+0000] {logging_mixin.py:115} INFO - [2022-09-25T14:23:15.666+0000] {dagbag.py:508} INFO - Filling up the DagBag from /home/airflow/.local/lib/python3.7/site-packages/airflow/example_dags/example_xcom.py
[2022-09-25T14:23:15.712+0000] {processor.py:650} INFO - DAG(s) dict_keys(['example_xcom']) retrieved from /home/airflow/.local/lib/python3.7/site-packages/airflow/example_dags/example_xcom.py
[2022-09-25T14:23:15.856+0000] {logging_mixin.py:115} INFO - [2022-09-25T14:23:15.856+0000] {dag.py:2429} INFO - Sync 1 DAGs
[2022-09-25T14:23:15.898+0000] {logging_mixin.py:115} INFO - [2022-09-25T14:23:15.898+0000] {dag.py:2981} INFO - Setting next_dagrun for example_xcom to 2021-01-01T00:00:00+00:00, run_after=2021-01-01T00:00:00+00:00
[2022-09-25T14:23:15.930+0000] {processor.py:161} INFO - Processing /home/airflow/.local/lib/python3.7/site-packages/airflow/example_dags/example_xcom.py took 0.278 seconds
[2022-09-25T14:23:46.698+0000] {processor.py:153} INFO - Started process (PID=884) to work on /home/airflow/.local/lib/python3.7/site-packages/airflow/example_dags/example_xcom.py
[2022-09-25T14:23:46.701+0000] {processor.py:640} INFO - Processing file /home/airflow/.local/lib/python3.7/site-packages/airflow/example_dags/example_xcom.py for tasks to queue
[2022-09-25T14:23:46.705+0000] {logging_mixin.py:115} INFO - [2022-09-25T14:23:46.704+0000] {dagbag.py:508} INFO - Filling up the DagBag from /home/airflow/.local/lib/python3.7/site-packages/airflow/example_dags/example_xcom.py
[2022-09-25T14:23:46.756+0000] {processor.py:650} INFO - DAG(s) dict_keys(['example_xcom']) retrieved from /home/airflow/.local/lib/python3.7/site-packages/airflow/example_dags/example_xcom.py
[2022-09-25T14:23:46.886+0000] {logging_mixin.py:115} INFO - [2022-09-25T14:23:46.886+0000] {dag.py:2429} INFO - Sync 1 DAGs
[2022-09-25T14:23:46.932+0000] {logging_mixin.py:115} INFO - [2022-09-25T14:23:46.932+0000] {dag.py:2981} INFO - Setting next_dagrun for example_xcom to 2021-01-01T00:00:00+00:00, run_after=2021-01-01T00:00:00+00:00
[2022-09-25T14:23:46.974+0000] {processor.py:161} INFO - Processing /home/airflow/.local/lib/python3.7/site-packages/airflow/example_dags/example_xcom.py took 0.283 seconds
[2022-09-25T14:24:18.090+0000] {processor.py:153} INFO - Started process (PID=1091) to work on /home/airflow/.local/lib/python3.7/site-packages/airflow/example_dags/example_xcom.py
[2022-09-25T14:24:18.093+0000] {processor.py:640} INFO - Processing file /home/airflow/.local/lib/python3.7/site-packages/airflow/example_dags/example_xcom.py for tasks to queue
[2022-09-25T14:24:18.095+0000] {logging_mixin.py:115} INFO - [2022-09-25T14:24:18.095+0000] {dagbag.py:508} INFO - Filling up the DagBag from /home/airflow/.local/lib/python3.7/site-packages/airflow/example_dags/example_xcom.py
[2022-09-25T14:24:18.154+0000] {processor.py:650} INFO - DAG(s) dict_keys(['example_xcom']) retrieved from /home/airflow/.local/lib/python3.7/site-packages/airflow/example_dags/example_xcom.py
[2022-09-25T14:24:18.263+0000] {logging_mixin.py:115} INFO - [2022-09-25T14:24:18.263+0000] {dag.py:2429} INFO - Sync 1 DAGs
[2022-09-25T14:24:18.298+0000] {logging_mixin.py:115} INFO - [2022-09-25T14:24:18.298+0000] {dag.py:2981} INFO - Setting next_dagrun for example_xcom to 2021-01-01T00:00:00+00:00, run_after=2021-01-01T00:00:00+00:00
[2022-09-25T14:24:18.323+0000] {processor.py:161} INFO - Processing /home/airflow/.local/lib/python3.7/site-packages/airflow/example_dags/example_xcom.py took 0.239 seconds
[2022-09-25T14:24:49.103+0000] {processor.py:153} INFO - Started process (PID=1308) to work on /home/airflow/.local/lib/python3.7/site-packages/airflow/example_dags/example_xcom.py
[2022-09-25T14:24:49.106+0000] {processor.py:640} INFO - Processing file /home/airflow/.local/lib/python3.7/site-packages/airflow/example_dags/example_xcom.py for tasks to queue
[2022-09-25T14:24:49.109+0000] {logging_mixin.py:115} INFO - [2022-09-25T14:24:49.108+0000] {dagbag.py:508} INFO - Filling up the DagBag from /home/airflow/.local/lib/python3.7/site-packages/airflow/example_dags/example_xcom.py
[2022-09-25T14:24:49.162+0000] {processor.py:650} INFO - DAG(s) dict_keys(['example_xcom']) retrieved from /home/airflow/.local/lib/python3.7/site-packages/airflow/example_dags/example_xcom.py
[2022-09-25T14:24:49.270+0000] {logging_mixin.py:115} INFO - [2022-09-25T14:24:49.270+0000] {dag.py:2429} INFO - Sync 1 DAGs
[2022-09-25T14:24:49.306+0000] {logging_mixin.py:115} INFO - [2022-09-25T14:24:49.306+0000] {dag.py:2981} INFO - Setting next_dagrun for example_xcom to 2021-01-01T00:00:00+00:00, run_after=2021-01-01T00:00:00+00:00
[2022-09-25T14:24:49.334+0000] {processor.py:161} INFO - Processing /home/airflow/.local/lib/python3.7/site-packages/airflow/example_dags/example_xcom.py took 0.237 seconds
[2022-09-25T14:25:19.685+0000] {processor.py:153} INFO - Started process (PID=1511) to work on /home/airflow/.local/lib/python3.7/site-packages/airflow/example_dags/example_xcom.py
[2022-09-25T14:25:19.687+0000] {processor.py:640} INFO - Processing file /home/airflow/.local/lib/python3.7/site-packages/airflow/example_dags/example_xcom.py for tasks to queue
[2022-09-25T14:25:19.689+0000] {logging_mixin.py:115} INFO - [2022-09-25T14:25:19.689+0000] {dagbag.py:508} INFO - Filling up the DagBag from /home/airflow/.local/lib/python3.7/site-packages/airflow/example_dags/example_xcom.py
[2022-09-25T14:25:19.727+0000] {processor.py:650} INFO - DAG(s) dict_keys(['example_xcom']) retrieved from /home/airflow/.local/lib/python3.7/site-packages/airflow/example_dags/example_xcom.py
[2022-09-25T14:25:19.897+0000] {logging_mixin.py:115} INFO - [2022-09-25T14:25:19.896+0000] {dag.py:2429} INFO - Sync 1 DAGs
[2022-09-25T14:25:19.932+0000] {logging_mixin.py:115} INFO - [2022-09-25T14:25:19.931+0000] {dag.py:2981} INFO - Setting next_dagrun for example_xcom to 2021-01-01T00:00:00+00:00, run_after=2021-01-01T00:00:00+00:00
[2022-09-25T14:25:19.956+0000] {processor.py:161} INFO - Processing /home/airflow/.local/lib/python3.7/site-packages/airflow/example_dags/example_xcom.py took 0.276 seconds
[2022-09-25T14:25:51.464+0000] {processor.py:153} INFO - Started process (PID=1726) to work on /home/airflow/.local/lib/python3.7/site-packages/airflow/example_dags/example_xcom.py
[2022-09-25T14:25:51.471+0000] {processor.py:640} INFO - Processing file /home/airflow/.local/lib/python3.7/site-packages/airflow/example_dags/example_xcom.py for tasks to queue
[2022-09-25T14:25:51.473+0000] {logging_mixin.py:115} INFO - [2022-09-25T14:25:51.473+0000] {dagbag.py:508} INFO - Filling up the DagBag from /home/airflow/.local/lib/python3.7/site-packages/airflow/example_dags/example_xcom.py
[2022-09-25T14:25:51.526+0000] {processor.py:650} INFO - DAG(s) dict_keys(['example_xcom']) retrieved from /home/airflow/.local/lib/python3.7/site-packages/airflow/example_dags/example_xcom.py
[2022-09-25T14:25:51.666+0000] {logging_mixin.py:115} INFO - [2022-09-25T14:25:51.665+0000] {dag.py:2429} INFO - Sync 1 DAGs
[2022-09-25T14:25:51.714+0000] {logging_mixin.py:115} INFO - [2022-09-25T14:25:51.714+0000] {dag.py:2981} INFO - Setting next_dagrun for example_xcom to 2021-01-01T00:00:00+00:00, run_after=2021-01-01T00:00:00+00:00
[2022-09-25T14:25:51.743+0000] {processor.py:161} INFO - Processing /home/airflow/.local/lib/python3.7/site-packages/airflow/example_dags/example_xcom.py took 0.291 seconds
[2022-09-25T14:26:21.980+0000] {processor.py:153} INFO - Started process (PID=1931) to work on /home/airflow/.local/lib/python3.7/site-packages/airflow/example_dags/example_xcom.py
[2022-09-25T14:26:21.983+0000] {processor.py:640} INFO - Processing file /home/airflow/.local/lib/python3.7/site-packages/airflow/example_dags/example_xcom.py for tasks to queue
[2022-09-25T14:26:21.987+0000] {logging_mixin.py:115} INFO - [2022-09-25T14:26:21.986+0000] {dagbag.py:508} INFO - Filling up the DagBag from /home/airflow/.local/lib/python3.7/site-packages/airflow/example_dags/example_xcom.py
[2022-09-25T14:26:22.024+0000] {processor.py:650} INFO - DAG(s) dict_keys(['example_xcom']) retrieved from /home/airflow/.local/lib/python3.7/site-packages/airflow/example_dags/example_xcom.py
[2022-09-25T14:26:22.127+0000] {logging_mixin.py:115} INFO - [2022-09-25T14:26:22.127+0000] {dag.py:2429} INFO - Sync 1 DAGs
[2022-09-25T14:26:22.181+0000] {logging_mixin.py:115} INFO - [2022-09-25T14:26:22.180+0000] {dag.py:2981} INFO - Setting next_dagrun for example_xcom to 2021-01-01T00:00:00+00:00, run_after=2021-01-01T00:00:00+00:00
[2022-09-25T14:26:22.210+0000] {processor.py:161} INFO - Processing /home/airflow/.local/lib/python3.7/site-packages/airflow/example_dags/example_xcom.py took 0.239 seconds
[2022-09-25T14:26:53.449+0000] {processor.py:153} INFO - Started process (PID=2148) to work on /home/airflow/.local/lib/python3.7/site-packages/airflow/example_dags/example_xcom.py
[2022-09-25T14:26:53.451+0000] {processor.py:640} INFO - Processing file /home/airflow/.local/lib/python3.7/site-packages/airflow/example_dags/example_xcom.py for tasks to queue
[2022-09-25T14:26:53.453+0000] {logging_mixin.py:115} INFO - [2022-09-25T14:26:53.453+0000] {dagbag.py:508} INFO - Filling up the DagBag from /home/airflow/.local/lib/python3.7/site-packages/airflow/example_dags/example_xcom.py
[2022-09-25T14:26:53.484+0000] {processor.py:650} INFO - DAG(s) dict_keys(['example_xcom']) retrieved from /home/airflow/.local/lib/python3.7/site-packages/airflow/example_dags/example_xcom.py
[2022-09-25T14:26:53.583+0000] {logging_mixin.py:115} INFO - [2022-09-25T14:26:53.583+0000] {dag.py:2429} INFO - Sync 1 DAGs
[2022-09-25T14:26:53.613+0000] {logging_mixin.py:115} INFO - [2022-09-25T14:26:53.612+0000] {dag.py:2981} INFO - Setting next_dagrun for example_xcom to 2021-01-01T00:00:00+00:00, run_after=2021-01-01T00:00:00+00:00
[2022-09-25T14:26:53.643+0000] {processor.py:161} INFO - Processing /home/airflow/.local/lib/python3.7/site-packages/airflow/example_dags/example_xcom.py took 0.199 seconds
[2022-09-25T14:27:24.514+0000] {processor.py:153} INFO - Started process (PID=2352) to work on /home/airflow/.local/lib/python3.7/site-packages/airflow/example_dags/example_xcom.py
[2022-09-25T14:27:24.516+0000] {processor.py:640} INFO - Processing file /home/airflow/.local/lib/python3.7/site-packages/airflow/example_dags/example_xcom.py for tasks to queue
[2022-09-25T14:27:24.518+0000] {logging_mixin.py:115} INFO - [2022-09-25T14:27:24.518+0000] {dagbag.py:508} INFO - Filling up the DagBag from /home/airflow/.local/lib/python3.7/site-packages/airflow/example_dags/example_xcom.py
[2022-09-25T14:27:24.550+0000] {processor.py:650} INFO - DAG(s) dict_keys(['example_xcom']) retrieved from /home/airflow/.local/lib/python3.7/site-packages/airflow/example_dags/example_xcom.py
[2022-09-25T14:27:24.654+0000] {logging_mixin.py:115} INFO - [2022-09-25T14:27:24.653+0000] {dag.py:2429} INFO - Sync 1 DAGs
[2022-09-25T14:27:24.687+0000] {logging_mixin.py:115} INFO - [2022-09-25T14:27:24.687+0000] {dag.py:2981} INFO - Setting next_dagrun for example_xcom to 2021-01-01T00:00:00+00:00, run_after=2021-01-01T00:00:00+00:00
[2022-09-25T14:27:24.713+0000] {processor.py:161} INFO - Processing /home/airflow/.local/lib/python3.7/site-packages/airflow/example_dags/example_xcom.py took 0.204 seconds
[2022-09-25T14:27:55.414+0000] {processor.py:153} INFO - Started process (PID=2563) to work on /home/airflow/.local/lib/python3.7/site-packages/airflow/example_dags/example_xcom.py
[2022-09-25T14:27:55.422+0000] {processor.py:640} INFO - Processing file /home/airflow/.local/lib/python3.7/site-packages/airflow/example_dags/example_xcom.py for tasks to queue
[2022-09-25T14:27:55.424+0000] {logging_mixin.py:115} INFO - [2022-09-25T14:27:55.424+0000] {dagbag.py:508} INFO - Filling up the DagBag from /home/airflow/.local/lib/python3.7/site-packages/airflow/example_dags/example_xcom.py
[2022-09-25T14:27:55.463+0000] {processor.py:650} INFO - DAG(s) dict_keys(['example_xcom']) retrieved from /home/airflow/.local/lib/python3.7/site-packages/airflow/example_dags/example_xcom.py
[2022-09-25T14:27:55.584+0000] {logging_mixin.py:115} INFO - [2022-09-25T14:27:55.583+0000] {dag.py:2429} INFO - Sync 1 DAGs
[2022-09-25T14:27:55.625+0000] {logging_mixin.py:115} INFO - [2022-09-25T14:27:55.625+0000] {dag.py:2981} INFO - Setting next_dagrun for example_xcom to 2021-01-01T00:00:00+00:00, run_after=2021-01-01T00:00:00+00:00
[2022-09-25T14:27:55.665+0000] {processor.py:161} INFO - Processing /home/airflow/.local/lib/python3.7/site-packages/airflow/example_dags/example_xcom.py took 0.256 seconds
[2022-09-25T14:28:27.057+0000] {processor.py:153} INFO - Started process (PID=2768) to work on /home/airflow/.local/lib/python3.7/site-packages/airflow/example_dags/example_xcom.py
[2022-09-25T14:28:27.060+0000] {processor.py:640} INFO - Processing file /home/airflow/.local/lib/python3.7/site-packages/airflow/example_dags/example_xcom.py for tasks to queue
[2022-09-25T14:28:27.064+0000] {logging_mixin.py:115} INFO - [2022-09-25T14:28:27.063+0000] {dagbag.py:508} INFO - Filling up the DagBag from /home/airflow/.local/lib/python3.7/site-packages/airflow/example_dags/example_xcom.py
[2022-09-25T14:28:27.117+0000] {processor.py:650} INFO - DAG(s) dict_keys(['example_xcom']) retrieved from /home/airflow/.local/lib/python3.7/site-packages/airflow/example_dags/example_xcom.py
[2022-09-25T14:28:27.299+0000] {logging_mixin.py:115} INFO - [2022-09-25T14:28:27.299+0000] {dag.py:2429} INFO - Sync 1 DAGs
[2022-09-25T14:28:27.333+0000] {logging_mixin.py:115} INFO - [2022-09-25T14:28:27.333+0000] {dag.py:2981} INFO - Setting next_dagrun for example_xcom to 2021-01-01T00:00:00+00:00, run_after=2021-01-01T00:00:00+00:00
[2022-09-25T14:28:27.356+0000] {processor.py:161} INFO - Processing /home/airflow/.local/lib/python3.7/site-packages/airflow/example_dags/example_xcom.py took 0.308 seconds
[2022-09-25T14:28:58.411+0000] {processor.py:153} INFO - Started process (PID=2982) to work on /home/airflow/.local/lib/python3.7/site-packages/airflow/example_dags/example_xcom.py
[2022-09-25T14:28:58.413+0000] {processor.py:640} INFO - Processing file /home/airflow/.local/lib/python3.7/site-packages/airflow/example_dags/example_xcom.py for tasks to queue
[2022-09-25T14:28:58.415+0000] {logging_mixin.py:115} INFO - [2022-09-25T14:28:58.414+0000] {dagbag.py:508} INFO - Filling up the DagBag from /home/airflow/.local/lib/python3.7/site-packages/airflow/example_dags/example_xcom.py
[2022-09-25T14:28:58.449+0000] {processor.py:650} INFO - DAG(s) dict_keys(['example_xcom']) retrieved from /home/airflow/.local/lib/python3.7/site-packages/airflow/example_dags/example_xcom.py
[2022-09-25T14:28:58.552+0000] {logging_mixin.py:115} INFO - [2022-09-25T14:28:58.552+0000] {dag.py:2429} INFO - Sync 1 DAGs
[2022-09-25T14:28:58.588+0000] {logging_mixin.py:115} INFO - [2022-09-25T14:28:58.588+0000] {dag.py:2981} INFO - Setting next_dagrun for example_xcom to 2021-01-01T00:00:00+00:00, run_after=2021-01-01T00:00:00+00:00
[2022-09-25T14:28:58.614+0000] {processor.py:161} INFO - Processing /home/airflow/.local/lib/python3.7/site-packages/airflow/example_dags/example_xcom.py took 0.209 seconds
[2022-09-25T14:29:29.627+0000] {processor.py:153} INFO - Started process (PID=3187) to work on /home/airflow/.local/lib/python3.7/site-packages/airflow/example_dags/example_xcom.py
[2022-09-25T14:29:29.630+0000] {processor.py:640} INFO - Processing file /home/airflow/.local/lib/python3.7/site-packages/airflow/example_dags/example_xcom.py for tasks to queue
[2022-09-25T14:29:29.632+0000] {logging_mixin.py:115} INFO - [2022-09-25T14:29:29.631+0000] {dagbag.py:508} INFO - Filling up the DagBag from /home/airflow/.local/lib/python3.7/site-packages/airflow/example_dags/example_xcom.py
[2022-09-25T14:29:29.677+0000] {processor.py:650} INFO - DAG(s) dict_keys(['example_xcom']) retrieved from /home/airflow/.local/lib/python3.7/site-packages/airflow/example_dags/example_xcom.py
[2022-09-25T14:29:29.729+0000] {logging_mixin.py:115} INFO - [2022-09-25T14:29:29.728+0000] {dag.py:2429} INFO - Sync 1 DAGs
[2022-09-25T14:29:29.781+0000] {logging_mixin.py:115} INFO - [2022-09-25T14:29:29.781+0000] {dag.py:2981} INFO - Setting next_dagrun for example_xcom to 2021-01-01T00:00:00+00:00, run_after=2021-01-01T00:00:00+00:00
[2022-09-25T14:29:29.812+0000] {processor.py:161} INFO - Processing /home/airflow/.local/lib/python3.7/site-packages/airflow/example_dags/example_xcom.py took 0.191 seconds
[2022-09-25T14:30:00.311+0000] {processor.py:153} INFO - Started process (PID=3402) to work on /home/airflow/.local/lib/python3.7/site-packages/airflow/example_dags/example_xcom.py
[2022-09-25T14:30:00.313+0000] {processor.py:640} INFO - Processing file /home/airflow/.local/lib/python3.7/site-packages/airflow/example_dags/example_xcom.py for tasks to queue
[2022-09-25T14:30:00.315+0000] {logging_mixin.py:115} INFO - [2022-09-25T14:30:00.315+0000] {dagbag.py:508} INFO - Filling up the DagBag from /home/airflow/.local/lib/python3.7/site-packages/airflow/example_dags/example_xcom.py
[2022-09-25T14:30:00.351+0000] {processor.py:650} INFO - DAG(s) dict_keys(['example_xcom']) retrieved from /home/airflow/.local/lib/python3.7/site-packages/airflow/example_dags/example_xcom.py
[2022-09-25T14:30:00.401+0000] {logging_mixin.py:115} INFO - [2022-09-25T14:30:00.401+0000] {dag.py:2429} INFO - Sync 1 DAGs
[2022-09-25T14:30:00.455+0000] {logging_mixin.py:115} INFO - [2022-09-25T14:30:00.454+0000] {dag.py:2981} INFO - Setting next_dagrun for example_xcom to 2021-01-01T00:00:00+00:00, run_after=2021-01-01T00:00:00+00:00
[2022-09-25T14:30:00.479+0000] {processor.py:161} INFO - Processing /home/airflow/.local/lib/python3.7/site-packages/airflow/example_dags/example_xcom.py took 0.173 seconds
[2022-09-25T14:30:31.534+0000] {processor.py:153} INFO - Started process (PID=3607) to work on /home/airflow/.local/lib/python3.7/site-packages/airflow/example_dags/example_xcom.py
[2022-09-25T14:30:31.537+0000] {processor.py:640} INFO - Processing file /home/airflow/.local/lib/python3.7/site-packages/airflow/example_dags/example_xcom.py for tasks to queue
[2022-09-25T14:30:31.541+0000] {logging_mixin.py:115} INFO - [2022-09-25T14:30:31.540+0000] {dagbag.py:508} INFO - Filling up the DagBag from /home/airflow/.local/lib/python3.7/site-packages/airflow/example_dags/example_xcom.py
[2022-09-25T14:30:31.594+0000] {processor.py:650} INFO - DAG(s) dict_keys(['example_xcom']) retrieved from /home/airflow/.local/lib/python3.7/site-packages/airflow/example_dags/example_xcom.py
[2022-09-25T14:30:31.772+0000] {logging_mixin.py:115} INFO - [2022-09-25T14:30:31.770+0000] {dag.py:2429} INFO - Sync 1 DAGs
[2022-09-25T14:30:31.807+0000] {logging_mixin.py:115} INFO - [2022-09-25T14:30:31.806+0000] {dag.py:2981} INFO - Setting next_dagrun for example_xcom to 2021-01-01T00:00:00+00:00, run_after=2021-01-01T00:00:00+00:00
[2022-09-25T14:30:31.854+0000] {processor.py:161} INFO - Processing /home/airflow/.local/lib/python3.7/site-packages/airflow/example_dags/example_xcom.py took 0.329 seconds
[2022-09-25T14:31:03.648+0000] {processor.py:153} INFO - Started process (PID=3821) to work on /home/airflow/.local/lib/python3.7/site-packages/airflow/example_dags/example_xcom.py
[2022-09-25T14:31:03.651+0000] {processor.py:640} INFO - Processing file /home/airflow/.local/lib/python3.7/site-packages/airflow/example_dags/example_xcom.py for tasks to queue
[2022-09-25T14:31:03.653+0000] {logging_mixin.py:115} INFO - [2022-09-25T14:31:03.653+0000] {dagbag.py:508} INFO - Filling up the DagBag from /home/airflow/.local/lib/python3.7/site-packages/airflow/example_dags/example_xcom.py
[2022-09-25T14:31:03.697+0000] {processor.py:650} INFO - DAG(s) dict_keys(['example_xcom']) retrieved from /home/airflow/.local/lib/python3.7/site-packages/airflow/example_dags/example_xcom.py
[2022-09-25T14:31:03.741+0000] {logging_mixin.py:115} INFO - [2022-09-25T14:31:03.740+0000] {dag.py:2429} INFO - Sync 1 DAGs
[2022-09-25T14:31:03.779+0000] {logging_mixin.py:115} INFO - [2022-09-25T14:31:03.779+0000] {dag.py:2981} INFO - Setting next_dagrun for example_xcom to 2021-01-01T00:00:00+00:00, run_after=2021-01-01T00:00:00+00:00
[2022-09-25T14:31:03.806+0000] {processor.py:161} INFO - Processing /home/airflow/.local/lib/python3.7/site-packages/airflow/example_dags/example_xcom.py took 0.165 seconds
[2022-09-25T14:31:34.351+0000] {processor.py:153} INFO - Started process (PID=4029) to work on /home/airflow/.local/lib/python3.7/site-packages/airflow/example_dags/example_xcom.py
[2022-09-25T14:31:34.353+0000] {processor.py:640} INFO - Processing file /home/airflow/.local/lib/python3.7/site-packages/airflow/example_dags/example_xcom.py for tasks to queue
[2022-09-25T14:31:34.355+0000] {logging_mixin.py:115} INFO - [2022-09-25T14:31:34.355+0000] {dagbag.py:508} INFO - Filling up the DagBag from /home/airflow/.local/lib/python3.7/site-packages/airflow/example_dags/example_xcom.py
[2022-09-25T14:31:34.394+0000] {processor.py:650} INFO - DAG(s) dict_keys(['example_xcom']) retrieved from /home/airflow/.local/lib/python3.7/site-packages/airflow/example_dags/example_xcom.py
[2022-09-25T14:31:34.516+0000] {logging_mixin.py:115} INFO - [2022-09-25T14:31:34.516+0000] {dag.py:2429} INFO - Sync 1 DAGs
[2022-09-25T14:31:34.547+0000] {logging_mixin.py:115} INFO - [2022-09-25T14:31:34.547+0000] {dag.py:2981} INFO - Setting next_dagrun for example_xcom to 2021-01-01T00:00:00+00:00, run_after=2021-01-01T00:00:00+00:00
[2022-09-25T14:31:34.571+0000] {processor.py:161} INFO - Processing /home/airflow/.local/lib/python3.7/site-packages/airflow/example_dags/example_xcom.py took 0.227 seconds
[2022-09-25T14:32:05.173+0000] {processor.py:153} INFO - Started process (PID=4240) to work on /home/airflow/.local/lib/python3.7/site-packages/airflow/example_dags/example_xcom.py
[2022-09-25T14:32:05.176+0000] {processor.py:640} INFO - Processing file /home/airflow/.local/lib/python3.7/site-packages/airflow/example_dags/example_xcom.py for tasks to queue
[2022-09-25T14:32:05.178+0000] {logging_mixin.py:115} INFO - [2022-09-25T14:32:05.177+0000] {dagbag.py:508} INFO - Filling up the DagBag from /home/airflow/.local/lib/python3.7/site-packages/airflow/example_dags/example_xcom.py
[2022-09-25T14:32:05.213+0000] {processor.py:650} INFO - DAG(s) dict_keys(['example_xcom']) retrieved from /home/airflow/.local/lib/python3.7/site-packages/airflow/example_dags/example_xcom.py
[2022-09-25T14:32:05.330+0000] {logging_mixin.py:115} INFO - [2022-09-25T14:32:05.329+0000] {dag.py:2429} INFO - Sync 1 DAGs
[2022-09-25T14:32:05.370+0000] {logging_mixin.py:115} INFO - [2022-09-25T14:32:05.369+0000] {dag.py:2981} INFO - Setting next_dagrun for example_xcom to 2021-01-01T00:00:00+00:00, run_after=2021-01-01T00:00:00+00:00
[2022-09-25T14:32:05.393+0000] {processor.py:161} INFO - Processing /home/airflow/.local/lib/python3.7/site-packages/airflow/example_dags/example_xcom.py took 0.225 seconds
[2022-09-25T14:32:36.613+0000] {processor.py:153} INFO - Started process (PID=4445) to work on /home/airflow/.local/lib/python3.7/site-packages/airflow/example_dags/example_xcom.py
[2022-09-25T14:32:36.615+0000] {processor.py:640} INFO - Processing file /home/airflow/.local/lib/python3.7/site-packages/airflow/example_dags/example_xcom.py for tasks to queue
[2022-09-25T14:32:36.618+0000] {logging_mixin.py:115} INFO - [2022-09-25T14:32:36.618+0000] {dagbag.py:508} INFO - Filling up the DagBag from /home/airflow/.local/lib/python3.7/site-packages/airflow/example_dags/example_xcom.py
[2022-09-25T14:32:36.665+0000] {processor.py:650} INFO - DAG(s) dict_keys(['example_xcom']) retrieved from /home/airflow/.local/lib/python3.7/site-packages/airflow/example_dags/example_xcom.py
[2022-09-25T14:32:36.805+0000] {logging_mixin.py:115} INFO - [2022-09-25T14:32:36.805+0000] {dag.py:2429} INFO - Sync 1 DAGs
[2022-09-25T14:32:36.845+0000] {logging_mixin.py:115} INFO - [2022-09-25T14:32:36.844+0000] {dag.py:2981} INFO - Setting next_dagrun for example_xcom to 2021-01-01T00:00:00+00:00, run_after=2021-01-01T00:00:00+00:00
[2022-09-25T14:32:36.889+0000] {processor.py:161} INFO - Processing /home/airflow/.local/lib/python3.7/site-packages/airflow/example_dags/example_xcom.py took 0.284 seconds
[2022-09-25T14:33:07.554+0000] {processor.py:153} INFO - Started process (PID=4661) to work on /home/airflow/.local/lib/python3.7/site-packages/airflow/example_dags/example_xcom.py
[2022-09-25T14:33:07.557+0000] {processor.py:640} INFO - Processing file /home/airflow/.local/lib/python3.7/site-packages/airflow/example_dags/example_xcom.py for tasks to queue
[2022-09-25T14:33:07.560+0000] {logging_mixin.py:115} INFO - [2022-09-25T14:33:07.560+0000] {dagbag.py:508} INFO - Filling up the DagBag from /home/airflow/.local/lib/python3.7/site-packages/airflow/example_dags/example_xcom.py
[2022-09-25T14:33:07.607+0000] {processor.py:650} INFO - DAG(s) dict_keys(['example_xcom']) retrieved from /home/airflow/.local/lib/python3.7/site-packages/airflow/example_dags/example_xcom.py
[2022-09-25T14:33:07.748+0000] {logging_mixin.py:115} INFO - [2022-09-25T14:33:07.747+0000] {dag.py:2429} INFO - Sync 1 DAGs
[2022-09-25T14:33:07.795+0000] {logging_mixin.py:115} INFO - [2022-09-25T14:33:07.794+0000] {dag.py:2981} INFO - Setting next_dagrun for example_xcom to 2021-01-01T00:00:00+00:00, run_after=2021-01-01T00:00:00+00:00
[2022-09-25T14:33:07.854+0000] {processor.py:161} INFO - Processing /home/airflow/.local/lib/python3.7/site-packages/airflow/example_dags/example_xcom.py took 0.310 seconds
[2022-09-25T14:33:38.813+0000] {processor.py:153} INFO - Started process (PID=4867) to work on /home/airflow/.local/lib/python3.7/site-packages/airflow/example_dags/example_xcom.py
[2022-09-25T14:33:38.816+0000] {processor.py:640} INFO - Processing file /home/airflow/.local/lib/python3.7/site-packages/airflow/example_dags/example_xcom.py for tasks to queue
[2022-09-25T14:33:38.819+0000] {logging_mixin.py:115} INFO - [2022-09-25T14:33:38.819+0000] {dagbag.py:508} INFO - Filling up the DagBag from /home/airflow/.local/lib/python3.7/site-packages/airflow/example_dags/example_xcom.py
[2022-09-25T14:33:38.864+0000] {processor.py:650} INFO - DAG(s) dict_keys(['example_xcom']) retrieved from /home/airflow/.local/lib/python3.7/site-packages/airflow/example_dags/example_xcom.py
[2022-09-25T14:33:39.095+0000] {logging_mixin.py:115} INFO - [2022-09-25T14:33:39.094+0000] {dag.py:2429} INFO - Sync 1 DAGs
[2022-09-25T14:33:39.159+0000] {logging_mixin.py:115} INFO - [2022-09-25T14:33:39.159+0000] {dag.py:2981} INFO - Setting next_dagrun for example_xcom to 2021-01-01T00:00:00+00:00, run_after=2021-01-01T00:00:00+00:00
[2022-09-25T14:33:39.197+0000] {processor.py:161} INFO - Processing /home/airflow/.local/lib/python3.7/site-packages/airflow/example_dags/example_xcom.py took 0.392 seconds
[2022-09-25T14:34:09.432+0000] {processor.py:153} INFO - Started process (PID=5081) to work on /home/airflow/.local/lib/python3.7/site-packages/airflow/example_dags/example_xcom.py
[2022-09-25T14:34:09.435+0000] {processor.py:640} INFO - Processing file /home/airflow/.local/lib/python3.7/site-packages/airflow/example_dags/example_xcom.py for tasks to queue
[2022-09-25T14:34:09.439+0000] {logging_mixin.py:115} INFO - [2022-09-25T14:34:09.438+0000] {dagbag.py:508} INFO - Filling up the DagBag from /home/airflow/.local/lib/python3.7/site-packages/airflow/example_dags/example_xcom.py
[2022-09-25T14:34:09.484+0000] {processor.py:650} INFO - DAG(s) dict_keys(['example_xcom']) retrieved from /home/airflow/.local/lib/python3.7/site-packages/airflow/example_dags/example_xcom.py
[2022-09-25T14:34:09.609+0000] {logging_mixin.py:115} INFO - [2022-09-25T14:34:09.609+0000] {dag.py:2429} INFO - Sync 1 DAGs
[2022-09-25T14:34:09.649+0000] {logging_mixin.py:115} INFO - [2022-09-25T14:34:09.648+0000] {dag.py:2981} INFO - Setting next_dagrun for example_xcom to 2021-01-01T00:00:00+00:00, run_after=2021-01-01T00:00:00+00:00
[2022-09-25T14:34:09.685+0000] {processor.py:161} INFO - Processing /home/airflow/.local/lib/python3.7/site-packages/airflow/example_dags/example_xcom.py took 0.262 seconds
[2022-09-25T14:34:39.956+0000] {processor.py:153} INFO - Started process (PID=5281) to work on /home/airflow/.local/lib/python3.7/site-packages/airflow/example_dags/example_xcom.py
[2022-09-25T14:34:39.958+0000] {processor.py:640} INFO - Processing file /home/airflow/.local/lib/python3.7/site-packages/airflow/example_dags/example_xcom.py for tasks to queue
[2022-09-25T14:34:39.960+0000] {logging_mixin.py:115} INFO - [2022-09-25T14:34:39.960+0000] {dagbag.py:508} INFO - Filling up the DagBag from /home/airflow/.local/lib/python3.7/site-packages/airflow/example_dags/example_xcom.py
[2022-09-25T14:34:40.002+0000] {processor.py:650} INFO - DAG(s) dict_keys(['example_xcom']) retrieved from /home/airflow/.local/lib/python3.7/site-packages/airflow/example_dags/example_xcom.py
[2022-09-25T14:34:40.110+0000] {logging_mixin.py:115} INFO - [2022-09-25T14:34:40.110+0000] {dag.py:2429} INFO - Sync 1 DAGs
[2022-09-25T14:34:40.143+0000] {logging_mixin.py:115} INFO - [2022-09-25T14:34:40.142+0000] {dag.py:2981} INFO - Setting next_dagrun for example_xcom to 2021-01-01T00:00:00+00:00, run_after=2021-01-01T00:00:00+00:00
[2022-09-25T14:34:40.171+0000] {processor.py:161} INFO - Processing /home/airflow/.local/lib/python3.7/site-packages/airflow/example_dags/example_xcom.py took 0.222 seconds
[2022-09-25T14:35:11.084+0000] {processor.py:153} INFO - Started process (PID=5496) to work on /home/airflow/.local/lib/python3.7/site-packages/airflow/example_dags/example_xcom.py
[2022-09-25T14:35:11.086+0000] {processor.py:640} INFO - Processing file /home/airflow/.local/lib/python3.7/site-packages/airflow/example_dags/example_xcom.py for tasks to queue
[2022-09-25T14:35:11.088+0000] {logging_mixin.py:115} INFO - [2022-09-25T14:35:11.088+0000] {dagbag.py:508} INFO - Filling up the DagBag from /home/airflow/.local/lib/python3.7/site-packages/airflow/example_dags/example_xcom.py
[2022-09-25T14:35:11.121+0000] {processor.py:650} INFO - DAG(s) dict_keys(['example_xcom']) retrieved from /home/airflow/.local/lib/python3.7/site-packages/airflow/example_dags/example_xcom.py
[2022-09-25T14:35:11.236+0000] {logging_mixin.py:115} INFO - [2022-09-25T14:35:11.235+0000] {dag.py:2429} INFO - Sync 1 DAGs
[2022-09-25T14:35:11.272+0000] {logging_mixin.py:115} INFO - [2022-09-25T14:35:11.272+0000] {dag.py:2981} INFO - Setting next_dagrun for example_xcom to 2021-01-01T00:00:00+00:00, run_after=2021-01-01T00:00:00+00:00
[2022-09-25T14:35:11.303+0000] {processor.py:161} INFO - Processing /home/airflow/.local/lib/python3.7/site-packages/airflow/example_dags/example_xcom.py took 0.224 seconds
[2022-09-25T14:35:42.088+0000] {processor.py:153} INFO - Started process (PID=5701) to work on /home/airflow/.local/lib/python3.7/site-packages/airflow/example_dags/example_xcom.py
[2022-09-25T14:35:42.091+0000] {processor.py:640} INFO - Processing file /home/airflow/.local/lib/python3.7/site-packages/airflow/example_dags/example_xcom.py for tasks to queue
[2022-09-25T14:35:42.094+0000] {logging_mixin.py:115} INFO - [2022-09-25T14:35:42.094+0000] {dagbag.py:508} INFO - Filling up the DagBag from /home/airflow/.local/lib/python3.7/site-packages/airflow/example_dags/example_xcom.py
[2022-09-25T14:35:42.129+0000] {processor.py:650} INFO - DAG(s) dict_keys(['example_xcom']) retrieved from /home/airflow/.local/lib/python3.7/site-packages/airflow/example_dags/example_xcom.py
[2022-09-25T14:35:42.233+0000] {logging_mixin.py:115} INFO - [2022-09-25T14:35:42.233+0000] {dag.py:2429} INFO - Sync 1 DAGs
[2022-09-25T14:35:42.275+0000] {logging_mixin.py:115} INFO - [2022-09-25T14:35:42.274+0000] {dag.py:2981} INFO - Setting next_dagrun for example_xcom to 2021-01-01T00:00:00+00:00, run_after=2021-01-01T00:00:00+00:00
[2022-09-25T14:35:42.303+0000] {processor.py:161} INFO - Processing /home/airflow/.local/lib/python3.7/site-packages/airflow/example_dags/example_xcom.py took 0.220 seconds
[2022-09-25T14:36:12.419+0000] {processor.py:153} INFO - Started process (PID=5912) to work on /home/airflow/.local/lib/python3.7/site-packages/airflow/example_dags/example_xcom.py
[2022-09-25T14:36:12.422+0000] {processor.py:640} INFO - Processing file /home/airflow/.local/lib/python3.7/site-packages/airflow/example_dags/example_xcom.py for tasks to queue
[2022-09-25T14:36:12.424+0000] {logging_mixin.py:115} INFO - [2022-09-25T14:36:12.424+0000] {dagbag.py:508} INFO - Filling up the DagBag from /home/airflow/.local/lib/python3.7/site-packages/airflow/example_dags/example_xcom.py
[2022-09-25T14:36:12.466+0000] {processor.py:650} INFO - DAG(s) dict_keys(['example_xcom']) retrieved from /home/airflow/.local/lib/python3.7/site-packages/airflow/example_dags/example_xcom.py
[2022-09-25T14:36:12.580+0000] {logging_mixin.py:115} INFO - [2022-09-25T14:36:12.580+0000] {dag.py:2429} INFO - Sync 1 DAGs
[2022-09-25T14:36:12.612+0000] {logging_mixin.py:115} INFO - [2022-09-25T14:36:12.611+0000] {dag.py:2981} INFO - Setting next_dagrun for example_xcom to 2021-01-01T00:00:00+00:00, run_after=2021-01-01T00:00:00+00:00
[2022-09-25T14:36:12.635+0000] {processor.py:161} INFO - Processing /home/airflow/.local/lib/python3.7/site-packages/airflow/example_dags/example_xcom.py took 0.221 seconds
[2022-09-25T14:36:43.302+0000] {processor.py:153} INFO - Started process (PID=6117) to work on /home/airflow/.local/lib/python3.7/site-packages/airflow/example_dags/example_xcom.py
[2022-09-25T14:36:43.305+0000] {processor.py:640} INFO - Processing file /home/airflow/.local/lib/python3.7/site-packages/airflow/example_dags/example_xcom.py for tasks to queue
[2022-09-25T14:36:43.307+0000] {logging_mixin.py:115} INFO - [2022-09-25T14:36:43.307+0000] {dagbag.py:508} INFO - Filling up the DagBag from /home/airflow/.local/lib/python3.7/site-packages/airflow/example_dags/example_xcom.py
[2022-09-25T14:36:43.337+0000] {processor.py:650} INFO - DAG(s) dict_keys(['example_xcom']) retrieved from /home/airflow/.local/lib/python3.7/site-packages/airflow/example_dags/example_xcom.py
[2022-09-25T14:36:43.446+0000] {logging_mixin.py:115} INFO - [2022-09-25T14:36:43.445+0000] {dag.py:2429} INFO - Sync 1 DAGs
[2022-09-25T14:36:43.487+0000] {logging_mixin.py:115} INFO - [2022-09-25T14:36:43.487+0000] {dag.py:2981} INFO - Setting next_dagrun for example_xcom to 2021-01-01T00:00:00+00:00, run_after=2021-01-01T00:00:00+00:00
[2022-09-25T14:36:43.698+0000] {processor.py:161} INFO - Processing /home/airflow/.local/lib/python3.7/site-packages/airflow/example_dags/example_xcom.py took 0.402 seconds
[2022-09-25T14:37:14.099+0000] {processor.py:153} INFO - Started process (PID=6330) to work on /home/airflow/.local/lib/python3.7/site-packages/airflow/example_dags/example_xcom.py
[2022-09-25T14:37:14.102+0000] {processor.py:640} INFO - Processing file /home/airflow/.local/lib/python3.7/site-packages/airflow/example_dags/example_xcom.py for tasks to queue
[2022-09-25T14:37:14.104+0000] {logging_mixin.py:115} INFO - [2022-09-25T14:37:14.103+0000] {dagbag.py:508} INFO - Filling up the DagBag from /home/airflow/.local/lib/python3.7/site-packages/airflow/example_dags/example_xcom.py
[2022-09-25T14:37:14.134+0000] {processor.py:650} INFO - DAG(s) dict_keys(['example_xcom']) retrieved from /home/airflow/.local/lib/python3.7/site-packages/airflow/example_dags/example_xcom.py
[2022-09-25T14:37:14.239+0000] {logging_mixin.py:115} INFO - [2022-09-25T14:37:14.239+0000] {dag.py:2429} INFO - Sync 1 DAGs
[2022-09-25T14:37:14.279+0000] {logging_mixin.py:115} INFO - [2022-09-25T14:37:14.279+0000] {dag.py:2981} INFO - Setting next_dagrun for example_xcom to 2021-01-01T00:00:00+00:00, run_after=2021-01-01T00:00:00+00:00
[2022-09-25T14:37:14.487+0000] {processor.py:161} INFO - Processing /home/airflow/.local/lib/python3.7/site-packages/airflow/example_dags/example_xcom.py took 0.397 seconds
[2022-09-25T14:37:45.421+0000] {processor.py:153} INFO - Started process (PID=6535) to work on /home/airflow/.local/lib/python3.7/site-packages/airflow/example_dags/example_xcom.py
[2022-09-25T14:37:45.428+0000] {processor.py:640} INFO - Processing file /home/airflow/.local/lib/python3.7/site-packages/airflow/example_dags/example_xcom.py for tasks to queue
[2022-09-25T14:37:45.430+0000] {logging_mixin.py:115} INFO - [2022-09-25T14:37:45.430+0000] {dagbag.py:508} INFO - Filling up the DagBag from /home/airflow/.local/lib/python3.7/site-packages/airflow/example_dags/example_xcom.py
[2022-09-25T14:37:45.459+0000] {processor.py:650} INFO - DAG(s) dict_keys(['example_xcom']) retrieved from /home/airflow/.local/lib/python3.7/site-packages/airflow/example_dags/example_xcom.py
[2022-09-25T14:37:45.566+0000] {logging_mixin.py:115} INFO - [2022-09-25T14:37:45.566+0000] {dag.py:2429} INFO - Sync 1 DAGs
[2022-09-25T14:37:45.602+0000] {logging_mixin.py:115} INFO - [2022-09-25T14:37:45.602+0000] {dag.py:2981} INFO - Setting next_dagrun for example_xcom to 2021-01-01T00:00:00+00:00, run_after=2021-01-01T00:00:00+00:00
[2022-09-25T14:37:45.825+0000] {processor.py:161} INFO - Processing /home/airflow/.local/lib/python3.7/site-packages/airflow/example_dags/example_xcom.py took 0.410 seconds
[2022-09-25T14:38:15.928+0000] {processor.py:153} INFO - Started process (PID=6758) to work on /home/airflow/.local/lib/python3.7/site-packages/airflow/example_dags/example_xcom.py
[2022-09-25T14:38:15.931+0000] {processor.py:640} INFO - Processing file /home/airflow/.local/lib/python3.7/site-packages/airflow/example_dags/example_xcom.py for tasks to queue
[2022-09-25T14:38:15.932+0000] {logging_mixin.py:115} INFO - [2022-09-25T14:38:15.932+0000] {dagbag.py:508} INFO - Filling up the DagBag from /home/airflow/.local/lib/python3.7/site-packages/airflow/example_dags/example_xcom.py
[2022-09-25T14:38:15.962+0000] {processor.py:650} INFO - DAG(s) dict_keys(['example_xcom']) retrieved from /home/airflow/.local/lib/python3.7/site-packages/airflow/example_dags/example_xcom.py
[2022-09-25T14:38:16.060+0000] {logging_mixin.py:115} INFO - [2022-09-25T14:38:16.060+0000] {dag.py:2429} INFO - Sync 1 DAGs
[2022-09-25T14:38:16.113+0000] {logging_mixin.py:115} INFO - [2022-09-25T14:38:16.113+0000] {dag.py:2981} INFO - Setting next_dagrun for example_xcom to 2021-01-01T00:00:00+00:00, run_after=2021-01-01T00:00:00+00:00
[2022-09-25T14:38:16.312+0000] {processor.py:161} INFO - Processing /home/airflow/.local/lib/python3.7/site-packages/airflow/example_dags/example_xcom.py took 0.389 seconds
[2022-09-25T14:38:47.040+0000] {processor.py:153} INFO - Started process (PID=6973) to work on /home/airflow/.local/lib/python3.7/site-packages/airflow/example_dags/example_xcom.py
[2022-09-25T14:38:47.042+0000] {processor.py:640} INFO - Processing file /home/airflow/.local/lib/python3.7/site-packages/airflow/example_dags/example_xcom.py for tasks to queue
[2022-09-25T14:38:47.044+0000] {logging_mixin.py:115} INFO - [2022-09-25T14:38:47.044+0000] {dagbag.py:508} INFO - Filling up the DagBag from /home/airflow/.local/lib/python3.7/site-packages/airflow/example_dags/example_xcom.py
[2022-09-25T14:38:47.097+0000] {processor.py:650} INFO - DAG(s) dict_keys(['example_xcom']) retrieved from /home/airflow/.local/lib/python3.7/site-packages/airflow/example_dags/example_xcom.py
[2022-09-25T14:38:47.250+0000] {logging_mixin.py:115} INFO - [2022-09-25T14:38:47.250+0000] {dag.py:2429} INFO - Sync 1 DAGs
[2022-09-25T14:38:47.284+0000] {logging_mixin.py:115} INFO - [2022-09-25T14:38:47.284+0000] {dag.py:2981} INFO - Setting next_dagrun for example_xcom to 2021-01-01T00:00:00+00:00, run_after=2021-01-01T00:00:00+00:00
[2022-09-25T14:38:47.499+0000] {processor.py:161} INFO - Processing /home/airflow/.local/lib/python3.7/site-packages/airflow/example_dags/example_xcom.py took 0.467 seconds
[2022-09-25T14:39:17.821+0000] {processor.py:153} INFO - Started process (PID=7183) to work on /home/airflow/.local/lib/python3.7/site-packages/airflow/example_dags/example_xcom.py
[2022-09-25T14:39:17.843+0000] {processor.py:640} INFO - Processing file /home/airflow/.local/lib/python3.7/site-packages/airflow/example_dags/example_xcom.py for tasks to queue
[2022-09-25T14:39:17.848+0000] {logging_mixin.py:115} INFO - [2022-09-25T14:39:17.847+0000] {dagbag.py:508} INFO - Filling up the DagBag from /home/airflow/.local/lib/python3.7/site-packages/airflow/example_dags/example_xcom.py
[2022-09-25T14:39:17.907+0000] {processor.py:650} INFO - DAG(s) dict_keys(['example_xcom']) retrieved from /home/airflow/.local/lib/python3.7/site-packages/airflow/example_dags/example_xcom.py
[2022-09-25T14:39:18.015+0000] {logging_mixin.py:115} INFO - [2022-09-25T14:39:18.015+0000] {dag.py:2429} INFO - Sync 1 DAGs
[2022-09-25T14:39:18.055+0000] {logging_mixin.py:115} INFO - [2022-09-25T14:39:18.055+0000] {dag.py:2981} INFO - Setting next_dagrun for example_xcom to 2021-01-01T00:00:00+00:00, run_after=2021-01-01T00:00:00+00:00
[2022-09-25T14:39:18.249+0000] {processor.py:161} INFO - Processing /home/airflow/.local/lib/python3.7/site-packages/airflow/example_dags/example_xcom.py took 0.435 seconds
[2022-09-25T14:39:48.351+0000] {processor.py:153} INFO - Started process (PID=7388) to work on /home/airflow/.local/lib/python3.7/site-packages/airflow/example_dags/example_xcom.py
[2022-09-25T14:39:48.354+0000] {processor.py:640} INFO - Processing file /home/airflow/.local/lib/python3.7/site-packages/airflow/example_dags/example_xcom.py for tasks to queue
[2022-09-25T14:39:48.356+0000] {logging_mixin.py:115} INFO - [2022-09-25T14:39:48.356+0000] {dagbag.py:508} INFO - Filling up the DagBag from /home/airflow/.local/lib/python3.7/site-packages/airflow/example_dags/example_xcom.py
[2022-09-25T14:39:48.392+0000] {processor.py:650} INFO - DAG(s) dict_keys(['example_xcom']) retrieved from /home/airflow/.local/lib/python3.7/site-packages/airflow/example_dags/example_xcom.py
[2022-09-25T14:39:48.443+0000] {logging_mixin.py:115} INFO - [2022-09-25T14:39:48.442+0000] {dag.py:2429} INFO - Sync 1 DAGs
[2022-09-25T14:39:48.512+0000] {logging_mixin.py:115} INFO - [2022-09-25T14:39:48.512+0000] {dag.py:2981} INFO - Setting next_dagrun for example_xcom to 2021-01-01T00:00:00+00:00, run_after=2021-01-01T00:00:00+00:00
[2022-09-25T14:39:48.544+0000] {processor.py:161} INFO - Processing /home/airflow/.local/lib/python3.7/site-packages/airflow/example_dags/example_xcom.py took 0.203 seconds
[2022-09-25T14:40:18.743+0000] {processor.py:153} INFO - Started process (PID=7602) to work on /home/airflow/.local/lib/python3.7/site-packages/airflow/example_dags/example_xcom.py
[2022-09-25T14:40:18.751+0000] {processor.py:640} INFO - Processing file /home/airflow/.local/lib/python3.7/site-packages/airflow/example_dags/example_xcom.py for tasks to queue
[2022-09-25T14:40:18.753+0000] {logging_mixin.py:115} INFO - [2022-09-25T14:40:18.753+0000] {dagbag.py:508} INFO - Filling up the DagBag from /home/airflow/.local/lib/python3.7/site-packages/airflow/example_dags/example_xcom.py
[2022-09-25T14:40:18.784+0000] {processor.py:650} INFO - DAG(s) dict_keys(['example_xcom']) retrieved from /home/airflow/.local/lib/python3.7/site-packages/airflow/example_dags/example_xcom.py
[2022-09-25T14:40:18.827+0000] {logging_mixin.py:115} INFO - [2022-09-25T14:40:18.827+0000] {dag.py:2429} INFO - Sync 1 DAGs
[2022-09-25T14:40:18.863+0000] {logging_mixin.py:115} INFO - [2022-09-25T14:40:18.863+0000] {dag.py:2981} INFO - Setting next_dagrun for example_xcom to 2021-01-01T00:00:00+00:00, run_after=2021-01-01T00:00:00+00:00
[2022-09-25T14:40:18.884+0000] {processor.py:161} INFO - Processing /home/airflow/.local/lib/python3.7/site-packages/airflow/example_dags/example_xcom.py took 0.146 seconds
[2022-09-25T14:40:49.355+0000] {processor.py:153} INFO - Started process (PID=7807) to work on /home/airflow/.local/lib/python3.7/site-packages/airflow/example_dags/example_xcom.py
[2022-09-25T14:40:49.357+0000] {processor.py:640} INFO - Processing file /home/airflow/.local/lib/python3.7/site-packages/airflow/example_dags/example_xcom.py for tasks to queue
[2022-09-25T14:40:49.359+0000] {logging_mixin.py:115} INFO - [2022-09-25T14:40:49.359+0000] {dagbag.py:508} INFO - Filling up the DagBag from /home/airflow/.local/lib/python3.7/site-packages/airflow/example_dags/example_xcom.py
[2022-09-25T14:40:49.393+0000] {processor.py:650} INFO - DAG(s) dict_keys(['example_xcom']) retrieved from /home/airflow/.local/lib/python3.7/site-packages/airflow/example_dags/example_xcom.py
[2022-09-25T14:40:49.442+0000] {logging_mixin.py:115} INFO - [2022-09-25T14:40:49.441+0000] {dag.py:2429} INFO - Sync 1 DAGs
[2022-09-25T14:40:49.480+0000] {logging_mixin.py:115} INFO - [2022-09-25T14:40:49.480+0000] {dag.py:2981} INFO - Setting next_dagrun for example_xcom to 2021-01-01T00:00:00+00:00, run_after=2021-01-01T00:00:00+00:00
[2022-09-25T14:40:49.505+0000] {processor.py:161} INFO - Processing /home/airflow/.local/lib/python3.7/site-packages/airflow/example_dags/example_xcom.py took 0.157 seconds
[2022-09-25T14:41:20.060+0000] {processor.py:153} INFO - Started process (PID=8021) to work on /home/airflow/.local/lib/python3.7/site-packages/airflow/example_dags/example_xcom.py
[2022-09-25T14:41:20.065+0000] {processor.py:640} INFO - Processing file /home/airflow/.local/lib/python3.7/site-packages/airflow/example_dags/example_xcom.py for tasks to queue
[2022-09-25T14:41:20.068+0000] {logging_mixin.py:115} INFO - [2022-09-25T14:41:20.068+0000] {dagbag.py:508} INFO - Filling up the DagBag from /home/airflow/.local/lib/python3.7/site-packages/airflow/example_dags/example_xcom.py
[2022-09-25T14:41:20.107+0000] {processor.py:650} INFO - DAG(s) dict_keys(['example_xcom']) retrieved from /home/airflow/.local/lib/python3.7/site-packages/airflow/example_dags/example_xcom.py
[2022-09-25T14:41:20.167+0000] {logging_mixin.py:115} INFO - [2022-09-25T14:41:20.167+0000] {dag.py:2429} INFO - Sync 1 DAGs
[2022-09-25T14:41:20.218+0000] {logging_mixin.py:115} INFO - [2022-09-25T14:41:20.217+0000] {dag.py:2981} INFO - Setting next_dagrun for example_xcom to 2021-01-01T00:00:00+00:00, run_after=2021-01-01T00:00:00+00:00
[2022-09-25T14:41:20.243+0000] {processor.py:161} INFO - Processing /home/airflow/.local/lib/python3.7/site-packages/airflow/example_dags/example_xcom.py took 0.195 seconds
[2022-09-25T14:41:50.669+0000] {processor.py:153} INFO - Started process (PID=8226) to work on /home/airflow/.local/lib/python3.7/site-packages/airflow/example_dags/example_xcom.py
[2022-09-25T14:41:50.678+0000] {processor.py:640} INFO - Processing file /home/airflow/.local/lib/python3.7/site-packages/airflow/example_dags/example_xcom.py for tasks to queue
[2022-09-25T14:41:50.680+0000] {logging_mixin.py:115} INFO - [2022-09-25T14:41:50.679+0000] {dagbag.py:508} INFO - Filling up the DagBag from /home/airflow/.local/lib/python3.7/site-packages/airflow/example_dags/example_xcom.py
[2022-09-25T14:41:50.710+0000] {processor.py:650} INFO - DAG(s) dict_keys(['example_xcom']) retrieved from /home/airflow/.local/lib/python3.7/site-packages/airflow/example_dags/example_xcom.py
[2022-09-25T14:41:50.830+0000] {logging_mixin.py:115} INFO - [2022-09-25T14:41:50.829+0000] {dag.py:2429} INFO - Sync 1 DAGs
[2022-09-25T14:41:50.877+0000] {logging_mixin.py:115} INFO - [2022-09-25T14:41:50.877+0000] {dag.py:2981} INFO - Setting next_dagrun for example_xcom to 2021-01-01T00:00:00+00:00, run_after=2021-01-01T00:00:00+00:00
[2022-09-25T14:41:51.071+0000] {processor.py:161} INFO - Processing /home/airflow/.local/lib/python3.7/site-packages/airflow/example_dags/example_xcom.py took 0.409 seconds
[2022-09-25T14:42:21.566+0000] {processor.py:153} INFO - Started process (PID=8440) to work on /home/airflow/.local/lib/python3.7/site-packages/airflow/example_dags/example_xcom.py
[2022-09-25T14:42:21.569+0000] {processor.py:640} INFO - Processing file /home/airflow/.local/lib/python3.7/site-packages/airflow/example_dags/example_xcom.py for tasks to queue
[2022-09-25T14:42:21.571+0000] {logging_mixin.py:115} INFO - [2022-09-25T14:42:21.571+0000] {dagbag.py:508} INFO - Filling up the DagBag from /home/airflow/.local/lib/python3.7/site-packages/airflow/example_dags/example_xcom.py
[2022-09-25T14:42:21.609+0000] {processor.py:650} INFO - DAG(s) dict_keys(['example_xcom']) retrieved from /home/airflow/.local/lib/python3.7/site-packages/airflow/example_dags/example_xcom.py
[2022-09-25T14:42:21.722+0000] {logging_mixin.py:115} INFO - [2022-09-25T14:42:21.722+0000] {dag.py:2429} INFO - Sync 1 DAGs
[2022-09-25T14:42:21.771+0000] {logging_mixin.py:115} INFO - [2022-09-25T14:42:21.771+0000] {dag.py:2981} INFO - Setting next_dagrun for example_xcom to 2021-01-01T00:00:00+00:00, run_after=2021-01-01T00:00:00+00:00
[2022-09-25T14:42:21.979+0000] {processor.py:161} INFO - Processing /home/airflow/.local/lib/python3.7/site-packages/airflow/example_dags/example_xcom.py took 0.423 seconds
[2022-09-25T14:42:52.949+0000] {processor.py:153} INFO - Started process (PID=8652) to work on /home/airflow/.local/lib/python3.7/site-packages/airflow/example_dags/example_xcom.py
[2022-09-25T14:42:52.957+0000] {processor.py:640} INFO - Processing file /home/airflow/.local/lib/python3.7/site-packages/airflow/example_dags/example_xcom.py for tasks to queue
[2022-09-25T14:42:52.960+0000] {logging_mixin.py:115} INFO - [2022-09-25T14:42:52.959+0000] {dagbag.py:508} INFO - Filling up the DagBag from /home/airflow/.local/lib/python3.7/site-packages/airflow/example_dags/example_xcom.py
[2022-09-25T14:42:52.988+0000] {processor.py:650} INFO - DAG(s) dict_keys(['example_xcom']) retrieved from /home/airflow/.local/lib/python3.7/site-packages/airflow/example_dags/example_xcom.py
[2022-09-25T14:42:53.096+0000] {logging_mixin.py:115} INFO - [2022-09-25T14:42:53.096+0000] {dag.py:2429} INFO - Sync 1 DAGs
[2022-09-25T14:42:53.161+0000] {logging_mixin.py:115} INFO - [2022-09-25T14:42:53.160+0000] {dag.py:2981} INFO - Setting next_dagrun for example_xcom to 2021-01-01T00:00:00+00:00, run_after=2021-01-01T00:00:00+00:00
[2022-09-25T14:42:53.435+0000] {processor.py:161} INFO - Processing /home/airflow/.local/lib/python3.7/site-packages/airflow/example_dags/example_xcom.py took 0.494 seconds
[2022-09-25T14:43:23.580+0000] {processor.py:153} INFO - Started process (PID=8872) to work on /home/airflow/.local/lib/python3.7/site-packages/airflow/example_dags/example_xcom.py
[2022-09-25T14:43:23.583+0000] {processor.py:640} INFO - Processing file /home/airflow/.local/lib/python3.7/site-packages/airflow/example_dags/example_xcom.py for tasks to queue
[2022-09-25T14:43:23.585+0000] {logging_mixin.py:115} INFO - [2022-09-25T14:43:23.585+0000] {dagbag.py:508} INFO - Filling up the DagBag from /home/airflow/.local/lib/python3.7/site-packages/airflow/example_dags/example_xcom.py
[2022-09-25T14:43:23.616+0000] {processor.py:650} INFO - DAG(s) dict_keys(['example_xcom']) retrieved from /home/airflow/.local/lib/python3.7/site-packages/airflow/example_dags/example_xcom.py
[2022-09-25T14:43:23.659+0000] {logging_mixin.py:115} INFO - [2022-09-25T14:43:23.658+0000] {dag.py:2429} INFO - Sync 1 DAGs
[2022-09-25T14:43:23.695+0000] {logging_mixin.py:115} INFO - [2022-09-25T14:43:23.695+0000] {dag.py:2981} INFO - Setting next_dagrun for example_xcom to 2021-01-01T00:00:00+00:00, run_after=2021-01-01T00:00:00+00:00
[2022-09-25T14:43:23.715+0000] {processor.py:161} INFO - Processing /home/airflow/.local/lib/python3.7/site-packages/airflow/example_dags/example_xcom.py took 0.141 seconds
[2022-09-25T14:43:53.993+0000] {processor.py:153} INFO - Started process (PID=9072) to work on /home/airflow/.local/lib/python3.7/site-packages/airflow/example_dags/example_xcom.py
[2022-09-25T14:43:54.002+0000] {processor.py:640} INFO - Processing file /home/airflow/.local/lib/python3.7/site-packages/airflow/example_dags/example_xcom.py for tasks to queue
[2022-09-25T14:43:54.004+0000] {logging_mixin.py:115} INFO - [2022-09-25T14:43:54.004+0000] {dagbag.py:508} INFO - Filling up the DagBag from /home/airflow/.local/lib/python3.7/site-packages/airflow/example_dags/example_xcom.py
[2022-09-25T14:43:54.035+0000] {processor.py:650} INFO - DAG(s) dict_keys(['example_xcom']) retrieved from /home/airflow/.local/lib/python3.7/site-packages/airflow/example_dags/example_xcom.py
[2022-09-25T14:43:54.080+0000] {logging_mixin.py:115} INFO - [2022-09-25T14:43:54.080+0000] {dag.py:2429} INFO - Sync 1 DAGs
[2022-09-25T14:43:54.117+0000] {logging_mixin.py:115} INFO - [2022-09-25T14:43:54.117+0000] {dag.py:2981} INFO - Setting next_dagrun for example_xcom to 2021-01-01T00:00:00+00:00, run_after=2021-01-01T00:00:00+00:00
[2022-09-25T14:43:54.145+0000] {processor.py:161} INFO - Processing /home/airflow/.local/lib/python3.7/site-packages/airflow/example_dags/example_xcom.py took 0.159 seconds
[2022-09-25T14:44:24.762+0000] {processor.py:153} INFO - Started process (PID=9286) to work on /home/airflow/.local/lib/python3.7/site-packages/airflow/example_dags/example_xcom.py
[2022-09-25T14:44:24.771+0000] {processor.py:640} INFO - Processing file /home/airflow/.local/lib/python3.7/site-packages/airflow/example_dags/example_xcom.py for tasks to queue
[2022-09-25T14:44:24.774+0000] {logging_mixin.py:115} INFO - [2022-09-25T14:44:24.773+0000] {dagbag.py:508} INFO - Filling up the DagBag from /home/airflow/.local/lib/python3.7/site-packages/airflow/example_dags/example_xcom.py
[2022-09-25T14:44:24.806+0000] {processor.py:650} INFO - DAG(s) dict_keys(['example_xcom']) retrieved from /home/airflow/.local/lib/python3.7/site-packages/airflow/example_dags/example_xcom.py
[2022-09-25T14:44:24.852+0000] {logging_mixin.py:115} INFO - [2022-09-25T14:44:24.852+0000] {dag.py:2429} INFO - Sync 1 DAGs
[2022-09-25T14:44:24.885+0000] {logging_mixin.py:115} INFO - [2022-09-25T14:44:24.884+0000] {dag.py:2981} INFO - Setting next_dagrun for example_xcom to 2021-01-01T00:00:00+00:00, run_after=2021-01-01T00:00:00+00:00
[2022-09-25T14:44:24.909+0000] {processor.py:161} INFO - Processing /home/airflow/.local/lib/python3.7/site-packages/airflow/example_dags/example_xcom.py took 0.157 seconds
[2022-09-25T14:44:55.150+0000] {processor.py:153} INFO - Started process (PID=9492) to work on /home/airflow/.local/lib/python3.7/site-packages/airflow/example_dags/example_xcom.py
[2022-09-25T14:44:55.153+0000] {processor.py:640} INFO - Processing file /home/airflow/.local/lib/python3.7/site-packages/airflow/example_dags/example_xcom.py for tasks to queue
[2022-09-25T14:44:55.155+0000] {logging_mixin.py:115} INFO - [2022-09-25T14:44:55.155+0000] {dagbag.py:508} INFO - Filling up the DagBag from /home/airflow/.local/lib/python3.7/site-packages/airflow/example_dags/example_xcom.py
[2022-09-25T14:44:55.192+0000] {processor.py:650} INFO - DAG(s) dict_keys(['example_xcom']) retrieved from /home/airflow/.local/lib/python3.7/site-packages/airflow/example_dags/example_xcom.py
[2022-09-25T14:44:55.299+0000] {logging_mixin.py:115} INFO - [2022-09-25T14:44:55.299+0000] {dag.py:2429} INFO - Sync 1 DAGs
[2022-09-25T14:44:55.336+0000] {logging_mixin.py:115} INFO - [2022-09-25T14:44:55.336+0000] {dag.py:2981} INFO - Setting next_dagrun for example_xcom to 2021-01-01T00:00:00+00:00, run_after=2021-01-01T00:00:00+00:00
[2022-09-25T14:44:55.530+0000] {processor.py:161} INFO - Processing /home/airflow/.local/lib/python3.7/site-packages/airflow/example_dags/example_xcom.py took 0.388 seconds
[2022-09-25T14:45:25.640+0000] {processor.py:153} INFO - Started process (PID=9709) to work on /home/airflow/.local/lib/python3.7/site-packages/airflow/example_dags/example_xcom.py
[2022-09-25T14:45:25.645+0000] {processor.py:640} INFO - Processing file /home/airflow/.local/lib/python3.7/site-packages/airflow/example_dags/example_xcom.py for tasks to queue
[2022-09-25T14:45:25.648+0000] {logging_mixin.py:115} INFO - [2022-09-25T14:45:25.648+0000] {dagbag.py:508} INFO - Filling up the DagBag from /home/airflow/.local/lib/python3.7/site-packages/airflow/example_dags/example_xcom.py
[2022-09-25T14:45:25.689+0000] {processor.py:650} INFO - DAG(s) dict_keys(['example_xcom']) retrieved from /home/airflow/.local/lib/python3.7/site-packages/airflow/example_dags/example_xcom.py
[2022-09-25T14:45:25.814+0000] {logging_mixin.py:115} INFO - [2022-09-25T14:45:25.814+0000] {dag.py:2429} INFO - Sync 1 DAGs
[2022-09-25T14:45:25.850+0000] {logging_mixin.py:115} INFO - [2022-09-25T14:45:25.849+0000] {dag.py:2981} INFO - Setting next_dagrun for example_xcom to 2021-01-01T00:00:00+00:00, run_after=2021-01-01T00:00:00+00:00
[2022-09-25T14:45:26.099+0000] {processor.py:161} INFO - Processing /home/airflow/.local/lib/python3.7/site-packages/airflow/example_dags/example_xcom.py took 0.468 seconds
[2022-09-25T14:45:56.280+0000] {processor.py:153} INFO - Started process (PID=9911) to work on /home/airflow/.local/lib/python3.7/site-packages/airflow/example_dags/example_xcom.py
[2022-09-25T14:45:56.283+0000] {processor.py:640} INFO - Processing file /home/airflow/.local/lib/python3.7/site-packages/airflow/example_dags/example_xcom.py for tasks to queue
[2022-09-25T14:45:56.285+0000] {logging_mixin.py:115} INFO - [2022-09-25T14:45:56.284+0000] {dagbag.py:508} INFO - Filling up the DagBag from /home/airflow/.local/lib/python3.7/site-packages/airflow/example_dags/example_xcom.py
[2022-09-25T14:45:56.314+0000] {processor.py:650} INFO - DAG(s) dict_keys(['example_xcom']) retrieved from /home/airflow/.local/lib/python3.7/site-packages/airflow/example_dags/example_xcom.py
[2022-09-25T14:45:56.413+0000] {logging_mixin.py:115} INFO - [2022-09-25T14:45:56.413+0000] {dag.py:2429} INFO - Sync 1 DAGs
[2022-09-25T14:45:56.451+0000] {logging_mixin.py:115} INFO - [2022-09-25T14:45:56.450+0000] {dag.py:2981} INFO - Setting next_dagrun for example_xcom to 2021-01-01T00:00:00+00:00, run_after=2021-01-01T00:00:00+00:00
[2022-09-25T14:45:56.618+0000] {processor.py:161} INFO - Processing /home/airflow/.local/lib/python3.7/site-packages/airflow/example_dags/example_xcom.py took 0.348 seconds
[2022-09-25T14:46:26.938+0000] {processor.py:153} INFO - Started process (PID=10125) to work on /home/airflow/.local/lib/python3.7/site-packages/airflow/example_dags/example_xcom.py
[2022-09-25T14:46:26.942+0000] {processor.py:640} INFO - Processing file /home/airflow/.local/lib/python3.7/site-packages/airflow/example_dags/example_xcom.py for tasks to queue
[2022-09-25T14:46:26.945+0000] {logging_mixin.py:115} INFO - [2022-09-25T14:46:26.944+0000] {dagbag.py:508} INFO - Filling up the DagBag from /home/airflow/.local/lib/python3.7/site-packages/airflow/example_dags/example_xcom.py
[2022-09-25T14:46:26.976+0000] {processor.py:650} INFO - DAG(s) dict_keys(['example_xcom']) retrieved from /home/airflow/.local/lib/python3.7/site-packages/airflow/example_dags/example_xcom.py
[2022-09-25T14:46:27.099+0000] {logging_mixin.py:115} INFO - [2022-09-25T14:46:27.099+0000] {dag.py:2429} INFO - Sync 1 DAGs
[2022-09-25T14:46:27.138+0000] {logging_mixin.py:115} INFO - [2022-09-25T14:46:27.138+0000] {dag.py:2981} INFO - Setting next_dagrun for example_xcom to 2021-01-01T00:00:00+00:00, run_after=2021-01-01T00:00:00+00:00
[2022-09-25T14:46:27.371+0000] {processor.py:161} INFO - Processing /home/airflow/.local/lib/python3.7/site-packages/airflow/example_dags/example_xcom.py took 0.442 seconds
[2022-09-25T14:46:57.525+0000] {processor.py:153} INFO - Started process (PID=10330) to work on /home/airflow/.local/lib/python3.7/site-packages/airflow/example_dags/example_xcom.py
[2022-09-25T14:46:57.546+0000] {processor.py:640} INFO - Processing file /home/airflow/.local/lib/python3.7/site-packages/airflow/example_dags/example_xcom.py for tasks to queue
[2022-09-25T14:46:57.555+0000] {logging_mixin.py:115} INFO - [2022-09-25T14:46:57.554+0000] {dagbag.py:508} INFO - Filling up the DagBag from /home/airflow/.local/lib/python3.7/site-packages/airflow/example_dags/example_xcom.py
[2022-09-25T14:46:57.608+0000] {processor.py:650} INFO - DAG(s) dict_keys(['example_xcom']) retrieved from /home/airflow/.local/lib/python3.7/site-packages/airflow/example_dags/example_xcom.py
[2022-09-25T14:46:57.724+0000] {logging_mixin.py:115} INFO - [2022-09-25T14:46:57.724+0000] {dag.py:2429} INFO - Sync 1 DAGs
[2022-09-25T14:46:58.065+0000] {logging_mixin.py:115} INFO - [2022-09-25T14:46:58.064+0000] {dag.py:2981} INFO - Setting next_dagrun for example_xcom to 2021-01-01T00:00:00+00:00, run_after=2021-01-01T00:00:00+00:00
[2022-09-25T14:46:58.118+0000] {processor.py:161} INFO - Processing /home/airflow/.local/lib/python3.7/site-packages/airflow/example_dags/example_xcom.py took 0.606 seconds
[2022-09-25T14:47:29.062+0000] {processor.py:153} INFO - Started process (PID=10549) to work on /home/airflow/.local/lib/python3.7/site-packages/airflow/example_dags/example_xcom.py
[2022-09-25T14:47:29.070+0000] {processor.py:640} INFO - Processing file /home/airflow/.local/lib/python3.7/site-packages/airflow/example_dags/example_xcom.py for tasks to queue
[2022-09-25T14:47:29.079+0000] {logging_mixin.py:115} INFO - [2022-09-25T14:47:29.078+0000] {dagbag.py:508} INFO - Filling up the DagBag from /home/airflow/.local/lib/python3.7/site-packages/airflow/example_dags/example_xcom.py
[2022-09-25T14:47:29.147+0000] {processor.py:650} INFO - DAG(s) dict_keys(['example_xcom']) retrieved from /home/airflow/.local/lib/python3.7/site-packages/airflow/example_dags/example_xcom.py
[2022-09-25T14:47:29.257+0000] {logging_mixin.py:115} INFO - [2022-09-25T14:47:29.257+0000] {dag.py:2429} INFO - Sync 1 DAGs
[2022-09-25T14:47:29.455+0000] {logging_mixin.py:115} INFO - [2022-09-25T14:47:29.454+0000] {dag.py:2981} INFO - Setting next_dagrun for example_xcom to 2021-01-01T00:00:00+00:00, run_after=2021-01-01T00:00:00+00:00
[2022-09-25T14:47:29.476+0000] {processor.py:161} INFO - Processing /home/airflow/.local/lib/python3.7/site-packages/airflow/example_dags/example_xcom.py took 0.427 seconds
[2022-09-25T14:47:59.579+0000] {processor.py:153} INFO - Started process (PID=10754) to work on /home/airflow/.local/lib/python3.7/site-packages/airflow/example_dags/example_xcom.py
[2022-09-25T14:47:59.582+0000] {processor.py:640} INFO - Processing file /home/airflow/.local/lib/python3.7/site-packages/airflow/example_dags/example_xcom.py for tasks to queue
[2022-09-25T14:47:59.585+0000] {logging_mixin.py:115} INFO - [2022-09-25T14:47:59.585+0000] {dagbag.py:508} INFO - Filling up the DagBag from /home/airflow/.local/lib/python3.7/site-packages/airflow/example_dags/example_xcom.py
[2022-09-25T14:47:59.615+0000] {processor.py:650} INFO - DAG(s) dict_keys(['example_xcom']) retrieved from /home/airflow/.local/lib/python3.7/site-packages/airflow/example_dags/example_xcom.py
[2022-09-25T14:47:59.661+0000] {logging_mixin.py:115} INFO - [2022-09-25T14:47:59.660+0000] {dag.py:2429} INFO - Sync 1 DAGs
[2022-09-25T14:47:59.699+0000] {logging_mixin.py:115} INFO - [2022-09-25T14:47:59.699+0000] {dag.py:2981} INFO - Setting next_dagrun for example_xcom to 2021-01-01T00:00:00+00:00, run_after=2021-01-01T00:00:00+00:00
[2022-09-25T14:47:59.726+0000] {processor.py:161} INFO - Processing /home/airflow/.local/lib/python3.7/site-packages/airflow/example_dags/example_xcom.py took 0.165 seconds
[2022-09-25T14:48:29.959+0000] {processor.py:153} INFO - Started process (PID=10969) to work on /home/airflow/.local/lib/python3.7/site-packages/airflow/example_dags/example_xcom.py
[2022-09-25T14:48:29.961+0000] {processor.py:640} INFO - Processing file /home/airflow/.local/lib/python3.7/site-packages/airflow/example_dags/example_xcom.py for tasks to queue
[2022-09-25T14:48:29.963+0000] {logging_mixin.py:115} INFO - [2022-09-25T14:48:29.963+0000] {dagbag.py:508} INFO - Filling up the DagBag from /home/airflow/.local/lib/python3.7/site-packages/airflow/example_dags/example_xcom.py
[2022-09-25T14:48:29.989+0000] {processor.py:650} INFO - DAG(s) dict_keys(['example_xcom']) retrieved from /home/airflow/.local/lib/python3.7/site-packages/airflow/example_dags/example_xcom.py
[2022-09-25T14:48:30.079+0000] {logging_mixin.py:115} INFO - [2022-09-25T14:48:30.079+0000] {dag.py:2429} INFO - Sync 1 DAGs
[2022-09-25T14:48:30.287+0000] {logging_mixin.py:115} INFO - [2022-09-25T14:48:30.287+0000] {dag.py:2981} INFO - Setting next_dagrun for example_xcom to 2021-01-01T00:00:00+00:00, run_after=2021-01-01T00:00:00+00:00
[2022-09-25T14:48:30.316+0000] {processor.py:161} INFO - Processing /home/airflow/.local/lib/python3.7/site-packages/airflow/example_dags/example_xcom.py took 0.362 seconds
[2022-09-25T14:49:00.381+0000] {processor.py:153} INFO - Started process (PID=11174) to work on /home/airflow/.local/lib/python3.7/site-packages/airflow/example_dags/example_xcom.py
[2022-09-25T14:49:00.384+0000] {processor.py:640} INFO - Processing file /home/airflow/.local/lib/python3.7/site-packages/airflow/example_dags/example_xcom.py for tasks to queue
[2022-09-25T14:49:00.385+0000] {logging_mixin.py:115} INFO - [2022-09-25T14:49:00.385+0000] {dagbag.py:508} INFO - Filling up the DagBag from /home/airflow/.local/lib/python3.7/site-packages/airflow/example_dags/example_xcom.py
[2022-09-25T14:49:00.408+0000] {processor.py:650} INFO - DAG(s) dict_keys(['example_xcom']) retrieved from /home/airflow/.local/lib/python3.7/site-packages/airflow/example_dags/example_xcom.py
[2022-09-25T14:49:00.494+0000] {logging_mixin.py:115} INFO - [2022-09-25T14:49:00.493+0000] {dag.py:2429} INFO - Sync 1 DAGs
[2022-09-25T14:49:00.672+0000] {logging_mixin.py:115} INFO - [2022-09-25T14:49:00.672+0000] {dag.py:2981} INFO - Setting next_dagrun for example_xcom to 2021-01-01T00:00:00+00:00, run_after=2021-01-01T00:00:00+00:00
[2022-09-25T14:49:00.700+0000] {processor.py:161} INFO - Processing /home/airflow/.local/lib/python3.7/site-packages/airflow/example_dags/example_xcom.py took 0.323 seconds
[2022-09-25T14:49:30.844+0000] {processor.py:153} INFO - Started process (PID=11394) to work on /home/airflow/.local/lib/python3.7/site-packages/airflow/example_dags/example_xcom.py
[2022-09-25T14:49:30.847+0000] {processor.py:640} INFO - Processing file /home/airflow/.local/lib/python3.7/site-packages/airflow/example_dags/example_xcom.py for tasks to queue
[2022-09-25T14:49:30.849+0000] {logging_mixin.py:115} INFO - [2022-09-25T14:49:30.848+0000] {dagbag.py:508} INFO - Filling up the DagBag from /home/airflow/.local/lib/python3.7/site-packages/airflow/example_dags/example_xcom.py
[2022-09-25T14:49:30.877+0000] {processor.py:650} INFO - DAG(s) dict_keys(['example_xcom']) retrieved from /home/airflow/.local/lib/python3.7/site-packages/airflow/example_dags/example_xcom.py
[2022-09-25T14:49:31.008+0000] {logging_mixin.py:115} INFO - [2022-09-25T14:49:31.007+0000] {dag.py:2429} INFO - Sync 1 DAGs
[2022-09-25T14:49:31.222+0000] {logging_mixin.py:115} INFO - [2022-09-25T14:49:31.221+0000] {dag.py:2981} INFO - Setting next_dagrun for example_xcom to 2021-01-01T00:00:00+00:00, run_after=2021-01-01T00:00:00+00:00
[2022-09-25T14:49:31.248+0000] {processor.py:161} INFO - Processing /home/airflow/.local/lib/python3.7/site-packages/airflow/example_dags/example_xcom.py took 0.409 seconds
[2022-09-25T14:50:01.320+0000] {processor.py:153} INFO - Started process (PID=11599) to work on /home/airflow/.local/lib/python3.7/site-packages/airflow/example_dags/example_xcom.py
[2022-09-25T14:50:01.323+0000] {processor.py:640} INFO - Processing file /home/airflow/.local/lib/python3.7/site-packages/airflow/example_dags/example_xcom.py for tasks to queue
[2022-09-25T14:50:01.325+0000] {logging_mixin.py:115} INFO - [2022-09-25T14:50:01.325+0000] {dagbag.py:508} INFO - Filling up the DagBag from /home/airflow/.local/lib/python3.7/site-packages/airflow/example_dags/example_xcom.py
[2022-09-25T14:50:01.358+0000] {processor.py:650} INFO - DAG(s) dict_keys(['example_xcom']) retrieved from /home/airflow/.local/lib/python3.7/site-packages/airflow/example_dags/example_xcom.py
[2022-09-25T14:50:01.408+0000] {logging_mixin.py:115} INFO - [2022-09-25T14:50:01.408+0000] {dag.py:2429} INFO - Sync 1 DAGs
[2022-09-25T14:50:01.450+0000] {logging_mixin.py:115} INFO - [2022-09-25T14:50:01.449+0000] {dag.py:2981} INFO - Setting next_dagrun for example_xcom to 2021-01-01T00:00:00+00:00, run_after=2021-01-01T00:00:00+00:00
[2022-09-25T14:50:01.479+0000] {processor.py:161} INFO - Processing /home/airflow/.local/lib/python3.7/site-packages/airflow/example_dags/example_xcom.py took 0.168 seconds
[2022-09-25T14:50:31.672+0000] {processor.py:153} INFO - Started process (PID=11805) to work on /home/airflow/.local/lib/python3.7/site-packages/airflow/example_dags/example_xcom.py
[2022-09-25T14:50:31.675+0000] {processor.py:640} INFO - Processing file /home/airflow/.local/lib/python3.7/site-packages/airflow/example_dags/example_xcom.py for tasks to queue
[2022-09-25T14:50:31.678+0000] {logging_mixin.py:115} INFO - [2022-09-25T14:50:31.678+0000] {dagbag.py:508} INFO - Filling up the DagBag from /home/airflow/.local/lib/python3.7/site-packages/airflow/example_dags/example_xcom.py
[2022-09-25T14:50:31.715+0000] {processor.py:650} INFO - DAG(s) dict_keys(['example_xcom']) retrieved from /home/airflow/.local/lib/python3.7/site-packages/airflow/example_dags/example_xcom.py
[2022-09-25T14:50:31.760+0000] {logging_mixin.py:115} INFO - [2022-09-25T14:50:31.760+0000] {dag.py:2429} INFO - Sync 1 DAGs
[2022-09-25T14:50:31.796+0000] {logging_mixin.py:115} INFO - [2022-09-25T14:50:31.796+0000] {dag.py:2981} INFO - Setting next_dagrun for example_xcom to 2021-01-01T00:00:00+00:00, run_after=2021-01-01T00:00:00+00:00
[2022-09-25T14:50:31.819+0000] {processor.py:161} INFO - Processing /home/airflow/.local/lib/python3.7/site-packages/airflow/example_dags/example_xcom.py took 0.153 seconds
[2022-09-25T14:51:02.335+0000] {processor.py:153} INFO - Started process (PID=12020) to work on /home/airflow/.local/lib/python3.7/site-packages/airflow/example_dags/example_xcom.py
[2022-09-25T14:51:02.339+0000] {processor.py:640} INFO - Processing file /home/airflow/.local/lib/python3.7/site-packages/airflow/example_dags/example_xcom.py for tasks to queue
[2022-09-25T14:51:02.342+0000] {logging_mixin.py:115} INFO - [2022-09-25T14:51:02.342+0000] {dagbag.py:508} INFO - Filling up the DagBag from /home/airflow/.local/lib/python3.7/site-packages/airflow/example_dags/example_xcom.py
[2022-09-25T14:51:02.378+0000] {processor.py:650} INFO - DAG(s) dict_keys(['example_xcom']) retrieved from /home/airflow/.local/lib/python3.7/site-packages/airflow/example_dags/example_xcom.py
[2022-09-25T14:51:02.480+0000] {logging_mixin.py:115} INFO - [2022-09-25T14:51:02.480+0000] {dag.py:2429} INFO - Sync 1 DAGs
[2022-09-25T14:51:02.680+0000] {logging_mixin.py:115} INFO - [2022-09-25T14:51:02.680+0000] {dag.py:2981} INFO - Setting next_dagrun for example_xcom to 2021-01-01T00:00:00+00:00, run_after=2021-01-01T00:00:00+00:00
[2022-09-25T14:51:02.711+0000] {processor.py:161} INFO - Processing /home/airflow/.local/lib/python3.7/site-packages/airflow/example_dags/example_xcom.py took 0.383 seconds
[2022-09-25T14:51:32.827+0000] {processor.py:153} INFO - Started process (PID=12225) to work on /home/airflow/.local/lib/python3.7/site-packages/airflow/example_dags/example_xcom.py
[2022-09-25T14:51:32.830+0000] {processor.py:640} INFO - Processing file /home/airflow/.local/lib/python3.7/site-packages/airflow/example_dags/example_xcom.py for tasks to queue
[2022-09-25T14:51:32.831+0000] {logging_mixin.py:115} INFO - [2022-09-25T14:51:32.831+0000] {dagbag.py:508} INFO - Filling up the DagBag from /home/airflow/.local/lib/python3.7/site-packages/airflow/example_dags/example_xcom.py
[2022-09-25T14:51:32.858+0000] {processor.py:650} INFO - DAG(s) dict_keys(['example_xcom']) retrieved from /home/airflow/.local/lib/python3.7/site-packages/airflow/example_dags/example_xcom.py
[2022-09-25T14:51:32.983+0000] {logging_mixin.py:115} INFO - [2022-09-25T14:51:32.983+0000] {dag.py:2429} INFO - Sync 1 DAGs
[2022-09-25T14:51:33.172+0000] {logging_mixin.py:115} INFO - [2022-09-25T14:51:33.172+0000] {dag.py:2981} INFO - Setting next_dagrun for example_xcom to 2021-01-01T00:00:00+00:00, run_after=2021-01-01T00:00:00+00:00
[2022-09-25T14:51:33.203+0000] {processor.py:161} INFO - Processing /home/airflow/.local/lib/python3.7/site-packages/airflow/example_dags/example_xcom.py took 0.381 seconds
[2022-09-25T14:52:04.033+0000] {processor.py:153} INFO - Started process (PID=12439) to work on /home/airflow/.local/lib/python3.7/site-packages/airflow/example_dags/example_xcom.py
[2022-09-25T14:52:04.041+0000] {processor.py:640} INFO - Processing file /home/airflow/.local/lib/python3.7/site-packages/airflow/example_dags/example_xcom.py for tasks to queue
[2022-09-25T14:52:04.043+0000] {logging_mixin.py:115} INFO - [2022-09-25T14:52:04.043+0000] {dagbag.py:508} INFO - Filling up the DagBag from /home/airflow/.local/lib/python3.7/site-packages/airflow/example_dags/example_xcom.py
[2022-09-25T14:52:04.071+0000] {processor.py:650} INFO - DAG(s) dict_keys(['example_xcom']) retrieved from /home/airflow/.local/lib/python3.7/site-packages/airflow/example_dags/example_xcom.py
[2022-09-25T14:52:04.172+0000] {logging_mixin.py:115} INFO - [2022-09-25T14:52:04.172+0000] {dag.py:2429} INFO - Sync 1 DAGs
[2022-09-25T14:52:04.372+0000] {logging_mixin.py:115} INFO - [2022-09-25T14:52:04.372+0000] {dag.py:2981} INFO - Setting next_dagrun for example_xcom to 2021-01-01T00:00:00+00:00, run_after=2021-01-01T00:00:00+00:00
[2022-09-25T14:52:04.395+0000] {processor.py:161} INFO - Processing /home/airflow/.local/lib/python3.7/site-packages/airflow/example_dags/example_xcom.py took 0.366 seconds
