[2022-09-25T14:22:21.746+0000] {processor.py:153} INFO - Started process (PID=334) to work on /home/airflow/.local/lib/python3.7/site-packages/airflow/example_dags/example_branch_labels.py
[2022-09-25T14:22:21.778+0000] {processor.py:640} INFO - Processing file /home/airflow/.local/lib/python3.7/site-packages/airflow/example_dags/example_branch_labels.py for tasks to queue
[2022-09-25T14:22:21.799+0000] {logging_mixin.py:115} INFO - [2022-09-25T14:22:21.798+0000] {dagbag.py:508} INFO - Filling up the DagBag from /home/airflow/.local/lib/python3.7/site-packages/airflow/example_dags/example_branch_labels.py
[2022-09-25T14:22:22.143+0000] {processor.py:650} INFO - DAG(s) dict_keys(['example_branch_labels']) retrieved from /home/airflow/.local/lib/python3.7/site-packages/airflow/example_dags/example_branch_labels.py
[2022-09-25T14:22:22.662+0000] {logging_mixin.py:115} INFO - [2022-09-25T14:22:22.661+0000] {dag.py:2429} INFO - Sync 1 DAGs
[2022-09-25T14:22:23.227+0000] {logging_mixin.py:115} INFO - [2022-09-25T14:22:23.196+0000] {dag.py:2981} INFO - Setting next_dagrun for example_branch_labels to 2022-09-24T00:00:00+00:00, run_after=2022-09-25T00:00:00+00:00
[2022-09-25T14:22:23.457+0000] {processor.py:161} INFO - Processing /home/airflow/.local/lib/python3.7/site-packages/airflow/example_dags/example_branch_labels.py took 1.857 seconds
[2022-09-25T14:22:54.366+0000] {processor.py:153} INFO - Started process (PID=533) to work on /home/airflow/.local/lib/python3.7/site-packages/airflow/example_dags/example_branch_labels.py
[2022-09-25T14:22:54.371+0000] {processor.py:640} INFO - Processing file /home/airflow/.local/lib/python3.7/site-packages/airflow/example_dags/example_branch_labels.py for tasks to queue
[2022-09-25T14:22:54.374+0000] {logging_mixin.py:115} INFO - [2022-09-25T14:22:54.373+0000] {dagbag.py:508} INFO - Filling up the DagBag from /home/airflow/.local/lib/python3.7/site-packages/airflow/example_dags/example_branch_labels.py
[2022-09-25T14:22:54.398+0000] {processor.py:650} INFO - DAG(s) dict_keys(['example_branch_labels']) retrieved from /home/airflow/.local/lib/python3.7/site-packages/airflow/example_dags/example_branch_labels.py
[2022-09-25T14:22:54.463+0000] {logging_mixin.py:115} INFO - [2022-09-25T14:22:54.463+0000] {dag.py:2429} INFO - Sync 1 DAGs
[2022-09-25T14:22:54.523+0000] {logging_mixin.py:115} INFO - [2022-09-25T14:22:54.523+0000] {dag.py:2981} INFO - Setting next_dagrun for example_branch_labels to 2022-09-24T00:00:00+00:00, run_after=2022-09-25T00:00:00+00:00
[2022-09-25T14:22:54.551+0000] {processor.py:161} INFO - Processing /home/airflow/.local/lib/python3.7/site-packages/airflow/example_dags/example_branch_labels.py took 0.192 seconds
[2022-09-25T14:23:24.765+0000] {processor.py:153} INFO - Started process (PID=748) to work on /home/airflow/.local/lib/python3.7/site-packages/airflow/example_dags/example_branch_labels.py
[2022-09-25T14:23:24.769+0000] {processor.py:640} INFO - Processing file /home/airflow/.local/lib/python3.7/site-packages/airflow/example_dags/example_branch_labels.py for tasks to queue
[2022-09-25T14:23:24.771+0000] {logging_mixin.py:115} INFO - [2022-09-25T14:23:24.771+0000] {dagbag.py:508} INFO - Filling up the DagBag from /home/airflow/.local/lib/python3.7/site-packages/airflow/example_dags/example_branch_labels.py
[2022-09-25T14:23:24.792+0000] {processor.py:650} INFO - DAG(s) dict_keys(['example_branch_labels']) retrieved from /home/airflow/.local/lib/python3.7/site-packages/airflow/example_dags/example_branch_labels.py
[2022-09-25T14:23:24.845+0000] {logging_mixin.py:115} INFO - [2022-09-25T14:23:24.844+0000] {dag.py:2429} INFO - Sync 1 DAGs
[2022-09-25T14:23:24.887+0000] {logging_mixin.py:115} INFO - [2022-09-25T14:23:24.886+0000] {dag.py:2981} INFO - Setting next_dagrun for example_branch_labels to 2022-09-24T00:00:00+00:00, run_after=2022-09-25T00:00:00+00:00
[2022-09-25T14:23:24.908+0000] {processor.py:161} INFO - Processing /home/airflow/.local/lib/python3.7/site-packages/airflow/example_dags/example_branch_labels.py took 0.151 seconds
[2022-09-25T14:23:55.061+0000] {processor.py:153} INFO - Started process (PID=953) to work on /home/airflow/.local/lib/python3.7/site-packages/airflow/example_dags/example_branch_labels.py
[2022-09-25T14:23:55.064+0000] {processor.py:640} INFO - Processing file /home/airflow/.local/lib/python3.7/site-packages/airflow/example_dags/example_branch_labels.py for tasks to queue
[2022-09-25T14:23:55.066+0000] {logging_mixin.py:115} INFO - [2022-09-25T14:23:55.066+0000] {dagbag.py:508} INFO - Filling up the DagBag from /home/airflow/.local/lib/python3.7/site-packages/airflow/example_dags/example_branch_labels.py
[2022-09-25T14:23:55.085+0000] {processor.py:650} INFO - DAG(s) dict_keys(['example_branch_labels']) retrieved from /home/airflow/.local/lib/python3.7/site-packages/airflow/example_dags/example_branch_labels.py
[2022-09-25T14:23:55.136+0000] {logging_mixin.py:115} INFO - [2022-09-25T14:23:55.135+0000] {dag.py:2429} INFO - Sync 1 DAGs
[2022-09-25T14:23:55.181+0000] {logging_mixin.py:115} INFO - [2022-09-25T14:23:55.181+0000] {dag.py:2981} INFO - Setting next_dagrun for example_branch_labels to 2022-09-24T00:00:00+00:00, run_after=2022-09-25T00:00:00+00:00
[2022-09-25T14:23:55.206+0000] {processor.py:161} INFO - Processing /home/airflow/.local/lib/python3.7/site-packages/airflow/example_dags/example_branch_labels.py took 0.156 seconds
[2022-09-25T14:24:25.405+0000] {processor.py:153} INFO - Started process (PID=1168) to work on /home/airflow/.local/lib/python3.7/site-packages/airflow/example_dags/example_branch_labels.py
[2022-09-25T14:24:25.413+0000] {processor.py:640} INFO - Processing file /home/airflow/.local/lib/python3.7/site-packages/airflow/example_dags/example_branch_labels.py for tasks to queue
[2022-09-25T14:24:25.415+0000] {logging_mixin.py:115} INFO - [2022-09-25T14:24:25.414+0000] {dagbag.py:508} INFO - Filling up the DagBag from /home/airflow/.local/lib/python3.7/site-packages/airflow/example_dags/example_branch_labels.py
[2022-09-25T14:24:25.427+0000] {processor.py:650} INFO - DAG(s) dict_keys(['example_branch_labels']) retrieved from /home/airflow/.local/lib/python3.7/site-packages/airflow/example_dags/example_branch_labels.py
[2022-09-25T14:24:25.478+0000] {logging_mixin.py:115} INFO - [2022-09-25T14:24:25.477+0000] {dag.py:2429} INFO - Sync 1 DAGs
[2022-09-25T14:24:25.517+0000] {logging_mixin.py:115} INFO - [2022-09-25T14:24:25.517+0000] {dag.py:2981} INFO - Setting next_dagrun for example_branch_labels to 2022-09-24T00:00:00+00:00, run_after=2022-09-25T00:00:00+00:00
[2022-09-25T14:24:25.537+0000] {processor.py:161} INFO - Processing /home/airflow/.local/lib/python3.7/site-packages/airflow/example_dags/example_branch_labels.py took 0.138 seconds
[2022-09-25T14:24:56.482+0000] {processor.py:153} INFO - Started process (PID=1373) to work on /home/airflow/.local/lib/python3.7/site-packages/airflow/example_dags/example_branch_labels.py
[2022-09-25T14:24:56.490+0000] {processor.py:640} INFO - Processing file /home/airflow/.local/lib/python3.7/site-packages/airflow/example_dags/example_branch_labels.py for tasks to queue
[2022-09-25T14:24:56.493+0000] {logging_mixin.py:115} INFO - [2022-09-25T14:24:56.492+0000] {dagbag.py:508} INFO - Filling up the DagBag from /home/airflow/.local/lib/python3.7/site-packages/airflow/example_dags/example_branch_labels.py
[2022-09-25T14:24:56.505+0000] {processor.py:650} INFO - DAG(s) dict_keys(['example_branch_labels']) retrieved from /home/airflow/.local/lib/python3.7/site-packages/airflow/example_dags/example_branch_labels.py
[2022-09-25T14:24:56.558+0000] {logging_mixin.py:115} INFO - [2022-09-25T14:24:56.558+0000] {dag.py:2429} INFO - Sync 1 DAGs
[2022-09-25T14:24:56.596+0000] {logging_mixin.py:115} INFO - [2022-09-25T14:24:56.596+0000] {dag.py:2981} INFO - Setting next_dagrun for example_branch_labels to 2022-09-24T00:00:00+00:00, run_after=2022-09-25T00:00:00+00:00
[2022-09-25T14:24:56.623+0000] {processor.py:161} INFO - Processing /home/airflow/.local/lib/python3.7/site-packages/airflow/example_dags/example_branch_labels.py took 0.145 seconds
[2022-09-25T14:25:27.346+0000] {processor.py:153} INFO - Started process (PID=1587) to work on /home/airflow/.local/lib/python3.7/site-packages/airflow/example_dags/example_branch_labels.py
[2022-09-25T14:25:27.355+0000] {processor.py:640} INFO - Processing file /home/airflow/.local/lib/python3.7/site-packages/airflow/example_dags/example_branch_labels.py for tasks to queue
[2022-09-25T14:25:27.357+0000] {logging_mixin.py:115} INFO - [2022-09-25T14:25:27.357+0000] {dagbag.py:508} INFO - Filling up the DagBag from /home/airflow/.local/lib/python3.7/site-packages/airflow/example_dags/example_branch_labels.py
[2022-09-25T14:25:27.371+0000] {processor.py:650} INFO - DAG(s) dict_keys(['example_branch_labels']) retrieved from /home/airflow/.local/lib/python3.7/site-packages/airflow/example_dags/example_branch_labels.py
[2022-09-25T14:25:27.429+0000] {logging_mixin.py:115} INFO - [2022-09-25T14:25:27.428+0000] {dag.py:2429} INFO - Sync 1 DAGs
[2022-09-25T14:25:27.475+0000] {logging_mixin.py:115} INFO - [2022-09-25T14:25:27.474+0000] {dag.py:2981} INFO - Setting next_dagrun for example_branch_labels to 2022-09-24T00:00:00+00:00, run_after=2022-09-25T00:00:00+00:00
[2022-09-25T14:25:27.500+0000] {processor.py:161} INFO - Processing /home/airflow/.local/lib/python3.7/site-packages/airflow/example_dags/example_branch_labels.py took 0.161 seconds
[2022-09-25T14:25:58.227+0000] {processor.py:153} INFO - Started process (PID=1793) to work on /home/airflow/.local/lib/python3.7/site-packages/airflow/example_dags/example_branch_labels.py
[2022-09-25T14:25:58.238+0000] {processor.py:640} INFO - Processing file /home/airflow/.local/lib/python3.7/site-packages/airflow/example_dags/example_branch_labels.py for tasks to queue
[2022-09-25T14:25:58.250+0000] {logging_mixin.py:115} INFO - [2022-09-25T14:25:58.249+0000] {dagbag.py:508} INFO - Filling up the DagBag from /home/airflow/.local/lib/python3.7/site-packages/airflow/example_dags/example_branch_labels.py
[2022-09-25T14:25:58.446+0000] {processor.py:650} INFO - DAG(s) dict_keys(['example_branch_labels']) retrieved from /home/airflow/.local/lib/python3.7/site-packages/airflow/example_dags/example_branch_labels.py
[2022-09-25T14:25:58.552+0000] {logging_mixin.py:115} INFO - [2022-09-25T14:25:58.551+0000] {dag.py:2429} INFO - Sync 1 DAGs
[2022-09-25T14:25:58.745+0000] {logging_mixin.py:115} INFO - [2022-09-25T14:25:58.744+0000] {dag.py:2981} INFO - Setting next_dagrun for example_branch_labels to 2022-09-24T00:00:00+00:00, run_after=2022-09-25T00:00:00+00:00
[2022-09-25T14:25:59.140+0000] {processor.py:161} INFO - Processing /home/airflow/.local/lib/python3.7/site-packages/airflow/example_dags/example_branch_labels.py took 0.994 seconds
[2022-09-25T14:26:29.664+0000] {processor.py:153} INFO - Started process (PID=2007) to work on /home/airflow/.local/lib/python3.7/site-packages/airflow/example_dags/example_branch_labels.py
[2022-09-25T14:26:29.666+0000] {processor.py:640} INFO - Processing file /home/airflow/.local/lib/python3.7/site-packages/airflow/example_dags/example_branch_labels.py for tasks to queue
[2022-09-25T14:26:29.668+0000] {logging_mixin.py:115} INFO - [2022-09-25T14:26:29.668+0000] {dagbag.py:508} INFO - Filling up the DagBag from /home/airflow/.local/lib/python3.7/site-packages/airflow/example_dags/example_branch_labels.py
[2022-09-25T14:26:29.681+0000] {processor.py:650} INFO - DAG(s) dict_keys(['example_branch_labels']) retrieved from /home/airflow/.local/lib/python3.7/site-packages/airflow/example_dags/example_branch_labels.py
[2022-09-25T14:26:29.734+0000] {logging_mixin.py:115} INFO - [2022-09-25T14:26:29.734+0000] {dag.py:2429} INFO - Sync 1 DAGs
[2022-09-25T14:26:29.773+0000] {logging_mixin.py:115} INFO - [2022-09-25T14:26:29.773+0000] {dag.py:2981} INFO - Setting next_dagrun for example_branch_labels to 2022-09-24T00:00:00+00:00, run_after=2022-09-25T00:00:00+00:00
[2022-09-25T14:26:29.793+0000] {processor.py:161} INFO - Processing /home/airflow/.local/lib/python3.7/site-packages/airflow/example_dags/example_branch_labels.py took 0.134 seconds
[2022-09-25T14:27:00.089+0000] {processor.py:153} INFO - Started process (PID=2213) to work on /home/airflow/.local/lib/python3.7/site-packages/airflow/example_dags/example_branch_labels.py
[2022-09-25T14:27:00.093+0000] {processor.py:640} INFO - Processing file /home/airflow/.local/lib/python3.7/site-packages/airflow/example_dags/example_branch_labels.py for tasks to queue
[2022-09-25T14:27:00.095+0000] {logging_mixin.py:115} INFO - [2022-09-25T14:27:00.095+0000] {dagbag.py:508} INFO - Filling up the DagBag from /home/airflow/.local/lib/python3.7/site-packages/airflow/example_dags/example_branch_labels.py
[2022-09-25T14:27:00.110+0000] {processor.py:650} INFO - DAG(s) dict_keys(['example_branch_labels']) retrieved from /home/airflow/.local/lib/python3.7/site-packages/airflow/example_dags/example_branch_labels.py
[2022-09-25T14:27:00.160+0000] {logging_mixin.py:115} INFO - [2022-09-25T14:27:00.160+0000] {dag.py:2429} INFO - Sync 1 DAGs
[2022-09-25T14:27:00.199+0000] {logging_mixin.py:115} INFO - [2022-09-25T14:27:00.199+0000] {dag.py:2981} INFO - Setting next_dagrun for example_branch_labels to 2022-09-24T00:00:00+00:00, run_after=2022-09-25T00:00:00+00:00
[2022-09-25T14:27:00.217+0000] {processor.py:161} INFO - Processing /home/airflow/.local/lib/python3.7/site-packages/airflow/example_dags/example_branch_labels.py took 0.136 seconds
[2022-09-25T14:27:31.260+0000] {processor.py:153} INFO - Started process (PID=2426) to work on /home/airflow/.local/lib/python3.7/site-packages/airflow/example_dags/example_branch_labels.py
[2022-09-25T14:27:31.262+0000] {processor.py:640} INFO - Processing file /home/airflow/.local/lib/python3.7/site-packages/airflow/example_dags/example_branch_labels.py for tasks to queue
[2022-09-25T14:27:31.264+0000] {logging_mixin.py:115} INFO - [2022-09-25T14:27:31.264+0000] {dagbag.py:508} INFO - Filling up the DagBag from /home/airflow/.local/lib/python3.7/site-packages/airflow/example_dags/example_branch_labels.py
[2022-09-25T14:27:31.277+0000] {processor.py:650} INFO - DAG(s) dict_keys(['example_branch_labels']) retrieved from /home/airflow/.local/lib/python3.7/site-packages/airflow/example_dags/example_branch_labels.py
[2022-09-25T14:27:31.329+0000] {logging_mixin.py:115} INFO - [2022-09-25T14:27:31.328+0000] {dag.py:2429} INFO - Sync 1 DAGs
[2022-09-25T14:27:31.373+0000] {logging_mixin.py:115} INFO - [2022-09-25T14:27:31.372+0000] {dag.py:2981} INFO - Setting next_dagrun for example_branch_labels to 2022-09-24T00:00:00+00:00, run_after=2022-09-25T00:00:00+00:00
[2022-09-25T14:27:31.394+0000] {processor.py:161} INFO - Processing /home/airflow/.local/lib/python3.7/site-packages/airflow/example_dags/example_branch_labels.py took 0.141 seconds
[2022-09-25T14:28:01.743+0000] {processor.py:153} INFO - Started process (PID=2630) to work on /home/airflow/.local/lib/python3.7/site-packages/airflow/example_dags/example_branch_labels.py
[2022-09-25T14:28:01.746+0000] {processor.py:640} INFO - Processing file /home/airflow/.local/lib/python3.7/site-packages/airflow/example_dags/example_branch_labels.py for tasks to queue
[2022-09-25T14:28:01.749+0000] {logging_mixin.py:115} INFO - [2022-09-25T14:28:01.749+0000] {dagbag.py:508} INFO - Filling up the DagBag from /home/airflow/.local/lib/python3.7/site-packages/airflow/example_dags/example_branch_labels.py
[2022-09-25T14:28:01.763+0000] {processor.py:650} INFO - DAG(s) dict_keys(['example_branch_labels']) retrieved from /home/airflow/.local/lib/python3.7/site-packages/airflow/example_dags/example_branch_labels.py
[2022-09-25T14:28:01.812+0000] {logging_mixin.py:115} INFO - [2022-09-25T14:28:01.812+0000] {dag.py:2429} INFO - Sync 1 DAGs
[2022-09-25T14:28:01.859+0000] {logging_mixin.py:115} INFO - [2022-09-25T14:28:01.858+0000] {dag.py:2981} INFO - Setting next_dagrun for example_branch_labels to 2022-09-24T00:00:00+00:00, run_after=2022-09-25T00:00:00+00:00
[2022-09-25T14:28:01.887+0000] {processor.py:161} INFO - Processing /home/airflow/.local/lib/python3.7/site-packages/airflow/example_dags/example_branch_labels.py took 0.150 seconds
[2022-09-25T14:28:32.853+0000] {processor.py:153} INFO - Started process (PID=2844) to work on /home/airflow/.local/lib/python3.7/site-packages/airflow/example_dags/example_branch_labels.py
[2022-09-25T14:28:32.861+0000] {processor.py:640} INFO - Processing file /home/airflow/.local/lib/python3.7/site-packages/airflow/example_dags/example_branch_labels.py for tasks to queue
[2022-09-25T14:28:32.862+0000] {logging_mixin.py:115} INFO - [2022-09-25T14:28:32.862+0000] {dagbag.py:508} INFO - Filling up the DagBag from /home/airflow/.local/lib/python3.7/site-packages/airflow/example_dags/example_branch_labels.py
[2022-09-25T14:28:32.879+0000] {processor.py:650} INFO - DAG(s) dict_keys(['example_branch_labels']) retrieved from /home/airflow/.local/lib/python3.7/site-packages/airflow/example_dags/example_branch_labels.py
[2022-09-25T14:28:32.923+0000] {logging_mixin.py:115} INFO - [2022-09-25T14:28:32.923+0000] {dag.py:2429} INFO - Sync 1 DAGs
[2022-09-25T14:28:32.961+0000] {logging_mixin.py:115} INFO - [2022-09-25T14:28:32.960+0000] {dag.py:2981} INFO - Setting next_dagrun for example_branch_labels to 2022-09-24T00:00:00+00:00, run_after=2022-09-25T00:00:00+00:00
[2022-09-25T14:28:32.979+0000] {processor.py:161} INFO - Processing /home/airflow/.local/lib/python3.7/site-packages/airflow/example_dags/example_branch_labels.py took 0.130 seconds
[2022-09-25T14:29:03.092+0000] {processor.py:153} INFO - Started process (PID=3049) to work on /home/airflow/.local/lib/python3.7/site-packages/airflow/example_dags/example_branch_labels.py
[2022-09-25T14:29:03.094+0000] {processor.py:640} INFO - Processing file /home/airflow/.local/lib/python3.7/site-packages/airflow/example_dags/example_branch_labels.py for tasks to queue
[2022-09-25T14:29:03.096+0000] {logging_mixin.py:115} INFO - [2022-09-25T14:29:03.096+0000] {dagbag.py:508} INFO - Filling up the DagBag from /home/airflow/.local/lib/python3.7/site-packages/airflow/example_dags/example_branch_labels.py
[2022-09-25T14:29:03.108+0000] {processor.py:650} INFO - DAG(s) dict_keys(['example_branch_labels']) retrieved from /home/airflow/.local/lib/python3.7/site-packages/airflow/example_dags/example_branch_labels.py
[2022-09-25T14:29:03.159+0000] {logging_mixin.py:115} INFO - [2022-09-25T14:29:03.159+0000] {dag.py:2429} INFO - Sync 1 DAGs
[2022-09-25T14:29:03.198+0000] {logging_mixin.py:115} INFO - [2022-09-25T14:29:03.197+0000] {dag.py:2981} INFO - Setting next_dagrun for example_branch_labels to 2022-09-24T00:00:00+00:00, run_after=2022-09-25T00:00:00+00:00
[2022-09-25T14:29:03.223+0000] {processor.py:161} INFO - Processing /home/airflow/.local/lib/python3.7/site-packages/airflow/example_dags/example_branch_labels.py took 0.141 seconds
[2022-09-25T14:29:33.639+0000] {processor.py:153} INFO - Started process (PID=3263) to work on /home/airflow/.local/lib/python3.7/site-packages/airflow/example_dags/example_branch_labels.py
[2022-09-25T14:29:33.643+0000] {processor.py:640} INFO - Processing file /home/airflow/.local/lib/python3.7/site-packages/airflow/example_dags/example_branch_labels.py for tasks to queue
[2022-09-25T14:29:33.647+0000] {logging_mixin.py:115} INFO - [2022-09-25T14:29:33.646+0000] {dagbag.py:508} INFO - Filling up the DagBag from /home/airflow/.local/lib/python3.7/site-packages/airflow/example_dags/example_branch_labels.py
[2022-09-25T14:29:33.665+0000] {processor.py:650} INFO - DAG(s) dict_keys(['example_branch_labels']) retrieved from /home/airflow/.local/lib/python3.7/site-packages/airflow/example_dags/example_branch_labels.py
[2022-09-25T14:29:33.726+0000] {logging_mixin.py:115} INFO - [2022-09-25T14:29:33.725+0000] {dag.py:2429} INFO - Sync 1 DAGs
[2022-09-25T14:29:33.785+0000] {logging_mixin.py:115} INFO - [2022-09-25T14:29:33.785+0000] {dag.py:2981} INFO - Setting next_dagrun for example_branch_labels to 2022-09-24T00:00:00+00:00, run_after=2022-09-25T00:00:00+00:00
[2022-09-25T14:29:33.811+0000] {processor.py:161} INFO - Processing /home/airflow/.local/lib/python3.7/site-packages/airflow/example_dags/example_branch_labels.py took 0.187 seconds
[2022-09-25T14:30:03.974+0000] {processor.py:153} INFO - Started process (PID=3472) to work on /home/airflow/.local/lib/python3.7/site-packages/airflow/example_dags/example_branch_labels.py
[2022-09-25T14:30:03.983+0000] {processor.py:640} INFO - Processing file /home/airflow/.local/lib/python3.7/site-packages/airflow/example_dags/example_branch_labels.py for tasks to queue
[2022-09-25T14:30:03.985+0000] {logging_mixin.py:115} INFO - [2022-09-25T14:30:03.984+0000] {dagbag.py:508} INFO - Filling up the DagBag from /home/airflow/.local/lib/python3.7/site-packages/airflow/example_dags/example_branch_labels.py
[2022-09-25T14:30:03.997+0000] {processor.py:650} INFO - DAG(s) dict_keys(['example_branch_labels']) retrieved from /home/airflow/.local/lib/python3.7/site-packages/airflow/example_dags/example_branch_labels.py
[2022-09-25T14:30:04.053+0000] {logging_mixin.py:115} INFO - [2022-09-25T14:30:04.053+0000] {dag.py:2429} INFO - Sync 1 DAGs
[2022-09-25T14:30:04.090+0000] {logging_mixin.py:115} INFO - [2022-09-25T14:30:04.089+0000] {dag.py:2981} INFO - Setting next_dagrun for example_branch_labels to 2022-09-24T00:00:00+00:00, run_after=2022-09-25T00:00:00+00:00
[2022-09-25T14:30:04.108+0000] {processor.py:161} INFO - Processing /home/airflow/.local/lib/python3.7/site-packages/airflow/example_dags/example_branch_labels.py took 0.140 seconds
[2022-09-25T14:30:34.597+0000] {processor.py:153} INFO - Started process (PID=3683) to work on /home/airflow/.local/lib/python3.7/site-packages/airflow/example_dags/example_branch_labels.py
[2022-09-25T14:30:34.600+0000] {processor.py:640} INFO - Processing file /home/airflow/.local/lib/python3.7/site-packages/airflow/example_dags/example_branch_labels.py for tasks to queue
[2022-09-25T14:30:34.602+0000] {logging_mixin.py:115} INFO - [2022-09-25T14:30:34.602+0000] {dagbag.py:508} INFO - Filling up the DagBag from /home/airflow/.local/lib/python3.7/site-packages/airflow/example_dags/example_branch_labels.py
[2022-09-25T14:30:34.615+0000] {processor.py:650} INFO - DAG(s) dict_keys(['example_branch_labels']) retrieved from /home/airflow/.local/lib/python3.7/site-packages/airflow/example_dags/example_branch_labels.py
[2022-09-25T14:30:34.663+0000] {logging_mixin.py:115} INFO - [2022-09-25T14:30:34.662+0000] {dag.py:2429} INFO - Sync 1 DAGs
[2022-09-25T14:30:34.699+0000] {logging_mixin.py:115} INFO - [2022-09-25T14:30:34.699+0000] {dag.py:2981} INFO - Setting next_dagrun for example_branch_labels to 2022-09-24T00:00:00+00:00, run_after=2022-09-25T00:00:00+00:00
[2022-09-25T14:30:34.723+0000] {processor.py:161} INFO - Processing /home/airflow/.local/lib/python3.7/site-packages/airflow/example_dags/example_branch_labels.py took 0.133 seconds
[2022-09-25T14:31:05.351+0000] {processor.py:153} INFO - Started process (PID=3888) to work on /home/airflow/.local/lib/python3.7/site-packages/airflow/example_dags/example_branch_labels.py
[2022-09-25T14:31:05.353+0000] {processor.py:640} INFO - Processing file /home/airflow/.local/lib/python3.7/site-packages/airflow/example_dags/example_branch_labels.py for tasks to queue
[2022-09-25T14:31:05.356+0000] {logging_mixin.py:115} INFO - [2022-09-25T14:31:05.355+0000] {dagbag.py:508} INFO - Filling up the DagBag from /home/airflow/.local/lib/python3.7/site-packages/airflow/example_dags/example_branch_labels.py
[2022-09-25T14:31:05.371+0000] {processor.py:650} INFO - DAG(s) dict_keys(['example_branch_labels']) retrieved from /home/airflow/.local/lib/python3.7/site-packages/airflow/example_dags/example_branch_labels.py
[2022-09-25T14:31:05.477+0000] {logging_mixin.py:115} INFO - [2022-09-25T14:31:05.476+0000] {dag.py:2429} INFO - Sync 1 DAGs
[2022-09-25T14:31:05.707+0000] {logging_mixin.py:115} INFO - [2022-09-25T14:31:05.706+0000] {dag.py:2981} INFO - Setting next_dagrun for example_branch_labels to 2022-09-24T00:00:00+00:00, run_after=2022-09-25T00:00:00+00:00
[2022-09-25T14:31:05.834+0000] {processor.py:161} INFO - Processing /home/airflow/.local/lib/python3.7/site-packages/airflow/example_dags/example_branch_labels.py took 0.493 seconds
[2022-09-25T14:31:36.504+0000] {processor.py:153} INFO - Started process (PID=4102) to work on /home/airflow/.local/lib/python3.7/site-packages/airflow/example_dags/example_branch_labels.py
[2022-09-25T14:31:36.509+0000] {processor.py:640} INFO - Processing file /home/airflow/.local/lib/python3.7/site-packages/airflow/example_dags/example_branch_labels.py for tasks to queue
[2022-09-25T14:31:36.511+0000] {logging_mixin.py:115} INFO - [2022-09-25T14:31:36.511+0000] {dagbag.py:508} INFO - Filling up the DagBag from /home/airflow/.local/lib/python3.7/site-packages/airflow/example_dags/example_branch_labels.py
[2022-09-25T14:31:36.530+0000] {processor.py:650} INFO - DAG(s) dict_keys(['example_branch_labels']) retrieved from /home/airflow/.local/lib/python3.7/site-packages/airflow/example_dags/example_branch_labels.py
[2022-09-25T14:31:36.622+0000] {logging_mixin.py:115} INFO - [2022-09-25T14:31:36.621+0000] {dag.py:2429} INFO - Sync 1 DAGs
[2022-09-25T14:31:36.708+0000] {logging_mixin.py:115} INFO - [2022-09-25T14:31:36.707+0000] {dag.py:2981} INFO - Setting next_dagrun for example_branch_labels to 2022-09-24T00:00:00+00:00, run_after=2022-09-25T00:00:00+00:00
[2022-09-25T14:31:36.739+0000] {processor.py:161} INFO - Processing /home/airflow/.local/lib/python3.7/site-packages/airflow/example_dags/example_branch_labels.py took 0.243 seconds
[2022-09-25T14:32:07.218+0000] {processor.py:153} INFO - Started process (PID=4305) to work on /home/airflow/.local/lib/python3.7/site-packages/airflow/example_dags/example_branch_labels.py
[2022-09-25T14:32:07.232+0000] {processor.py:640} INFO - Processing file /home/airflow/.local/lib/python3.7/site-packages/airflow/example_dags/example_branch_labels.py for tasks to queue
[2022-09-25T14:32:07.242+0000] {logging_mixin.py:115} INFO - [2022-09-25T14:32:07.242+0000] {dagbag.py:508} INFO - Filling up the DagBag from /home/airflow/.local/lib/python3.7/site-packages/airflow/example_dags/example_branch_labels.py
[2022-09-25T14:32:07.330+0000] {processor.py:650} INFO - DAG(s) dict_keys(['example_branch_labels']) retrieved from /home/airflow/.local/lib/python3.7/site-packages/airflow/example_dags/example_branch_labels.py
[2022-09-25T14:32:07.390+0000] {logging_mixin.py:115} INFO - [2022-09-25T14:32:07.390+0000] {dag.py:2429} INFO - Sync 1 DAGs
[2022-09-25T14:32:07.455+0000] {logging_mixin.py:115} INFO - [2022-09-25T14:32:07.454+0000] {dag.py:2981} INFO - Setting next_dagrun for example_branch_labels to 2022-09-24T00:00:00+00:00, run_after=2022-09-25T00:00:00+00:00
[2022-09-25T14:32:07.484+0000] {processor.py:161} INFO - Processing /home/airflow/.local/lib/python3.7/site-packages/airflow/example_dags/example_branch_labels.py took 0.277 seconds
[2022-09-25T14:32:38.331+0000] {processor.py:153} INFO - Started process (PID=4510) to work on /home/airflow/.local/lib/python3.7/site-packages/airflow/example_dags/example_branch_labels.py
[2022-09-25T14:32:38.333+0000] {processor.py:640} INFO - Processing file /home/airflow/.local/lib/python3.7/site-packages/airflow/example_dags/example_branch_labels.py for tasks to queue
[2022-09-25T14:32:38.335+0000] {logging_mixin.py:115} INFO - [2022-09-25T14:32:38.335+0000] {dagbag.py:508} INFO - Filling up the DagBag from /home/airflow/.local/lib/python3.7/site-packages/airflow/example_dags/example_branch_labels.py
[2022-09-25T14:32:38.358+0000] {processor.py:650} INFO - DAG(s) dict_keys(['example_branch_labels']) retrieved from /home/airflow/.local/lib/python3.7/site-packages/airflow/example_dags/example_branch_labels.py
[2022-09-25T14:32:38.408+0000] {logging_mixin.py:115} INFO - [2022-09-25T14:32:38.408+0000] {dag.py:2429} INFO - Sync 1 DAGs
[2022-09-25T14:32:38.453+0000] {logging_mixin.py:115} INFO - [2022-09-25T14:32:38.453+0000] {dag.py:2981} INFO - Setting next_dagrun for example_branch_labels to 2022-09-24T00:00:00+00:00, run_after=2022-09-25T00:00:00+00:00
[2022-09-25T14:32:38.476+0000] {processor.py:161} INFO - Processing /home/airflow/.local/lib/python3.7/site-packages/airflow/example_dags/example_branch_labels.py took 0.153 seconds
[2022-09-25T14:33:09.301+0000] {processor.py:153} INFO - Started process (PID=4726) to work on /home/airflow/.local/lib/python3.7/site-packages/airflow/example_dags/example_branch_labels.py
[2022-09-25T14:33:09.304+0000] {processor.py:640} INFO - Processing file /home/airflow/.local/lib/python3.7/site-packages/airflow/example_dags/example_branch_labels.py for tasks to queue
[2022-09-25T14:33:09.306+0000] {logging_mixin.py:115} INFO - [2022-09-25T14:33:09.306+0000] {dagbag.py:508} INFO - Filling up the DagBag from /home/airflow/.local/lib/python3.7/site-packages/airflow/example_dags/example_branch_labels.py
[2022-09-25T14:33:09.325+0000] {processor.py:650} INFO - DAG(s) dict_keys(['example_branch_labels']) retrieved from /home/airflow/.local/lib/python3.7/site-packages/airflow/example_dags/example_branch_labels.py
[2022-09-25T14:33:09.379+0000] {logging_mixin.py:115} INFO - [2022-09-25T14:33:09.378+0000] {dag.py:2429} INFO - Sync 1 DAGs
[2022-09-25T14:33:09.417+0000] {logging_mixin.py:115} INFO - [2022-09-25T14:33:09.416+0000] {dag.py:2981} INFO - Setting next_dagrun for example_branch_labels to 2022-09-24T00:00:00+00:00, run_after=2022-09-25T00:00:00+00:00
[2022-09-25T14:33:09.436+0000] {processor.py:161} INFO - Processing /home/airflow/.local/lib/python3.7/site-packages/airflow/example_dags/example_branch_labels.py took 0.142 seconds
[2022-09-25T14:33:40.784+0000] {processor.py:153} INFO - Started process (PID=4932) to work on /home/airflow/.local/lib/python3.7/site-packages/airflow/example_dags/example_branch_labels.py
[2022-09-25T14:33:40.786+0000] {processor.py:640} INFO - Processing file /home/airflow/.local/lib/python3.7/site-packages/airflow/example_dags/example_branch_labels.py for tasks to queue
[2022-09-25T14:33:40.788+0000] {logging_mixin.py:115} INFO - [2022-09-25T14:33:40.788+0000] {dagbag.py:508} INFO - Filling up the DagBag from /home/airflow/.local/lib/python3.7/site-packages/airflow/example_dags/example_branch_labels.py
[2022-09-25T14:33:40.809+0000] {processor.py:650} INFO - DAG(s) dict_keys(['example_branch_labels']) retrieved from /home/airflow/.local/lib/python3.7/site-packages/airflow/example_dags/example_branch_labels.py
[2022-09-25T14:33:40.858+0000] {logging_mixin.py:115} INFO - [2022-09-25T14:33:40.858+0000] {dag.py:2429} INFO - Sync 1 DAGs
[2022-09-25T14:33:40.904+0000] {logging_mixin.py:115} INFO - [2022-09-25T14:33:40.903+0000] {dag.py:2981} INFO - Setting next_dagrun for example_branch_labels to 2022-09-24T00:00:00+00:00, run_after=2022-09-25T00:00:00+00:00
[2022-09-25T14:33:40.930+0000] {processor.py:161} INFO - Processing /home/airflow/.local/lib/python3.7/site-packages/airflow/example_dags/example_branch_labels.py took 0.152 seconds
[2022-09-25T14:34:11.311+0000] {processor.py:153} INFO - Started process (PID=5146) to work on /home/airflow/.local/lib/python3.7/site-packages/airflow/example_dags/example_branch_labels.py
[2022-09-25T14:34:11.315+0000] {processor.py:640} INFO - Processing file /home/airflow/.local/lib/python3.7/site-packages/airflow/example_dags/example_branch_labels.py for tasks to queue
[2022-09-25T14:34:11.317+0000] {logging_mixin.py:115} INFO - [2022-09-25T14:34:11.317+0000] {dagbag.py:508} INFO - Filling up the DagBag from /home/airflow/.local/lib/python3.7/site-packages/airflow/example_dags/example_branch_labels.py
[2022-09-25T14:34:11.335+0000] {processor.py:650} INFO - DAG(s) dict_keys(['example_branch_labels']) retrieved from /home/airflow/.local/lib/python3.7/site-packages/airflow/example_dags/example_branch_labels.py
[2022-09-25T14:34:11.387+0000] {logging_mixin.py:115} INFO - [2022-09-25T14:34:11.386+0000] {dag.py:2429} INFO - Sync 1 DAGs
[2022-09-25T14:34:11.443+0000] {logging_mixin.py:115} INFO - [2022-09-25T14:34:11.442+0000] {dag.py:2981} INFO - Setting next_dagrun for example_branch_labels to 2022-09-24T00:00:00+00:00, run_after=2022-09-25T00:00:00+00:00
[2022-09-25T14:34:11.471+0000] {processor.py:161} INFO - Processing /home/airflow/.local/lib/python3.7/site-packages/airflow/example_dags/example_branch_labels.py took 0.167 seconds
[2022-09-25T14:34:42.693+0000] {processor.py:153} INFO - Started process (PID=5352) to work on /home/airflow/.local/lib/python3.7/site-packages/airflow/example_dags/example_branch_labels.py
[2022-09-25T14:34:42.696+0000] {processor.py:640} INFO - Processing file /home/airflow/.local/lib/python3.7/site-packages/airflow/example_dags/example_branch_labels.py for tasks to queue
[2022-09-25T14:34:42.700+0000] {logging_mixin.py:115} INFO - [2022-09-25T14:34:42.700+0000] {dagbag.py:508} INFO - Filling up the DagBag from /home/airflow/.local/lib/python3.7/site-packages/airflow/example_dags/example_branch_labels.py
[2022-09-25T14:34:42.734+0000] {processor.py:650} INFO - DAG(s) dict_keys(['example_branch_labels']) retrieved from /home/airflow/.local/lib/python3.7/site-packages/airflow/example_dags/example_branch_labels.py
[2022-09-25T14:34:42.806+0000] {logging_mixin.py:115} INFO - [2022-09-25T14:34:42.805+0000] {dag.py:2429} INFO - Sync 1 DAGs
[2022-09-25T14:34:42.893+0000] {logging_mixin.py:115} INFO - [2022-09-25T14:34:42.892+0000] {dag.py:2981} INFO - Setting next_dagrun for example_branch_labels to 2022-09-24T00:00:00+00:00, run_after=2022-09-25T00:00:00+00:00
[2022-09-25T14:34:42.928+0000] {processor.py:161} INFO - Processing /home/airflow/.local/lib/python3.7/site-packages/airflow/example_dags/example_branch_labels.py took 0.240 seconds
[2022-09-25T14:35:13.672+0000] {processor.py:153} INFO - Started process (PID=5567) to work on /home/airflow/.local/lib/python3.7/site-packages/airflow/example_dags/example_branch_labels.py
[2022-09-25T14:35:13.674+0000] {processor.py:640} INFO - Processing file /home/airflow/.local/lib/python3.7/site-packages/airflow/example_dags/example_branch_labels.py for tasks to queue
[2022-09-25T14:35:13.675+0000] {logging_mixin.py:115} INFO - [2022-09-25T14:35:13.675+0000] {dagbag.py:508} INFO - Filling up the DagBag from /home/airflow/.local/lib/python3.7/site-packages/airflow/example_dags/example_branch_labels.py
[2022-09-25T14:35:13.694+0000] {processor.py:650} INFO - DAG(s) dict_keys(['example_branch_labels']) retrieved from /home/airflow/.local/lib/python3.7/site-packages/airflow/example_dags/example_branch_labels.py
[2022-09-25T14:35:13.738+0000] {logging_mixin.py:115} INFO - [2022-09-25T14:35:13.738+0000] {dag.py:2429} INFO - Sync 1 DAGs
[2022-09-25T14:35:13.780+0000] {logging_mixin.py:115} INFO - [2022-09-25T14:35:13.780+0000] {dag.py:2981} INFO - Setting next_dagrun for example_branch_labels to 2022-09-24T00:00:00+00:00, run_after=2022-09-25T00:00:00+00:00
[2022-09-25T14:35:13.812+0000] {processor.py:161} INFO - Processing /home/airflow/.local/lib/python3.7/site-packages/airflow/example_dags/example_branch_labels.py took 0.146 seconds
[2022-09-25T14:35:44.034+0000] {processor.py:153} INFO - Started process (PID=5772) to work on /home/airflow/.local/lib/python3.7/site-packages/airflow/example_dags/example_branch_labels.py
[2022-09-25T14:35:44.037+0000] {processor.py:640} INFO - Processing file /home/airflow/.local/lib/python3.7/site-packages/airflow/example_dags/example_branch_labels.py for tasks to queue
[2022-09-25T14:35:44.039+0000] {logging_mixin.py:115} INFO - [2022-09-25T14:35:44.039+0000] {dagbag.py:508} INFO - Filling up the DagBag from /home/airflow/.local/lib/python3.7/site-packages/airflow/example_dags/example_branch_labels.py
[2022-09-25T14:35:44.055+0000] {processor.py:650} INFO - DAG(s) dict_keys(['example_branch_labels']) retrieved from /home/airflow/.local/lib/python3.7/site-packages/airflow/example_dags/example_branch_labels.py
[2022-09-25T14:35:44.100+0000] {logging_mixin.py:115} INFO - [2022-09-25T14:35:44.100+0000] {dag.py:2429} INFO - Sync 1 DAGs
[2022-09-25T14:35:44.142+0000] {logging_mixin.py:115} INFO - [2022-09-25T14:35:44.142+0000] {dag.py:2981} INFO - Setting next_dagrun for example_branch_labels to 2022-09-24T00:00:00+00:00, run_after=2022-09-25T00:00:00+00:00
[2022-09-25T14:35:44.163+0000] {processor.py:161} INFO - Processing /home/airflow/.local/lib/python3.7/site-packages/airflow/example_dags/example_branch_labels.py took 0.138 seconds
[2022-09-25T14:36:14.740+0000] {processor.py:153} INFO - Started process (PID=5987) to work on /home/airflow/.local/lib/python3.7/site-packages/airflow/example_dags/example_branch_labels.py
[2022-09-25T14:36:14.742+0000] {processor.py:640} INFO - Processing file /home/airflow/.local/lib/python3.7/site-packages/airflow/example_dags/example_branch_labels.py for tasks to queue
[2022-09-25T14:36:14.745+0000] {logging_mixin.py:115} INFO - [2022-09-25T14:36:14.745+0000] {dagbag.py:508} INFO - Filling up the DagBag from /home/airflow/.local/lib/python3.7/site-packages/airflow/example_dags/example_branch_labels.py
[2022-09-25T14:36:14.764+0000] {processor.py:650} INFO - DAG(s) dict_keys(['example_branch_labels']) retrieved from /home/airflow/.local/lib/python3.7/site-packages/airflow/example_dags/example_branch_labels.py
[2022-09-25T14:36:14.808+0000] {logging_mixin.py:115} INFO - [2022-09-25T14:36:14.808+0000] {dag.py:2429} INFO - Sync 1 DAGs
[2022-09-25T14:36:14.845+0000] {logging_mixin.py:115} INFO - [2022-09-25T14:36:14.845+0000] {dag.py:2981} INFO - Setting next_dagrun for example_branch_labels to 2022-09-24T00:00:00+00:00, run_after=2022-09-25T00:00:00+00:00
[2022-09-25T14:36:14.867+0000] {processor.py:161} INFO - Processing /home/airflow/.local/lib/python3.7/site-packages/airflow/example_dags/example_branch_labels.py took 0.135 seconds
[2022-09-25T14:36:46.403+0000] {processor.py:153} INFO - Started process (PID=6198) to work on /home/airflow/.local/lib/python3.7/site-packages/airflow/example_dags/example_branch_labels.py
[2022-09-25T14:36:46.405+0000] {processor.py:640} INFO - Processing file /home/airflow/.local/lib/python3.7/site-packages/airflow/example_dags/example_branch_labels.py for tasks to queue
[2022-09-25T14:36:46.408+0000] {logging_mixin.py:115} INFO - [2022-09-25T14:36:46.408+0000] {dagbag.py:508} INFO - Filling up the DagBag from /home/airflow/.local/lib/python3.7/site-packages/airflow/example_dags/example_branch_labels.py
[2022-09-25T14:36:46.422+0000] {processor.py:650} INFO - DAG(s) dict_keys(['example_branch_labels']) retrieved from /home/airflow/.local/lib/python3.7/site-packages/airflow/example_dags/example_branch_labels.py
[2022-09-25T14:36:46.487+0000] {logging_mixin.py:115} INFO - [2022-09-25T14:36:46.487+0000] {dag.py:2429} INFO - Sync 1 DAGs
[2022-09-25T14:36:46.532+0000] {logging_mixin.py:115} INFO - [2022-09-25T14:36:46.531+0000] {dag.py:2981} INFO - Setting next_dagrun for example_branch_labels to 2022-09-24T00:00:00+00:00, run_after=2022-09-25T00:00:00+00:00
[2022-09-25T14:36:46.552+0000] {processor.py:161} INFO - Processing /home/airflow/.local/lib/python3.7/site-packages/airflow/example_dags/example_branch_labels.py took 0.161 seconds
[2022-09-25T14:37:17.324+0000] {processor.py:153} INFO - Started process (PID=6406) to work on /home/airflow/.local/lib/python3.7/site-packages/airflow/example_dags/example_branch_labels.py
[2022-09-25T14:37:17.326+0000] {processor.py:640} INFO - Processing file /home/airflow/.local/lib/python3.7/site-packages/airflow/example_dags/example_branch_labels.py for tasks to queue
[2022-09-25T14:37:17.328+0000] {logging_mixin.py:115} INFO - [2022-09-25T14:37:17.328+0000] {dagbag.py:508} INFO - Filling up the DagBag from /home/airflow/.local/lib/python3.7/site-packages/airflow/example_dags/example_branch_labels.py
[2022-09-25T14:37:17.343+0000] {processor.py:650} INFO - DAG(s) dict_keys(['example_branch_labels']) retrieved from /home/airflow/.local/lib/python3.7/site-packages/airflow/example_dags/example_branch_labels.py
[2022-09-25T14:37:17.427+0000] {logging_mixin.py:115} INFO - [2022-09-25T14:37:17.427+0000] {dag.py:2429} INFO - Sync 1 DAGs
[2022-09-25T14:37:17.471+0000] {logging_mixin.py:115} INFO - [2022-09-25T14:37:17.471+0000] {dag.py:2981} INFO - Setting next_dagrun for example_branch_labels to 2022-09-24T00:00:00+00:00, run_after=2022-09-25T00:00:00+00:00
[2022-09-25T14:37:17.496+0000] {processor.py:161} INFO - Processing /home/airflow/.local/lib/python3.7/site-packages/airflow/example_dags/example_branch_labels.py took 0.180 seconds
[2022-09-25T14:37:48.136+0000] {processor.py:153} INFO - Started process (PID=6619) to work on /home/airflow/.local/lib/python3.7/site-packages/airflow/example_dags/example_branch_labels.py
[2022-09-25T14:37:48.139+0000] {processor.py:640} INFO - Processing file /home/airflow/.local/lib/python3.7/site-packages/airflow/example_dags/example_branch_labels.py for tasks to queue
[2022-09-25T14:37:48.141+0000] {logging_mixin.py:115} INFO - [2022-09-25T14:37:48.141+0000] {dagbag.py:508} INFO - Filling up the DagBag from /home/airflow/.local/lib/python3.7/site-packages/airflow/example_dags/example_branch_labels.py
[2022-09-25T14:37:48.156+0000] {processor.py:650} INFO - DAG(s) dict_keys(['example_branch_labels']) retrieved from /home/airflow/.local/lib/python3.7/site-packages/airflow/example_dags/example_branch_labels.py
[2022-09-25T14:37:48.206+0000] {logging_mixin.py:115} INFO - [2022-09-25T14:37:48.206+0000] {dag.py:2429} INFO - Sync 1 DAGs
[2022-09-25T14:37:48.248+0000] {logging_mixin.py:115} INFO - [2022-09-25T14:37:48.248+0000] {dag.py:2981} INFO - Setting next_dagrun for example_branch_labels to 2022-09-24T00:00:00+00:00, run_after=2022-09-25T00:00:00+00:00
[2022-09-25T14:37:48.272+0000] {processor.py:161} INFO - Processing /home/airflow/.local/lib/python3.7/site-packages/airflow/example_dags/example_branch_labels.py took 0.143 seconds
[2022-09-25T14:38:19.143+0000] {processor.py:153} INFO - Started process (PID=6823) to work on /home/airflow/.local/lib/python3.7/site-packages/airflow/example_dags/example_branch_labels.py
[2022-09-25T14:38:19.147+0000] {processor.py:640} INFO - Processing file /home/airflow/.local/lib/python3.7/site-packages/airflow/example_dags/example_branch_labels.py for tasks to queue
[2022-09-25T14:38:19.149+0000] {logging_mixin.py:115} INFO - [2022-09-25T14:38:19.149+0000] {dagbag.py:508} INFO - Filling up the DagBag from /home/airflow/.local/lib/python3.7/site-packages/airflow/example_dags/example_branch_labels.py
[2022-09-25T14:38:19.167+0000] {processor.py:650} INFO - DAG(s) dict_keys(['example_branch_labels']) retrieved from /home/airflow/.local/lib/python3.7/site-packages/airflow/example_dags/example_branch_labels.py
[2022-09-25T14:38:19.228+0000] {logging_mixin.py:115} INFO - [2022-09-25T14:38:19.227+0000] {dag.py:2429} INFO - Sync 1 DAGs
[2022-09-25T14:38:19.287+0000] {logging_mixin.py:115} INFO - [2022-09-25T14:38:19.287+0000] {dag.py:2981} INFO - Setting next_dagrun for example_branch_labels to 2022-09-24T00:00:00+00:00, run_after=2022-09-25T00:00:00+00:00
[2022-09-25T14:38:19.312+0000] {processor.py:161} INFO - Processing /home/airflow/.local/lib/python3.7/site-packages/airflow/example_dags/example_branch_labels.py took 0.175 seconds
[2022-09-25T14:38:51.573+0000] {processor.py:153} INFO - Started process (PID=7037) to work on /home/airflow/.local/lib/python3.7/site-packages/airflow/example_dags/example_branch_labels.py
[2022-09-25T14:38:51.579+0000] {processor.py:640} INFO - Processing file /home/airflow/.local/lib/python3.7/site-packages/airflow/example_dags/example_branch_labels.py for tasks to queue
[2022-09-25T14:38:51.586+0000] {logging_mixin.py:115} INFO - [2022-09-25T14:38:51.585+0000] {dagbag.py:508} INFO - Filling up the DagBag from /home/airflow/.local/lib/python3.7/site-packages/airflow/example_dags/example_branch_labels.py
[2022-09-25T14:38:51.610+0000] {processor.py:650} INFO - DAG(s) dict_keys(['example_branch_labels']) retrieved from /home/airflow/.local/lib/python3.7/site-packages/airflow/example_dags/example_branch_labels.py
[2022-09-25T14:38:51.704+0000] {logging_mixin.py:115} INFO - [2022-09-25T14:38:51.703+0000] {dag.py:2429} INFO - Sync 1 DAGs
[2022-09-25T14:38:51.829+0000] {logging_mixin.py:115} INFO - [2022-09-25T14:38:51.829+0000] {dag.py:2981} INFO - Setting next_dagrun for example_branch_labels to 2022-09-24T00:00:00+00:00, run_after=2022-09-25T00:00:00+00:00
[2022-09-25T14:38:51.869+0000] {processor.py:161} INFO - Processing /home/airflow/.local/lib/python3.7/site-packages/airflow/example_dags/example_branch_labels.py took 0.308 seconds
[2022-09-25T14:39:22.890+0000] {processor.py:153} INFO - Started process (PID=7243) to work on /home/airflow/.local/lib/python3.7/site-packages/airflow/example_dags/example_branch_labels.py
[2022-09-25T14:39:22.896+0000] {processor.py:640} INFO - Processing file /home/airflow/.local/lib/python3.7/site-packages/airflow/example_dags/example_branch_labels.py for tasks to queue
[2022-09-25T14:39:22.900+0000] {logging_mixin.py:115} INFO - [2022-09-25T14:39:22.900+0000] {dagbag.py:508} INFO - Filling up the DagBag from /home/airflow/.local/lib/python3.7/site-packages/airflow/example_dags/example_branch_labels.py
[2022-09-25T14:39:22.929+0000] {processor.py:650} INFO - DAG(s) dict_keys(['example_branch_labels']) retrieved from /home/airflow/.local/lib/python3.7/site-packages/airflow/example_dags/example_branch_labels.py
[2022-09-25T14:39:23.005+0000] {logging_mixin.py:115} INFO - [2022-09-25T14:39:23.004+0000] {dag.py:2429} INFO - Sync 1 DAGs
[2022-09-25T14:39:23.073+0000] {logging_mixin.py:115} INFO - [2022-09-25T14:39:23.073+0000] {dag.py:2981} INFO - Setting next_dagrun for example_branch_labels to 2022-09-24T00:00:00+00:00, run_after=2022-09-25T00:00:00+00:00
[2022-09-25T14:39:23.108+0000] {processor.py:161} INFO - Processing /home/airflow/.local/lib/python3.7/site-packages/airflow/example_dags/example_branch_labels.py took 0.229 seconds
[2022-09-25T14:39:53.855+0000] {processor.py:153} INFO - Started process (PID=7457) to work on /home/airflow/.local/lib/python3.7/site-packages/airflow/example_dags/example_branch_labels.py
[2022-09-25T14:39:53.858+0000] {processor.py:640} INFO - Processing file /home/airflow/.local/lib/python3.7/site-packages/airflow/example_dags/example_branch_labels.py for tasks to queue
[2022-09-25T14:39:53.860+0000] {logging_mixin.py:115} INFO - [2022-09-25T14:39:53.860+0000] {dagbag.py:508} INFO - Filling up the DagBag from /home/airflow/.local/lib/python3.7/site-packages/airflow/example_dags/example_branch_labels.py
[2022-09-25T14:39:53.875+0000] {processor.py:650} INFO - DAG(s) dict_keys(['example_branch_labels']) retrieved from /home/airflow/.local/lib/python3.7/site-packages/airflow/example_dags/example_branch_labels.py
[2022-09-25T14:39:54.007+0000] {logging_mixin.py:115} INFO - [2022-09-25T14:39:54.007+0000] {dag.py:2429} INFO - Sync 1 DAGs
[2022-09-25T14:39:54.075+0000] {logging_mixin.py:115} INFO - [2022-09-25T14:39:54.074+0000] {dag.py:2981} INFO - Setting next_dagrun for example_branch_labels to 2022-09-24T00:00:00+00:00, run_after=2022-09-25T00:00:00+00:00
[2022-09-25T14:39:54.099+0000] {processor.py:161} INFO - Processing /home/airflow/.local/lib/python3.7/site-packages/airflow/example_dags/example_branch_labels.py took 0.251 seconds
[2022-09-25T14:40:24.800+0000] {processor.py:153} INFO - Started process (PID=7662) to work on /home/airflow/.local/lib/python3.7/site-packages/airflow/example_dags/example_branch_labels.py
[2022-09-25T14:40:24.803+0000] {processor.py:640} INFO - Processing file /home/airflow/.local/lib/python3.7/site-packages/airflow/example_dags/example_branch_labels.py for tasks to queue
[2022-09-25T14:40:24.806+0000] {logging_mixin.py:115} INFO - [2022-09-25T14:40:24.806+0000] {dagbag.py:508} INFO - Filling up the DagBag from /home/airflow/.local/lib/python3.7/site-packages/airflow/example_dags/example_branch_labels.py
[2022-09-25T14:40:24.819+0000] {processor.py:650} INFO - DAG(s) dict_keys(['example_branch_labels']) retrieved from /home/airflow/.local/lib/python3.7/site-packages/airflow/example_dags/example_branch_labels.py
[2022-09-25T14:40:24.865+0000] {logging_mixin.py:115} INFO - [2022-09-25T14:40:24.865+0000] {dag.py:2429} INFO - Sync 1 DAGs
[2022-09-25T14:40:24.905+0000] {logging_mixin.py:115} INFO - [2022-09-25T14:40:24.904+0000] {dag.py:2981} INFO - Setting next_dagrun for example_branch_labels to 2022-09-24T00:00:00+00:00, run_after=2022-09-25T00:00:00+00:00
[2022-09-25T14:40:24.925+0000] {processor.py:161} INFO - Processing /home/airflow/.local/lib/python3.7/site-packages/airflow/example_dags/example_branch_labels.py took 0.135 seconds
[2022-09-25T14:40:55.850+0000] {processor.py:153} INFO - Started process (PID=7876) to work on /home/airflow/.local/lib/python3.7/site-packages/airflow/example_dags/example_branch_labels.py
[2022-09-25T14:40:55.852+0000] {processor.py:640} INFO - Processing file /home/airflow/.local/lib/python3.7/site-packages/airflow/example_dags/example_branch_labels.py for tasks to queue
[2022-09-25T14:40:55.856+0000] {logging_mixin.py:115} INFO - [2022-09-25T14:40:55.856+0000] {dagbag.py:508} INFO - Filling up the DagBag from /home/airflow/.local/lib/python3.7/site-packages/airflow/example_dags/example_branch_labels.py
[2022-09-25T14:40:55.868+0000] {processor.py:650} INFO - DAG(s) dict_keys(['example_branch_labels']) retrieved from /home/airflow/.local/lib/python3.7/site-packages/airflow/example_dags/example_branch_labels.py
[2022-09-25T14:40:55.916+0000] {logging_mixin.py:115} INFO - [2022-09-25T14:40:55.915+0000] {dag.py:2429} INFO - Sync 1 DAGs
[2022-09-25T14:40:55.969+0000] {logging_mixin.py:115} INFO - [2022-09-25T14:40:55.969+0000] {dag.py:2981} INFO - Setting next_dagrun for example_branch_labels to 2022-09-24T00:00:00+00:00, run_after=2022-09-25T00:00:00+00:00
[2022-09-25T14:40:55.996+0000] {processor.py:161} INFO - Processing /home/airflow/.local/lib/python3.7/site-packages/airflow/example_dags/example_branch_labels.py took 0.151 seconds
[2022-09-25T14:41:26.572+0000] {processor.py:153} INFO - Started process (PID=8081) to work on /home/airflow/.local/lib/python3.7/site-packages/airflow/example_dags/example_branch_labels.py
[2022-09-25T14:41:26.576+0000] {processor.py:640} INFO - Processing file /home/airflow/.local/lib/python3.7/site-packages/airflow/example_dags/example_branch_labels.py for tasks to queue
[2022-09-25T14:41:26.582+0000] {logging_mixin.py:115} INFO - [2022-09-25T14:41:26.582+0000] {dagbag.py:508} INFO - Filling up the DagBag from /home/airflow/.local/lib/python3.7/site-packages/airflow/example_dags/example_branch_labels.py
[2022-09-25T14:41:26.595+0000] {processor.py:650} INFO - DAG(s) dict_keys(['example_branch_labels']) retrieved from /home/airflow/.local/lib/python3.7/site-packages/airflow/example_dags/example_branch_labels.py
[2022-09-25T14:41:26.643+0000] {logging_mixin.py:115} INFO - [2022-09-25T14:41:26.643+0000] {dag.py:2429} INFO - Sync 1 DAGs
[2022-09-25T14:41:26.680+0000] {logging_mixin.py:115} INFO - [2022-09-25T14:41:26.679+0000] {dag.py:2981} INFO - Setting next_dagrun for example_branch_labels to 2022-09-24T00:00:00+00:00, run_after=2022-09-25T00:00:00+00:00
[2022-09-25T14:41:26.698+0000] {processor.py:161} INFO - Processing /home/airflow/.local/lib/python3.7/site-packages/airflow/example_dags/example_branch_labels.py took 0.131 seconds
[2022-09-25T14:41:57.349+0000] {processor.py:153} INFO - Started process (PID=8295) to work on /home/airflow/.local/lib/python3.7/site-packages/airflow/example_dags/example_branch_labels.py
[2022-09-25T14:41:57.351+0000] {processor.py:640} INFO - Processing file /home/airflow/.local/lib/python3.7/site-packages/airflow/example_dags/example_branch_labels.py for tasks to queue
[2022-09-25T14:41:57.353+0000] {logging_mixin.py:115} INFO - [2022-09-25T14:41:57.353+0000] {dagbag.py:508} INFO - Filling up the DagBag from /home/airflow/.local/lib/python3.7/site-packages/airflow/example_dags/example_branch_labels.py
[2022-09-25T14:41:57.366+0000] {processor.py:650} INFO - DAG(s) dict_keys(['example_branch_labels']) retrieved from /home/airflow/.local/lib/python3.7/site-packages/airflow/example_dags/example_branch_labels.py
[2022-09-25T14:41:57.414+0000] {logging_mixin.py:115} INFO - [2022-09-25T14:41:57.414+0000] {dag.py:2429} INFO - Sync 1 DAGs
[2022-09-25T14:41:57.467+0000] {logging_mixin.py:115} INFO - [2022-09-25T14:41:57.467+0000] {dag.py:2981} INFO - Setting next_dagrun for example_branch_labels to 2022-09-24T00:00:00+00:00, run_after=2022-09-25T00:00:00+00:00
[2022-09-25T14:41:57.490+0000] {processor.py:161} INFO - Processing /home/airflow/.local/lib/python3.7/site-packages/airflow/example_dags/example_branch_labels.py took 0.147 seconds
[2022-09-25T14:42:28.034+0000] {processor.py:153} INFO - Started process (PID=8494) to work on /home/airflow/.local/lib/python3.7/site-packages/airflow/example_dags/example_branch_labels.py
[2022-09-25T14:42:28.036+0000] {processor.py:640} INFO - Processing file /home/airflow/.local/lib/python3.7/site-packages/airflow/example_dags/example_branch_labels.py for tasks to queue
[2022-09-25T14:42:28.039+0000] {logging_mixin.py:115} INFO - [2022-09-25T14:42:28.038+0000] {dagbag.py:508} INFO - Filling up the DagBag from /home/airflow/.local/lib/python3.7/site-packages/airflow/example_dags/example_branch_labels.py
[2022-09-25T14:42:28.051+0000] {processor.py:650} INFO - DAG(s) dict_keys(['example_branch_labels']) retrieved from /home/airflow/.local/lib/python3.7/site-packages/airflow/example_dags/example_branch_labels.py
[2022-09-25T14:42:28.095+0000] {logging_mixin.py:115} INFO - [2022-09-25T14:42:28.095+0000] {dag.py:2429} INFO - Sync 1 DAGs
[2022-09-25T14:42:28.133+0000] {logging_mixin.py:115} INFO - [2022-09-25T14:42:28.133+0000] {dag.py:2981} INFO - Setting next_dagrun for example_branch_labels to 2022-09-24T00:00:00+00:00, run_after=2022-09-25T00:00:00+00:00
[2022-09-25T14:42:28.157+0000] {processor.py:161} INFO - Processing /home/airflow/.local/lib/python3.7/site-packages/airflow/example_dags/example_branch_labels.py took 0.128 seconds
[2022-09-25T14:42:59.070+0000] {processor.py:153} INFO - Started process (PID=8710) to work on /home/airflow/.local/lib/python3.7/site-packages/airflow/example_dags/example_branch_labels.py
[2022-09-25T14:42:59.072+0000] {processor.py:640} INFO - Processing file /home/airflow/.local/lib/python3.7/site-packages/airflow/example_dags/example_branch_labels.py for tasks to queue
[2022-09-25T14:42:59.073+0000] {logging_mixin.py:115} INFO - [2022-09-25T14:42:59.073+0000] {dagbag.py:508} INFO - Filling up the DagBag from /home/airflow/.local/lib/python3.7/site-packages/airflow/example_dags/example_branch_labels.py
[2022-09-25T14:42:59.086+0000] {processor.py:650} INFO - DAG(s) dict_keys(['example_branch_labels']) retrieved from /home/airflow/.local/lib/python3.7/site-packages/airflow/example_dags/example_branch_labels.py
[2022-09-25T14:42:59.129+0000] {logging_mixin.py:115} INFO - [2022-09-25T14:42:59.128+0000] {dag.py:2429} INFO - Sync 1 DAGs
[2022-09-25T14:42:59.164+0000] {logging_mixin.py:115} INFO - [2022-09-25T14:42:59.164+0000] {dag.py:2981} INFO - Setting next_dagrun for example_branch_labels to 2022-09-24T00:00:00+00:00, run_after=2022-09-25T00:00:00+00:00
[2022-09-25T14:42:59.184+0000] {processor.py:161} INFO - Processing /home/airflow/.local/lib/python3.7/site-packages/airflow/example_dags/example_branch_labels.py took 0.119 seconds
[2022-09-25T14:43:29.487+0000] {processor.py:153} INFO - Started process (PID=8912) to work on /home/airflow/.local/lib/python3.7/site-packages/airflow/example_dags/example_branch_labels.py
[2022-09-25T14:43:29.489+0000] {processor.py:640} INFO - Processing file /home/airflow/.local/lib/python3.7/site-packages/airflow/example_dags/example_branch_labels.py for tasks to queue
[2022-09-25T14:43:29.492+0000] {logging_mixin.py:115} INFO - [2022-09-25T14:43:29.491+0000] {dagbag.py:508} INFO - Filling up the DagBag from /home/airflow/.local/lib/python3.7/site-packages/airflow/example_dags/example_branch_labels.py
[2022-09-25T14:43:29.515+0000] {processor.py:650} INFO - DAG(s) dict_keys(['example_branch_labels']) retrieved from /home/airflow/.local/lib/python3.7/site-packages/airflow/example_dags/example_branch_labels.py
[2022-09-25T14:43:29.561+0000] {logging_mixin.py:115} INFO - [2022-09-25T14:43:29.561+0000] {dag.py:2429} INFO - Sync 1 DAGs
[2022-09-25T14:43:29.603+0000] {logging_mixin.py:115} INFO - [2022-09-25T14:43:29.602+0000] {dag.py:2981} INFO - Setting next_dagrun for example_branch_labels to 2022-09-24T00:00:00+00:00, run_after=2022-09-25T00:00:00+00:00
[2022-09-25T14:43:29.627+0000] {processor.py:161} INFO - Processing /home/airflow/.local/lib/python3.7/site-packages/airflow/example_dags/example_branch_labels.py took 0.146 seconds
[2022-09-25T14:44:00.119+0000] {processor.py:153} INFO - Started process (PID=9126) to work on /home/airflow/.local/lib/python3.7/site-packages/airflow/example_dags/example_branch_labels.py
[2022-09-25T14:44:00.123+0000] {processor.py:640} INFO - Processing file /home/airflow/.local/lib/python3.7/site-packages/airflow/example_dags/example_branch_labels.py for tasks to queue
[2022-09-25T14:44:00.126+0000] {logging_mixin.py:115} INFO - [2022-09-25T14:44:00.126+0000] {dagbag.py:508} INFO - Filling up the DagBag from /home/airflow/.local/lib/python3.7/site-packages/airflow/example_dags/example_branch_labels.py
[2022-09-25T14:44:00.141+0000] {processor.py:650} INFO - DAG(s) dict_keys(['example_branch_labels']) retrieved from /home/airflow/.local/lib/python3.7/site-packages/airflow/example_dags/example_branch_labels.py
[2022-09-25T14:44:00.192+0000] {logging_mixin.py:115} INFO - [2022-09-25T14:44:00.192+0000] {dag.py:2429} INFO - Sync 1 DAGs
[2022-09-25T14:44:00.240+0000] {logging_mixin.py:115} INFO - [2022-09-25T14:44:00.240+0000] {dag.py:2981} INFO - Setting next_dagrun for example_branch_labels to 2022-09-24T00:00:00+00:00, run_after=2022-09-25T00:00:00+00:00
[2022-09-25T14:44:00.268+0000] {processor.py:161} INFO - Processing /home/airflow/.local/lib/python3.7/site-packages/airflow/example_dags/example_branch_labels.py took 0.157 seconds
[2022-09-25T14:44:30.797+0000] {processor.py:153} INFO - Started process (PID=9331) to work on /home/airflow/.local/lib/python3.7/site-packages/airflow/example_dags/example_branch_labels.py
[2022-09-25T14:44:30.802+0000] {processor.py:640} INFO - Processing file /home/airflow/.local/lib/python3.7/site-packages/airflow/example_dags/example_branch_labels.py for tasks to queue
[2022-09-25T14:44:30.804+0000] {logging_mixin.py:115} INFO - [2022-09-25T14:44:30.804+0000] {dagbag.py:508} INFO - Filling up the DagBag from /home/airflow/.local/lib/python3.7/site-packages/airflow/example_dags/example_branch_labels.py
[2022-09-25T14:44:30.822+0000] {processor.py:650} INFO - DAG(s) dict_keys(['example_branch_labels']) retrieved from /home/airflow/.local/lib/python3.7/site-packages/airflow/example_dags/example_branch_labels.py
[2022-09-25T14:44:30.881+0000] {logging_mixin.py:115} INFO - [2022-09-25T14:44:30.880+0000] {dag.py:2429} INFO - Sync 1 DAGs
[2022-09-25T14:44:30.941+0000] {logging_mixin.py:115} INFO - [2022-09-25T14:44:30.940+0000] {dag.py:2981} INFO - Setting next_dagrun for example_branch_labels to 2022-09-24T00:00:00+00:00, run_after=2022-09-25T00:00:00+00:00
[2022-09-25T14:44:30.983+0000] {processor.py:161} INFO - Processing /home/airflow/.local/lib/python3.7/site-packages/airflow/example_dags/example_branch_labels.py took 0.193 seconds
[2022-09-25T14:45:01.173+0000] {processor.py:153} INFO - Started process (PID=9546) to work on /home/airflow/.local/lib/python3.7/site-packages/airflow/example_dags/example_branch_labels.py
[2022-09-25T14:45:01.178+0000] {processor.py:640} INFO - Processing file /home/airflow/.local/lib/python3.7/site-packages/airflow/example_dags/example_branch_labels.py for tasks to queue
[2022-09-25T14:45:01.182+0000] {logging_mixin.py:115} INFO - [2022-09-25T14:45:01.181+0000] {dagbag.py:508} INFO - Filling up the DagBag from /home/airflow/.local/lib/python3.7/site-packages/airflow/example_dags/example_branch_labels.py
[2022-09-25T14:45:01.211+0000] {processor.py:650} INFO - DAG(s) dict_keys(['example_branch_labels']) retrieved from /home/airflow/.local/lib/python3.7/site-packages/airflow/example_dags/example_branch_labels.py
[2022-09-25T14:45:01.303+0000] {logging_mixin.py:115} INFO - [2022-09-25T14:45:01.302+0000] {dag.py:2429} INFO - Sync 1 DAGs
[2022-09-25T14:45:01.338+0000] {logging_mixin.py:115} INFO - [2022-09-25T14:45:01.338+0000] {dag.py:2981} INFO - Setting next_dagrun for example_branch_labels to 2022-09-24T00:00:00+00:00, run_after=2022-09-25T00:00:00+00:00
[2022-09-25T14:45:01.361+0000] {processor.py:161} INFO - Processing /home/airflow/.local/lib/python3.7/site-packages/airflow/example_dags/example_branch_labels.py took 0.196 seconds
[2022-09-25T14:45:32.273+0000] {processor.py:153} INFO - Started process (PID=9751) to work on /home/airflow/.local/lib/python3.7/site-packages/airflow/example_dags/example_branch_labels.py
[2022-09-25T14:45:32.276+0000] {processor.py:640} INFO - Processing file /home/airflow/.local/lib/python3.7/site-packages/airflow/example_dags/example_branch_labels.py for tasks to queue
[2022-09-25T14:45:32.278+0000] {logging_mixin.py:115} INFO - [2022-09-25T14:45:32.277+0000] {dagbag.py:508} INFO - Filling up the DagBag from /home/airflow/.local/lib/python3.7/site-packages/airflow/example_dags/example_branch_labels.py
[2022-09-25T14:45:32.291+0000] {processor.py:650} INFO - DAG(s) dict_keys(['example_branch_labels']) retrieved from /home/airflow/.local/lib/python3.7/site-packages/airflow/example_dags/example_branch_labels.py
[2022-09-25T14:45:32.331+0000] {logging_mixin.py:115} INFO - [2022-09-25T14:45:32.331+0000] {dag.py:2429} INFO - Sync 1 DAGs
[2022-09-25T14:45:32.367+0000] {logging_mixin.py:115} INFO - [2022-09-25T14:45:32.367+0000] {dag.py:2981} INFO - Setting next_dagrun for example_branch_labels to 2022-09-24T00:00:00+00:00, run_after=2022-09-25T00:00:00+00:00
[2022-09-25T14:45:32.385+0000] {processor.py:161} INFO - Processing /home/airflow/.local/lib/python3.7/site-packages/airflow/example_dags/example_branch_labels.py took 0.116 seconds
[2022-09-25T14:46:02.659+0000] {processor.py:153} INFO - Started process (PID=9965) to work on /home/airflow/.local/lib/python3.7/site-packages/airflow/example_dags/example_branch_labels.py
[2022-09-25T14:46:02.662+0000] {processor.py:640} INFO - Processing file /home/airflow/.local/lib/python3.7/site-packages/airflow/example_dags/example_branch_labels.py for tasks to queue
[2022-09-25T14:46:02.666+0000] {logging_mixin.py:115} INFO - [2022-09-25T14:46:02.666+0000] {dagbag.py:508} INFO - Filling up the DagBag from /home/airflow/.local/lib/python3.7/site-packages/airflow/example_dags/example_branch_labels.py
[2022-09-25T14:46:02.688+0000] {processor.py:650} INFO - DAG(s) dict_keys(['example_branch_labels']) retrieved from /home/airflow/.local/lib/python3.7/site-packages/airflow/example_dags/example_branch_labels.py
[2022-09-25T14:46:02.748+0000] {logging_mixin.py:115} INFO - [2022-09-25T14:46:02.748+0000] {dag.py:2429} INFO - Sync 1 DAGs
[2022-09-25T14:46:02.817+0000] {logging_mixin.py:115} INFO - [2022-09-25T14:46:02.817+0000] {dag.py:2981} INFO - Setting next_dagrun for example_branch_labels to 2022-09-24T00:00:00+00:00, run_after=2022-09-25T00:00:00+00:00
[2022-09-25T14:46:02.868+0000] {processor.py:161} INFO - Processing /home/airflow/.local/lib/python3.7/site-packages/airflow/example_dags/example_branch_labels.py took 0.222 seconds
[2022-09-25T14:46:33.274+0000] {processor.py:153} INFO - Started process (PID=10170) to work on /home/airflow/.local/lib/python3.7/site-packages/airflow/example_dags/example_branch_labels.py
[2022-09-25T14:46:33.276+0000] {processor.py:640} INFO - Processing file /home/airflow/.local/lib/python3.7/site-packages/airflow/example_dags/example_branch_labels.py for tasks to queue
[2022-09-25T14:46:33.278+0000] {logging_mixin.py:115} INFO - [2022-09-25T14:46:33.278+0000] {dagbag.py:508} INFO - Filling up the DagBag from /home/airflow/.local/lib/python3.7/site-packages/airflow/example_dags/example_branch_labels.py
[2022-09-25T14:46:33.292+0000] {processor.py:650} INFO - DAG(s) dict_keys(['example_branch_labels']) retrieved from /home/airflow/.local/lib/python3.7/site-packages/airflow/example_dags/example_branch_labels.py
[2022-09-25T14:46:33.335+0000] {logging_mixin.py:115} INFO - [2022-09-25T14:46:33.335+0000] {dag.py:2429} INFO - Sync 1 DAGs
[2022-09-25T14:46:33.371+0000] {logging_mixin.py:115} INFO - [2022-09-25T14:46:33.371+0000] {dag.py:2981} INFO - Setting next_dagrun for example_branch_labels to 2022-09-24T00:00:00+00:00, run_after=2022-09-25T00:00:00+00:00
[2022-09-25T14:46:33.390+0000] {processor.py:161} INFO - Processing /home/airflow/.local/lib/python3.7/site-packages/airflow/example_dags/example_branch_labels.py took 0.121 seconds
[2022-09-25T14:47:03.982+0000] {processor.py:153} INFO - Started process (PID=10382) to work on /home/airflow/.local/lib/python3.7/site-packages/airflow/example_dags/example_branch_labels.py
[2022-09-25T14:47:03.986+0000] {processor.py:640} INFO - Processing file /home/airflow/.local/lib/python3.7/site-packages/airflow/example_dags/example_branch_labels.py for tasks to queue
[2022-09-25T14:47:03.988+0000] {logging_mixin.py:115} INFO - [2022-09-25T14:47:03.988+0000] {dagbag.py:508} INFO - Filling up the DagBag from /home/airflow/.local/lib/python3.7/site-packages/airflow/example_dags/example_branch_labels.py
[2022-09-25T14:47:04.014+0000] {processor.py:650} INFO - DAG(s) dict_keys(['example_branch_labels']) retrieved from /home/airflow/.local/lib/python3.7/site-packages/airflow/example_dags/example_branch_labels.py
[2022-09-25T14:47:04.081+0000] {logging_mixin.py:115} INFO - [2022-09-25T14:47:04.081+0000] {dag.py:2429} INFO - Sync 1 DAGs
[2022-09-25T14:47:04.145+0000] {logging_mixin.py:115} INFO - [2022-09-25T14:47:04.144+0000] {dag.py:2981} INFO - Setting next_dagrun for example_branch_labels to 2022-09-24T00:00:00+00:00, run_after=2022-09-25T00:00:00+00:00
[2022-09-25T14:47:04.178+0000] {processor.py:161} INFO - Processing /home/airflow/.local/lib/python3.7/site-packages/airflow/example_dags/example_branch_labels.py took 0.207 seconds
[2022-09-25T14:47:34.735+0000] {processor.py:153} INFO - Started process (PID=10587) to work on /home/airflow/.local/lib/python3.7/site-packages/airflow/example_dags/example_branch_labels.py
[2022-09-25T14:47:34.738+0000] {processor.py:640} INFO - Processing file /home/airflow/.local/lib/python3.7/site-packages/airflow/example_dags/example_branch_labels.py for tasks to queue
[2022-09-25T14:47:34.740+0000] {logging_mixin.py:115} INFO - [2022-09-25T14:47:34.740+0000] {dagbag.py:508} INFO - Filling up the DagBag from /home/airflow/.local/lib/python3.7/site-packages/airflow/example_dags/example_branch_labels.py
[2022-09-25T14:47:34.757+0000] {processor.py:650} INFO - DAG(s) dict_keys(['example_branch_labels']) retrieved from /home/airflow/.local/lib/python3.7/site-packages/airflow/example_dags/example_branch_labels.py
[2022-09-25T14:47:34.813+0000] {logging_mixin.py:115} INFO - [2022-09-25T14:47:34.812+0000] {dag.py:2429} INFO - Sync 1 DAGs
[2022-09-25T14:47:34.884+0000] {logging_mixin.py:115} INFO - [2022-09-25T14:47:34.883+0000] {dag.py:2981} INFO - Setting next_dagrun for example_branch_labels to 2022-09-24T00:00:00+00:00, run_after=2022-09-25T00:00:00+00:00
[2022-09-25T14:47:34.915+0000] {processor.py:161} INFO - Processing /home/airflow/.local/lib/python3.7/site-packages/airflow/example_dags/example_branch_labels.py took 0.187 seconds
[2022-09-25T14:48:05.550+0000] {processor.py:153} INFO - Started process (PID=10802) to work on /home/airflow/.local/lib/python3.7/site-packages/airflow/example_dags/example_branch_labels.py
[2022-09-25T14:48:05.552+0000] {processor.py:640} INFO - Processing file /home/airflow/.local/lib/python3.7/site-packages/airflow/example_dags/example_branch_labels.py for tasks to queue
[2022-09-25T14:48:05.555+0000] {logging_mixin.py:115} INFO - [2022-09-25T14:48:05.554+0000] {dagbag.py:508} INFO - Filling up the DagBag from /home/airflow/.local/lib/python3.7/site-packages/airflow/example_dags/example_branch_labels.py
[2022-09-25T14:48:05.570+0000] {processor.py:650} INFO - DAG(s) dict_keys(['example_branch_labels']) retrieved from /home/airflow/.local/lib/python3.7/site-packages/airflow/example_dags/example_branch_labels.py
[2022-09-25T14:48:05.621+0000] {logging_mixin.py:115} INFO - [2022-09-25T14:48:05.621+0000] {dag.py:2429} INFO - Sync 1 DAGs
[2022-09-25T14:48:05.676+0000] {logging_mixin.py:115} INFO - [2022-09-25T14:48:05.676+0000] {dag.py:2981} INFO - Setting next_dagrun for example_branch_labels to 2022-09-24T00:00:00+00:00, run_after=2022-09-25T00:00:00+00:00
[2022-09-25T14:48:05.707+0000] {processor.py:161} INFO - Processing /home/airflow/.local/lib/python3.7/site-packages/airflow/example_dags/example_branch_labels.py took 0.163 seconds
[2022-09-25T14:48:36.237+0000] {processor.py:153} INFO - Started process (PID=11007) to work on /home/airflow/.local/lib/python3.7/site-packages/airflow/example_dags/example_branch_labels.py
[2022-09-25T14:48:36.241+0000] {processor.py:640} INFO - Processing file /home/airflow/.local/lib/python3.7/site-packages/airflow/example_dags/example_branch_labels.py for tasks to queue
[2022-09-25T14:48:36.246+0000] {logging_mixin.py:115} INFO - [2022-09-25T14:48:36.245+0000] {dagbag.py:508} INFO - Filling up the DagBag from /home/airflow/.local/lib/python3.7/site-packages/airflow/example_dags/example_branch_labels.py
[2022-09-25T14:48:36.275+0000] {processor.py:650} INFO - DAG(s) dict_keys(['example_branch_labels']) retrieved from /home/airflow/.local/lib/python3.7/site-packages/airflow/example_dags/example_branch_labels.py
[2022-09-25T14:48:36.353+0000] {logging_mixin.py:115} INFO - [2022-09-25T14:48:36.352+0000] {dag.py:2429} INFO - Sync 1 DAGs
[2022-09-25T14:48:36.405+0000] {logging_mixin.py:115} INFO - [2022-09-25T14:48:36.405+0000] {dag.py:2981} INFO - Setting next_dagrun for example_branch_labels to 2022-09-24T00:00:00+00:00, run_after=2022-09-25T00:00:00+00:00
[2022-09-25T14:48:36.423+0000] {processor.py:161} INFO - Processing /home/airflow/.local/lib/python3.7/site-packages/airflow/example_dags/example_branch_labels.py took 0.198 seconds
[2022-09-25T14:49:06.722+0000] {processor.py:153} INFO - Started process (PID=11221) to work on /home/airflow/.local/lib/python3.7/site-packages/airflow/example_dags/example_branch_labels.py
[2022-09-25T14:49:06.724+0000] {processor.py:640} INFO - Processing file /home/airflow/.local/lib/python3.7/site-packages/airflow/example_dags/example_branch_labels.py for tasks to queue
[2022-09-25T14:49:06.726+0000] {logging_mixin.py:115} INFO - [2022-09-25T14:49:06.726+0000] {dagbag.py:508} INFO - Filling up the DagBag from /home/airflow/.local/lib/python3.7/site-packages/airflow/example_dags/example_branch_labels.py
[2022-09-25T14:49:06.741+0000] {processor.py:650} INFO - DAG(s) dict_keys(['example_branch_labels']) retrieved from /home/airflow/.local/lib/python3.7/site-packages/airflow/example_dags/example_branch_labels.py
[2022-09-25T14:49:06.794+0000] {logging_mixin.py:115} INFO - [2022-09-25T14:49:06.794+0000] {dag.py:2429} INFO - Sync 1 DAGs
[2022-09-25T14:49:06.839+0000] {logging_mixin.py:115} INFO - [2022-09-25T14:49:06.838+0000] {dag.py:2981} INFO - Setting next_dagrun for example_branch_labels to 2022-09-24T00:00:00+00:00, run_after=2022-09-25T00:00:00+00:00
[2022-09-25T14:49:06.861+0000] {processor.py:161} INFO - Processing /home/airflow/.local/lib/python3.7/site-packages/airflow/example_dags/example_branch_labels.py took 0.154 seconds
[2022-09-25T14:49:37.295+0000] {processor.py:153} INFO - Started process (PID=11434) to work on /home/airflow/.local/lib/python3.7/site-packages/airflow/example_dags/example_branch_labels.py
[2022-09-25T14:49:37.298+0000] {processor.py:640} INFO - Processing file /home/airflow/.local/lib/python3.7/site-packages/airflow/example_dags/example_branch_labels.py for tasks to queue
[2022-09-25T14:49:37.300+0000] {logging_mixin.py:115} INFO - [2022-09-25T14:49:37.300+0000] {dagbag.py:508} INFO - Filling up the DagBag from /home/airflow/.local/lib/python3.7/site-packages/airflow/example_dags/example_branch_labels.py
[2022-09-25T14:49:37.313+0000] {processor.py:650} INFO - DAG(s) dict_keys(['example_branch_labels']) retrieved from /home/airflow/.local/lib/python3.7/site-packages/airflow/example_dags/example_branch_labels.py
[2022-09-25T14:49:37.366+0000] {logging_mixin.py:115} INFO - [2022-09-25T14:49:37.366+0000] {dag.py:2429} INFO - Sync 1 DAGs
[2022-09-25T14:49:37.406+0000] {logging_mixin.py:115} INFO - [2022-09-25T14:49:37.405+0000] {dag.py:2981} INFO - Setting next_dagrun for example_branch_labels to 2022-09-24T00:00:00+00:00, run_after=2022-09-25T00:00:00+00:00
[2022-09-25T14:49:37.432+0000] {processor.py:161} INFO - Processing /home/airflow/.local/lib/python3.7/site-packages/airflow/example_dags/example_branch_labels.py took 0.143 seconds
[2022-09-25T14:50:08.165+0000] {processor.py:153} INFO - Started process (PID=11647) to work on /home/airflow/.local/lib/python3.7/site-packages/airflow/example_dags/example_branch_labels.py
[2022-09-25T14:50:08.169+0000] {processor.py:640} INFO - Processing file /home/airflow/.local/lib/python3.7/site-packages/airflow/example_dags/example_branch_labels.py for tasks to queue
[2022-09-25T14:50:08.172+0000] {logging_mixin.py:115} INFO - [2022-09-25T14:50:08.171+0000] {dagbag.py:508} INFO - Filling up the DagBag from /home/airflow/.local/lib/python3.7/site-packages/airflow/example_dags/example_branch_labels.py
[2022-09-25T14:50:08.186+0000] {processor.py:650} INFO - DAG(s) dict_keys(['example_branch_labels']) retrieved from /home/airflow/.local/lib/python3.7/site-packages/airflow/example_dags/example_branch_labels.py
[2022-09-25T14:50:08.242+0000] {logging_mixin.py:115} INFO - [2022-09-25T14:50:08.242+0000] {dag.py:2429} INFO - Sync 1 DAGs
[2022-09-25T14:50:08.301+0000] {logging_mixin.py:115} INFO - [2022-09-25T14:50:08.301+0000] {dag.py:2981} INFO - Setting next_dagrun for example_branch_labels to 2022-09-24T00:00:00+00:00, run_after=2022-09-25T00:00:00+00:00
[2022-09-25T14:50:08.324+0000] {processor.py:161} INFO - Processing /home/airflow/.local/lib/python3.7/site-packages/airflow/example_dags/example_branch_labels.py took 0.165 seconds
[2022-09-25T14:50:38.611+0000] {processor.py:153} INFO - Started process (PID=11853) to work on /home/airflow/.local/lib/python3.7/site-packages/airflow/example_dags/example_branch_labels.py
[2022-09-25T14:50:38.614+0000] {processor.py:640} INFO - Processing file /home/airflow/.local/lib/python3.7/site-packages/airflow/example_dags/example_branch_labels.py for tasks to queue
[2022-09-25T14:50:38.616+0000] {logging_mixin.py:115} INFO - [2022-09-25T14:50:38.616+0000] {dagbag.py:508} INFO - Filling up the DagBag from /home/airflow/.local/lib/python3.7/site-packages/airflow/example_dags/example_branch_labels.py
[2022-09-25T14:50:38.628+0000] {processor.py:650} INFO - DAG(s) dict_keys(['example_branch_labels']) retrieved from /home/airflow/.local/lib/python3.7/site-packages/airflow/example_dags/example_branch_labels.py
[2022-09-25T14:50:38.692+0000] {logging_mixin.py:115} INFO - [2022-09-25T14:50:38.691+0000] {dag.py:2429} INFO - Sync 1 DAGs
[2022-09-25T14:50:38.746+0000] {logging_mixin.py:115} INFO - [2022-09-25T14:50:38.746+0000] {dag.py:2981} INFO - Setting next_dagrun for example_branch_labels to 2022-09-24T00:00:00+00:00, run_after=2022-09-25T00:00:00+00:00
[2022-09-25T14:50:38.780+0000] {processor.py:161} INFO - Processing /home/airflow/.local/lib/python3.7/site-packages/airflow/example_dags/example_branch_labels.py took 0.175 seconds
[2022-09-25T14:51:09.387+0000] {processor.py:153} INFO - Started process (PID=12058) to work on /home/airflow/.local/lib/python3.7/site-packages/airflow/example_dags/example_branch_labels.py
[2022-09-25T14:51:09.389+0000] {processor.py:640} INFO - Processing file /home/airflow/.local/lib/python3.7/site-packages/airflow/example_dags/example_branch_labels.py for tasks to queue
[2022-09-25T14:51:09.391+0000] {logging_mixin.py:115} INFO - [2022-09-25T14:51:09.391+0000] {dagbag.py:508} INFO - Filling up the DagBag from /home/airflow/.local/lib/python3.7/site-packages/airflow/example_dags/example_branch_labels.py
[2022-09-25T14:51:09.403+0000] {processor.py:650} INFO - DAG(s) dict_keys(['example_branch_labels']) retrieved from /home/airflow/.local/lib/python3.7/site-packages/airflow/example_dags/example_branch_labels.py
[2022-09-25T14:51:09.447+0000] {logging_mixin.py:115} INFO - [2022-09-25T14:51:09.447+0000] {dag.py:2429} INFO - Sync 1 DAGs
[2022-09-25T14:51:09.486+0000] {logging_mixin.py:115} INFO - [2022-09-25T14:51:09.485+0000] {dag.py:2981} INFO - Setting next_dagrun for example_branch_labels to 2022-09-24T00:00:00+00:00, run_after=2022-09-25T00:00:00+00:00
[2022-09-25T14:51:09.506+0000] {processor.py:161} INFO - Processing /home/airflow/.local/lib/python3.7/site-packages/airflow/example_dags/example_branch_labels.py took 0.125 seconds
[2022-09-25T14:51:40.131+0000] {processor.py:153} INFO - Started process (PID=12272) to work on /home/airflow/.local/lib/python3.7/site-packages/airflow/example_dags/example_branch_labels.py
[2022-09-25T14:51:40.133+0000] {processor.py:640} INFO - Processing file /home/airflow/.local/lib/python3.7/site-packages/airflow/example_dags/example_branch_labels.py for tasks to queue
[2022-09-25T14:51:40.135+0000] {logging_mixin.py:115} INFO - [2022-09-25T14:51:40.135+0000] {dagbag.py:508} INFO - Filling up the DagBag from /home/airflow/.local/lib/python3.7/site-packages/airflow/example_dags/example_branch_labels.py
[2022-09-25T14:51:40.147+0000] {processor.py:650} INFO - DAG(s) dict_keys(['example_branch_labels']) retrieved from /home/airflow/.local/lib/python3.7/site-packages/airflow/example_dags/example_branch_labels.py
[2022-09-25T14:51:40.190+0000] {logging_mixin.py:115} INFO - [2022-09-25T14:51:40.190+0000] {dag.py:2429} INFO - Sync 1 DAGs
[2022-09-25T14:51:40.230+0000] {logging_mixin.py:115} INFO - [2022-09-25T14:51:40.230+0000] {dag.py:2981} INFO - Setting next_dagrun for example_branch_labels to 2022-09-24T00:00:00+00:00, run_after=2022-09-25T00:00:00+00:00
[2022-09-25T14:51:40.238+0000] {processor.py:161} INFO - Processing /home/airflow/.local/lib/python3.7/site-packages/airflow/example_dags/example_branch_labels.py took 0.132 seconds
[2022-09-25T14:52:11.164+0000] {processor.py:153} INFO - Started process (PID=12484) to work on /home/airflow/.local/lib/python3.7/site-packages/airflow/example_dags/example_branch_labels.py
[2022-09-25T14:52:11.168+0000] {processor.py:640} INFO - Processing file /home/airflow/.local/lib/python3.7/site-packages/airflow/example_dags/example_branch_labels.py for tasks to queue
[2022-09-25T14:52:11.171+0000] {logging_mixin.py:115} INFO - [2022-09-25T14:52:11.171+0000] {dagbag.py:508} INFO - Filling up the DagBag from /home/airflow/.local/lib/python3.7/site-packages/airflow/example_dags/example_branch_labels.py
[2022-09-25T14:52:11.190+0000] {processor.py:650} INFO - DAG(s) dict_keys(['example_branch_labels']) retrieved from /home/airflow/.local/lib/python3.7/site-packages/airflow/example_dags/example_branch_labels.py
[2022-09-25T14:52:11.244+0000] {logging_mixin.py:115} INFO - [2022-09-25T14:52:11.243+0000] {dag.py:2429} INFO - Sync 1 DAGs
[2022-09-25T14:52:11.282+0000] {logging_mixin.py:115} INFO - [2022-09-25T14:52:11.282+0000] {dag.py:2981} INFO - Setting next_dagrun for example_branch_labels to 2022-09-24T00:00:00+00:00, run_after=2022-09-25T00:00:00+00:00
[2022-09-25T14:52:11.309+0000] {processor.py:161} INFO - Processing /home/airflow/.local/lib/python3.7/site-packages/airflow/example_dags/example_branch_labels.py took 0.154 seconds
