[2022-09-25T14:21:44.096+0000] {processor.py:153} INFO - Started process (PID=213) to work on /home/airflow/.local/lib/python3.7/site-packages/airflow/example_dags/example_latest_only_with_trigger.py
[2022-09-25T14:21:44.126+0000] {processor.py:640} INFO - Processing file /home/airflow/.local/lib/python3.7/site-packages/airflow/example_dags/example_latest_only_with_trigger.py for tasks to queue
[2022-09-25T14:21:44.136+0000] {logging_mixin.py:115} INFO - [2022-09-25T14:21:44.136+0000] {dagbag.py:508} INFO - Filling up the DagBag from /home/airflow/.local/lib/python3.7/site-packages/airflow/example_dags/example_latest_only_with_trigger.py
[2022-09-25T14:21:44.227+0000] {processor.py:650} INFO - DAG(s) dict_keys(['latest_only_with_trigger']) retrieved from /home/airflow/.local/lib/python3.7/site-packages/airflow/example_dags/example_latest_only_with_trigger.py
[2022-09-25T14:21:44.831+0000] {logging_mixin.py:115} INFO - [2022-09-25T14:21:44.830+0000] {dag.py:2429} INFO - Sync 1 DAGs
[2022-09-25T14:21:45.289+0000] {logging_mixin.py:115} INFO - [2022-09-25T14:21:45.289+0000] {dag.py:2981} INFO - Setting next_dagrun for latest_only_with_trigger to 2022-09-25T10:21:45.288845+00:00, run_after=2022-09-25T14:21:45.288845+00:00
[2022-09-25T14:21:45.456+0000] {processor.py:161} INFO - Processing /home/airflow/.local/lib/python3.7/site-packages/airflow/example_dags/example_latest_only_with_trigger.py took 1.366 seconds
[2022-09-25T14:22:44.321+0000] {processor.py:153} INFO - Started process (PID=441) to work on /home/airflow/.local/lib/python3.7/site-packages/airflow/example_dags/example_latest_only_with_trigger.py
[2022-09-25T14:22:44.326+0000] {processor.py:640} INFO - Processing file /home/airflow/.local/lib/python3.7/site-packages/airflow/example_dags/example_latest_only_with_trigger.py for tasks to queue
[2022-09-25T14:22:44.329+0000] {logging_mixin.py:115} INFO - [2022-09-25T14:22:44.329+0000] {dagbag.py:508} INFO - Filling up the DagBag from /home/airflow/.local/lib/python3.7/site-packages/airflow/example_dags/example_latest_only_with_trigger.py
[2022-09-25T14:22:44.352+0000] {processor.py:650} INFO - DAG(s) dict_keys(['latest_only_with_trigger']) retrieved from /home/airflow/.local/lib/python3.7/site-packages/airflow/example_dags/example_latest_only_with_trigger.py
[2022-09-25T14:22:44.513+0000] {logging_mixin.py:115} INFO - [2022-09-25T14:22:44.513+0000] {dag.py:2429} INFO - Sync 1 DAGs
[2022-09-25T14:22:44.596+0000] {logging_mixin.py:115} INFO - [2022-09-25T14:22:44.595+0000] {dag.py:2981} INFO - Setting next_dagrun for latest_only_with_trigger to 2022-09-25T10:22:44.594445+00:00, run_after=2022-09-25T14:22:44.594445+00:00
[2022-09-25T14:22:44.656+0000] {processor.py:161} INFO - Processing /home/airflow/.local/lib/python3.7/site-packages/airflow/example_dags/example_latest_only_with_trigger.py took 0.358 seconds
[2022-09-25T14:23:15.156+0000] {processor.py:153} INFO - Started process (PID=649) to work on /home/airflow/.local/lib/python3.7/site-packages/airflow/example_dags/example_latest_only_with_trigger.py
[2022-09-25T14:23:15.158+0000] {processor.py:640} INFO - Processing file /home/airflow/.local/lib/python3.7/site-packages/airflow/example_dags/example_latest_only_with_trigger.py for tasks to queue
[2022-09-25T14:23:15.161+0000] {logging_mixin.py:115} INFO - [2022-09-25T14:23:15.160+0000] {dagbag.py:508} INFO - Filling up the DagBag from /home/airflow/.local/lib/python3.7/site-packages/airflow/example_dags/example_latest_only_with_trigger.py
[2022-09-25T14:23:15.175+0000] {processor.py:650} INFO - DAG(s) dict_keys(['latest_only_with_trigger']) retrieved from /home/airflow/.local/lib/python3.7/site-packages/airflow/example_dags/example_latest_only_with_trigger.py
[2022-09-25T14:23:15.237+0000] {logging_mixin.py:115} INFO - [2022-09-25T14:23:15.236+0000] {dag.py:2429} INFO - Sync 1 DAGs
[2022-09-25T14:23:15.274+0000] {logging_mixin.py:115} INFO - [2022-09-25T14:23:15.273+0000] {dag.py:2981} INFO - Setting next_dagrun for latest_only_with_trigger to 2022-09-25T10:23:15.273354+00:00, run_after=2022-09-25T14:23:15.273354+00:00
[2022-09-25T14:23:15.297+0000] {processor.py:161} INFO - Processing /home/airflow/.local/lib/python3.7/site-packages/airflow/example_dags/example_latest_only_with_trigger.py took 0.147 seconds
[2022-09-25T14:23:46.030+0000] {processor.py:153} INFO - Started process (PID=852) to work on /home/airflow/.local/lib/python3.7/site-packages/airflow/example_dags/example_latest_only_with_trigger.py
[2022-09-25T14:23:46.033+0000] {processor.py:640} INFO - Processing file /home/airflow/.local/lib/python3.7/site-packages/airflow/example_dags/example_latest_only_with_trigger.py for tasks to queue
[2022-09-25T14:23:46.035+0000] {logging_mixin.py:115} INFO - [2022-09-25T14:23:46.035+0000] {dagbag.py:508} INFO - Filling up the DagBag from /home/airflow/.local/lib/python3.7/site-packages/airflow/example_dags/example_latest_only_with_trigger.py
[2022-09-25T14:23:46.046+0000] {processor.py:650} INFO - DAG(s) dict_keys(['latest_only_with_trigger']) retrieved from /home/airflow/.local/lib/python3.7/site-packages/airflow/example_dags/example_latest_only_with_trigger.py
[2022-09-25T14:23:46.101+0000] {logging_mixin.py:115} INFO - [2022-09-25T14:23:46.101+0000] {dag.py:2429} INFO - Sync 1 DAGs
[2022-09-25T14:23:46.146+0000] {logging_mixin.py:115} INFO - [2022-09-25T14:23:46.146+0000] {dag.py:2981} INFO - Setting next_dagrun for latest_only_with_trigger to 2022-09-25T10:23:46.146069+00:00, run_after=2022-09-25T14:23:46.146069+00:00
[2022-09-25T14:23:46.176+0000] {processor.py:161} INFO - Processing /home/airflow/.local/lib/python3.7/site-packages/airflow/example_dags/example_latest_only_with_trigger.py took 0.151 seconds
[2022-09-25T14:24:17.437+0000] {processor.py:153} INFO - Started process (PID=1066) to work on /home/airflow/.local/lib/python3.7/site-packages/airflow/example_dags/example_latest_only_with_trigger.py
[2022-09-25T14:24:17.440+0000] {processor.py:640} INFO - Processing file /home/airflow/.local/lib/python3.7/site-packages/airflow/example_dags/example_latest_only_with_trigger.py for tasks to queue
[2022-09-25T14:24:17.442+0000] {logging_mixin.py:115} INFO - [2022-09-25T14:24:17.442+0000] {dagbag.py:508} INFO - Filling up the DagBag from /home/airflow/.local/lib/python3.7/site-packages/airflow/example_dags/example_latest_only_with_trigger.py
[2022-09-25T14:24:17.454+0000] {processor.py:650} INFO - DAG(s) dict_keys(['latest_only_with_trigger']) retrieved from /home/airflow/.local/lib/python3.7/site-packages/airflow/example_dags/example_latest_only_with_trigger.py
[2022-09-25T14:24:17.503+0000] {logging_mixin.py:115} INFO - [2022-09-25T14:24:17.502+0000] {dag.py:2429} INFO - Sync 1 DAGs
[2022-09-25T14:24:17.538+0000] {logging_mixin.py:115} INFO - [2022-09-25T14:24:17.538+0000] {dag.py:2981} INFO - Setting next_dagrun for latest_only_with_trigger to 2022-09-25T10:24:17.537892+00:00, run_after=2022-09-25T14:24:17.537892+00:00
[2022-09-25T14:24:17.572+0000] {processor.py:161} INFO - Processing /home/airflow/.local/lib/python3.7/site-packages/airflow/example_dags/example_latest_only_with_trigger.py took 0.141 seconds
[2022-09-25T14:24:48.366+0000] {processor.py:153} INFO - Started process (PID=1281) to work on /home/airflow/.local/lib/python3.7/site-packages/airflow/example_dags/example_latest_only_with_trigger.py
[2022-09-25T14:24:48.369+0000] {processor.py:640} INFO - Processing file /home/airflow/.local/lib/python3.7/site-packages/airflow/example_dags/example_latest_only_with_trigger.py for tasks to queue
[2022-09-25T14:24:48.371+0000] {logging_mixin.py:115} INFO - [2022-09-25T14:24:48.371+0000] {dagbag.py:508} INFO - Filling up the DagBag from /home/airflow/.local/lib/python3.7/site-packages/airflow/example_dags/example_latest_only_with_trigger.py
[2022-09-25T14:24:48.381+0000] {processor.py:650} INFO - DAG(s) dict_keys(['latest_only_with_trigger']) retrieved from /home/airflow/.local/lib/python3.7/site-packages/airflow/example_dags/example_latest_only_with_trigger.py
[2022-09-25T14:24:48.434+0000] {logging_mixin.py:115} INFO - [2022-09-25T14:24:48.434+0000] {dag.py:2429} INFO - Sync 1 DAGs
[2022-09-25T14:24:48.482+0000] {logging_mixin.py:115} INFO - [2022-09-25T14:24:48.481+0000] {dag.py:2981} INFO - Setting next_dagrun for latest_only_with_trigger to 2022-09-25T10:24:48.480998+00:00, run_after=2022-09-25T14:24:48.480998+00:00
[2022-09-25T14:24:48.510+0000] {processor.py:161} INFO - Processing /home/airflow/.local/lib/python3.7/site-packages/airflow/example_dags/example_latest_only_with_trigger.py took 0.149 seconds
[2022-09-25T14:25:19.120+0000] {processor.py:153} INFO - Started process (PID=1486) to work on /home/airflow/.local/lib/python3.7/site-packages/airflow/example_dags/example_latest_only_with_trigger.py
[2022-09-25T14:25:19.122+0000] {processor.py:640} INFO - Processing file /home/airflow/.local/lib/python3.7/site-packages/airflow/example_dags/example_latest_only_with_trigger.py for tasks to queue
[2022-09-25T14:25:19.124+0000] {logging_mixin.py:115} INFO - [2022-09-25T14:25:19.124+0000] {dagbag.py:508} INFO - Filling up the DagBag from /home/airflow/.local/lib/python3.7/site-packages/airflow/example_dags/example_latest_only_with_trigger.py
[2022-09-25T14:25:19.135+0000] {processor.py:650} INFO - DAG(s) dict_keys(['latest_only_with_trigger']) retrieved from /home/airflow/.local/lib/python3.7/site-packages/airflow/example_dags/example_latest_only_with_trigger.py
[2022-09-25T14:25:19.183+0000] {logging_mixin.py:115} INFO - [2022-09-25T14:25:19.182+0000] {dag.py:2429} INFO - Sync 1 DAGs
[2022-09-25T14:25:19.217+0000] {logging_mixin.py:115} INFO - [2022-09-25T14:25:19.216+0000] {dag.py:2981} INFO - Setting next_dagrun for latest_only_with_trigger to 2022-09-25T10:25:19.216514+00:00, run_after=2022-09-25T14:25:19.216514+00:00
[2022-09-25T14:25:19.242+0000] {processor.py:161} INFO - Processing /home/airflow/.local/lib/python3.7/site-packages/airflow/example_dags/example_latest_only_with_trigger.py took 0.127 seconds
[2022-09-25T14:25:50.795+0000] {processor.py:153} INFO - Started process (PID=1701) to work on /home/airflow/.local/lib/python3.7/site-packages/airflow/example_dags/example_latest_only_with_trigger.py
[2022-09-25T14:25:50.798+0000] {processor.py:640} INFO - Processing file /home/airflow/.local/lib/python3.7/site-packages/airflow/example_dags/example_latest_only_with_trigger.py for tasks to queue
[2022-09-25T14:25:50.800+0000] {logging_mixin.py:115} INFO - [2022-09-25T14:25:50.800+0000] {dagbag.py:508} INFO - Filling up the DagBag from /home/airflow/.local/lib/python3.7/site-packages/airflow/example_dags/example_latest_only_with_trigger.py
[2022-09-25T14:25:50.810+0000] {processor.py:650} INFO - DAG(s) dict_keys(['latest_only_with_trigger']) retrieved from /home/airflow/.local/lib/python3.7/site-packages/airflow/example_dags/example_latest_only_with_trigger.py
[2022-09-25T14:25:50.864+0000] {logging_mixin.py:115} INFO - [2022-09-25T14:25:50.864+0000] {dag.py:2429} INFO - Sync 1 DAGs
[2022-09-25T14:25:50.903+0000] {logging_mixin.py:115} INFO - [2022-09-25T14:25:50.903+0000] {dag.py:2981} INFO - Setting next_dagrun for latest_only_with_trigger to 2022-09-25T10:25:50.902940+00:00, run_after=2022-09-25T14:25:50.902940+00:00
[2022-09-25T14:25:50.939+0000] {processor.py:161} INFO - Processing /home/airflow/.local/lib/python3.7/site-packages/airflow/example_dags/example_latest_only_with_trigger.py took 0.150 seconds
[2022-09-25T14:26:21.500+0000] {processor.py:153} INFO - Started process (PID=1906) to work on /home/airflow/.local/lib/python3.7/site-packages/airflow/example_dags/example_latest_only_with_trigger.py
[2022-09-25T14:26:21.502+0000] {processor.py:640} INFO - Processing file /home/airflow/.local/lib/python3.7/site-packages/airflow/example_dags/example_latest_only_with_trigger.py for tasks to queue
[2022-09-25T14:26:21.504+0000] {logging_mixin.py:115} INFO - [2022-09-25T14:26:21.503+0000] {dagbag.py:508} INFO - Filling up the DagBag from /home/airflow/.local/lib/python3.7/site-packages/airflow/example_dags/example_latest_only_with_trigger.py
[2022-09-25T14:26:21.512+0000] {processor.py:650} INFO - DAG(s) dict_keys(['latest_only_with_trigger']) retrieved from /home/airflow/.local/lib/python3.7/site-packages/airflow/example_dags/example_latest_only_with_trigger.py
[2022-09-25T14:26:21.554+0000] {logging_mixin.py:115} INFO - [2022-09-25T14:26:21.553+0000] {dag.py:2429} INFO - Sync 1 DAGs
[2022-09-25T14:26:21.585+0000] {logging_mixin.py:115} INFO - [2022-09-25T14:26:21.585+0000] {dag.py:2981} INFO - Setting next_dagrun for latest_only_with_trigger to 2022-09-25T10:26:21.585178+00:00, run_after=2022-09-25T14:26:21.585178+00:00
[2022-09-25T14:26:21.606+0000] {processor.py:161} INFO - Processing /home/airflow/.local/lib/python3.7/site-packages/airflow/example_dags/example_latest_only_with_trigger.py took 0.111 seconds
[2022-09-25T14:26:52.687+0000] {processor.py:153} INFO - Started process (PID=2121) to work on /home/airflow/.local/lib/python3.7/site-packages/airflow/example_dags/example_latest_only_with_trigger.py
[2022-09-25T14:26:52.690+0000] {processor.py:640} INFO - Processing file /home/airflow/.local/lib/python3.7/site-packages/airflow/example_dags/example_latest_only_with_trigger.py for tasks to queue
[2022-09-25T14:26:52.692+0000] {logging_mixin.py:115} INFO - [2022-09-25T14:26:52.691+0000] {dagbag.py:508} INFO - Filling up the DagBag from /home/airflow/.local/lib/python3.7/site-packages/airflow/example_dags/example_latest_only_with_trigger.py
[2022-09-25T14:26:52.703+0000] {processor.py:650} INFO - DAG(s) dict_keys(['latest_only_with_trigger']) retrieved from /home/airflow/.local/lib/python3.7/site-packages/airflow/example_dags/example_latest_only_with_trigger.py
[2022-09-25T14:26:52.798+0000] {logging_mixin.py:115} INFO - [2022-09-25T14:26:52.798+0000] {dag.py:2429} INFO - Sync 1 DAGs
[2022-09-25T14:26:52.846+0000] {logging_mixin.py:115} INFO - [2022-09-25T14:26:52.846+0000] {dag.py:2981} INFO - Setting next_dagrun for latest_only_with_trigger to 2022-09-25T10:26:52.846080+00:00, run_after=2022-09-25T14:26:52.846080+00:00
[2022-09-25T14:26:52.871+0000] {processor.py:161} INFO - Processing /home/airflow/.local/lib/python3.7/site-packages/airflow/example_dags/example_latest_only_with_trigger.py took 0.189 seconds
[2022-09-25T14:27:23.977+0000] {processor.py:153} INFO - Started process (PID=2325) to work on /home/airflow/.local/lib/python3.7/site-packages/airflow/example_dags/example_latest_only_with_trigger.py
[2022-09-25T14:27:23.979+0000] {processor.py:640} INFO - Processing file /home/airflow/.local/lib/python3.7/site-packages/airflow/example_dags/example_latest_only_with_trigger.py for tasks to queue
[2022-09-25T14:27:23.981+0000] {logging_mixin.py:115} INFO - [2022-09-25T14:27:23.980+0000] {dagbag.py:508} INFO - Filling up the DagBag from /home/airflow/.local/lib/python3.7/site-packages/airflow/example_dags/example_latest_only_with_trigger.py
[2022-09-25T14:27:23.992+0000] {processor.py:650} INFO - DAG(s) dict_keys(['latest_only_with_trigger']) retrieved from /home/airflow/.local/lib/python3.7/site-packages/airflow/example_dags/example_latest_only_with_trigger.py
[2022-09-25T14:27:24.041+0000] {logging_mixin.py:115} INFO - [2022-09-25T14:27:24.041+0000] {dag.py:2429} INFO - Sync 1 DAGs
[2022-09-25T14:27:24.076+0000] {logging_mixin.py:115} INFO - [2022-09-25T14:27:24.076+0000] {dag.py:2981} INFO - Setting next_dagrun for latest_only_with_trigger to 2022-09-25T10:27:24.076025+00:00, run_after=2022-09-25T14:27:24.076025+00:00
[2022-09-25T14:27:24.101+0000] {processor.py:161} INFO - Processing /home/airflow/.local/lib/python3.7/site-packages/airflow/example_dags/example_latest_only_with_trigger.py took 0.130 seconds
[2022-09-25T14:27:54.846+0000] {processor.py:153} INFO - Started process (PID=2538) to work on /home/airflow/.local/lib/python3.7/site-packages/airflow/example_dags/example_latest_only_with_trigger.py
[2022-09-25T14:27:54.848+0000] {processor.py:640} INFO - Processing file /home/airflow/.local/lib/python3.7/site-packages/airflow/example_dags/example_latest_only_with_trigger.py for tasks to queue
[2022-09-25T14:27:54.851+0000] {logging_mixin.py:115} INFO - [2022-09-25T14:27:54.850+0000] {dagbag.py:508} INFO - Filling up the DagBag from /home/airflow/.local/lib/python3.7/site-packages/airflow/example_dags/example_latest_only_with_trigger.py
[2022-09-25T14:27:54.862+0000] {processor.py:650} INFO - DAG(s) dict_keys(['latest_only_with_trigger']) retrieved from /home/airflow/.local/lib/python3.7/site-packages/airflow/example_dags/example_latest_only_with_trigger.py
[2022-09-25T14:27:54.911+0000] {logging_mixin.py:115} INFO - [2022-09-25T14:27:54.911+0000] {dag.py:2429} INFO - Sync 1 DAGs
[2022-09-25T14:27:54.952+0000] {logging_mixin.py:115} INFO - [2022-09-25T14:27:54.951+0000] {dag.py:2981} INFO - Setting next_dagrun for latest_only_with_trigger to 2022-09-25T10:27:54.951497+00:00, run_after=2022-09-25T14:27:54.951497+00:00
[2022-09-25T14:27:54.975+0000] {processor.py:161} INFO - Processing /home/airflow/.local/lib/python3.7/site-packages/airflow/example_dags/example_latest_only_with_trigger.py took 0.135 seconds
[2022-09-25T14:28:26.494+0000] {processor.py:153} INFO - Started process (PID=2743) to work on /home/airflow/.local/lib/python3.7/site-packages/airflow/example_dags/example_latest_only_with_trigger.py
[2022-09-25T14:28:26.496+0000] {processor.py:640} INFO - Processing file /home/airflow/.local/lib/python3.7/site-packages/airflow/example_dags/example_latest_only_with_trigger.py for tasks to queue
[2022-09-25T14:28:26.498+0000] {logging_mixin.py:115} INFO - [2022-09-25T14:28:26.498+0000] {dagbag.py:508} INFO - Filling up the DagBag from /home/airflow/.local/lib/python3.7/site-packages/airflow/example_dags/example_latest_only_with_trigger.py
[2022-09-25T14:28:26.507+0000] {processor.py:650} INFO - DAG(s) dict_keys(['latest_only_with_trigger']) retrieved from /home/airflow/.local/lib/python3.7/site-packages/airflow/example_dags/example_latest_only_with_trigger.py
[2022-09-25T14:28:26.558+0000] {logging_mixin.py:115} INFO - [2022-09-25T14:28:26.558+0000] {dag.py:2429} INFO - Sync 1 DAGs
[2022-09-25T14:28:26.595+0000] {logging_mixin.py:115} INFO - [2022-09-25T14:28:26.595+0000] {dag.py:2981} INFO - Setting next_dagrun for latest_only_with_trigger to 2022-09-25T10:28:26.595099+00:00, run_after=2022-09-25T14:28:26.595099+00:00
[2022-09-25T14:28:26.616+0000] {processor.py:161} INFO - Processing /home/airflow/.local/lib/python3.7/site-packages/airflow/example_dags/example_latest_only_with_trigger.py took 0.127 seconds
[2022-09-25T14:28:57.881+0000] {processor.py:153} INFO - Started process (PID=2957) to work on /home/airflow/.local/lib/python3.7/site-packages/airflow/example_dags/example_latest_only_with_trigger.py
[2022-09-25T14:28:57.883+0000] {processor.py:640} INFO - Processing file /home/airflow/.local/lib/python3.7/site-packages/airflow/example_dags/example_latest_only_with_trigger.py for tasks to queue
[2022-09-25T14:28:57.884+0000] {logging_mixin.py:115} INFO - [2022-09-25T14:28:57.884+0000] {dagbag.py:508} INFO - Filling up the DagBag from /home/airflow/.local/lib/python3.7/site-packages/airflow/example_dags/example_latest_only_with_trigger.py
[2022-09-25T14:28:57.893+0000] {processor.py:650} INFO - DAG(s) dict_keys(['latest_only_with_trigger']) retrieved from /home/airflow/.local/lib/python3.7/site-packages/airflow/example_dags/example_latest_only_with_trigger.py
[2022-09-25T14:28:57.946+0000] {logging_mixin.py:115} INFO - [2022-09-25T14:28:57.945+0000] {dag.py:2429} INFO - Sync 1 DAGs
[2022-09-25T14:28:57.980+0000] {logging_mixin.py:115} INFO - [2022-09-25T14:28:57.980+0000] {dag.py:2981} INFO - Setting next_dagrun for latest_only_with_trigger to 2022-09-25T10:28:57.979950+00:00, run_after=2022-09-25T14:28:57.979950+00:00
[2022-09-25T14:28:58.000+0000] {processor.py:161} INFO - Processing /home/airflow/.local/lib/python3.7/site-packages/airflow/example_dags/example_latest_only_with_trigger.py took 0.124 seconds
[2022-09-25T14:29:28.974+0000] {processor.py:153} INFO - Started process (PID=3162) to work on /home/airflow/.local/lib/python3.7/site-packages/airflow/example_dags/example_latest_only_with_trigger.py
[2022-09-25T14:29:28.977+0000] {processor.py:640} INFO - Processing file /home/airflow/.local/lib/python3.7/site-packages/airflow/example_dags/example_latest_only_with_trigger.py for tasks to queue
[2022-09-25T14:29:28.979+0000] {logging_mixin.py:115} INFO - [2022-09-25T14:29:28.979+0000] {dagbag.py:508} INFO - Filling up the DagBag from /home/airflow/.local/lib/python3.7/site-packages/airflow/example_dags/example_latest_only_with_trigger.py
[2022-09-25T14:29:28.992+0000] {processor.py:650} INFO - DAG(s) dict_keys(['latest_only_with_trigger']) retrieved from /home/airflow/.local/lib/python3.7/site-packages/airflow/example_dags/example_latest_only_with_trigger.py
[2022-09-25T14:29:29.062+0000] {logging_mixin.py:115} INFO - [2022-09-25T14:29:29.062+0000] {dag.py:2429} INFO - Sync 1 DAGs
[2022-09-25T14:29:29.108+0000] {logging_mixin.py:115} INFO - [2022-09-25T14:29:29.107+0000] {dag.py:2981} INFO - Setting next_dagrun for latest_only_with_trigger to 2022-09-25T10:29:29.107238+00:00, run_after=2022-09-25T14:29:29.107238+00:00
[2022-09-25T14:29:29.133+0000] {processor.py:161} INFO - Processing /home/airflow/.local/lib/python3.7/site-packages/airflow/example_dags/example_latest_only_with_trigger.py took 0.165 seconds
[2022-09-25T14:29:59.754+0000] {processor.py:153} INFO - Started process (PID=3377) to work on /home/airflow/.local/lib/python3.7/site-packages/airflow/example_dags/example_latest_only_with_trigger.py
[2022-09-25T14:29:59.757+0000] {processor.py:640} INFO - Processing file /home/airflow/.local/lib/python3.7/site-packages/airflow/example_dags/example_latest_only_with_trigger.py for tasks to queue
[2022-09-25T14:29:59.760+0000] {logging_mixin.py:115} INFO - [2022-09-25T14:29:59.760+0000] {dagbag.py:508} INFO - Filling up the DagBag from /home/airflow/.local/lib/python3.7/site-packages/airflow/example_dags/example_latest_only_with_trigger.py
[2022-09-25T14:29:59.770+0000] {processor.py:650} INFO - DAG(s) dict_keys(['latest_only_with_trigger']) retrieved from /home/airflow/.local/lib/python3.7/site-packages/airflow/example_dags/example_latest_only_with_trigger.py
[2022-09-25T14:29:59.820+0000] {logging_mixin.py:115} INFO - [2022-09-25T14:29:59.819+0000] {dag.py:2429} INFO - Sync 1 DAGs
[2022-09-25T14:29:59.854+0000] {logging_mixin.py:115} INFO - [2022-09-25T14:29:59.854+0000] {dag.py:2981} INFO - Setting next_dagrun for latest_only_with_trigger to 2022-09-25T10:29:59.854121+00:00, run_after=2022-09-25T14:29:59.854121+00:00
[2022-09-25T14:29:59.881+0000] {processor.py:161} INFO - Processing /home/airflow/.local/lib/python3.7/site-packages/airflow/example_dags/example_latest_only_with_trigger.py took 0.133 seconds
[2022-09-25T14:30:30.833+0000] {processor.py:153} INFO - Started process (PID=3582) to work on /home/airflow/.local/lib/python3.7/site-packages/airflow/example_dags/example_latest_only_with_trigger.py
[2022-09-25T14:30:30.836+0000] {processor.py:640} INFO - Processing file /home/airflow/.local/lib/python3.7/site-packages/airflow/example_dags/example_latest_only_with_trigger.py for tasks to queue
[2022-09-25T14:30:30.839+0000] {logging_mixin.py:115} INFO - [2022-09-25T14:30:30.839+0000] {dagbag.py:508} INFO - Filling up the DagBag from /home/airflow/.local/lib/python3.7/site-packages/airflow/example_dags/example_latest_only_with_trigger.py
[2022-09-25T14:30:30.852+0000] {processor.py:650} INFO - DAG(s) dict_keys(['latest_only_with_trigger']) retrieved from /home/airflow/.local/lib/python3.7/site-packages/airflow/example_dags/example_latest_only_with_trigger.py
[2022-09-25T14:30:30.917+0000] {logging_mixin.py:115} INFO - [2022-09-25T14:30:30.917+0000] {dag.py:2429} INFO - Sync 1 DAGs
[2022-09-25T14:30:30.965+0000] {logging_mixin.py:115} INFO - [2022-09-25T14:30:30.964+0000] {dag.py:2981} INFO - Setting next_dagrun for latest_only_with_trigger to 2022-09-25T10:30:30.964456+00:00, run_after=2022-09-25T14:30:30.964456+00:00
[2022-09-25T14:30:30.993+0000] {processor.py:161} INFO - Processing /home/airflow/.local/lib/python3.7/site-packages/airflow/example_dags/example_latest_only_with_trigger.py took 0.167 seconds
[2022-09-25T14:31:02.062+0000] {processor.py:153} INFO - Started process (PID=3796) to work on /home/airflow/.local/lib/python3.7/site-packages/airflow/example_dags/example_latest_only_with_trigger.py
[2022-09-25T14:31:02.064+0000] {processor.py:640} INFO - Processing file /home/airflow/.local/lib/python3.7/site-packages/airflow/example_dags/example_latest_only_with_trigger.py for tasks to queue
[2022-09-25T14:31:02.068+0000] {logging_mixin.py:115} INFO - [2022-09-25T14:31:02.067+0000] {dagbag.py:508} INFO - Filling up the DagBag from /home/airflow/.local/lib/python3.7/site-packages/airflow/example_dags/example_latest_only_with_trigger.py
[2022-09-25T14:31:02.080+0000] {processor.py:650} INFO - DAG(s) dict_keys(['latest_only_with_trigger']) retrieved from /home/airflow/.local/lib/python3.7/site-packages/airflow/example_dags/example_latest_only_with_trigger.py
[2022-09-25T14:31:02.261+0000] {logging_mixin.py:115} INFO - [2022-09-25T14:31:02.260+0000] {dag.py:2429} INFO - Sync 1 DAGs
[2022-09-25T14:31:02.383+0000] {logging_mixin.py:115} INFO - [2022-09-25T14:31:02.382+0000] {dag.py:2981} INFO - Setting next_dagrun for latest_only_with_trigger to 2022-09-25T10:31:02.381968+00:00, run_after=2022-09-25T14:31:02.381968+00:00
[2022-09-25T14:31:02.420+0000] {processor.py:161} INFO - Processing /home/airflow/.local/lib/python3.7/site-packages/airflow/example_dags/example_latest_only_with_trigger.py took 0.364 seconds
[2022-09-25T14:31:33.677+0000] {processor.py:153} INFO - Started process (PID=4002) to work on /home/airflow/.local/lib/python3.7/site-packages/airflow/example_dags/example_latest_only_with_trigger.py
[2022-09-25T14:31:33.681+0000] {processor.py:640} INFO - Processing file /home/airflow/.local/lib/python3.7/site-packages/airflow/example_dags/example_latest_only_with_trigger.py for tasks to queue
[2022-09-25T14:31:33.686+0000] {logging_mixin.py:115} INFO - [2022-09-25T14:31:33.685+0000] {dagbag.py:508} INFO - Filling up the DagBag from /home/airflow/.local/lib/python3.7/site-packages/airflow/example_dags/example_latest_only_with_trigger.py
[2022-09-25T14:31:33.710+0000] {processor.py:650} INFO - DAG(s) dict_keys(['latest_only_with_trigger']) retrieved from /home/airflow/.local/lib/python3.7/site-packages/airflow/example_dags/example_latest_only_with_trigger.py
[2022-09-25T14:31:33.776+0000] {logging_mixin.py:115} INFO - [2022-09-25T14:31:33.775+0000] {dag.py:2429} INFO - Sync 1 DAGs
[2022-09-25T14:31:33.825+0000] {logging_mixin.py:115} INFO - [2022-09-25T14:31:33.825+0000] {dag.py:2981} INFO - Setting next_dagrun for latest_only_with_trigger to 2022-09-25T10:31:33.825170+00:00, run_after=2022-09-25T14:31:33.825170+00:00
[2022-09-25T14:31:33.850+0000] {processor.py:161} INFO - Processing /home/airflow/.local/lib/python3.7/site-packages/airflow/example_dags/example_latest_only_with_trigger.py took 0.182 seconds
[2022-09-25T14:32:04.586+0000] {processor.py:153} INFO - Started process (PID=4215) to work on /home/airflow/.local/lib/python3.7/site-packages/airflow/example_dags/example_latest_only_with_trigger.py
[2022-09-25T14:32:04.589+0000] {processor.py:640} INFO - Processing file /home/airflow/.local/lib/python3.7/site-packages/airflow/example_dags/example_latest_only_with_trigger.py for tasks to queue
[2022-09-25T14:32:04.590+0000] {logging_mixin.py:115} INFO - [2022-09-25T14:32:04.590+0000] {dagbag.py:508} INFO - Filling up the DagBag from /home/airflow/.local/lib/python3.7/site-packages/airflow/example_dags/example_latest_only_with_trigger.py
[2022-09-25T14:32:04.606+0000] {processor.py:650} INFO - DAG(s) dict_keys(['latest_only_with_trigger']) retrieved from /home/airflow/.local/lib/python3.7/site-packages/airflow/example_dags/example_latest_only_with_trigger.py
[2022-09-25T14:32:04.646+0000] {logging_mixin.py:115} INFO - [2022-09-25T14:32:04.646+0000] {dag.py:2429} INFO - Sync 1 DAGs
[2022-09-25T14:32:04.681+0000] {logging_mixin.py:115} INFO - [2022-09-25T14:32:04.681+0000] {dag.py:2981} INFO - Setting next_dagrun for latest_only_with_trigger to 2022-09-25T10:32:04.680706+00:00, run_after=2022-09-25T14:32:04.680706+00:00
[2022-09-25T14:32:04.708+0000] {processor.py:161} INFO - Processing /home/airflow/.local/lib/python3.7/site-packages/airflow/example_dags/example_latest_only_with_trigger.py took 0.127 seconds
[2022-09-25T14:32:35.815+0000] {processor.py:153} INFO - Started process (PID=4420) to work on /home/airflow/.local/lib/python3.7/site-packages/airflow/example_dags/example_latest_only_with_trigger.py
[2022-09-25T14:32:35.822+0000] {processor.py:640} INFO - Processing file /home/airflow/.local/lib/python3.7/site-packages/airflow/example_dags/example_latest_only_with_trigger.py for tasks to queue
[2022-09-25T14:32:35.826+0000] {logging_mixin.py:115} INFO - [2022-09-25T14:32:35.825+0000] {dagbag.py:508} INFO - Filling up the DagBag from /home/airflow/.local/lib/python3.7/site-packages/airflow/example_dags/example_latest_only_with_trigger.py
[2022-09-25T14:32:35.864+0000] {processor.py:650} INFO - DAG(s) dict_keys(['latest_only_with_trigger']) retrieved from /home/airflow/.local/lib/python3.7/site-packages/airflow/example_dags/example_latest_only_with_trigger.py
[2022-09-25T14:32:35.933+0000] {logging_mixin.py:115} INFO - [2022-09-25T14:32:35.932+0000] {dag.py:2429} INFO - Sync 1 DAGs
[2022-09-25T14:32:35.990+0000] {logging_mixin.py:115} INFO - [2022-09-25T14:32:35.990+0000] {dag.py:2981} INFO - Setting next_dagrun for latest_only_with_trigger to 2022-09-25T10:32:35.989759+00:00, run_after=2022-09-25T14:32:35.989759+00:00
[2022-09-25T14:32:36.030+0000] {processor.py:161} INFO - Processing /home/airflow/.local/lib/python3.7/site-packages/airflow/example_dags/example_latest_only_with_trigger.py took 0.227 seconds
[2022-09-25T14:33:06.816+0000] {processor.py:153} INFO - Started process (PID=4636) to work on /home/airflow/.local/lib/python3.7/site-packages/airflow/example_dags/example_latest_only_with_trigger.py
[2022-09-25T14:33:06.819+0000] {processor.py:640} INFO - Processing file /home/airflow/.local/lib/python3.7/site-packages/airflow/example_dags/example_latest_only_with_trigger.py for tasks to queue
[2022-09-25T14:33:06.822+0000] {logging_mixin.py:115} INFO - [2022-09-25T14:33:06.821+0000] {dagbag.py:508} INFO - Filling up the DagBag from /home/airflow/.local/lib/python3.7/site-packages/airflow/example_dags/example_latest_only_with_trigger.py
[2022-09-25T14:33:06.840+0000] {processor.py:650} INFO - DAG(s) dict_keys(['latest_only_with_trigger']) retrieved from /home/airflow/.local/lib/python3.7/site-packages/airflow/example_dags/example_latest_only_with_trigger.py
[2022-09-25T14:33:06.889+0000] {logging_mixin.py:115} INFO - [2022-09-25T14:33:06.889+0000] {dag.py:2429} INFO - Sync 1 DAGs
[2022-09-25T14:33:06.951+0000] {logging_mixin.py:115} INFO - [2022-09-25T14:33:06.951+0000] {dag.py:2981} INFO - Setting next_dagrun for latest_only_with_trigger to 2022-09-25T10:33:06.950992+00:00, run_after=2022-09-25T14:33:06.950992+00:00
[2022-09-25T14:33:06.977+0000] {processor.py:161} INFO - Processing /home/airflow/.local/lib/python3.7/site-packages/airflow/example_dags/example_latest_only_with_trigger.py took 0.169 seconds
[2022-09-25T14:33:37.366+0000] {processor.py:153} INFO - Started process (PID=4836) to work on /home/airflow/.local/lib/python3.7/site-packages/airflow/example_dags/example_latest_only_with_trigger.py
[2022-09-25T14:33:37.369+0000] {processor.py:640} INFO - Processing file /home/airflow/.local/lib/python3.7/site-packages/airflow/example_dags/example_latest_only_with_trigger.py for tasks to queue
[2022-09-25T14:33:37.371+0000] {logging_mixin.py:115} INFO - [2022-09-25T14:33:37.371+0000] {dagbag.py:508} INFO - Filling up the DagBag from /home/airflow/.local/lib/python3.7/site-packages/airflow/example_dags/example_latest_only_with_trigger.py
[2022-09-25T14:33:37.387+0000] {processor.py:650} INFO - DAG(s) dict_keys(['latest_only_with_trigger']) retrieved from /home/airflow/.local/lib/python3.7/site-packages/airflow/example_dags/example_latest_only_with_trigger.py
[2022-09-25T14:33:37.430+0000] {logging_mixin.py:115} INFO - [2022-09-25T14:33:37.429+0000] {dag.py:2429} INFO - Sync 1 DAGs
[2022-09-25T14:33:37.467+0000] {logging_mixin.py:115} INFO - [2022-09-25T14:33:37.467+0000] {dag.py:2981} INFO - Setting next_dagrun for latest_only_with_trigger to 2022-09-25T10:33:37.466963+00:00, run_after=2022-09-25T14:33:37.466963+00:00
[2022-09-25T14:33:37.492+0000] {processor.py:161} INFO - Processing /home/airflow/.local/lib/python3.7/site-packages/airflow/example_dags/example_latest_only_with_trigger.py took 0.131 seconds
[2022-09-25T14:34:08.313+0000] {processor.py:153} INFO - Started process (PID=5050) to work on /home/airflow/.local/lib/python3.7/site-packages/airflow/example_dags/example_latest_only_with_trigger.py
[2022-09-25T14:34:08.316+0000] {processor.py:640} INFO - Processing file /home/airflow/.local/lib/python3.7/site-packages/airflow/example_dags/example_latest_only_with_trigger.py for tasks to queue
[2022-09-25T14:34:08.318+0000] {logging_mixin.py:115} INFO - [2022-09-25T14:34:08.317+0000] {dagbag.py:508} INFO - Filling up the DagBag from /home/airflow/.local/lib/python3.7/site-packages/airflow/example_dags/example_latest_only_with_trigger.py
[2022-09-25T14:34:08.339+0000] {processor.py:650} INFO - DAG(s) dict_keys(['latest_only_with_trigger']) retrieved from /home/airflow/.local/lib/python3.7/site-packages/airflow/example_dags/example_latest_only_with_trigger.py
[2022-09-25T14:34:08.392+0000] {logging_mixin.py:115} INFO - [2022-09-25T14:34:08.391+0000] {dag.py:2429} INFO - Sync 1 DAGs
[2022-09-25T14:34:08.435+0000] {logging_mixin.py:115} INFO - [2022-09-25T14:34:08.434+0000] {dag.py:2981} INFO - Setting next_dagrun for latest_only_with_trigger to 2022-09-25T10:34:08.434492+00:00, run_after=2022-09-25T14:34:08.434492+00:00
[2022-09-25T14:34:08.458+0000] {processor.py:161} INFO - Processing /home/airflow/.local/lib/python3.7/site-packages/airflow/example_dags/example_latest_only_with_trigger.py took 0.152 seconds
[2022-09-25T14:34:38.625+0000] {processor.py:153} INFO - Started process (PID=5252) to work on /home/airflow/.local/lib/python3.7/site-packages/airflow/example_dags/example_latest_only_with_trigger.py
[2022-09-25T14:34:38.627+0000] {processor.py:640} INFO - Processing file /home/airflow/.local/lib/python3.7/site-packages/airflow/example_dags/example_latest_only_with_trigger.py for tasks to queue
[2022-09-25T14:34:38.630+0000] {logging_mixin.py:115} INFO - [2022-09-25T14:34:38.629+0000] {dagbag.py:508} INFO - Filling up the DagBag from /home/airflow/.local/lib/python3.7/site-packages/airflow/example_dags/example_latest_only_with_trigger.py
[2022-09-25T14:34:38.645+0000] {processor.py:650} INFO - DAG(s) dict_keys(['latest_only_with_trigger']) retrieved from /home/airflow/.local/lib/python3.7/site-packages/airflow/example_dags/example_latest_only_with_trigger.py
[2022-09-25T14:34:38.687+0000] {logging_mixin.py:115} INFO - [2022-09-25T14:34:38.686+0000] {dag.py:2429} INFO - Sync 1 DAGs
[2022-09-25T14:34:38.722+0000] {logging_mixin.py:115} INFO - [2022-09-25T14:34:38.722+0000] {dag.py:2981} INFO - Setting next_dagrun for latest_only_with_trigger to 2022-09-25T10:34:38.721787+00:00, run_after=2022-09-25T14:34:38.721787+00:00
[2022-09-25T14:34:38.743+0000] {processor.py:161} INFO - Processing /home/airflow/.local/lib/python3.7/site-packages/airflow/example_dags/example_latest_only_with_trigger.py took 0.124 seconds
[2022-09-25T14:35:09.049+0000] {processor.py:153} INFO - Started process (PID=5465) to work on /home/airflow/.local/lib/python3.7/site-packages/airflow/example_dags/example_latest_only_with_trigger.py
[2022-09-25T14:35:09.054+0000] {processor.py:640} INFO - Processing file /home/airflow/.local/lib/python3.7/site-packages/airflow/example_dags/example_latest_only_with_trigger.py for tasks to queue
[2022-09-25T14:35:09.063+0000] {logging_mixin.py:115} INFO - [2022-09-25T14:35:09.059+0000] {dagbag.py:508} INFO - Filling up the DagBag from /home/airflow/.local/lib/python3.7/site-packages/airflow/example_dags/example_latest_only_with_trigger.py
[2022-09-25T14:35:09.098+0000] {processor.py:650} INFO - DAG(s) dict_keys(['latest_only_with_trigger']) retrieved from /home/airflow/.local/lib/python3.7/site-packages/airflow/example_dags/example_latest_only_with_trigger.py
[2022-09-25T14:35:09.170+0000] {logging_mixin.py:115} INFO - [2022-09-25T14:35:09.170+0000] {dag.py:2429} INFO - Sync 1 DAGs
[2022-09-25T14:35:09.219+0000] {logging_mixin.py:115} INFO - [2022-09-25T14:35:09.219+0000] {dag.py:2981} INFO - Setting next_dagrun for latest_only_with_trigger to 2022-09-25T10:35:09.218921+00:00, run_after=2022-09-25T14:35:09.218921+00:00
[2022-09-25T14:35:09.251+0000] {processor.py:161} INFO - Processing /home/airflow/.local/lib/python3.7/site-packages/airflow/example_dags/example_latest_only_with_trigger.py took 0.215 seconds
[2022-09-25T14:35:39.344+0000] {processor.py:153} INFO - Started process (PID=5670) to work on /home/airflow/.local/lib/python3.7/site-packages/airflow/example_dags/example_latest_only_with_trigger.py
[2022-09-25T14:35:39.349+0000] {processor.py:640} INFO - Processing file /home/airflow/.local/lib/python3.7/site-packages/airflow/example_dags/example_latest_only_with_trigger.py for tasks to queue
[2022-09-25T14:35:39.351+0000] {logging_mixin.py:115} INFO - [2022-09-25T14:35:39.350+0000] {dagbag.py:508} INFO - Filling up the DagBag from /home/airflow/.local/lib/python3.7/site-packages/airflow/example_dags/example_latest_only_with_trigger.py
[2022-09-25T14:35:39.366+0000] {processor.py:650} INFO - DAG(s) dict_keys(['latest_only_with_trigger']) retrieved from /home/airflow/.local/lib/python3.7/site-packages/airflow/example_dags/example_latest_only_with_trigger.py
[2022-09-25T14:35:39.409+0000] {logging_mixin.py:115} INFO - [2022-09-25T14:35:39.409+0000] {dag.py:2429} INFO - Sync 1 DAGs
[2022-09-25T14:35:39.445+0000] {logging_mixin.py:115} INFO - [2022-09-25T14:35:39.444+0000] {dag.py:2981} INFO - Setting next_dagrun for latest_only_with_trigger to 2022-09-25T10:35:39.444606+00:00, run_after=2022-09-25T14:35:39.444606+00:00
[2022-09-25T14:35:39.472+0000] {processor.py:161} INFO - Processing /home/airflow/.local/lib/python3.7/site-packages/airflow/example_dags/example_latest_only_with_trigger.py took 0.133 seconds
[2022-09-25T14:36:09.898+0000] {processor.py:153} INFO - Started process (PID=5885) to work on /home/airflow/.local/lib/python3.7/site-packages/airflow/example_dags/example_latest_only_with_trigger.py
[2022-09-25T14:36:09.900+0000] {processor.py:640} INFO - Processing file /home/airflow/.local/lib/python3.7/site-packages/airflow/example_dags/example_latest_only_with_trigger.py for tasks to queue
[2022-09-25T14:36:09.902+0000] {logging_mixin.py:115} INFO - [2022-09-25T14:36:09.902+0000] {dagbag.py:508} INFO - Filling up the DagBag from /home/airflow/.local/lib/python3.7/site-packages/airflow/example_dags/example_latest_only_with_trigger.py
[2022-09-25T14:36:09.920+0000] {processor.py:650} INFO - DAG(s) dict_keys(['latest_only_with_trigger']) retrieved from /home/airflow/.local/lib/python3.7/site-packages/airflow/example_dags/example_latest_only_with_trigger.py
[2022-09-25T14:36:09.986+0000] {logging_mixin.py:115} INFO - [2022-09-25T14:36:09.986+0000] {dag.py:2429} INFO - Sync 1 DAGs
[2022-09-25T14:36:10.032+0000] {logging_mixin.py:115} INFO - [2022-09-25T14:36:10.031+0000] {dag.py:2981} INFO - Setting next_dagrun for latest_only_with_trigger to 2022-09-25T10:36:10.031043+00:00, run_after=2022-09-25T14:36:10.031043+00:00
[2022-09-25T14:36:10.064+0000] {processor.py:161} INFO - Processing /home/airflow/.local/lib/python3.7/site-packages/airflow/example_dags/example_latest_only_with_trigger.py took 0.172 seconds
[2022-09-25T14:36:40.694+0000] {processor.py:153} INFO - Started process (PID=6090) to work on /home/airflow/.local/lib/python3.7/site-packages/airflow/example_dags/example_latest_only_with_trigger.py
[2022-09-25T14:36:40.698+0000] {processor.py:640} INFO - Processing file /home/airflow/.local/lib/python3.7/site-packages/airflow/example_dags/example_latest_only_with_trigger.py for tasks to queue
[2022-09-25T14:36:40.701+0000] {logging_mixin.py:115} INFO - [2022-09-25T14:36:40.700+0000] {dagbag.py:508} INFO - Filling up the DagBag from /home/airflow/.local/lib/python3.7/site-packages/airflow/example_dags/example_latest_only_with_trigger.py
[2022-09-25T14:36:40.715+0000] {processor.py:650} INFO - DAG(s) dict_keys(['latest_only_with_trigger']) retrieved from /home/airflow/.local/lib/python3.7/site-packages/airflow/example_dags/example_latest_only_with_trigger.py
[2022-09-25T14:36:40.770+0000] {logging_mixin.py:115} INFO - [2022-09-25T14:36:40.769+0000] {dag.py:2429} INFO - Sync 1 DAGs
[2022-09-25T14:36:40.813+0000] {logging_mixin.py:115} INFO - [2022-09-25T14:36:40.812+0000] {dag.py:2981} INFO - Setting next_dagrun for latest_only_with_trigger to 2022-09-25T10:36:40.812554+00:00, run_after=2022-09-25T14:36:40.812554+00:00
[2022-09-25T14:36:40.840+0000] {processor.py:161} INFO - Processing /home/airflow/.local/lib/python3.7/site-packages/airflow/example_dags/example_latest_only_with_trigger.py took 0.155 seconds
[2022-09-25T14:37:11.525+0000] {processor.py:153} INFO - Started process (PID=6302) to work on /home/airflow/.local/lib/python3.7/site-packages/airflow/example_dags/example_latest_only_with_trigger.py
[2022-09-25T14:37:11.528+0000] {processor.py:640} INFO - Processing file /home/airflow/.local/lib/python3.7/site-packages/airflow/example_dags/example_latest_only_with_trigger.py for tasks to queue
[2022-09-25T14:37:11.531+0000] {logging_mixin.py:115} INFO - [2022-09-25T14:37:11.531+0000] {dagbag.py:508} INFO - Filling up the DagBag from /home/airflow/.local/lib/python3.7/site-packages/airflow/example_dags/example_latest_only_with_trigger.py
[2022-09-25T14:37:11.540+0000] {processor.py:650} INFO - DAG(s) dict_keys(['latest_only_with_trigger']) retrieved from /home/airflow/.local/lib/python3.7/site-packages/airflow/example_dags/example_latest_only_with_trigger.py
[2022-09-25T14:37:11.604+0000] {logging_mixin.py:115} INFO - [2022-09-25T14:37:11.604+0000] {dag.py:2429} INFO - Sync 1 DAGs
[2022-09-25T14:37:11.643+0000] {logging_mixin.py:115} INFO - [2022-09-25T14:37:11.643+0000] {dag.py:2981} INFO - Setting next_dagrun for latest_only_with_trigger to 2022-09-25T10:37:11.642465+00:00, run_after=2022-09-25T14:37:11.642465+00:00
[2022-09-25T14:37:11.665+0000] {processor.py:161} INFO - Processing /home/airflow/.local/lib/python3.7/site-packages/airflow/example_dags/example_latest_only_with_trigger.py took 0.146 seconds
[2022-09-25T14:37:41.860+0000] {processor.py:153} INFO - Started process (PID=6508) to work on /home/airflow/.local/lib/python3.7/site-packages/airflow/example_dags/example_latest_only_with_trigger.py
[2022-09-25T14:37:41.866+0000] {processor.py:640} INFO - Processing file /home/airflow/.local/lib/python3.7/site-packages/airflow/example_dags/example_latest_only_with_trigger.py for tasks to queue
[2022-09-25T14:37:41.868+0000] {logging_mixin.py:115} INFO - [2022-09-25T14:37:41.868+0000] {dagbag.py:508} INFO - Filling up the DagBag from /home/airflow/.local/lib/python3.7/site-packages/airflow/example_dags/example_latest_only_with_trigger.py
[2022-09-25T14:37:41.880+0000] {processor.py:650} INFO - DAG(s) dict_keys(['latest_only_with_trigger']) retrieved from /home/airflow/.local/lib/python3.7/site-packages/airflow/example_dags/example_latest_only_with_trigger.py
[2022-09-25T14:37:41.930+0000] {logging_mixin.py:115} INFO - [2022-09-25T14:37:41.929+0000] {dag.py:2429} INFO - Sync 1 DAGs
[2022-09-25T14:37:41.967+0000] {logging_mixin.py:115} INFO - [2022-09-25T14:37:41.967+0000] {dag.py:2981} INFO - Setting next_dagrun for latest_only_with_trigger to 2022-09-25T10:37:41.967408+00:00, run_after=2022-09-25T14:37:41.967408+00:00
[2022-09-25T14:37:41.990+0000] {processor.py:161} INFO - Processing /home/airflow/.local/lib/python3.7/site-packages/airflow/example_dags/example_latest_only_with_trigger.py took 0.136 seconds
[2022-09-25T14:38:12.179+0000] {processor.py:153} INFO - Started process (PID=6713) to work on /home/airflow/.local/lib/python3.7/site-packages/airflow/example_dags/example_latest_only_with_trigger.py
[2022-09-25T14:38:12.183+0000] {processor.py:640} INFO - Processing file /home/airflow/.local/lib/python3.7/site-packages/airflow/example_dags/example_latest_only_with_trigger.py for tasks to queue
[2022-09-25T14:38:12.185+0000] {logging_mixin.py:115} INFO - [2022-09-25T14:38:12.184+0000] {dagbag.py:508} INFO - Filling up the DagBag from /home/airflow/.local/lib/python3.7/site-packages/airflow/example_dags/example_latest_only_with_trigger.py
[2022-09-25T14:38:12.195+0000] {processor.py:650} INFO - DAG(s) dict_keys(['latest_only_with_trigger']) retrieved from /home/airflow/.local/lib/python3.7/site-packages/airflow/example_dags/example_latest_only_with_trigger.py
[2022-09-25T14:38:12.257+0000] {logging_mixin.py:115} INFO - [2022-09-25T14:38:12.257+0000] {dag.py:2429} INFO - Sync 1 DAGs
[2022-09-25T14:38:12.301+0000] {logging_mixin.py:115} INFO - [2022-09-25T14:38:12.301+0000] {dag.py:2981} INFO - Setting next_dagrun for latest_only_with_trigger to 2022-09-25T10:38:12.300730+00:00, run_after=2022-09-25T14:38:12.300730+00:00
[2022-09-25T14:38:12.325+0000] {processor.py:161} INFO - Processing /home/airflow/.local/lib/python3.7/site-packages/airflow/example_dags/example_latest_only_with_trigger.py took 0.152 seconds
[2022-09-25T14:38:42.600+0000] {processor.py:153} INFO - Started process (PID=6926) to work on /home/airflow/.local/lib/python3.7/site-packages/airflow/example_dags/example_latest_only_with_trigger.py
[2022-09-25T14:38:42.605+0000] {processor.py:640} INFO - Processing file /home/airflow/.local/lib/python3.7/site-packages/airflow/example_dags/example_latest_only_with_trigger.py for tasks to queue
[2022-09-25T14:38:42.609+0000] {logging_mixin.py:115} INFO - [2022-09-25T14:38:42.608+0000] {dagbag.py:508} INFO - Filling up the DagBag from /home/airflow/.local/lib/python3.7/site-packages/airflow/example_dags/example_latest_only_with_trigger.py
[2022-09-25T14:38:42.633+0000] {processor.py:650} INFO - DAG(s) dict_keys(['latest_only_with_trigger']) retrieved from /home/airflow/.local/lib/python3.7/site-packages/airflow/example_dags/example_latest_only_with_trigger.py
[2022-09-25T14:38:42.718+0000] {logging_mixin.py:115} INFO - [2022-09-25T14:38:42.717+0000] {dag.py:2429} INFO - Sync 1 DAGs
[2022-09-25T14:38:42.783+0000] {logging_mixin.py:115} INFO - [2022-09-25T14:38:42.783+0000] {dag.py:2981} INFO - Setting next_dagrun for latest_only_with_trigger to 2022-09-25T10:38:42.782608+00:00, run_after=2022-09-25T14:38:42.782608+00:00
[2022-09-25T14:38:42.816+0000] {processor.py:161} INFO - Processing /home/airflow/.local/lib/python3.7/site-packages/airflow/example_dags/example_latest_only_with_trigger.py took 0.225 seconds
[2022-09-25T14:39:12.980+0000] {processor.py:153} INFO - Started process (PID=7129) to work on /home/airflow/.local/lib/python3.7/site-packages/airflow/example_dags/example_latest_only_with_trigger.py
[2022-09-25T14:39:12.984+0000] {processor.py:640} INFO - Processing file /home/airflow/.local/lib/python3.7/site-packages/airflow/example_dags/example_latest_only_with_trigger.py for tasks to queue
[2022-09-25T14:39:12.986+0000] {logging_mixin.py:115} INFO - [2022-09-25T14:39:12.986+0000] {dagbag.py:508} INFO - Filling up the DagBag from /home/airflow/.local/lib/python3.7/site-packages/airflow/example_dags/example_latest_only_with_trigger.py
[2022-09-25T14:39:12.996+0000] {processor.py:650} INFO - DAG(s) dict_keys(['latest_only_with_trigger']) retrieved from /home/airflow/.local/lib/python3.7/site-packages/airflow/example_dags/example_latest_only_with_trigger.py
[2022-09-25T14:39:13.040+0000] {logging_mixin.py:115} INFO - [2022-09-25T14:39:13.040+0000] {dag.py:2429} INFO - Sync 1 DAGs
[2022-09-25T14:39:13.076+0000] {logging_mixin.py:115} INFO - [2022-09-25T14:39:13.076+0000] {dag.py:2981} INFO - Setting next_dagrun for latest_only_with_trigger to 2022-09-25T10:39:13.075932+00:00, run_after=2022-09-25T14:39:13.075932+00:00
[2022-09-25T14:39:13.102+0000] {processor.py:161} INFO - Processing /home/airflow/.local/lib/python3.7/site-packages/airflow/example_dags/example_latest_only_with_trigger.py took 0.127 seconds
[2022-09-25T14:39:43.417+0000] {processor.py:153} INFO - Started process (PID=7346) to work on /home/airflow/.local/lib/python3.7/site-packages/airflow/example_dags/example_latest_only_with_trigger.py
[2022-09-25T14:39:43.419+0000] {processor.py:640} INFO - Processing file /home/airflow/.local/lib/python3.7/site-packages/airflow/example_dags/example_latest_only_with_trigger.py for tasks to queue
[2022-09-25T14:39:43.423+0000] {logging_mixin.py:115} INFO - [2022-09-25T14:39:43.422+0000] {dagbag.py:508} INFO - Filling up the DagBag from /home/airflow/.local/lib/python3.7/site-packages/airflow/example_dags/example_latest_only_with_trigger.py
[2022-09-25T14:39:43.440+0000] {processor.py:650} INFO - DAG(s) dict_keys(['latest_only_with_trigger']) retrieved from /home/airflow/.local/lib/python3.7/site-packages/airflow/example_dags/example_latest_only_with_trigger.py
[2022-09-25T14:39:43.500+0000] {logging_mixin.py:115} INFO - [2022-09-25T14:39:43.500+0000] {dag.py:2429} INFO - Sync 1 DAGs
[2022-09-25T14:39:43.546+0000] {logging_mixin.py:115} INFO - [2022-09-25T14:39:43.546+0000] {dag.py:2981} INFO - Setting next_dagrun for latest_only_with_trigger to 2022-09-25T10:39:43.545763+00:00, run_after=2022-09-25T14:39:43.545763+00:00
[2022-09-25T14:39:43.584+0000] {processor.py:161} INFO - Processing /home/airflow/.local/lib/python3.7/site-packages/airflow/example_dags/example_latest_only_with_trigger.py took 0.174 seconds
[2022-09-25T14:40:13.935+0000] {processor.py:153} INFO - Started process (PID=7551) to work on /home/airflow/.local/lib/python3.7/site-packages/airflow/example_dags/example_latest_only_with_trigger.py
[2022-09-25T14:40:13.939+0000] {processor.py:640} INFO - Processing file /home/airflow/.local/lib/python3.7/site-packages/airflow/example_dags/example_latest_only_with_trigger.py for tasks to queue
[2022-09-25T14:40:13.942+0000] {logging_mixin.py:115} INFO - [2022-09-25T14:40:13.941+0000] {dagbag.py:508} INFO - Filling up the DagBag from /home/airflow/.local/lib/python3.7/site-packages/airflow/example_dags/example_latest_only_with_trigger.py
[2022-09-25T14:40:13.952+0000] {processor.py:650} INFO - DAG(s) dict_keys(['latest_only_with_trigger']) retrieved from /home/airflow/.local/lib/python3.7/site-packages/airflow/example_dags/example_latest_only_with_trigger.py
[2022-09-25T14:40:14.000+0000] {logging_mixin.py:115} INFO - [2022-09-25T14:40:14.000+0000] {dag.py:2429} INFO - Sync 1 DAGs
[2022-09-25T14:40:14.039+0000] {logging_mixin.py:115} INFO - [2022-09-25T14:40:14.038+0000] {dag.py:2981} INFO - Setting next_dagrun for latest_only_with_trigger to 2022-09-25T10:40:14.038565+00:00, run_after=2022-09-25T14:40:14.038565+00:00
[2022-09-25T14:40:14.065+0000] {processor.py:161} INFO - Processing /home/airflow/.local/lib/python3.7/site-packages/airflow/example_dags/example_latest_only_with_trigger.py took 0.136 seconds
[2022-09-25T14:40:44.536+0000] {processor.py:153} INFO - Started process (PID=7765) to work on /home/airflow/.local/lib/python3.7/site-packages/airflow/example_dags/example_latest_only_with_trigger.py
[2022-09-25T14:40:44.539+0000] {processor.py:640} INFO - Processing file /home/airflow/.local/lib/python3.7/site-packages/airflow/example_dags/example_latest_only_with_trigger.py for tasks to queue
[2022-09-25T14:40:44.541+0000] {logging_mixin.py:115} INFO - [2022-09-25T14:40:44.540+0000] {dagbag.py:508} INFO - Filling up the DagBag from /home/airflow/.local/lib/python3.7/site-packages/airflow/example_dags/example_latest_only_with_trigger.py
[2022-09-25T14:40:44.551+0000] {processor.py:650} INFO - DAG(s) dict_keys(['latest_only_with_trigger']) retrieved from /home/airflow/.local/lib/python3.7/site-packages/airflow/example_dags/example_latest_only_with_trigger.py
[2022-09-25T14:40:44.600+0000] {logging_mixin.py:115} INFO - [2022-09-25T14:40:44.600+0000] {dag.py:2429} INFO - Sync 1 DAGs
[2022-09-25T14:40:44.646+0000] {logging_mixin.py:115} INFO - [2022-09-25T14:40:44.646+0000] {dag.py:2981} INFO - Setting next_dagrun for latest_only_with_trigger to 2022-09-25T10:40:44.645842+00:00, run_after=2022-09-25T14:40:44.645842+00:00
[2022-09-25T14:40:44.678+0000] {processor.py:161} INFO - Processing /home/airflow/.local/lib/python3.7/site-packages/airflow/example_dags/example_latest_only_with_trigger.py took 0.148 seconds
[2022-09-25T14:41:15.243+0000] {processor.py:153} INFO - Started process (PID=7970) to work on /home/airflow/.local/lib/python3.7/site-packages/airflow/example_dags/example_latest_only_with_trigger.py
[2022-09-25T14:41:15.245+0000] {processor.py:640} INFO - Processing file /home/airflow/.local/lib/python3.7/site-packages/airflow/example_dags/example_latest_only_with_trigger.py for tasks to queue
[2022-09-25T14:41:15.247+0000] {logging_mixin.py:115} INFO - [2022-09-25T14:41:15.247+0000] {dagbag.py:508} INFO - Filling up the DagBag from /home/airflow/.local/lib/python3.7/site-packages/airflow/example_dags/example_latest_only_with_trigger.py
[2022-09-25T14:41:15.260+0000] {processor.py:650} INFO - DAG(s) dict_keys(['latest_only_with_trigger']) retrieved from /home/airflow/.local/lib/python3.7/site-packages/airflow/example_dags/example_latest_only_with_trigger.py
[2022-09-25T14:41:15.310+0000] {logging_mixin.py:115} INFO - [2022-09-25T14:41:15.309+0000] {dag.py:2429} INFO - Sync 1 DAGs
[2022-09-25T14:41:15.348+0000] {logging_mixin.py:115} INFO - [2022-09-25T14:41:15.348+0000] {dag.py:2981} INFO - Setting next_dagrun for latest_only_with_trigger to 2022-09-25T10:41:15.347823+00:00, run_after=2022-09-25T14:41:15.347823+00:00
[2022-09-25T14:41:15.371+0000] {processor.py:161} INFO - Processing /home/airflow/.local/lib/python3.7/site-packages/airflow/example_dags/example_latest_only_with_trigger.py took 0.135 seconds
[2022-09-25T14:41:45.916+0000] {processor.py:153} INFO - Started process (PID=8184) to work on /home/airflow/.local/lib/python3.7/site-packages/airflow/example_dags/example_latest_only_with_trigger.py
[2022-09-25T14:41:45.918+0000] {processor.py:640} INFO - Processing file /home/airflow/.local/lib/python3.7/site-packages/airflow/example_dags/example_latest_only_with_trigger.py for tasks to queue
[2022-09-25T14:41:45.920+0000] {logging_mixin.py:115} INFO - [2022-09-25T14:41:45.920+0000] {dagbag.py:508} INFO - Filling up the DagBag from /home/airflow/.local/lib/python3.7/site-packages/airflow/example_dags/example_latest_only_with_trigger.py
[2022-09-25T14:41:45.929+0000] {processor.py:650} INFO - DAG(s) dict_keys(['latest_only_with_trigger']) retrieved from /home/airflow/.local/lib/python3.7/site-packages/airflow/example_dags/example_latest_only_with_trigger.py
[2022-09-25T14:41:45.970+0000] {logging_mixin.py:115} INFO - [2022-09-25T14:41:45.969+0000] {dag.py:2429} INFO - Sync 1 DAGs
[2022-09-25T14:41:46.005+0000] {logging_mixin.py:115} INFO - [2022-09-25T14:41:46.005+0000] {dag.py:2981} INFO - Setting next_dagrun for latest_only_with_trigger to 2022-09-25T10:41:46.004769+00:00, run_after=2022-09-25T14:41:46.004769+00:00
[2022-09-25T14:41:46.026+0000] {processor.py:161} INFO - Processing /home/airflow/.local/lib/python3.7/site-packages/airflow/example_dags/example_latest_only_with_trigger.py took 0.115 seconds
[2022-09-25T14:42:16.803+0000] {processor.py:153} INFO - Started process (PID=8389) to work on /home/airflow/.local/lib/python3.7/site-packages/airflow/example_dags/example_latest_only_with_trigger.py
[2022-09-25T14:42:16.806+0000] {processor.py:640} INFO - Processing file /home/airflow/.local/lib/python3.7/site-packages/airflow/example_dags/example_latest_only_with_trigger.py for tasks to queue
[2022-09-25T14:42:16.808+0000] {logging_mixin.py:115} INFO - [2022-09-25T14:42:16.808+0000] {dagbag.py:508} INFO - Filling up the DagBag from /home/airflow/.local/lib/python3.7/site-packages/airflow/example_dags/example_latest_only_with_trigger.py
[2022-09-25T14:42:16.819+0000] {processor.py:650} INFO - DAG(s) dict_keys(['latest_only_with_trigger']) retrieved from /home/airflow/.local/lib/python3.7/site-packages/airflow/example_dags/example_latest_only_with_trigger.py
[2022-09-25T14:42:16.866+0000] {logging_mixin.py:115} INFO - [2022-09-25T14:42:16.865+0000] {dag.py:2429} INFO - Sync 1 DAGs
[2022-09-25T14:42:16.905+0000] {logging_mixin.py:115} INFO - [2022-09-25T14:42:16.904+0000] {dag.py:2981} INFO - Setting next_dagrun for latest_only_with_trigger to 2022-09-25T10:42:16.904522+00:00, run_after=2022-09-25T14:42:16.904522+00:00
[2022-09-25T14:42:16.929+0000] {processor.py:161} INFO - Processing /home/airflow/.local/lib/python3.7/site-packages/airflow/example_dags/example_latest_only_with_trigger.py took 0.134 seconds
[2022-09-25T14:42:47.074+0000] {processor.py:153} INFO - Started process (PID=8605) to work on /home/airflow/.local/lib/python3.7/site-packages/airflow/example_dags/example_latest_only_with_trigger.py
[2022-09-25T14:42:47.077+0000] {processor.py:640} INFO - Processing file /home/airflow/.local/lib/python3.7/site-packages/airflow/example_dags/example_latest_only_with_trigger.py for tasks to queue
[2022-09-25T14:42:47.079+0000] {logging_mixin.py:115} INFO - [2022-09-25T14:42:47.079+0000] {dagbag.py:508} INFO - Filling up the DagBag from /home/airflow/.local/lib/python3.7/site-packages/airflow/example_dags/example_latest_only_with_trigger.py
[2022-09-25T14:42:47.089+0000] {processor.py:650} INFO - DAG(s) dict_keys(['latest_only_with_trigger']) retrieved from /home/airflow/.local/lib/python3.7/site-packages/airflow/example_dags/example_latest_only_with_trigger.py
[2022-09-25T14:42:47.132+0000] {logging_mixin.py:115} INFO - [2022-09-25T14:42:47.132+0000] {dag.py:2429} INFO - Sync 1 DAGs
[2022-09-25T14:42:47.166+0000] {logging_mixin.py:115} INFO - [2022-09-25T14:42:47.166+0000] {dag.py:2981} INFO - Setting next_dagrun for latest_only_with_trigger to 2022-09-25T10:42:47.166441+00:00, run_after=2022-09-25T14:42:47.166441+00:00
[2022-09-25T14:42:47.192+0000] {processor.py:161} INFO - Processing /home/airflow/.local/lib/python3.7/site-packages/airflow/example_dags/example_latest_only_with_trigger.py took 0.123 seconds
[2022-09-25T14:43:17.464+0000] {processor.py:153} INFO - Started process (PID=8810) to work on /home/airflow/.local/lib/python3.7/site-packages/airflow/example_dags/example_latest_only_with_trigger.py
[2022-09-25T14:43:17.466+0000] {processor.py:640} INFO - Processing file /home/airflow/.local/lib/python3.7/site-packages/airflow/example_dags/example_latest_only_with_trigger.py for tasks to queue
[2022-09-25T14:43:17.468+0000] {logging_mixin.py:115} INFO - [2022-09-25T14:43:17.468+0000] {dagbag.py:508} INFO - Filling up the DagBag from /home/airflow/.local/lib/python3.7/site-packages/airflow/example_dags/example_latest_only_with_trigger.py
[2022-09-25T14:43:17.478+0000] {processor.py:650} INFO - DAG(s) dict_keys(['latest_only_with_trigger']) retrieved from /home/airflow/.local/lib/python3.7/site-packages/airflow/example_dags/example_latest_only_with_trigger.py
[2022-09-25T14:43:17.521+0000] {logging_mixin.py:115} INFO - [2022-09-25T14:43:17.521+0000] {dag.py:2429} INFO - Sync 1 DAGs
[2022-09-25T14:43:17.553+0000] {logging_mixin.py:115} INFO - [2022-09-25T14:43:17.553+0000] {dag.py:2981} INFO - Setting next_dagrun for latest_only_with_trigger to 2022-09-25T10:43:17.552821+00:00, run_after=2022-09-25T14:43:17.552821+00:00
[2022-09-25T14:43:17.573+0000] {processor.py:161} INFO - Processing /home/airflow/.local/lib/python3.7/site-packages/airflow/example_dags/example_latest_only_with_trigger.py took 0.115 seconds
[2022-09-25T14:43:48.023+0000] {processor.py:153} INFO - Started process (PID=9025) to work on /home/airflow/.local/lib/python3.7/site-packages/airflow/example_dags/example_latest_only_with_trigger.py
[2022-09-25T14:43:48.025+0000] {processor.py:640} INFO - Processing file /home/airflow/.local/lib/python3.7/site-packages/airflow/example_dags/example_latest_only_with_trigger.py for tasks to queue
[2022-09-25T14:43:48.027+0000] {logging_mixin.py:115} INFO - [2022-09-25T14:43:48.027+0000] {dagbag.py:508} INFO - Filling up the DagBag from /home/airflow/.local/lib/python3.7/site-packages/airflow/example_dags/example_latest_only_with_trigger.py
[2022-09-25T14:43:48.038+0000] {processor.py:650} INFO - DAG(s) dict_keys(['latest_only_with_trigger']) retrieved from /home/airflow/.local/lib/python3.7/site-packages/airflow/example_dags/example_latest_only_with_trigger.py
[2022-09-25T14:43:48.087+0000] {logging_mixin.py:115} INFO - [2022-09-25T14:43:48.087+0000] {dag.py:2429} INFO - Sync 1 DAGs
[2022-09-25T14:43:48.125+0000] {logging_mixin.py:115} INFO - [2022-09-25T14:43:48.125+0000] {dag.py:2981} INFO - Setting next_dagrun for latest_only_with_trigger to 2022-09-25T10:43:48.125025+00:00, run_after=2022-09-25T14:43:48.125025+00:00
[2022-09-25T14:43:48.151+0000] {processor.py:161} INFO - Processing /home/airflow/.local/lib/python3.7/site-packages/airflow/example_dags/example_latest_only_with_trigger.py took 0.141 seconds
[2022-09-25T14:44:18.736+0000] {processor.py:153} INFO - Started process (PID=9230) to work on /home/airflow/.local/lib/python3.7/site-packages/airflow/example_dags/example_latest_only_with_trigger.py
[2022-09-25T14:44:18.739+0000] {processor.py:640} INFO - Processing file /home/airflow/.local/lib/python3.7/site-packages/airflow/example_dags/example_latest_only_with_trigger.py for tasks to queue
[2022-09-25T14:44:18.741+0000] {logging_mixin.py:115} INFO - [2022-09-25T14:44:18.741+0000] {dagbag.py:508} INFO - Filling up the DagBag from /home/airflow/.local/lib/python3.7/site-packages/airflow/example_dags/example_latest_only_with_trigger.py
[2022-09-25T14:44:18.751+0000] {processor.py:650} INFO - DAG(s) dict_keys(['latest_only_with_trigger']) retrieved from /home/airflow/.local/lib/python3.7/site-packages/airflow/example_dags/example_latest_only_with_trigger.py
[2022-09-25T14:44:18.798+0000] {logging_mixin.py:115} INFO - [2022-09-25T14:44:18.797+0000] {dag.py:2429} INFO - Sync 1 DAGs
[2022-09-25T14:44:18.844+0000] {logging_mixin.py:115} INFO - [2022-09-25T14:44:18.843+0000] {dag.py:2981} INFO - Setting next_dagrun for latest_only_with_trigger to 2022-09-25T10:44:18.843608+00:00, run_after=2022-09-25T14:44:18.843608+00:00
[2022-09-25T14:44:18.863+0000] {processor.py:161} INFO - Processing /home/airflow/.local/lib/python3.7/site-packages/airflow/example_dags/example_latest_only_with_trigger.py took 0.133 seconds
[2022-09-25T14:44:49.194+0000] {processor.py:153} INFO - Started process (PID=9445) to work on /home/airflow/.local/lib/python3.7/site-packages/airflow/example_dags/example_latest_only_with_trigger.py
[2022-09-25T14:44:49.197+0000] {processor.py:640} INFO - Processing file /home/airflow/.local/lib/python3.7/site-packages/airflow/example_dags/example_latest_only_with_trigger.py for tasks to queue
[2022-09-25T14:44:49.199+0000] {logging_mixin.py:115} INFO - [2022-09-25T14:44:49.199+0000] {dagbag.py:508} INFO - Filling up the DagBag from /home/airflow/.local/lib/python3.7/site-packages/airflow/example_dags/example_latest_only_with_trigger.py
[2022-09-25T14:44:49.211+0000] {processor.py:650} INFO - DAG(s) dict_keys(['latest_only_with_trigger']) retrieved from /home/airflow/.local/lib/python3.7/site-packages/airflow/example_dags/example_latest_only_with_trigger.py
[2022-09-25T14:44:49.259+0000] {logging_mixin.py:115} INFO - [2022-09-25T14:44:49.259+0000] {dag.py:2429} INFO - Sync 1 DAGs
[2022-09-25T14:44:49.311+0000] {logging_mixin.py:115} INFO - [2022-09-25T14:44:49.311+0000] {dag.py:2981} INFO - Setting next_dagrun for latest_only_with_trigger to 2022-09-25T10:44:49.310654+00:00, run_after=2022-09-25T14:44:49.310654+00:00
[2022-09-25T14:44:49.334+0000] {processor.py:161} INFO - Processing /home/airflow/.local/lib/python3.7/site-packages/airflow/example_dags/example_latest_only_with_trigger.py took 0.150 seconds
[2022-09-25T14:45:19.755+0000] {processor.py:153} INFO - Started process (PID=9650) to work on /home/airflow/.local/lib/python3.7/site-packages/airflow/example_dags/example_latest_only_with_trigger.py
[2022-09-25T14:45:19.758+0000] {processor.py:640} INFO - Processing file /home/airflow/.local/lib/python3.7/site-packages/airflow/example_dags/example_latest_only_with_trigger.py for tasks to queue
[2022-09-25T14:45:19.762+0000] {logging_mixin.py:115} INFO - [2022-09-25T14:45:19.762+0000] {dagbag.py:508} INFO - Filling up the DagBag from /home/airflow/.local/lib/python3.7/site-packages/airflow/example_dags/example_latest_only_with_trigger.py
[2022-09-25T14:45:19.779+0000] {processor.py:650} INFO - DAG(s) dict_keys(['latest_only_with_trigger']) retrieved from /home/airflow/.local/lib/python3.7/site-packages/airflow/example_dags/example_latest_only_with_trigger.py
[2022-09-25T14:45:19.833+0000] {logging_mixin.py:115} INFO - [2022-09-25T14:45:19.833+0000] {dag.py:2429} INFO - Sync 1 DAGs
[2022-09-25T14:45:19.874+0000] {logging_mixin.py:115} INFO - [2022-09-25T14:45:19.874+0000] {dag.py:2981} INFO - Setting next_dagrun for latest_only_with_trigger to 2022-09-25T10:45:19.874147+00:00, run_after=2022-09-25T14:45:19.874147+00:00
[2022-09-25T14:45:19.905+0000] {processor.py:161} INFO - Processing /home/airflow/.local/lib/python3.7/site-packages/airflow/example_dags/example_latest_only_with_trigger.py took 0.157 seconds
[2022-09-25T14:45:50.330+0000] {processor.py:153} INFO - Started process (PID=9864) to work on /home/airflow/.local/lib/python3.7/site-packages/airflow/example_dags/example_latest_only_with_trigger.py
[2022-09-25T14:45:50.333+0000] {processor.py:640} INFO - Processing file /home/airflow/.local/lib/python3.7/site-packages/airflow/example_dags/example_latest_only_with_trigger.py for tasks to queue
[2022-09-25T14:45:50.336+0000] {logging_mixin.py:115} INFO - [2022-09-25T14:45:50.335+0000] {dagbag.py:508} INFO - Filling up the DagBag from /home/airflow/.local/lib/python3.7/site-packages/airflow/example_dags/example_latest_only_with_trigger.py
[2022-09-25T14:45:50.347+0000] {processor.py:650} INFO - DAG(s) dict_keys(['latest_only_with_trigger']) retrieved from /home/airflow/.local/lib/python3.7/site-packages/airflow/example_dags/example_latest_only_with_trigger.py
[2022-09-25T14:45:50.418+0000] {logging_mixin.py:115} INFO - [2022-09-25T14:45:50.418+0000] {dag.py:2429} INFO - Sync 1 DAGs
[2022-09-25T14:45:50.462+0000] {logging_mixin.py:115} INFO - [2022-09-25T14:45:50.462+0000] {dag.py:2981} INFO - Setting next_dagrun for latest_only_with_trigger to 2022-09-25T10:45:50.462087+00:00, run_after=2022-09-25T14:45:50.462087+00:00
[2022-09-25T14:45:50.498+0000] {processor.py:161} INFO - Processing /home/airflow/.local/lib/python3.7/site-packages/airflow/example_dags/example_latest_only_with_trigger.py took 0.174 seconds
[2022-09-25T14:46:20.996+0000] {processor.py:153} INFO - Started process (PID=10069) to work on /home/airflow/.local/lib/python3.7/site-packages/airflow/example_dags/example_latest_only_with_trigger.py
[2022-09-25T14:46:20.999+0000] {processor.py:640} INFO - Processing file /home/airflow/.local/lib/python3.7/site-packages/airflow/example_dags/example_latest_only_with_trigger.py for tasks to queue
[2022-09-25T14:46:21.001+0000] {logging_mixin.py:115} INFO - [2022-09-25T14:46:21.001+0000] {dagbag.py:508} INFO - Filling up the DagBag from /home/airflow/.local/lib/python3.7/site-packages/airflow/example_dags/example_latest_only_with_trigger.py
[2022-09-25T14:46:21.012+0000] {processor.py:650} INFO - DAG(s) dict_keys(['latest_only_with_trigger']) retrieved from /home/airflow/.local/lib/python3.7/site-packages/airflow/example_dags/example_latest_only_with_trigger.py
[2022-09-25T14:46:21.064+0000] {logging_mixin.py:115} INFO - [2022-09-25T14:46:21.064+0000] {dag.py:2429} INFO - Sync 1 DAGs
[2022-09-25T14:46:21.102+0000] {logging_mixin.py:115} INFO - [2022-09-25T14:46:21.102+0000] {dag.py:2981} INFO - Setting next_dagrun for latest_only_with_trigger to 2022-09-25T10:46:21.101526+00:00, run_after=2022-09-25T14:46:21.101526+00:00
[2022-09-25T14:46:21.124+0000] {processor.py:161} INFO - Processing /home/airflow/.local/lib/python3.7/site-packages/airflow/example_dags/example_latest_only_with_trigger.py took 0.135 seconds
[2022-09-25T14:46:51.418+0000] {processor.py:153} INFO - Started process (PID=10283) to work on /home/airflow/.local/lib/python3.7/site-packages/airflow/example_dags/example_latest_only_with_trigger.py
[2022-09-25T14:46:51.426+0000] {processor.py:640} INFO - Processing file /home/airflow/.local/lib/python3.7/site-packages/airflow/example_dags/example_latest_only_with_trigger.py for tasks to queue
[2022-09-25T14:46:51.428+0000] {logging_mixin.py:115} INFO - [2022-09-25T14:46:51.428+0000] {dagbag.py:508} INFO - Filling up the DagBag from /home/airflow/.local/lib/python3.7/site-packages/airflow/example_dags/example_latest_only_with_trigger.py
[2022-09-25T14:46:51.439+0000] {processor.py:650} INFO - DAG(s) dict_keys(['latest_only_with_trigger']) retrieved from /home/airflow/.local/lib/python3.7/site-packages/airflow/example_dags/example_latest_only_with_trigger.py
[2022-09-25T14:46:51.489+0000] {logging_mixin.py:115} INFO - [2022-09-25T14:46:51.489+0000] {dag.py:2429} INFO - Sync 1 DAGs
[2022-09-25T14:46:51.539+0000] {logging_mixin.py:115} INFO - [2022-09-25T14:46:51.539+0000] {dag.py:2981} INFO - Setting next_dagrun for latest_only_with_trigger to 2022-09-25T10:46:51.538645+00:00, run_after=2022-09-25T14:46:51.538645+00:00
[2022-09-25T14:46:51.569+0000] {processor.py:161} INFO - Processing /home/airflow/.local/lib/python3.7/site-packages/airflow/example_dags/example_latest_only_with_trigger.py took 0.157 seconds
[2022-09-25T14:47:21.793+0000] {processor.py:153} INFO - Started process (PID=10488) to work on /home/airflow/.local/lib/python3.7/site-packages/airflow/example_dags/example_latest_only_with_trigger.py
[2022-09-25T14:47:21.801+0000] {processor.py:640} INFO - Processing file /home/airflow/.local/lib/python3.7/site-packages/airflow/example_dags/example_latest_only_with_trigger.py for tasks to queue
[2022-09-25T14:47:21.805+0000] {logging_mixin.py:115} INFO - [2022-09-25T14:47:21.804+0000] {dagbag.py:508} INFO - Filling up the DagBag from /home/airflow/.local/lib/python3.7/site-packages/airflow/example_dags/example_latest_only_with_trigger.py
[2022-09-25T14:47:21.817+0000] {processor.py:650} INFO - DAG(s) dict_keys(['latest_only_with_trigger']) retrieved from /home/airflow/.local/lib/python3.7/site-packages/airflow/example_dags/example_latest_only_with_trigger.py
[2022-09-25T14:47:21.878+0000] {logging_mixin.py:115} INFO - [2022-09-25T14:47:21.877+0000] {dag.py:2429} INFO - Sync 1 DAGs
[2022-09-25T14:47:21.946+0000] {logging_mixin.py:115} INFO - [2022-09-25T14:47:21.945+0000] {dag.py:2981} INFO - Setting next_dagrun for latest_only_with_trigger to 2022-09-25T10:47:21.944870+00:00, run_after=2022-09-25T14:47:21.944870+00:00
[2022-09-25T14:47:21.973+0000] {processor.py:161} INFO - Processing /home/airflow/.local/lib/python3.7/site-packages/airflow/example_dags/example_latest_only_with_trigger.py took 0.186 seconds
[2022-09-25T14:47:52.672+0000] {processor.py:153} INFO - Started process (PID=10702) to work on /home/airflow/.local/lib/python3.7/site-packages/airflow/example_dags/example_latest_only_with_trigger.py
[2022-09-25T14:47:52.675+0000] {processor.py:640} INFO - Processing file /home/airflow/.local/lib/python3.7/site-packages/airflow/example_dags/example_latest_only_with_trigger.py for tasks to queue
[2022-09-25T14:47:52.677+0000] {logging_mixin.py:115} INFO - [2022-09-25T14:47:52.677+0000] {dagbag.py:508} INFO - Filling up the DagBag from /home/airflow/.local/lib/python3.7/site-packages/airflow/example_dags/example_latest_only_with_trigger.py
[2022-09-25T14:47:52.703+0000] {processor.py:650} INFO - DAG(s) dict_keys(['latest_only_with_trigger']) retrieved from /home/airflow/.local/lib/python3.7/site-packages/airflow/example_dags/example_latest_only_with_trigger.py
[2022-09-25T14:47:52.763+0000] {logging_mixin.py:115} INFO - [2022-09-25T14:47:52.763+0000] {dag.py:2429} INFO - Sync 1 DAGs
[2022-09-25T14:47:52.805+0000] {logging_mixin.py:115} INFO - [2022-09-25T14:47:52.805+0000] {dag.py:2981} INFO - Setting next_dagrun for latest_only_with_trigger to 2022-09-25T10:47:52.804590+00:00, run_after=2022-09-25T14:47:52.804590+00:00
[2022-09-25T14:47:52.828+0000] {processor.py:161} INFO - Processing /home/airflow/.local/lib/python3.7/site-packages/airflow/example_dags/example_latest_only_with_trigger.py took 0.162 seconds
[2022-09-25T14:48:22.924+0000] {processor.py:153} INFO - Started process (PID=10908) to work on /home/airflow/.local/lib/python3.7/site-packages/airflow/example_dags/example_latest_only_with_trigger.py
[2022-09-25T14:48:22.931+0000] {processor.py:640} INFO - Processing file /home/airflow/.local/lib/python3.7/site-packages/airflow/example_dags/example_latest_only_with_trigger.py for tasks to queue
[2022-09-25T14:48:22.935+0000] {logging_mixin.py:115} INFO - [2022-09-25T14:48:22.934+0000] {dagbag.py:508} INFO - Filling up the DagBag from /home/airflow/.local/lib/python3.7/site-packages/airflow/example_dags/example_latest_only_with_trigger.py
[2022-09-25T14:48:22.965+0000] {processor.py:650} INFO - DAG(s) dict_keys(['latest_only_with_trigger']) retrieved from /home/airflow/.local/lib/python3.7/site-packages/airflow/example_dags/example_latest_only_with_trigger.py
[2022-09-25T14:48:23.039+0000] {logging_mixin.py:115} INFO - [2022-09-25T14:48:23.038+0000] {dag.py:2429} INFO - Sync 1 DAGs
[2022-09-25T14:48:23.084+0000] {logging_mixin.py:115} INFO - [2022-09-25T14:48:23.084+0000] {dag.py:2981} INFO - Setting next_dagrun for latest_only_with_trigger to 2022-09-25T10:48:23.084024+00:00, run_after=2022-09-25T14:48:23.084024+00:00
[2022-09-25T14:48:23.115+0000] {processor.py:161} INFO - Processing /home/airflow/.local/lib/python3.7/site-packages/airflow/example_dags/example_latest_only_with_trigger.py took 0.204 seconds
[2022-09-25T14:48:54.115+0000] {processor.py:153} INFO - Started process (PID=11122) to work on /home/airflow/.local/lib/python3.7/site-packages/airflow/example_dags/example_latest_only_with_trigger.py
[2022-09-25T14:48:54.117+0000] {processor.py:640} INFO - Processing file /home/airflow/.local/lib/python3.7/site-packages/airflow/example_dags/example_latest_only_with_trigger.py for tasks to queue
[2022-09-25T14:48:54.119+0000] {logging_mixin.py:115} INFO - [2022-09-25T14:48:54.119+0000] {dagbag.py:508} INFO - Filling up the DagBag from /home/airflow/.local/lib/python3.7/site-packages/airflow/example_dags/example_latest_only_with_trigger.py
[2022-09-25T14:48:54.129+0000] {processor.py:650} INFO - DAG(s) dict_keys(['latest_only_with_trigger']) retrieved from /home/airflow/.local/lib/python3.7/site-packages/airflow/example_dags/example_latest_only_with_trigger.py
[2022-09-25T14:48:54.195+0000] {logging_mixin.py:115} INFO - [2022-09-25T14:48:54.194+0000] {dag.py:2429} INFO - Sync 1 DAGs
[2022-09-25T14:48:54.238+0000] {logging_mixin.py:115} INFO - [2022-09-25T14:48:54.238+0000] {dag.py:2981} INFO - Setting next_dagrun for latest_only_with_trigger to 2022-09-25T10:48:54.237967+00:00, run_after=2022-09-25T14:48:54.237967+00:00
[2022-09-25T14:48:54.259+0000] {processor.py:161} INFO - Processing /home/airflow/.local/lib/python3.7/site-packages/airflow/example_dags/example_latest_only_with_trigger.py took 0.151 seconds
[2022-09-25T14:49:24.777+0000] {processor.py:153} INFO - Started process (PID=11333) to work on /home/airflow/.local/lib/python3.7/site-packages/airflow/example_dags/example_latest_only_with_trigger.py
[2022-09-25T14:49:24.779+0000] {processor.py:640} INFO - Processing file /home/airflow/.local/lib/python3.7/site-packages/airflow/example_dags/example_latest_only_with_trigger.py for tasks to queue
[2022-09-25T14:49:24.783+0000] {logging_mixin.py:115} INFO - [2022-09-25T14:49:24.782+0000] {dagbag.py:508} INFO - Filling up the DagBag from /home/airflow/.local/lib/python3.7/site-packages/airflow/example_dags/example_latest_only_with_trigger.py
[2022-09-25T14:49:24.799+0000] {processor.py:650} INFO - DAG(s) dict_keys(['latest_only_with_trigger']) retrieved from /home/airflow/.local/lib/python3.7/site-packages/airflow/example_dags/example_latest_only_with_trigger.py
[2022-09-25T14:49:24.842+0000] {logging_mixin.py:115} INFO - [2022-09-25T14:49:24.841+0000] {dag.py:2429} INFO - Sync 1 DAGs
[2022-09-25T14:49:24.877+0000] {logging_mixin.py:115} INFO - [2022-09-25T14:49:24.877+0000] {dag.py:2981} INFO - Setting next_dagrun for latest_only_with_trigger to 2022-09-25T10:49:24.877298+00:00, run_after=2022-09-25T14:49:24.877298+00:00
[2022-09-25T14:49:24.909+0000] {processor.py:161} INFO - Processing /home/airflow/.local/lib/python3.7/site-packages/airflow/example_dags/example_latest_only_with_trigger.py took 0.143 seconds
[2022-09-25T14:49:55.070+0000] {processor.py:153} INFO - Started process (PID=11538) to work on /home/airflow/.local/lib/python3.7/site-packages/airflow/example_dags/example_latest_only_with_trigger.py
[2022-09-25T14:49:55.072+0000] {processor.py:640} INFO - Processing file /home/airflow/.local/lib/python3.7/site-packages/airflow/example_dags/example_latest_only_with_trigger.py for tasks to queue
[2022-09-25T14:49:55.075+0000] {logging_mixin.py:115} INFO - [2022-09-25T14:49:55.074+0000] {dagbag.py:508} INFO - Filling up the DagBag from /home/airflow/.local/lib/python3.7/site-packages/airflow/example_dags/example_latest_only_with_trigger.py
[2022-09-25T14:49:55.102+0000] {processor.py:650} INFO - DAG(s) dict_keys(['latest_only_with_trigger']) retrieved from /home/airflow/.local/lib/python3.7/site-packages/airflow/example_dags/example_latest_only_with_trigger.py
[2022-09-25T14:49:55.169+0000] {logging_mixin.py:115} INFO - [2022-09-25T14:49:55.169+0000] {dag.py:2429} INFO - Sync 1 DAGs
[2022-09-25T14:49:55.220+0000] {logging_mixin.py:115} INFO - [2022-09-25T14:49:55.220+0000] {dag.py:2981} INFO - Setting next_dagrun for latest_only_with_trigger to 2022-09-25T10:49:55.219945+00:00, run_after=2022-09-25T14:49:55.219945+00:00
[2022-09-25T14:49:55.254+0000] {processor.py:161} INFO - Processing /home/airflow/.local/lib/python3.7/site-packages/airflow/example_dags/example_latest_only_with_trigger.py took 0.191 seconds
[2022-09-25T14:50:25.603+0000] {processor.py:153} INFO - Started process (PID=11753) to work on /home/airflow/.local/lib/python3.7/site-packages/airflow/example_dags/example_latest_only_with_trigger.py
[2022-09-25T14:50:25.606+0000] {processor.py:640} INFO - Processing file /home/airflow/.local/lib/python3.7/site-packages/airflow/example_dags/example_latest_only_with_trigger.py for tasks to queue
[2022-09-25T14:50:25.607+0000] {logging_mixin.py:115} INFO - [2022-09-25T14:50:25.607+0000] {dagbag.py:508} INFO - Filling up the DagBag from /home/airflow/.local/lib/python3.7/site-packages/airflow/example_dags/example_latest_only_with_trigger.py
[2022-09-25T14:50:25.620+0000] {processor.py:650} INFO - DAG(s) dict_keys(['latest_only_with_trigger']) retrieved from /home/airflow/.local/lib/python3.7/site-packages/airflow/example_dags/example_latest_only_with_trigger.py
[2022-09-25T14:50:25.677+0000] {logging_mixin.py:115} INFO - [2022-09-25T14:50:25.676+0000] {dag.py:2429} INFO - Sync 1 DAGs
[2022-09-25T14:50:25.725+0000] {logging_mixin.py:115} INFO - [2022-09-25T14:50:25.725+0000] {dag.py:2981} INFO - Setting next_dagrun for latest_only_with_trigger to 2022-09-25T10:50:25.724971+00:00, run_after=2022-09-25T14:50:25.724971+00:00
[2022-09-25T14:50:25.755+0000] {processor.py:161} INFO - Processing /home/airflow/.local/lib/python3.7/site-packages/airflow/example_dags/example_latest_only_with_trigger.py took 0.159 seconds
[2022-09-25T14:50:56.285+0000] {processor.py:153} INFO - Started process (PID=11959) to work on /home/airflow/.local/lib/python3.7/site-packages/airflow/example_dags/example_latest_only_with_trigger.py
[2022-09-25T14:50:56.288+0000] {processor.py:640} INFO - Processing file /home/airflow/.local/lib/python3.7/site-packages/airflow/example_dags/example_latest_only_with_trigger.py for tasks to queue
[2022-09-25T14:50:56.289+0000] {logging_mixin.py:115} INFO - [2022-09-25T14:50:56.289+0000] {dagbag.py:508} INFO - Filling up the DagBag from /home/airflow/.local/lib/python3.7/site-packages/airflow/example_dags/example_latest_only_with_trigger.py
[2022-09-25T14:50:56.299+0000] {processor.py:650} INFO - DAG(s) dict_keys(['latest_only_with_trigger']) retrieved from /home/airflow/.local/lib/python3.7/site-packages/airflow/example_dags/example_latest_only_with_trigger.py
[2022-09-25T14:50:56.346+0000] {logging_mixin.py:115} INFO - [2022-09-25T14:50:56.345+0000] {dag.py:2429} INFO - Sync 1 DAGs
[2022-09-25T14:50:56.384+0000] {logging_mixin.py:115} INFO - [2022-09-25T14:50:56.384+0000] {dag.py:2981} INFO - Setting next_dagrun for latest_only_with_trigger to 2022-09-25T10:50:56.383843+00:00, run_after=2022-09-25T14:50:56.383843+00:00
[2022-09-25T14:50:56.408+0000] {processor.py:161} INFO - Processing /home/airflow/.local/lib/python3.7/site-packages/airflow/example_dags/example_latest_only_with_trigger.py took 0.129 seconds
[2022-09-25T14:51:26.755+0000] {processor.py:153} INFO - Started process (PID=12173) to work on /home/airflow/.local/lib/python3.7/site-packages/airflow/example_dags/example_latest_only_with_trigger.py
[2022-09-25T14:51:26.757+0000] {processor.py:640} INFO - Processing file /home/airflow/.local/lib/python3.7/site-packages/airflow/example_dags/example_latest_only_with_trigger.py for tasks to queue
[2022-09-25T14:51:26.760+0000] {logging_mixin.py:115} INFO - [2022-09-25T14:51:26.760+0000] {dagbag.py:508} INFO - Filling up the DagBag from /home/airflow/.local/lib/python3.7/site-packages/airflow/example_dags/example_latest_only_with_trigger.py
[2022-09-25T14:51:26.770+0000] {processor.py:650} INFO - DAG(s) dict_keys(['latest_only_with_trigger']) retrieved from /home/airflow/.local/lib/python3.7/site-packages/airflow/example_dags/example_latest_only_with_trigger.py
[2022-09-25T14:51:26.818+0000] {logging_mixin.py:115} INFO - [2022-09-25T14:51:26.818+0000] {dag.py:2429} INFO - Sync 1 DAGs
[2022-09-25T14:51:26.862+0000] {logging_mixin.py:115} INFO - [2022-09-25T14:51:26.862+0000] {dag.py:2981} INFO - Setting next_dagrun for latest_only_with_trigger to 2022-09-25T10:51:26.862051+00:00, run_after=2022-09-25T14:51:26.862051+00:00
[2022-09-25T14:51:26.885+0000] {processor.py:161} INFO - Processing /home/airflow/.local/lib/python3.7/site-packages/airflow/example_dags/example_latest_only_with_trigger.py took 0.136 seconds
[2022-09-25T14:51:57.203+0000] {processor.py:153} INFO - Started process (PID=12378) to work on /home/airflow/.local/lib/python3.7/site-packages/airflow/example_dags/example_latest_only_with_trigger.py
[2022-09-25T14:51:57.207+0000] {processor.py:640} INFO - Processing file /home/airflow/.local/lib/python3.7/site-packages/airflow/example_dags/example_latest_only_with_trigger.py for tasks to queue
[2022-09-25T14:51:57.209+0000] {logging_mixin.py:115} INFO - [2022-09-25T14:51:57.209+0000] {dagbag.py:508} INFO - Filling up the DagBag from /home/airflow/.local/lib/python3.7/site-packages/airflow/example_dags/example_latest_only_with_trigger.py
[2022-09-25T14:51:57.219+0000] {processor.py:650} INFO - DAG(s) dict_keys(['latest_only_with_trigger']) retrieved from /home/airflow/.local/lib/python3.7/site-packages/airflow/example_dags/example_latest_only_with_trigger.py
[2022-09-25T14:51:57.275+0000] {logging_mixin.py:115} INFO - [2022-09-25T14:51:57.275+0000] {dag.py:2429} INFO - Sync 1 DAGs
[2022-09-25T14:51:57.317+0000] {logging_mixin.py:115} INFO - [2022-09-25T14:51:57.317+0000] {dag.py:2981} INFO - Setting next_dagrun for latest_only_with_trigger to 2022-09-25T10:51:57.316655+00:00, run_after=2022-09-25T14:51:57.316655+00:00
[2022-09-25T14:51:57.341+0000] {processor.py:161} INFO - Processing /home/airflow/.local/lib/python3.7/site-packages/airflow/example_dags/example_latest_only_with_trigger.py took 0.150 seconds
