[2022-09-25T14:22:31.385+0000] {processor.py:153} INFO - Started process (PID=377) to work on /home/airflow/.local/lib/python3.7/site-packages/airflow/example_dags/example_task_group_decorator.py
[2022-09-25T14:22:31.403+0000] {processor.py:640} INFO - Processing file /home/airflow/.local/lib/python3.7/site-packages/airflow/example_dags/example_task_group_decorator.py for tasks to queue
[2022-09-25T14:22:31.406+0000] {logging_mixin.py:115} INFO - [2022-09-25T14:22:31.406+0000] {dagbag.py:508} INFO - Filling up the DagBag from /home/airflow/.local/lib/python3.7/site-packages/airflow/example_dags/example_task_group_decorator.py
[2022-09-25T14:22:31.763+0000] {processor.py:650} INFO - DAG(s) dict_keys(['example_task_group_decorator']) retrieved from /home/airflow/.local/lib/python3.7/site-packages/airflow/example_dags/example_task_group_decorator.py
[2022-09-25T14:22:32.620+0000] {logging_mixin.py:115} INFO - [2022-09-25T14:22:32.620+0000] {dag.py:2429} INFO - Sync 1 DAGs
[2022-09-25T14:22:32.937+0000] {logging_mixin.py:115} INFO - [2022-09-25T14:22:32.937+0000] {dag.py:2981} INFO - Setting next_dagrun for example_task_group_decorator to 2022-09-24T14:22:32.934866+00:00, run_after=2022-09-25T14:22:32.934866+00:00
[2022-09-25T14:22:33.036+0000] {processor.py:161} INFO - Processing /home/airflow/.local/lib/python3.7/site-packages/airflow/example_dags/example_task_group_decorator.py took 1.659 seconds
[2022-09-25T14:23:03.345+0000] {processor.py:153} INFO - Started process (PID=583) to work on /home/airflow/.local/lib/python3.7/site-packages/airflow/example_dags/example_task_group_decorator.py
[2022-09-25T14:23:03.348+0000] {processor.py:640} INFO - Processing file /home/airflow/.local/lib/python3.7/site-packages/airflow/example_dags/example_task_group_decorator.py for tasks to queue
[2022-09-25T14:23:03.350+0000] {logging_mixin.py:115} INFO - [2022-09-25T14:23:03.350+0000] {dagbag.py:508} INFO - Filling up the DagBag from /home/airflow/.local/lib/python3.7/site-packages/airflow/example_dags/example_task_group_decorator.py
[2022-09-25T14:23:03.403+0000] {processor.py:650} INFO - DAG(s) dict_keys(['example_task_group_decorator']) retrieved from /home/airflow/.local/lib/python3.7/site-packages/airflow/example_dags/example_task_group_decorator.py
[2022-09-25T14:23:03.503+0000] {logging_mixin.py:115} INFO - [2022-09-25T14:23:03.503+0000] {dag.py:2429} INFO - Sync 1 DAGs
[2022-09-25T14:23:03.530+0000] {logging_mixin.py:115} INFO - [2022-09-25T14:23:03.530+0000] {dag.py:2981} INFO - Setting next_dagrun for example_task_group_decorator to 2022-09-24T14:23:03.529836+00:00, run_after=2022-09-25T14:23:03.529836+00:00
[2022-09-25T14:23:03.554+0000] {processor.py:161} INFO - Processing /home/airflow/.local/lib/python3.7/site-packages/airflow/example_dags/example_task_group_decorator.py took 0.218 seconds
[2022-09-25T14:23:34.108+0000] {processor.py:153} INFO - Started process (PID=788) to work on /home/airflow/.local/lib/python3.7/site-packages/airflow/example_dags/example_task_group_decorator.py
[2022-09-25T14:23:34.109+0000] {processor.py:640} INFO - Processing file /home/airflow/.local/lib/python3.7/site-packages/airflow/example_dags/example_task_group_decorator.py for tasks to queue
[2022-09-25T14:23:34.111+0000] {logging_mixin.py:115} INFO - [2022-09-25T14:23:34.111+0000] {dagbag.py:508} INFO - Filling up the DagBag from /home/airflow/.local/lib/python3.7/site-packages/airflow/example_dags/example_task_group_decorator.py
[2022-09-25T14:23:34.158+0000] {processor.py:650} INFO - DAG(s) dict_keys(['example_task_group_decorator']) retrieved from /home/airflow/.local/lib/python3.7/site-packages/airflow/example_dags/example_task_group_decorator.py
[2022-09-25T14:23:34.206+0000] {logging_mixin.py:115} INFO - [2022-09-25T14:23:34.205+0000] {dag.py:2429} INFO - Sync 1 DAGs
[2022-09-25T14:23:34.255+0000] {logging_mixin.py:115} INFO - [2022-09-25T14:23:34.255+0000] {dag.py:2981} INFO - Setting next_dagrun for example_task_group_decorator to 2022-09-24T14:23:34.255197+00:00, run_after=2022-09-25T14:23:34.255197+00:00
[2022-09-25T14:23:34.287+0000] {processor.py:161} INFO - Processing /home/airflow/.local/lib/python3.7/site-packages/airflow/example_dags/example_task_group_decorator.py took 0.186 seconds
[2022-09-25T14:24:05.129+0000] {processor.py:153} INFO - Started process (PID=1002) to work on /home/airflow/.local/lib/python3.7/site-packages/airflow/example_dags/example_task_group_decorator.py
[2022-09-25T14:24:05.133+0000] {processor.py:640} INFO - Processing file /home/airflow/.local/lib/python3.7/site-packages/airflow/example_dags/example_task_group_decorator.py for tasks to queue
[2022-09-25T14:24:05.135+0000] {logging_mixin.py:115} INFO - [2022-09-25T14:24:05.135+0000] {dagbag.py:508} INFO - Filling up the DagBag from /home/airflow/.local/lib/python3.7/site-packages/airflow/example_dags/example_task_group_decorator.py
[2022-09-25T14:24:05.184+0000] {processor.py:650} INFO - DAG(s) dict_keys(['example_task_group_decorator']) retrieved from /home/airflow/.local/lib/python3.7/site-packages/airflow/example_dags/example_task_group_decorator.py
[2022-09-25T14:24:05.229+0000] {logging_mixin.py:115} INFO - [2022-09-25T14:24:05.229+0000] {dag.py:2429} INFO - Sync 1 DAGs
[2022-09-25T14:24:05.265+0000] {logging_mixin.py:115} INFO - [2022-09-25T14:24:05.265+0000] {dag.py:2981} INFO - Setting next_dagrun for example_task_group_decorator to 2022-09-24T14:24:05.264999+00:00, run_after=2022-09-25T14:24:05.264999+00:00
[2022-09-25T14:24:05.286+0000] {processor.py:161} INFO - Processing /home/airflow/.local/lib/python3.7/site-packages/airflow/example_dags/example_task_group_decorator.py took 0.164 seconds
[2022-09-25T14:24:35.477+0000] {processor.py:153} INFO - Started process (PID=1213) to work on /home/airflow/.local/lib/python3.7/site-packages/airflow/example_dags/example_task_group_decorator.py
[2022-09-25T14:24:35.479+0000] {processor.py:640} INFO - Processing file /home/airflow/.local/lib/python3.7/site-packages/airflow/example_dags/example_task_group_decorator.py for tasks to queue
[2022-09-25T14:24:35.481+0000] {logging_mixin.py:115} INFO - [2022-09-25T14:24:35.481+0000] {dagbag.py:508} INFO - Filling up the DagBag from /home/airflow/.local/lib/python3.7/site-packages/airflow/example_dags/example_task_group_decorator.py
[2022-09-25T14:24:35.523+0000] {processor.py:650} INFO - DAG(s) dict_keys(['example_task_group_decorator']) retrieved from /home/airflow/.local/lib/python3.7/site-packages/airflow/example_dags/example_task_group_decorator.py
[2022-09-25T14:24:35.620+0000] {logging_mixin.py:115} INFO - [2022-09-25T14:24:35.620+0000] {dag.py:2429} INFO - Sync 1 DAGs
[2022-09-25T14:24:35.651+0000] {logging_mixin.py:115} INFO - [2022-09-25T14:24:35.651+0000] {dag.py:2981} INFO - Setting next_dagrun for example_task_group_decorator to 2022-09-24T14:24:35.651160+00:00, run_after=2022-09-25T14:24:35.651160+00:00
[2022-09-25T14:24:35.676+0000] {processor.py:161} INFO - Processing /home/airflow/.local/lib/python3.7/site-packages/airflow/example_dags/example_task_group_decorator.py took 0.205 seconds
[2022-09-25T14:25:05.777+0000] {processor.py:153} INFO - Started process (PID=1420) to work on /home/airflow/.local/lib/python3.7/site-packages/airflow/example_dags/example_task_group_decorator.py
[2022-09-25T14:25:05.779+0000] {processor.py:640} INFO - Processing file /home/airflow/.local/lib/python3.7/site-packages/airflow/example_dags/example_task_group_decorator.py for tasks to queue
[2022-09-25T14:25:05.781+0000] {logging_mixin.py:115} INFO - [2022-09-25T14:25:05.781+0000] {dagbag.py:508} INFO - Filling up the DagBag from /home/airflow/.local/lib/python3.7/site-packages/airflow/example_dags/example_task_group_decorator.py
[2022-09-25T14:25:05.830+0000] {processor.py:650} INFO - DAG(s) dict_keys(['example_task_group_decorator']) retrieved from /home/airflow/.local/lib/python3.7/site-packages/airflow/example_dags/example_task_group_decorator.py
[2022-09-25T14:25:05.937+0000] {logging_mixin.py:115} INFO - [2022-09-25T14:25:05.937+0000] {dag.py:2429} INFO - Sync 1 DAGs
[2022-09-25T14:25:05.971+0000] {logging_mixin.py:115} INFO - [2022-09-25T14:25:05.971+0000] {dag.py:2981} INFO - Setting next_dagrun for example_task_group_decorator to 2022-09-24T14:25:05.970757+00:00, run_after=2022-09-25T14:25:05.970757+00:00
[2022-09-25T14:25:06.002+0000] {processor.py:161} INFO - Processing /home/airflow/.local/lib/python3.7/site-packages/airflow/example_dags/example_task_group_decorator.py took 0.231 seconds
[2022-09-25T14:25:36.385+0000] {processor.py:153} INFO - Started process (PID=1625) to work on /home/airflow/.local/lib/python3.7/site-packages/airflow/example_dags/example_task_group_decorator.py
[2022-09-25T14:25:36.389+0000] {processor.py:640} INFO - Processing file /home/airflow/.local/lib/python3.7/site-packages/airflow/example_dags/example_task_group_decorator.py for tasks to queue
[2022-09-25T14:25:36.391+0000] {logging_mixin.py:115} INFO - [2022-09-25T14:25:36.391+0000] {dagbag.py:508} INFO - Filling up the DagBag from /home/airflow/.local/lib/python3.7/site-packages/airflow/example_dags/example_task_group_decorator.py
[2022-09-25T14:25:36.465+0000] {processor.py:650} INFO - DAG(s) dict_keys(['example_task_group_decorator']) retrieved from /home/airflow/.local/lib/python3.7/site-packages/airflow/example_dags/example_task_group_decorator.py
[2022-09-25T14:25:36.585+0000] {logging_mixin.py:115} INFO - [2022-09-25T14:25:36.585+0000] {dag.py:2429} INFO - Sync 1 DAGs
[2022-09-25T14:25:36.614+0000] {logging_mixin.py:115} INFO - [2022-09-25T14:25:36.614+0000] {dag.py:2981} INFO - Setting next_dagrun for example_task_group_decorator to 2022-09-24T14:25:36.614459+00:00, run_after=2022-09-25T14:25:36.614459+00:00
[2022-09-25T14:25:36.642+0000] {processor.py:161} INFO - Processing /home/airflow/.local/lib/python3.7/site-packages/airflow/example_dags/example_task_group_decorator.py took 0.265 seconds
[2022-09-25T14:26:06.861+0000] {processor.py:153} INFO - Started process (PID=1840) to work on /home/airflow/.local/lib/python3.7/site-packages/airflow/example_dags/example_task_group_decorator.py
[2022-09-25T14:26:06.863+0000] {processor.py:640} INFO - Processing file /home/airflow/.local/lib/python3.7/site-packages/airflow/example_dags/example_task_group_decorator.py for tasks to queue
[2022-09-25T14:26:06.865+0000] {logging_mixin.py:115} INFO - [2022-09-25T14:26:06.865+0000] {dagbag.py:508} INFO - Filling up the DagBag from /home/airflow/.local/lib/python3.7/site-packages/airflow/example_dags/example_task_group_decorator.py
[2022-09-25T14:26:06.916+0000] {processor.py:650} INFO - DAG(s) dict_keys(['example_task_group_decorator']) retrieved from /home/airflow/.local/lib/python3.7/site-packages/airflow/example_dags/example_task_group_decorator.py
[2022-09-25T14:26:07.120+0000] {logging_mixin.py:115} INFO - [2022-09-25T14:26:07.119+0000] {dag.py:2429} INFO - Sync 1 DAGs
[2022-09-25T14:26:07.203+0000] {logging_mixin.py:115} INFO - [2022-09-25T14:26:07.203+0000] {dag.py:2981} INFO - Setting next_dagrun for example_task_group_decorator to 2022-09-24T14:26:07.202509+00:00, run_after=2022-09-25T14:26:07.202509+00:00
[2022-09-25T14:26:07.265+0000] {processor.py:161} INFO - Processing /home/airflow/.local/lib/python3.7/site-packages/airflow/example_dags/example_task_group_decorator.py took 0.409 seconds
[2022-09-25T14:26:37.664+0000] {processor.py:153} INFO - Started process (PID=2047) to work on /home/airflow/.local/lib/python3.7/site-packages/airflow/example_dags/example_task_group_decorator.py
[2022-09-25T14:26:37.667+0000] {processor.py:640} INFO - Processing file /home/airflow/.local/lib/python3.7/site-packages/airflow/example_dags/example_task_group_decorator.py for tasks to queue
[2022-09-25T14:26:37.668+0000] {logging_mixin.py:115} INFO - [2022-09-25T14:26:37.668+0000] {dagbag.py:508} INFO - Filling up the DagBag from /home/airflow/.local/lib/python3.7/site-packages/airflow/example_dags/example_task_group_decorator.py
[2022-09-25T14:26:37.729+0000] {processor.py:650} INFO - DAG(s) dict_keys(['example_task_group_decorator']) retrieved from /home/airflow/.local/lib/python3.7/site-packages/airflow/example_dags/example_task_group_decorator.py
[2022-09-25T14:26:37.862+0000] {logging_mixin.py:115} INFO - [2022-09-25T14:26:37.861+0000] {dag.py:2429} INFO - Sync 1 DAGs
[2022-09-25T14:26:37.896+0000] {logging_mixin.py:115} INFO - [2022-09-25T14:26:37.896+0000] {dag.py:2981} INFO - Setting next_dagrun for example_task_group_decorator to 2022-09-24T14:26:37.895718+00:00, run_after=2022-09-25T14:26:37.895718+00:00
[2022-09-25T14:26:38.083+0000] {processor.py:161} INFO - Processing /home/airflow/.local/lib/python3.7/site-packages/airflow/example_dags/example_task_group_decorator.py took 0.423 seconds
[2022-09-25T14:27:08.530+0000] {processor.py:153} INFO - Started process (PID=2260) to work on /home/airflow/.local/lib/python3.7/site-packages/airflow/example_dags/example_task_group_decorator.py
[2022-09-25T14:27:08.532+0000] {processor.py:640} INFO - Processing file /home/airflow/.local/lib/python3.7/site-packages/airflow/example_dags/example_task_group_decorator.py for tasks to queue
[2022-09-25T14:27:08.535+0000] {logging_mixin.py:115} INFO - [2022-09-25T14:27:08.534+0000] {dagbag.py:508} INFO - Filling up the DagBag from /home/airflow/.local/lib/python3.7/site-packages/airflow/example_dags/example_task_group_decorator.py
[2022-09-25T14:27:08.593+0000] {processor.py:650} INFO - DAG(s) dict_keys(['example_task_group_decorator']) retrieved from /home/airflow/.local/lib/python3.7/site-packages/airflow/example_dags/example_task_group_decorator.py
[2022-09-25T14:27:08.727+0000] {logging_mixin.py:115} INFO - [2022-09-25T14:27:08.727+0000] {dag.py:2429} INFO - Sync 1 DAGs
[2022-09-25T14:27:08.763+0000] {logging_mixin.py:115} INFO - [2022-09-25T14:27:08.763+0000] {dag.py:2981} INFO - Setting next_dagrun for example_task_group_decorator to 2022-09-24T14:27:08.762934+00:00, run_after=2022-09-25T14:27:08.762934+00:00
[2022-09-25T14:27:08.983+0000] {processor.py:161} INFO - Processing /home/airflow/.local/lib/python3.7/site-packages/airflow/example_dags/example_task_group_decorator.py took 0.458 seconds
[2022-09-25T14:27:39.501+0000] {processor.py:153} INFO - Started process (PID=2475) to work on /home/airflow/.local/lib/python3.7/site-packages/airflow/example_dags/example_task_group_decorator.py
[2022-09-25T14:27:39.504+0000] {processor.py:640} INFO - Processing file /home/airflow/.local/lib/python3.7/site-packages/airflow/example_dags/example_task_group_decorator.py for tasks to queue
[2022-09-25T14:27:39.507+0000] {logging_mixin.py:115} INFO - [2022-09-25T14:27:39.507+0000] {dagbag.py:508} INFO - Filling up the DagBag from /home/airflow/.local/lib/python3.7/site-packages/airflow/example_dags/example_task_group_decorator.py
[2022-09-25T14:27:39.566+0000] {processor.py:650} INFO - DAG(s) dict_keys(['example_task_group_decorator']) retrieved from /home/airflow/.local/lib/python3.7/site-packages/airflow/example_dags/example_task_group_decorator.py
[2022-09-25T14:27:39.701+0000] {logging_mixin.py:115} INFO - [2022-09-25T14:27:39.700+0000] {dag.py:2429} INFO - Sync 1 DAGs
[2022-09-25T14:27:39.742+0000] {logging_mixin.py:115} INFO - [2022-09-25T14:27:39.742+0000] {dag.py:2981} INFO - Setting next_dagrun for example_task_group_decorator to 2022-09-24T14:27:39.741712+00:00, run_after=2022-09-25T14:27:39.741712+00:00
[2022-09-25T14:27:39.943+0000] {processor.py:161} INFO - Processing /home/airflow/.local/lib/python3.7/site-packages/airflow/example_dags/example_task_group_decorator.py took 0.451 seconds
[2022-09-25T14:28:10.097+0000] {processor.py:153} INFO - Started process (PID=2677) to work on /home/airflow/.local/lib/python3.7/site-packages/airflow/example_dags/example_task_group_decorator.py
[2022-09-25T14:28:10.099+0000] {processor.py:640} INFO - Processing file /home/airflow/.local/lib/python3.7/site-packages/airflow/example_dags/example_task_group_decorator.py for tasks to queue
[2022-09-25T14:28:10.104+0000] {logging_mixin.py:115} INFO - [2022-09-25T14:28:10.102+0000] {dagbag.py:508} INFO - Filling up the DagBag from /home/airflow/.local/lib/python3.7/site-packages/airflow/example_dags/example_task_group_decorator.py
[2022-09-25T14:28:10.169+0000] {processor.py:650} INFO - DAG(s) dict_keys(['example_task_group_decorator']) retrieved from /home/airflow/.local/lib/python3.7/site-packages/airflow/example_dags/example_task_group_decorator.py
[2022-09-25T14:28:10.301+0000] {logging_mixin.py:115} INFO - [2022-09-25T14:28:10.300+0000] {dag.py:2429} INFO - Sync 1 DAGs
[2022-09-25T14:28:10.358+0000] {logging_mixin.py:115} INFO - [2022-09-25T14:28:10.358+0000] {dag.py:2981} INFO - Setting next_dagrun for example_task_group_decorator to 2022-09-24T14:28:10.357624+00:00, run_after=2022-09-25T14:28:10.357624+00:00
[2022-09-25T14:28:10.712+0000] {processor.py:161} INFO - Processing /home/airflow/.local/lib/python3.7/site-packages/airflow/example_dags/example_task_group_decorator.py took 0.621 seconds
[2022-09-25T14:28:40.888+0000] {processor.py:153} INFO - Started process (PID=2885) to work on /home/airflow/.local/lib/python3.7/site-packages/airflow/example_dags/example_task_group_decorator.py
[2022-09-25T14:28:40.891+0000] {processor.py:640} INFO - Processing file /home/airflow/.local/lib/python3.7/site-packages/airflow/example_dags/example_task_group_decorator.py for tasks to queue
[2022-09-25T14:28:40.893+0000] {logging_mixin.py:115} INFO - [2022-09-25T14:28:40.893+0000] {dagbag.py:508} INFO - Filling up the DagBag from /home/airflow/.local/lib/python3.7/site-packages/airflow/example_dags/example_task_group_decorator.py
[2022-09-25T14:28:40.929+0000] {processor.py:650} INFO - DAG(s) dict_keys(['example_task_group_decorator']) retrieved from /home/airflow/.local/lib/python3.7/site-packages/airflow/example_dags/example_task_group_decorator.py
[2022-09-25T14:28:41.064+0000] {logging_mixin.py:115} INFO - [2022-09-25T14:28:41.064+0000] {dag.py:2429} INFO - Sync 1 DAGs
[2022-09-25T14:28:41.113+0000] {logging_mixin.py:115} INFO - [2022-09-25T14:28:41.113+0000] {dag.py:2981} INFO - Setting next_dagrun for example_task_group_decorator to 2022-09-24T14:28:41.112977+00:00, run_after=2022-09-25T14:28:41.112977+00:00
[2022-09-25T14:28:41.344+0000] {processor.py:161} INFO - Processing /home/airflow/.local/lib/python3.7/site-packages/airflow/example_dags/example_task_group_decorator.py took 0.482 seconds
[2022-09-25T14:29:11.698+0000] {processor.py:153} INFO - Started process (PID=3091) to work on /home/airflow/.local/lib/python3.7/site-packages/airflow/example_dags/example_task_group_decorator.py
[2022-09-25T14:29:11.702+0000] {processor.py:640} INFO - Processing file /home/airflow/.local/lib/python3.7/site-packages/airflow/example_dags/example_task_group_decorator.py for tasks to queue
[2022-09-25T14:29:11.705+0000] {logging_mixin.py:115} INFO - [2022-09-25T14:29:11.704+0000] {dagbag.py:508} INFO - Filling up the DagBag from /home/airflow/.local/lib/python3.7/site-packages/airflow/example_dags/example_task_group_decorator.py
[2022-09-25T14:29:11.755+0000] {processor.py:650} INFO - DAG(s) dict_keys(['example_task_group_decorator']) retrieved from /home/airflow/.local/lib/python3.7/site-packages/airflow/example_dags/example_task_group_decorator.py
[2022-09-25T14:29:11.860+0000] {logging_mixin.py:115} INFO - [2022-09-25T14:29:11.860+0000] {dag.py:2429} INFO - Sync 1 DAGs
[2022-09-25T14:29:11.894+0000] {logging_mixin.py:115} INFO - [2022-09-25T14:29:11.894+0000] {dag.py:2981} INFO - Setting next_dagrun for example_task_group_decorator to 2022-09-24T14:29:11.894124+00:00, run_after=2022-09-25T14:29:11.894124+00:00
[2022-09-25T14:29:12.094+0000] {processor.py:161} INFO - Processing /home/airflow/.local/lib/python3.7/site-packages/airflow/example_dags/example_task_group_decorator.py took 0.403 seconds
[2022-09-25T14:29:42.584+0000] {processor.py:153} INFO - Started process (PID=3296) to work on /home/airflow/.local/lib/python3.7/site-packages/airflow/example_dags/example_task_group_decorator.py
[2022-09-25T14:29:42.587+0000] {processor.py:640} INFO - Processing file /home/airflow/.local/lib/python3.7/site-packages/airflow/example_dags/example_task_group_decorator.py for tasks to queue
[2022-09-25T14:29:42.589+0000] {logging_mixin.py:115} INFO - [2022-09-25T14:29:42.589+0000] {dagbag.py:508} INFO - Filling up the DagBag from /home/airflow/.local/lib/python3.7/site-packages/airflow/example_dags/example_task_group_decorator.py
[2022-09-25T14:29:42.654+0000] {processor.py:650} INFO - DAG(s) dict_keys(['example_task_group_decorator']) retrieved from /home/airflow/.local/lib/python3.7/site-packages/airflow/example_dags/example_task_group_decorator.py
[2022-09-25T14:29:42.846+0000] {logging_mixin.py:115} INFO - [2022-09-25T14:29:42.846+0000] {dag.py:2429} INFO - Sync 1 DAGs
[2022-09-25T14:29:42.920+0000] {logging_mixin.py:115} INFO - [2022-09-25T14:29:42.919+0000] {dag.py:2981} INFO - Setting next_dagrun for example_task_group_decorator to 2022-09-24T14:29:42.919231+00:00, run_after=2022-09-25T14:29:42.919231+00:00
[2022-09-25T14:29:43.182+0000] {processor.py:161} INFO - Processing /home/airflow/.local/lib/python3.7/site-packages/airflow/example_dags/example_task_group_decorator.py took 0.602 seconds
[2022-09-25T14:30:13.422+0000] {processor.py:153} INFO - Started process (PID=3511) to work on /home/airflow/.local/lib/python3.7/site-packages/airflow/example_dags/example_task_group_decorator.py
[2022-09-25T14:30:13.424+0000] {processor.py:640} INFO - Processing file /home/airflow/.local/lib/python3.7/site-packages/airflow/example_dags/example_task_group_decorator.py for tasks to queue
[2022-09-25T14:30:13.426+0000] {logging_mixin.py:115} INFO - [2022-09-25T14:30:13.426+0000] {dagbag.py:508} INFO - Filling up the DagBag from /home/airflow/.local/lib/python3.7/site-packages/airflow/example_dags/example_task_group_decorator.py
[2022-09-25T14:30:13.474+0000] {processor.py:650} INFO - DAG(s) dict_keys(['example_task_group_decorator']) retrieved from /home/airflow/.local/lib/python3.7/site-packages/airflow/example_dags/example_task_group_decorator.py
[2022-09-25T14:30:13.518+0000] {logging_mixin.py:115} INFO - [2022-09-25T14:30:13.518+0000] {dag.py:2429} INFO - Sync 1 DAGs
[2022-09-25T14:30:13.552+0000] {logging_mixin.py:115} INFO - [2022-09-25T14:30:13.551+0000] {dag.py:2981} INFO - Setting next_dagrun for example_task_group_decorator to 2022-09-24T14:30:13.551510+00:00, run_after=2022-09-25T14:30:13.551510+00:00
[2022-09-25T14:30:13.572+0000] {processor.py:161} INFO - Processing /home/airflow/.local/lib/python3.7/site-packages/airflow/example_dags/example_task_group_decorator.py took 0.155 seconds
[2022-09-25T14:30:44.028+0000] {processor.py:153} INFO - Started process (PID=3715) to work on /home/airflow/.local/lib/python3.7/site-packages/airflow/example_dags/example_task_group_decorator.py
[2022-09-25T14:30:44.032+0000] {processor.py:640} INFO - Processing file /home/airflow/.local/lib/python3.7/site-packages/airflow/example_dags/example_task_group_decorator.py for tasks to queue
[2022-09-25T14:30:44.036+0000] {logging_mixin.py:115} INFO - [2022-09-25T14:30:44.036+0000] {dagbag.py:508} INFO - Filling up the DagBag from /home/airflow/.local/lib/python3.7/site-packages/airflow/example_dags/example_task_group_decorator.py
[2022-09-25T14:30:44.100+0000] {processor.py:650} INFO - DAG(s) dict_keys(['example_task_group_decorator']) retrieved from /home/airflow/.local/lib/python3.7/site-packages/airflow/example_dags/example_task_group_decorator.py
[2022-09-25T14:30:44.148+0000] {logging_mixin.py:115} INFO - [2022-09-25T14:30:44.148+0000] {dag.py:2429} INFO - Sync 1 DAGs
[2022-09-25T14:30:44.186+0000] {logging_mixin.py:115} INFO - [2022-09-25T14:30:44.185+0000] {dag.py:2981} INFO - Setting next_dagrun for example_task_group_decorator to 2022-09-24T14:30:44.185363+00:00, run_after=2022-09-25T14:30:44.185363+00:00
[2022-09-25T14:30:44.212+0000] {processor.py:161} INFO - Processing /home/airflow/.local/lib/python3.7/site-packages/airflow/example_dags/example_task_group_decorator.py took 0.199 seconds
[2022-09-25T14:31:14.360+0000] {processor.py:153} INFO - Started process (PID=3927) to work on /home/airflow/.local/lib/python3.7/site-packages/airflow/example_dags/example_task_group_decorator.py
[2022-09-25T14:31:14.364+0000] {processor.py:640} INFO - Processing file /home/airflow/.local/lib/python3.7/site-packages/airflow/example_dags/example_task_group_decorator.py for tasks to queue
[2022-09-25T14:31:14.366+0000] {logging_mixin.py:115} INFO - [2022-09-25T14:31:14.366+0000] {dagbag.py:508} INFO - Filling up the DagBag from /home/airflow/.local/lib/python3.7/site-packages/airflow/example_dags/example_task_group_decorator.py
[2022-09-25T14:31:14.413+0000] {processor.py:650} INFO - DAG(s) dict_keys(['example_task_group_decorator']) retrieved from /home/airflow/.local/lib/python3.7/site-packages/airflow/example_dags/example_task_group_decorator.py
[2022-09-25T14:31:14.524+0000] {logging_mixin.py:115} INFO - [2022-09-25T14:31:14.524+0000] {dag.py:2429} INFO - Sync 1 DAGs
[2022-09-25T14:31:14.557+0000] {logging_mixin.py:115} INFO - [2022-09-25T14:31:14.556+0000] {dag.py:2981} INFO - Setting next_dagrun for example_task_group_decorator to 2022-09-24T14:31:14.556441+00:00, run_after=2022-09-25T14:31:14.556441+00:00
[2022-09-25T14:31:14.743+0000] {processor.py:161} INFO - Processing /home/airflow/.local/lib/python3.7/site-packages/airflow/example_dags/example_task_group_decorator.py took 0.390 seconds
[2022-09-25T14:31:44.873+0000] {processor.py:153} INFO - Started process (PID=4132) to work on /home/airflow/.local/lib/python3.7/site-packages/airflow/example_dags/example_task_group_decorator.py
[2022-09-25T14:31:44.881+0000] {processor.py:640} INFO - Processing file /home/airflow/.local/lib/python3.7/site-packages/airflow/example_dags/example_task_group_decorator.py for tasks to queue
[2022-09-25T14:31:44.884+0000] {logging_mixin.py:115} INFO - [2022-09-25T14:31:44.884+0000] {dagbag.py:508} INFO - Filling up the DagBag from /home/airflow/.local/lib/python3.7/site-packages/airflow/example_dags/example_task_group_decorator.py
[2022-09-25T14:31:44.950+0000] {processor.py:650} INFO - DAG(s) dict_keys(['example_task_group_decorator']) retrieved from /home/airflow/.local/lib/python3.7/site-packages/airflow/example_dags/example_task_group_decorator.py
[2022-09-25T14:31:45.068+0000] {logging_mixin.py:115} INFO - [2022-09-25T14:31:45.068+0000] {dag.py:2429} INFO - Sync 1 DAGs
[2022-09-25T14:31:45.100+0000] {logging_mixin.py:115} INFO - [2022-09-25T14:31:45.100+0000] {dag.py:2981} INFO - Setting next_dagrun for example_task_group_decorator to 2022-09-24T14:31:45.100004+00:00, run_after=2022-09-25T14:31:45.100004+00:00
[2022-09-25T14:31:45.317+0000] {processor.py:161} INFO - Processing /home/airflow/.local/lib/python3.7/site-packages/airflow/example_dags/example_task_group_decorator.py took 0.454 seconds
[2022-09-25T14:32:16.057+0000] {processor.py:153} INFO - Started process (PID=4347) to work on /home/airflow/.local/lib/python3.7/site-packages/airflow/example_dags/example_task_group_decorator.py
[2022-09-25T14:32:16.060+0000] {processor.py:640} INFO - Processing file /home/airflow/.local/lib/python3.7/site-packages/airflow/example_dags/example_task_group_decorator.py for tasks to queue
[2022-09-25T14:32:16.063+0000] {logging_mixin.py:115} INFO - [2022-09-25T14:32:16.063+0000] {dagbag.py:508} INFO - Filling up the DagBag from /home/airflow/.local/lib/python3.7/site-packages/airflow/example_dags/example_task_group_decorator.py
[2022-09-25T14:32:16.124+0000] {processor.py:650} INFO - DAG(s) dict_keys(['example_task_group_decorator']) retrieved from /home/airflow/.local/lib/python3.7/site-packages/airflow/example_dags/example_task_group_decorator.py
[2022-09-25T14:32:16.297+0000] {logging_mixin.py:115} INFO - [2022-09-25T14:32:16.297+0000] {dag.py:2429} INFO - Sync 1 DAGs
[2022-09-25T14:32:16.380+0000] {logging_mixin.py:115} INFO - [2022-09-25T14:32:16.380+0000] {dag.py:2981} INFO - Setting next_dagrun for example_task_group_decorator to 2022-09-24T14:32:16.379520+00:00, run_after=2022-09-25T14:32:16.379520+00:00
[2022-09-25T14:32:16.666+0000] {processor.py:161} INFO - Processing /home/airflow/.local/lib/python3.7/site-packages/airflow/example_dags/example_task_group_decorator.py took 0.615 seconds
[2022-09-25T14:32:47.139+0000] {processor.py:153} INFO - Started process (PID=4554) to work on /home/airflow/.local/lib/python3.7/site-packages/airflow/example_dags/example_task_group_decorator.py
[2022-09-25T14:32:47.168+0000] {processor.py:640} INFO - Processing file /home/airflow/.local/lib/python3.7/site-packages/airflow/example_dags/example_task_group_decorator.py for tasks to queue
[2022-09-25T14:32:47.191+0000] {logging_mixin.py:115} INFO - [2022-09-25T14:32:47.191+0000] {dagbag.py:508} INFO - Filling up the DagBag from /home/airflow/.local/lib/python3.7/site-packages/airflow/example_dags/example_task_group_decorator.py
[2022-09-25T14:32:47.411+0000] {processor.py:650} INFO - DAG(s) dict_keys(['example_task_group_decorator']) retrieved from /home/airflow/.local/lib/python3.7/site-packages/airflow/example_dags/example_task_group_decorator.py
[2022-09-25T14:32:47.620+0000] {logging_mixin.py:115} INFO - [2022-09-25T14:32:47.620+0000] {dag.py:2429} INFO - Sync 1 DAGs
[2022-09-25T14:32:47.699+0000] {logging_mixin.py:115} INFO - [2022-09-25T14:32:47.699+0000] {dag.py:2981} INFO - Setting next_dagrun for example_task_group_decorator to 2022-09-24T14:32:47.698657+00:00, run_after=2022-09-25T14:32:47.698657+00:00
[2022-09-25T14:32:48.415+0000] {processor.py:161} INFO - Processing /home/airflow/.local/lib/python3.7/site-packages/airflow/example_dags/example_task_group_decorator.py took 1.286 seconds
[2022-09-25T14:33:18.985+0000] {processor.py:153} INFO - Started process (PID=4771) to work on /home/airflow/.local/lib/python3.7/site-packages/airflow/example_dags/example_task_group_decorator.py
[2022-09-25T14:33:18.987+0000] {processor.py:640} INFO - Processing file /home/airflow/.local/lib/python3.7/site-packages/airflow/example_dags/example_task_group_decorator.py for tasks to queue
[2022-09-25T14:33:18.989+0000] {logging_mixin.py:115} INFO - [2022-09-25T14:33:18.989+0000] {dagbag.py:508} INFO - Filling up the DagBag from /home/airflow/.local/lib/python3.7/site-packages/airflow/example_dags/example_task_group_decorator.py
[2022-09-25T14:33:19.055+0000] {processor.py:650} INFO - DAG(s) dict_keys(['example_task_group_decorator']) retrieved from /home/airflow/.local/lib/python3.7/site-packages/airflow/example_dags/example_task_group_decorator.py
[2022-09-25T14:33:19.206+0000] {logging_mixin.py:115} INFO - [2022-09-25T14:33:19.205+0000] {dag.py:2429} INFO - Sync 1 DAGs
[2022-09-25T14:33:19.260+0000] {logging_mixin.py:115} INFO - [2022-09-25T14:33:19.260+0000] {dag.py:2981} INFO - Setting next_dagrun for example_task_group_decorator to 2022-09-24T14:33:19.259761+00:00, run_after=2022-09-25T14:33:19.259761+00:00
[2022-09-25T14:33:19.589+0000] {processor.py:161} INFO - Processing /home/airflow/.local/lib/python3.7/site-packages/airflow/example_dags/example_task_group_decorator.py took 0.612 seconds
[2022-09-25T14:33:49.713+0000] {processor.py:153} INFO - Started process (PID=4976) to work on /home/airflow/.local/lib/python3.7/site-packages/airflow/example_dags/example_task_group_decorator.py
[2022-09-25T14:33:49.721+0000] {processor.py:640} INFO - Processing file /home/airflow/.local/lib/python3.7/site-packages/airflow/example_dags/example_task_group_decorator.py for tasks to queue
[2022-09-25T14:33:49.723+0000] {logging_mixin.py:115} INFO - [2022-09-25T14:33:49.722+0000] {dagbag.py:508} INFO - Filling up the DagBag from /home/airflow/.local/lib/python3.7/site-packages/airflow/example_dags/example_task_group_decorator.py
[2022-09-25T14:33:49.770+0000] {processor.py:650} INFO - DAG(s) dict_keys(['example_task_group_decorator']) retrieved from /home/airflow/.local/lib/python3.7/site-packages/airflow/example_dags/example_task_group_decorator.py
[2022-09-25T14:33:49.877+0000] {logging_mixin.py:115} INFO - [2022-09-25T14:33:49.877+0000] {dag.py:2429} INFO - Sync 1 DAGs
[2022-09-25T14:33:49.924+0000] {logging_mixin.py:115} INFO - [2022-09-25T14:33:49.924+0000] {dag.py:2981} INFO - Setting next_dagrun for example_task_group_decorator to 2022-09-24T14:33:49.924006+00:00, run_after=2022-09-25T14:33:49.924006+00:00
[2022-09-25T14:33:50.140+0000] {processor.py:161} INFO - Processing /home/airflow/.local/lib/python3.7/site-packages/airflow/example_dags/example_task_group_decorator.py took 0.432 seconds
[2022-09-25T14:34:21.118+0000] {processor.py:153} INFO - Started process (PID=5191) to work on /home/airflow/.local/lib/python3.7/site-packages/airflow/example_dags/example_task_group_decorator.py
[2022-09-25T14:34:21.122+0000] {processor.py:640} INFO - Processing file /home/airflow/.local/lib/python3.7/site-packages/airflow/example_dags/example_task_group_decorator.py for tasks to queue
[2022-09-25T14:34:21.125+0000] {logging_mixin.py:115} INFO - [2022-09-25T14:34:21.124+0000] {dagbag.py:508} INFO - Filling up the DagBag from /home/airflow/.local/lib/python3.7/site-packages/airflow/example_dags/example_task_group_decorator.py
[2022-09-25T14:34:21.183+0000] {processor.py:650} INFO - DAG(s) dict_keys(['example_task_group_decorator']) retrieved from /home/airflow/.local/lib/python3.7/site-packages/airflow/example_dags/example_task_group_decorator.py
[2022-09-25T14:34:21.300+0000] {logging_mixin.py:115} INFO - [2022-09-25T14:34:21.299+0000] {dag.py:2429} INFO - Sync 1 DAGs
[2022-09-25T14:34:21.336+0000] {logging_mixin.py:115} INFO - [2022-09-25T14:34:21.336+0000] {dag.py:2981} INFO - Setting next_dagrun for example_task_group_decorator to 2022-09-24T14:34:21.335567+00:00, run_after=2022-09-25T14:34:21.335567+00:00
[2022-09-25T14:34:21.579+0000] {processor.py:161} INFO - Processing /home/airflow/.local/lib/python3.7/site-packages/airflow/example_dags/example_task_group_decorator.py took 0.471 seconds
[2022-09-25T14:34:51.817+0000] {processor.py:153} INFO - Started process (PID=5396) to work on /home/airflow/.local/lib/python3.7/site-packages/airflow/example_dags/example_task_group_decorator.py
[2022-09-25T14:34:51.825+0000] {processor.py:640} INFO - Processing file /home/airflow/.local/lib/python3.7/site-packages/airflow/example_dags/example_task_group_decorator.py for tasks to queue
[2022-09-25T14:34:51.827+0000] {logging_mixin.py:115} INFO - [2022-09-25T14:34:51.826+0000] {dagbag.py:508} INFO - Filling up the DagBag from /home/airflow/.local/lib/python3.7/site-packages/airflow/example_dags/example_task_group_decorator.py
[2022-09-25T14:34:51.890+0000] {processor.py:650} INFO - DAG(s) dict_keys(['example_task_group_decorator']) retrieved from /home/airflow/.local/lib/python3.7/site-packages/airflow/example_dags/example_task_group_decorator.py
[2022-09-25T14:34:51.994+0000] {logging_mixin.py:115} INFO - [2022-09-25T14:34:51.993+0000] {dag.py:2429} INFO - Sync 1 DAGs
[2022-09-25T14:34:52.026+0000] {logging_mixin.py:115} INFO - [2022-09-25T14:34:52.025+0000] {dag.py:2981} INFO - Setting next_dagrun for example_task_group_decorator to 2022-09-24T14:34:52.025699+00:00, run_after=2022-09-25T14:34:52.025699+00:00
[2022-09-25T14:34:52.206+0000] {processor.py:161} INFO - Processing /home/airflow/.local/lib/python3.7/site-packages/airflow/example_dags/example_task_group_decorator.py took 0.395 seconds
[2022-09-25T14:35:22.489+0000] {processor.py:153} INFO - Started process (PID=5611) to work on /home/airflow/.local/lib/python3.7/site-packages/airflow/example_dags/example_task_group_decorator.py
[2022-09-25T14:35:22.491+0000] {processor.py:640} INFO - Processing file /home/airflow/.local/lib/python3.7/site-packages/airflow/example_dags/example_task_group_decorator.py for tasks to queue
[2022-09-25T14:35:22.493+0000] {logging_mixin.py:115} INFO - [2022-09-25T14:35:22.493+0000] {dagbag.py:508} INFO - Filling up the DagBag from /home/airflow/.local/lib/python3.7/site-packages/airflow/example_dags/example_task_group_decorator.py
[2022-09-25T14:35:22.544+0000] {processor.py:650} INFO - DAG(s) dict_keys(['example_task_group_decorator']) retrieved from /home/airflow/.local/lib/python3.7/site-packages/airflow/example_dags/example_task_group_decorator.py
[2022-09-25T14:35:22.673+0000] {logging_mixin.py:115} INFO - [2022-09-25T14:35:22.672+0000] {dag.py:2429} INFO - Sync 1 DAGs
[2022-09-25T14:35:22.712+0000] {logging_mixin.py:115} INFO - [2022-09-25T14:35:22.712+0000] {dag.py:2981} INFO - Setting next_dagrun for example_task_group_decorator to 2022-09-24T14:35:22.711733+00:00, run_after=2022-09-25T14:35:22.711733+00:00
[2022-09-25T14:35:22.926+0000] {processor.py:161} INFO - Processing /home/airflow/.local/lib/python3.7/site-packages/airflow/example_dags/example_task_group_decorator.py took 0.444 seconds
[2022-09-25T14:35:53.064+0000] {processor.py:153} INFO - Started process (PID=5816) to work on /home/airflow/.local/lib/python3.7/site-packages/airflow/example_dags/example_task_group_decorator.py
[2022-09-25T14:35:53.072+0000] {processor.py:640} INFO - Processing file /home/airflow/.local/lib/python3.7/site-packages/airflow/example_dags/example_task_group_decorator.py for tasks to queue
[2022-09-25T14:35:53.074+0000] {logging_mixin.py:115} INFO - [2022-09-25T14:35:53.074+0000] {dagbag.py:508} INFO - Filling up the DagBag from /home/airflow/.local/lib/python3.7/site-packages/airflow/example_dags/example_task_group_decorator.py
[2022-09-25T14:35:53.126+0000] {processor.py:650} INFO - DAG(s) dict_keys(['example_task_group_decorator']) retrieved from /home/airflow/.local/lib/python3.7/site-packages/airflow/example_dags/example_task_group_decorator.py
[2022-09-25T14:35:53.243+0000] {logging_mixin.py:115} INFO - [2022-09-25T14:35:53.243+0000] {dag.py:2429} INFO - Sync 1 DAGs
[2022-09-25T14:35:53.289+0000] {logging_mixin.py:115} INFO - [2022-09-25T14:35:53.289+0000] {dag.py:2981} INFO - Setting next_dagrun for example_task_group_decorator to 2022-09-24T14:35:53.289365+00:00, run_after=2022-09-25T14:35:53.289365+00:00
[2022-09-25T14:35:53.509+0000] {processor.py:161} INFO - Processing /home/airflow/.local/lib/python3.7/site-packages/airflow/example_dags/example_task_group_decorator.py took 0.451 seconds
[2022-09-25T14:36:24.491+0000] {processor.py:153} INFO - Started process (PID=6030) to work on /home/airflow/.local/lib/python3.7/site-packages/airflow/example_dags/example_task_group_decorator.py
[2022-09-25T14:36:24.494+0000] {processor.py:640} INFO - Processing file /home/airflow/.local/lib/python3.7/site-packages/airflow/example_dags/example_task_group_decorator.py for tasks to queue
[2022-09-25T14:36:24.498+0000] {logging_mixin.py:115} INFO - [2022-09-25T14:36:24.498+0000] {dagbag.py:508} INFO - Filling up the DagBag from /home/airflow/.local/lib/python3.7/site-packages/airflow/example_dags/example_task_group_decorator.py
[2022-09-25T14:36:24.555+0000] {processor.py:650} INFO - DAG(s) dict_keys(['example_task_group_decorator']) retrieved from /home/airflow/.local/lib/python3.7/site-packages/airflow/example_dags/example_task_group_decorator.py
[2022-09-25T14:36:24.678+0000] {logging_mixin.py:115} INFO - [2022-09-25T14:36:24.678+0000] {dag.py:2429} INFO - Sync 1 DAGs
[2022-09-25T14:36:24.714+0000] {logging_mixin.py:115} INFO - [2022-09-25T14:36:24.714+0000] {dag.py:2981} INFO - Setting next_dagrun for example_task_group_decorator to 2022-09-24T14:36:24.713882+00:00, run_after=2022-09-25T14:36:24.713882+00:00
[2022-09-25T14:36:24.899+0000] {processor.py:161} INFO - Processing /home/airflow/.local/lib/python3.7/site-packages/airflow/example_dags/example_task_group_decorator.py took 0.416 seconds
[2022-09-25T14:36:55.282+0000] {processor.py:153} INFO - Started process (PID=6235) to work on /home/airflow/.local/lib/python3.7/site-packages/airflow/example_dags/example_task_group_decorator.py
[2022-09-25T14:36:55.285+0000] {processor.py:640} INFO - Processing file /home/airflow/.local/lib/python3.7/site-packages/airflow/example_dags/example_task_group_decorator.py for tasks to queue
[2022-09-25T14:36:55.290+0000] {logging_mixin.py:115} INFO - [2022-09-25T14:36:55.289+0000] {dagbag.py:508} INFO - Filling up the DagBag from /home/airflow/.local/lib/python3.7/site-packages/airflow/example_dags/example_task_group_decorator.py
[2022-09-25T14:36:55.335+0000] {processor.py:650} INFO - DAG(s) dict_keys(['example_task_group_decorator']) retrieved from /home/airflow/.local/lib/python3.7/site-packages/airflow/example_dags/example_task_group_decorator.py
[2022-09-25T14:36:55.444+0000] {logging_mixin.py:115} INFO - [2022-09-25T14:36:55.444+0000] {dag.py:2429} INFO - Sync 1 DAGs
[2022-09-25T14:36:55.654+0000] {logging_mixin.py:115} INFO - [2022-09-25T14:36:55.654+0000] {dag.py:2981} INFO - Setting next_dagrun for example_task_group_decorator to 2022-09-24T14:36:55.653700+00:00, run_after=2022-09-25T14:36:55.653700+00:00
[2022-09-25T14:36:55.680+0000] {processor.py:161} INFO - Processing /home/airflow/.local/lib/python3.7/site-packages/airflow/example_dags/example_task_group_decorator.py took 0.410 seconds
[2022-09-25T14:37:26.226+0000] {processor.py:153} INFO - Started process (PID=6449) to work on /home/airflow/.local/lib/python3.7/site-packages/airflow/example_dags/example_task_group_decorator.py
[2022-09-25T14:37:26.228+0000] {processor.py:640} INFO - Processing file /home/airflow/.local/lib/python3.7/site-packages/airflow/example_dags/example_task_group_decorator.py for tasks to queue
[2022-09-25T14:37:26.230+0000] {logging_mixin.py:115} INFO - [2022-09-25T14:37:26.230+0000] {dagbag.py:508} INFO - Filling up the DagBag from /home/airflow/.local/lib/python3.7/site-packages/airflow/example_dags/example_task_group_decorator.py
[2022-09-25T14:37:26.298+0000] {processor.py:650} INFO - DAG(s) dict_keys(['example_task_group_decorator']) retrieved from /home/airflow/.local/lib/python3.7/site-packages/airflow/example_dags/example_task_group_decorator.py
[2022-09-25T14:37:26.415+0000] {logging_mixin.py:115} INFO - [2022-09-25T14:37:26.415+0000] {dag.py:2429} INFO - Sync 1 DAGs
[2022-09-25T14:37:26.657+0000] {logging_mixin.py:115} INFO - [2022-09-25T14:37:26.656+0000] {dag.py:2981} INFO - Setting next_dagrun for example_task_group_decorator to 2022-09-24T14:37:26.655798+00:00, run_after=2022-09-25T14:37:26.655798+00:00
[2022-09-25T14:37:26.694+0000] {processor.py:161} INFO - Processing /home/airflow/.local/lib/python3.7/site-packages/airflow/example_dags/example_task_group_decorator.py took 0.475 seconds
[2022-09-25T14:37:56.888+0000] {processor.py:153} INFO - Started process (PID=6654) to work on /home/airflow/.local/lib/python3.7/site-packages/airflow/example_dags/example_task_group_decorator.py
[2022-09-25T14:37:56.891+0000] {processor.py:640} INFO - Processing file /home/airflow/.local/lib/python3.7/site-packages/airflow/example_dags/example_task_group_decorator.py for tasks to queue
[2022-09-25T14:37:56.893+0000] {logging_mixin.py:115} INFO - [2022-09-25T14:37:56.893+0000] {dagbag.py:508} INFO - Filling up the DagBag from /home/airflow/.local/lib/python3.7/site-packages/airflow/example_dags/example_task_group_decorator.py
[2022-09-25T14:37:56.937+0000] {processor.py:650} INFO - DAG(s) dict_keys(['example_task_group_decorator']) retrieved from /home/airflow/.local/lib/python3.7/site-packages/airflow/example_dags/example_task_group_decorator.py
[2022-09-25T14:37:57.055+0000] {logging_mixin.py:115} INFO - [2022-09-25T14:37:57.054+0000] {dag.py:2429} INFO - Sync 1 DAGs
[2022-09-25T14:37:57.265+0000] {logging_mixin.py:115} INFO - [2022-09-25T14:37:57.265+0000] {dag.py:2981} INFO - Setting next_dagrun for example_task_group_decorator to 2022-09-24T14:37:57.264873+00:00, run_after=2022-09-25T14:37:57.264873+00:00
[2022-09-25T14:37:57.295+0000] {processor.py:161} INFO - Processing /home/airflow/.local/lib/python3.7/site-packages/airflow/example_dags/example_task_group_decorator.py took 0.412 seconds
[2022-09-25T14:38:27.987+0000] {processor.py:153} INFO - Started process (PID=6866) to work on /home/airflow/.local/lib/python3.7/site-packages/airflow/example_dags/example_task_group_decorator.py
[2022-09-25T14:38:27.991+0000] {processor.py:640} INFO - Processing file /home/airflow/.local/lib/python3.7/site-packages/airflow/example_dags/example_task_group_decorator.py for tasks to queue
[2022-09-25T14:38:27.994+0000] {logging_mixin.py:115} INFO - [2022-09-25T14:38:27.993+0000] {dagbag.py:508} INFO - Filling up the DagBag from /home/airflow/.local/lib/python3.7/site-packages/airflow/example_dags/example_task_group_decorator.py
[2022-09-25T14:38:28.060+0000] {processor.py:650} INFO - DAG(s) dict_keys(['example_task_group_decorator']) retrieved from /home/airflow/.local/lib/python3.7/site-packages/airflow/example_dags/example_task_group_decorator.py
[2022-09-25T14:38:28.112+0000] {logging_mixin.py:115} INFO - [2022-09-25T14:38:28.112+0000] {dag.py:2429} INFO - Sync 1 DAGs
[2022-09-25T14:38:28.154+0000] {logging_mixin.py:115} INFO - [2022-09-25T14:38:28.153+0000] {dag.py:2981} INFO - Setting next_dagrun for example_task_group_decorator to 2022-09-24T14:38:28.153568+00:00, run_after=2022-09-25T14:38:28.153568+00:00
[2022-09-25T14:38:28.198+0000] {processor.py:161} INFO - Processing /home/airflow/.local/lib/python3.7/site-packages/airflow/example_dags/example_task_group_decorator.py took 0.217 seconds
[2022-09-25T14:38:58.657+0000] {processor.py:153} INFO - Started process (PID=7071) to work on /home/airflow/.local/lib/python3.7/site-packages/airflow/example_dags/example_task_group_decorator.py
[2022-09-25T14:38:58.660+0000] {processor.py:640} INFO - Processing file /home/airflow/.local/lib/python3.7/site-packages/airflow/example_dags/example_task_group_decorator.py for tasks to queue
[2022-09-25T14:38:58.663+0000] {logging_mixin.py:115} INFO - [2022-09-25T14:38:58.662+0000] {dagbag.py:508} INFO - Filling up the DagBag from /home/airflow/.local/lib/python3.7/site-packages/airflow/example_dags/example_task_group_decorator.py
[2022-09-25T14:38:58.776+0000] {processor.py:650} INFO - DAG(s) dict_keys(['example_task_group_decorator']) retrieved from /home/airflow/.local/lib/python3.7/site-packages/airflow/example_dags/example_task_group_decorator.py
[2022-09-25T14:38:58.937+0000] {logging_mixin.py:115} INFO - [2022-09-25T14:38:58.936+0000] {dag.py:2429} INFO - Sync 1 DAGs
[2022-09-25T14:38:59.148+0000] {logging_mixin.py:115} INFO - [2022-09-25T14:38:59.147+0000] {dag.py:2981} INFO - Setting next_dagrun for example_task_group_decorator to 2022-09-24T14:38:59.147534+00:00, run_after=2022-09-25T14:38:59.147534+00:00
[2022-09-25T14:38:59.175+0000] {processor.py:161} INFO - Processing /home/airflow/.local/lib/python3.7/site-packages/airflow/example_dags/example_task_group_decorator.py took 0.530 seconds
[2022-09-25T14:39:29.817+0000] {processor.py:153} INFO - Started process (PID=7287) to work on /home/airflow/.local/lib/python3.7/site-packages/airflow/example_dags/example_task_group_decorator.py
[2022-09-25T14:39:29.819+0000] {processor.py:640} INFO - Processing file /home/airflow/.local/lib/python3.7/site-packages/airflow/example_dags/example_task_group_decorator.py for tasks to queue
[2022-09-25T14:39:29.821+0000] {logging_mixin.py:115} INFO - [2022-09-25T14:39:29.821+0000] {dagbag.py:508} INFO - Filling up the DagBag from /home/airflow/.local/lib/python3.7/site-packages/airflow/example_dags/example_task_group_decorator.py
[2022-09-25T14:39:29.873+0000] {processor.py:650} INFO - DAG(s) dict_keys(['example_task_group_decorator']) retrieved from /home/airflow/.local/lib/python3.7/site-packages/airflow/example_dags/example_task_group_decorator.py
[2022-09-25T14:39:29.985+0000] {logging_mixin.py:115} INFO - [2022-09-25T14:39:29.985+0000] {dag.py:2429} INFO - Sync 1 DAGs
[2022-09-25T14:39:30.205+0000] {logging_mixin.py:115} INFO - [2022-09-25T14:39:30.205+0000] {dag.py:2981} INFO - Setting next_dagrun for example_task_group_decorator to 2022-09-24T14:39:30.204708+00:00, run_after=2022-09-25T14:39:30.204708+00:00
[2022-09-25T14:39:30.238+0000] {processor.py:161} INFO - Processing /home/airflow/.local/lib/python3.7/site-packages/airflow/example_dags/example_task_group_decorator.py took 0.427 seconds
[2022-09-25T14:40:00.923+0000] {processor.py:153} INFO - Started process (PID=7492) to work on /home/airflow/.local/lib/python3.7/site-packages/airflow/example_dags/example_task_group_decorator.py
[2022-09-25T14:40:00.926+0000] {processor.py:640} INFO - Processing file /home/airflow/.local/lib/python3.7/site-packages/airflow/example_dags/example_task_group_decorator.py for tasks to queue
[2022-09-25T14:40:00.928+0000] {logging_mixin.py:115} INFO - [2022-09-25T14:40:00.928+0000] {dagbag.py:508} INFO - Filling up the DagBag from /home/airflow/.local/lib/python3.7/site-packages/airflow/example_dags/example_task_group_decorator.py
[2022-09-25T14:40:00.980+0000] {processor.py:650} INFO - DAG(s) dict_keys(['example_task_group_decorator']) retrieved from /home/airflow/.local/lib/python3.7/site-packages/airflow/example_dags/example_task_group_decorator.py
[2022-09-25T14:40:01.042+0000] {logging_mixin.py:115} INFO - [2022-09-25T14:40:01.041+0000] {dag.py:2429} INFO - Sync 1 DAGs
[2022-09-25T14:40:01.090+0000] {logging_mixin.py:115} INFO - [2022-09-25T14:40:01.090+0000] {dag.py:2981} INFO - Setting next_dagrun for example_task_group_decorator to 2022-09-24T14:40:01.090257+00:00, run_after=2022-09-25T14:40:01.090257+00:00
[2022-09-25T14:40:01.123+0000] {processor.py:161} INFO - Processing /home/airflow/.local/lib/python3.7/site-packages/airflow/example_dags/example_task_group_decorator.py took 0.207 seconds
[2022-09-25T14:40:31.363+0000] {processor.py:153} INFO - Started process (PID=7703) to work on /home/airflow/.local/lib/python3.7/site-packages/airflow/example_dags/example_task_group_decorator.py
[2022-09-25T14:40:31.365+0000] {processor.py:640} INFO - Processing file /home/airflow/.local/lib/python3.7/site-packages/airflow/example_dags/example_task_group_decorator.py for tasks to queue
[2022-09-25T14:40:31.367+0000] {logging_mixin.py:115} INFO - [2022-09-25T14:40:31.367+0000] {dagbag.py:508} INFO - Filling up the DagBag from /home/airflow/.local/lib/python3.7/site-packages/airflow/example_dags/example_task_group_decorator.py
[2022-09-25T14:40:31.414+0000] {processor.py:650} INFO - DAG(s) dict_keys(['example_task_group_decorator']) retrieved from /home/airflow/.local/lib/python3.7/site-packages/airflow/example_dags/example_task_group_decorator.py
[2022-09-25T14:40:31.528+0000] {logging_mixin.py:115} INFO - [2022-09-25T14:40:31.528+0000] {dag.py:2429} INFO - Sync 1 DAGs
[2022-09-25T14:40:31.750+0000] {logging_mixin.py:115} INFO - [2022-09-25T14:40:31.750+0000] {dag.py:2981} INFO - Setting next_dagrun for example_task_group_decorator to 2022-09-24T14:40:31.750261+00:00, run_after=2022-09-25T14:40:31.750261+00:00
[2022-09-25T14:40:31.784+0000] {processor.py:161} INFO - Processing /home/airflow/.local/lib/python3.7/site-packages/airflow/example_dags/example_task_group_decorator.py took 0.428 seconds
[2022-09-25T14:41:01.916+0000] {processor.py:153} INFO - Started process (PID=7913) to work on /home/airflow/.local/lib/python3.7/site-packages/airflow/example_dags/example_task_group_decorator.py
[2022-09-25T14:41:01.919+0000] {processor.py:640} INFO - Processing file /home/airflow/.local/lib/python3.7/site-packages/airflow/example_dags/example_task_group_decorator.py for tasks to queue
[2022-09-25T14:41:01.921+0000] {logging_mixin.py:115} INFO - [2022-09-25T14:41:01.921+0000] {dagbag.py:508} INFO - Filling up the DagBag from /home/airflow/.local/lib/python3.7/site-packages/airflow/example_dags/example_task_group_decorator.py
[2022-09-25T14:41:01.963+0000] {processor.py:650} INFO - DAG(s) dict_keys(['example_task_group_decorator']) retrieved from /home/airflow/.local/lib/python3.7/site-packages/airflow/example_dags/example_task_group_decorator.py
[2022-09-25T14:41:02.072+0000] {logging_mixin.py:115} INFO - [2022-09-25T14:41:02.072+0000] {dag.py:2429} INFO - Sync 1 DAGs
[2022-09-25T14:41:02.287+0000] {logging_mixin.py:115} INFO - [2022-09-25T14:41:02.286+0000] {dag.py:2981} INFO - Setting next_dagrun for example_task_group_decorator to 2022-09-24T14:41:02.286655+00:00, run_after=2022-09-25T14:41:02.286655+00:00
[2022-09-25T14:41:02.313+0000] {processor.py:161} INFO - Processing /home/airflow/.local/lib/python3.7/site-packages/airflow/example_dags/example_task_group_decorator.py took 0.402 seconds
[2022-09-25T14:41:32.556+0000] {processor.py:153} INFO - Started process (PID=8127) to work on /home/airflow/.local/lib/python3.7/site-packages/airflow/example_dags/example_task_group_decorator.py
[2022-09-25T14:41:32.560+0000] {processor.py:640} INFO - Processing file /home/airflow/.local/lib/python3.7/site-packages/airflow/example_dags/example_task_group_decorator.py for tasks to queue
[2022-09-25T14:41:32.565+0000] {logging_mixin.py:115} INFO - [2022-09-25T14:41:32.564+0000] {dagbag.py:508} INFO - Filling up the DagBag from /home/airflow/.local/lib/python3.7/site-packages/airflow/example_dags/example_task_group_decorator.py
[2022-09-25T14:41:32.623+0000] {processor.py:650} INFO - DAG(s) dict_keys(['example_task_group_decorator']) retrieved from /home/airflow/.local/lib/python3.7/site-packages/airflow/example_dags/example_task_group_decorator.py
[2022-09-25T14:41:32.811+0000] {logging_mixin.py:115} INFO - [2022-09-25T14:41:32.810+0000] {dag.py:2429} INFO - Sync 1 DAGs
[2022-09-25T14:41:33.192+0000] {logging_mixin.py:115} INFO - [2022-09-25T14:41:33.191+0000] {dag.py:2981} INFO - Setting next_dagrun for example_task_group_decorator to 2022-09-24T14:41:33.191173+00:00, run_after=2022-09-25T14:41:33.191173+00:00
[2022-09-25T14:41:33.222+0000] {processor.py:161} INFO - Processing /home/airflow/.local/lib/python3.7/site-packages/airflow/example_dags/example_task_group_decorator.py took 0.674 seconds
[2022-09-25T14:42:03.365+0000] {processor.py:153} INFO - Started process (PID=8327) to work on /home/airflow/.local/lib/python3.7/site-packages/airflow/example_dags/example_task_group_decorator.py
[2022-09-25T14:42:03.367+0000] {processor.py:640} INFO - Processing file /home/airflow/.local/lib/python3.7/site-packages/airflow/example_dags/example_task_group_decorator.py for tasks to queue
[2022-09-25T14:42:03.369+0000] {logging_mixin.py:115} INFO - [2022-09-25T14:42:03.369+0000] {dagbag.py:508} INFO - Filling up the DagBag from /home/airflow/.local/lib/python3.7/site-packages/airflow/example_dags/example_task_group_decorator.py
[2022-09-25T14:42:03.422+0000] {processor.py:650} INFO - DAG(s) dict_keys(['example_task_group_decorator']) retrieved from /home/airflow/.local/lib/python3.7/site-packages/airflow/example_dags/example_task_group_decorator.py
[2022-09-25T14:42:03.556+0000] {logging_mixin.py:115} INFO - [2022-09-25T14:42:03.555+0000] {dag.py:2429} INFO - Sync 1 DAGs
[2022-09-25T14:42:03.773+0000] {logging_mixin.py:115} INFO - [2022-09-25T14:42:03.773+0000] {dag.py:2981} INFO - Setting next_dagrun for example_task_group_decorator to 2022-09-24T14:42:03.773239+00:00, run_after=2022-09-25T14:42:03.773239+00:00
[2022-09-25T14:42:03.806+0000] {processor.py:161} INFO - Processing /home/airflow/.local/lib/python3.7/site-packages/airflow/example_dags/example_task_group_decorator.py took 0.447 seconds
[2022-09-25T14:42:34.290+0000] {processor.py:153} INFO - Started process (PID=8542) to work on /home/airflow/.local/lib/python3.7/site-packages/airflow/example_dags/example_task_group_decorator.py
[2022-09-25T14:42:34.293+0000] {processor.py:640} INFO - Processing file /home/airflow/.local/lib/python3.7/site-packages/airflow/example_dags/example_task_group_decorator.py for tasks to queue
[2022-09-25T14:42:34.296+0000] {logging_mixin.py:115} INFO - [2022-09-25T14:42:34.295+0000] {dagbag.py:508} INFO - Filling up the DagBag from /home/airflow/.local/lib/python3.7/site-packages/airflow/example_dags/example_task_group_decorator.py
[2022-09-25T14:42:34.368+0000] {processor.py:650} INFO - DAG(s) dict_keys(['example_task_group_decorator']) retrieved from /home/airflow/.local/lib/python3.7/site-packages/airflow/example_dags/example_task_group_decorator.py
[2022-09-25T14:42:34.567+0000] {logging_mixin.py:115} INFO - [2022-09-25T14:42:34.567+0000] {dag.py:2429} INFO - Sync 1 DAGs
[2022-09-25T14:42:34.811+0000] {logging_mixin.py:115} INFO - [2022-09-25T14:42:34.810+0000] {dag.py:2981} INFO - Setting next_dagrun for example_task_group_decorator to 2022-09-24T14:42:34.810597+00:00, run_after=2022-09-25T14:42:34.810597+00:00
[2022-09-25T14:42:34.833+0000] {processor.py:161} INFO - Processing /home/airflow/.local/lib/python3.7/site-packages/airflow/example_dags/example_task_group_decorator.py took 0.554 seconds
[2022-09-25T14:43:05.263+0000] {processor.py:153} INFO - Started process (PID=8748) to work on /home/airflow/.local/lib/python3.7/site-packages/airflow/example_dags/example_task_group_decorator.py
[2022-09-25T14:43:05.267+0000] {processor.py:640} INFO - Processing file /home/airflow/.local/lib/python3.7/site-packages/airflow/example_dags/example_task_group_decorator.py for tasks to queue
[2022-09-25T14:43:05.269+0000] {logging_mixin.py:115} INFO - [2022-09-25T14:43:05.268+0000] {dagbag.py:508} INFO - Filling up the DagBag from /home/airflow/.local/lib/python3.7/site-packages/airflow/example_dags/example_task_group_decorator.py
[2022-09-25T14:43:05.321+0000] {processor.py:650} INFO - DAG(s) dict_keys(['example_task_group_decorator']) retrieved from /home/airflow/.local/lib/python3.7/site-packages/airflow/example_dags/example_task_group_decorator.py
[2022-09-25T14:43:05.386+0000] {logging_mixin.py:115} INFO - [2022-09-25T14:43:05.385+0000] {dag.py:2429} INFO - Sync 1 DAGs
[2022-09-25T14:43:05.432+0000] {logging_mixin.py:115} INFO - [2022-09-25T14:43:05.432+0000] {dag.py:2981} INFO - Setting next_dagrun for example_task_group_decorator to 2022-09-24T14:43:05.431964+00:00, run_after=2022-09-25T14:43:05.431964+00:00
[2022-09-25T14:43:05.465+0000] {processor.py:161} INFO - Processing /home/airflow/.local/lib/python3.7/site-packages/airflow/example_dags/example_task_group_decorator.py took 0.208 seconds
[2022-09-25T14:43:35.706+0000] {processor.py:153} INFO - Started process (PID=8963) to work on /home/airflow/.local/lib/python3.7/site-packages/airflow/example_dags/example_task_group_decorator.py
[2022-09-25T14:43:35.708+0000] {processor.py:640} INFO - Processing file /home/airflow/.local/lib/python3.7/site-packages/airflow/example_dags/example_task_group_decorator.py for tasks to queue
[2022-09-25T14:43:35.710+0000] {logging_mixin.py:115} INFO - [2022-09-25T14:43:35.710+0000] {dagbag.py:508} INFO - Filling up the DagBag from /home/airflow/.local/lib/python3.7/site-packages/airflow/example_dags/example_task_group_decorator.py
[2022-09-25T14:43:35.759+0000] {processor.py:650} INFO - DAG(s) dict_keys(['example_task_group_decorator']) retrieved from /home/airflow/.local/lib/python3.7/site-packages/airflow/example_dags/example_task_group_decorator.py
[2022-09-25T14:43:35.877+0000] {logging_mixin.py:115} INFO - [2022-09-25T14:43:35.876+0000] {dag.py:2429} INFO - Sync 1 DAGs
[2022-09-25T14:43:36.100+0000] {logging_mixin.py:115} INFO - [2022-09-25T14:43:36.100+0000] {dag.py:2981} INFO - Setting next_dagrun for example_task_group_decorator to 2022-09-24T14:43:36.099770+00:00, run_after=2022-09-25T14:43:36.099770+00:00
[2022-09-25T14:43:36.126+0000] {processor.py:161} INFO - Processing /home/airflow/.local/lib/python3.7/site-packages/airflow/example_dags/example_task_group_decorator.py took 0.427 seconds
[2022-09-25T14:44:06.252+0000] {processor.py:153} INFO - Started process (PID=9168) to work on /home/airflow/.local/lib/python3.7/site-packages/airflow/example_dags/example_task_group_decorator.py
[2022-09-25T14:44:06.260+0000] {processor.py:640} INFO - Processing file /home/airflow/.local/lib/python3.7/site-packages/airflow/example_dags/example_task_group_decorator.py for tasks to queue
[2022-09-25T14:44:06.262+0000] {logging_mixin.py:115} INFO - [2022-09-25T14:44:06.261+0000] {dagbag.py:508} INFO - Filling up the DagBag from /home/airflow/.local/lib/python3.7/site-packages/airflow/example_dags/example_task_group_decorator.py
[2022-09-25T14:44:06.316+0000] {processor.py:650} INFO - DAG(s) dict_keys(['example_task_group_decorator']) retrieved from /home/airflow/.local/lib/python3.7/site-packages/airflow/example_dags/example_task_group_decorator.py
[2022-09-25T14:44:06.425+0000] {logging_mixin.py:115} INFO - [2022-09-25T14:44:06.425+0000] {dag.py:2429} INFO - Sync 1 DAGs
[2022-09-25T14:44:06.675+0000] {logging_mixin.py:115} INFO - [2022-09-25T14:44:06.675+0000] {dag.py:2981} INFO - Setting next_dagrun for example_task_group_decorator to 2022-09-24T14:44:06.675161+00:00, run_after=2022-09-25T14:44:06.675161+00:00
[2022-09-25T14:44:06.699+0000] {processor.py:161} INFO - Processing /home/airflow/.local/lib/python3.7/site-packages/airflow/example_dags/example_task_group_decorator.py took 0.454 seconds
[2022-09-25T14:44:36.933+0000] {processor.py:153} INFO - Started process (PID=9383) to work on /home/airflow/.local/lib/python3.7/site-packages/airflow/example_dags/example_task_group_decorator.py
[2022-09-25T14:44:36.941+0000] {processor.py:640} INFO - Processing file /home/airflow/.local/lib/python3.7/site-packages/airflow/example_dags/example_task_group_decorator.py for tasks to queue
[2022-09-25T14:44:36.943+0000] {logging_mixin.py:115} INFO - [2022-09-25T14:44:36.943+0000] {dagbag.py:508} INFO - Filling up the DagBag from /home/airflow/.local/lib/python3.7/site-packages/airflow/example_dags/example_task_group_decorator.py
[2022-09-25T14:44:36.980+0000] {processor.py:650} INFO - DAG(s) dict_keys(['example_task_group_decorator']) retrieved from /home/airflow/.local/lib/python3.7/site-packages/airflow/example_dags/example_task_group_decorator.py
[2022-09-25T14:44:37.019+0000] {logging_mixin.py:115} INFO - [2022-09-25T14:44:37.019+0000] {dag.py:2429} INFO - Sync 1 DAGs
[2022-09-25T14:44:37.050+0000] {logging_mixin.py:115} INFO - [2022-09-25T14:44:37.050+0000] {dag.py:2981} INFO - Setting next_dagrun for example_task_group_decorator to 2022-09-24T14:44:37.050390+00:00, run_after=2022-09-25T14:44:37.050390+00:00
[2022-09-25T14:44:37.072+0000] {processor.py:161} INFO - Processing /home/airflow/.local/lib/python3.7/site-packages/airflow/example_dags/example_task_group_decorator.py took 0.144 seconds
[2022-09-25T14:45:07.492+0000] {processor.py:153} INFO - Started process (PID=9588) to work on /home/airflow/.local/lib/python3.7/site-packages/airflow/example_dags/example_task_group_decorator.py
[2022-09-25T14:45:07.495+0000] {processor.py:640} INFO - Processing file /home/airflow/.local/lib/python3.7/site-packages/airflow/example_dags/example_task_group_decorator.py for tasks to queue
[2022-09-25T14:45:07.497+0000] {logging_mixin.py:115} INFO - [2022-09-25T14:45:07.496+0000] {dagbag.py:508} INFO - Filling up the DagBag from /home/airflow/.local/lib/python3.7/site-packages/airflow/example_dags/example_task_group_decorator.py
[2022-09-25T14:45:07.539+0000] {processor.py:650} INFO - DAG(s) dict_keys(['example_task_group_decorator']) retrieved from /home/airflow/.local/lib/python3.7/site-packages/airflow/example_dags/example_task_group_decorator.py
[2022-09-25T14:45:07.659+0000] {logging_mixin.py:115} INFO - [2022-09-25T14:45:07.659+0000] {dag.py:2429} INFO - Sync 1 DAGs
[2022-09-25T14:45:07.946+0000] {logging_mixin.py:115} INFO - [2022-09-25T14:45:07.945+0000] {dag.py:2981} INFO - Setting next_dagrun for example_task_group_decorator to 2022-09-24T14:45:07.945577+00:00, run_after=2022-09-25T14:45:07.945577+00:00
[2022-09-25T14:45:07.984+0000] {processor.py:161} INFO - Processing /home/airflow/.local/lib/python3.7/site-packages/airflow/example_dags/example_task_group_decorator.py took 0.497 seconds
[2022-09-25T14:45:38.065+0000] {processor.py:153} INFO - Started process (PID=9807) to work on /home/airflow/.local/lib/python3.7/site-packages/airflow/example_dags/example_task_group_decorator.py
[2022-09-25T14:45:38.068+0000] {processor.py:640} INFO - Processing file /home/airflow/.local/lib/python3.7/site-packages/airflow/example_dags/example_task_group_decorator.py for tasks to queue
[2022-09-25T14:45:38.071+0000] {logging_mixin.py:115} INFO - [2022-09-25T14:45:38.071+0000] {dagbag.py:508} INFO - Filling up the DagBag from /home/airflow/.local/lib/python3.7/site-packages/airflow/example_dags/example_task_group_decorator.py
[2022-09-25T14:45:38.133+0000] {processor.py:650} INFO - DAG(s) dict_keys(['example_task_group_decorator']) retrieved from /home/airflow/.local/lib/python3.7/site-packages/airflow/example_dags/example_task_group_decorator.py
[2022-09-25T14:45:38.296+0000] {logging_mixin.py:115} INFO - [2022-09-25T14:45:38.296+0000] {dag.py:2429} INFO - Sync 1 DAGs
[2022-09-25T14:45:38.581+0000] {logging_mixin.py:115} INFO - [2022-09-25T14:45:38.581+0000] {dag.py:2981} INFO - Setting next_dagrun for example_task_group_decorator to 2022-09-24T14:45:38.580061+00:00, run_after=2022-09-25T14:45:38.580061+00:00
[2022-09-25T14:45:38.615+0000] {processor.py:161} INFO - Processing /home/airflow/.local/lib/python3.7/site-packages/airflow/example_dags/example_task_group_decorator.py took 0.556 seconds
[2022-09-25T14:46:09.589+0000] {processor.py:153} INFO - Started process (PID=10017) to work on /home/airflow/.local/lib/python3.7/site-packages/airflow/example_dags/example_task_group_decorator.py
[2022-09-25T14:46:09.598+0000] {processor.py:640} INFO - Processing file /home/airflow/.local/lib/python3.7/site-packages/airflow/example_dags/example_task_group_decorator.py for tasks to queue
[2022-09-25T14:46:09.601+0000] {logging_mixin.py:115} INFO - [2022-09-25T14:46:09.600+0000] {dagbag.py:508} INFO - Filling up the DagBag from /home/airflow/.local/lib/python3.7/site-packages/airflow/example_dags/example_task_group_decorator.py
[2022-09-25T14:46:09.654+0000] {processor.py:650} INFO - DAG(s) dict_keys(['example_task_group_decorator']) retrieved from /home/airflow/.local/lib/python3.7/site-packages/airflow/example_dags/example_task_group_decorator.py
[2022-09-25T14:46:09.788+0000] {logging_mixin.py:115} INFO - [2022-09-25T14:46:09.788+0000] {dag.py:2429} INFO - Sync 1 DAGs
[2022-09-25T14:46:10.060+0000] {logging_mixin.py:115} INFO - [2022-09-25T14:46:10.060+0000] {dag.py:2981} INFO - Setting next_dagrun for example_task_group_decorator to 2022-09-24T14:46:10.059966+00:00, run_after=2022-09-25T14:46:10.059966+00:00
[2022-09-25T14:46:10.084+0000] {processor.py:161} INFO - Processing /home/airflow/.local/lib/python3.7/site-packages/airflow/example_dags/example_task_group_decorator.py took 0.504 seconds
[2022-09-25T14:46:40.160+0000] {processor.py:153} INFO - Started process (PID=10231) to work on /home/airflow/.local/lib/python3.7/site-packages/airflow/example_dags/example_task_group_decorator.py
[2022-09-25T14:46:40.167+0000] {processor.py:640} INFO - Processing file /home/airflow/.local/lib/python3.7/site-packages/airflow/example_dags/example_task_group_decorator.py for tasks to queue
[2022-09-25T14:46:40.170+0000] {logging_mixin.py:115} INFO - [2022-09-25T14:46:40.169+0000] {dagbag.py:508} INFO - Filling up the DagBag from /home/airflow/.local/lib/python3.7/site-packages/airflow/example_dags/example_task_group_decorator.py
[2022-09-25T14:46:40.231+0000] {processor.py:650} INFO - DAG(s) dict_keys(['example_task_group_decorator']) retrieved from /home/airflow/.local/lib/python3.7/site-packages/airflow/example_dags/example_task_group_decorator.py
[2022-09-25T14:46:40.356+0000] {logging_mixin.py:115} INFO - [2022-09-25T14:46:40.356+0000] {dag.py:2429} INFO - Sync 1 DAGs
[2022-09-25T14:46:40.600+0000] {logging_mixin.py:115} INFO - [2022-09-25T14:46:40.600+0000] {dag.py:2981} INFO - Setting next_dagrun for example_task_group_decorator to 2022-09-24T14:46:40.600033+00:00, run_after=2022-09-25T14:46:40.600033+00:00
[2022-09-25T14:46:40.625+0000] {processor.py:161} INFO - Processing /home/airflow/.local/lib/python3.7/site-packages/airflow/example_dags/example_task_group_decorator.py took 0.493 seconds
[2022-09-25T14:47:10.750+0000] {processor.py:153} INFO - Started process (PID=10449) to work on /home/airflow/.local/lib/python3.7/site-packages/airflow/example_dags/example_task_group_decorator.py
[2022-09-25T14:47:10.753+0000] {processor.py:640} INFO - Processing file /home/airflow/.local/lib/python3.7/site-packages/airflow/example_dags/example_task_group_decorator.py for tasks to queue
[2022-09-25T14:47:10.755+0000] {logging_mixin.py:115} INFO - [2022-09-25T14:47:10.755+0000] {dagbag.py:508} INFO - Filling up the DagBag from /home/airflow/.local/lib/python3.7/site-packages/airflow/example_dags/example_task_group_decorator.py
[2022-09-25T14:47:10.808+0000] {processor.py:650} INFO - DAG(s) dict_keys(['example_task_group_decorator']) retrieved from /home/airflow/.local/lib/python3.7/site-packages/airflow/example_dags/example_task_group_decorator.py
[2022-09-25T14:47:10.929+0000] {logging_mixin.py:115} INFO - [2022-09-25T14:47:10.929+0000] {dag.py:2429} INFO - Sync 1 DAGs
[2022-09-25T14:47:11.130+0000] {logging_mixin.py:115} INFO - [2022-09-25T14:47:11.129+0000] {dag.py:2981} INFO - Setting next_dagrun for example_task_group_decorator to 2022-09-24T14:47:11.129570+00:00, run_after=2022-09-25T14:47:11.129570+00:00
[2022-09-25T14:47:11.157+0000] {processor.py:161} INFO - Processing /home/airflow/.local/lib/python3.7/site-packages/airflow/example_dags/example_task_group_decorator.py took 0.414 seconds
[2022-09-25T14:47:41.283+0000] {processor.py:153} INFO - Started process (PID=10650) to work on /home/airflow/.local/lib/python3.7/site-packages/airflow/example_dags/example_task_group_decorator.py
[2022-09-25T14:47:41.293+0000] {processor.py:640} INFO - Processing file /home/airflow/.local/lib/python3.7/site-packages/airflow/example_dags/example_task_group_decorator.py for tasks to queue
[2022-09-25T14:47:41.296+0000] {logging_mixin.py:115} INFO - [2022-09-25T14:47:41.295+0000] {dagbag.py:508} INFO - Filling up the DagBag from /home/airflow/.local/lib/python3.7/site-packages/airflow/example_dags/example_task_group_decorator.py
[2022-09-25T14:47:41.355+0000] {processor.py:650} INFO - DAG(s) dict_keys(['example_task_group_decorator']) retrieved from /home/airflow/.local/lib/python3.7/site-packages/airflow/example_dags/example_task_group_decorator.py
[2022-09-25T14:47:41.503+0000] {logging_mixin.py:115} INFO - [2022-09-25T14:47:41.503+0000] {dag.py:2429} INFO - Sync 1 DAGs
[2022-09-25T14:47:41.791+0000] {logging_mixin.py:115} INFO - [2022-09-25T14:47:41.791+0000] {dag.py:2981} INFO - Setting next_dagrun for example_task_group_decorator to 2022-09-24T14:47:41.790818+00:00, run_after=2022-09-25T14:47:41.790818+00:00
[2022-09-25T14:47:41.824+0000] {processor.py:161} INFO - Processing /home/airflow/.local/lib/python3.7/site-packages/airflow/example_dags/example_task_group_decorator.py took 0.547 seconds
[2022-09-25T14:48:12.191+0000] {processor.py:153} INFO - Started process (PID=10856) to work on /home/airflow/.local/lib/python3.7/site-packages/airflow/example_dags/example_task_group_decorator.py
[2022-09-25T14:48:12.193+0000] {processor.py:640} INFO - Processing file /home/airflow/.local/lib/python3.7/site-packages/airflow/example_dags/example_task_group_decorator.py for tasks to queue
[2022-09-25T14:48:12.197+0000] {logging_mixin.py:115} INFO - [2022-09-25T14:48:12.196+0000] {dagbag.py:508} INFO - Filling up the DagBag from /home/airflow/.local/lib/python3.7/site-packages/airflow/example_dags/example_task_group_decorator.py
[2022-09-25T14:48:12.263+0000] {processor.py:650} INFO - DAG(s) dict_keys(['example_task_group_decorator']) retrieved from /home/airflow/.local/lib/python3.7/site-packages/airflow/example_dags/example_task_group_decorator.py
[2022-09-25T14:48:12.408+0000] {logging_mixin.py:115} INFO - [2022-09-25T14:48:12.408+0000] {dag.py:2429} INFO - Sync 1 DAGs
[2022-09-25T14:48:12.694+0000] {logging_mixin.py:115} INFO - [2022-09-25T14:48:12.694+0000] {dag.py:2981} INFO - Setting next_dagrun for example_task_group_decorator to 2022-09-24T14:48:12.693829+00:00, run_after=2022-09-25T14:48:12.693829+00:00
[2022-09-25T14:48:12.733+0000] {processor.py:161} INFO - Processing /home/airflow/.local/lib/python3.7/site-packages/airflow/example_dags/example_task_group_decorator.py took 0.549 seconds
[2022-09-25T14:48:42.850+0000] {processor.py:153} INFO - Started process (PID=11083) to work on /home/airflow/.local/lib/python3.7/site-packages/airflow/example_dags/example_task_group_decorator.py
[2022-09-25T14:48:42.853+0000] {processor.py:640} INFO - Processing file /home/airflow/.local/lib/python3.7/site-packages/airflow/example_dags/example_task_group_decorator.py for tasks to queue
[2022-09-25T14:48:42.855+0000] {logging_mixin.py:115} INFO - [2022-09-25T14:48:42.855+0000] {dagbag.py:508} INFO - Filling up the DagBag from /home/airflow/.local/lib/python3.7/site-packages/airflow/example_dags/example_task_group_decorator.py
[2022-09-25T14:48:42.905+0000] {processor.py:650} INFO - DAG(s) dict_keys(['example_task_group_decorator']) retrieved from /home/airflow/.local/lib/python3.7/site-packages/airflow/example_dags/example_task_group_decorator.py
[2022-09-25T14:48:43.050+0000] {logging_mixin.py:115} INFO - [2022-09-25T14:48:43.050+0000] {dag.py:2429} INFO - Sync 1 DAGs
[2022-09-25T14:48:43.265+0000] {logging_mixin.py:115} INFO - [2022-09-25T14:48:43.265+0000] {dag.py:2981} INFO - Setting next_dagrun for example_task_group_decorator to 2022-09-24T14:48:43.264852+00:00, run_after=2022-09-25T14:48:43.264852+00:00
[2022-09-25T14:48:43.296+0000] {processor.py:161} INFO - Processing /home/airflow/.local/lib/python3.7/site-packages/airflow/example_dags/example_task_group_decorator.py took 0.452 seconds
[2022-09-25T14:49:13.497+0000] {processor.py:153} INFO - Started process (PID=11288) to work on /home/airflow/.local/lib/python3.7/site-packages/airflow/example_dags/example_task_group_decorator.py
[2022-09-25T14:49:13.498+0000] {processor.py:640} INFO - Processing file /home/airflow/.local/lib/python3.7/site-packages/airflow/example_dags/example_task_group_decorator.py for tasks to queue
[2022-09-25T14:49:13.500+0000] {logging_mixin.py:115} INFO - [2022-09-25T14:49:13.500+0000] {dagbag.py:508} INFO - Filling up the DagBag from /home/airflow/.local/lib/python3.7/site-packages/airflow/example_dags/example_task_group_decorator.py
[2022-09-25T14:49:13.535+0000] {processor.py:650} INFO - DAG(s) dict_keys(['example_task_group_decorator']) retrieved from /home/airflow/.local/lib/python3.7/site-packages/airflow/example_dags/example_task_group_decorator.py
[2022-09-25T14:49:13.574+0000] {logging_mixin.py:115} INFO - [2022-09-25T14:49:13.574+0000] {dag.py:2429} INFO - Sync 1 DAGs
[2022-09-25T14:49:13.613+0000] {logging_mixin.py:115} INFO - [2022-09-25T14:49:13.613+0000] {dag.py:2981} INFO - Setting next_dagrun for example_task_group_decorator to 2022-09-24T14:49:13.612773+00:00, run_after=2022-09-25T14:49:13.612773+00:00
[2022-09-25T14:49:13.633+0000] {processor.py:161} INFO - Processing /home/airflow/.local/lib/python3.7/site-packages/airflow/example_dags/example_task_group_decorator.py took 0.142 seconds
[2022-09-25T14:49:43.997+0000] {processor.py:153} INFO - Started process (PID=11502) to work on /home/airflow/.local/lib/python3.7/site-packages/airflow/example_dags/example_task_group_decorator.py
[2022-09-25T14:49:44.000+0000] {processor.py:640} INFO - Processing file /home/airflow/.local/lib/python3.7/site-packages/airflow/example_dags/example_task_group_decorator.py for tasks to queue
[2022-09-25T14:49:44.003+0000] {logging_mixin.py:115} INFO - [2022-09-25T14:49:44.002+0000] {dagbag.py:508} INFO - Filling up the DagBag from /home/airflow/.local/lib/python3.7/site-packages/airflow/example_dags/example_task_group_decorator.py
[2022-09-25T14:49:44.060+0000] {processor.py:650} INFO - DAG(s) dict_keys(['example_task_group_decorator']) retrieved from /home/airflow/.local/lib/python3.7/site-packages/airflow/example_dags/example_task_group_decorator.py
[2022-09-25T14:49:44.240+0000] {logging_mixin.py:115} INFO - [2022-09-25T14:49:44.240+0000] {dag.py:2429} INFO - Sync 1 DAGs
[2022-09-25T14:49:44.497+0000] {logging_mixin.py:115} INFO - [2022-09-25T14:49:44.497+0000] {dag.py:2981} INFO - Setting next_dagrun for example_task_group_decorator to 2022-09-24T14:49:44.496549+00:00, run_after=2022-09-25T14:49:44.496549+00:00
[2022-09-25T14:49:44.526+0000] {processor.py:161} INFO - Processing /home/airflow/.local/lib/python3.7/site-packages/airflow/example_dags/example_task_group_decorator.py took 0.536 seconds
[2022-09-25T14:50:14.779+0000] {processor.py:153} INFO - Started process (PID=11710) to work on /home/airflow/.local/lib/python3.7/site-packages/airflow/example_dags/example_task_group_decorator.py
[2022-09-25T14:50:14.781+0000] {processor.py:640} INFO - Processing file /home/airflow/.local/lib/python3.7/site-packages/airflow/example_dags/example_task_group_decorator.py for tasks to queue
[2022-09-25T14:50:14.783+0000] {logging_mixin.py:115} INFO - [2022-09-25T14:50:14.783+0000] {dagbag.py:508} INFO - Filling up the DagBag from /home/airflow/.local/lib/python3.7/site-packages/airflow/example_dags/example_task_group_decorator.py
[2022-09-25T14:50:14.823+0000] {processor.py:650} INFO - DAG(s) dict_keys(['example_task_group_decorator']) retrieved from /home/airflow/.local/lib/python3.7/site-packages/airflow/example_dags/example_task_group_decorator.py
[2022-09-25T14:50:14.922+0000] {logging_mixin.py:115} INFO - [2022-09-25T14:50:14.921+0000] {dag.py:2429} INFO - Sync 1 DAGs
[2022-09-25T14:50:15.111+0000] {logging_mixin.py:115} INFO - [2022-09-25T14:50:15.111+0000] {dag.py:2981} INFO - Setting next_dagrun for example_task_group_decorator to 2022-09-24T14:50:15.111003+00:00, run_after=2022-09-25T14:50:15.111003+00:00
[2022-09-25T14:50:15.139+0000] {processor.py:161} INFO - Processing /home/airflow/.local/lib/python3.7/site-packages/airflow/example_dags/example_task_group_decorator.py took 0.365 seconds
[2022-09-25T14:50:45.730+0000] {processor.py:153} INFO - Started process (PID=11922) to work on /home/airflow/.local/lib/python3.7/site-packages/airflow/example_dags/example_task_group_decorator.py
[2022-09-25T14:50:45.733+0000] {processor.py:640} INFO - Processing file /home/airflow/.local/lib/python3.7/site-packages/airflow/example_dags/example_task_group_decorator.py for tasks to queue
[2022-09-25T14:50:45.736+0000] {logging_mixin.py:115} INFO - [2022-09-25T14:50:45.735+0000] {dagbag.py:508} INFO - Filling up the DagBag from /home/airflow/.local/lib/python3.7/site-packages/airflow/example_dags/example_task_group_decorator.py
[2022-09-25T14:50:45.809+0000] {processor.py:650} INFO - DAG(s) dict_keys(['example_task_group_decorator']) retrieved from /home/airflow/.local/lib/python3.7/site-packages/airflow/example_dags/example_task_group_decorator.py
[2022-09-25T14:50:45.997+0000] {logging_mixin.py:115} INFO - [2022-09-25T14:50:45.997+0000] {dag.py:2429} INFO - Sync 1 DAGs
[2022-09-25T14:50:46.291+0000] {logging_mixin.py:115} INFO - [2022-09-25T14:50:46.291+0000] {dag.py:2981} INFO - Setting next_dagrun for example_task_group_decorator to 2022-09-24T14:50:46.290724+00:00, run_after=2022-09-25T14:50:46.290724+00:00
[2022-09-25T14:50:46.328+0000] {processor.py:161} INFO - Processing /home/airflow/.local/lib/python3.7/site-packages/airflow/example_dags/example_task_group_decorator.py took 0.616 seconds
[2022-09-25T14:51:17.514+0000] {processor.py:153} INFO - Started process (PID=12132) to work on /home/airflow/.local/lib/python3.7/site-packages/airflow/example_dags/example_task_group_decorator.py
[2022-09-25T14:51:17.519+0000] {processor.py:640} INFO - Processing file /home/airflow/.local/lib/python3.7/site-packages/airflow/example_dags/example_task_group_decorator.py for tasks to queue
[2022-09-25T14:51:17.523+0000] {logging_mixin.py:115} INFO - [2022-09-25T14:51:17.522+0000] {dagbag.py:508} INFO - Filling up the DagBag from /home/airflow/.local/lib/python3.7/site-packages/airflow/example_dags/example_task_group_decorator.py
[2022-09-25T14:51:17.574+0000] {processor.py:650} INFO - DAG(s) dict_keys(['example_task_group_decorator']) retrieved from /home/airflow/.local/lib/python3.7/site-packages/airflow/example_dags/example_task_group_decorator.py
[2022-09-25T14:51:17.624+0000] {logging_mixin.py:115} INFO - [2022-09-25T14:51:17.624+0000] {dag.py:2429} INFO - Sync 1 DAGs
[2022-09-25T14:51:17.665+0000] {logging_mixin.py:115} INFO - [2022-09-25T14:51:17.665+0000] {dag.py:2981} INFO - Setting next_dagrun for example_task_group_decorator to 2022-09-24T14:51:17.665107+00:00, run_after=2022-09-25T14:51:17.665107+00:00
[2022-09-25T14:51:17.699+0000] {processor.py:161} INFO - Processing /home/airflow/.local/lib/python3.7/site-packages/airflow/example_dags/example_task_group_decorator.py took 0.192 seconds
[2022-09-25T14:51:47.906+0000] {processor.py:153} INFO - Started process (PID=12343) to work on /home/airflow/.local/lib/python3.7/site-packages/airflow/example_dags/example_task_group_decorator.py
[2022-09-25T14:51:47.908+0000] {processor.py:640} INFO - Processing file /home/airflow/.local/lib/python3.7/site-packages/airflow/example_dags/example_task_group_decorator.py for tasks to queue
[2022-09-25T14:51:47.911+0000] {logging_mixin.py:115} INFO - [2022-09-25T14:51:47.910+0000] {dagbag.py:508} INFO - Filling up the DagBag from /home/airflow/.local/lib/python3.7/site-packages/airflow/example_dags/example_task_group_decorator.py
[2022-09-25T14:51:47.991+0000] {processor.py:650} INFO - DAG(s) dict_keys(['example_task_group_decorator']) retrieved from /home/airflow/.local/lib/python3.7/site-packages/airflow/example_dags/example_task_group_decorator.py
[2022-09-25T14:51:48.124+0000] {logging_mixin.py:115} INFO - [2022-09-25T14:51:48.124+0000] {dag.py:2429} INFO - Sync 1 DAGs
[2022-09-25T14:51:48.348+0000] {logging_mixin.py:115} INFO - [2022-09-25T14:51:48.348+0000] {dag.py:2981} INFO - Setting next_dagrun for example_task_group_decorator to 2022-09-24T14:51:48.347987+00:00, run_after=2022-09-25T14:51:48.347987+00:00
[2022-09-25T14:51:48.379+0000] {processor.py:161} INFO - Processing /home/airflow/.local/lib/python3.7/site-packages/airflow/example_dags/example_task_group_decorator.py took 0.480 seconds
