[2022-09-25T14:22:31.518+0000] {processor.py:153} INFO - Started process (PID=380) to work on /home/airflow/.local/lib/python3.7/site-packages/airflow/example_dags/example_nested_branch_dag.py
[2022-09-25T14:22:31.530+0000] {processor.py:640} INFO - Processing file /home/airflow/.local/lib/python3.7/site-packages/airflow/example_dags/example_nested_branch_dag.py for tasks to queue
[2022-09-25T14:22:31.534+0000] {logging_mixin.py:115} INFO - [2022-09-25T14:22:31.533+0000] {dagbag.py:508} INFO - Filling up the DagBag from /home/airflow/.local/lib/python3.7/site-packages/airflow/example_dags/example_nested_branch_dag.py
[2022-09-25T14:22:31.652+0000] {processor.py:650} INFO - DAG(s) dict_keys(['example_nested_branch_dag']) retrieved from /home/airflow/.local/lib/python3.7/site-packages/airflow/example_dags/example_nested_branch_dag.py
[2022-09-25T14:22:32.007+0000] {logging_mixin.py:115} INFO - [2022-09-25T14:22:32.007+0000] {dag.py:2429} INFO - Sync 1 DAGs
[2022-09-25T14:22:32.402+0000] {logging_mixin.py:115} INFO - [2022-09-25T14:22:32.402+0000] {dag.py:2981} INFO - Setting next_dagrun for example_nested_branch_dag to 2022-09-24T00:00:00+00:00, run_after=2022-09-25T00:00:00+00:00
[2022-09-25T14:22:32.558+0000] {processor.py:161} INFO - Processing /home/airflow/.local/lib/python3.7/site-packages/airflow/example_dags/example_nested_branch_dag.py took 1.057 seconds
[2022-09-25T14:23:03.351+0000] {processor.py:153} INFO - Started process (PID=586) to work on /home/airflow/.local/lib/python3.7/site-packages/airflow/example_dags/example_nested_branch_dag.py
[2022-09-25T14:23:03.353+0000] {processor.py:640} INFO - Processing file /home/airflow/.local/lib/python3.7/site-packages/airflow/example_dags/example_nested_branch_dag.py for tasks to queue
[2022-09-25T14:23:03.356+0000] {logging_mixin.py:115} INFO - [2022-09-25T14:23:03.355+0000] {dagbag.py:508} INFO - Filling up the DagBag from /home/airflow/.local/lib/python3.7/site-packages/airflow/example_dags/example_nested_branch_dag.py
[2022-09-25T14:23:03.375+0000] {processor.py:650} INFO - DAG(s) dict_keys(['example_nested_branch_dag']) retrieved from /home/airflow/.local/lib/python3.7/site-packages/airflow/example_dags/example_nested_branch_dag.py
[2022-09-25T14:23:03.423+0000] {logging_mixin.py:115} INFO - [2022-09-25T14:23:03.422+0000] {dag.py:2429} INFO - Sync 1 DAGs
[2022-09-25T14:23:03.458+0000] {logging_mixin.py:115} INFO - [2022-09-25T14:23:03.458+0000] {dag.py:2981} INFO - Setting next_dagrun for example_nested_branch_dag to 2022-09-24T00:00:00+00:00, run_after=2022-09-25T00:00:00+00:00
[2022-09-25T14:23:03.477+0000] {processor.py:161} INFO - Processing /home/airflow/.local/lib/python3.7/site-packages/airflow/example_dags/example_nested_branch_dag.py took 0.132 seconds
[2022-09-25T14:23:34.113+0000] {processor.py:153} INFO - Started process (PID=791) to work on /home/airflow/.local/lib/python3.7/site-packages/airflow/example_dags/example_nested_branch_dag.py
[2022-09-25T14:23:34.115+0000] {processor.py:640} INFO - Processing file /home/airflow/.local/lib/python3.7/site-packages/airflow/example_dags/example_nested_branch_dag.py for tasks to queue
[2022-09-25T14:23:34.117+0000] {logging_mixin.py:115} INFO - [2022-09-25T14:23:34.117+0000] {dagbag.py:508} INFO - Filling up the DagBag from /home/airflow/.local/lib/python3.7/site-packages/airflow/example_dags/example_nested_branch_dag.py
[2022-09-25T14:23:34.135+0000] {processor.py:650} INFO - DAG(s) dict_keys(['example_nested_branch_dag']) retrieved from /home/airflow/.local/lib/python3.7/site-packages/airflow/example_dags/example_nested_branch_dag.py
[2022-09-25T14:23:34.187+0000] {logging_mixin.py:115} INFO - [2022-09-25T14:23:34.187+0000] {dag.py:2429} INFO - Sync 1 DAGs
[2022-09-25T14:23:34.233+0000] {logging_mixin.py:115} INFO - [2022-09-25T14:23:34.232+0000] {dag.py:2981} INFO - Setting next_dagrun for example_nested_branch_dag to 2022-09-24T00:00:00+00:00, run_after=2022-09-25T00:00:00+00:00
[2022-09-25T14:23:34.273+0000] {processor.py:161} INFO - Processing /home/airflow/.local/lib/python3.7/site-packages/airflow/example_dags/example_nested_branch_dag.py took 0.165 seconds
[2022-09-25T14:24:05.134+0000] {processor.py:153} INFO - Started process (PID=1005) to work on /home/airflow/.local/lib/python3.7/site-packages/airflow/example_dags/example_nested_branch_dag.py
[2022-09-25T14:24:05.136+0000] {processor.py:640} INFO - Processing file /home/airflow/.local/lib/python3.7/site-packages/airflow/example_dags/example_nested_branch_dag.py for tasks to queue
[2022-09-25T14:24:05.137+0000] {logging_mixin.py:115} INFO - [2022-09-25T14:24:05.137+0000] {dagbag.py:508} INFO - Filling up the DagBag from /home/airflow/.local/lib/python3.7/site-packages/airflow/example_dags/example_nested_branch_dag.py
[2022-09-25T14:24:05.155+0000] {processor.py:650} INFO - DAG(s) dict_keys(['example_nested_branch_dag']) retrieved from /home/airflow/.local/lib/python3.7/site-packages/airflow/example_dags/example_nested_branch_dag.py
[2022-09-25T14:24:05.203+0000] {logging_mixin.py:115} INFO - [2022-09-25T14:24:05.203+0000] {dag.py:2429} INFO - Sync 1 DAGs
[2022-09-25T14:24:05.240+0000] {logging_mixin.py:115} INFO - [2022-09-25T14:24:05.240+0000] {dag.py:2981} INFO - Setting next_dagrun for example_nested_branch_dag to 2022-09-24T00:00:00+00:00, run_after=2022-09-25T00:00:00+00:00
[2022-09-25T14:24:05.258+0000] {processor.py:161} INFO - Processing /home/airflow/.local/lib/python3.7/site-packages/airflow/example_dags/example_nested_branch_dag.py took 0.130 seconds
[2022-09-25T14:24:35.311+0000] {processor.py:153} INFO - Started process (PID=1208) to work on /home/airflow/.local/lib/python3.7/site-packages/airflow/example_dags/example_nested_branch_dag.py
[2022-09-25T14:24:35.314+0000] {processor.py:640} INFO - Processing file /home/airflow/.local/lib/python3.7/site-packages/airflow/example_dags/example_nested_branch_dag.py for tasks to queue
[2022-09-25T14:24:35.315+0000] {logging_mixin.py:115} INFO - [2022-09-25T14:24:35.315+0000] {dagbag.py:508} INFO - Filling up the DagBag from /home/airflow/.local/lib/python3.7/site-packages/airflow/example_dags/example_nested_branch_dag.py
[2022-09-25T14:24:35.333+0000] {processor.py:650} INFO - DAG(s) dict_keys(['example_nested_branch_dag']) retrieved from /home/airflow/.local/lib/python3.7/site-packages/airflow/example_dags/example_nested_branch_dag.py
[2022-09-25T14:24:35.376+0000] {logging_mixin.py:115} INFO - [2022-09-25T14:24:35.376+0000] {dag.py:2429} INFO - Sync 1 DAGs
[2022-09-25T14:24:35.413+0000] {logging_mixin.py:115} INFO - [2022-09-25T14:24:35.413+0000] {dag.py:2981} INFO - Setting next_dagrun for example_nested_branch_dag to 2022-09-24T00:00:00+00:00, run_after=2022-09-25T00:00:00+00:00
[2022-09-25T14:24:35.434+0000] {processor.py:161} INFO - Processing /home/airflow/.local/lib/python3.7/site-packages/airflow/example_dags/example_nested_branch_dag.py took 0.128 seconds
[2022-09-25T14:25:05.830+0000] {processor.py:153} INFO - Started process (PID=1425) to work on /home/airflow/.local/lib/python3.7/site-packages/airflow/example_dags/example_nested_branch_dag.py
[2022-09-25T14:25:05.832+0000] {processor.py:640} INFO - Processing file /home/airflow/.local/lib/python3.7/site-packages/airflow/example_dags/example_nested_branch_dag.py for tasks to queue
[2022-09-25T14:25:05.834+0000] {logging_mixin.py:115} INFO - [2022-09-25T14:25:05.834+0000] {dagbag.py:508} INFO - Filling up the DagBag from /home/airflow/.local/lib/python3.7/site-packages/airflow/example_dags/example_nested_branch_dag.py
[2022-09-25T14:25:05.853+0000] {processor.py:650} INFO - DAG(s) dict_keys(['example_nested_branch_dag']) retrieved from /home/airflow/.local/lib/python3.7/site-packages/airflow/example_dags/example_nested_branch_dag.py
[2022-09-25T14:25:05.903+0000] {logging_mixin.py:115} INFO - [2022-09-25T14:25:05.903+0000] {dag.py:2429} INFO - Sync 1 DAGs
[2022-09-25T14:25:05.948+0000] {logging_mixin.py:115} INFO - [2022-09-25T14:25:05.948+0000] {dag.py:2981} INFO - Setting next_dagrun for example_nested_branch_dag to 2022-09-24T00:00:00+00:00, run_after=2022-09-25T00:00:00+00:00
[2022-09-25T14:25:05.976+0000] {processor.py:161} INFO - Processing /home/airflow/.local/lib/python3.7/site-packages/airflow/example_dags/example_nested_branch_dag.py took 0.152 seconds
[2022-09-25T14:25:36.474+0000] {processor.py:153} INFO - Started process (PID=1630) to work on /home/airflow/.local/lib/python3.7/site-packages/airflow/example_dags/example_nested_branch_dag.py
[2022-09-25T14:25:36.480+0000] {processor.py:640} INFO - Processing file /home/airflow/.local/lib/python3.7/site-packages/airflow/example_dags/example_nested_branch_dag.py for tasks to queue
[2022-09-25T14:25:36.483+0000] {logging_mixin.py:115} INFO - [2022-09-25T14:25:36.483+0000] {dagbag.py:508} INFO - Filling up the DagBag from /home/airflow/.local/lib/python3.7/site-packages/airflow/example_dags/example_nested_branch_dag.py
[2022-09-25T14:25:36.505+0000] {processor.py:650} INFO - DAG(s) dict_keys(['example_nested_branch_dag']) retrieved from /home/airflow/.local/lib/python3.7/site-packages/airflow/example_dags/example_nested_branch_dag.py
[2022-09-25T14:25:36.555+0000] {logging_mixin.py:115} INFO - [2022-09-25T14:25:36.555+0000] {dag.py:2429} INFO - Sync 1 DAGs
[2022-09-25T14:25:36.600+0000] {logging_mixin.py:115} INFO - [2022-09-25T14:25:36.600+0000] {dag.py:2981} INFO - Setting next_dagrun for example_nested_branch_dag to 2022-09-24T00:00:00+00:00, run_after=2022-09-25T00:00:00+00:00
[2022-09-25T14:25:36.616+0000] {processor.py:161} INFO - Processing /home/airflow/.local/lib/python3.7/site-packages/airflow/example_dags/example_nested_branch_dag.py took 0.152 seconds
[2022-09-25T14:26:07.113+0000] {processor.py:153} INFO - Started process (PID=1845) to work on /home/airflow/.local/lib/python3.7/site-packages/airflow/example_dags/example_nested_branch_dag.py
[2022-09-25T14:26:07.120+0000] {processor.py:640} INFO - Processing file /home/airflow/.local/lib/python3.7/site-packages/airflow/example_dags/example_nested_branch_dag.py for tasks to queue
[2022-09-25T14:26:07.124+0000] {logging_mixin.py:115} INFO - [2022-09-25T14:26:07.123+0000] {dagbag.py:508} INFO - Filling up the DagBag from /home/airflow/.local/lib/python3.7/site-packages/airflow/example_dags/example_nested_branch_dag.py
[2022-09-25T14:26:07.161+0000] {processor.py:650} INFO - DAG(s) dict_keys(['example_nested_branch_dag']) retrieved from /home/airflow/.local/lib/python3.7/site-packages/airflow/example_dags/example_nested_branch_dag.py
[2022-09-25T14:26:07.264+0000] {logging_mixin.py:115} INFO - [2022-09-25T14:26:07.263+0000] {dag.py:2429} INFO - Sync 1 DAGs
[2022-09-25T14:26:07.336+0000] {logging_mixin.py:115} INFO - [2022-09-25T14:26:07.335+0000] {dag.py:2981} INFO - Setting next_dagrun for example_nested_branch_dag to 2022-09-24T00:00:00+00:00, run_after=2022-09-25T00:00:00+00:00
[2022-09-25T14:26:07.369+0000] {processor.py:161} INFO - Processing /home/airflow/.local/lib/python3.7/site-packages/airflow/example_dags/example_nested_branch_dag.py took 0.267 seconds
[2022-09-25T14:26:38.139+0000] {processor.py:153} INFO - Started process (PID=2052) to work on /home/airflow/.local/lib/python3.7/site-packages/airflow/example_dags/example_nested_branch_dag.py
[2022-09-25T14:26:38.141+0000] {processor.py:640} INFO - Processing file /home/airflow/.local/lib/python3.7/site-packages/airflow/example_dags/example_nested_branch_dag.py for tasks to queue
[2022-09-25T14:26:38.143+0000] {logging_mixin.py:115} INFO - [2022-09-25T14:26:38.143+0000] {dagbag.py:508} INFO - Filling up the DagBag from /home/airflow/.local/lib/python3.7/site-packages/airflow/example_dags/example_nested_branch_dag.py
[2022-09-25T14:26:38.165+0000] {processor.py:650} INFO - DAG(s) dict_keys(['example_nested_branch_dag']) retrieved from /home/airflow/.local/lib/python3.7/site-packages/airflow/example_dags/example_nested_branch_dag.py
[2022-09-25T14:26:38.208+0000] {logging_mixin.py:115} INFO - [2022-09-25T14:26:38.208+0000] {dag.py:2429} INFO - Sync 1 DAGs
[2022-09-25T14:26:38.246+0000] {logging_mixin.py:115} INFO - [2022-09-25T14:26:38.246+0000] {dag.py:2981} INFO - Setting next_dagrun for example_nested_branch_dag to 2022-09-24T00:00:00+00:00, run_after=2022-09-25T00:00:00+00:00
[2022-09-25T14:26:38.271+0000] {processor.py:161} INFO - Processing /home/airflow/.local/lib/python3.7/site-packages/airflow/example_dags/example_nested_branch_dag.py took 0.138 seconds
[2022-09-25T14:27:08.577+0000] {processor.py:153} INFO - Started process (PID=2265) to work on /home/airflow/.local/lib/python3.7/site-packages/airflow/example_dags/example_nested_branch_dag.py
[2022-09-25T14:27:08.579+0000] {processor.py:640} INFO - Processing file /home/airflow/.local/lib/python3.7/site-packages/airflow/example_dags/example_nested_branch_dag.py for tasks to queue
[2022-09-25T14:27:08.581+0000] {logging_mixin.py:115} INFO - [2022-09-25T14:27:08.580+0000] {dagbag.py:508} INFO - Filling up the DagBag from /home/airflow/.local/lib/python3.7/site-packages/airflow/example_dags/example_nested_branch_dag.py
[2022-09-25T14:27:08.616+0000] {processor.py:650} INFO - DAG(s) dict_keys(['example_nested_branch_dag']) retrieved from /home/airflow/.local/lib/python3.7/site-packages/airflow/example_dags/example_nested_branch_dag.py
[2022-09-25T14:27:08.666+0000] {logging_mixin.py:115} INFO - [2022-09-25T14:27:08.665+0000] {dag.py:2429} INFO - Sync 1 DAGs
[2022-09-25T14:27:08.708+0000] {logging_mixin.py:115} INFO - [2022-09-25T14:27:08.708+0000] {dag.py:2981} INFO - Setting next_dagrun for example_nested_branch_dag to 2022-09-24T00:00:00+00:00, run_after=2022-09-25T00:00:00+00:00
[2022-09-25T14:27:08.734+0000] {processor.py:161} INFO - Processing /home/airflow/.local/lib/python3.7/site-packages/airflow/example_dags/example_nested_branch_dag.py took 0.163 seconds
[2022-09-25T14:27:39.417+0000] {processor.py:153} INFO - Started process (PID=2470) to work on /home/airflow/.local/lib/python3.7/site-packages/airflow/example_dags/example_nested_branch_dag.py
[2022-09-25T14:27:39.421+0000] {processor.py:640} INFO - Processing file /home/airflow/.local/lib/python3.7/site-packages/airflow/example_dags/example_nested_branch_dag.py for tasks to queue
[2022-09-25T14:27:39.424+0000] {logging_mixin.py:115} INFO - [2022-09-25T14:27:39.423+0000] {dagbag.py:508} INFO - Filling up the DagBag from /home/airflow/.local/lib/python3.7/site-packages/airflow/example_dags/example_nested_branch_dag.py
[2022-09-25T14:27:39.459+0000] {processor.py:650} INFO - DAG(s) dict_keys(['example_nested_branch_dag']) retrieved from /home/airflow/.local/lib/python3.7/site-packages/airflow/example_dags/example_nested_branch_dag.py
[2022-09-25T14:27:39.528+0000] {logging_mixin.py:115} INFO - [2022-09-25T14:27:39.528+0000] {dag.py:2429} INFO - Sync 1 DAGs
[2022-09-25T14:27:39.595+0000] {logging_mixin.py:115} INFO - [2022-09-25T14:27:39.594+0000] {dag.py:2981} INFO - Setting next_dagrun for example_nested_branch_dag to 2022-09-24T00:00:00+00:00, run_after=2022-09-25T00:00:00+00:00
[2022-09-25T14:27:39.617+0000] {processor.py:161} INFO - Processing /home/airflow/.local/lib/python3.7/site-packages/airflow/example_dags/example_nested_branch_dag.py took 0.211 seconds
[2022-09-25T14:28:10.887+0000] {processor.py:153} INFO - Started process (PID=2682) to work on /home/airflow/.local/lib/python3.7/site-packages/airflow/example_dags/example_nested_branch_dag.py
[2022-09-25T14:28:10.892+0000] {processor.py:640} INFO - Processing file /home/airflow/.local/lib/python3.7/site-packages/airflow/example_dags/example_nested_branch_dag.py for tasks to queue
[2022-09-25T14:28:10.894+0000] {logging_mixin.py:115} INFO - [2022-09-25T14:28:10.893+0000] {dagbag.py:508} INFO - Filling up the DagBag from /home/airflow/.local/lib/python3.7/site-packages/airflow/example_dags/example_nested_branch_dag.py
[2022-09-25T14:28:10.923+0000] {processor.py:650} INFO - DAG(s) dict_keys(['example_nested_branch_dag']) retrieved from /home/airflow/.local/lib/python3.7/site-packages/airflow/example_dags/example_nested_branch_dag.py
[2022-09-25T14:28:10.980+0000] {logging_mixin.py:115} INFO - [2022-09-25T14:28:10.980+0000] {dag.py:2429} INFO - Sync 1 DAGs
[2022-09-25T14:28:11.130+0000] {logging_mixin.py:115} INFO - [2022-09-25T14:28:11.129+0000] {dag.py:2981} INFO - Setting next_dagrun for example_nested_branch_dag to 2022-09-24T00:00:00+00:00, run_after=2022-09-25T00:00:00+00:00
[2022-09-25T14:28:11.176+0000] {processor.py:161} INFO - Processing /home/airflow/.local/lib/python3.7/site-packages/airflow/example_dags/example_nested_branch_dag.py took 0.320 seconds
[2022-09-25T14:28:41.435+0000] {processor.py:153} INFO - Started process (PID=2896) to work on /home/airflow/.local/lib/python3.7/site-packages/airflow/example_dags/example_nested_branch_dag.py
[2022-09-25T14:28:41.437+0000] {processor.py:640} INFO - Processing file /home/airflow/.local/lib/python3.7/site-packages/airflow/example_dags/example_nested_branch_dag.py for tasks to queue
[2022-09-25T14:28:41.440+0000] {logging_mixin.py:115} INFO - [2022-09-25T14:28:41.439+0000] {dagbag.py:508} INFO - Filling up the DagBag from /home/airflow/.local/lib/python3.7/site-packages/airflow/example_dags/example_nested_branch_dag.py
[2022-09-25T14:28:41.473+0000] {processor.py:650} INFO - DAG(s) dict_keys(['example_nested_branch_dag']) retrieved from /home/airflow/.local/lib/python3.7/site-packages/airflow/example_dags/example_nested_branch_dag.py
[2022-09-25T14:28:41.520+0000] {logging_mixin.py:115} INFO - [2022-09-25T14:28:41.520+0000] {dag.py:2429} INFO - Sync 1 DAGs
[2022-09-25T14:28:41.563+0000] {logging_mixin.py:115} INFO - [2022-09-25T14:28:41.563+0000] {dag.py:2981} INFO - Setting next_dagrun for example_nested_branch_dag to 2022-09-24T00:00:00+00:00, run_after=2022-09-25T00:00:00+00:00
[2022-09-25T14:28:41.587+0000] {processor.py:161} INFO - Processing /home/airflow/.local/lib/python3.7/site-packages/airflow/example_dags/example_nested_branch_dag.py took 0.159 seconds
[2022-09-25T14:29:12.142+0000] {processor.py:153} INFO - Started process (PID=3098) to work on /home/airflow/.local/lib/python3.7/site-packages/airflow/example_dags/example_nested_branch_dag.py
[2022-09-25T14:29:12.144+0000] {processor.py:640} INFO - Processing file /home/airflow/.local/lib/python3.7/site-packages/airflow/example_dags/example_nested_branch_dag.py for tasks to queue
[2022-09-25T14:29:12.145+0000] {logging_mixin.py:115} INFO - [2022-09-25T14:29:12.145+0000] {dagbag.py:508} INFO - Filling up the DagBag from /home/airflow/.local/lib/python3.7/site-packages/airflow/example_dags/example_nested_branch_dag.py
[2022-09-25T14:29:12.169+0000] {processor.py:650} INFO - DAG(s) dict_keys(['example_nested_branch_dag']) retrieved from /home/airflow/.local/lib/python3.7/site-packages/airflow/example_dags/example_nested_branch_dag.py
[2022-09-25T14:29:12.212+0000] {logging_mixin.py:115} INFO - [2022-09-25T14:29:12.212+0000] {dag.py:2429} INFO - Sync 1 DAGs
[2022-09-25T14:29:12.248+0000] {logging_mixin.py:115} INFO - [2022-09-25T14:29:12.248+0000] {dag.py:2981} INFO - Setting next_dagrun for example_nested_branch_dag to 2022-09-24T00:00:00+00:00, run_after=2022-09-25T00:00:00+00:00
[2022-09-25T14:29:12.272+0000] {processor.py:161} INFO - Processing /home/airflow/.local/lib/python3.7/site-packages/airflow/example_dags/example_nested_branch_dag.py took 0.136 seconds
[2022-09-25T14:29:43.266+0000] {processor.py:153} INFO - Started process (PID=3311) to work on /home/airflow/.local/lib/python3.7/site-packages/airflow/example_dags/example_nested_branch_dag.py
[2022-09-25T14:29:43.268+0000] {processor.py:640} INFO - Processing file /home/airflow/.local/lib/python3.7/site-packages/airflow/example_dags/example_nested_branch_dag.py for tasks to queue
[2022-09-25T14:29:43.270+0000] {logging_mixin.py:115} INFO - [2022-09-25T14:29:43.270+0000] {dagbag.py:508} INFO - Filling up the DagBag from /home/airflow/.local/lib/python3.7/site-packages/airflow/example_dags/example_nested_branch_dag.py
[2022-09-25T14:29:43.296+0000] {processor.py:650} INFO - DAG(s) dict_keys(['example_nested_branch_dag']) retrieved from /home/airflow/.local/lib/python3.7/site-packages/airflow/example_dags/example_nested_branch_dag.py
[2022-09-25T14:29:43.347+0000] {logging_mixin.py:115} INFO - [2022-09-25T14:29:43.347+0000] {dag.py:2429} INFO - Sync 1 DAGs
[2022-09-25T14:29:43.391+0000] {logging_mixin.py:115} INFO - [2022-09-25T14:29:43.390+0000] {dag.py:2981} INFO - Setting next_dagrun for example_nested_branch_dag to 2022-09-24T00:00:00+00:00, run_after=2022-09-25T00:00:00+00:00
[2022-09-25T14:29:43.418+0000] {processor.py:161} INFO - Processing /home/airflow/.local/lib/python3.7/site-packages/airflow/example_dags/example_nested_branch_dag.py took 0.159 seconds
[2022-09-25T14:30:13.621+0000] {processor.py:153} INFO - Started process (PID=3516) to work on /home/airflow/.local/lib/python3.7/site-packages/airflow/example_dags/example_nested_branch_dag.py
[2022-09-25T14:30:13.623+0000] {processor.py:640} INFO - Processing file /home/airflow/.local/lib/python3.7/site-packages/airflow/example_dags/example_nested_branch_dag.py for tasks to queue
[2022-09-25T14:30:13.625+0000] {logging_mixin.py:115} INFO - [2022-09-25T14:30:13.625+0000] {dagbag.py:508} INFO - Filling up the DagBag from /home/airflow/.local/lib/python3.7/site-packages/airflow/example_dags/example_nested_branch_dag.py
[2022-09-25T14:30:13.649+0000] {processor.py:650} INFO - DAG(s) dict_keys(['example_nested_branch_dag']) retrieved from /home/airflow/.local/lib/python3.7/site-packages/airflow/example_dags/example_nested_branch_dag.py
[2022-09-25T14:30:13.694+0000] {logging_mixin.py:115} INFO - [2022-09-25T14:30:13.694+0000] {dag.py:2429} INFO - Sync 1 DAGs
[2022-09-25T14:30:13.733+0000] {logging_mixin.py:115} INFO - [2022-09-25T14:30:13.732+0000] {dag.py:2981} INFO - Setting next_dagrun for example_nested_branch_dag to 2022-09-24T00:00:00+00:00, run_after=2022-09-25T00:00:00+00:00
[2022-09-25T14:30:13.756+0000] {processor.py:161} INFO - Processing /home/airflow/.local/lib/python3.7/site-packages/airflow/example_dags/example_nested_branch_dag.py took 0.140 seconds
[2022-09-25T14:30:44.271+0000] {processor.py:153} INFO - Started process (PID=3721) to work on /home/airflow/.local/lib/python3.7/site-packages/airflow/example_dags/example_nested_branch_dag.py
[2022-09-25T14:30:44.274+0000] {processor.py:640} INFO - Processing file /home/airflow/.local/lib/python3.7/site-packages/airflow/example_dags/example_nested_branch_dag.py for tasks to queue
[2022-09-25T14:30:44.277+0000] {logging_mixin.py:115} INFO - [2022-09-25T14:30:44.276+0000] {dagbag.py:508} INFO - Filling up the DagBag from /home/airflow/.local/lib/python3.7/site-packages/airflow/example_dags/example_nested_branch_dag.py
[2022-09-25T14:30:44.304+0000] {processor.py:650} INFO - DAG(s) dict_keys(['example_nested_branch_dag']) retrieved from /home/airflow/.local/lib/python3.7/site-packages/airflow/example_dags/example_nested_branch_dag.py
[2022-09-25T14:30:44.350+0000] {logging_mixin.py:115} INFO - [2022-09-25T14:30:44.349+0000] {dag.py:2429} INFO - Sync 1 DAGs
[2022-09-25T14:30:44.391+0000] {logging_mixin.py:115} INFO - [2022-09-25T14:30:44.391+0000] {dag.py:2981} INFO - Setting next_dagrun for example_nested_branch_dag to 2022-09-24T00:00:00+00:00, run_after=2022-09-25T00:00:00+00:00
[2022-09-25T14:30:44.417+0000] {processor.py:161} INFO - Processing /home/airflow/.local/lib/python3.7/site-packages/airflow/example_dags/example_nested_branch_dag.py took 0.153 seconds
[2022-09-25T14:31:14.808+0000] {processor.py:153} INFO - Started process (PID=3935) to work on /home/airflow/.local/lib/python3.7/site-packages/airflow/example_dags/example_nested_branch_dag.py
[2022-09-25T14:31:14.810+0000] {processor.py:640} INFO - Processing file /home/airflow/.local/lib/python3.7/site-packages/airflow/example_dags/example_nested_branch_dag.py for tasks to queue
[2022-09-25T14:31:14.812+0000] {logging_mixin.py:115} INFO - [2022-09-25T14:31:14.812+0000] {dagbag.py:508} INFO - Filling up the DagBag from /home/airflow/.local/lib/python3.7/site-packages/airflow/example_dags/example_nested_branch_dag.py
[2022-09-25T14:31:14.835+0000] {processor.py:650} INFO - DAG(s) dict_keys(['example_nested_branch_dag']) retrieved from /home/airflow/.local/lib/python3.7/site-packages/airflow/example_dags/example_nested_branch_dag.py
[2022-09-25T14:31:14.881+0000] {logging_mixin.py:115} INFO - [2022-09-25T14:31:14.881+0000] {dag.py:2429} INFO - Sync 1 DAGs
[2022-09-25T14:31:14.927+0000] {logging_mixin.py:115} INFO - [2022-09-25T14:31:14.926+0000] {dag.py:2981} INFO - Setting next_dagrun for example_nested_branch_dag to 2022-09-24T00:00:00+00:00, run_after=2022-09-25T00:00:00+00:00
[2022-09-25T14:31:14.950+0000] {processor.py:161} INFO - Processing /home/airflow/.local/lib/python3.7/site-packages/airflow/example_dags/example_nested_branch_dag.py took 0.148 seconds
[2022-09-25T14:31:45.402+0000] {processor.py:153} INFO - Started process (PID=4140) to work on /home/airflow/.local/lib/python3.7/site-packages/airflow/example_dags/example_nested_branch_dag.py
[2022-09-25T14:31:45.404+0000] {processor.py:640} INFO - Processing file /home/airflow/.local/lib/python3.7/site-packages/airflow/example_dags/example_nested_branch_dag.py for tasks to queue
[2022-09-25T14:31:45.406+0000] {logging_mixin.py:115} INFO - [2022-09-25T14:31:45.406+0000] {dagbag.py:508} INFO - Filling up the DagBag from /home/airflow/.local/lib/python3.7/site-packages/airflow/example_dags/example_nested_branch_dag.py
[2022-09-25T14:31:45.432+0000] {processor.py:650} INFO - DAG(s) dict_keys(['example_nested_branch_dag']) retrieved from /home/airflow/.local/lib/python3.7/site-packages/airflow/example_dags/example_nested_branch_dag.py
[2022-09-25T14:31:45.475+0000] {logging_mixin.py:115} INFO - [2022-09-25T14:31:45.474+0000] {dag.py:2429} INFO - Sync 1 DAGs
[2022-09-25T14:31:45.511+0000] {logging_mixin.py:115} INFO - [2022-09-25T14:31:45.511+0000] {dag.py:2981} INFO - Setting next_dagrun for example_nested_branch_dag to 2022-09-24T00:00:00+00:00, run_after=2022-09-25T00:00:00+00:00
[2022-09-25T14:31:45.535+0000] {processor.py:161} INFO - Processing /home/airflow/.local/lib/python3.7/site-packages/airflow/example_dags/example_nested_branch_dag.py took 0.138 seconds
[2022-09-25T14:32:16.743+0000] {processor.py:153} INFO - Started process (PID=4356) to work on /home/airflow/.local/lib/python3.7/site-packages/airflow/example_dags/example_nested_branch_dag.py
[2022-09-25T14:32:16.745+0000] {processor.py:640} INFO - Processing file /home/airflow/.local/lib/python3.7/site-packages/airflow/example_dags/example_nested_branch_dag.py for tasks to queue
[2022-09-25T14:32:16.747+0000] {logging_mixin.py:115} INFO - [2022-09-25T14:32:16.747+0000] {dagbag.py:508} INFO - Filling up the DagBag from /home/airflow/.local/lib/python3.7/site-packages/airflow/example_dags/example_nested_branch_dag.py
[2022-09-25T14:32:16.782+0000] {processor.py:650} INFO - DAG(s) dict_keys(['example_nested_branch_dag']) retrieved from /home/airflow/.local/lib/python3.7/site-packages/airflow/example_dags/example_nested_branch_dag.py
[2022-09-25T14:32:16.835+0000] {logging_mixin.py:115} INFO - [2022-09-25T14:32:16.834+0000] {dag.py:2429} INFO - Sync 1 DAGs
[2022-09-25T14:32:16.885+0000] {logging_mixin.py:115} INFO - [2022-09-25T14:32:16.885+0000] {dag.py:2981} INFO - Setting next_dagrun for example_nested_branch_dag to 2022-09-24T00:00:00+00:00, run_after=2022-09-25T00:00:00+00:00
[2022-09-25T14:32:16.914+0000] {processor.py:161} INFO - Processing /home/airflow/.local/lib/python3.7/site-packages/airflow/example_dags/example_nested_branch_dag.py took 0.178 seconds
[2022-09-25T14:32:48.539+0000] {processor.py:153} INFO - Started process (PID=4561) to work on /home/airflow/.local/lib/python3.7/site-packages/airflow/example_dags/example_nested_branch_dag.py
[2022-09-25T14:32:48.543+0000] {processor.py:640} INFO - Processing file /home/airflow/.local/lib/python3.7/site-packages/airflow/example_dags/example_nested_branch_dag.py for tasks to queue
[2022-09-25T14:32:48.547+0000] {logging_mixin.py:115} INFO - [2022-09-25T14:32:48.546+0000] {dagbag.py:508} INFO - Filling up the DagBag from /home/airflow/.local/lib/python3.7/site-packages/airflow/example_dags/example_nested_branch_dag.py
[2022-09-25T14:32:48.617+0000] {processor.py:650} INFO - DAG(s) dict_keys(['example_nested_branch_dag']) retrieved from /home/airflow/.local/lib/python3.7/site-packages/airflow/example_dags/example_nested_branch_dag.py
[2022-09-25T14:32:48.693+0000] {logging_mixin.py:115} INFO - [2022-09-25T14:32:48.692+0000] {dag.py:2429} INFO - Sync 1 DAGs
[2022-09-25T14:32:48.749+0000] {logging_mixin.py:115} INFO - [2022-09-25T14:32:48.749+0000] {dag.py:2981} INFO - Setting next_dagrun for example_nested_branch_dag to 2022-09-24T00:00:00+00:00, run_after=2022-09-25T00:00:00+00:00
[2022-09-25T14:32:48.792+0000] {processor.py:161} INFO - Processing /home/airflow/.local/lib/python3.7/site-packages/airflow/example_dags/example_nested_branch_dag.py took 0.268 seconds
[2022-09-25T14:33:19.683+0000] {processor.py:153} INFO - Started process (PID=4778) to work on /home/airflow/.local/lib/python3.7/site-packages/airflow/example_dags/example_nested_branch_dag.py
[2022-09-25T14:33:19.686+0000] {processor.py:640} INFO - Processing file /home/airflow/.local/lib/python3.7/site-packages/airflow/example_dags/example_nested_branch_dag.py for tasks to queue
[2022-09-25T14:33:19.688+0000] {logging_mixin.py:115} INFO - [2022-09-25T14:33:19.688+0000] {dagbag.py:508} INFO - Filling up the DagBag from /home/airflow/.local/lib/python3.7/site-packages/airflow/example_dags/example_nested_branch_dag.py
[2022-09-25T14:33:19.718+0000] {processor.py:650} INFO - DAG(s) dict_keys(['example_nested_branch_dag']) retrieved from /home/airflow/.local/lib/python3.7/site-packages/airflow/example_dags/example_nested_branch_dag.py
[2022-09-25T14:33:19.773+0000] {logging_mixin.py:115} INFO - [2022-09-25T14:33:19.773+0000] {dag.py:2429} INFO - Sync 1 DAGs
[2022-09-25T14:33:19.824+0000] {logging_mixin.py:115} INFO - [2022-09-25T14:33:19.824+0000] {dag.py:2981} INFO - Setting next_dagrun for example_nested_branch_dag to 2022-09-24T00:00:00+00:00, run_after=2022-09-25T00:00:00+00:00
[2022-09-25T14:33:19.857+0000] {processor.py:161} INFO - Processing /home/airflow/.local/lib/python3.7/site-packages/airflow/example_dags/example_nested_branch_dag.py took 0.182 seconds
[2022-09-25T14:33:50.207+0000] {processor.py:153} INFO - Started process (PID=4983) to work on /home/airflow/.local/lib/python3.7/site-packages/airflow/example_dags/example_nested_branch_dag.py
[2022-09-25T14:33:50.209+0000] {processor.py:640} INFO - Processing file /home/airflow/.local/lib/python3.7/site-packages/airflow/example_dags/example_nested_branch_dag.py for tasks to queue
[2022-09-25T14:33:50.211+0000] {logging_mixin.py:115} INFO - [2022-09-25T14:33:50.211+0000] {dagbag.py:508} INFO - Filling up the DagBag from /home/airflow/.local/lib/python3.7/site-packages/airflow/example_dags/example_nested_branch_dag.py
[2022-09-25T14:33:50.240+0000] {processor.py:650} INFO - DAG(s) dict_keys(['example_nested_branch_dag']) retrieved from /home/airflow/.local/lib/python3.7/site-packages/airflow/example_dags/example_nested_branch_dag.py
[2022-09-25T14:33:50.293+0000] {logging_mixin.py:115} INFO - [2022-09-25T14:33:50.293+0000] {dag.py:2429} INFO - Sync 1 DAGs
[2022-09-25T14:33:50.343+0000] {logging_mixin.py:115} INFO - [2022-09-25T14:33:50.343+0000] {dag.py:2981} INFO - Setting next_dagrun for example_nested_branch_dag to 2022-09-24T00:00:00+00:00, run_after=2022-09-25T00:00:00+00:00
[2022-09-25T14:33:50.365+0000] {processor.py:161} INFO - Processing /home/airflow/.local/lib/python3.7/site-packages/airflow/example_dags/example_nested_branch_dag.py took 0.165 seconds
[2022-09-25T14:34:21.584+0000] {processor.py:153} INFO - Started process (PID=5196) to work on /home/airflow/.local/lib/python3.7/site-packages/airflow/example_dags/example_nested_branch_dag.py
[2022-09-25T14:34:21.587+0000] {processor.py:640} INFO - Processing file /home/airflow/.local/lib/python3.7/site-packages/airflow/example_dags/example_nested_branch_dag.py for tasks to queue
[2022-09-25T14:34:21.589+0000] {logging_mixin.py:115} INFO - [2022-09-25T14:34:21.589+0000] {dagbag.py:508} INFO - Filling up the DagBag from /home/airflow/.local/lib/python3.7/site-packages/airflow/example_dags/example_nested_branch_dag.py
[2022-09-25T14:34:21.616+0000] {processor.py:650} INFO - DAG(s) dict_keys(['example_nested_branch_dag']) retrieved from /home/airflow/.local/lib/python3.7/site-packages/airflow/example_dags/example_nested_branch_dag.py
[2022-09-25T14:34:21.679+0000] {logging_mixin.py:115} INFO - [2022-09-25T14:34:21.679+0000] {dag.py:2429} INFO - Sync 1 DAGs
[2022-09-25T14:34:21.732+0000] {logging_mixin.py:115} INFO - [2022-09-25T14:34:21.731+0000] {dag.py:2981} INFO - Setting next_dagrun for example_nested_branch_dag to 2022-09-24T00:00:00+00:00, run_after=2022-09-25T00:00:00+00:00
[2022-09-25T14:34:21.759+0000] {processor.py:161} INFO - Processing /home/airflow/.local/lib/python3.7/site-packages/airflow/example_dags/example_nested_branch_dag.py took 0.182 seconds
[2022-09-25T14:34:52.243+0000] {processor.py:153} INFO - Started process (PID=5403) to work on /home/airflow/.local/lib/python3.7/site-packages/airflow/example_dags/example_nested_branch_dag.py
[2022-09-25T14:34:52.245+0000] {processor.py:640} INFO - Processing file /home/airflow/.local/lib/python3.7/site-packages/airflow/example_dags/example_nested_branch_dag.py for tasks to queue
[2022-09-25T14:34:52.250+0000] {logging_mixin.py:115} INFO - [2022-09-25T14:34:52.249+0000] {dagbag.py:508} INFO - Filling up the DagBag from /home/airflow/.local/lib/python3.7/site-packages/airflow/example_dags/example_nested_branch_dag.py
[2022-09-25T14:34:52.283+0000] {processor.py:650} INFO - DAG(s) dict_keys(['example_nested_branch_dag']) retrieved from /home/airflow/.local/lib/python3.7/site-packages/airflow/example_dags/example_nested_branch_dag.py
[2022-09-25T14:34:52.328+0000] {logging_mixin.py:115} INFO - [2022-09-25T14:34:52.328+0000] {dag.py:2429} INFO - Sync 1 DAGs
[2022-09-25T14:34:52.369+0000] {logging_mixin.py:115} INFO - [2022-09-25T14:34:52.369+0000] {dag.py:2981} INFO - Setting next_dagrun for example_nested_branch_dag to 2022-09-24T00:00:00+00:00, run_after=2022-09-25T00:00:00+00:00
[2022-09-25T14:34:52.399+0000] {processor.py:161} INFO - Processing /home/airflow/.local/lib/python3.7/site-packages/airflow/example_dags/example_nested_branch_dag.py took 0.163 seconds
[2022-09-25T14:35:22.987+0000] {processor.py:153} INFO - Started process (PID=5618) to work on /home/airflow/.local/lib/python3.7/site-packages/airflow/example_dags/example_nested_branch_dag.py
[2022-09-25T14:35:22.989+0000] {processor.py:640} INFO - Processing file /home/airflow/.local/lib/python3.7/site-packages/airflow/example_dags/example_nested_branch_dag.py for tasks to queue
[2022-09-25T14:35:22.991+0000] {logging_mixin.py:115} INFO - [2022-09-25T14:35:22.991+0000] {dagbag.py:508} INFO - Filling up the DagBag from /home/airflow/.local/lib/python3.7/site-packages/airflow/example_dags/example_nested_branch_dag.py
[2022-09-25T14:35:23.016+0000] {processor.py:650} INFO - DAG(s) dict_keys(['example_nested_branch_dag']) retrieved from /home/airflow/.local/lib/python3.7/site-packages/airflow/example_dags/example_nested_branch_dag.py
[2022-09-25T14:35:23.060+0000] {logging_mixin.py:115} INFO - [2022-09-25T14:35:23.059+0000] {dag.py:2429} INFO - Sync 1 DAGs
[2022-09-25T14:35:23.096+0000] {logging_mixin.py:115} INFO - [2022-09-25T14:35:23.096+0000] {dag.py:2981} INFO - Setting next_dagrun for example_nested_branch_dag to 2022-09-24T00:00:00+00:00, run_after=2022-09-25T00:00:00+00:00
[2022-09-25T14:35:23.117+0000] {processor.py:161} INFO - Processing /home/airflow/.local/lib/python3.7/site-packages/airflow/example_dags/example_nested_branch_dag.py took 0.135 seconds
[2022-09-25T14:35:53.572+0000] {processor.py:153} INFO - Started process (PID=5823) to work on /home/airflow/.local/lib/python3.7/site-packages/airflow/example_dags/example_nested_branch_dag.py
[2022-09-25T14:35:53.575+0000] {processor.py:640} INFO - Processing file /home/airflow/.local/lib/python3.7/site-packages/airflow/example_dags/example_nested_branch_dag.py for tasks to queue
[2022-09-25T14:35:53.577+0000] {logging_mixin.py:115} INFO - [2022-09-25T14:35:53.577+0000] {dagbag.py:508} INFO - Filling up the DagBag from /home/airflow/.local/lib/python3.7/site-packages/airflow/example_dags/example_nested_branch_dag.py
[2022-09-25T14:35:53.601+0000] {processor.py:650} INFO - DAG(s) dict_keys(['example_nested_branch_dag']) retrieved from /home/airflow/.local/lib/python3.7/site-packages/airflow/example_dags/example_nested_branch_dag.py
[2022-09-25T14:35:53.644+0000] {logging_mixin.py:115} INFO - [2022-09-25T14:35:53.644+0000] {dag.py:2429} INFO - Sync 1 DAGs
[2022-09-25T14:35:53.686+0000] {logging_mixin.py:115} INFO - [2022-09-25T14:35:53.686+0000] {dag.py:2981} INFO - Setting next_dagrun for example_nested_branch_dag to 2022-09-24T00:00:00+00:00, run_after=2022-09-25T00:00:00+00:00
[2022-09-25T14:35:53.711+0000] {processor.py:161} INFO - Processing /home/airflow/.local/lib/python3.7/site-packages/airflow/example_dags/example_nested_branch_dag.py took 0.145 seconds
[2022-09-25T14:36:24.951+0000] {processor.py:153} INFO - Started process (PID=6038) to work on /home/airflow/.local/lib/python3.7/site-packages/airflow/example_dags/example_nested_branch_dag.py
[2022-09-25T14:36:24.953+0000] {processor.py:640} INFO - Processing file /home/airflow/.local/lib/python3.7/site-packages/airflow/example_dags/example_nested_branch_dag.py for tasks to queue
[2022-09-25T14:36:24.956+0000] {logging_mixin.py:115} INFO - [2022-09-25T14:36:24.956+0000] {dagbag.py:508} INFO - Filling up the DagBag from /home/airflow/.local/lib/python3.7/site-packages/airflow/example_dags/example_nested_branch_dag.py
[2022-09-25T14:36:24.981+0000] {processor.py:650} INFO - DAG(s) dict_keys(['example_nested_branch_dag']) retrieved from /home/airflow/.local/lib/python3.7/site-packages/airflow/example_dags/example_nested_branch_dag.py
[2022-09-25T14:36:25.023+0000] {logging_mixin.py:115} INFO - [2022-09-25T14:36:25.023+0000] {dag.py:2429} INFO - Sync 1 DAGs
[2022-09-25T14:36:25.062+0000] {logging_mixin.py:115} INFO - [2022-09-25T14:36:25.062+0000] {dag.py:2981} INFO - Setting next_dagrun for example_nested_branch_dag to 2022-09-24T00:00:00+00:00, run_after=2022-09-25T00:00:00+00:00
[2022-09-25T14:36:25.081+0000] {processor.py:161} INFO - Processing /home/airflow/.local/lib/python3.7/site-packages/airflow/example_dags/example_nested_branch_dag.py took 0.136 seconds
[2022-09-25T14:36:55.715+0000] {processor.py:153} INFO - Started process (PID=6242) to work on /home/airflow/.local/lib/python3.7/site-packages/airflow/example_dags/example_nested_branch_dag.py
[2022-09-25T14:36:55.718+0000] {processor.py:640} INFO - Processing file /home/airflow/.local/lib/python3.7/site-packages/airflow/example_dags/example_nested_branch_dag.py for tasks to queue
[2022-09-25T14:36:55.720+0000] {logging_mixin.py:115} INFO - [2022-09-25T14:36:55.720+0000] {dagbag.py:508} INFO - Filling up the DagBag from /home/airflow/.local/lib/python3.7/site-packages/airflow/example_dags/example_nested_branch_dag.py
[2022-09-25T14:36:55.742+0000] {processor.py:650} INFO - DAG(s) dict_keys(['example_nested_branch_dag']) retrieved from /home/airflow/.local/lib/python3.7/site-packages/airflow/example_dags/example_nested_branch_dag.py
[2022-09-25T14:36:55.789+0000] {logging_mixin.py:115} INFO - [2022-09-25T14:36:55.789+0000] {dag.py:2429} INFO - Sync 1 DAGs
[2022-09-25T14:36:55.829+0000] {logging_mixin.py:115} INFO - [2022-09-25T14:36:55.828+0000] {dag.py:2981} INFO - Setting next_dagrun for example_nested_branch_dag to 2022-09-24T00:00:00+00:00, run_after=2022-09-25T00:00:00+00:00
[2022-09-25T14:36:55.849+0000] {processor.py:161} INFO - Processing /home/airflow/.local/lib/python3.7/site-packages/airflow/example_dags/example_nested_branch_dag.py took 0.139 seconds
[2022-09-25T14:37:26.742+0000] {processor.py:153} INFO - Started process (PID=6456) to work on /home/airflow/.local/lib/python3.7/site-packages/airflow/example_dags/example_nested_branch_dag.py
[2022-09-25T14:37:26.745+0000] {processor.py:640} INFO - Processing file /home/airflow/.local/lib/python3.7/site-packages/airflow/example_dags/example_nested_branch_dag.py for tasks to queue
[2022-09-25T14:37:26.749+0000] {logging_mixin.py:115} INFO - [2022-09-25T14:37:26.749+0000] {dagbag.py:508} INFO - Filling up the DagBag from /home/airflow/.local/lib/python3.7/site-packages/airflow/example_dags/example_nested_branch_dag.py
[2022-09-25T14:37:26.777+0000] {processor.py:650} INFO - DAG(s) dict_keys(['example_nested_branch_dag']) retrieved from /home/airflow/.local/lib/python3.7/site-packages/airflow/example_dags/example_nested_branch_dag.py
[2022-09-25T14:37:26.829+0000] {logging_mixin.py:115} INFO - [2022-09-25T14:37:26.829+0000] {dag.py:2429} INFO - Sync 1 DAGs
[2022-09-25T14:37:26.877+0000] {logging_mixin.py:115} INFO - [2022-09-25T14:37:26.877+0000] {dag.py:2981} INFO - Setting next_dagrun for example_nested_branch_dag to 2022-09-24T00:00:00+00:00, run_after=2022-09-25T00:00:00+00:00
[2022-09-25T14:37:26.913+0000] {processor.py:161} INFO - Processing /home/airflow/.local/lib/python3.7/site-packages/airflow/example_dags/example_nested_branch_dag.py took 0.179 seconds
[2022-09-25T14:37:57.357+0000] {processor.py:153} INFO - Started process (PID=6661) to work on /home/airflow/.local/lib/python3.7/site-packages/airflow/example_dags/example_nested_branch_dag.py
[2022-09-25T14:37:57.359+0000] {processor.py:640} INFO - Processing file /home/airflow/.local/lib/python3.7/site-packages/airflow/example_dags/example_nested_branch_dag.py for tasks to queue
[2022-09-25T14:37:57.363+0000] {logging_mixin.py:115} INFO - [2022-09-25T14:37:57.362+0000] {dagbag.py:508} INFO - Filling up the DagBag from /home/airflow/.local/lib/python3.7/site-packages/airflow/example_dags/example_nested_branch_dag.py
[2022-09-25T14:37:57.386+0000] {processor.py:650} INFO - DAG(s) dict_keys(['example_nested_branch_dag']) retrieved from /home/airflow/.local/lib/python3.7/site-packages/airflow/example_dags/example_nested_branch_dag.py
[2022-09-25T14:37:57.440+0000] {logging_mixin.py:115} INFO - [2022-09-25T14:37:57.440+0000] {dag.py:2429} INFO - Sync 1 DAGs
[2022-09-25T14:37:57.499+0000] {logging_mixin.py:115} INFO - [2022-09-25T14:37:57.499+0000] {dag.py:2981} INFO - Setting next_dagrun for example_nested_branch_dag to 2022-09-24T00:00:00+00:00, run_after=2022-09-25T00:00:00+00:00
[2022-09-25T14:37:57.525+0000] {processor.py:161} INFO - Processing /home/airflow/.local/lib/python3.7/site-packages/airflow/example_dags/example_nested_branch_dag.py took 0.174 seconds
[2022-09-25T14:38:28.282+0000] {processor.py:153} INFO - Started process (PID=6872) to work on /home/airflow/.local/lib/python3.7/site-packages/airflow/example_dags/example_nested_branch_dag.py
[2022-09-25T14:38:28.294+0000] {processor.py:640} INFO - Processing file /home/airflow/.local/lib/python3.7/site-packages/airflow/example_dags/example_nested_branch_dag.py for tasks to queue
[2022-09-25T14:38:28.298+0000] {logging_mixin.py:115} INFO - [2022-09-25T14:38:28.297+0000] {dagbag.py:508} INFO - Filling up the DagBag from /home/airflow/.local/lib/python3.7/site-packages/airflow/example_dags/example_nested_branch_dag.py
[2022-09-25T14:38:28.334+0000] {processor.py:650} INFO - DAG(s) dict_keys(['example_nested_branch_dag']) retrieved from /home/airflow/.local/lib/python3.7/site-packages/airflow/example_dags/example_nested_branch_dag.py
[2022-09-25T14:38:28.380+0000] {logging_mixin.py:115} INFO - [2022-09-25T14:38:28.380+0000] {dag.py:2429} INFO - Sync 1 DAGs
[2022-09-25T14:38:28.419+0000] {logging_mixin.py:115} INFO - [2022-09-25T14:38:28.419+0000] {dag.py:2981} INFO - Setting next_dagrun for example_nested_branch_dag to 2022-09-24T00:00:00+00:00, run_after=2022-09-25T00:00:00+00:00
[2022-09-25T14:38:28.445+0000] {processor.py:161} INFO - Processing /home/airflow/.local/lib/python3.7/site-packages/airflow/example_dags/example_nested_branch_dag.py took 0.173 seconds
[2022-09-25T14:38:59.220+0000] {processor.py:153} INFO - Started process (PID=7079) to work on /home/airflow/.local/lib/python3.7/site-packages/airflow/example_dags/example_nested_branch_dag.py
[2022-09-25T14:38:59.222+0000] {processor.py:640} INFO - Processing file /home/airflow/.local/lib/python3.7/site-packages/airflow/example_dags/example_nested_branch_dag.py for tasks to queue
[2022-09-25T14:38:59.224+0000] {logging_mixin.py:115} INFO - [2022-09-25T14:38:59.223+0000] {dagbag.py:508} INFO - Filling up the DagBag from /home/airflow/.local/lib/python3.7/site-packages/airflow/example_dags/example_nested_branch_dag.py
[2022-09-25T14:38:59.247+0000] {processor.py:650} INFO - DAG(s) dict_keys(['example_nested_branch_dag']) retrieved from /home/airflow/.local/lib/python3.7/site-packages/airflow/example_dags/example_nested_branch_dag.py
[2022-09-25T14:38:59.305+0000] {logging_mixin.py:115} INFO - [2022-09-25T14:38:59.305+0000] {dag.py:2429} INFO - Sync 1 DAGs
[2022-09-25T14:38:59.350+0000] {logging_mixin.py:115} INFO - [2022-09-25T14:38:59.350+0000] {dag.py:2981} INFO - Setting next_dagrun for example_nested_branch_dag to 2022-09-24T00:00:00+00:00, run_after=2022-09-25T00:00:00+00:00
[2022-09-25T14:38:59.374+0000] {processor.py:161} INFO - Processing /home/airflow/.local/lib/python3.7/site-packages/airflow/example_dags/example_nested_branch_dag.py took 0.160 seconds
[2022-09-25T14:39:30.289+0000] {processor.py:153} INFO - Started process (PID=7294) to work on /home/airflow/.local/lib/python3.7/site-packages/airflow/example_dags/example_nested_branch_dag.py
[2022-09-25T14:39:30.291+0000] {processor.py:640} INFO - Processing file /home/airflow/.local/lib/python3.7/site-packages/airflow/example_dags/example_nested_branch_dag.py for tasks to queue
[2022-09-25T14:39:30.293+0000] {logging_mixin.py:115} INFO - [2022-09-25T14:39:30.293+0000] {dagbag.py:508} INFO - Filling up the DagBag from /home/airflow/.local/lib/python3.7/site-packages/airflow/example_dags/example_nested_branch_dag.py
[2022-09-25T14:39:30.314+0000] {processor.py:650} INFO - DAG(s) dict_keys(['example_nested_branch_dag']) retrieved from /home/airflow/.local/lib/python3.7/site-packages/airflow/example_dags/example_nested_branch_dag.py
[2022-09-25T14:39:30.359+0000] {logging_mixin.py:115} INFO - [2022-09-25T14:39:30.359+0000] {dag.py:2429} INFO - Sync 1 DAGs
[2022-09-25T14:39:30.401+0000] {logging_mixin.py:115} INFO - [2022-09-25T14:39:30.400+0000] {dag.py:2981} INFO - Setting next_dagrun for example_nested_branch_dag to 2022-09-24T00:00:00+00:00, run_after=2022-09-25T00:00:00+00:00
[2022-09-25T14:39:30.428+0000] {processor.py:161} INFO - Processing /home/airflow/.local/lib/python3.7/site-packages/airflow/example_dags/example_nested_branch_dag.py took 0.145 seconds
[2022-09-25T14:40:01.178+0000] {processor.py:153} INFO - Started process (PID=7497) to work on /home/airflow/.local/lib/python3.7/site-packages/airflow/example_dags/example_nested_branch_dag.py
[2022-09-25T14:40:01.180+0000] {processor.py:640} INFO - Processing file /home/airflow/.local/lib/python3.7/site-packages/airflow/example_dags/example_nested_branch_dag.py for tasks to queue
[2022-09-25T14:40:01.182+0000] {logging_mixin.py:115} INFO - [2022-09-25T14:40:01.182+0000] {dagbag.py:508} INFO - Filling up the DagBag from /home/airflow/.local/lib/python3.7/site-packages/airflow/example_dags/example_nested_branch_dag.py
[2022-09-25T14:40:01.213+0000] {processor.py:650} INFO - DAG(s) dict_keys(['example_nested_branch_dag']) retrieved from /home/airflow/.local/lib/python3.7/site-packages/airflow/example_dags/example_nested_branch_dag.py
[2022-09-25T14:40:01.263+0000] {logging_mixin.py:115} INFO - [2022-09-25T14:40:01.263+0000] {dag.py:2429} INFO - Sync 1 DAGs
[2022-09-25T14:40:01.318+0000] {logging_mixin.py:115} INFO - [2022-09-25T14:40:01.318+0000] {dag.py:2981} INFO - Setting next_dagrun for example_nested_branch_dag to 2022-09-24T00:00:00+00:00, run_after=2022-09-25T00:00:00+00:00
[2022-09-25T14:40:01.345+0000] {processor.py:161} INFO - Processing /home/airflow/.local/lib/python3.7/site-packages/airflow/example_dags/example_nested_branch_dag.py took 0.173 seconds
[2022-09-25T14:40:31.413+0000] {processor.py:153} INFO - Started process (PID=7706) to work on /home/airflow/.local/lib/python3.7/site-packages/airflow/example_dags/example_nested_branch_dag.py
[2022-09-25T14:40:31.416+0000] {processor.py:640} INFO - Processing file /home/airflow/.local/lib/python3.7/site-packages/airflow/example_dags/example_nested_branch_dag.py for tasks to queue
[2022-09-25T14:40:31.417+0000] {logging_mixin.py:115} INFO - [2022-09-25T14:40:31.417+0000] {dagbag.py:508} INFO - Filling up the DagBag from /home/airflow/.local/lib/python3.7/site-packages/airflow/example_dags/example_nested_branch_dag.py
[2022-09-25T14:40:31.436+0000] {processor.py:650} INFO - DAG(s) dict_keys(['example_nested_branch_dag']) retrieved from /home/airflow/.local/lib/python3.7/site-packages/airflow/example_dags/example_nested_branch_dag.py
[2022-09-25T14:40:31.484+0000] {logging_mixin.py:115} INFO - [2022-09-25T14:40:31.484+0000] {dag.py:2429} INFO - Sync 1 DAGs
[2022-09-25T14:40:31.523+0000] {logging_mixin.py:115} INFO - [2022-09-25T14:40:31.522+0000] {dag.py:2981} INFO - Setting next_dagrun for example_nested_branch_dag to 2022-09-24T00:00:00+00:00, run_after=2022-09-25T00:00:00+00:00
[2022-09-25T14:40:31.543+0000] {processor.py:161} INFO - Processing /home/airflow/.local/lib/python3.7/site-packages/airflow/example_dags/example_nested_branch_dag.py took 0.136 seconds
[2022-09-25T14:41:01.725+0000] {processor.py:153} INFO - Started process (PID=7908) to work on /home/airflow/.local/lib/python3.7/site-packages/airflow/example_dags/example_nested_branch_dag.py
[2022-09-25T14:41:01.732+0000] {processor.py:640} INFO - Processing file /home/airflow/.local/lib/python3.7/site-packages/airflow/example_dags/example_nested_branch_dag.py for tasks to queue
[2022-09-25T14:41:01.737+0000] {logging_mixin.py:115} INFO - [2022-09-25T14:41:01.737+0000] {dagbag.py:508} INFO - Filling up the DagBag from /home/airflow/.local/lib/python3.7/site-packages/airflow/example_dags/example_nested_branch_dag.py
[2022-09-25T14:41:01.760+0000] {processor.py:650} INFO - DAG(s) dict_keys(['example_nested_branch_dag']) retrieved from /home/airflow/.local/lib/python3.7/site-packages/airflow/example_dags/example_nested_branch_dag.py
[2022-09-25T14:41:01.802+0000] {logging_mixin.py:115} INFO - [2022-09-25T14:41:01.802+0000] {dag.py:2429} INFO - Sync 1 DAGs
[2022-09-25T14:41:01.839+0000] {logging_mixin.py:115} INFO - [2022-09-25T14:41:01.839+0000] {dag.py:2981} INFO - Setting next_dagrun for example_nested_branch_dag to 2022-09-24T00:00:00+00:00, run_after=2022-09-25T00:00:00+00:00
[2022-09-25T14:41:01.866+0000] {processor.py:161} INFO - Processing /home/airflow/.local/lib/python3.7/site-packages/airflow/example_dags/example_nested_branch_dag.py took 0.146 seconds
[2022-09-25T14:41:32.339+0000] {processor.py:153} INFO - Started process (PID=8122) to work on /home/airflow/.local/lib/python3.7/site-packages/airflow/example_dags/example_nested_branch_dag.py
[2022-09-25T14:41:32.342+0000] {processor.py:640} INFO - Processing file /home/airflow/.local/lib/python3.7/site-packages/airflow/example_dags/example_nested_branch_dag.py for tasks to queue
[2022-09-25T14:41:32.345+0000] {logging_mixin.py:115} INFO - [2022-09-25T14:41:32.345+0000] {dagbag.py:508} INFO - Filling up the DagBag from /home/airflow/.local/lib/python3.7/site-packages/airflow/example_dags/example_nested_branch_dag.py
[2022-09-25T14:41:32.366+0000] {processor.py:650} INFO - DAG(s) dict_keys(['example_nested_branch_dag']) retrieved from /home/airflow/.local/lib/python3.7/site-packages/airflow/example_dags/example_nested_branch_dag.py
[2022-09-25T14:41:32.416+0000] {logging_mixin.py:115} INFO - [2022-09-25T14:41:32.415+0000] {dag.py:2429} INFO - Sync 1 DAGs
[2022-09-25T14:41:32.461+0000] {logging_mixin.py:115} INFO - [2022-09-25T14:41:32.460+0000] {dag.py:2981} INFO - Setting next_dagrun for example_nested_branch_dag to 2022-09-24T00:00:00+00:00, run_after=2022-09-25T00:00:00+00:00
[2022-09-25T14:41:32.489+0000] {processor.py:161} INFO - Processing /home/airflow/.local/lib/python3.7/site-packages/airflow/example_dags/example_nested_branch_dag.py took 0.156 seconds
[2022-09-25T14:42:03.375+0000] {processor.py:153} INFO - Started process (PID=8330) to work on /home/airflow/.local/lib/python3.7/site-packages/airflow/example_dags/example_nested_branch_dag.py
[2022-09-25T14:42:03.377+0000] {processor.py:640} INFO - Processing file /home/airflow/.local/lib/python3.7/site-packages/airflow/example_dags/example_nested_branch_dag.py for tasks to queue
[2022-09-25T14:42:03.379+0000] {logging_mixin.py:115} INFO - [2022-09-25T14:42:03.379+0000] {dagbag.py:508} INFO - Filling up the DagBag from /home/airflow/.local/lib/python3.7/site-packages/airflow/example_dags/example_nested_branch_dag.py
[2022-09-25T14:42:03.401+0000] {processor.py:650} INFO - DAG(s) dict_keys(['example_nested_branch_dag']) retrieved from /home/airflow/.local/lib/python3.7/site-packages/airflow/example_dags/example_nested_branch_dag.py
[2022-09-25T14:42:03.455+0000] {logging_mixin.py:115} INFO - [2022-09-25T14:42:03.455+0000] {dag.py:2429} INFO - Sync 1 DAGs
[2022-09-25T14:42:03.501+0000] {logging_mixin.py:115} INFO - [2022-09-25T14:42:03.501+0000] {dag.py:2981} INFO - Setting next_dagrun for example_nested_branch_dag to 2022-09-24T00:00:00+00:00, run_after=2022-09-25T00:00:00+00:00
[2022-09-25T14:42:03.528+0000] {processor.py:161} INFO - Processing /home/airflow/.local/lib/python3.7/site-packages/airflow/example_dags/example_nested_branch_dag.py took 0.159 seconds
[2022-09-25T14:42:34.310+0000] {processor.py:153} INFO - Started process (PID=8545) to work on /home/airflow/.local/lib/python3.7/site-packages/airflow/example_dags/example_nested_branch_dag.py
[2022-09-25T14:42:34.316+0000] {processor.py:640} INFO - Processing file /home/airflow/.local/lib/python3.7/site-packages/airflow/example_dags/example_nested_branch_dag.py for tasks to queue
[2022-09-25T14:42:34.322+0000] {logging_mixin.py:115} INFO - [2022-09-25T14:42:34.322+0000] {dagbag.py:508} INFO - Filling up the DagBag from /home/airflow/.local/lib/python3.7/site-packages/airflow/example_dags/example_nested_branch_dag.py
[2022-09-25T14:42:34.356+0000] {processor.py:650} INFO - DAG(s) dict_keys(['example_nested_branch_dag']) retrieved from /home/airflow/.local/lib/python3.7/site-packages/airflow/example_dags/example_nested_branch_dag.py
[2022-09-25T14:42:34.433+0000] {logging_mixin.py:115} INFO - [2022-09-25T14:42:34.432+0000] {dag.py:2429} INFO - Sync 1 DAGs
[2022-09-25T14:42:34.491+0000] {logging_mixin.py:115} INFO - [2022-09-25T14:42:34.491+0000] {dag.py:2981} INFO - Setting next_dagrun for example_nested_branch_dag to 2022-09-24T00:00:00+00:00, run_after=2022-09-25T00:00:00+00:00
[2022-09-25T14:42:34.524+0000] {processor.py:161} INFO - Processing /home/airflow/.local/lib/python3.7/site-packages/airflow/example_dags/example_nested_branch_dag.py took 0.227 seconds
[2022-09-25T14:43:05.275+0000] {processor.py:153} INFO - Started process (PID=8751) to work on /home/airflow/.local/lib/python3.7/site-packages/airflow/example_dags/example_nested_branch_dag.py
[2022-09-25T14:43:05.277+0000] {processor.py:640} INFO - Processing file /home/airflow/.local/lib/python3.7/site-packages/airflow/example_dags/example_nested_branch_dag.py for tasks to queue
[2022-09-25T14:43:05.279+0000] {logging_mixin.py:115} INFO - [2022-09-25T14:43:05.279+0000] {dagbag.py:508} INFO - Filling up the DagBag from /home/airflow/.local/lib/python3.7/site-packages/airflow/example_dags/example_nested_branch_dag.py
[2022-09-25T14:43:05.301+0000] {processor.py:650} INFO - DAG(s) dict_keys(['example_nested_branch_dag']) retrieved from /home/airflow/.local/lib/python3.7/site-packages/airflow/example_dags/example_nested_branch_dag.py
[2022-09-25T14:43:05.363+0000] {logging_mixin.py:115} INFO - [2022-09-25T14:43:05.363+0000] {dag.py:2429} INFO - Sync 1 DAGs
[2022-09-25T14:43:05.406+0000] {logging_mixin.py:115} INFO - [2022-09-25T14:43:05.406+0000] {dag.py:2981} INFO - Setting next_dagrun for example_nested_branch_dag to 2022-09-24T00:00:00+00:00, run_after=2022-09-25T00:00:00+00:00
[2022-09-25T14:43:05.434+0000] {processor.py:161} INFO - Processing /home/airflow/.local/lib/python3.7/site-packages/airflow/example_dags/example_nested_branch_dag.py took 0.167 seconds
[2022-09-25T14:43:35.713+0000] {processor.py:153} INFO - Started process (PID=8966) to work on /home/airflow/.local/lib/python3.7/site-packages/airflow/example_dags/example_nested_branch_dag.py
[2022-09-25T14:43:35.715+0000] {processor.py:640} INFO - Processing file /home/airflow/.local/lib/python3.7/site-packages/airflow/example_dags/example_nested_branch_dag.py for tasks to queue
[2022-09-25T14:43:35.717+0000] {logging_mixin.py:115} INFO - [2022-09-25T14:43:35.717+0000] {dagbag.py:508} INFO - Filling up the DagBag from /home/airflow/.local/lib/python3.7/site-packages/airflow/example_dags/example_nested_branch_dag.py
[2022-09-25T14:43:35.737+0000] {processor.py:650} INFO - DAG(s) dict_keys(['example_nested_branch_dag']) retrieved from /home/airflow/.local/lib/python3.7/site-packages/airflow/example_dags/example_nested_branch_dag.py
[2022-09-25T14:43:35.784+0000] {logging_mixin.py:115} INFO - [2022-09-25T14:43:35.784+0000] {dag.py:2429} INFO - Sync 1 DAGs
[2022-09-25T14:43:35.824+0000] {logging_mixin.py:115} INFO - [2022-09-25T14:43:35.824+0000] {dag.py:2981} INFO - Setting next_dagrun for example_nested_branch_dag to 2022-09-24T00:00:00+00:00, run_after=2022-09-25T00:00:00+00:00
[2022-09-25T14:43:35.853+0000] {processor.py:161} INFO - Processing /home/airflow/.local/lib/python3.7/site-packages/airflow/example_dags/example_nested_branch_dag.py took 0.145 seconds
[2022-09-25T14:44:06.260+0000] {processor.py:153} INFO - Started process (PID=9171) to work on /home/airflow/.local/lib/python3.7/site-packages/airflow/example_dags/example_nested_branch_dag.py
[2022-09-25T14:44:06.262+0000] {processor.py:640} INFO - Processing file /home/airflow/.local/lib/python3.7/site-packages/airflow/example_dags/example_nested_branch_dag.py for tasks to queue
[2022-09-25T14:44:06.264+0000] {logging_mixin.py:115} INFO - [2022-09-25T14:44:06.263+0000] {dagbag.py:508} INFO - Filling up the DagBag from /home/airflow/.local/lib/python3.7/site-packages/airflow/example_dags/example_nested_branch_dag.py
[2022-09-25T14:44:06.286+0000] {processor.py:650} INFO - DAG(s) dict_keys(['example_nested_branch_dag']) retrieved from /home/airflow/.local/lib/python3.7/site-packages/airflow/example_dags/example_nested_branch_dag.py
[2022-09-25T14:44:06.342+0000] {logging_mixin.py:115} INFO - [2022-09-25T14:44:06.341+0000] {dag.py:2429} INFO - Sync 1 DAGs
[2022-09-25T14:44:06.383+0000] {logging_mixin.py:115} INFO - [2022-09-25T14:44:06.383+0000] {dag.py:2981} INFO - Setting next_dagrun for example_nested_branch_dag to 2022-09-24T00:00:00+00:00, run_after=2022-09-25T00:00:00+00:00
[2022-09-25T14:44:06.411+0000] {processor.py:161} INFO - Processing /home/airflow/.local/lib/python3.7/site-packages/airflow/example_dags/example_nested_branch_dag.py took 0.157 seconds
[2022-09-25T14:44:36.940+0000] {processor.py:153} INFO - Started process (PID=9386) to work on /home/airflow/.local/lib/python3.7/site-packages/airflow/example_dags/example_nested_branch_dag.py
[2022-09-25T14:44:36.942+0000] {processor.py:640} INFO - Processing file /home/airflow/.local/lib/python3.7/site-packages/airflow/example_dags/example_nested_branch_dag.py for tasks to queue
[2022-09-25T14:44:36.944+0000] {logging_mixin.py:115} INFO - [2022-09-25T14:44:36.944+0000] {dagbag.py:508} INFO - Filling up the DagBag from /home/airflow/.local/lib/python3.7/site-packages/airflow/example_dags/example_nested_branch_dag.py
[2022-09-25T14:44:36.960+0000] {processor.py:650} INFO - DAG(s) dict_keys(['example_nested_branch_dag']) retrieved from /home/airflow/.local/lib/python3.7/site-packages/airflow/example_dags/example_nested_branch_dag.py
[2022-09-25T14:44:37.004+0000] {logging_mixin.py:115} INFO - [2022-09-25T14:44:37.003+0000] {dag.py:2429} INFO - Sync 1 DAGs
[2022-09-25T14:44:37.037+0000] {logging_mixin.py:115} INFO - [2022-09-25T14:44:37.036+0000] {dag.py:2981} INFO - Setting next_dagrun for example_nested_branch_dag to 2022-09-24T00:00:00+00:00, run_after=2022-09-25T00:00:00+00:00
[2022-09-25T14:44:37.056+0000] {processor.py:161} INFO - Processing /home/airflow/.local/lib/python3.7/site-packages/airflow/example_dags/example_nested_branch_dag.py took 0.120 seconds
[2022-09-25T14:45:07.507+0000] {processor.py:153} INFO - Started process (PID=9591) to work on /home/airflow/.local/lib/python3.7/site-packages/airflow/example_dags/example_nested_branch_dag.py
[2022-09-25T14:45:07.509+0000] {processor.py:640} INFO - Processing file /home/airflow/.local/lib/python3.7/site-packages/airflow/example_dags/example_nested_branch_dag.py for tasks to queue
[2022-09-25T14:45:07.512+0000] {logging_mixin.py:115} INFO - [2022-09-25T14:45:07.511+0000] {dagbag.py:508} INFO - Filling up the DagBag from /home/airflow/.local/lib/python3.7/site-packages/airflow/example_dags/example_nested_branch_dag.py
[2022-09-25T14:45:07.529+0000] {processor.py:650} INFO - DAG(s) dict_keys(['example_nested_branch_dag']) retrieved from /home/airflow/.local/lib/python3.7/site-packages/airflow/example_dags/example_nested_branch_dag.py
[2022-09-25T14:45:07.579+0000] {logging_mixin.py:115} INFO - [2022-09-25T14:45:07.579+0000] {dag.py:2429} INFO - Sync 1 DAGs
[2022-09-25T14:45:07.616+0000] {logging_mixin.py:115} INFO - [2022-09-25T14:45:07.616+0000] {dag.py:2981} INFO - Setting next_dagrun for example_nested_branch_dag to 2022-09-24T00:00:00+00:00, run_after=2022-09-25T00:00:00+00:00
[2022-09-25T14:45:07.644+0000] {processor.py:161} INFO - Processing /home/airflow/.local/lib/python3.7/site-packages/airflow/example_dags/example_nested_branch_dag.py took 0.147 seconds
[2022-09-25T14:45:37.826+0000] {processor.py:153} INFO - Started process (PID=9802) to work on /home/airflow/.local/lib/python3.7/site-packages/airflow/example_dags/example_nested_branch_dag.py
[2022-09-25T14:45:37.831+0000] {processor.py:640} INFO - Processing file /home/airflow/.local/lib/python3.7/site-packages/airflow/example_dags/example_nested_branch_dag.py for tasks to queue
[2022-09-25T14:45:37.834+0000] {logging_mixin.py:115} INFO - [2022-09-25T14:45:37.834+0000] {dagbag.py:508} INFO - Filling up the DagBag from /home/airflow/.local/lib/python3.7/site-packages/airflow/example_dags/example_nested_branch_dag.py
[2022-09-25T14:45:37.863+0000] {processor.py:650} INFO - DAG(s) dict_keys(['example_nested_branch_dag']) retrieved from /home/airflow/.local/lib/python3.7/site-packages/airflow/example_dags/example_nested_branch_dag.py
[2022-09-25T14:45:37.943+0000] {logging_mixin.py:115} INFO - [2022-09-25T14:45:37.943+0000] {dag.py:2429} INFO - Sync 1 DAGs
[2022-09-25T14:45:37.987+0000] {logging_mixin.py:115} INFO - [2022-09-25T14:45:37.987+0000] {dag.py:2981} INFO - Setting next_dagrun for example_nested_branch_dag to 2022-09-24T00:00:00+00:00, run_after=2022-09-25T00:00:00+00:00
[2022-09-25T14:45:38.014+0000] {processor.py:161} INFO - Processing /home/airflow/.local/lib/python3.7/site-packages/airflow/example_dags/example_nested_branch_dag.py took 0.195 seconds
[2022-09-25T14:46:08.294+0000] {processor.py:153} INFO - Started process (PID=10005) to work on /home/airflow/.local/lib/python3.7/site-packages/airflow/example_dags/example_nested_branch_dag.py
[2022-09-25T14:46:08.308+0000] {processor.py:640} INFO - Processing file /home/airflow/.local/lib/python3.7/site-packages/airflow/example_dags/example_nested_branch_dag.py for tasks to queue
[2022-09-25T14:46:08.314+0000] {logging_mixin.py:115} INFO - [2022-09-25T14:46:08.314+0000] {dagbag.py:508} INFO - Filling up the DagBag from /home/airflow/.local/lib/python3.7/site-packages/airflow/example_dags/example_nested_branch_dag.py
[2022-09-25T14:46:08.353+0000] {processor.py:650} INFO - DAG(s) dict_keys(['example_nested_branch_dag']) retrieved from /home/airflow/.local/lib/python3.7/site-packages/airflow/example_dags/example_nested_branch_dag.py
[2022-09-25T14:46:08.426+0000] {logging_mixin.py:115} INFO - [2022-09-25T14:46:08.425+0000] {dag.py:2429} INFO - Sync 1 DAGs
[2022-09-25T14:46:08.494+0000] {logging_mixin.py:115} INFO - [2022-09-25T14:46:08.493+0000] {dag.py:2981} INFO - Setting next_dagrun for example_nested_branch_dag to 2022-09-24T00:00:00+00:00, run_after=2022-09-25T00:00:00+00:00
[2022-09-25T14:46:08.525+0000] {processor.py:161} INFO - Processing /home/airflow/.local/lib/python3.7/site-packages/airflow/example_dags/example_nested_branch_dag.py took 0.249 seconds
[2022-09-25T14:46:38.701+0000] {processor.py:153} INFO - Started process (PID=10218) to work on /home/airflow/.local/lib/python3.7/site-packages/airflow/example_dags/example_nested_branch_dag.py
[2022-09-25T14:46:38.705+0000] {processor.py:640} INFO - Processing file /home/airflow/.local/lib/python3.7/site-packages/airflow/example_dags/example_nested_branch_dag.py for tasks to queue
[2022-09-25T14:46:38.708+0000] {logging_mixin.py:115} INFO - [2022-09-25T14:46:38.707+0000] {dagbag.py:508} INFO - Filling up the DagBag from /home/airflow/.local/lib/python3.7/site-packages/airflow/example_dags/example_nested_branch_dag.py
[2022-09-25T14:46:38.732+0000] {processor.py:650} INFO - DAG(s) dict_keys(['example_nested_branch_dag']) retrieved from /home/airflow/.local/lib/python3.7/site-packages/airflow/example_dags/example_nested_branch_dag.py
[2022-09-25T14:46:38.781+0000] {logging_mixin.py:115} INFO - [2022-09-25T14:46:38.780+0000] {dag.py:2429} INFO - Sync 1 DAGs
[2022-09-25T14:46:38.821+0000] {logging_mixin.py:115} INFO - [2022-09-25T14:46:38.821+0000] {dag.py:2981} INFO - Setting next_dagrun for example_nested_branch_dag to 2022-09-24T00:00:00+00:00, run_after=2022-09-25T00:00:00+00:00
[2022-09-25T14:46:38.849+0000] {processor.py:161} INFO - Processing /home/airflow/.local/lib/python3.7/site-packages/airflow/example_dags/example_nested_branch_dag.py took 0.156 seconds
[2022-09-25T14:47:09.370+0000] {processor.py:153} INFO - Started process (PID=10420) to work on /home/airflow/.local/lib/python3.7/site-packages/airflow/example_dags/example_nested_branch_dag.py
[2022-09-25T14:47:09.372+0000] {processor.py:640} INFO - Processing file /home/airflow/.local/lib/python3.7/site-packages/airflow/example_dags/example_nested_branch_dag.py for tasks to queue
[2022-09-25T14:47:09.374+0000] {logging_mixin.py:115} INFO - [2022-09-25T14:47:09.374+0000] {dagbag.py:508} INFO - Filling up the DagBag from /home/airflow/.local/lib/python3.7/site-packages/airflow/example_dags/example_nested_branch_dag.py
[2022-09-25T14:47:09.402+0000] {processor.py:650} INFO - DAG(s) dict_keys(['example_nested_branch_dag']) retrieved from /home/airflow/.local/lib/python3.7/site-packages/airflow/example_dags/example_nested_branch_dag.py
[2022-09-25T14:47:09.451+0000] {logging_mixin.py:115} INFO - [2022-09-25T14:47:09.450+0000] {dag.py:2429} INFO - Sync 1 DAGs
[2022-09-25T14:47:09.496+0000] {logging_mixin.py:115} INFO - [2022-09-25T14:47:09.495+0000] {dag.py:2981} INFO - Setting next_dagrun for example_nested_branch_dag to 2022-09-24T00:00:00+00:00, run_after=2022-09-25T00:00:00+00:00
[2022-09-25T14:47:09.522+0000] {processor.py:161} INFO - Processing /home/airflow/.local/lib/python3.7/site-packages/airflow/example_dags/example_nested_branch_dag.py took 0.162 seconds
[2022-09-25T14:47:39.995+0000] {processor.py:153} INFO - Started process (PID=10640) to work on /home/airflow/.local/lib/python3.7/site-packages/airflow/example_dags/example_nested_branch_dag.py
[2022-09-25T14:47:40.000+0000] {processor.py:640} INFO - Processing file /home/airflow/.local/lib/python3.7/site-packages/airflow/example_dags/example_nested_branch_dag.py for tasks to queue
[2022-09-25T14:47:40.003+0000] {logging_mixin.py:115} INFO - [2022-09-25T14:47:40.002+0000] {dagbag.py:508} INFO - Filling up the DagBag from /home/airflow/.local/lib/python3.7/site-packages/airflow/example_dags/example_nested_branch_dag.py
[2022-09-25T14:47:40.030+0000] {processor.py:650} INFO - DAG(s) dict_keys(['example_nested_branch_dag']) retrieved from /home/airflow/.local/lib/python3.7/site-packages/airflow/example_dags/example_nested_branch_dag.py
[2022-09-25T14:47:40.087+0000] {logging_mixin.py:115} INFO - [2022-09-25T14:47:40.086+0000] {dag.py:2429} INFO - Sync 1 DAGs
[2022-09-25T14:47:40.140+0000] {logging_mixin.py:115} INFO - [2022-09-25T14:47:40.140+0000] {dag.py:2981} INFO - Setting next_dagrun for example_nested_branch_dag to 2022-09-24T00:00:00+00:00, run_after=2022-09-25T00:00:00+00:00
[2022-09-25T14:47:40.169+0000] {processor.py:161} INFO - Processing /home/airflow/.local/lib/python3.7/site-packages/airflow/example_dags/example_nested_branch_dag.py took 0.183 seconds
[2022-09-25T14:48:10.922+0000] {processor.py:153} INFO - Started process (PID=10846) to work on /home/airflow/.local/lib/python3.7/site-packages/airflow/example_dags/example_nested_branch_dag.py
[2022-09-25T14:48:10.926+0000] {processor.py:640} INFO - Processing file /home/airflow/.local/lib/python3.7/site-packages/airflow/example_dags/example_nested_branch_dag.py for tasks to queue
[2022-09-25T14:48:10.937+0000] {logging_mixin.py:115} INFO - [2022-09-25T14:48:10.936+0000] {dagbag.py:508} INFO - Filling up the DagBag from /home/airflow/.local/lib/python3.7/site-packages/airflow/example_dags/example_nested_branch_dag.py
[2022-09-25T14:48:10.969+0000] {processor.py:650} INFO - DAG(s) dict_keys(['example_nested_branch_dag']) retrieved from /home/airflow/.local/lib/python3.7/site-packages/airflow/example_dags/example_nested_branch_dag.py
[2022-09-25T14:48:11.034+0000] {logging_mixin.py:115} INFO - [2022-09-25T14:48:11.034+0000] {dag.py:2429} INFO - Sync 1 DAGs
[2022-09-25T14:48:11.094+0000] {logging_mixin.py:115} INFO - [2022-09-25T14:48:11.094+0000] {dag.py:2981} INFO - Setting next_dagrun for example_nested_branch_dag to 2022-09-24T00:00:00+00:00, run_after=2022-09-25T00:00:00+00:00
[2022-09-25T14:48:11.131+0000] {processor.py:161} INFO - Processing /home/airflow/.local/lib/python3.7/site-packages/airflow/example_dags/example_nested_branch_dag.py took 0.222 seconds
[2022-09-25T14:48:41.583+0000] {processor.py:153} INFO - Started process (PID=11060) to work on /home/airflow/.local/lib/python3.7/site-packages/airflow/example_dags/example_nested_branch_dag.py
[2022-09-25T14:48:41.586+0000] {processor.py:640} INFO - Processing file /home/airflow/.local/lib/python3.7/site-packages/airflow/example_dags/example_nested_branch_dag.py for tasks to queue
[2022-09-25T14:48:41.588+0000] {logging_mixin.py:115} INFO - [2022-09-25T14:48:41.588+0000] {dagbag.py:508} INFO - Filling up the DagBag from /home/airflow/.local/lib/python3.7/site-packages/airflow/example_dags/example_nested_branch_dag.py
[2022-09-25T14:48:41.612+0000] {processor.py:650} INFO - DAG(s) dict_keys(['example_nested_branch_dag']) retrieved from /home/airflow/.local/lib/python3.7/site-packages/airflow/example_dags/example_nested_branch_dag.py
[2022-09-25T14:48:41.661+0000] {logging_mixin.py:115} INFO - [2022-09-25T14:48:41.660+0000] {dag.py:2429} INFO - Sync 1 DAGs
[2022-09-25T14:48:41.711+0000] {logging_mixin.py:115} INFO - [2022-09-25T14:48:41.710+0000] {dag.py:2981} INFO - Setting next_dagrun for example_nested_branch_dag to 2022-09-24T00:00:00+00:00, run_after=2022-09-25T00:00:00+00:00
[2022-09-25T14:48:41.734+0000] {processor.py:161} INFO - Processing /home/airflow/.local/lib/python3.7/site-packages/airflow/example_dags/example_nested_branch_dag.py took 0.162 seconds
[2022-09-25T14:49:12.124+0000] {processor.py:153} INFO - Started process (PID=11263) to work on /home/airflow/.local/lib/python3.7/site-packages/airflow/example_dags/example_nested_branch_dag.py
[2022-09-25T14:49:12.126+0000] {processor.py:640} INFO - Processing file /home/airflow/.local/lib/python3.7/site-packages/airflow/example_dags/example_nested_branch_dag.py for tasks to queue
[2022-09-25T14:49:12.129+0000] {logging_mixin.py:115} INFO - [2022-09-25T14:49:12.128+0000] {dagbag.py:508} INFO - Filling up the DagBag from /home/airflow/.local/lib/python3.7/site-packages/airflow/example_dags/example_nested_branch_dag.py
[2022-09-25T14:49:12.151+0000] {processor.py:650} INFO - DAG(s) dict_keys(['example_nested_branch_dag']) retrieved from /home/airflow/.local/lib/python3.7/site-packages/airflow/example_dags/example_nested_branch_dag.py
[2022-09-25T14:49:12.211+0000] {logging_mixin.py:115} INFO - [2022-09-25T14:49:12.211+0000] {dag.py:2429} INFO - Sync 1 DAGs
[2022-09-25T14:49:12.253+0000] {logging_mixin.py:115} INFO - [2022-09-25T14:49:12.253+0000] {dag.py:2981} INFO - Setting next_dagrun for example_nested_branch_dag to 2022-09-24T00:00:00+00:00, run_after=2022-09-25T00:00:00+00:00
[2022-09-25T14:49:12.279+0000] {processor.py:161} INFO - Processing /home/airflow/.local/lib/python3.7/site-packages/airflow/example_dags/example_nested_branch_dag.py took 0.161 seconds
[2022-09-25T14:49:43.075+0000] {processor.py:153} INFO - Started process (PID=11475) to work on /home/airflow/.local/lib/python3.7/site-packages/airflow/example_dags/example_nested_branch_dag.py
[2022-09-25T14:49:43.078+0000] {processor.py:640} INFO - Processing file /home/airflow/.local/lib/python3.7/site-packages/airflow/example_dags/example_nested_branch_dag.py for tasks to queue
[2022-09-25T14:49:43.083+0000] {logging_mixin.py:115} INFO - [2022-09-25T14:49:43.082+0000] {dagbag.py:508} INFO - Filling up the DagBag from /home/airflow/.local/lib/python3.7/site-packages/airflow/example_dags/example_nested_branch_dag.py
[2022-09-25T14:49:43.126+0000] {processor.py:650} INFO - DAG(s) dict_keys(['example_nested_branch_dag']) retrieved from /home/airflow/.local/lib/python3.7/site-packages/airflow/example_dags/example_nested_branch_dag.py
[2022-09-25T14:49:43.186+0000] {logging_mixin.py:115} INFO - [2022-09-25T14:49:43.185+0000] {dag.py:2429} INFO - Sync 1 DAGs
[2022-09-25T14:49:43.237+0000] {logging_mixin.py:115} INFO - [2022-09-25T14:49:43.236+0000] {dag.py:2981} INFO - Setting next_dagrun for example_nested_branch_dag to 2022-09-24T00:00:00+00:00, run_after=2022-09-25T00:00:00+00:00
[2022-09-25T14:49:43.268+0000] {processor.py:161} INFO - Processing /home/airflow/.local/lib/python3.7/site-packages/airflow/example_dags/example_nested_branch_dag.py took 0.203 seconds
[2022-09-25T14:50:13.879+0000] {processor.py:153} INFO - Started process (PID=11679) to work on /home/airflow/.local/lib/python3.7/site-packages/airflow/example_dags/example_nested_branch_dag.py
[2022-09-25T14:50:13.881+0000] {processor.py:640} INFO - Processing file /home/airflow/.local/lib/python3.7/site-packages/airflow/example_dags/example_nested_branch_dag.py for tasks to queue
[2022-09-25T14:50:13.883+0000] {logging_mixin.py:115} INFO - [2022-09-25T14:50:13.883+0000] {dagbag.py:508} INFO - Filling up the DagBag from /home/airflow/.local/lib/python3.7/site-packages/airflow/example_dags/example_nested_branch_dag.py
[2022-09-25T14:50:13.908+0000] {processor.py:650} INFO - DAG(s) dict_keys(['example_nested_branch_dag']) retrieved from /home/airflow/.local/lib/python3.7/site-packages/airflow/example_dags/example_nested_branch_dag.py
[2022-09-25T14:50:13.960+0000] {logging_mixin.py:115} INFO - [2022-09-25T14:50:13.959+0000] {dag.py:2429} INFO - Sync 1 DAGs
[2022-09-25T14:50:14.000+0000] {logging_mixin.py:115} INFO - [2022-09-25T14:50:14.000+0000] {dag.py:2981} INFO - Setting next_dagrun for example_nested_branch_dag to 2022-09-24T00:00:00+00:00, run_after=2022-09-25T00:00:00+00:00
[2022-09-25T14:50:14.026+0000] {processor.py:161} INFO - Processing /home/airflow/.local/lib/python3.7/site-packages/airflow/example_dags/example_nested_branch_dag.py took 0.156 seconds
[2022-09-25T14:50:44.221+0000] {processor.py:153} INFO - Started process (PID=11885) to work on /home/airflow/.local/lib/python3.7/site-packages/airflow/example_dags/example_nested_branch_dag.py
[2022-09-25T14:50:44.223+0000] {processor.py:640} INFO - Processing file /home/airflow/.local/lib/python3.7/site-packages/airflow/example_dags/example_nested_branch_dag.py for tasks to queue
[2022-09-25T14:50:44.226+0000] {logging_mixin.py:115} INFO - [2022-09-25T14:50:44.226+0000] {dagbag.py:508} INFO - Filling up the DagBag from /home/airflow/.local/lib/python3.7/site-packages/airflow/example_dags/example_nested_branch_dag.py
[2022-09-25T14:50:44.253+0000] {processor.py:650} INFO - DAG(s) dict_keys(['example_nested_branch_dag']) retrieved from /home/airflow/.local/lib/python3.7/site-packages/airflow/example_dags/example_nested_branch_dag.py
[2022-09-25T14:50:44.306+0000] {logging_mixin.py:115} INFO - [2022-09-25T14:50:44.306+0000] {dag.py:2429} INFO - Sync 1 DAGs
[2022-09-25T14:50:44.362+0000] {logging_mixin.py:115} INFO - [2022-09-25T14:50:44.360+0000] {dag.py:2981} INFO - Setting next_dagrun for example_nested_branch_dag to 2022-09-24T00:00:00+00:00, run_after=2022-09-25T00:00:00+00:00
[2022-09-25T14:50:44.401+0000] {processor.py:161} INFO - Processing /home/airflow/.local/lib/python3.7/site-packages/airflow/example_dags/example_nested_branch_dag.py took 0.195 seconds
[2022-09-25T14:51:14.946+0000] {processor.py:153} INFO - Started process (PID=12099) to work on /home/airflow/.local/lib/python3.7/site-packages/airflow/example_dags/example_nested_branch_dag.py
[2022-09-25T14:51:14.948+0000] {processor.py:640} INFO - Processing file /home/airflow/.local/lib/python3.7/site-packages/airflow/example_dags/example_nested_branch_dag.py for tasks to queue
[2022-09-25T14:51:14.950+0000] {logging_mixin.py:115} INFO - [2022-09-25T14:51:14.950+0000] {dagbag.py:508} INFO - Filling up the DagBag from /home/airflow/.local/lib/python3.7/site-packages/airflow/example_dags/example_nested_branch_dag.py
[2022-09-25T14:51:14.969+0000] {processor.py:650} INFO - DAG(s) dict_keys(['example_nested_branch_dag']) retrieved from /home/airflow/.local/lib/python3.7/site-packages/airflow/example_dags/example_nested_branch_dag.py
[2022-09-25T14:51:15.012+0000] {logging_mixin.py:115} INFO - [2022-09-25T14:51:15.012+0000] {dag.py:2429} INFO - Sync 1 DAGs
[2022-09-25T14:51:15.053+0000] {logging_mixin.py:115} INFO - [2022-09-25T14:51:15.053+0000] {dag.py:2981} INFO - Setting next_dagrun for example_nested_branch_dag to 2022-09-24T00:00:00+00:00, run_after=2022-09-25T00:00:00+00:00
[2022-09-25T14:51:15.073+0000] {processor.py:161} INFO - Processing /home/airflow/.local/lib/python3.7/site-packages/airflow/example_dags/example_nested_branch_dag.py took 0.134 seconds
[2022-09-25T14:51:45.922+0000] {processor.py:153} INFO - Started process (PID=12306) to work on /home/airflow/.local/lib/python3.7/site-packages/airflow/example_dags/example_nested_branch_dag.py
[2022-09-25T14:51:45.931+0000] {processor.py:640} INFO - Processing file /home/airflow/.local/lib/python3.7/site-packages/airflow/example_dags/example_nested_branch_dag.py for tasks to queue
[2022-09-25T14:51:45.936+0000] {logging_mixin.py:115} INFO - [2022-09-25T14:51:45.935+0000] {dagbag.py:508} INFO - Filling up the DagBag from /home/airflow/.local/lib/python3.7/site-packages/airflow/example_dags/example_nested_branch_dag.py
[2022-09-25T14:51:45.971+0000] {processor.py:650} INFO - DAG(s) dict_keys(['example_nested_branch_dag']) retrieved from /home/airflow/.local/lib/python3.7/site-packages/airflow/example_dags/example_nested_branch_dag.py
[2022-09-25T14:51:46.056+0000] {logging_mixin.py:115} INFO - [2022-09-25T14:51:46.055+0000] {dag.py:2429} INFO - Sync 1 DAGs
[2022-09-25T14:51:46.138+0000] {logging_mixin.py:115} INFO - [2022-09-25T14:51:46.137+0000] {dag.py:2981} INFO - Setting next_dagrun for example_nested_branch_dag to 2022-09-24T00:00:00+00:00, run_after=2022-09-25T00:00:00+00:00
[2022-09-25T14:51:46.174+0000] {processor.py:161} INFO - Processing /home/airflow/.local/lib/python3.7/site-packages/airflow/example_dags/example_nested_branch_dag.py took 0.270 seconds
[2022-09-25T14:52:16.291+0000] {processor.py:153} INFO - Started process (PID=12518) to work on /home/airflow/.local/lib/python3.7/site-packages/airflow/example_dags/example_nested_branch_dag.py
[2022-09-25T14:52:16.295+0000] {processor.py:640} INFO - Processing file /home/airflow/.local/lib/python3.7/site-packages/airflow/example_dags/example_nested_branch_dag.py for tasks to queue
[2022-09-25T14:52:16.300+0000] {logging_mixin.py:115} INFO - [2022-09-25T14:52:16.299+0000] {dagbag.py:508} INFO - Filling up the DagBag from /home/airflow/.local/lib/python3.7/site-packages/airflow/example_dags/example_nested_branch_dag.py
[2022-09-25T14:52:16.331+0000] {processor.py:650} INFO - DAG(s) dict_keys(['example_nested_branch_dag']) retrieved from /home/airflow/.local/lib/python3.7/site-packages/airflow/example_dags/example_nested_branch_dag.py
[2022-09-25T14:52:16.398+0000] {logging_mixin.py:115} INFO - [2022-09-25T14:52:16.398+0000] {dag.py:2429} INFO - Sync 1 DAGs
[2022-09-25T14:52:16.465+0000] {logging_mixin.py:115} INFO - [2022-09-25T14:52:16.465+0000] {dag.py:2981} INFO - Setting next_dagrun for example_nested_branch_dag to 2022-09-24T00:00:00+00:00, run_after=2022-09-25T00:00:00+00:00
