[2022-09-25T14:22:23.816+0000] {processor.py:153} INFO - Started process (PID=343) to work on /home/airflow/.local/lib/python3.7/site-packages/airflow/example_dags/tutorial_taskflow_api_etl.py
[2022-09-25T14:22:23.829+0000] {processor.py:640} INFO - Processing file /home/airflow/.local/lib/python3.7/site-packages/airflow/example_dags/tutorial_taskflow_api_etl.py for tasks to queue
[2022-09-25T14:22:23.856+0000] {logging_mixin.py:115} INFO - [2022-09-25T14:22:23.856+0000] {dagbag.py:508} INFO - Filling up the DagBag from /home/airflow/.local/lib/python3.7/site-packages/airflow/example_dags/tutorial_taskflow_api_etl.py
[2022-09-25T14:22:24.197+0000] {processor.py:650} INFO - DAG(s) dict_keys(['tutorial_taskflow_api_etl']) retrieved from /home/airflow/.local/lib/python3.7/site-packages/airflow/example_dags/tutorial_taskflow_api_etl.py
[2022-09-25T14:22:24.696+0000] {logging_mixin.py:115} INFO - [2022-09-25T14:22:24.695+0000] {dag.py:2429} INFO - Sync 1 DAGs
[2022-09-25T14:22:24.940+0000] {logging_mixin.py:115} INFO - [2022-09-25T14:22:24.939+0000] {dag.py:2981} INFO - Setting next_dagrun for tutorial_taskflow_api_etl to None, run_after=None
[2022-09-25T14:22:25.124+0000] {processor.py:161} INFO - Processing /home/airflow/.local/lib/python3.7/site-packages/airflow/example_dags/tutorial_taskflow_api_etl.py took 1.329 seconds
[2022-09-25T14:22:55.613+0000] {processor.py:153} INFO - Started process (PID=543) to work on /home/airflow/.local/lib/python3.7/site-packages/airflow/example_dags/tutorial_taskflow_api_etl.py
[2022-09-25T14:22:55.618+0000] {processor.py:640} INFO - Processing file /home/airflow/.local/lib/python3.7/site-packages/airflow/example_dags/tutorial_taskflow_api_etl.py for tasks to queue
[2022-09-25T14:22:55.621+0000] {logging_mixin.py:115} INFO - [2022-09-25T14:22:55.621+0000] {dagbag.py:508} INFO - Filling up the DagBag from /home/airflow/.local/lib/python3.7/site-packages/airflow/example_dags/tutorial_taskflow_api_etl.py
[2022-09-25T14:22:55.660+0000] {processor.py:650} INFO - DAG(s) dict_keys(['tutorial_taskflow_api_etl']) retrieved from /home/airflow/.local/lib/python3.7/site-packages/airflow/example_dags/tutorial_taskflow_api_etl.py
[2022-09-25T14:22:55.715+0000] {logging_mixin.py:115} INFO - [2022-09-25T14:22:55.715+0000] {dag.py:2429} INFO - Sync 1 DAGs
[2022-09-25T14:22:55.752+0000] {logging_mixin.py:115} INFO - [2022-09-25T14:22:55.752+0000] {dag.py:2981} INFO - Setting next_dagrun for tutorial_taskflow_api_etl to None, run_after=None
[2022-09-25T14:22:55.772+0000] {processor.py:161} INFO - Processing /home/airflow/.local/lib/python3.7/site-packages/airflow/example_dags/tutorial_taskflow_api_etl.py took 0.165 seconds
[2022-09-25T14:23:25.964+0000] {processor.py:153} INFO - Started process (PID=758) to work on /home/airflow/.local/lib/python3.7/site-packages/airflow/example_dags/tutorial_taskflow_api_etl.py
[2022-09-25T14:23:25.967+0000] {processor.py:640} INFO - Processing file /home/airflow/.local/lib/python3.7/site-packages/airflow/example_dags/tutorial_taskflow_api_etl.py for tasks to queue
[2022-09-25T14:23:25.970+0000] {logging_mixin.py:115} INFO - [2022-09-25T14:23:25.969+0000] {dagbag.py:508} INFO - Filling up the DagBag from /home/airflow/.local/lib/python3.7/site-packages/airflow/example_dags/tutorial_taskflow_api_etl.py
[2022-09-25T14:23:26.005+0000] {processor.py:650} INFO - DAG(s) dict_keys(['tutorial_taskflow_api_etl']) retrieved from /home/airflow/.local/lib/python3.7/site-packages/airflow/example_dags/tutorial_taskflow_api_etl.py
[2022-09-25T14:23:26.047+0000] {logging_mixin.py:115} INFO - [2022-09-25T14:23:26.047+0000] {dag.py:2429} INFO - Sync 1 DAGs
[2022-09-25T14:23:26.086+0000] {logging_mixin.py:115} INFO - [2022-09-25T14:23:26.085+0000] {dag.py:2981} INFO - Setting next_dagrun for tutorial_taskflow_api_etl to None, run_after=None
[2022-09-25T14:23:26.109+0000] {processor.py:161} INFO - Processing /home/airflow/.local/lib/python3.7/site-packages/airflow/example_dags/tutorial_taskflow_api_etl.py took 0.151 seconds
[2022-09-25T14:23:56.267+0000] {processor.py:153} INFO - Started process (PID=963) to work on /home/airflow/.local/lib/python3.7/site-packages/airflow/example_dags/tutorial_taskflow_api_etl.py
[2022-09-25T14:23:56.271+0000] {processor.py:640} INFO - Processing file /home/airflow/.local/lib/python3.7/site-packages/airflow/example_dags/tutorial_taskflow_api_etl.py for tasks to queue
[2022-09-25T14:23:56.273+0000] {logging_mixin.py:115} INFO - [2022-09-25T14:23:56.273+0000] {dagbag.py:508} INFO - Filling up the DagBag from /home/airflow/.local/lib/python3.7/site-packages/airflow/example_dags/tutorial_taskflow_api_etl.py
[2022-09-25T14:23:56.312+0000] {processor.py:650} INFO - DAG(s) dict_keys(['tutorial_taskflow_api_etl']) retrieved from /home/airflow/.local/lib/python3.7/site-packages/airflow/example_dags/tutorial_taskflow_api_etl.py
[2022-09-25T14:23:56.362+0000] {logging_mixin.py:115} INFO - [2022-09-25T14:23:56.362+0000] {dag.py:2429} INFO - Sync 1 DAGs
[2022-09-25T14:23:56.403+0000] {logging_mixin.py:115} INFO - [2022-09-25T14:23:56.403+0000] {dag.py:2981} INFO - Setting next_dagrun for tutorial_taskflow_api_etl to None, run_after=None
[2022-09-25T14:23:56.455+0000] {processor.py:161} INFO - Processing /home/airflow/.local/lib/python3.7/site-packages/airflow/example_dags/tutorial_taskflow_api_etl.py took 0.193 seconds
[2022-09-25T14:24:26.589+0000] {processor.py:153} INFO - Started process (PID=1178) to work on /home/airflow/.local/lib/python3.7/site-packages/airflow/example_dags/tutorial_taskflow_api_etl.py
[2022-09-25T14:24:26.597+0000] {processor.py:640} INFO - Processing file /home/airflow/.local/lib/python3.7/site-packages/airflow/example_dags/tutorial_taskflow_api_etl.py for tasks to queue
[2022-09-25T14:24:26.599+0000] {logging_mixin.py:115} INFO - [2022-09-25T14:24:26.599+0000] {dagbag.py:508} INFO - Filling up the DagBag from /home/airflow/.local/lib/python3.7/site-packages/airflow/example_dags/tutorial_taskflow_api_etl.py
[2022-09-25T14:24:26.634+0000] {processor.py:650} INFO - DAG(s) dict_keys(['tutorial_taskflow_api_etl']) retrieved from /home/airflow/.local/lib/python3.7/site-packages/airflow/example_dags/tutorial_taskflow_api_etl.py
[2022-09-25T14:24:26.674+0000] {logging_mixin.py:115} INFO - [2022-09-25T14:24:26.673+0000] {dag.py:2429} INFO - Sync 1 DAGs
[2022-09-25T14:24:26.710+0000] {logging_mixin.py:115} INFO - [2022-09-25T14:24:26.710+0000] {dag.py:2981} INFO - Setting next_dagrun for tutorial_taskflow_api_etl to None, run_after=None
[2022-09-25T14:24:26.734+0000] {processor.py:161} INFO - Processing /home/airflow/.local/lib/python3.7/site-packages/airflow/example_dags/tutorial_taskflow_api_etl.py took 0.150 seconds
[2022-09-25T14:24:57.675+0000] {processor.py:153} INFO - Started process (PID=1383) to work on /home/airflow/.local/lib/python3.7/site-packages/airflow/example_dags/tutorial_taskflow_api_etl.py
[2022-09-25T14:24:57.682+0000] {processor.py:640} INFO - Processing file /home/airflow/.local/lib/python3.7/site-packages/airflow/example_dags/tutorial_taskflow_api_etl.py for tasks to queue
[2022-09-25T14:24:57.684+0000] {logging_mixin.py:115} INFO - [2022-09-25T14:24:57.684+0000] {dagbag.py:508} INFO - Filling up the DagBag from /home/airflow/.local/lib/python3.7/site-packages/airflow/example_dags/tutorial_taskflow_api_etl.py
[2022-09-25T14:24:57.723+0000] {processor.py:650} INFO - DAG(s) dict_keys(['tutorial_taskflow_api_etl']) retrieved from /home/airflow/.local/lib/python3.7/site-packages/airflow/example_dags/tutorial_taskflow_api_etl.py
[2022-09-25T14:24:57.793+0000] {logging_mixin.py:115} INFO - [2022-09-25T14:24:57.793+0000] {dag.py:2429} INFO - Sync 1 DAGs
[2022-09-25T14:24:57.866+0000] {logging_mixin.py:115} INFO - [2022-09-25T14:24:57.866+0000] {dag.py:2981} INFO - Setting next_dagrun for tutorial_taskflow_api_etl to None, run_after=None
[2022-09-25T14:24:57.895+0000] {processor.py:161} INFO - Processing /home/airflow/.local/lib/python3.7/site-packages/airflow/example_dags/tutorial_taskflow_api_etl.py took 0.226 seconds
[2022-09-25T14:25:28.557+0000] {processor.py:153} INFO - Started process (PID=1597) to work on /home/airflow/.local/lib/python3.7/site-packages/airflow/example_dags/tutorial_taskflow_api_etl.py
[2022-09-25T14:25:28.564+0000] {processor.py:640} INFO - Processing file /home/airflow/.local/lib/python3.7/site-packages/airflow/example_dags/tutorial_taskflow_api_etl.py for tasks to queue
[2022-09-25T14:25:28.566+0000] {logging_mixin.py:115} INFO - [2022-09-25T14:25:28.566+0000] {dagbag.py:508} INFO - Filling up the DagBag from /home/airflow/.local/lib/python3.7/site-packages/airflow/example_dags/tutorial_taskflow_api_etl.py
[2022-09-25T14:25:28.597+0000] {processor.py:650} INFO - DAG(s) dict_keys(['tutorial_taskflow_api_etl']) retrieved from /home/airflow/.local/lib/python3.7/site-packages/airflow/example_dags/tutorial_taskflow_api_etl.py
[2022-09-25T14:25:28.639+0000] {logging_mixin.py:115} INFO - [2022-09-25T14:25:28.638+0000] {dag.py:2429} INFO - Sync 1 DAGs
[2022-09-25T14:25:28.676+0000] {logging_mixin.py:115} INFO - [2022-09-25T14:25:28.675+0000] {dag.py:2981} INFO - Setting next_dagrun for tutorial_taskflow_api_etl to None, run_after=None
[2022-09-25T14:25:28.704+0000] {processor.py:161} INFO - Processing /home/airflow/.local/lib/python3.7/site-packages/airflow/example_dags/tutorial_taskflow_api_etl.py took 0.156 seconds
[2022-09-25T14:25:59.254+0000] {processor.py:153} INFO - Started process (PID=1803) to work on /home/airflow/.local/lib/python3.7/site-packages/airflow/example_dags/tutorial_taskflow_api_etl.py
[2022-09-25T14:25:59.260+0000] {processor.py:640} INFO - Processing file /home/airflow/.local/lib/python3.7/site-packages/airflow/example_dags/tutorial_taskflow_api_etl.py for tasks to queue
[2022-09-25T14:25:59.268+0000] {logging_mixin.py:115} INFO - [2022-09-25T14:25:59.267+0000] {dagbag.py:508} INFO - Filling up the DagBag from /home/airflow/.local/lib/python3.7/site-packages/airflow/example_dags/tutorial_taskflow_api_etl.py
[2022-09-25T14:25:59.340+0000] {processor.py:650} INFO - DAG(s) dict_keys(['tutorial_taskflow_api_etl']) retrieved from /home/airflow/.local/lib/python3.7/site-packages/airflow/example_dags/tutorial_taskflow_api_etl.py
[2022-09-25T14:25:59.445+0000] {logging_mixin.py:115} INFO - [2022-09-25T14:25:59.445+0000] {dag.py:2429} INFO - Sync 1 DAGs
[2022-09-25T14:25:59.504+0000] {logging_mixin.py:115} INFO - [2022-09-25T14:25:59.504+0000] {dag.py:2981} INFO - Setting next_dagrun for tutorial_taskflow_api_etl to None, run_after=None
[2022-09-25T14:25:59.544+0000] {processor.py:161} INFO - Processing /home/airflow/.local/lib/python3.7/site-packages/airflow/example_dags/tutorial_taskflow_api_etl.py took 0.296 seconds
[2022-09-25T14:26:29.845+0000] {processor.py:153} INFO - Started process (PID=2016) to work on /home/airflow/.local/lib/python3.7/site-packages/airflow/example_dags/tutorial_taskflow_api_etl.py
[2022-09-25T14:26:29.847+0000] {processor.py:640} INFO - Processing file /home/airflow/.local/lib/python3.7/site-packages/airflow/example_dags/tutorial_taskflow_api_etl.py for tasks to queue
[2022-09-25T14:26:29.850+0000] {logging_mixin.py:115} INFO - [2022-09-25T14:26:29.849+0000] {dagbag.py:508} INFO - Filling up the DagBag from /home/airflow/.local/lib/python3.7/site-packages/airflow/example_dags/tutorial_taskflow_api_etl.py
[2022-09-25T14:26:29.879+0000] {processor.py:650} INFO - DAG(s) dict_keys(['tutorial_taskflow_api_etl']) retrieved from /home/airflow/.local/lib/python3.7/site-packages/airflow/example_dags/tutorial_taskflow_api_etl.py
[2022-09-25T14:26:29.916+0000] {logging_mixin.py:115} INFO - [2022-09-25T14:26:29.916+0000] {dag.py:2429} INFO - Sync 1 DAGs
[2022-09-25T14:26:29.949+0000] {logging_mixin.py:115} INFO - [2022-09-25T14:26:29.949+0000] {dag.py:2981} INFO - Setting next_dagrun for tutorial_taskflow_api_etl to None, run_after=None
[2022-09-25T14:26:29.974+0000] {processor.py:161} INFO - Processing /home/airflow/.local/lib/python3.7/site-packages/airflow/example_dags/tutorial_taskflow_api_etl.py took 0.138 seconds
[2022-09-25T14:27:00.269+0000] {processor.py:153} INFO - Started process (PID=2221) to work on /home/airflow/.local/lib/python3.7/site-packages/airflow/example_dags/tutorial_taskflow_api_etl.py
[2022-09-25T14:27:00.273+0000] {processor.py:640} INFO - Processing file /home/airflow/.local/lib/python3.7/site-packages/airflow/example_dags/tutorial_taskflow_api_etl.py for tasks to queue
[2022-09-25T14:27:00.277+0000] {logging_mixin.py:115} INFO - [2022-09-25T14:27:00.277+0000] {dagbag.py:508} INFO - Filling up the DagBag from /home/airflow/.local/lib/python3.7/site-packages/airflow/example_dags/tutorial_taskflow_api_etl.py
[2022-09-25T14:27:00.313+0000] {processor.py:650} INFO - DAG(s) dict_keys(['tutorial_taskflow_api_etl']) retrieved from /home/airflow/.local/lib/python3.7/site-packages/airflow/example_dags/tutorial_taskflow_api_etl.py
[2022-09-25T14:27:00.414+0000] {logging_mixin.py:115} INFO - [2022-09-25T14:27:00.414+0000] {dag.py:2429} INFO - Sync 1 DAGs
[2022-09-25T14:27:00.449+0000] {logging_mixin.py:115} INFO - [2022-09-25T14:27:00.448+0000] {dag.py:2981} INFO - Setting next_dagrun for tutorial_taskflow_api_etl to None, run_after=None
[2022-09-25T14:27:00.477+0000] {processor.py:161} INFO - Processing /home/airflow/.local/lib/python3.7/site-packages/airflow/example_dags/tutorial_taskflow_api_etl.py took 0.215 seconds
[2022-09-25T14:27:31.441+0000] {processor.py:153} INFO - Started process (PID=2434) to work on /home/airflow/.local/lib/python3.7/site-packages/airflow/example_dags/tutorial_taskflow_api_etl.py
[2022-09-25T14:27:31.444+0000] {processor.py:640} INFO - Processing file /home/airflow/.local/lib/python3.7/site-packages/airflow/example_dags/tutorial_taskflow_api_etl.py for tasks to queue
[2022-09-25T14:27:31.446+0000] {logging_mixin.py:115} INFO - [2022-09-25T14:27:31.446+0000] {dagbag.py:508} INFO - Filling up the DagBag from /home/airflow/.local/lib/python3.7/site-packages/airflow/example_dags/tutorial_taskflow_api_etl.py
[2022-09-25T14:27:31.480+0000] {processor.py:650} INFO - DAG(s) dict_keys(['tutorial_taskflow_api_etl']) retrieved from /home/airflow/.local/lib/python3.7/site-packages/airflow/example_dags/tutorial_taskflow_api_etl.py
[2022-09-25T14:27:31.526+0000] {logging_mixin.py:115} INFO - [2022-09-25T14:27:31.526+0000] {dag.py:2429} INFO - Sync 1 DAGs
[2022-09-25T14:27:31.564+0000] {logging_mixin.py:115} INFO - [2022-09-25T14:27:31.564+0000] {dag.py:2981} INFO - Setting next_dagrun for tutorial_taskflow_api_etl to None, run_after=None
[2022-09-25T14:27:31.588+0000] {processor.py:161} INFO - Processing /home/airflow/.local/lib/python3.7/site-packages/airflow/example_dags/tutorial_taskflow_api_etl.py took 0.153 seconds
[2022-09-25T14:28:01.968+0000] {processor.py:153} INFO - Started process (PID=2638) to work on /home/airflow/.local/lib/python3.7/site-packages/airflow/example_dags/tutorial_taskflow_api_etl.py
[2022-09-25T14:28:01.970+0000] {processor.py:640} INFO - Processing file /home/airflow/.local/lib/python3.7/site-packages/airflow/example_dags/tutorial_taskflow_api_etl.py for tasks to queue
[2022-09-25T14:28:01.974+0000] {logging_mixin.py:115} INFO - [2022-09-25T14:28:01.973+0000] {dagbag.py:508} INFO - Filling up the DagBag from /home/airflow/.local/lib/python3.7/site-packages/airflow/example_dags/tutorial_taskflow_api_etl.py
[2022-09-25T14:28:02.021+0000] {processor.py:650} INFO - DAG(s) dict_keys(['tutorial_taskflow_api_etl']) retrieved from /home/airflow/.local/lib/python3.7/site-packages/airflow/example_dags/tutorial_taskflow_api_etl.py
[2022-09-25T14:28:02.073+0000] {logging_mixin.py:115} INFO - [2022-09-25T14:28:02.072+0000] {dag.py:2429} INFO - Sync 1 DAGs
[2022-09-25T14:28:02.124+0000] {logging_mixin.py:115} INFO - [2022-09-25T14:28:02.124+0000] {dag.py:2981} INFO - Setting next_dagrun for tutorial_taskflow_api_etl to None, run_after=None
[2022-09-25T14:28:02.169+0000] {processor.py:161} INFO - Processing /home/airflow/.local/lib/python3.7/site-packages/airflow/example_dags/tutorial_taskflow_api_etl.py took 0.215 seconds
[2022-09-25T14:28:33.024+0000] {processor.py:153} INFO - Started process (PID=2853) to work on /home/airflow/.local/lib/python3.7/site-packages/airflow/example_dags/tutorial_taskflow_api_etl.py
[2022-09-25T14:28:33.026+0000] {processor.py:640} INFO - Processing file /home/airflow/.local/lib/python3.7/site-packages/airflow/example_dags/tutorial_taskflow_api_etl.py for tasks to queue
[2022-09-25T14:28:33.029+0000] {logging_mixin.py:115} INFO - [2022-09-25T14:28:33.029+0000] {dagbag.py:508} INFO - Filling up the DagBag from /home/airflow/.local/lib/python3.7/site-packages/airflow/example_dags/tutorial_taskflow_api_etl.py
[2022-09-25T14:28:33.062+0000] {processor.py:650} INFO - DAG(s) dict_keys(['tutorial_taskflow_api_etl']) retrieved from /home/airflow/.local/lib/python3.7/site-packages/airflow/example_dags/tutorial_taskflow_api_etl.py
[2022-09-25T14:28:33.166+0000] {logging_mixin.py:115} INFO - [2022-09-25T14:28:33.166+0000] {dag.py:2429} INFO - Sync 1 DAGs
[2022-09-25T14:28:33.200+0000] {logging_mixin.py:115} INFO - [2022-09-25T14:28:33.200+0000] {dag.py:2981} INFO - Setting next_dagrun for tutorial_taskflow_api_etl to None, run_after=None
[2022-09-25T14:28:33.222+0000] {processor.py:161} INFO - Processing /home/airflow/.local/lib/python3.7/site-packages/airflow/example_dags/tutorial_taskflow_api_etl.py took 0.203 seconds
[2022-09-25T14:29:03.268+0000] {processor.py:153} INFO - Started process (PID=3059) to work on /home/airflow/.local/lib/python3.7/site-packages/airflow/example_dags/tutorial_taskflow_api_etl.py
[2022-09-25T14:29:03.270+0000] {processor.py:640} INFO - Processing file /home/airflow/.local/lib/python3.7/site-packages/airflow/example_dags/tutorial_taskflow_api_etl.py for tasks to queue
[2022-09-25T14:29:03.271+0000] {logging_mixin.py:115} INFO - [2022-09-25T14:29:03.271+0000] {dagbag.py:508} INFO - Filling up the DagBag from /home/airflow/.local/lib/python3.7/site-packages/airflow/example_dags/tutorial_taskflow_api_etl.py
[2022-09-25T14:29:03.302+0000] {processor.py:650} INFO - DAG(s) dict_keys(['tutorial_taskflow_api_etl']) retrieved from /home/airflow/.local/lib/python3.7/site-packages/airflow/example_dags/tutorial_taskflow_api_etl.py
[2022-09-25T14:29:03.343+0000] {logging_mixin.py:115} INFO - [2022-09-25T14:29:03.343+0000] {dag.py:2429} INFO - Sync 1 DAGs
[2022-09-25T14:29:03.378+0000] {logging_mixin.py:115} INFO - [2022-09-25T14:29:03.378+0000] {dag.py:2981} INFO - Setting next_dagrun for tutorial_taskflow_api_etl to None, run_after=None
[2022-09-25T14:29:03.404+0000] {processor.py:161} INFO - Processing /home/airflow/.local/lib/python3.7/site-packages/airflow/example_dags/tutorial_taskflow_api_etl.py took 0.141 seconds
[2022-09-25T14:29:33.876+0000] {processor.py:153} INFO - Started process (PID=3273) to work on /home/airflow/.local/lib/python3.7/site-packages/airflow/example_dags/tutorial_taskflow_api_etl.py
[2022-09-25T14:29:33.880+0000] {processor.py:640} INFO - Processing file /home/airflow/.local/lib/python3.7/site-packages/airflow/example_dags/tutorial_taskflow_api_etl.py for tasks to queue
[2022-09-25T14:29:33.883+0000] {logging_mixin.py:115} INFO - [2022-09-25T14:29:33.883+0000] {dagbag.py:508} INFO - Filling up the DagBag from /home/airflow/.local/lib/python3.7/site-packages/airflow/example_dags/tutorial_taskflow_api_etl.py
[2022-09-25T14:29:33.934+0000] {processor.py:650} INFO - DAG(s) dict_keys(['tutorial_taskflow_api_etl']) retrieved from /home/airflow/.local/lib/python3.7/site-packages/airflow/example_dags/tutorial_taskflow_api_etl.py
[2022-09-25T14:29:34.084+0000] {logging_mixin.py:115} INFO - [2022-09-25T14:29:34.084+0000] {dag.py:2429} INFO - Sync 1 DAGs
[2022-09-25T14:29:34.145+0000] {logging_mixin.py:115} INFO - [2022-09-25T14:29:34.145+0000] {dag.py:2981} INFO - Setting next_dagrun for tutorial_taskflow_api_etl to None, run_after=None
[2022-09-25T14:29:34.211+0000] {processor.py:161} INFO - Processing /home/airflow/.local/lib/python3.7/site-packages/airflow/example_dags/tutorial_taskflow_api_etl.py took 0.343 seconds
[2022-09-25T14:30:05.159+0000] {processor.py:153} INFO - Started process (PID=3484) to work on /home/airflow/.local/lib/python3.7/site-packages/airflow/example_dags/tutorial_taskflow_api_etl.py
[2022-09-25T14:30:05.164+0000] {processor.py:640} INFO - Processing file /home/airflow/.local/lib/python3.7/site-packages/airflow/example_dags/tutorial_taskflow_api_etl.py for tasks to queue
[2022-09-25T14:30:05.166+0000] {logging_mixin.py:115} INFO - [2022-09-25T14:30:05.166+0000] {dagbag.py:508} INFO - Filling up the DagBag from /home/airflow/.local/lib/python3.7/site-packages/airflow/example_dags/tutorial_taskflow_api_etl.py
[2022-09-25T14:30:05.197+0000] {processor.py:650} INFO - DAG(s) dict_keys(['tutorial_taskflow_api_etl']) retrieved from /home/airflow/.local/lib/python3.7/site-packages/airflow/example_dags/tutorial_taskflow_api_etl.py
[2022-09-25T14:30:05.306+0000] {logging_mixin.py:115} INFO - [2022-09-25T14:30:05.305+0000] {dag.py:2429} INFO - Sync 1 DAGs
[2022-09-25T14:30:05.338+0000] {logging_mixin.py:115} INFO - [2022-09-25T14:30:05.337+0000] {dag.py:2981} INFO - Setting next_dagrun for tutorial_taskflow_api_etl to None, run_after=None
[2022-09-25T14:30:05.358+0000] {processor.py:161} INFO - Processing /home/airflow/.local/lib/python3.7/site-packages/airflow/example_dags/tutorial_taskflow_api_etl.py took 0.203 seconds
[2022-09-25T14:30:35.800+0000] {processor.py:153} INFO - Started process (PID=3698) to work on /home/airflow/.local/lib/python3.7/site-packages/airflow/example_dags/tutorial_taskflow_api_etl.py
[2022-09-25T14:30:35.804+0000] {processor.py:640} INFO - Processing file /home/airflow/.local/lib/python3.7/site-packages/airflow/example_dags/tutorial_taskflow_api_etl.py for tasks to queue
[2022-09-25T14:30:35.805+0000] {logging_mixin.py:115} INFO - [2022-09-25T14:30:35.805+0000] {dagbag.py:508} INFO - Filling up the DagBag from /home/airflow/.local/lib/python3.7/site-packages/airflow/example_dags/tutorial_taskflow_api_etl.py
[2022-09-25T14:30:35.841+0000] {processor.py:650} INFO - DAG(s) dict_keys(['tutorial_taskflow_api_etl']) retrieved from /home/airflow/.local/lib/python3.7/site-packages/airflow/example_dags/tutorial_taskflow_api_etl.py
[2022-09-25T14:30:35.879+0000] {logging_mixin.py:115} INFO - [2022-09-25T14:30:35.878+0000] {dag.py:2429} INFO - Sync 1 DAGs
[2022-09-25T14:30:35.912+0000] {logging_mixin.py:115} INFO - [2022-09-25T14:30:35.912+0000] {dag.py:2981} INFO - Setting next_dagrun for tutorial_taskflow_api_etl to None, run_after=None
[2022-09-25T14:30:35.932+0000] {processor.py:161} INFO - Processing /home/airflow/.local/lib/python3.7/site-packages/airflow/example_dags/tutorial_taskflow_api_etl.py took 0.140 seconds
[2022-09-25T14:31:06.023+0000] {processor.py:153} INFO - Started process (PID=3901) to work on /home/airflow/.local/lib/python3.7/site-packages/airflow/example_dags/tutorial_taskflow_api_etl.py
[2022-09-25T14:31:06.025+0000] {processor.py:640} INFO - Processing file /home/airflow/.local/lib/python3.7/site-packages/airflow/example_dags/tutorial_taskflow_api_etl.py for tasks to queue
[2022-09-25T14:31:06.027+0000] {logging_mixin.py:115} INFO - [2022-09-25T14:31:06.027+0000] {dagbag.py:508} INFO - Filling up the DagBag from /home/airflow/.local/lib/python3.7/site-packages/airflow/example_dags/tutorial_taskflow_api_etl.py
[2022-09-25T14:31:06.061+0000] {processor.py:650} INFO - DAG(s) dict_keys(['tutorial_taskflow_api_etl']) retrieved from /home/airflow/.local/lib/python3.7/site-packages/airflow/example_dags/tutorial_taskflow_api_etl.py
[2022-09-25T14:31:06.166+0000] {logging_mixin.py:115} INFO - [2022-09-25T14:31:06.166+0000] {dag.py:2429} INFO - Sync 1 DAGs
[2022-09-25T14:31:06.205+0000] {logging_mixin.py:115} INFO - [2022-09-25T14:31:06.205+0000] {dag.py:2981} INFO - Setting next_dagrun for tutorial_taskflow_api_etl to None, run_after=None
[2022-09-25T14:31:06.240+0000] {processor.py:161} INFO - Processing /home/airflow/.local/lib/python3.7/site-packages/airflow/example_dags/tutorial_taskflow_api_etl.py took 0.223 seconds
[2022-09-25T14:31:36.828+0000] {processor.py:153} INFO - Started process (PID=4110) to work on /home/airflow/.local/lib/python3.7/site-packages/airflow/example_dags/tutorial_taskflow_api_etl.py
[2022-09-25T14:31:36.832+0000] {processor.py:640} INFO - Processing file /home/airflow/.local/lib/python3.7/site-packages/airflow/example_dags/tutorial_taskflow_api_etl.py for tasks to queue
[2022-09-25T14:31:36.839+0000] {logging_mixin.py:115} INFO - [2022-09-25T14:31:36.838+0000] {dagbag.py:508} INFO - Filling up the DagBag from /home/airflow/.local/lib/python3.7/site-packages/airflow/example_dags/tutorial_taskflow_api_etl.py
[2022-09-25T14:31:36.948+0000] {processor.py:650} INFO - DAG(s) dict_keys(['tutorial_taskflow_api_etl']) retrieved from /home/airflow/.local/lib/python3.7/site-packages/airflow/example_dags/tutorial_taskflow_api_etl.py
[2022-09-25T14:31:37.343+0000] {logging_mixin.py:115} INFO - [2022-09-25T14:31:37.343+0000] {dag.py:2429} INFO - Sync 1 DAGs
[2022-09-25T14:31:37.392+0000] {logging_mixin.py:115} INFO - [2022-09-25T14:31:37.392+0000] {dag.py:2981} INFO - Setting next_dagrun for tutorial_taskflow_api_etl to None, run_after=None
[2022-09-25T14:31:37.448+0000] {processor.py:161} INFO - Processing /home/airflow/.local/lib/python3.7/site-packages/airflow/example_dags/tutorial_taskflow_api_etl.py took 0.635 seconds
[2022-09-25T14:32:07.661+0000] {processor.py:153} INFO - Started process (PID=4320) to work on /home/airflow/.local/lib/python3.7/site-packages/airflow/example_dags/tutorial_taskflow_api_etl.py
[2022-09-25T14:32:07.662+0000] {processor.py:640} INFO - Processing file /home/airflow/.local/lib/python3.7/site-packages/airflow/example_dags/tutorial_taskflow_api_etl.py for tasks to queue
[2022-09-25T14:32:07.666+0000] {logging_mixin.py:115} INFO - [2022-09-25T14:32:07.665+0000] {dagbag.py:508} INFO - Filling up the DagBag from /home/airflow/.local/lib/python3.7/site-packages/airflow/example_dags/tutorial_taskflow_api_etl.py
[2022-09-25T14:32:07.713+0000] {processor.py:650} INFO - DAG(s) dict_keys(['tutorial_taskflow_api_etl']) retrieved from /home/airflow/.local/lib/python3.7/site-packages/airflow/example_dags/tutorial_taskflow_api_etl.py
[2022-09-25T14:32:07.873+0000] {logging_mixin.py:115} INFO - [2022-09-25T14:32:07.873+0000] {dag.py:2429} INFO - Sync 1 DAGs
[2022-09-25T14:32:07.910+0000] {logging_mixin.py:115} INFO - [2022-09-25T14:32:07.910+0000] {dag.py:2981} INFO - Setting next_dagrun for tutorial_taskflow_api_etl to None, run_after=None
[2022-09-25T14:32:07.937+0000] {processor.py:161} INFO - Processing /home/airflow/.local/lib/python3.7/site-packages/airflow/example_dags/tutorial_taskflow_api_etl.py took 0.285 seconds
[2022-09-25T14:32:38.539+0000] {processor.py:153} INFO - Started process (PID=4520) to work on /home/airflow/.local/lib/python3.7/site-packages/airflow/example_dags/tutorial_taskflow_api_etl.py
[2022-09-25T14:32:38.541+0000] {processor.py:640} INFO - Processing file /home/airflow/.local/lib/python3.7/site-packages/airflow/example_dags/tutorial_taskflow_api_etl.py for tasks to queue
[2022-09-25T14:32:38.543+0000] {logging_mixin.py:115} INFO - [2022-09-25T14:32:38.543+0000] {dagbag.py:508} INFO - Filling up the DagBag from /home/airflow/.local/lib/python3.7/site-packages/airflow/example_dags/tutorial_taskflow_api_etl.py
[2022-09-25T14:32:38.579+0000] {processor.py:650} INFO - DAG(s) dict_keys(['tutorial_taskflow_api_etl']) retrieved from /home/airflow/.local/lib/python3.7/site-packages/airflow/example_dags/tutorial_taskflow_api_etl.py
[2022-09-25T14:32:38.696+0000] {logging_mixin.py:115} INFO - [2022-09-25T14:32:38.695+0000] {dag.py:2429} INFO - Sync 1 DAGs
[2022-09-25T14:32:38.733+0000] {logging_mixin.py:115} INFO - [2022-09-25T14:32:38.732+0000] {dag.py:2981} INFO - Setting next_dagrun for tutorial_taskflow_api_etl to None, run_after=None
[2022-09-25T14:32:38.759+0000] {processor.py:161} INFO - Processing /home/airflow/.local/lib/python3.7/site-packages/airflow/example_dags/tutorial_taskflow_api_etl.py took 0.226 seconds
[2022-09-25T14:33:09.483+0000] {processor.py:153} INFO - Started process (PID=4736) to work on /home/airflow/.local/lib/python3.7/site-packages/airflow/example_dags/tutorial_taskflow_api_etl.py
[2022-09-25T14:33:09.486+0000] {processor.py:640} INFO - Processing file /home/airflow/.local/lib/python3.7/site-packages/airflow/example_dags/tutorial_taskflow_api_etl.py for tasks to queue
[2022-09-25T14:33:09.488+0000] {logging_mixin.py:115} INFO - [2022-09-25T14:33:09.487+0000] {dagbag.py:508} INFO - Filling up the DagBag from /home/airflow/.local/lib/python3.7/site-packages/airflow/example_dags/tutorial_taskflow_api_etl.py
[2022-09-25T14:33:09.533+0000] {processor.py:650} INFO - DAG(s) dict_keys(['tutorial_taskflow_api_etl']) retrieved from /home/airflow/.local/lib/python3.7/site-packages/airflow/example_dags/tutorial_taskflow_api_etl.py
[2022-09-25T14:33:09.649+0000] {logging_mixin.py:115} INFO - [2022-09-25T14:33:09.649+0000] {dag.py:2429} INFO - Sync 1 DAGs
[2022-09-25T14:33:09.682+0000] {logging_mixin.py:115} INFO - [2022-09-25T14:33:09.682+0000] {dag.py:2981} INFO - Setting next_dagrun for tutorial_taskflow_api_etl to None, run_after=None
[2022-09-25T14:33:09.706+0000] {processor.py:161} INFO - Processing /home/airflow/.local/lib/python3.7/site-packages/airflow/example_dags/tutorial_taskflow_api_etl.py took 0.228 seconds
[2022-09-25T14:33:40.997+0000] {processor.py:153} INFO - Started process (PID=4942) to work on /home/airflow/.local/lib/python3.7/site-packages/airflow/example_dags/tutorial_taskflow_api_etl.py
[2022-09-25T14:33:41.000+0000] {processor.py:640} INFO - Processing file /home/airflow/.local/lib/python3.7/site-packages/airflow/example_dags/tutorial_taskflow_api_etl.py for tasks to queue
[2022-09-25T14:33:41.002+0000] {logging_mixin.py:115} INFO - [2022-09-25T14:33:41.002+0000] {dagbag.py:508} INFO - Filling up the DagBag from /home/airflow/.local/lib/python3.7/site-packages/airflow/example_dags/tutorial_taskflow_api_etl.py
[2022-09-25T14:33:41.049+0000] {processor.py:650} INFO - DAG(s) dict_keys(['tutorial_taskflow_api_etl']) retrieved from /home/airflow/.local/lib/python3.7/site-packages/airflow/example_dags/tutorial_taskflow_api_etl.py
[2022-09-25T14:33:41.194+0000] {logging_mixin.py:115} INFO - [2022-09-25T14:33:41.194+0000] {dag.py:2429} INFO - Sync 1 DAGs
[2022-09-25T14:33:41.239+0000] {logging_mixin.py:115} INFO - [2022-09-25T14:33:41.239+0000] {dag.py:2981} INFO - Setting next_dagrun for tutorial_taskflow_api_etl to None, run_after=None
[2022-09-25T14:33:41.266+0000] {processor.py:161} INFO - Processing /home/airflow/.local/lib/python3.7/site-packages/airflow/example_dags/tutorial_taskflow_api_etl.py took 0.277 seconds
[2022-09-25T14:34:11.523+0000] {processor.py:153} INFO - Started process (PID=5156) to work on /home/airflow/.local/lib/python3.7/site-packages/airflow/example_dags/tutorial_taskflow_api_etl.py
[2022-09-25T14:34:11.525+0000] {processor.py:640} INFO - Processing file /home/airflow/.local/lib/python3.7/site-packages/airflow/example_dags/tutorial_taskflow_api_etl.py for tasks to queue
[2022-09-25T14:34:11.528+0000] {logging_mixin.py:115} INFO - [2022-09-25T14:34:11.528+0000] {dagbag.py:508} INFO - Filling up the DagBag from /home/airflow/.local/lib/python3.7/site-packages/airflow/example_dags/tutorial_taskflow_api_etl.py
[2022-09-25T14:34:11.566+0000] {processor.py:650} INFO - DAG(s) dict_keys(['tutorial_taskflow_api_etl']) retrieved from /home/airflow/.local/lib/python3.7/site-packages/airflow/example_dags/tutorial_taskflow_api_etl.py
[2022-09-25T14:34:11.712+0000] {logging_mixin.py:115} INFO - [2022-09-25T14:34:11.711+0000] {dag.py:2429} INFO - Sync 1 DAGs
[2022-09-25T14:34:11.761+0000] {logging_mixin.py:115} INFO - [2022-09-25T14:34:11.761+0000] {dag.py:2981} INFO - Setting next_dagrun for tutorial_taskflow_api_etl to None, run_after=None
[2022-09-25T14:34:11.800+0000] {processor.py:161} INFO - Processing /home/airflow/.local/lib/python3.7/site-packages/airflow/example_dags/tutorial_taskflow_api_etl.py took 0.284 seconds
[2022-09-25T14:34:43.236+0000] {processor.py:153} INFO - Started process (PID=5364) to work on /home/airflow/.local/lib/python3.7/site-packages/airflow/example_dags/tutorial_taskflow_api_etl.py
[2022-09-25T14:34:43.239+0000] {processor.py:640} INFO - Processing file /home/airflow/.local/lib/python3.7/site-packages/airflow/example_dags/tutorial_taskflow_api_etl.py for tasks to queue
[2022-09-25T14:34:43.241+0000] {logging_mixin.py:115} INFO - [2022-09-25T14:34:43.241+0000] {dagbag.py:508} INFO - Filling up the DagBag from /home/airflow/.local/lib/python3.7/site-packages/airflow/example_dags/tutorial_taskflow_api_etl.py
[2022-09-25T14:34:43.284+0000] {processor.py:650} INFO - DAG(s) dict_keys(['tutorial_taskflow_api_etl']) retrieved from /home/airflow/.local/lib/python3.7/site-packages/airflow/example_dags/tutorial_taskflow_api_etl.py
[2022-09-25T14:34:43.407+0000] {logging_mixin.py:115} INFO - [2022-09-25T14:34:43.407+0000] {dag.py:2429} INFO - Sync 1 DAGs
[2022-09-25T14:34:43.448+0000] {logging_mixin.py:115} INFO - [2022-09-25T14:34:43.448+0000] {dag.py:2981} INFO - Setting next_dagrun for tutorial_taskflow_api_etl to None, run_after=None
[2022-09-25T14:34:43.480+0000] {processor.py:161} INFO - Processing /home/airflow/.local/lib/python3.7/site-packages/airflow/example_dags/tutorial_taskflow_api_etl.py took 0.253 seconds
[2022-09-25T14:35:13.894+0000] {processor.py:153} INFO - Started process (PID=5577) to work on /home/airflow/.local/lib/python3.7/site-packages/airflow/example_dags/tutorial_taskflow_api_etl.py
[2022-09-25T14:35:13.897+0000] {processor.py:640} INFO - Processing file /home/airflow/.local/lib/python3.7/site-packages/airflow/example_dags/tutorial_taskflow_api_etl.py for tasks to queue
[2022-09-25T14:35:13.901+0000] {logging_mixin.py:115} INFO - [2022-09-25T14:35:13.901+0000] {dagbag.py:508} INFO - Filling up the DagBag from /home/airflow/.local/lib/python3.7/site-packages/airflow/example_dags/tutorial_taskflow_api_etl.py
[2022-09-25T14:35:13.958+0000] {processor.py:650} INFO - DAG(s) dict_keys(['tutorial_taskflow_api_etl']) retrieved from /home/airflow/.local/lib/python3.7/site-packages/airflow/example_dags/tutorial_taskflow_api_etl.py
[2022-09-25T14:35:14.118+0000] {logging_mixin.py:115} INFO - [2022-09-25T14:35:14.117+0000] {dag.py:2429} INFO - Sync 1 DAGs
[2022-09-25T14:35:14.164+0000] {logging_mixin.py:115} INFO - [2022-09-25T14:35:14.164+0000] {dag.py:2981} INFO - Setting next_dagrun for tutorial_taskflow_api_etl to None, run_after=None
[2022-09-25T14:35:14.184+0000] {processor.py:161} INFO - Processing /home/airflow/.local/lib/python3.7/site-packages/airflow/example_dags/tutorial_taskflow_api_etl.py took 0.301 seconds
[2022-09-25T14:35:44.394+0000] {processor.py:153} INFO - Started process (PID=5784) to work on /home/airflow/.local/lib/python3.7/site-packages/airflow/example_dags/tutorial_taskflow_api_etl.py
[2022-09-25T14:35:44.396+0000] {processor.py:640} INFO - Processing file /home/airflow/.local/lib/python3.7/site-packages/airflow/example_dags/tutorial_taskflow_api_etl.py for tasks to queue
[2022-09-25T14:35:44.398+0000] {logging_mixin.py:115} INFO - [2022-09-25T14:35:44.397+0000] {dagbag.py:508} INFO - Filling up the DagBag from /home/airflow/.local/lib/python3.7/site-packages/airflow/example_dags/tutorial_taskflow_api_etl.py
[2022-09-25T14:35:44.427+0000] {processor.py:650} INFO - DAG(s) dict_keys(['tutorial_taskflow_api_etl']) retrieved from /home/airflow/.local/lib/python3.7/site-packages/airflow/example_dags/tutorial_taskflow_api_etl.py
[2022-09-25T14:35:44.551+0000] {logging_mixin.py:115} INFO - [2022-09-25T14:35:44.551+0000] {dag.py:2429} INFO - Sync 1 DAGs
[2022-09-25T14:35:44.586+0000] {logging_mixin.py:115} INFO - [2022-09-25T14:35:44.586+0000] {dag.py:2981} INFO - Setting next_dagrun for tutorial_taskflow_api_etl to None, run_after=None
[2022-09-25T14:35:44.610+0000] {processor.py:161} INFO - Processing /home/airflow/.local/lib/python3.7/site-packages/airflow/example_dags/tutorial_taskflow_api_etl.py took 0.221 seconds
[2022-09-25T14:36:14.999+0000] {processor.py:153} INFO - Started process (PID=5997) to work on /home/airflow/.local/lib/python3.7/site-packages/airflow/example_dags/tutorial_taskflow_api_etl.py
[2022-09-25T14:36:15.001+0000] {processor.py:640} INFO - Processing file /home/airflow/.local/lib/python3.7/site-packages/airflow/example_dags/tutorial_taskflow_api_etl.py for tasks to queue
[2022-09-25T14:36:15.003+0000] {logging_mixin.py:115} INFO - [2022-09-25T14:36:15.003+0000] {dagbag.py:508} INFO - Filling up the DagBag from /home/airflow/.local/lib/python3.7/site-packages/airflow/example_dags/tutorial_taskflow_api_etl.py
[2022-09-25T14:36:15.036+0000] {processor.py:650} INFO - DAG(s) dict_keys(['tutorial_taskflow_api_etl']) retrieved from /home/airflow/.local/lib/python3.7/site-packages/airflow/example_dags/tutorial_taskflow_api_etl.py
[2022-09-25T14:36:15.144+0000] {logging_mixin.py:115} INFO - [2022-09-25T14:36:15.144+0000] {dag.py:2429} INFO - Sync 1 DAGs
[2022-09-25T14:36:15.178+0000] {logging_mixin.py:115} INFO - [2022-09-25T14:36:15.177+0000] {dag.py:2981} INFO - Setting next_dagrun for tutorial_taskflow_api_etl to None, run_after=None
[2022-09-25T14:36:15.202+0000] {processor.py:161} INFO - Processing /home/airflow/.local/lib/python3.7/site-packages/airflow/example_dags/tutorial_taskflow_api_etl.py took 0.208 seconds
[2022-09-25T14:36:46.607+0000] {processor.py:153} INFO - Started process (PID=6208) to work on /home/airflow/.local/lib/python3.7/site-packages/airflow/example_dags/tutorial_taskflow_api_etl.py
[2022-09-25T14:36:46.609+0000] {processor.py:640} INFO - Processing file /home/airflow/.local/lib/python3.7/site-packages/airflow/example_dags/tutorial_taskflow_api_etl.py for tasks to queue
[2022-09-25T14:36:46.612+0000] {logging_mixin.py:115} INFO - [2022-09-25T14:36:46.611+0000] {dagbag.py:508} INFO - Filling up the DagBag from /home/airflow/.local/lib/python3.7/site-packages/airflow/example_dags/tutorial_taskflow_api_etl.py
[2022-09-25T14:36:46.644+0000] {processor.py:650} INFO - DAG(s) dict_keys(['tutorial_taskflow_api_etl']) retrieved from /home/airflow/.local/lib/python3.7/site-packages/airflow/example_dags/tutorial_taskflow_api_etl.py
[2022-09-25T14:36:46.780+0000] {logging_mixin.py:115} INFO - [2022-09-25T14:36:46.780+0000] {dag.py:2429} INFO - Sync 1 DAGs
[2022-09-25T14:36:46.816+0000] {logging_mixin.py:115} INFO - [2022-09-25T14:36:46.816+0000] {dag.py:2981} INFO - Setting next_dagrun for tutorial_taskflow_api_etl to None, run_after=None
[2022-09-25T14:36:47.045+0000] {processor.py:161} INFO - Processing /home/airflow/.local/lib/python3.7/site-packages/airflow/example_dags/tutorial_taskflow_api_etl.py took 0.445 seconds
[2022-09-25T14:37:17.554+0000] {processor.py:153} INFO - Started process (PID=6415) to work on /home/airflow/.local/lib/python3.7/site-packages/airflow/example_dags/tutorial_taskflow_api_etl.py
[2022-09-25T14:37:17.557+0000] {processor.py:640} INFO - Processing file /home/airflow/.local/lib/python3.7/site-packages/airflow/example_dags/tutorial_taskflow_api_etl.py for tasks to queue
[2022-09-25T14:37:17.559+0000] {logging_mixin.py:115} INFO - [2022-09-25T14:37:17.559+0000] {dagbag.py:508} INFO - Filling up the DagBag from /home/airflow/.local/lib/python3.7/site-packages/airflow/example_dags/tutorial_taskflow_api_etl.py
[2022-09-25T14:37:17.599+0000] {processor.py:650} INFO - DAG(s) dict_keys(['tutorial_taskflow_api_etl']) retrieved from /home/airflow/.local/lib/python3.7/site-packages/airflow/example_dags/tutorial_taskflow_api_etl.py
[2022-09-25T14:37:17.743+0000] {logging_mixin.py:115} INFO - [2022-09-25T14:37:17.743+0000] {dag.py:2429} INFO - Sync 1 DAGs
[2022-09-25T14:37:17.818+0000] {logging_mixin.py:115} INFO - [2022-09-25T14:37:17.818+0000] {dag.py:2981} INFO - Setting next_dagrun for tutorial_taskflow_api_etl to None, run_after=None
[2022-09-25T14:37:18.109+0000] {processor.py:161} INFO - Processing /home/airflow/.local/lib/python3.7/site-packages/airflow/example_dags/tutorial_taskflow_api_etl.py took 0.563 seconds
[2022-09-25T14:37:48.519+0000] {processor.py:153} INFO - Started process (PID=6639) to work on /home/airflow/.local/lib/python3.7/site-packages/airflow/example_dags/tutorial_taskflow_api_etl.py
[2022-09-25T14:37:48.522+0000] {processor.py:640} INFO - Processing file /home/airflow/.local/lib/python3.7/site-packages/airflow/example_dags/tutorial_taskflow_api_etl.py for tasks to queue
[2022-09-25T14:37:48.525+0000] {logging_mixin.py:115} INFO - [2022-09-25T14:37:48.524+0000] {dagbag.py:508} INFO - Filling up the DagBag from /home/airflow/.local/lib/python3.7/site-packages/airflow/example_dags/tutorial_taskflow_api_etl.py
[2022-09-25T14:37:48.560+0000] {processor.py:650} INFO - DAG(s) dict_keys(['tutorial_taskflow_api_etl']) retrieved from /home/airflow/.local/lib/python3.7/site-packages/airflow/example_dags/tutorial_taskflow_api_etl.py
[2022-09-25T14:37:48.690+0000] {logging_mixin.py:115} INFO - [2022-09-25T14:37:48.690+0000] {dag.py:2429} INFO - Sync 1 DAGs
[2022-09-25T14:37:48.726+0000] {logging_mixin.py:115} INFO - [2022-09-25T14:37:48.726+0000] {dag.py:2981} INFO - Setting next_dagrun for tutorial_taskflow_api_etl to None, run_after=None
[2022-09-25T14:37:48.928+0000] {processor.py:161} INFO - Processing /home/airflow/.local/lib/python3.7/site-packages/airflow/example_dags/tutorial_taskflow_api_etl.py took 0.416 seconds
[2022-09-25T14:38:19.422+0000] {processor.py:153} INFO - Started process (PID=6833) to work on /home/airflow/.local/lib/python3.7/site-packages/airflow/example_dags/tutorial_taskflow_api_etl.py
[2022-09-25T14:38:19.426+0000] {processor.py:640} INFO - Processing file /home/airflow/.local/lib/python3.7/site-packages/airflow/example_dags/tutorial_taskflow_api_etl.py for tasks to queue
[2022-09-25T14:38:19.430+0000] {logging_mixin.py:115} INFO - [2022-09-25T14:38:19.429+0000] {dagbag.py:508} INFO - Filling up the DagBag from /home/airflow/.local/lib/python3.7/site-packages/airflow/example_dags/tutorial_taskflow_api_etl.py
[2022-09-25T14:38:19.470+0000] {processor.py:650} INFO - DAG(s) dict_keys(['tutorial_taskflow_api_etl']) retrieved from /home/airflow/.local/lib/python3.7/site-packages/airflow/example_dags/tutorial_taskflow_api_etl.py
[2022-09-25T14:38:19.534+0000] {logging_mixin.py:115} INFO - [2022-09-25T14:38:19.533+0000] {dag.py:2429} INFO - Sync 1 DAGs
[2022-09-25T14:38:19.600+0000] {logging_mixin.py:115} INFO - [2022-09-25T14:38:19.600+0000] {dag.py:2981} INFO - Setting next_dagrun for tutorial_taskflow_api_etl to None, run_after=None
[2022-09-25T14:38:19.627+0000] {processor.py:161} INFO - Processing /home/airflow/.local/lib/python3.7/site-packages/airflow/example_dags/tutorial_taskflow_api_etl.py took 0.218 seconds
[2022-09-25T14:38:52.025+0000] {processor.py:153} INFO - Started process (PID=7047) to work on /home/airflow/.local/lib/python3.7/site-packages/airflow/example_dags/tutorial_taskflow_api_etl.py
[2022-09-25T14:38:52.031+0000] {processor.py:640} INFO - Processing file /home/airflow/.local/lib/python3.7/site-packages/airflow/example_dags/tutorial_taskflow_api_etl.py for tasks to queue
[2022-09-25T14:38:52.035+0000] {logging_mixin.py:115} INFO - [2022-09-25T14:38:52.035+0000] {dagbag.py:508} INFO - Filling up the DagBag from /home/airflow/.local/lib/python3.7/site-packages/airflow/example_dags/tutorial_taskflow_api_etl.py
[2022-09-25T14:38:52.074+0000] {processor.py:650} INFO - DAG(s) dict_keys(['tutorial_taskflow_api_etl']) retrieved from /home/airflow/.local/lib/python3.7/site-packages/airflow/example_dags/tutorial_taskflow_api_etl.py
[2022-09-25T14:38:52.202+0000] {logging_mixin.py:115} INFO - [2022-09-25T14:38:52.201+0000] {dag.py:2429} INFO - Sync 1 DAGs
[2022-09-25T14:38:52.242+0000] {logging_mixin.py:115} INFO - [2022-09-25T14:38:52.242+0000] {dag.py:2981} INFO - Setting next_dagrun for tutorial_taskflow_api_etl to None, run_after=None
[2022-09-25T14:38:52.440+0000] {processor.py:161} INFO - Processing /home/airflow/.local/lib/python3.7/site-packages/airflow/example_dags/tutorial_taskflow_api_etl.py took 0.425 seconds
[2022-09-25T14:39:23.390+0000] {processor.py:153} INFO - Started process (PID=7255) to work on /home/airflow/.local/lib/python3.7/site-packages/airflow/example_dags/tutorial_taskflow_api_etl.py
[2022-09-25T14:39:23.392+0000] {processor.py:640} INFO - Processing file /home/airflow/.local/lib/python3.7/site-packages/airflow/example_dags/tutorial_taskflow_api_etl.py for tasks to queue
[2022-09-25T14:39:23.394+0000] {logging_mixin.py:115} INFO - [2022-09-25T14:39:23.394+0000] {dagbag.py:508} INFO - Filling up the DagBag from /home/airflow/.local/lib/python3.7/site-packages/airflow/example_dags/tutorial_taskflow_api_etl.py
[2022-09-25T14:39:23.424+0000] {processor.py:650} INFO - DAG(s) dict_keys(['tutorial_taskflow_api_etl']) retrieved from /home/airflow/.local/lib/python3.7/site-packages/airflow/example_dags/tutorial_taskflow_api_etl.py
[2022-09-25T14:39:23.531+0000] {logging_mixin.py:115} INFO - [2022-09-25T14:39:23.530+0000] {dag.py:2429} INFO - Sync 1 DAGs
[2022-09-25T14:39:23.572+0000] {logging_mixin.py:115} INFO - [2022-09-25T14:39:23.572+0000] {dag.py:2981} INFO - Setting next_dagrun for tutorial_taskflow_api_etl to None, run_after=None
[2022-09-25T14:39:23.604+0000] {processor.py:161} INFO - Processing /home/airflow/.local/lib/python3.7/site-packages/airflow/example_dags/tutorial_taskflow_api_etl.py took 0.220 seconds
[2022-09-25T14:39:54.257+0000] {processor.py:153} INFO - Started process (PID=7472) to work on /home/airflow/.local/lib/python3.7/site-packages/airflow/example_dags/tutorial_taskflow_api_etl.py
[2022-09-25T14:39:54.259+0000] {processor.py:640} INFO - Processing file /home/airflow/.local/lib/python3.7/site-packages/airflow/example_dags/tutorial_taskflow_api_etl.py for tasks to queue
[2022-09-25T14:39:54.263+0000] {logging_mixin.py:115} INFO - [2022-09-25T14:39:54.262+0000] {dagbag.py:508} INFO - Filling up the DagBag from /home/airflow/.local/lib/python3.7/site-packages/airflow/example_dags/tutorial_taskflow_api_etl.py
[2022-09-25T14:39:54.301+0000] {processor.py:650} INFO - DAG(s) dict_keys(['tutorial_taskflow_api_etl']) retrieved from /home/airflow/.local/lib/python3.7/site-packages/airflow/example_dags/tutorial_taskflow_api_etl.py
[2022-09-25T14:39:54.452+0000] {logging_mixin.py:115} INFO - [2022-09-25T14:39:54.452+0000] {dag.py:2429} INFO - Sync 1 DAGs
[2022-09-25T14:39:54.497+0000] {logging_mixin.py:115} INFO - [2022-09-25T14:39:54.497+0000] {dag.py:2981} INFO - Setting next_dagrun for tutorial_taskflow_api_etl to None, run_after=None
[2022-09-25T14:39:54.795+0000] {processor.py:161} INFO - Processing /home/airflow/.local/lib/python3.7/site-packages/airflow/example_dags/tutorial_taskflow_api_etl.py took 0.545 seconds
[2022-09-25T14:40:25.030+0000] {processor.py:153} INFO - Started process (PID=7677) to work on /home/airflow/.local/lib/python3.7/site-packages/airflow/example_dags/tutorial_taskflow_api_etl.py
[2022-09-25T14:40:25.032+0000] {processor.py:640} INFO - Processing file /home/airflow/.local/lib/python3.7/site-packages/airflow/example_dags/tutorial_taskflow_api_etl.py for tasks to queue
[2022-09-25T14:40:25.034+0000] {logging_mixin.py:115} INFO - [2022-09-25T14:40:25.034+0000] {dagbag.py:508} INFO - Filling up the DagBag from /home/airflow/.local/lib/python3.7/site-packages/airflow/example_dags/tutorial_taskflow_api_etl.py
[2022-09-25T14:40:25.062+0000] {processor.py:650} INFO - DAG(s) dict_keys(['tutorial_taskflow_api_etl']) retrieved from /home/airflow/.local/lib/python3.7/site-packages/airflow/example_dags/tutorial_taskflow_api_etl.py
[2022-09-25T14:40:25.108+0000] {logging_mixin.py:115} INFO - [2022-09-25T14:40:25.107+0000] {dag.py:2429} INFO - Sync 1 DAGs
[2022-09-25T14:40:25.154+0000] {logging_mixin.py:115} INFO - [2022-09-25T14:40:25.154+0000] {dag.py:2981} INFO - Setting next_dagrun for tutorial_taskflow_api_etl to None, run_after=None
[2022-09-25T14:40:25.175+0000] {processor.py:161} INFO - Processing /home/airflow/.local/lib/python3.7/site-packages/airflow/example_dags/tutorial_taskflow_api_etl.py took 0.152 seconds
[2022-09-25T14:40:56.046+0000] {processor.py:153} INFO - Started process (PID=7886) to work on /home/airflow/.local/lib/python3.7/site-packages/airflow/example_dags/tutorial_taskflow_api_etl.py
[2022-09-25T14:40:56.048+0000] {processor.py:640} INFO - Processing file /home/airflow/.local/lib/python3.7/site-packages/airflow/example_dags/tutorial_taskflow_api_etl.py for tasks to queue
[2022-09-25T14:40:56.050+0000] {logging_mixin.py:115} INFO - [2022-09-25T14:40:56.050+0000] {dagbag.py:508} INFO - Filling up the DagBag from /home/airflow/.local/lib/python3.7/site-packages/airflow/example_dags/tutorial_taskflow_api_etl.py
[2022-09-25T14:40:56.082+0000] {processor.py:650} INFO - DAG(s) dict_keys(['tutorial_taskflow_api_etl']) retrieved from /home/airflow/.local/lib/python3.7/site-packages/airflow/example_dags/tutorial_taskflow_api_etl.py
[2022-09-25T14:40:56.192+0000] {logging_mixin.py:115} INFO - [2022-09-25T14:40:56.191+0000] {dag.py:2429} INFO - Sync 1 DAGs
[2022-09-25T14:40:56.229+0000] {logging_mixin.py:115} INFO - [2022-09-25T14:40:56.228+0000] {dag.py:2981} INFO - Setting next_dagrun for tutorial_taskflow_api_etl to None, run_after=None
[2022-09-25T14:40:56.429+0000] {processor.py:161} INFO - Processing /home/airflow/.local/lib/python3.7/site-packages/airflow/example_dags/tutorial_taskflow_api_etl.py took 0.391 seconds
[2022-09-25T14:41:26.796+0000] {processor.py:153} INFO - Started process (PID=8096) to work on /home/airflow/.local/lib/python3.7/site-packages/airflow/example_dags/tutorial_taskflow_api_etl.py
[2022-09-25T14:41:26.799+0000] {processor.py:640} INFO - Processing file /home/airflow/.local/lib/python3.7/site-packages/airflow/example_dags/tutorial_taskflow_api_etl.py for tasks to queue
[2022-09-25T14:41:26.801+0000] {logging_mixin.py:115} INFO - [2022-09-25T14:41:26.801+0000] {dagbag.py:508} INFO - Filling up the DagBag from /home/airflow/.local/lib/python3.7/site-packages/airflow/example_dags/tutorial_taskflow_api_etl.py
[2022-09-25T14:41:26.827+0000] {processor.py:650} INFO - DAG(s) dict_keys(['tutorial_taskflow_api_etl']) retrieved from /home/airflow/.local/lib/python3.7/site-packages/airflow/example_dags/tutorial_taskflow_api_etl.py
[2022-09-25T14:41:26.952+0000] {logging_mixin.py:115} INFO - [2022-09-25T14:41:26.952+0000] {dag.py:2429} INFO - Sync 1 DAGs
[2022-09-25T14:41:26.989+0000] {logging_mixin.py:115} INFO - [2022-09-25T14:41:26.989+0000] {dag.py:2981} INFO - Setting next_dagrun for tutorial_taskflow_api_etl to None, run_after=None
[2022-09-25T14:41:27.179+0000] {processor.py:161} INFO - Processing /home/airflow/.local/lib/python3.7/site-packages/airflow/example_dags/tutorial_taskflow_api_etl.py took 0.392 seconds
[2022-09-25T14:41:57.765+0000] {processor.py:153} INFO - Started process (PID=8310) to work on /home/airflow/.local/lib/python3.7/site-packages/airflow/example_dags/tutorial_taskflow_api_etl.py
[2022-09-25T14:41:57.768+0000] {processor.py:640} INFO - Processing file /home/airflow/.local/lib/python3.7/site-packages/airflow/example_dags/tutorial_taskflow_api_etl.py for tasks to queue
[2022-09-25T14:41:57.771+0000] {logging_mixin.py:115} INFO - [2022-09-25T14:41:57.771+0000] {dagbag.py:508} INFO - Filling up the DagBag from /home/airflow/.local/lib/python3.7/site-packages/airflow/example_dags/tutorial_taskflow_api_etl.py
[2022-09-25T14:41:57.806+0000] {processor.py:650} INFO - DAG(s) dict_keys(['tutorial_taskflow_api_etl']) retrieved from /home/airflow/.local/lib/python3.7/site-packages/airflow/example_dags/tutorial_taskflow_api_etl.py
[2022-09-25T14:41:57.987+0000] {logging_mixin.py:115} INFO - [2022-09-25T14:41:57.987+0000] {dag.py:2429} INFO - Sync 1 DAGs
[2022-09-25T14:41:58.023+0000] {logging_mixin.py:115} INFO - [2022-09-25T14:41:58.023+0000] {dag.py:2981} INFO - Setting next_dagrun for tutorial_taskflow_api_etl to None, run_after=None
[2022-09-25T14:41:58.272+0000] {processor.py:161} INFO - Processing /home/airflow/.local/lib/python3.7/site-packages/airflow/example_dags/tutorial_taskflow_api_etl.py took 0.514 seconds
[2022-09-25T14:42:28.944+0000] {processor.py:153} INFO - Started process (PID=8520) to work on /home/airflow/.local/lib/python3.7/site-packages/airflow/example_dags/tutorial_taskflow_api_etl.py
[2022-09-25T14:42:28.947+0000] {processor.py:640} INFO - Processing file /home/airflow/.local/lib/python3.7/site-packages/airflow/example_dags/tutorial_taskflow_api_etl.py for tasks to queue
[2022-09-25T14:42:28.949+0000] {logging_mixin.py:115} INFO - [2022-09-25T14:42:28.949+0000] {dagbag.py:508} INFO - Filling up the DagBag from /home/airflow/.local/lib/python3.7/site-packages/airflow/example_dags/tutorial_taskflow_api_etl.py
[2022-09-25T14:42:28.983+0000] {processor.py:650} INFO - DAG(s) dict_keys(['tutorial_taskflow_api_etl']) retrieved from /home/airflow/.local/lib/python3.7/site-packages/airflow/example_dags/tutorial_taskflow_api_etl.py
[2022-09-25T14:42:29.119+0000] {logging_mixin.py:115} INFO - [2022-09-25T14:42:29.119+0000] {dag.py:2429} INFO - Sync 1 DAGs
[2022-09-25T14:42:29.164+0000] {logging_mixin.py:115} INFO - [2022-09-25T14:42:29.164+0000] {dag.py:2981} INFO - Setting next_dagrun for tutorial_taskflow_api_etl to None, run_after=None
[2022-09-25T14:42:29.388+0000] {processor.py:161} INFO - Processing /home/airflow/.local/lib/python3.7/site-packages/airflow/example_dags/tutorial_taskflow_api_etl.py took 0.449 seconds
[2022-09-25T14:42:59.930+0000] {processor.py:153} INFO - Started process (PID=8741) to work on /home/airflow/.local/lib/python3.7/site-packages/airflow/example_dags/tutorial_taskflow_api_etl.py
[2022-09-25T14:42:59.932+0000] {processor.py:640} INFO - Processing file /home/airflow/.local/lib/python3.7/site-packages/airflow/example_dags/tutorial_taskflow_api_etl.py for tasks to queue
[2022-09-25T14:42:59.934+0000] {logging_mixin.py:115} INFO - [2022-09-25T14:42:59.934+0000] {dagbag.py:508} INFO - Filling up the DagBag from /home/airflow/.local/lib/python3.7/site-packages/airflow/example_dags/tutorial_taskflow_api_etl.py
[2022-09-25T14:42:59.958+0000] {processor.py:650} INFO - DAG(s) dict_keys(['tutorial_taskflow_api_etl']) retrieved from /home/airflow/.local/lib/python3.7/site-packages/airflow/example_dags/tutorial_taskflow_api_etl.py
[2022-09-25T14:43:00.075+0000] {logging_mixin.py:115} INFO - [2022-09-25T14:43:00.075+0000] {dag.py:2429} INFO - Sync 1 DAGs
[2022-09-25T14:43:00.142+0000] {logging_mixin.py:115} INFO - [2022-09-25T14:43:00.142+0000] {dag.py:2981} INFO - Setting next_dagrun for tutorial_taskflow_api_etl to None, run_after=None
[2022-09-25T14:43:00.371+0000] {processor.py:161} INFO - Processing /home/airflow/.local/lib/python3.7/site-packages/airflow/example_dags/tutorial_taskflow_api_etl.py took 0.446 seconds
[2022-09-25T14:43:30.496+0000] {processor.py:153} INFO - Started process (PID=8946) to work on /home/airflow/.local/lib/python3.7/site-packages/airflow/example_dags/tutorial_taskflow_api_etl.py
[2022-09-25T14:43:30.499+0000] {processor.py:640} INFO - Processing file /home/airflow/.local/lib/python3.7/site-packages/airflow/example_dags/tutorial_taskflow_api_etl.py for tasks to queue
[2022-09-25T14:43:30.501+0000] {logging_mixin.py:115} INFO - [2022-09-25T14:43:30.501+0000] {dagbag.py:508} INFO - Filling up the DagBag from /home/airflow/.local/lib/python3.7/site-packages/airflow/example_dags/tutorial_taskflow_api_etl.py
[2022-09-25T14:43:30.532+0000] {processor.py:650} INFO - DAG(s) dict_keys(['tutorial_taskflow_api_etl']) retrieved from /home/airflow/.local/lib/python3.7/site-packages/airflow/example_dags/tutorial_taskflow_api_etl.py
[2022-09-25T14:43:30.578+0000] {logging_mixin.py:115} INFO - [2022-09-25T14:43:30.578+0000] {dag.py:2429} INFO - Sync 1 DAGs
[2022-09-25T14:43:30.616+0000] {logging_mixin.py:115} INFO - [2022-09-25T14:43:30.616+0000] {dag.py:2981} INFO - Setting next_dagrun for tutorial_taskflow_api_etl to None, run_after=None
[2022-09-25T14:43:30.637+0000] {processor.py:161} INFO - Processing /home/airflow/.local/lib/python3.7/site-packages/airflow/example_dags/tutorial_taskflow_api_etl.py took 0.147 seconds
[2022-09-25T14:44:01.344+0000] {processor.py:153} INFO - Started process (PID=9155) to work on /home/airflow/.local/lib/python3.7/site-packages/airflow/example_dags/tutorial_taskflow_api_etl.py
[2022-09-25T14:44:01.348+0000] {processor.py:640} INFO - Processing file /home/airflow/.local/lib/python3.7/site-packages/airflow/example_dags/tutorial_taskflow_api_etl.py for tasks to queue
[2022-09-25T14:44:01.352+0000] {logging_mixin.py:115} INFO - [2022-09-25T14:44:01.351+0000] {dagbag.py:508} INFO - Filling up the DagBag from /home/airflow/.local/lib/python3.7/site-packages/airflow/example_dags/tutorial_taskflow_api_etl.py
[2022-09-25T14:44:01.389+0000] {processor.py:650} INFO - DAG(s) dict_keys(['tutorial_taskflow_api_etl']) retrieved from /home/airflow/.local/lib/python3.7/site-packages/airflow/example_dags/tutorial_taskflow_api_etl.py
[2022-09-25T14:44:01.442+0000] {logging_mixin.py:115} INFO - [2022-09-25T14:44:01.441+0000] {dag.py:2429} INFO - Sync 1 DAGs
[2022-09-25T14:44:01.503+0000] {logging_mixin.py:115} INFO - [2022-09-25T14:44:01.503+0000] {dag.py:2981} INFO - Setting next_dagrun for tutorial_taskflow_api_etl to None, run_after=None
[2022-09-25T14:44:01.524+0000] {processor.py:161} INFO - Processing /home/airflow/.local/lib/python3.7/site-packages/airflow/example_dags/tutorial_taskflow_api_etl.py took 0.189 seconds
[2022-09-25T14:44:32.083+0000] {processor.py:153} INFO - Started process (PID=9345) to work on /home/airflow/.local/lib/python3.7/site-packages/airflow/example_dags/tutorial_taskflow_api_etl.py
[2022-09-25T14:44:32.087+0000] {processor.py:640} INFO - Processing file /home/airflow/.local/lib/python3.7/site-packages/airflow/example_dags/tutorial_taskflow_api_etl.py for tasks to queue
[2022-09-25T14:44:32.092+0000] {logging_mixin.py:115} INFO - [2022-09-25T14:44:32.092+0000] {dagbag.py:508} INFO - Filling up the DagBag from /home/airflow/.local/lib/python3.7/site-packages/airflow/example_dags/tutorial_taskflow_api_etl.py
[2022-09-25T14:44:32.145+0000] {processor.py:650} INFO - DAG(s) dict_keys(['tutorial_taskflow_api_etl']) retrieved from /home/airflow/.local/lib/python3.7/site-packages/airflow/example_dags/tutorial_taskflow_api_etl.py
[2022-09-25T14:44:32.234+0000] {logging_mixin.py:115} INFO - [2022-09-25T14:44:32.234+0000] {dag.py:2429} INFO - Sync 1 DAGs
[2022-09-25T14:44:32.300+0000] {logging_mixin.py:115} INFO - [2022-09-25T14:44:32.300+0000] {dag.py:2981} INFO - Setting next_dagrun for tutorial_taskflow_api_etl to None, run_after=None
[2022-09-25T14:44:32.326+0000] {processor.py:161} INFO - Processing /home/airflow/.local/lib/python3.7/site-packages/airflow/example_dags/tutorial_taskflow_api_etl.py took 0.264 seconds
[2022-09-25T14:45:02.420+0000] {processor.py:153} INFO - Started process (PID=9556) to work on /home/airflow/.local/lib/python3.7/site-packages/airflow/example_dags/tutorial_taskflow_api_etl.py
[2022-09-25T14:45:02.423+0000] {processor.py:640} INFO - Processing file /home/airflow/.local/lib/python3.7/site-packages/airflow/example_dags/tutorial_taskflow_api_etl.py for tasks to queue
[2022-09-25T14:45:02.426+0000] {logging_mixin.py:115} INFO - [2022-09-25T14:45:02.426+0000] {dagbag.py:508} INFO - Filling up the DagBag from /home/airflow/.local/lib/python3.7/site-packages/airflow/example_dags/tutorial_taskflow_api_etl.py
[2022-09-25T14:45:02.472+0000] {processor.py:650} INFO - DAG(s) dict_keys(['tutorial_taskflow_api_etl']) retrieved from /home/airflow/.local/lib/python3.7/site-packages/airflow/example_dags/tutorial_taskflow_api_etl.py
[2022-09-25T14:45:02.601+0000] {logging_mixin.py:115} INFO - [2022-09-25T14:45:02.601+0000] {dag.py:2429} INFO - Sync 1 DAGs
[2022-09-25T14:45:02.636+0000] {logging_mixin.py:115} INFO - [2022-09-25T14:45:02.635+0000] {dag.py:2981} INFO - Setting next_dagrun for tutorial_taskflow_api_etl to None, run_after=None
[2022-09-25T14:45:02.909+0000] {processor.py:161} INFO - Processing /home/airflow/.local/lib/python3.7/site-packages/airflow/example_dags/tutorial_taskflow_api_etl.py took 0.495 seconds
[2022-09-25T14:45:33.441+0000] {processor.py:153} INFO - Started process (PID=9761) to work on /home/airflow/.local/lib/python3.7/site-packages/airflow/example_dags/tutorial_taskflow_api_etl.py
[2022-09-25T14:45:33.449+0000] {processor.py:640} INFO - Processing file /home/airflow/.local/lib/python3.7/site-packages/airflow/example_dags/tutorial_taskflow_api_etl.py for tasks to queue
[2022-09-25T14:45:33.451+0000] {logging_mixin.py:115} INFO - [2022-09-25T14:45:33.451+0000] {dagbag.py:508} INFO - Filling up the DagBag from /home/airflow/.local/lib/python3.7/site-packages/airflow/example_dags/tutorial_taskflow_api_etl.py
[2022-09-25T14:45:33.480+0000] {processor.py:650} INFO - DAG(s) dict_keys(['tutorial_taskflow_api_etl']) retrieved from /home/airflow/.local/lib/python3.7/site-packages/airflow/example_dags/tutorial_taskflow_api_etl.py
[2022-09-25T14:45:33.587+0000] {logging_mixin.py:115} INFO - [2022-09-25T14:45:33.587+0000] {dag.py:2429} INFO - Sync 1 DAGs
[2022-09-25T14:45:33.625+0000] {logging_mixin.py:115} INFO - [2022-09-25T14:45:33.625+0000] {dag.py:2981} INFO - Setting next_dagrun for tutorial_taskflow_api_etl to None, run_after=None
[2022-09-25T14:45:33.816+0000] {processor.py:161} INFO - Processing /home/airflow/.local/lib/python3.7/site-packages/airflow/example_dags/tutorial_taskflow_api_etl.py took 0.381 seconds
[2022-09-25T14:46:03.963+0000] {processor.py:153} INFO - Started process (PID=9975) to work on /home/airflow/.local/lib/python3.7/site-packages/airflow/example_dags/tutorial_taskflow_api_etl.py
[2022-09-25T14:46:03.972+0000] {processor.py:640} INFO - Processing file /home/airflow/.local/lib/python3.7/site-packages/airflow/example_dags/tutorial_taskflow_api_etl.py for tasks to queue
[2022-09-25T14:46:03.974+0000] {logging_mixin.py:115} INFO - [2022-09-25T14:46:03.974+0000] {dagbag.py:508} INFO - Filling up the DagBag from /home/airflow/.local/lib/python3.7/site-packages/airflow/example_dags/tutorial_taskflow_api_etl.py
[2022-09-25T14:46:04.006+0000] {processor.py:650} INFO - DAG(s) dict_keys(['tutorial_taskflow_api_etl']) retrieved from /home/airflow/.local/lib/python3.7/site-packages/airflow/example_dags/tutorial_taskflow_api_etl.py
[2022-09-25T14:46:04.122+0000] {logging_mixin.py:115} INFO - [2022-09-25T14:46:04.122+0000] {dag.py:2429} INFO - Sync 1 DAGs
[2022-09-25T14:46:04.164+0000] {logging_mixin.py:115} INFO - [2022-09-25T14:46:04.164+0000] {dag.py:2981} INFO - Setting next_dagrun for tutorial_taskflow_api_etl to None, run_after=None
[2022-09-25T14:46:04.368+0000] {processor.py:161} INFO - Processing /home/airflow/.local/lib/python3.7/site-packages/airflow/example_dags/tutorial_taskflow_api_etl.py took 0.411 seconds
[2022-09-25T14:46:34.449+0000] {processor.py:153} INFO - Started process (PID=10180) to work on /home/airflow/.local/lib/python3.7/site-packages/airflow/example_dags/tutorial_taskflow_api_etl.py
[2022-09-25T14:46:34.454+0000] {processor.py:640} INFO - Processing file /home/airflow/.local/lib/python3.7/site-packages/airflow/example_dags/tutorial_taskflow_api_etl.py for tasks to queue
[2022-09-25T14:46:34.456+0000] {logging_mixin.py:115} INFO - [2022-09-25T14:46:34.456+0000] {dagbag.py:508} INFO - Filling up the DagBag from /home/airflow/.local/lib/python3.7/site-packages/airflow/example_dags/tutorial_taskflow_api_etl.py
[2022-09-25T14:46:34.489+0000] {processor.py:650} INFO - DAG(s) dict_keys(['tutorial_taskflow_api_etl']) retrieved from /home/airflow/.local/lib/python3.7/site-packages/airflow/example_dags/tutorial_taskflow_api_etl.py
[2022-09-25T14:46:34.620+0000] {logging_mixin.py:115} INFO - [2022-09-25T14:46:34.620+0000] {dag.py:2429} INFO - Sync 1 DAGs
[2022-09-25T14:46:34.819+0000] {logging_mixin.py:115} INFO - [2022-09-25T14:46:34.819+0000] {dag.py:2981} INFO - Setting next_dagrun for tutorial_taskflow_api_etl to None, run_after=None
[2022-09-25T14:46:34.840+0000] {processor.py:161} INFO - Processing /home/airflow/.local/lib/python3.7/site-packages/airflow/example_dags/tutorial_taskflow_api_etl.py took 0.397 seconds
[2022-09-25T14:47:05.248+0000] {processor.py:153} INFO - Started process (PID=10394) to work on /home/airflow/.local/lib/python3.7/site-packages/airflow/example_dags/tutorial_taskflow_api_etl.py
[2022-09-25T14:47:05.253+0000] {processor.py:640} INFO - Processing file /home/airflow/.local/lib/python3.7/site-packages/airflow/example_dags/tutorial_taskflow_api_etl.py for tasks to queue
[2022-09-25T14:47:05.255+0000] {logging_mixin.py:115} INFO - [2022-09-25T14:47:05.255+0000] {dagbag.py:508} INFO - Filling up the DagBag from /home/airflow/.local/lib/python3.7/site-packages/airflow/example_dags/tutorial_taskflow_api_etl.py
[2022-09-25T14:47:05.283+0000] {processor.py:650} INFO - DAG(s) dict_keys(['tutorial_taskflow_api_etl']) retrieved from /home/airflow/.local/lib/python3.7/site-packages/airflow/example_dags/tutorial_taskflow_api_etl.py
[2022-09-25T14:47:05.388+0000] {logging_mixin.py:115} INFO - [2022-09-25T14:47:05.387+0000] {dag.py:2429} INFO - Sync 1 DAGs
[2022-09-25T14:47:05.599+0000] {logging_mixin.py:115} INFO - [2022-09-25T14:47:05.599+0000] {dag.py:2981} INFO - Setting next_dagrun for tutorial_taskflow_api_etl to None, run_after=None
[2022-09-25T14:47:05.619+0000] {processor.py:161} INFO - Processing /home/airflow/.local/lib/python3.7/site-packages/airflow/example_dags/tutorial_taskflow_api_etl.py took 0.376 seconds
[2022-09-25T14:47:35.998+0000] {processor.py:153} INFO - Started process (PID=10599) to work on /home/airflow/.local/lib/python3.7/site-packages/airflow/example_dags/tutorial_taskflow_api_etl.py
[2022-09-25T14:47:36.002+0000] {processor.py:640} INFO - Processing file /home/airflow/.local/lib/python3.7/site-packages/airflow/example_dags/tutorial_taskflow_api_etl.py for tasks to queue
[2022-09-25T14:47:36.005+0000] {logging_mixin.py:115} INFO - [2022-09-25T14:47:36.005+0000] {dagbag.py:508} INFO - Filling up the DagBag from /home/airflow/.local/lib/python3.7/site-packages/airflow/example_dags/tutorial_taskflow_api_etl.py
[2022-09-25T14:47:36.038+0000] {processor.py:650} INFO - DAG(s) dict_keys(['tutorial_taskflow_api_etl']) retrieved from /home/airflow/.local/lib/python3.7/site-packages/airflow/example_dags/tutorial_taskflow_api_etl.py
[2022-09-25T14:47:36.237+0000] {logging_mixin.py:115} INFO - [2022-09-25T14:47:36.233+0000] {dag.py:2429} INFO - Sync 1 DAGs
[2022-09-25T14:47:36.632+0000] {logging_mixin.py:115} INFO - [2022-09-25T14:47:36.631+0000] {dag.py:2981} INFO - Setting next_dagrun for tutorial_taskflow_api_etl to None, run_after=None
[2022-09-25T14:47:36.672+0000] {processor.py:161} INFO - Processing /home/airflow/.local/lib/python3.7/site-packages/airflow/example_dags/tutorial_taskflow_api_etl.py took 0.682 seconds
[2022-09-25T14:48:06.758+0000] {processor.py:153} INFO - Started process (PID=10814) to work on /home/airflow/.local/lib/python3.7/site-packages/airflow/example_dags/tutorial_taskflow_api_etl.py
[2022-09-25T14:48:06.762+0000] {processor.py:640} INFO - Processing file /home/airflow/.local/lib/python3.7/site-packages/airflow/example_dags/tutorial_taskflow_api_etl.py for tasks to queue
[2022-09-25T14:48:06.765+0000] {logging_mixin.py:115} INFO - [2022-09-25T14:48:06.764+0000] {dagbag.py:508} INFO - Filling up the DagBag from /home/airflow/.local/lib/python3.7/site-packages/airflow/example_dags/tutorial_taskflow_api_etl.py
[2022-09-25T14:48:06.792+0000] {processor.py:650} INFO - DAG(s) dict_keys(['tutorial_taskflow_api_etl']) retrieved from /home/airflow/.local/lib/python3.7/site-packages/airflow/example_dags/tutorial_taskflow_api_etl.py
[2022-09-25T14:48:06.902+0000] {logging_mixin.py:115} INFO - [2022-09-25T14:48:06.902+0000] {dag.py:2429} INFO - Sync 1 DAGs
[2022-09-25T14:48:07.112+0000] {logging_mixin.py:115} INFO - [2022-09-25T14:48:07.112+0000] {dag.py:2981} INFO - Setting next_dagrun for tutorial_taskflow_api_etl to None, run_after=None
[2022-09-25T14:48:07.133+0000] {processor.py:161} INFO - Processing /home/airflow/.local/lib/python3.7/site-packages/airflow/example_dags/tutorial_taskflow_api_etl.py took 0.380 seconds
[2022-09-25T14:48:37.488+0000] {processor.py:153} INFO - Started process (PID=11019) to work on /home/airflow/.local/lib/python3.7/site-packages/airflow/example_dags/tutorial_taskflow_api_etl.py
[2022-09-25T14:48:37.494+0000] {processor.py:640} INFO - Processing file /home/airflow/.local/lib/python3.7/site-packages/airflow/example_dags/tutorial_taskflow_api_etl.py for tasks to queue
[2022-09-25T14:48:37.502+0000] {logging_mixin.py:115} INFO - [2022-09-25T14:48:37.500+0000] {dagbag.py:508} INFO - Filling up the DagBag from /home/airflow/.local/lib/python3.7/site-packages/airflow/example_dags/tutorial_taskflow_api_etl.py
[2022-09-25T14:48:37.612+0000] {processor.py:650} INFO - DAG(s) dict_keys(['tutorial_taskflow_api_etl']) retrieved from /home/airflow/.local/lib/python3.7/site-packages/airflow/example_dags/tutorial_taskflow_api_etl.py
[2022-09-25T14:48:37.700+0000] {logging_mixin.py:115} INFO - [2022-09-25T14:48:37.699+0000] {dag.py:2429} INFO - Sync 1 DAGs
[2022-09-25T14:48:37.764+0000] {logging_mixin.py:115} INFO - [2022-09-25T14:48:37.763+0000] {dag.py:2981} INFO - Setting next_dagrun for tutorial_taskflow_api_etl to None, run_after=None
[2022-09-25T14:48:37.803+0000] {processor.py:161} INFO - Processing /home/airflow/.local/lib/python3.7/site-packages/airflow/example_dags/tutorial_taskflow_api_etl.py took 0.327 seconds
[2022-09-25T14:49:07.923+0000] {processor.py:153} INFO - Started process (PID=11233) to work on /home/airflow/.local/lib/python3.7/site-packages/airflow/example_dags/tutorial_taskflow_api_etl.py
[2022-09-25T14:49:07.947+0000] {processor.py:640} INFO - Processing file /home/airflow/.local/lib/python3.7/site-packages/airflow/example_dags/tutorial_taskflow_api_etl.py for tasks to queue
[2022-09-25T14:49:07.950+0000] {logging_mixin.py:115} INFO - [2022-09-25T14:49:07.950+0000] {dagbag.py:508} INFO - Filling up the DagBag from /home/airflow/.local/lib/python3.7/site-packages/airflow/example_dags/tutorial_taskflow_api_etl.py
[2022-09-25T14:49:07.988+0000] {processor.py:650} INFO - DAG(s) dict_keys(['tutorial_taskflow_api_etl']) retrieved from /home/airflow/.local/lib/python3.7/site-packages/airflow/example_dags/tutorial_taskflow_api_etl.py
[2022-09-25T14:49:08.031+0000] {logging_mixin.py:115} INFO - [2022-09-25T14:49:08.031+0000] {dag.py:2429} INFO - Sync 1 DAGs
[2022-09-25T14:49:08.066+0000] {logging_mixin.py:115} INFO - [2022-09-25T14:49:08.066+0000] {dag.py:2981} INFO - Setting next_dagrun for tutorial_taskflow_api_etl to None, run_after=None
[2022-09-25T14:49:08.087+0000] {processor.py:161} INFO - Processing /home/airflow/.local/lib/python3.7/site-packages/airflow/example_dags/tutorial_taskflow_api_etl.py took 0.171 seconds
[2022-09-25T14:49:38.491+0000] {processor.py:153} INFO - Started process (PID=11444) to work on /home/airflow/.local/lib/python3.7/site-packages/airflow/example_dags/tutorial_taskflow_api_etl.py
[2022-09-25T14:49:38.494+0000] {processor.py:640} INFO - Processing file /home/airflow/.local/lib/python3.7/site-packages/airflow/example_dags/tutorial_taskflow_api_etl.py for tasks to queue
[2022-09-25T14:49:38.497+0000] {logging_mixin.py:115} INFO - [2022-09-25T14:49:38.496+0000] {dagbag.py:508} INFO - Filling up the DagBag from /home/airflow/.local/lib/python3.7/site-packages/airflow/example_dags/tutorial_taskflow_api_etl.py
[2022-09-25T14:49:38.535+0000] {processor.py:650} INFO - DAG(s) dict_keys(['tutorial_taskflow_api_etl']) retrieved from /home/airflow/.local/lib/python3.7/site-packages/airflow/example_dags/tutorial_taskflow_api_etl.py
[2022-09-25T14:49:38.601+0000] {logging_mixin.py:115} INFO - [2022-09-25T14:49:38.601+0000] {dag.py:2429} INFO - Sync 1 DAGs
[2022-09-25T14:49:38.646+0000] {logging_mixin.py:115} INFO - [2022-09-25T14:49:38.646+0000] {dag.py:2981} INFO - Setting next_dagrun for tutorial_taskflow_api_etl to None, run_after=None
[2022-09-25T14:49:38.673+0000] {processor.py:161} INFO - Processing /home/airflow/.local/lib/python3.7/site-packages/airflow/example_dags/tutorial_taskflow_api_etl.py took 0.189 seconds
[2022-09-25T14:50:09.430+0000] {processor.py:153} INFO - Started process (PID=11659) to work on /home/airflow/.local/lib/python3.7/site-packages/airflow/example_dags/tutorial_taskflow_api_etl.py
[2022-09-25T14:50:09.433+0000] {processor.py:640} INFO - Processing file /home/airflow/.local/lib/python3.7/site-packages/airflow/example_dags/tutorial_taskflow_api_etl.py for tasks to queue
[2022-09-25T14:50:09.435+0000] {logging_mixin.py:115} INFO - [2022-09-25T14:50:09.434+0000] {dagbag.py:508} INFO - Filling up the DagBag from /home/airflow/.local/lib/python3.7/site-packages/airflow/example_dags/tutorial_taskflow_api_etl.py
[2022-09-25T14:50:09.474+0000] {processor.py:650} INFO - DAG(s) dict_keys(['tutorial_taskflow_api_etl']) retrieved from /home/airflow/.local/lib/python3.7/site-packages/airflow/example_dags/tutorial_taskflow_api_etl.py
[2022-09-25T14:50:09.604+0000] {logging_mixin.py:115} INFO - [2022-09-25T14:50:09.604+0000] {dag.py:2429} INFO - Sync 1 DAGs
[2022-09-25T14:50:09.853+0000] {logging_mixin.py:115} INFO - [2022-09-25T14:50:09.853+0000] {dag.py:2981} INFO - Setting next_dagrun for tutorial_taskflow_api_etl to None, run_after=None
[2022-09-25T14:50:09.876+0000] {processor.py:161} INFO - Processing /home/airflow/.local/lib/python3.7/site-packages/airflow/example_dags/tutorial_taskflow_api_etl.py took 0.452 seconds
[2022-09-25T14:50:40.002+0000] {processor.py:153} INFO - Started process (PID=11870) to work on /home/airflow/.local/lib/python3.7/site-packages/airflow/example_dags/tutorial_taskflow_api_etl.py
[2022-09-25T14:50:40.005+0000] {processor.py:640} INFO - Processing file /home/airflow/.local/lib/python3.7/site-packages/airflow/example_dags/tutorial_taskflow_api_etl.py for tasks to queue
[2022-09-25T14:50:40.007+0000] {logging_mixin.py:115} INFO - [2022-09-25T14:50:40.006+0000] {dagbag.py:508} INFO - Filling up the DagBag from /home/airflow/.local/lib/python3.7/site-packages/airflow/example_dags/tutorial_taskflow_api_etl.py
[2022-09-25T14:50:40.032+0000] {processor.py:650} INFO - DAG(s) dict_keys(['tutorial_taskflow_api_etl']) retrieved from /home/airflow/.local/lib/python3.7/site-packages/airflow/example_dags/tutorial_taskflow_api_etl.py
[2022-09-25T14:50:40.074+0000] {logging_mixin.py:115} INFO - [2022-09-25T14:50:40.073+0000] {dag.py:2429} INFO - Sync 1 DAGs
[2022-09-25T14:50:40.106+0000] {logging_mixin.py:115} INFO - [2022-09-25T14:50:40.106+0000] {dag.py:2981} INFO - Setting next_dagrun for tutorial_taskflow_api_etl to None, run_after=None
[2022-09-25T14:50:40.126+0000] {processor.py:161} INFO - Processing /home/airflow/.local/lib/python3.7/site-packages/airflow/example_dags/tutorial_taskflow_api_etl.py took 0.129 seconds
[2022-09-25T14:51:10.540+0000] {processor.py:153} INFO - Started process (PID=12079) to work on /home/airflow/.local/lib/python3.7/site-packages/airflow/example_dags/tutorial_taskflow_api_etl.py
[2022-09-25T14:51:10.543+0000] {processor.py:640} INFO - Processing file /home/airflow/.local/lib/python3.7/site-packages/airflow/example_dags/tutorial_taskflow_api_etl.py for tasks to queue
[2022-09-25T14:51:10.546+0000] {logging_mixin.py:115} INFO - [2022-09-25T14:51:10.545+0000] {dagbag.py:508} INFO - Filling up the DagBag from /home/airflow/.local/lib/python3.7/site-packages/airflow/example_dags/tutorial_taskflow_api_etl.py
[2022-09-25T14:51:10.576+0000] {processor.py:650} INFO - DAG(s) dict_keys(['tutorial_taskflow_api_etl']) retrieved from /home/airflow/.local/lib/python3.7/site-packages/airflow/example_dags/tutorial_taskflow_api_etl.py
[2022-09-25T14:51:10.684+0000] {logging_mixin.py:115} INFO - [2022-09-25T14:51:10.684+0000] {dag.py:2429} INFO - Sync 1 DAGs
[2022-09-25T14:51:10.881+0000] {logging_mixin.py:115} INFO - [2022-09-25T14:51:10.881+0000] {dag.py:2981} INFO - Setting next_dagrun for tutorial_taskflow_api_etl to None, run_after=None
[2022-09-25T14:51:10.903+0000] {processor.py:161} INFO - Processing /home/airflow/.local/lib/python3.7/site-packages/airflow/example_dags/tutorial_taskflow_api_etl.py took 0.369 seconds
[2022-09-25T14:51:41.471+0000] {processor.py:153} INFO - Started process (PID=12284) to work on /home/airflow/.local/lib/python3.7/site-packages/airflow/example_dags/tutorial_taskflow_api_etl.py
[2022-09-25T14:51:41.474+0000] {processor.py:640} INFO - Processing file /home/airflow/.local/lib/python3.7/site-packages/airflow/example_dags/tutorial_taskflow_api_etl.py for tasks to queue
[2022-09-25T14:51:41.476+0000] {logging_mixin.py:115} INFO - [2022-09-25T14:51:41.476+0000] {dagbag.py:508} INFO - Filling up the DagBag from /home/airflow/.local/lib/python3.7/site-packages/airflow/example_dags/tutorial_taskflow_api_etl.py
[2022-09-25T14:51:41.506+0000] {processor.py:650} INFO - DAG(s) dict_keys(['tutorial_taskflow_api_etl']) retrieved from /home/airflow/.local/lib/python3.7/site-packages/airflow/example_dags/tutorial_taskflow_api_etl.py
[2022-09-25T14:51:41.621+0000] {logging_mixin.py:115} INFO - [2022-09-25T14:51:41.620+0000] {dag.py:2429} INFO - Sync 1 DAGs
[2022-09-25T14:51:41.825+0000] {logging_mixin.py:115} INFO - [2022-09-25T14:51:41.825+0000] {dag.py:2981} INFO - Setting next_dagrun for tutorial_taskflow_api_etl to None, run_after=None
[2022-09-25T14:51:41.852+0000] {processor.py:161} INFO - Processing /home/airflow/.local/lib/python3.7/site-packages/airflow/example_dags/tutorial_taskflow_api_etl.py took 0.387 seconds
[2022-09-25T14:52:12.689+0000] {processor.py:153} INFO - Started process (PID=12503) to work on /home/airflow/.local/lib/python3.7/site-packages/airflow/example_dags/tutorial_taskflow_api_etl.py
[2022-09-25T14:52:12.697+0000] {processor.py:640} INFO - Processing file /home/airflow/.local/lib/python3.7/site-packages/airflow/example_dags/tutorial_taskflow_api_etl.py for tasks to queue
[2022-09-25T14:52:12.700+0000] {logging_mixin.py:115} INFO - [2022-09-25T14:52:12.700+0000] {dagbag.py:508} INFO - Filling up the DagBag from /home/airflow/.local/lib/python3.7/site-packages/airflow/example_dags/tutorial_taskflow_api_etl.py
[2022-09-25T14:52:12.728+0000] {processor.py:650} INFO - DAG(s) dict_keys(['tutorial_taskflow_api_etl']) retrieved from /home/airflow/.local/lib/python3.7/site-packages/airflow/example_dags/tutorial_taskflow_api_etl.py
[2022-09-25T14:52:12.835+0000] {logging_mixin.py:115} INFO - [2022-09-25T14:52:12.835+0000] {dag.py:2429} INFO - Sync 1 DAGs
[2022-09-25T14:52:13.165+0000] {logging_mixin.py:115} INFO - [2022-09-25T14:52:13.165+0000] {dag.py:2981} INFO - Setting next_dagrun for tutorial_taskflow_api_etl to None, run_after=None
[2022-09-25T14:52:13.204+0000] {processor.py:161} INFO - Processing /home/airflow/.local/lib/python3.7/site-packages/airflow/example_dags/tutorial_taskflow_api_etl.py took 0.522 seconds
