[2022-09-25T14:21:45.741+0000] {processor.py:153} INFO - Started process (PID=227) to work on /home/airflow/.local/lib/python3.7/site-packages/airflow/example_dags/tutorial.py
[2022-09-25T14:21:45.752+0000] {processor.py:640} INFO - Processing file /home/airflow/.local/lib/python3.7/site-packages/airflow/example_dags/tutorial.py for tasks to queue
[2022-09-25T14:21:45.762+0000] {logging_mixin.py:115} INFO - [2022-09-25T14:21:45.761+0000] {dagbag.py:508} INFO - Filling up the DagBag from /home/airflow/.local/lib/python3.7/site-packages/airflow/example_dags/tutorial.py
[2022-09-25T14:21:45.868+0000] {processor.py:650} INFO - DAG(s) dict_keys(['tutorial']) retrieved from /home/airflow/.local/lib/python3.7/site-packages/airflow/example_dags/tutorial.py
[2022-09-25T14:21:46.843+0000] {logging_mixin.py:115} INFO - [2022-09-25T14:21:46.842+0000] {dag.py:2429} INFO - Sync 1 DAGs
[2022-09-25T14:21:47.421+0000] {logging_mixin.py:115} INFO - [2022-09-25T14:21:47.403+0000] {dag.py:2981} INFO - Setting next_dagrun for tutorial to 2022-09-24T14:21:47.403279+00:00, run_after=2022-09-25T14:21:47.403279+00:00
[2022-09-25T14:21:47.710+0000] {processor.py:161} INFO - Processing /home/airflow/.local/lib/python3.7/site-packages/airflow/example_dags/tutorial.py took 2.006 seconds
[2022-09-25T14:22:44.809+0000] {processor.py:153} INFO - Started process (PID=452) to work on /home/airflow/.local/lib/python3.7/site-packages/airflow/example_dags/tutorial.py
[2022-09-25T14:22:44.814+0000] {processor.py:640} INFO - Processing file /home/airflow/.local/lib/python3.7/site-packages/airflow/example_dags/tutorial.py for tasks to queue
[2022-09-25T14:22:44.828+0000] {logging_mixin.py:115} INFO - [2022-09-25T14:22:44.827+0000] {dagbag.py:508} INFO - Filling up the DagBag from /home/airflow/.local/lib/python3.7/site-packages/airflow/example_dags/tutorial.py
[2022-09-25T14:22:44.886+0000] {processor.py:650} INFO - DAG(s) dict_keys(['tutorial']) retrieved from /home/airflow/.local/lib/python3.7/site-packages/airflow/example_dags/tutorial.py
[2022-09-25T14:22:44.995+0000] {logging_mixin.py:115} INFO - [2022-09-25T14:22:44.995+0000] {dag.py:2429} INFO - Sync 1 DAGs
[2022-09-25T14:22:45.057+0000] {logging_mixin.py:115} INFO - [2022-09-25T14:22:45.056+0000] {dag.py:2981} INFO - Setting next_dagrun for tutorial to 2022-09-24T14:22:45.056365+00:00, run_after=2022-09-25T14:22:45.056365+00:00
[2022-09-25T14:22:45.094+0000] {processor.py:161} INFO - Processing /home/airflow/.local/lib/python3.7/site-packages/airflow/example_dags/tutorial.py took 0.298 seconds
[2022-09-25T14:23:15.352+0000] {processor.py:153} INFO - Started process (PID=657) to work on /home/airflow/.local/lib/python3.7/site-packages/airflow/example_dags/tutorial.py
[2022-09-25T14:23:15.355+0000] {processor.py:640} INFO - Processing file /home/airflow/.local/lib/python3.7/site-packages/airflow/example_dags/tutorial.py for tasks to queue
[2022-09-25T14:23:15.357+0000] {logging_mixin.py:115} INFO - [2022-09-25T14:23:15.357+0000] {dagbag.py:508} INFO - Filling up the DagBag from /home/airflow/.local/lib/python3.7/site-packages/airflow/example_dags/tutorial.py
[2022-09-25T14:23:15.374+0000] {processor.py:650} INFO - DAG(s) dict_keys(['tutorial']) retrieved from /home/airflow/.local/lib/python3.7/site-packages/airflow/example_dags/tutorial.py
[2022-09-25T14:23:15.438+0000] {logging_mixin.py:115} INFO - [2022-09-25T14:23:15.438+0000] {dag.py:2429} INFO - Sync 1 DAGs
[2022-09-25T14:23:15.483+0000] {logging_mixin.py:115} INFO - [2022-09-25T14:23:15.483+0000] {dag.py:2981} INFO - Setting next_dagrun for tutorial to 2022-09-24T14:23:15.482419+00:00, run_after=2022-09-25T14:23:15.482419+00:00
[2022-09-25T14:23:15.506+0000] {processor.py:161} INFO - Processing /home/airflow/.local/lib/python3.7/site-packages/airflow/example_dags/tutorial.py took 0.160 seconds
[2022-09-25T14:23:46.259+0000] {processor.py:153} INFO - Started process (PID=862) to work on /home/airflow/.local/lib/python3.7/site-packages/airflow/example_dags/tutorial.py
[2022-09-25T14:23:46.263+0000] {processor.py:640} INFO - Processing file /home/airflow/.local/lib/python3.7/site-packages/airflow/example_dags/tutorial.py for tasks to queue
[2022-09-25T14:23:46.267+0000] {logging_mixin.py:115} INFO - [2022-09-25T14:23:46.267+0000] {dagbag.py:508} INFO - Filling up the DagBag from /home/airflow/.local/lib/python3.7/site-packages/airflow/example_dags/tutorial.py
[2022-09-25T14:23:46.280+0000] {processor.py:650} INFO - DAG(s) dict_keys(['tutorial']) retrieved from /home/airflow/.local/lib/python3.7/site-packages/airflow/example_dags/tutorial.py
[2022-09-25T14:23:46.335+0000] {logging_mixin.py:115} INFO - [2022-09-25T14:23:46.334+0000] {dag.py:2429} INFO - Sync 1 DAGs
[2022-09-25T14:23:46.387+0000] {logging_mixin.py:115} INFO - [2022-09-25T14:23:46.387+0000] {dag.py:2981} INFO - Setting next_dagrun for tutorial to 2022-09-24T14:23:46.387293+00:00, run_after=2022-09-25T14:23:46.387293+00:00
[2022-09-25T14:23:46.409+0000] {processor.py:161} INFO - Processing /home/airflow/.local/lib/python3.7/site-packages/airflow/example_dags/tutorial.py took 0.156 seconds
[2022-09-25T14:24:17.659+0000] {processor.py:153} INFO - Started process (PID=1076) to work on /home/airflow/.local/lib/python3.7/site-packages/airflow/example_dags/tutorial.py
[2022-09-25T14:24:17.664+0000] {processor.py:640} INFO - Processing file /home/airflow/.local/lib/python3.7/site-packages/airflow/example_dags/tutorial.py for tasks to queue
[2022-09-25T14:24:17.667+0000] {logging_mixin.py:115} INFO - [2022-09-25T14:24:17.666+0000] {dagbag.py:508} INFO - Filling up the DagBag from /home/airflow/.local/lib/python3.7/site-packages/airflow/example_dags/tutorial.py
[2022-09-25T14:24:17.682+0000] {processor.py:650} INFO - DAG(s) dict_keys(['tutorial']) retrieved from /home/airflow/.local/lib/python3.7/site-packages/airflow/example_dags/tutorial.py
[2022-09-25T14:24:17.763+0000] {logging_mixin.py:115} INFO - [2022-09-25T14:24:17.763+0000] {dag.py:2429} INFO - Sync 1 DAGs
[2022-09-25T14:24:17.828+0000] {logging_mixin.py:115} INFO - [2022-09-25T14:24:17.827+0000] {dag.py:2981} INFO - Setting next_dagrun for tutorial to 2022-09-24T14:24:17.827394+00:00, run_after=2022-09-25T14:24:17.827394+00:00
[2022-09-25T14:24:17.858+0000] {processor.py:161} INFO - Processing /home/airflow/.local/lib/python3.7/site-packages/airflow/example_dags/tutorial.py took 0.216 seconds
[2022-09-25T14:24:48.562+0000] {processor.py:153} INFO - Started process (PID=1291) to work on /home/airflow/.local/lib/python3.7/site-packages/airflow/example_dags/tutorial.py
[2022-09-25T14:24:48.565+0000] {processor.py:640} INFO - Processing file /home/airflow/.local/lib/python3.7/site-packages/airflow/example_dags/tutorial.py for tasks to queue
[2022-09-25T14:24:48.567+0000] {logging_mixin.py:115} INFO - [2022-09-25T14:24:48.567+0000] {dagbag.py:508} INFO - Filling up the DagBag from /home/airflow/.local/lib/python3.7/site-packages/airflow/example_dags/tutorial.py
[2022-09-25T14:24:48.578+0000] {processor.py:650} INFO - DAG(s) dict_keys(['tutorial']) retrieved from /home/airflow/.local/lib/python3.7/site-packages/airflow/example_dags/tutorial.py
[2022-09-25T14:24:48.631+0000] {logging_mixin.py:115} INFO - [2022-09-25T14:24:48.630+0000] {dag.py:2429} INFO - Sync 1 DAGs
[2022-09-25T14:24:48.669+0000] {logging_mixin.py:115} INFO - [2022-09-25T14:24:48.668+0000] {dag.py:2981} INFO - Setting next_dagrun for tutorial to 2022-09-24T14:24:48.668307+00:00, run_after=2022-09-25T14:24:48.668307+00:00
[2022-09-25T14:24:48.697+0000] {processor.py:161} INFO - Processing /home/airflow/.local/lib/python3.7/site-packages/airflow/example_dags/tutorial.py took 0.140 seconds
[2022-09-25T14:25:19.454+0000] {processor.py:153} INFO - Started process (PID=1498) to work on /home/airflow/.local/lib/python3.7/site-packages/airflow/example_dags/tutorial.py
[2022-09-25T14:25:19.458+0000] {processor.py:640} INFO - Processing file /home/airflow/.local/lib/python3.7/site-packages/airflow/example_dags/tutorial.py for tasks to queue
[2022-09-25T14:25:19.461+0000] {logging_mixin.py:115} INFO - [2022-09-25T14:25:19.461+0000] {dagbag.py:508} INFO - Filling up the DagBag from /home/airflow/.local/lib/python3.7/site-packages/airflow/example_dags/tutorial.py
[2022-09-25T14:25:19.474+0000] {processor.py:650} INFO - DAG(s) dict_keys(['tutorial']) retrieved from /home/airflow/.local/lib/python3.7/site-packages/airflow/example_dags/tutorial.py
[2022-09-25T14:25:19.539+0000] {logging_mixin.py:115} INFO - [2022-09-25T14:25:19.539+0000] {dag.py:2429} INFO - Sync 1 DAGs
[2022-09-25T14:25:19.594+0000] {logging_mixin.py:115} INFO - [2022-09-25T14:25:19.594+0000] {dag.py:2981} INFO - Setting next_dagrun for tutorial to 2022-09-24T14:25:19.593887+00:00, run_after=2022-09-25T14:25:19.593887+00:00
[2022-09-25T14:25:19.624+0000] {processor.py:161} INFO - Processing /home/airflow/.local/lib/python3.7/site-packages/airflow/example_dags/tutorial.py took 0.175 seconds
[2022-09-25T14:25:51.050+0000] {processor.py:153} INFO - Started process (PID=1711) to work on /home/airflow/.local/lib/python3.7/site-packages/airflow/example_dags/tutorial.py
[2022-09-25T14:25:51.054+0000] {processor.py:640} INFO - Processing file /home/airflow/.local/lib/python3.7/site-packages/airflow/example_dags/tutorial.py for tasks to queue
[2022-09-25T14:25:51.057+0000] {logging_mixin.py:115} INFO - [2022-09-25T14:25:51.057+0000] {dagbag.py:508} INFO - Filling up the DagBag from /home/airflow/.local/lib/python3.7/site-packages/airflow/example_dags/tutorial.py
[2022-09-25T14:25:51.072+0000] {processor.py:650} INFO - DAG(s) dict_keys(['tutorial']) retrieved from /home/airflow/.local/lib/python3.7/site-packages/airflow/example_dags/tutorial.py
[2022-09-25T14:25:51.140+0000] {logging_mixin.py:115} INFO - [2022-09-25T14:25:51.140+0000] {dag.py:2429} INFO - Sync 1 DAGs
[2022-09-25T14:25:51.200+0000] {logging_mixin.py:115} INFO - [2022-09-25T14:25:51.199+0000] {dag.py:2981} INFO - Setting next_dagrun for tutorial to 2022-09-24T14:25:51.199267+00:00, run_after=2022-09-25T14:25:51.199267+00:00
[2022-09-25T14:25:51.231+0000] {processor.py:161} INFO - Processing /home/airflow/.local/lib/python3.7/site-packages/airflow/example_dags/tutorial.py took 0.188 seconds
[2022-09-25T14:26:21.650+0000] {processor.py:153} INFO - Started process (PID=1916) to work on /home/airflow/.local/lib/python3.7/site-packages/airflow/example_dags/tutorial.py
[2022-09-25T14:26:21.652+0000] {processor.py:640} INFO - Processing file /home/airflow/.local/lib/python3.7/site-packages/airflow/example_dags/tutorial.py for tasks to queue
[2022-09-25T14:26:21.654+0000] {logging_mixin.py:115} INFO - [2022-09-25T14:26:21.654+0000] {dagbag.py:508} INFO - Filling up the DagBag from /home/airflow/.local/lib/python3.7/site-packages/airflow/example_dags/tutorial.py
[2022-09-25T14:26:21.663+0000] {processor.py:650} INFO - DAG(s) dict_keys(['tutorial']) retrieved from /home/airflow/.local/lib/python3.7/site-packages/airflow/example_dags/tutorial.py
[2022-09-25T14:26:21.713+0000] {logging_mixin.py:115} INFO - [2022-09-25T14:26:21.712+0000] {dag.py:2429} INFO - Sync 1 DAGs
[2022-09-25T14:26:21.751+0000] {logging_mixin.py:115} INFO - [2022-09-25T14:26:21.750+0000] {dag.py:2981} INFO - Setting next_dagrun for tutorial to 2022-09-24T14:26:21.750425+00:00, run_after=2022-09-25T14:26:21.750425+00:00
[2022-09-25T14:26:21.773+0000] {processor.py:161} INFO - Processing /home/airflow/.local/lib/python3.7/site-packages/airflow/example_dags/tutorial.py took 0.129 seconds
[2022-09-25T14:26:53.108+0000] {processor.py:153} INFO - Started process (PID=2133) to work on /home/airflow/.local/lib/python3.7/site-packages/airflow/example_dags/tutorial.py
[2022-09-25T14:26:53.110+0000] {processor.py:640} INFO - Processing file /home/airflow/.local/lib/python3.7/site-packages/airflow/example_dags/tutorial.py for tasks to queue
[2022-09-25T14:26:53.112+0000] {logging_mixin.py:115} INFO - [2022-09-25T14:26:53.111+0000] {dagbag.py:508} INFO - Filling up the DagBag from /home/airflow/.local/lib/python3.7/site-packages/airflow/example_dags/tutorial.py
[2022-09-25T14:26:53.120+0000] {processor.py:650} INFO - DAG(s) dict_keys(['tutorial']) retrieved from /home/airflow/.local/lib/python3.7/site-packages/airflow/example_dags/tutorial.py
[2022-09-25T14:26:53.163+0000] {logging_mixin.py:115} INFO - [2022-09-25T14:26:53.163+0000] {dag.py:2429} INFO - Sync 1 DAGs
[2022-09-25T14:26:53.197+0000] {logging_mixin.py:115} INFO - [2022-09-25T14:26:53.197+0000] {dag.py:2981} INFO - Setting next_dagrun for tutorial to 2022-09-24T14:26:53.196946+00:00, run_after=2022-09-25T14:26:53.196946+00:00
[2022-09-25T14:26:53.216+0000] {processor.py:161} INFO - Processing /home/airflow/.local/lib/python3.7/site-packages/airflow/example_dags/tutorial.py took 0.114 seconds
[2022-09-25T14:27:24.157+0000] {processor.py:153} INFO - Started process (PID=2335) to work on /home/airflow/.local/lib/python3.7/site-packages/airflow/example_dags/tutorial.py
[2022-09-25T14:27:24.160+0000] {processor.py:640} INFO - Processing file /home/airflow/.local/lib/python3.7/site-packages/airflow/example_dags/tutorial.py for tasks to queue
[2022-09-25T14:27:24.163+0000] {logging_mixin.py:115} INFO - [2022-09-25T14:27:24.162+0000] {dagbag.py:508} INFO - Filling up the DagBag from /home/airflow/.local/lib/python3.7/site-packages/airflow/example_dags/tutorial.py
[2022-09-25T14:27:24.172+0000] {processor.py:650} INFO - DAG(s) dict_keys(['tutorial']) retrieved from /home/airflow/.local/lib/python3.7/site-packages/airflow/example_dags/tutorial.py
[2022-09-25T14:27:24.221+0000] {logging_mixin.py:115} INFO - [2022-09-25T14:27:24.221+0000] {dag.py:2429} INFO - Sync 1 DAGs
[2022-09-25T14:27:24.259+0000] {logging_mixin.py:115} INFO - [2022-09-25T14:27:24.258+0000] {dag.py:2981} INFO - Setting next_dagrun for tutorial to 2022-09-24T14:27:24.258585+00:00, run_after=2022-09-25T14:27:24.258585+00:00
[2022-09-25T14:27:24.284+0000] {processor.py:161} INFO - Processing /home/airflow/.local/lib/python3.7/site-packages/airflow/example_dags/tutorial.py took 0.133 seconds
[2022-09-25T14:27:55.188+0000] {processor.py:153} INFO - Started process (PID=2550) to work on /home/airflow/.local/lib/python3.7/site-packages/airflow/example_dags/tutorial.py
[2022-09-25T14:27:55.191+0000] {processor.py:640} INFO - Processing file /home/airflow/.local/lib/python3.7/site-packages/airflow/example_dags/tutorial.py for tasks to queue
[2022-09-25T14:27:55.193+0000] {logging_mixin.py:115} INFO - [2022-09-25T14:27:55.193+0000] {dagbag.py:508} INFO - Filling up the DagBag from /home/airflow/.local/lib/python3.7/site-packages/airflow/example_dags/tutorial.py
[2022-09-25T14:27:55.205+0000] {processor.py:650} INFO - DAG(s) dict_keys(['tutorial']) retrieved from /home/airflow/.local/lib/python3.7/site-packages/airflow/example_dags/tutorial.py
[2022-09-25T14:27:55.264+0000] {logging_mixin.py:115} INFO - [2022-09-25T14:27:55.264+0000] {dag.py:2429} INFO - Sync 1 DAGs
[2022-09-25T14:27:55.303+0000] {logging_mixin.py:115} INFO - [2022-09-25T14:27:55.303+0000] {dag.py:2981} INFO - Setting next_dagrun for tutorial to 2022-09-24T14:27:55.303150+00:00, run_after=2022-09-25T14:27:55.303150+00:00
[2022-09-25T14:27:55.328+0000] {processor.py:161} INFO - Processing /home/airflow/.local/lib/python3.7/site-packages/airflow/example_dags/tutorial.py took 0.149 seconds
[2022-09-25T14:28:26.662+0000] {processor.py:153} INFO - Started process (PID=2753) to work on /home/airflow/.local/lib/python3.7/site-packages/airflow/example_dags/tutorial.py
[2022-09-25T14:28:26.665+0000] {processor.py:640} INFO - Processing file /home/airflow/.local/lib/python3.7/site-packages/airflow/example_dags/tutorial.py for tasks to queue
[2022-09-25T14:28:26.666+0000] {logging_mixin.py:115} INFO - [2022-09-25T14:28:26.666+0000] {dagbag.py:508} INFO - Filling up the DagBag from /home/airflow/.local/lib/python3.7/site-packages/airflow/example_dags/tutorial.py
[2022-09-25T14:28:26.678+0000] {processor.py:650} INFO - DAG(s) dict_keys(['tutorial']) retrieved from /home/airflow/.local/lib/python3.7/site-packages/airflow/example_dags/tutorial.py
[2022-09-25T14:28:26.735+0000] {logging_mixin.py:115} INFO - [2022-09-25T14:28:26.735+0000] {dag.py:2429} INFO - Sync 1 DAGs
[2022-09-25T14:28:26.775+0000] {logging_mixin.py:115} INFO - [2022-09-25T14:28:26.775+0000] {dag.py:2981} INFO - Setting next_dagrun for tutorial to 2022-09-24T14:28:26.775282+00:00, run_after=2022-09-25T14:28:26.775282+00:00
[2022-09-25T14:28:26.797+0000] {processor.py:161} INFO - Processing /home/airflow/.local/lib/python3.7/site-packages/airflow/example_dags/tutorial.py took 0.140 seconds
[2022-09-25T14:28:58.198+0000] {processor.py:153} INFO - Started process (PID=2969) to work on /home/airflow/.local/lib/python3.7/site-packages/airflow/example_dags/tutorial.py
[2022-09-25T14:28:58.200+0000] {processor.py:640} INFO - Processing file /home/airflow/.local/lib/python3.7/site-packages/airflow/example_dags/tutorial.py for tasks to queue
[2022-09-25T14:28:58.202+0000] {logging_mixin.py:115} INFO - [2022-09-25T14:28:58.202+0000] {dagbag.py:508} INFO - Filling up the DagBag from /home/airflow/.local/lib/python3.7/site-packages/airflow/example_dags/tutorial.py
[2022-09-25T14:28:58.211+0000] {processor.py:650} INFO - DAG(s) dict_keys(['tutorial']) retrieved from /home/airflow/.local/lib/python3.7/site-packages/airflow/example_dags/tutorial.py
[2022-09-25T14:28:58.262+0000] {logging_mixin.py:115} INFO - [2022-09-25T14:28:58.261+0000] {dag.py:2429} INFO - Sync 1 DAGs
[2022-09-25T14:28:58.296+0000] {logging_mixin.py:115} INFO - [2022-09-25T14:28:58.296+0000] {dag.py:2981} INFO - Setting next_dagrun for tutorial to 2022-09-24T14:28:58.295850+00:00, run_after=2022-09-25T14:28:58.295850+00:00
[2022-09-25T14:28:58.328+0000] {processor.py:161} INFO - Processing /home/airflow/.local/lib/python3.7/site-packages/airflow/example_dags/tutorial.py took 0.135 seconds
[2022-09-25T14:29:29.200+0000] {processor.py:153} INFO - Started process (PID=3172) to work on /home/airflow/.local/lib/python3.7/site-packages/airflow/example_dags/tutorial.py
[2022-09-25T14:29:29.203+0000] {processor.py:640} INFO - Processing file /home/airflow/.local/lib/python3.7/site-packages/airflow/example_dags/tutorial.py for tasks to queue
[2022-09-25T14:29:29.206+0000] {logging_mixin.py:115} INFO - [2022-09-25T14:29:29.206+0000] {dagbag.py:508} INFO - Filling up the DagBag from /home/airflow/.local/lib/python3.7/site-packages/airflow/example_dags/tutorial.py
[2022-09-25T14:29:29.217+0000] {processor.py:650} INFO - DAG(s) dict_keys(['tutorial']) retrieved from /home/airflow/.local/lib/python3.7/site-packages/airflow/example_dags/tutorial.py
[2022-09-25T14:29:29.288+0000] {logging_mixin.py:115} INFO - [2022-09-25T14:29:29.287+0000] {dag.py:2429} INFO - Sync 1 DAGs
[2022-09-25T14:29:29.330+0000] {logging_mixin.py:115} INFO - [2022-09-25T14:29:29.329+0000] {dag.py:2981} INFO - Setting next_dagrun for tutorial to 2022-09-24T14:29:29.329290+00:00, run_after=2022-09-25T14:29:29.329290+00:00
[2022-09-25T14:29:29.355+0000] {processor.py:161} INFO - Processing /home/airflow/.local/lib/python3.7/site-packages/airflow/example_dags/tutorial.py took 0.161 seconds
[2022-09-25T14:30:00.082+0000] {processor.py:153} INFO - Started process (PID=3389) to work on /home/airflow/.local/lib/python3.7/site-packages/airflow/example_dags/tutorial.py
[2022-09-25T14:30:00.084+0000] {processor.py:640} INFO - Processing file /home/airflow/.local/lib/python3.7/site-packages/airflow/example_dags/tutorial.py for tasks to queue
[2022-09-25T14:30:00.086+0000] {logging_mixin.py:115} INFO - [2022-09-25T14:30:00.086+0000] {dagbag.py:508} INFO - Filling up the DagBag from /home/airflow/.local/lib/python3.7/site-packages/airflow/example_dags/tutorial.py
[2022-09-25T14:30:00.098+0000] {processor.py:650} INFO - DAG(s) dict_keys(['tutorial']) retrieved from /home/airflow/.local/lib/python3.7/site-packages/airflow/example_dags/tutorial.py
[2022-09-25T14:30:00.144+0000] {logging_mixin.py:115} INFO - [2022-09-25T14:30:00.144+0000] {dag.py:2429} INFO - Sync 1 DAGs
[2022-09-25T14:30:00.180+0000] {logging_mixin.py:115} INFO - [2022-09-25T14:30:00.179+0000] {dag.py:2981} INFO - Setting next_dagrun for tutorial to 2022-09-24T14:30:00.179474+00:00, run_after=2022-09-25T14:30:00.179474+00:00
[2022-09-25T14:30:00.198+0000] {processor.py:161} INFO - Processing /home/airflow/.local/lib/python3.7/site-packages/airflow/example_dags/tutorial.py took 0.123 seconds
[2022-09-25T14:30:31.064+0000] {processor.py:153} INFO - Started process (PID=3592) to work on /home/airflow/.local/lib/python3.7/site-packages/airflow/example_dags/tutorial.py
[2022-09-25T14:30:31.067+0000] {processor.py:640} INFO - Processing file /home/airflow/.local/lib/python3.7/site-packages/airflow/example_dags/tutorial.py for tasks to queue
[2022-09-25T14:30:31.069+0000] {logging_mixin.py:115} INFO - [2022-09-25T14:30:31.069+0000] {dagbag.py:508} INFO - Filling up the DagBag from /home/airflow/.local/lib/python3.7/site-packages/airflow/example_dags/tutorial.py
[2022-09-25T14:30:31.079+0000] {processor.py:650} INFO - DAG(s) dict_keys(['tutorial']) retrieved from /home/airflow/.local/lib/python3.7/site-packages/airflow/example_dags/tutorial.py
[2022-09-25T14:30:31.129+0000] {logging_mixin.py:115} INFO - [2022-09-25T14:30:31.129+0000] {dag.py:2429} INFO - Sync 1 DAGs
[2022-09-25T14:30:31.173+0000] {logging_mixin.py:115} INFO - [2022-09-25T14:30:31.173+0000] {dag.py:2981} INFO - Setting next_dagrun for tutorial to 2022-09-24T14:30:31.173277+00:00, run_after=2022-09-25T14:30:31.173277+00:00
[2022-09-25T14:30:31.201+0000] {processor.py:161} INFO - Processing /home/airflow/.local/lib/python3.7/site-packages/airflow/example_dags/tutorial.py took 0.143 seconds
[2022-09-25T14:31:02.562+0000] {processor.py:153} INFO - Started process (PID=3806) to work on /home/airflow/.local/lib/python3.7/site-packages/airflow/example_dags/tutorial.py
[2022-09-25T14:31:02.567+0000] {processor.py:640} INFO - Processing file /home/airflow/.local/lib/python3.7/site-packages/airflow/example_dags/tutorial.py for tasks to queue
[2022-09-25T14:31:02.605+0000] {logging_mixin.py:115} INFO - [2022-09-25T14:31:02.605+0000] {dagbag.py:508} INFO - Filling up the DagBag from /home/airflow/.local/lib/python3.7/site-packages/airflow/example_dags/tutorial.py
[2022-09-25T14:31:02.676+0000] {processor.py:650} INFO - DAG(s) dict_keys(['tutorial']) retrieved from /home/airflow/.local/lib/python3.7/site-packages/airflow/example_dags/tutorial.py
[2022-09-25T14:31:03.266+0000] {logging_mixin.py:115} INFO - [2022-09-25T14:31:03.263+0000] {dag.py:2429} INFO - Sync 1 DAGs
[2022-09-25T14:31:03.392+0000] {logging_mixin.py:115} INFO - [2022-09-25T14:31:03.391+0000] {dag.py:2981} INFO - Setting next_dagrun for tutorial to 2022-09-24T14:31:03.391007+00:00, run_after=2022-09-25T14:31:03.391007+00:00
[2022-09-25T14:31:03.421+0000] {processor.py:161} INFO - Processing /home/airflow/.local/lib/python3.7/site-packages/airflow/example_dags/tutorial.py took 0.867 seconds
[2022-09-25T14:31:33.903+0000] {processor.py:153} INFO - Started process (PID=4012) to work on /home/airflow/.local/lib/python3.7/site-packages/airflow/example_dags/tutorial.py
[2022-09-25T14:31:33.906+0000] {processor.py:640} INFO - Processing file /home/airflow/.local/lib/python3.7/site-packages/airflow/example_dags/tutorial.py for tasks to queue
[2022-09-25T14:31:33.907+0000] {logging_mixin.py:115} INFO - [2022-09-25T14:31:33.907+0000] {dagbag.py:508} INFO - Filling up the DagBag from /home/airflow/.local/lib/python3.7/site-packages/airflow/example_dags/tutorial.py
[2022-09-25T14:31:33.923+0000] {processor.py:650} INFO - DAG(s) dict_keys(['tutorial']) retrieved from /home/airflow/.local/lib/python3.7/site-packages/airflow/example_dags/tutorial.py
[2022-09-25T14:31:33.979+0000] {logging_mixin.py:115} INFO - [2022-09-25T14:31:33.979+0000] {dag.py:2429} INFO - Sync 1 DAGs
[2022-09-25T14:31:34.023+0000] {logging_mixin.py:115} INFO - [2022-09-25T14:31:34.023+0000] {dag.py:2981} INFO - Setting next_dagrun for tutorial to 2022-09-24T14:31:34.022932+00:00, run_after=2022-09-25T14:31:34.022932+00:00
[2022-09-25T14:31:34.051+0000] {processor.py:161} INFO - Processing /home/airflow/.local/lib/python3.7/site-packages/airflow/example_dags/tutorial.py took 0.154 seconds
[2022-09-25T14:32:04.951+0000] {processor.py:153} INFO - Started process (PID=4227) to work on /home/airflow/.local/lib/python3.7/site-packages/airflow/example_dags/tutorial.py
[2022-09-25T14:32:04.953+0000] {processor.py:640} INFO - Processing file /home/airflow/.local/lib/python3.7/site-packages/airflow/example_dags/tutorial.py for tasks to queue
[2022-09-25T14:32:04.955+0000] {logging_mixin.py:115} INFO - [2022-09-25T14:32:04.955+0000] {dagbag.py:508} INFO - Filling up the DagBag from /home/airflow/.local/lib/python3.7/site-packages/airflow/example_dags/tutorial.py
[2022-09-25T14:32:04.977+0000] {processor.py:650} INFO - DAG(s) dict_keys(['tutorial']) retrieved from /home/airflow/.local/lib/python3.7/site-packages/airflow/example_dags/tutorial.py
[2022-09-25T14:32:05.030+0000] {logging_mixin.py:115} INFO - [2022-09-25T14:32:05.030+0000] {dag.py:2429} INFO - Sync 1 DAGs
[2022-09-25T14:32:05.082+0000] {logging_mixin.py:115} INFO - [2022-09-25T14:32:05.081+0000] {dag.py:2981} INFO - Setting next_dagrun for tutorial to 2022-09-24T14:32:05.081535+00:00, run_after=2022-09-25T14:32:05.081535+00:00
[2022-09-25T14:32:05.100+0000] {processor.py:161} INFO - Processing /home/airflow/.local/lib/python3.7/site-packages/airflow/example_dags/tutorial.py took 0.159 seconds
[2022-09-25T14:32:36.100+0000] {processor.py:153} INFO - Started process (PID=4430) to work on /home/airflow/.local/lib/python3.7/site-packages/airflow/example_dags/tutorial.py
[2022-09-25T14:32:36.105+0000] {processor.py:640} INFO - Processing file /home/airflow/.local/lib/python3.7/site-packages/airflow/example_dags/tutorial.py for tasks to queue
[2022-09-25T14:32:36.108+0000] {logging_mixin.py:115} INFO - [2022-09-25T14:32:36.107+0000] {dagbag.py:508} INFO - Filling up the DagBag from /home/airflow/.local/lib/python3.7/site-packages/airflow/example_dags/tutorial.py
[2022-09-25T14:32:36.132+0000] {processor.py:650} INFO - DAG(s) dict_keys(['tutorial']) retrieved from /home/airflow/.local/lib/python3.7/site-packages/airflow/example_dags/tutorial.py
[2022-09-25T14:32:36.215+0000] {logging_mixin.py:115} INFO - [2022-09-25T14:32:36.214+0000] {dag.py:2429} INFO - Sync 1 DAGs
[2022-09-25T14:32:36.267+0000] {logging_mixin.py:115} INFO - [2022-09-25T14:32:36.266+0000] {dag.py:2981} INFO - Setting next_dagrun for tutorial to 2022-09-24T14:32:36.266142+00:00, run_after=2022-09-25T14:32:36.266142+00:00
[2022-09-25T14:32:36.310+0000] {processor.py:161} INFO - Processing /home/airflow/.local/lib/python3.7/site-packages/airflow/example_dags/tutorial.py took 0.216 seconds
[2022-09-25T14:33:07.236+0000] {processor.py:153} INFO - Started process (PID=4648) to work on /home/airflow/.local/lib/python3.7/site-packages/airflow/example_dags/tutorial.py
[2022-09-25T14:33:07.240+0000] {processor.py:640} INFO - Processing file /home/airflow/.local/lib/python3.7/site-packages/airflow/example_dags/tutorial.py for tasks to queue
[2022-09-25T14:33:07.246+0000] {logging_mixin.py:115} INFO - [2022-09-25T14:33:07.246+0000] {dagbag.py:508} INFO - Filling up the DagBag from /home/airflow/.local/lib/python3.7/site-packages/airflow/example_dags/tutorial.py
[2022-09-25T14:33:07.276+0000] {processor.py:650} INFO - DAG(s) dict_keys(['tutorial']) retrieved from /home/airflow/.local/lib/python3.7/site-packages/airflow/example_dags/tutorial.py
[2022-09-25T14:33:07.379+0000] {logging_mixin.py:115} INFO - [2022-09-25T14:33:07.379+0000] {dag.py:2429} INFO - Sync 1 DAGs
[2022-09-25T14:33:07.447+0000] {logging_mixin.py:115} INFO - [2022-09-25T14:33:07.447+0000] {dag.py:2981} INFO - Setting next_dagrun for tutorial to 2022-09-24T14:33:07.447128+00:00, run_after=2022-09-25T14:33:07.447128+00:00
[2022-09-25T14:33:07.472+0000] {processor.py:161} INFO - Processing /home/airflow/.local/lib/python3.7/site-packages/airflow/example_dags/tutorial.py took 0.248 seconds
[2022-09-25T14:33:38.226+0000] {processor.py:153} INFO - Started process (PID=4851) to work on /home/airflow/.local/lib/python3.7/site-packages/airflow/example_dags/tutorial.py
[2022-09-25T14:33:38.229+0000] {processor.py:640} INFO - Processing file /home/airflow/.local/lib/python3.7/site-packages/airflow/example_dags/tutorial.py for tasks to queue
[2022-09-25T14:33:38.234+0000] {logging_mixin.py:115} INFO - [2022-09-25T14:33:38.233+0000] {dagbag.py:508} INFO - Filling up the DagBag from /home/airflow/.local/lib/python3.7/site-packages/airflow/example_dags/tutorial.py
[2022-09-25T14:33:38.263+0000] {processor.py:650} INFO - DAG(s) dict_keys(['tutorial']) retrieved from /home/airflow/.local/lib/python3.7/site-packages/airflow/example_dags/tutorial.py
[2022-09-25T14:33:38.314+0000] {logging_mixin.py:115} INFO - [2022-09-25T14:33:38.313+0000] {dag.py:2429} INFO - Sync 1 DAGs
[2022-09-25T14:33:38.361+0000] {logging_mixin.py:115} INFO - [2022-09-25T14:33:38.361+0000] {dag.py:2981} INFO - Setting next_dagrun for tutorial to 2022-09-24T14:33:38.360873+00:00, run_after=2022-09-25T14:33:38.360873+00:00
[2022-09-25T14:33:38.387+0000] {processor.py:161} INFO - Processing /home/airflow/.local/lib/python3.7/site-packages/airflow/example_dags/tutorial.py took 0.171 seconds
[2022-09-25T14:34:08.717+0000] {processor.py:153} INFO - Started process (PID=5060) to work on /home/airflow/.local/lib/python3.7/site-packages/airflow/example_dags/tutorial.py
[2022-09-25T14:34:08.720+0000] {processor.py:640} INFO - Processing file /home/airflow/.local/lib/python3.7/site-packages/airflow/example_dags/tutorial.py for tasks to queue
[2022-09-25T14:34:08.724+0000] {logging_mixin.py:115} INFO - [2022-09-25T14:34:08.724+0000] {dagbag.py:508} INFO - Filling up the DagBag from /home/airflow/.local/lib/python3.7/site-packages/airflow/example_dags/tutorial.py
[2022-09-25T14:34:08.746+0000] {processor.py:650} INFO - DAG(s) dict_keys(['tutorial']) retrieved from /home/airflow/.local/lib/python3.7/site-packages/airflow/example_dags/tutorial.py
[2022-09-25T14:34:08.814+0000] {logging_mixin.py:115} INFO - [2022-09-25T14:34:08.814+0000] {dag.py:2429} INFO - Sync 1 DAGs
[2022-09-25T14:34:08.869+0000] {logging_mixin.py:115} INFO - [2022-09-25T14:34:08.869+0000] {dag.py:2981} INFO - Setting next_dagrun for tutorial to 2022-09-24T14:34:08.869132+00:00, run_after=2022-09-25T14:34:08.869132+00:00
[2022-09-25T14:34:08.897+0000] {processor.py:161} INFO - Processing /home/airflow/.local/lib/python3.7/site-packages/airflow/example_dags/tutorial.py took 0.207 seconds
[2022-09-25T14:34:38.966+0000] {processor.py:153} INFO - Started process (PID=5265) to work on /home/airflow/.local/lib/python3.7/site-packages/airflow/example_dags/tutorial.py
[2022-09-25T14:34:38.969+0000] {processor.py:640} INFO - Processing file /home/airflow/.local/lib/python3.7/site-packages/airflow/example_dags/tutorial.py for tasks to queue
[2022-09-25T14:34:38.972+0000] {logging_mixin.py:115} INFO - [2022-09-25T14:34:38.971+0000] {dagbag.py:508} INFO - Filling up the DagBag from /home/airflow/.local/lib/python3.7/site-packages/airflow/example_dags/tutorial.py
[2022-09-25T14:34:38.988+0000] {processor.py:650} INFO - DAG(s) dict_keys(['tutorial']) retrieved from /home/airflow/.local/lib/python3.7/site-packages/airflow/example_dags/tutorial.py
[2022-09-25T14:34:39.034+0000] {logging_mixin.py:115} INFO - [2022-09-25T14:34:39.033+0000] {dag.py:2429} INFO - Sync 1 DAGs
[2022-09-25T14:34:39.078+0000] {logging_mixin.py:115} INFO - [2022-09-25T14:34:39.078+0000] {dag.py:2981} INFO - Setting next_dagrun for tutorial to 2022-09-24T14:34:39.078265+00:00, run_after=2022-09-25T14:34:39.078265+00:00
[2022-09-25T14:34:39.109+0000] {processor.py:161} INFO - Processing /home/airflow/.local/lib/python3.7/site-packages/airflow/example_dags/tutorial.py took 0.154 seconds
[2022-09-25T14:35:09.513+0000] {processor.py:153} INFO - Started process (PID=5477) to work on /home/airflow/.local/lib/python3.7/site-packages/airflow/example_dags/tutorial.py
[2022-09-25T14:35:09.517+0000] {processor.py:640} INFO - Processing file /home/airflow/.local/lib/python3.7/site-packages/airflow/example_dags/tutorial.py for tasks to queue
[2022-09-25T14:35:09.519+0000] {logging_mixin.py:115} INFO - [2022-09-25T14:35:09.518+0000] {dagbag.py:508} INFO - Filling up the DagBag from /home/airflow/.local/lib/python3.7/site-packages/airflow/example_dags/tutorial.py
[2022-09-25T14:35:09.538+0000] {processor.py:650} INFO - DAG(s) dict_keys(['tutorial']) retrieved from /home/airflow/.local/lib/python3.7/site-packages/airflow/example_dags/tutorial.py
[2022-09-25T14:35:09.587+0000] {logging_mixin.py:115} INFO - [2022-09-25T14:35:09.586+0000] {dag.py:2429} INFO - Sync 1 DAGs
[2022-09-25T14:35:09.631+0000] {logging_mixin.py:115} INFO - [2022-09-25T14:35:09.631+0000] {dag.py:2981} INFO - Setting next_dagrun for tutorial to 2022-09-24T14:35:09.630955+00:00, run_after=2022-09-25T14:35:09.630955+00:00
[2022-09-25T14:35:09.654+0000] {processor.py:161} INFO - Processing /home/airflow/.local/lib/python3.7/site-packages/airflow/example_dags/tutorial.py took 0.148 seconds
[2022-09-25T14:35:40.546+0000] {processor.py:153} INFO - Started process (PID=5682) to work on /home/airflow/.local/lib/python3.7/site-packages/airflow/example_dags/tutorial.py
[2022-09-25T14:35:40.550+0000] {processor.py:640} INFO - Processing file /home/airflow/.local/lib/python3.7/site-packages/airflow/example_dags/tutorial.py for tasks to queue
[2022-09-25T14:35:40.552+0000] {logging_mixin.py:115} INFO - [2022-09-25T14:35:40.552+0000] {dagbag.py:508} INFO - Filling up the DagBag from /home/airflow/.local/lib/python3.7/site-packages/airflow/example_dags/tutorial.py
[2022-09-25T14:35:40.570+0000] {processor.py:650} INFO - DAG(s) dict_keys(['tutorial']) retrieved from /home/airflow/.local/lib/python3.7/site-packages/airflow/example_dags/tutorial.py
[2022-09-25T14:35:40.618+0000] {logging_mixin.py:115} INFO - [2022-09-25T14:35:40.618+0000] {dag.py:2429} INFO - Sync 1 DAGs
[2022-09-25T14:35:40.656+0000] {logging_mixin.py:115} INFO - [2022-09-25T14:35:40.655+0000] {dag.py:2981} INFO - Setting next_dagrun for tutorial to 2022-09-24T14:35:40.655048+00:00, run_after=2022-09-25T14:35:40.655048+00:00
[2022-09-25T14:35:40.677+0000] {processor.py:161} INFO - Processing /home/airflow/.local/lib/python3.7/site-packages/airflow/example_dags/tutorial.py took 0.136 seconds
[2022-09-25T14:36:11.129+0000] {processor.py:153} INFO - Started process (PID=5897) to work on /home/airflow/.local/lib/python3.7/site-packages/airflow/example_dags/tutorial.py
[2022-09-25T14:36:11.131+0000] {processor.py:640} INFO - Processing file /home/airflow/.local/lib/python3.7/site-packages/airflow/example_dags/tutorial.py for tasks to queue
[2022-09-25T14:36:11.133+0000] {logging_mixin.py:115} INFO - [2022-09-25T14:36:11.133+0000] {dagbag.py:508} INFO - Filling up the DagBag from /home/airflow/.local/lib/python3.7/site-packages/airflow/example_dags/tutorial.py
[2022-09-25T14:36:11.147+0000] {processor.py:650} INFO - DAG(s) dict_keys(['tutorial']) retrieved from /home/airflow/.local/lib/python3.7/site-packages/airflow/example_dags/tutorial.py
[2022-09-25T14:36:11.188+0000] {logging_mixin.py:115} INFO - [2022-09-25T14:36:11.187+0000] {dag.py:2429} INFO - Sync 1 DAGs
[2022-09-25T14:36:11.223+0000] {logging_mixin.py:115} INFO - [2022-09-25T14:36:11.223+0000] {dag.py:2981} INFO - Setting next_dagrun for tutorial to 2022-09-24T14:36:11.222960+00:00, run_after=2022-09-25T14:36:11.222960+00:00
[2022-09-25T14:36:11.249+0000] {processor.py:161} INFO - Processing /home/airflow/.local/lib/python3.7/site-packages/airflow/example_dags/tutorial.py took 0.126 seconds
[2022-09-25T14:36:41.902+0000] {processor.py:153} INFO - Started process (PID=6102) to work on /home/airflow/.local/lib/python3.7/site-packages/airflow/example_dags/tutorial.py
[2022-09-25T14:36:41.911+0000] {processor.py:640} INFO - Processing file /home/airflow/.local/lib/python3.7/site-packages/airflow/example_dags/tutorial.py for tasks to queue
[2022-09-25T14:36:41.914+0000] {logging_mixin.py:115} INFO - [2022-09-25T14:36:41.913+0000] {dagbag.py:508} INFO - Filling up the DagBag from /home/airflow/.local/lib/python3.7/site-packages/airflow/example_dags/tutorial.py
[2022-09-25T14:36:41.926+0000] {processor.py:650} INFO - DAG(s) dict_keys(['tutorial']) retrieved from /home/airflow/.local/lib/python3.7/site-packages/airflow/example_dags/tutorial.py
[2022-09-25T14:36:41.976+0000] {logging_mixin.py:115} INFO - [2022-09-25T14:36:41.976+0000] {dag.py:2429} INFO - Sync 1 DAGs
[2022-09-25T14:36:42.021+0000] {logging_mixin.py:115} INFO - [2022-09-25T14:36:42.021+0000] {dag.py:2981} INFO - Setting next_dagrun for tutorial to 2022-09-24T14:36:42.021012+00:00, run_after=2022-09-25T14:36:42.021012+00:00
[2022-09-25T14:36:42.054+0000] {processor.py:161} INFO - Processing /home/airflow/.local/lib/python3.7/site-packages/airflow/example_dags/tutorial.py took 0.164 seconds
[2022-09-25T14:37:12.761+0000] {processor.py:153} INFO - Started process (PID=6315) to work on /home/airflow/.local/lib/python3.7/site-packages/airflow/example_dags/tutorial.py
[2022-09-25T14:37:12.764+0000] {processor.py:640} INFO - Processing file /home/airflow/.local/lib/python3.7/site-packages/airflow/example_dags/tutorial.py for tasks to queue
[2022-09-25T14:37:12.766+0000] {logging_mixin.py:115} INFO - [2022-09-25T14:37:12.766+0000] {dagbag.py:508} INFO - Filling up the DagBag from /home/airflow/.local/lib/python3.7/site-packages/airflow/example_dags/tutorial.py
[2022-09-25T14:37:12.778+0000] {processor.py:650} INFO - DAG(s) dict_keys(['tutorial']) retrieved from /home/airflow/.local/lib/python3.7/site-packages/airflow/example_dags/tutorial.py
[2022-09-25T14:37:12.846+0000] {logging_mixin.py:115} INFO - [2022-09-25T14:37:12.845+0000] {dag.py:2429} INFO - Sync 1 DAGs
[2022-09-25T14:37:12.904+0000] {logging_mixin.py:115} INFO - [2022-09-25T14:37:12.904+0000] {dag.py:2981} INFO - Setting next_dagrun for tutorial to 2022-09-24T14:37:12.903482+00:00, run_after=2022-09-25T14:37:12.903482+00:00
[2022-09-25T14:37:12.940+0000] {processor.py:161} INFO - Processing /home/airflow/.local/lib/python3.7/site-packages/airflow/example_dags/tutorial.py took 0.187 seconds
[2022-09-25T14:37:43.118+0000] {processor.py:153} INFO - Started process (PID=6520) to work on /home/airflow/.local/lib/python3.7/site-packages/airflow/example_dags/tutorial.py
[2022-09-25T14:37:43.125+0000] {processor.py:640} INFO - Processing file /home/airflow/.local/lib/python3.7/site-packages/airflow/example_dags/tutorial.py for tasks to queue
[2022-09-25T14:37:43.127+0000] {logging_mixin.py:115} INFO - [2022-09-25T14:37:43.127+0000] {dagbag.py:508} INFO - Filling up the DagBag from /home/airflow/.local/lib/python3.7/site-packages/airflow/example_dags/tutorial.py
[2022-09-25T14:37:43.137+0000] {processor.py:650} INFO - DAG(s) dict_keys(['tutorial']) retrieved from /home/airflow/.local/lib/python3.7/site-packages/airflow/example_dags/tutorial.py
[2022-09-25T14:37:43.187+0000] {logging_mixin.py:115} INFO - [2022-09-25T14:37:43.187+0000] {dag.py:2429} INFO - Sync 1 DAGs
[2022-09-25T14:37:43.221+0000] {logging_mixin.py:115} INFO - [2022-09-25T14:37:43.221+0000] {dag.py:2981} INFO - Setting next_dagrun for tutorial to 2022-09-24T14:37:43.220656+00:00, run_after=2022-09-25T14:37:43.220656+00:00
[2022-09-25T14:37:43.241+0000] {processor.py:161} INFO - Processing /home/airflow/.local/lib/python3.7/site-packages/airflow/example_dags/tutorial.py took 0.132 seconds
[2022-09-25T14:38:13.416+0000] {processor.py:153} INFO - Started process (PID=6733) to work on /home/airflow/.local/lib/python3.7/site-packages/airflow/example_dags/tutorial.py
[2022-09-25T14:38:13.418+0000] {processor.py:640} INFO - Processing file /home/airflow/.local/lib/python3.7/site-packages/airflow/example_dags/tutorial.py for tasks to queue
[2022-09-25T14:38:13.420+0000] {logging_mixin.py:115} INFO - [2022-09-25T14:38:13.420+0000] {dagbag.py:508} INFO - Filling up the DagBag from /home/airflow/.local/lib/python3.7/site-packages/airflow/example_dags/tutorial.py
[2022-09-25T14:38:13.430+0000] {processor.py:650} INFO - DAG(s) dict_keys(['tutorial']) retrieved from /home/airflow/.local/lib/python3.7/site-packages/airflow/example_dags/tutorial.py
[2022-09-25T14:38:13.476+0000] {logging_mixin.py:115} INFO - [2022-09-25T14:38:13.475+0000] {dag.py:2429} INFO - Sync 1 DAGs
[2022-09-25T14:38:13.512+0000] {logging_mixin.py:115} INFO - [2022-09-25T14:38:13.512+0000] {dag.py:2981} INFO - Setting next_dagrun for tutorial to 2022-09-24T14:38:13.512013+00:00, run_after=2022-09-25T14:38:13.512013+00:00
[2022-09-25T14:38:13.538+0000] {processor.py:161} INFO - Processing /home/airflow/.local/lib/python3.7/site-packages/airflow/example_dags/tutorial.py took 0.130 seconds
[2022-09-25T14:38:43.995+0000] {processor.py:153} INFO - Started process (PID=6938) to work on /home/airflow/.local/lib/python3.7/site-packages/airflow/example_dags/tutorial.py
[2022-09-25T14:38:43.997+0000] {processor.py:640} INFO - Processing file /home/airflow/.local/lib/python3.7/site-packages/airflow/example_dags/tutorial.py for tasks to queue
[2022-09-25T14:38:44.000+0000] {logging_mixin.py:115} INFO - [2022-09-25T14:38:44.000+0000] {dagbag.py:508} INFO - Filling up the DagBag from /home/airflow/.local/lib/python3.7/site-packages/airflow/example_dags/tutorial.py
[2022-09-25T14:38:44.010+0000] {processor.py:650} INFO - DAG(s) dict_keys(['tutorial']) retrieved from /home/airflow/.local/lib/python3.7/site-packages/airflow/example_dags/tutorial.py
[2022-09-25T14:38:44.057+0000] {logging_mixin.py:115} INFO - [2022-09-25T14:38:44.057+0000] {dag.py:2429} INFO - Sync 1 DAGs
[2022-09-25T14:38:44.097+0000] {logging_mixin.py:115} INFO - [2022-09-25T14:38:44.097+0000] {dag.py:2981} INFO - Setting next_dagrun for tutorial to 2022-09-24T14:38:44.096961+00:00, run_after=2022-09-25T14:38:44.096961+00:00
[2022-09-25T14:38:44.123+0000] {processor.py:161} INFO - Processing /home/airflow/.local/lib/python3.7/site-packages/airflow/example_dags/tutorial.py took 0.136 seconds
[2022-09-25T14:39:14.345+0000] {processor.py:153} INFO - Started process (PID=7144) to work on /home/airflow/.local/lib/python3.7/site-packages/airflow/example_dags/tutorial.py
[2022-09-25T14:39:14.352+0000] {processor.py:640} INFO - Processing file /home/airflow/.local/lib/python3.7/site-packages/airflow/example_dags/tutorial.py for tasks to queue
[2022-09-25T14:39:14.354+0000] {logging_mixin.py:115} INFO - [2022-09-25T14:39:14.354+0000] {dagbag.py:508} INFO - Filling up the DagBag from /home/airflow/.local/lib/python3.7/site-packages/airflow/example_dags/tutorial.py
[2022-09-25T14:39:14.364+0000] {processor.py:650} INFO - DAG(s) dict_keys(['tutorial']) retrieved from /home/airflow/.local/lib/python3.7/site-packages/airflow/example_dags/tutorial.py
[2022-09-25T14:39:14.412+0000] {logging_mixin.py:115} INFO - [2022-09-25T14:39:14.412+0000] {dag.py:2429} INFO - Sync 1 DAGs
[2022-09-25T14:39:14.451+0000] {logging_mixin.py:115} INFO - [2022-09-25T14:39:14.451+0000] {dag.py:2981} INFO - Setting next_dagrun for tutorial to 2022-09-24T14:39:14.451156+00:00, run_after=2022-09-25T14:39:14.451156+00:00
[2022-09-25T14:39:14.472+0000] {processor.py:161} INFO - Processing /home/airflow/.local/lib/python3.7/site-packages/airflow/example_dags/tutorial.py took 0.134 seconds
[2022-09-25T14:39:44.663+0000] {processor.py:153} INFO - Started process (PID=7358) to work on /home/airflow/.local/lib/python3.7/site-packages/airflow/example_dags/tutorial.py
[2022-09-25T14:39:44.668+0000] {processor.py:640} INFO - Processing file /home/airflow/.local/lib/python3.7/site-packages/airflow/example_dags/tutorial.py for tasks to queue
[2022-09-25T14:39:44.671+0000] {logging_mixin.py:115} INFO - [2022-09-25T14:39:44.670+0000] {dagbag.py:508} INFO - Filling up the DagBag from /home/airflow/.local/lib/python3.7/site-packages/airflow/example_dags/tutorial.py
[2022-09-25T14:39:44.681+0000] {processor.py:650} INFO - DAG(s) dict_keys(['tutorial']) retrieved from /home/airflow/.local/lib/python3.7/site-packages/airflow/example_dags/tutorial.py
[2022-09-25T14:39:44.726+0000] {logging_mixin.py:115} INFO - [2022-09-25T14:39:44.726+0000] {dag.py:2429} INFO - Sync 1 DAGs
[2022-09-25T14:39:44.763+0000] {logging_mixin.py:115} INFO - [2022-09-25T14:39:44.763+0000] {dag.py:2981} INFO - Setting next_dagrun for tutorial to 2022-09-24T14:39:44.763096+00:00, run_after=2022-09-25T14:39:44.763096+00:00
[2022-09-25T14:39:44.793+0000] {processor.py:161} INFO - Processing /home/airflow/.local/lib/python3.7/site-packages/airflow/example_dags/tutorial.py took 0.139 seconds
[2022-09-25T14:40:15.143+0000] {processor.py:153} INFO - Started process (PID=7563) to work on /home/airflow/.local/lib/python3.7/site-packages/airflow/example_dags/tutorial.py
[2022-09-25T14:40:15.147+0000] {processor.py:640} INFO - Processing file /home/airflow/.local/lib/python3.7/site-packages/airflow/example_dags/tutorial.py for tasks to queue
[2022-09-25T14:40:15.150+0000] {logging_mixin.py:115} INFO - [2022-09-25T14:40:15.150+0000] {dagbag.py:508} INFO - Filling up the DagBag from /home/airflow/.local/lib/python3.7/site-packages/airflow/example_dags/tutorial.py
[2022-09-25T14:40:15.160+0000] {processor.py:650} INFO - DAG(s) dict_keys(['tutorial']) retrieved from /home/airflow/.local/lib/python3.7/site-packages/airflow/example_dags/tutorial.py
[2022-09-25T14:40:15.200+0000] {logging_mixin.py:115} INFO - [2022-09-25T14:40:15.200+0000] {dag.py:2429} INFO - Sync 1 DAGs
[2022-09-25T14:40:15.235+0000] {logging_mixin.py:115} INFO - [2022-09-25T14:40:15.235+0000] {dag.py:2981} INFO - Setting next_dagrun for tutorial to 2022-09-24T14:40:15.234638+00:00, run_after=2022-09-25T14:40:15.234638+00:00
[2022-09-25T14:40:15.256+0000] {processor.py:161} INFO - Processing /home/airflow/.local/lib/python3.7/site-packages/airflow/example_dags/tutorial.py took 0.120 seconds
[2022-09-25T14:40:45.737+0000] {processor.py:153} INFO - Started process (PID=7777) to work on /home/airflow/.local/lib/python3.7/site-packages/airflow/example_dags/tutorial.py
[2022-09-25T14:40:45.740+0000] {processor.py:640} INFO - Processing file /home/airflow/.local/lib/python3.7/site-packages/airflow/example_dags/tutorial.py for tasks to queue
[2022-09-25T14:40:45.741+0000] {logging_mixin.py:115} INFO - [2022-09-25T14:40:45.741+0000] {dagbag.py:508} INFO - Filling up the DagBag from /home/airflow/.local/lib/python3.7/site-packages/airflow/example_dags/tutorial.py
[2022-09-25T14:40:45.751+0000] {processor.py:650} INFO - DAG(s) dict_keys(['tutorial']) retrieved from /home/airflow/.local/lib/python3.7/site-packages/airflow/example_dags/tutorial.py
[2022-09-25T14:40:45.794+0000] {logging_mixin.py:115} INFO - [2022-09-25T14:40:45.793+0000] {dag.py:2429} INFO - Sync 1 DAGs
[2022-09-25T14:40:45.833+0000] {logging_mixin.py:115} INFO - [2022-09-25T14:40:45.833+0000] {dag.py:2981} INFO - Setting next_dagrun for tutorial to 2022-09-24T14:40:45.832661+00:00, run_after=2022-09-25T14:40:45.832661+00:00
[2022-09-25T14:40:45.854+0000] {processor.py:161} INFO - Processing /home/airflow/.local/lib/python3.7/site-packages/airflow/example_dags/tutorial.py took 0.124 seconds
[2022-09-25T14:41:16.452+0000] {processor.py:153} INFO - Started process (PID=7982) to work on /home/airflow/.local/lib/python3.7/site-packages/airflow/example_dags/tutorial.py
[2022-09-25T14:41:16.454+0000] {processor.py:640} INFO - Processing file /home/airflow/.local/lib/python3.7/site-packages/airflow/example_dags/tutorial.py for tasks to queue
[2022-09-25T14:41:16.456+0000] {logging_mixin.py:115} INFO - [2022-09-25T14:41:16.456+0000] {dagbag.py:508} INFO - Filling up the DagBag from /home/airflow/.local/lib/python3.7/site-packages/airflow/example_dags/tutorial.py
[2022-09-25T14:41:16.465+0000] {processor.py:650} INFO - DAG(s) dict_keys(['tutorial']) retrieved from /home/airflow/.local/lib/python3.7/site-packages/airflow/example_dags/tutorial.py
[2022-09-25T14:41:16.507+0000] {logging_mixin.py:115} INFO - [2022-09-25T14:41:16.507+0000] {dag.py:2429} INFO - Sync 1 DAGs
[2022-09-25T14:41:16.549+0000] {logging_mixin.py:115} INFO - [2022-09-25T14:41:16.548+0000] {dag.py:2981} INFO - Setting next_dagrun for tutorial to 2022-09-24T14:41:16.548475+00:00, run_after=2022-09-25T14:41:16.548475+00:00
[2022-09-25T14:41:16.569+0000] {processor.py:161} INFO - Processing /home/airflow/.local/lib/python3.7/site-packages/airflow/example_dags/tutorial.py took 0.122 seconds
[2022-09-25T14:41:47.106+0000] {processor.py:153} INFO - Started process (PID=8196) to work on /home/airflow/.local/lib/python3.7/site-packages/airflow/example_dags/tutorial.py
[2022-09-25T14:41:47.109+0000] {processor.py:640} INFO - Processing file /home/airflow/.local/lib/python3.7/site-packages/airflow/example_dags/tutorial.py for tasks to queue
[2022-09-25T14:41:47.111+0000] {logging_mixin.py:115} INFO - [2022-09-25T14:41:47.111+0000] {dagbag.py:508} INFO - Filling up the DagBag from /home/airflow/.local/lib/python3.7/site-packages/airflow/example_dags/tutorial.py
[2022-09-25T14:41:47.122+0000] {processor.py:650} INFO - DAG(s) dict_keys(['tutorial']) retrieved from /home/airflow/.local/lib/python3.7/site-packages/airflow/example_dags/tutorial.py
[2022-09-25T14:41:47.165+0000] {logging_mixin.py:115} INFO - [2022-09-25T14:41:47.165+0000] {dag.py:2429} INFO - Sync 1 DAGs
[2022-09-25T14:41:47.204+0000] {logging_mixin.py:115} INFO - [2022-09-25T14:41:47.204+0000] {dag.py:2981} INFO - Setting next_dagrun for tutorial to 2022-09-24T14:41:47.203617+00:00, run_after=2022-09-25T14:41:47.203617+00:00
[2022-09-25T14:41:47.229+0000] {processor.py:161} INFO - Processing /home/airflow/.local/lib/python3.7/site-packages/airflow/example_dags/tutorial.py took 0.129 seconds
[2022-09-25T14:42:18.004+0000] {processor.py:153} INFO - Started process (PID=8401) to work on /home/airflow/.local/lib/python3.7/site-packages/airflow/example_dags/tutorial.py
[2022-09-25T14:42:18.007+0000] {processor.py:640} INFO - Processing file /home/airflow/.local/lib/python3.7/site-packages/airflow/example_dags/tutorial.py for tasks to queue
[2022-09-25T14:42:18.008+0000] {logging_mixin.py:115} INFO - [2022-09-25T14:42:18.008+0000] {dagbag.py:508} INFO - Filling up the DagBag from /home/airflow/.local/lib/python3.7/site-packages/airflow/example_dags/tutorial.py
[2022-09-25T14:42:18.018+0000] {processor.py:650} INFO - DAG(s) dict_keys(['tutorial']) retrieved from /home/airflow/.local/lib/python3.7/site-packages/airflow/example_dags/tutorial.py
[2022-09-25T14:42:18.060+0000] {logging_mixin.py:115} INFO - [2022-09-25T14:42:18.060+0000] {dag.py:2429} INFO - Sync 1 DAGs
[2022-09-25T14:42:18.098+0000] {logging_mixin.py:115} INFO - [2022-09-25T14:42:18.098+0000] {dag.py:2981} INFO - Setting next_dagrun for tutorial to 2022-09-24T14:42:18.098098+00:00, run_after=2022-09-25T14:42:18.098098+00:00
[2022-09-25T14:42:18.124+0000] {processor.py:161} INFO - Processing /home/airflow/.local/lib/python3.7/site-packages/airflow/example_dags/tutorial.py took 0.126 seconds
[2022-09-25T14:42:48.286+0000] {processor.py:153} INFO - Started process (PID=8617) to work on /home/airflow/.local/lib/python3.7/site-packages/airflow/example_dags/tutorial.py
[2022-09-25T14:42:48.293+0000] {processor.py:640} INFO - Processing file /home/airflow/.local/lib/python3.7/site-packages/airflow/example_dags/tutorial.py for tasks to queue
[2022-09-25T14:42:48.296+0000] {logging_mixin.py:115} INFO - [2022-09-25T14:42:48.295+0000] {dagbag.py:508} INFO - Filling up the DagBag from /home/airflow/.local/lib/python3.7/site-packages/airflow/example_dags/tutorial.py
[2022-09-25T14:42:48.305+0000] {processor.py:650} INFO - DAG(s) dict_keys(['tutorial']) retrieved from /home/airflow/.local/lib/python3.7/site-packages/airflow/example_dags/tutorial.py
[2022-09-25T14:42:48.355+0000] {logging_mixin.py:115} INFO - [2022-09-25T14:42:48.355+0000] {dag.py:2429} INFO - Sync 1 DAGs
[2022-09-25T14:42:48.390+0000] {logging_mixin.py:115} INFO - [2022-09-25T14:42:48.390+0000] {dag.py:2981} INFO - Setting next_dagrun for tutorial to 2022-09-24T14:42:48.390361+00:00, run_after=2022-09-25T14:42:48.390361+00:00
[2022-09-25T14:42:48.411+0000] {processor.py:161} INFO - Processing /home/airflow/.local/lib/python3.7/site-packages/airflow/example_dags/tutorial.py took 0.132 seconds
[2022-09-25T14:43:18.642+0000] {processor.py:153} INFO - Started process (PID=8822) to work on /home/airflow/.local/lib/python3.7/site-packages/airflow/example_dags/tutorial.py
[2022-09-25T14:43:18.650+0000] {processor.py:640} INFO - Processing file /home/airflow/.local/lib/python3.7/site-packages/airflow/example_dags/tutorial.py for tasks to queue
[2022-09-25T14:43:18.652+0000] {logging_mixin.py:115} INFO - [2022-09-25T14:43:18.652+0000] {dagbag.py:508} INFO - Filling up the DagBag from /home/airflow/.local/lib/python3.7/site-packages/airflow/example_dags/tutorial.py
[2022-09-25T14:43:18.663+0000] {processor.py:650} INFO - DAG(s) dict_keys(['tutorial']) retrieved from /home/airflow/.local/lib/python3.7/site-packages/airflow/example_dags/tutorial.py
[2022-09-25T14:43:18.709+0000] {logging_mixin.py:115} INFO - [2022-09-25T14:43:18.709+0000] {dag.py:2429} INFO - Sync 1 DAGs
[2022-09-25T14:43:18.750+0000] {logging_mixin.py:115} INFO - [2022-09-25T14:43:18.750+0000] {dag.py:2981} INFO - Setting next_dagrun for tutorial to 2022-09-24T14:43:18.750229+00:00, run_after=2022-09-25T14:43:18.750229+00:00
[2022-09-25T14:43:18.772+0000] {processor.py:161} INFO - Processing /home/airflow/.local/lib/python3.7/site-packages/airflow/example_dags/tutorial.py took 0.137 seconds
[2022-09-25T14:43:49.247+0000] {processor.py:153} INFO - Started process (PID=9037) to work on /home/airflow/.local/lib/python3.7/site-packages/airflow/example_dags/tutorial.py
[2022-09-25T14:43:49.250+0000] {processor.py:640} INFO - Processing file /home/airflow/.local/lib/python3.7/site-packages/airflow/example_dags/tutorial.py for tasks to queue
[2022-09-25T14:43:49.252+0000] {logging_mixin.py:115} INFO - [2022-09-25T14:43:49.252+0000] {dagbag.py:508} INFO - Filling up the DagBag from /home/airflow/.local/lib/python3.7/site-packages/airflow/example_dags/tutorial.py
[2022-09-25T14:43:49.263+0000] {processor.py:650} INFO - DAG(s) dict_keys(['tutorial']) retrieved from /home/airflow/.local/lib/python3.7/site-packages/airflow/example_dags/tutorial.py
[2022-09-25T14:43:49.314+0000] {logging_mixin.py:115} INFO - [2022-09-25T14:43:49.314+0000] {dag.py:2429} INFO - Sync 1 DAGs
[2022-09-25T14:43:49.352+0000] {logging_mixin.py:115} INFO - [2022-09-25T14:43:49.352+0000] {dag.py:2981} INFO - Setting next_dagrun for tutorial to 2022-09-24T14:43:49.351538+00:00, run_after=2022-09-25T14:43:49.351538+00:00
[2022-09-25T14:43:49.380+0000] {processor.py:161} INFO - Processing /home/airflow/.local/lib/python3.7/site-packages/airflow/example_dags/tutorial.py took 0.138 seconds
[2022-09-25T14:44:19.968+0000] {processor.py:153} INFO - Started process (PID=9242) to work on /home/airflow/.local/lib/python3.7/site-packages/airflow/example_dags/tutorial.py
[2022-09-25T14:44:19.983+0000] {processor.py:640} INFO - Processing file /home/airflow/.local/lib/python3.7/site-packages/airflow/example_dags/tutorial.py for tasks to queue
[2022-09-25T14:44:19.989+0000] {logging_mixin.py:115} INFO - [2022-09-25T14:44:19.988+0000] {dagbag.py:508} INFO - Filling up the DagBag from /home/airflow/.local/lib/python3.7/site-packages/airflow/example_dags/tutorial.py
[2022-09-25T14:44:20.006+0000] {processor.py:650} INFO - DAG(s) dict_keys(['tutorial']) retrieved from /home/airflow/.local/lib/python3.7/site-packages/airflow/example_dags/tutorial.py
[2022-09-25T14:44:20.085+0000] {logging_mixin.py:115} INFO - [2022-09-25T14:44:20.084+0000] {dag.py:2429} INFO - Sync 1 DAGs
[2022-09-25T14:44:20.145+0000] {logging_mixin.py:115} INFO - [2022-09-25T14:44:20.145+0000] {dag.py:2981} INFO - Setting next_dagrun for tutorial to 2022-09-24T14:44:20.144941+00:00, run_after=2022-09-25T14:44:20.144941+00:00
[2022-09-25T14:44:20.169+0000] {processor.py:161} INFO - Processing /home/airflow/.local/lib/python3.7/site-packages/airflow/example_dags/tutorial.py took 0.211 seconds
[2022-09-25T14:44:50.441+0000] {processor.py:153} INFO - Started process (PID=9457) to work on /home/airflow/.local/lib/python3.7/site-packages/airflow/example_dags/tutorial.py
[2022-09-25T14:44:50.445+0000] {processor.py:640} INFO - Processing file /home/airflow/.local/lib/python3.7/site-packages/airflow/example_dags/tutorial.py for tasks to queue
[2022-09-25T14:44:50.447+0000] {logging_mixin.py:115} INFO - [2022-09-25T14:44:50.446+0000] {dagbag.py:508} INFO - Filling up the DagBag from /home/airflow/.local/lib/python3.7/site-packages/airflow/example_dags/tutorial.py
[2022-09-25T14:44:50.459+0000] {processor.py:650} INFO - DAG(s) dict_keys(['tutorial']) retrieved from /home/airflow/.local/lib/python3.7/site-packages/airflow/example_dags/tutorial.py
[2022-09-25T14:44:50.506+0000] {logging_mixin.py:115} INFO - [2022-09-25T14:44:50.506+0000] {dag.py:2429} INFO - Sync 1 DAGs
[2022-09-25T14:44:50.543+0000] {logging_mixin.py:115} INFO - [2022-09-25T14:44:50.543+0000] {dag.py:2981} INFO - Setting next_dagrun for tutorial to 2022-09-24T14:44:50.542972+00:00, run_after=2022-09-25T14:44:50.542972+00:00
[2022-09-25T14:44:50.563+0000] {processor.py:161} INFO - Processing /home/airflow/.local/lib/python3.7/site-packages/airflow/example_dags/tutorial.py took 0.128 seconds
[2022-09-25T14:45:20.970+0000] {processor.py:153} INFO - Started process (PID=9662) to work on /home/airflow/.local/lib/python3.7/site-packages/airflow/example_dags/tutorial.py
[2022-09-25T14:45:20.973+0000] {processor.py:640} INFO - Processing file /home/airflow/.local/lib/python3.7/site-packages/airflow/example_dags/tutorial.py for tasks to queue
[2022-09-25T14:45:20.975+0000] {logging_mixin.py:115} INFO - [2022-09-25T14:45:20.975+0000] {dagbag.py:508} INFO - Filling up the DagBag from /home/airflow/.local/lib/python3.7/site-packages/airflow/example_dags/tutorial.py
[2022-09-25T14:45:20.985+0000] {processor.py:650} INFO - DAG(s) dict_keys(['tutorial']) retrieved from /home/airflow/.local/lib/python3.7/site-packages/airflow/example_dags/tutorial.py
[2022-09-25T14:45:21.027+0000] {logging_mixin.py:115} INFO - [2022-09-25T14:45:21.027+0000] {dag.py:2429} INFO - Sync 1 DAGs
[2022-09-25T14:45:21.063+0000] {logging_mixin.py:115} INFO - [2022-09-25T14:45:21.063+0000] {dag.py:2981} INFO - Setting next_dagrun for tutorial to 2022-09-24T14:45:21.063036+00:00, run_after=2022-09-25T14:45:21.063036+00:00
[2022-09-25T14:45:21.089+0000] {processor.py:161} INFO - Processing /home/airflow/.local/lib/python3.7/site-packages/airflow/example_dags/tutorial.py took 0.123 seconds
[2022-09-25T14:45:51.602+0000] {processor.py:153} INFO - Started process (PID=9876) to work on /home/airflow/.local/lib/python3.7/site-packages/airflow/example_dags/tutorial.py
[2022-09-25T14:45:51.605+0000] {processor.py:640} INFO - Processing file /home/airflow/.local/lib/python3.7/site-packages/airflow/example_dags/tutorial.py for tasks to queue
[2022-09-25T14:45:51.608+0000] {logging_mixin.py:115} INFO - [2022-09-25T14:45:51.607+0000] {dagbag.py:508} INFO - Filling up the DagBag from /home/airflow/.local/lib/python3.7/site-packages/airflow/example_dags/tutorial.py
[2022-09-25T14:45:51.621+0000] {processor.py:650} INFO - DAG(s) dict_keys(['tutorial']) retrieved from /home/airflow/.local/lib/python3.7/site-packages/airflow/example_dags/tutorial.py
[2022-09-25T14:45:51.672+0000] {logging_mixin.py:115} INFO - [2022-09-25T14:45:51.671+0000] {dag.py:2429} INFO - Sync 1 DAGs
[2022-09-25T14:45:51.713+0000] {logging_mixin.py:115} INFO - [2022-09-25T14:45:51.713+0000] {dag.py:2981} INFO - Setting next_dagrun for tutorial to 2022-09-24T14:45:51.712778+00:00, run_after=2022-09-25T14:45:51.712778+00:00
[2022-09-25T14:45:51.739+0000] {processor.py:161} INFO - Processing /home/airflow/.local/lib/python3.7/site-packages/airflow/example_dags/tutorial.py took 0.145 seconds
[2022-09-25T14:46:22.217+0000] {processor.py:153} INFO - Started process (PID=10081) to work on /home/airflow/.local/lib/python3.7/site-packages/airflow/example_dags/tutorial.py
[2022-09-25T14:46:22.220+0000] {processor.py:640} INFO - Processing file /home/airflow/.local/lib/python3.7/site-packages/airflow/example_dags/tutorial.py for tasks to queue
[2022-09-25T14:46:22.222+0000] {logging_mixin.py:115} INFO - [2022-09-25T14:46:22.222+0000] {dagbag.py:508} INFO - Filling up the DagBag from /home/airflow/.local/lib/python3.7/site-packages/airflow/example_dags/tutorial.py
[2022-09-25T14:46:22.235+0000] {processor.py:650} INFO - DAG(s) dict_keys(['tutorial']) retrieved from /home/airflow/.local/lib/python3.7/site-packages/airflow/example_dags/tutorial.py
[2022-09-25T14:46:22.288+0000] {logging_mixin.py:115} INFO - [2022-09-25T14:46:22.288+0000] {dag.py:2429} INFO - Sync 1 DAGs
[2022-09-25T14:46:22.334+0000] {logging_mixin.py:115} INFO - [2022-09-25T14:46:22.334+0000] {dag.py:2981} INFO - Setting next_dagrun for tutorial to 2022-09-24T14:46:22.333733+00:00, run_after=2022-09-25T14:46:22.333733+00:00
[2022-09-25T14:46:22.358+0000] {processor.py:161} INFO - Processing /home/airflow/.local/lib/python3.7/site-packages/airflow/example_dags/tutorial.py took 0.152 seconds
[2022-09-25T14:46:52.665+0000] {processor.py:153} INFO - Started process (PID=10295) to work on /home/airflow/.local/lib/python3.7/site-packages/airflow/example_dags/tutorial.py
[2022-09-25T14:46:52.674+0000] {processor.py:640} INFO - Processing file /home/airflow/.local/lib/python3.7/site-packages/airflow/example_dags/tutorial.py for tasks to queue
[2022-09-25T14:46:52.676+0000] {logging_mixin.py:115} INFO - [2022-09-25T14:46:52.676+0000] {dagbag.py:508} INFO - Filling up the DagBag from /home/airflow/.local/lib/python3.7/site-packages/airflow/example_dags/tutorial.py
[2022-09-25T14:46:52.685+0000] {processor.py:650} INFO - DAG(s) dict_keys(['tutorial']) retrieved from /home/airflow/.local/lib/python3.7/site-packages/airflow/example_dags/tutorial.py
[2022-09-25T14:46:52.726+0000] {logging_mixin.py:115} INFO - [2022-09-25T14:46:52.726+0000] {dag.py:2429} INFO - Sync 1 DAGs
[2022-09-25T14:46:52.761+0000] {logging_mixin.py:115} INFO - [2022-09-25T14:46:52.761+0000] {dag.py:2981} INFO - Setting next_dagrun for tutorial to 2022-09-24T14:46:52.760685+00:00, run_after=2022-09-25T14:46:52.760685+00:00
[2022-09-25T14:46:52.812+0000] {processor.py:161} INFO - Processing /home/airflow/.local/lib/python3.7/site-packages/airflow/example_dags/tutorial.py took 0.152 seconds
[2022-09-25T14:47:23.104+0000] {processor.py:153} INFO - Started process (PID=10500) to work on /home/airflow/.local/lib/python3.7/site-packages/airflow/example_dags/tutorial.py
[2022-09-25T14:47:23.108+0000] {processor.py:640} INFO - Processing file /home/airflow/.local/lib/python3.7/site-packages/airflow/example_dags/tutorial.py for tasks to queue
[2022-09-25T14:47:23.110+0000] {logging_mixin.py:115} INFO - [2022-09-25T14:47:23.110+0000] {dagbag.py:508} INFO - Filling up the DagBag from /home/airflow/.local/lib/python3.7/site-packages/airflow/example_dags/tutorial.py
[2022-09-25T14:47:23.123+0000] {processor.py:650} INFO - DAG(s) dict_keys(['tutorial']) retrieved from /home/airflow/.local/lib/python3.7/site-packages/airflow/example_dags/tutorial.py
[2022-09-25T14:47:23.175+0000] {logging_mixin.py:115} INFO - [2022-09-25T14:47:23.175+0000] {dag.py:2429} INFO - Sync 1 DAGs
[2022-09-25T14:47:23.231+0000] {logging_mixin.py:115} INFO - [2022-09-25T14:47:23.231+0000] {dag.py:2981} INFO - Setting next_dagrun for tutorial to 2022-09-24T14:47:23.231041+00:00, run_after=2022-09-25T14:47:23.231041+00:00
[2022-09-25T14:47:23.269+0000] {processor.py:161} INFO - Processing /home/airflow/.local/lib/python3.7/site-packages/airflow/example_dags/tutorial.py took 0.170 seconds
[2022-09-25T14:47:53.887+0000] {processor.py:153} INFO - Started process (PID=10714) to work on /home/airflow/.local/lib/python3.7/site-packages/airflow/example_dags/tutorial.py
[2022-09-25T14:47:53.889+0000] {processor.py:640} INFO - Processing file /home/airflow/.local/lib/python3.7/site-packages/airflow/example_dags/tutorial.py for tasks to queue
[2022-09-25T14:47:53.891+0000] {logging_mixin.py:115} INFO - [2022-09-25T14:47:53.891+0000] {dagbag.py:508} INFO - Filling up the DagBag from /home/airflow/.local/lib/python3.7/site-packages/airflow/example_dags/tutorial.py
[2022-09-25T14:47:53.900+0000] {processor.py:650} INFO - DAG(s) dict_keys(['tutorial']) retrieved from /home/airflow/.local/lib/python3.7/site-packages/airflow/example_dags/tutorial.py
[2022-09-25T14:47:53.940+0000] {logging_mixin.py:115} INFO - [2022-09-25T14:47:53.940+0000] {dag.py:2429} INFO - Sync 1 DAGs
[2022-09-25T14:47:53.973+0000] {logging_mixin.py:115} INFO - [2022-09-25T14:47:53.973+0000] {dag.py:2981} INFO - Setting next_dagrun for tutorial to 2022-09-24T14:47:53.973116+00:00, run_after=2022-09-25T14:47:53.973116+00:00
[2022-09-25T14:47:53.993+0000] {processor.py:161} INFO - Processing /home/airflow/.local/lib/python3.7/site-packages/airflow/example_dags/tutorial.py took 0.112 seconds
[2022-09-25T14:48:24.181+0000] {processor.py:153} INFO - Started process (PID=10920) to work on /home/airflow/.local/lib/python3.7/site-packages/airflow/example_dags/tutorial.py
[2022-09-25T14:48:24.190+0000] {processor.py:640} INFO - Processing file /home/airflow/.local/lib/python3.7/site-packages/airflow/example_dags/tutorial.py for tasks to queue
[2022-09-25T14:48:24.194+0000] {logging_mixin.py:115} INFO - [2022-09-25T14:48:24.193+0000] {dagbag.py:508} INFO - Filling up the DagBag from /home/airflow/.local/lib/python3.7/site-packages/airflow/example_dags/tutorial.py
[2022-09-25T14:48:24.207+0000] {processor.py:650} INFO - DAG(s) dict_keys(['tutorial']) retrieved from /home/airflow/.local/lib/python3.7/site-packages/airflow/example_dags/tutorial.py
[2022-09-25T14:48:24.252+0000] {logging_mixin.py:115} INFO - [2022-09-25T14:48:24.252+0000] {dag.py:2429} INFO - Sync 1 DAGs
[2022-09-25T14:48:24.296+0000] {logging_mixin.py:115} INFO - [2022-09-25T14:48:24.295+0000] {dag.py:2981} INFO - Setting next_dagrun for tutorial to 2022-09-24T14:48:24.295097+00:00, run_after=2022-09-25T14:48:24.295097+00:00
[2022-09-25T14:48:24.319+0000] {processor.py:161} INFO - Processing /home/airflow/.local/lib/python3.7/site-packages/airflow/example_dags/tutorial.py took 0.147 seconds
[2022-09-25T14:48:54.489+0000] {processor.py:153} INFO - Started process (PID=11134) to work on /home/airflow/.local/lib/python3.7/site-packages/airflow/example_dags/tutorial.py
[2022-09-25T14:48:54.491+0000] {processor.py:640} INFO - Processing file /home/airflow/.local/lib/python3.7/site-packages/airflow/example_dags/tutorial.py for tasks to queue
[2022-09-25T14:48:54.493+0000] {logging_mixin.py:115} INFO - [2022-09-25T14:48:54.493+0000] {dagbag.py:508} INFO - Filling up the DagBag from /home/airflow/.local/lib/python3.7/site-packages/airflow/example_dags/tutorial.py
[2022-09-25T14:48:54.502+0000] {processor.py:650} INFO - DAG(s) dict_keys(['tutorial']) retrieved from /home/airflow/.local/lib/python3.7/site-packages/airflow/example_dags/tutorial.py
[2022-09-25T14:48:54.543+0000] {logging_mixin.py:115} INFO - [2022-09-25T14:48:54.543+0000] {dag.py:2429} INFO - Sync 1 DAGs
[2022-09-25T14:48:54.580+0000] {logging_mixin.py:115} INFO - [2022-09-25T14:48:54.580+0000] {dag.py:2981} INFO - Setting next_dagrun for tutorial to 2022-09-24T14:48:54.579732+00:00, run_after=2022-09-25T14:48:54.579732+00:00
[2022-09-25T14:48:54.605+0000] {processor.py:161} INFO - Processing /home/airflow/.local/lib/python3.7/site-packages/airflow/example_dags/tutorial.py took 0.122 seconds
[2022-09-25T14:49:25.140+0000] {processor.py:153} INFO - Started process (PID=11345) to work on /home/airflow/.local/lib/python3.7/site-packages/airflow/example_dags/tutorial.py
[2022-09-25T14:49:25.142+0000] {processor.py:640} INFO - Processing file /home/airflow/.local/lib/python3.7/site-packages/airflow/example_dags/tutorial.py for tasks to queue
[2022-09-25T14:49:25.145+0000] {logging_mixin.py:115} INFO - [2022-09-25T14:49:25.144+0000] {dagbag.py:508} INFO - Filling up the DagBag from /home/airflow/.local/lib/python3.7/site-packages/airflow/example_dags/tutorial.py
[2022-09-25T14:49:25.154+0000] {processor.py:650} INFO - DAG(s) dict_keys(['tutorial']) retrieved from /home/airflow/.local/lib/python3.7/site-packages/airflow/example_dags/tutorial.py
[2022-09-25T14:49:25.200+0000] {logging_mixin.py:115} INFO - [2022-09-25T14:49:25.200+0000] {dag.py:2429} INFO - Sync 1 DAGs
[2022-09-25T14:49:25.239+0000] {logging_mixin.py:115} INFO - [2022-09-25T14:49:25.239+0000] {dag.py:2981} INFO - Setting next_dagrun for tutorial to 2022-09-24T14:49:25.239115+00:00, run_after=2022-09-25T14:49:25.239115+00:00
[2022-09-25T14:49:25.261+0000] {processor.py:161} INFO - Processing /home/airflow/.local/lib/python3.7/site-packages/airflow/example_dags/tutorial.py took 0.128 seconds
[2022-09-25T14:49:55.469+0000] {processor.py:153} INFO - Started process (PID=11557) to work on /home/airflow/.local/lib/python3.7/site-packages/airflow/example_dags/tutorial.py
[2022-09-25T14:49:55.471+0000] {processor.py:640} INFO - Processing file /home/airflow/.local/lib/python3.7/site-packages/airflow/example_dags/tutorial.py for tasks to queue
[2022-09-25T14:49:55.473+0000] {logging_mixin.py:115} INFO - [2022-09-25T14:49:55.473+0000] {dagbag.py:508} INFO - Filling up the DagBag from /home/airflow/.local/lib/python3.7/site-packages/airflow/example_dags/tutorial.py
[2022-09-25T14:49:55.484+0000] {processor.py:650} INFO - DAG(s) dict_keys(['tutorial']) retrieved from /home/airflow/.local/lib/python3.7/site-packages/airflow/example_dags/tutorial.py
[2022-09-25T14:49:55.535+0000] {logging_mixin.py:115} INFO - [2022-09-25T14:49:55.534+0000] {dag.py:2429} INFO - Sync 1 DAGs
[2022-09-25T14:49:55.587+0000] {logging_mixin.py:115} INFO - [2022-09-25T14:49:55.586+0000] {dag.py:2981} INFO - Setting next_dagrun for tutorial to 2022-09-24T14:49:55.586283+00:00, run_after=2022-09-25T14:49:55.586283+00:00
[2022-09-25T14:49:55.624+0000] {processor.py:161} INFO - Processing /home/airflow/.local/lib/python3.7/site-packages/airflow/example_dags/tutorial.py took 0.161 seconds
[2022-09-25T14:50:25.860+0000] {processor.py:153} INFO - Started process (PID=11763) to work on /home/airflow/.local/lib/python3.7/site-packages/airflow/example_dags/tutorial.py
[2022-09-25T14:50:25.864+0000] {processor.py:640} INFO - Processing file /home/airflow/.local/lib/python3.7/site-packages/airflow/example_dags/tutorial.py for tasks to queue
[2022-09-25T14:50:25.867+0000] {logging_mixin.py:115} INFO - [2022-09-25T14:50:25.867+0000] {dagbag.py:508} INFO - Filling up the DagBag from /home/airflow/.local/lib/python3.7/site-packages/airflow/example_dags/tutorial.py
[2022-09-25T14:50:25.886+0000] {processor.py:650} INFO - DAG(s) dict_keys(['tutorial']) retrieved from /home/airflow/.local/lib/python3.7/site-packages/airflow/example_dags/tutorial.py
[2022-09-25T14:50:25.960+0000] {logging_mixin.py:115} INFO - [2022-09-25T14:50:25.960+0000] {dag.py:2429} INFO - Sync 1 DAGs
[2022-09-25T14:50:26.008+0000] {logging_mixin.py:115} INFO - [2022-09-25T14:50:26.008+0000] {dag.py:2981} INFO - Setting next_dagrun for tutorial to 2022-09-24T14:50:26.007864+00:00, run_after=2022-09-25T14:50:26.007864+00:00
[2022-09-25T14:50:26.039+0000] {processor.py:161} INFO - Processing /home/airflow/.local/lib/python3.7/site-packages/airflow/example_dags/tutorial.py took 0.187 seconds
[2022-09-25T14:50:56.480+0000] {processor.py:153} INFO - Started process (PID=11969) to work on /home/airflow/.local/lib/python3.7/site-packages/airflow/example_dags/tutorial.py
[2022-09-25T14:50:56.483+0000] {processor.py:640} INFO - Processing file /home/airflow/.local/lib/python3.7/site-packages/airflow/example_dags/tutorial.py for tasks to queue
[2022-09-25T14:50:56.485+0000] {logging_mixin.py:115} INFO - [2022-09-25T14:50:56.484+0000] {dagbag.py:508} INFO - Filling up the DagBag from /home/airflow/.local/lib/python3.7/site-packages/airflow/example_dags/tutorial.py
[2022-09-25T14:50:56.494+0000] {processor.py:650} INFO - DAG(s) dict_keys(['tutorial']) retrieved from /home/airflow/.local/lib/python3.7/site-packages/airflow/example_dags/tutorial.py
[2022-09-25T14:50:56.539+0000] {logging_mixin.py:115} INFO - [2022-09-25T14:50:56.538+0000] {dag.py:2429} INFO - Sync 1 DAGs
[2022-09-25T14:50:56.585+0000] {logging_mixin.py:115} INFO - [2022-09-25T14:50:56.584+0000] {dag.py:2981} INFO - Setting next_dagrun for tutorial to 2022-09-24T14:50:56.583956+00:00, run_after=2022-09-25T14:50:56.583956+00:00
[2022-09-25T14:50:56.611+0000] {processor.py:161} INFO - Processing /home/airflow/.local/lib/python3.7/site-packages/airflow/example_dags/tutorial.py took 0.137 seconds
[2022-09-25T14:51:27.084+0000] {processor.py:153} INFO - Started process (PID=12185) to work on /home/airflow/.local/lib/python3.7/site-packages/airflow/example_dags/tutorial.py
[2022-09-25T14:51:27.085+0000] {processor.py:640} INFO - Processing file /home/airflow/.local/lib/python3.7/site-packages/airflow/example_dags/tutorial.py for tasks to queue
[2022-09-25T14:51:27.087+0000] {logging_mixin.py:115} INFO - [2022-09-25T14:51:27.087+0000] {dagbag.py:508} INFO - Filling up the DagBag from /home/airflow/.local/lib/python3.7/site-packages/airflow/example_dags/tutorial.py
[2022-09-25T14:51:27.096+0000] {processor.py:650} INFO - DAG(s) dict_keys(['tutorial']) retrieved from /home/airflow/.local/lib/python3.7/site-packages/airflow/example_dags/tutorial.py
[2022-09-25T14:51:27.136+0000] {logging_mixin.py:115} INFO - [2022-09-25T14:51:27.136+0000] {dag.py:2429} INFO - Sync 1 DAGs
[2022-09-25T14:51:27.176+0000] {logging_mixin.py:115} INFO - [2022-09-25T14:51:27.176+0000] {dag.py:2981} INFO - Setting next_dagrun for tutorial to 2022-09-24T14:51:27.175637+00:00, run_after=2022-09-25T14:51:27.175637+00:00
[2022-09-25T14:51:27.203+0000] {processor.py:161} INFO - Processing /home/airflow/.local/lib/python3.7/site-packages/airflow/example_dags/tutorial.py took 0.125 seconds
[2022-09-25T14:51:57.414+0000] {processor.py:153} INFO - Started process (PID=12388) to work on /home/airflow/.local/lib/python3.7/site-packages/airflow/example_dags/tutorial.py
[2022-09-25T14:51:57.417+0000] {processor.py:640} INFO - Processing file /home/airflow/.local/lib/python3.7/site-packages/airflow/example_dags/tutorial.py for tasks to queue
[2022-09-25T14:51:57.418+0000] {logging_mixin.py:115} INFO - [2022-09-25T14:51:57.418+0000] {dagbag.py:508} INFO - Filling up the DagBag from /home/airflow/.local/lib/python3.7/site-packages/airflow/example_dags/tutorial.py
[2022-09-25T14:51:57.428+0000] {processor.py:650} INFO - DAG(s) dict_keys(['tutorial']) retrieved from /home/airflow/.local/lib/python3.7/site-packages/airflow/example_dags/tutorial.py
[2022-09-25T14:51:57.471+0000] {logging_mixin.py:115} INFO - [2022-09-25T14:51:57.471+0000] {dag.py:2429} INFO - Sync 1 DAGs
[2022-09-25T14:51:57.520+0000] {logging_mixin.py:115} INFO - [2022-09-25T14:51:57.520+0000] {dag.py:2981} INFO - Setting next_dagrun for tutorial to 2022-09-24T14:51:57.519755+00:00, run_after=2022-09-25T14:51:57.519755+00:00
[2022-09-25T14:51:57.548+0000] {processor.py:161} INFO - Processing /home/airflow/.local/lib/python3.7/site-packages/airflow/example_dags/tutorial.py took 0.139 seconds
