[2022-09-25T14:22:24.140+0000] {processor.py:153} INFO - Started process (PID=348) to work on /home/airflow/.local/lib/python3.7/site-packages/airflow/example_dags/tutorial_etl_dag.py
[2022-09-25T14:22:24.151+0000] {processor.py:640} INFO - Processing file /home/airflow/.local/lib/python3.7/site-packages/airflow/example_dags/tutorial_etl_dag.py for tasks to queue
[2022-09-25T14:22:24.157+0000] {logging_mixin.py:115} INFO - [2022-09-25T14:22:24.156+0000] {dagbag.py:508} INFO - Filling up the DagBag from /home/airflow/.local/lib/python3.7/site-packages/airflow/example_dags/tutorial_etl_dag.py
[2022-09-25T14:22:24.251+0000] {processor.py:650} INFO - DAG(s) dict_keys(['tutorial_etl_dag']) retrieved from /home/airflow/.local/lib/python3.7/site-packages/airflow/example_dags/tutorial_etl_dag.py
[2022-09-25T14:22:24.622+0000] {logging_mixin.py:115} INFO - [2022-09-25T14:22:24.621+0000] {dag.py:2429} INFO - Sync 1 DAGs
[2022-09-25T14:22:24.927+0000] {logging_mixin.py:115} INFO - [2022-09-25T14:22:24.927+0000] {dag.py:2981} INFO - Setting next_dagrun for tutorial_etl_dag to None, run_after=None
[2022-09-25T14:22:25.077+0000] {processor.py:161} INFO - Processing /home/airflow/.local/lib/python3.7/site-packages/airflow/example_dags/tutorial_etl_dag.py took 1.001 seconds
[2022-09-25T14:22:55.635+0000] {processor.py:153} INFO - Started process (PID=546) to work on /home/airflow/.local/lib/python3.7/site-packages/airflow/example_dags/tutorial_etl_dag.py
[2022-09-25T14:22:55.639+0000] {processor.py:640} INFO - Processing file /home/airflow/.local/lib/python3.7/site-packages/airflow/example_dags/tutorial_etl_dag.py for tasks to queue
[2022-09-25T14:22:55.641+0000] {logging_mixin.py:115} INFO - [2022-09-25T14:22:55.641+0000] {dagbag.py:508} INFO - Filling up the DagBag from /home/airflow/.local/lib/python3.7/site-packages/airflow/example_dags/tutorial_etl_dag.py
[2022-09-25T14:22:55.674+0000] {processor.py:650} INFO - DAG(s) dict_keys(['tutorial_etl_dag']) retrieved from /home/airflow/.local/lib/python3.7/site-packages/airflow/example_dags/tutorial_etl_dag.py
[2022-09-25T14:22:55.734+0000] {logging_mixin.py:115} INFO - [2022-09-25T14:22:55.734+0000] {dag.py:2429} INFO - Sync 1 DAGs
[2022-09-25T14:22:55.786+0000] {logging_mixin.py:115} INFO - [2022-09-25T14:22:55.786+0000] {dag.py:2981} INFO - Setting next_dagrun for tutorial_etl_dag to None, run_after=None
[2022-09-25T14:22:55.811+0000] {processor.py:161} INFO - Processing /home/airflow/.local/lib/python3.7/site-packages/airflow/example_dags/tutorial_etl_dag.py took 0.186 seconds
[2022-09-25T14:23:25.979+0000] {processor.py:153} INFO - Started process (PID=761) to work on /home/airflow/.local/lib/python3.7/site-packages/airflow/example_dags/tutorial_etl_dag.py
[2022-09-25T14:23:25.981+0000] {processor.py:640} INFO - Processing file /home/airflow/.local/lib/python3.7/site-packages/airflow/example_dags/tutorial_etl_dag.py for tasks to queue
[2022-09-25T14:23:25.985+0000] {logging_mixin.py:115} INFO - [2022-09-25T14:23:25.984+0000] {dagbag.py:508} INFO - Filling up the DagBag from /home/airflow/.local/lib/python3.7/site-packages/airflow/example_dags/tutorial_etl_dag.py
[2022-09-25T14:23:25.997+0000] {processor.py:650} INFO - DAG(s) dict_keys(['tutorial_etl_dag']) retrieved from /home/airflow/.local/lib/python3.7/site-packages/airflow/example_dags/tutorial_etl_dag.py
[2022-09-25T14:23:26.052+0000] {logging_mixin.py:115} INFO - [2022-09-25T14:23:26.052+0000] {dag.py:2429} INFO - Sync 1 DAGs
[2022-09-25T14:23:26.098+0000] {logging_mixin.py:115} INFO - [2022-09-25T14:23:26.097+0000] {dag.py:2981} INFO - Setting next_dagrun for tutorial_etl_dag to None, run_after=None
[2022-09-25T14:23:26.124+0000] {processor.py:161} INFO - Processing /home/airflow/.local/lib/python3.7/site-packages/airflow/example_dags/tutorial_etl_dag.py took 0.154 seconds
[2022-09-25T14:23:56.276+0000] {processor.py:153} INFO - Started process (PID=966) to work on /home/airflow/.local/lib/python3.7/site-packages/airflow/example_dags/tutorial_etl_dag.py
[2022-09-25T14:23:56.277+0000] {processor.py:640} INFO - Processing file /home/airflow/.local/lib/python3.7/site-packages/airflow/example_dags/tutorial_etl_dag.py for tasks to queue
[2022-09-25T14:23:56.280+0000] {logging_mixin.py:115} INFO - [2022-09-25T14:23:56.280+0000] {dagbag.py:508} INFO - Filling up the DagBag from /home/airflow/.local/lib/python3.7/site-packages/airflow/example_dags/tutorial_etl_dag.py
[2022-09-25T14:23:56.292+0000] {processor.py:650} INFO - DAG(s) dict_keys(['tutorial_etl_dag']) retrieved from /home/airflow/.local/lib/python3.7/site-packages/airflow/example_dags/tutorial_etl_dag.py
[2022-09-25T14:23:56.342+0000] {logging_mixin.py:115} INFO - [2022-09-25T14:23:56.342+0000] {dag.py:2429} INFO - Sync 1 DAGs
[2022-09-25T14:23:56.382+0000] {logging_mixin.py:115} INFO - [2022-09-25T14:23:56.381+0000] {dag.py:2981} INFO - Setting next_dagrun for tutorial_etl_dag to None, run_after=None
[2022-09-25T14:23:56.403+0000] {processor.py:161} INFO - Processing /home/airflow/.local/lib/python3.7/site-packages/airflow/example_dags/tutorial_etl_dag.py took 0.132 seconds
[2022-09-25T14:24:26.601+0000] {processor.py:153} INFO - Started process (PID=1181) to work on /home/airflow/.local/lib/python3.7/site-packages/airflow/example_dags/tutorial_etl_dag.py
[2022-09-25T14:24:26.604+0000] {processor.py:640} INFO - Processing file /home/airflow/.local/lib/python3.7/site-packages/airflow/example_dags/tutorial_etl_dag.py for tasks to queue
[2022-09-25T14:24:26.606+0000] {logging_mixin.py:115} INFO - [2022-09-25T14:24:26.605+0000] {dagbag.py:508} INFO - Filling up the DagBag from /home/airflow/.local/lib/python3.7/site-packages/airflow/example_dags/tutorial_etl_dag.py
[2022-09-25T14:24:26.617+0000] {processor.py:650} INFO - DAG(s) dict_keys(['tutorial_etl_dag']) retrieved from /home/airflow/.local/lib/python3.7/site-packages/airflow/example_dags/tutorial_etl_dag.py
[2022-09-25T14:24:26.669+0000] {logging_mixin.py:115} INFO - [2022-09-25T14:24:26.669+0000] {dag.py:2429} INFO - Sync 1 DAGs
[2022-09-25T14:24:26.713+0000] {logging_mixin.py:115} INFO - [2022-09-25T14:24:26.712+0000] {dag.py:2981} INFO - Setting next_dagrun for tutorial_etl_dag to None, run_after=None
[2022-09-25T14:24:26.734+0000] {processor.py:161} INFO - Processing /home/airflow/.local/lib/python3.7/site-packages/airflow/example_dags/tutorial_etl_dag.py took 0.140 seconds
[2022-09-25T14:24:57.695+0000] {processor.py:153} INFO - Started process (PID=1386) to work on /home/airflow/.local/lib/python3.7/site-packages/airflow/example_dags/tutorial_etl_dag.py
[2022-09-25T14:24:57.698+0000] {processor.py:640} INFO - Processing file /home/airflow/.local/lib/python3.7/site-packages/airflow/example_dags/tutorial_etl_dag.py for tasks to queue
[2022-09-25T14:24:57.701+0000] {logging_mixin.py:115} INFO - [2022-09-25T14:24:57.701+0000] {dagbag.py:508} INFO - Filling up the DagBag from /home/airflow/.local/lib/python3.7/site-packages/airflow/example_dags/tutorial_etl_dag.py
[2022-09-25T14:24:57.721+0000] {processor.py:650} INFO - DAG(s) dict_keys(['tutorial_etl_dag']) retrieved from /home/airflow/.local/lib/python3.7/site-packages/airflow/example_dags/tutorial_etl_dag.py
[2022-09-25T14:24:57.803+0000] {logging_mixin.py:115} INFO - [2022-09-25T14:24:57.802+0000] {dag.py:2429} INFO - Sync 1 DAGs
[2022-09-25T14:24:57.910+0000] {logging_mixin.py:115} INFO - [2022-09-25T14:24:57.909+0000] {dag.py:2981} INFO - Setting next_dagrun for tutorial_etl_dag to None, run_after=None
[2022-09-25T14:24:57.944+0000] {processor.py:161} INFO - Processing /home/airflow/.local/lib/python3.7/site-packages/airflow/example_dags/tutorial_etl_dag.py took 0.260 seconds
[2022-09-25T14:25:28.556+0000] {processor.py:153} INFO - Started process (PID=1600) to work on /home/airflow/.local/lib/python3.7/site-packages/airflow/example_dags/tutorial_etl_dag.py
[2022-09-25T14:25:28.564+0000] {processor.py:640} INFO - Processing file /home/airflow/.local/lib/python3.7/site-packages/airflow/example_dags/tutorial_etl_dag.py for tasks to queue
[2022-09-25T14:25:28.566+0000] {logging_mixin.py:115} INFO - [2022-09-25T14:25:28.566+0000] {dagbag.py:508} INFO - Filling up the DagBag from /home/airflow/.local/lib/python3.7/site-packages/airflow/example_dags/tutorial_etl_dag.py
[2022-09-25T14:25:28.578+0000] {processor.py:650} INFO - DAG(s) dict_keys(['tutorial_etl_dag']) retrieved from /home/airflow/.local/lib/python3.7/site-packages/airflow/example_dags/tutorial_etl_dag.py
[2022-09-25T14:25:28.625+0000] {logging_mixin.py:115} INFO - [2022-09-25T14:25:28.625+0000] {dag.py:2429} INFO - Sync 1 DAGs
[2022-09-25T14:25:28.664+0000] {logging_mixin.py:115} INFO - [2022-09-25T14:25:28.664+0000] {dag.py:2981} INFO - Setting next_dagrun for tutorial_etl_dag to None, run_after=None
[2022-09-25T14:25:28.689+0000] {processor.py:161} INFO - Processing /home/airflow/.local/lib/python3.7/site-packages/airflow/example_dags/tutorial_etl_dag.py took 0.138 seconds
[2022-09-25T14:25:59.761+0000] {processor.py:153} INFO - Started process (PID=1808) to work on /home/airflow/.local/lib/python3.7/site-packages/airflow/example_dags/tutorial_etl_dag.py
[2022-09-25T14:25:59.766+0000] {processor.py:640} INFO - Processing file /home/airflow/.local/lib/python3.7/site-packages/airflow/example_dags/tutorial_etl_dag.py for tasks to queue
[2022-09-25T14:25:59.771+0000] {logging_mixin.py:115} INFO - [2022-09-25T14:25:59.770+0000] {dagbag.py:508} INFO - Filling up the DagBag from /home/airflow/.local/lib/python3.7/site-packages/airflow/example_dags/tutorial_etl_dag.py
[2022-09-25T14:25:59.791+0000] {processor.py:650} INFO - DAG(s) dict_keys(['tutorial_etl_dag']) retrieved from /home/airflow/.local/lib/python3.7/site-packages/airflow/example_dags/tutorial_etl_dag.py
[2022-09-25T14:25:59.924+0000] {logging_mixin.py:115} INFO - [2022-09-25T14:25:59.923+0000] {dag.py:2429} INFO - Sync 1 DAGs
[2022-09-25T14:26:00.000+0000] {logging_mixin.py:115} INFO - [2022-09-25T14:26:00.000+0000] {dag.py:2981} INFO - Setting next_dagrun for tutorial_etl_dag to None, run_after=None
[2022-09-25T14:26:00.036+0000] {processor.py:161} INFO - Processing /home/airflow/.local/lib/python3.7/site-packages/airflow/example_dags/tutorial_etl_dag.py took 0.288 seconds
[2022-09-25T14:26:30.951+0000] {processor.py:153} INFO - Started process (PID=2022) to work on /home/airflow/.local/lib/python3.7/site-packages/airflow/example_dags/tutorial_etl_dag.py
[2022-09-25T14:26:30.955+0000] {processor.py:640} INFO - Processing file /home/airflow/.local/lib/python3.7/site-packages/airflow/example_dags/tutorial_etl_dag.py for tasks to queue
[2022-09-25T14:26:30.957+0000] {logging_mixin.py:115} INFO - [2022-09-25T14:26:30.957+0000] {dagbag.py:508} INFO - Filling up the DagBag from /home/airflow/.local/lib/python3.7/site-packages/airflow/example_dags/tutorial_etl_dag.py
[2022-09-25T14:26:30.975+0000] {processor.py:650} INFO - DAG(s) dict_keys(['tutorial_etl_dag']) retrieved from /home/airflow/.local/lib/python3.7/site-packages/airflow/example_dags/tutorial_etl_dag.py
[2022-09-25T14:26:31.025+0000] {logging_mixin.py:115} INFO - [2022-09-25T14:26:31.024+0000] {dag.py:2429} INFO - Sync 1 DAGs
[2022-09-25T14:26:31.065+0000] {logging_mixin.py:115} INFO - [2022-09-25T14:26:31.064+0000] {dag.py:2981} INFO - Setting next_dagrun for tutorial_etl_dag to None, run_after=None
[2022-09-25T14:26:31.084+0000] {processor.py:161} INFO - Processing /home/airflow/.local/lib/python3.7/site-packages/airflow/example_dags/tutorial_etl_dag.py took 0.138 seconds
[2022-09-25T14:27:01.320+0000] {processor.py:153} INFO - Started process (PID=2228) to work on /home/airflow/.local/lib/python3.7/site-packages/airflow/example_dags/tutorial_etl_dag.py
[2022-09-25T14:27:01.329+0000] {processor.py:640} INFO - Processing file /home/airflow/.local/lib/python3.7/site-packages/airflow/example_dags/tutorial_etl_dag.py for tasks to queue
[2022-09-25T14:27:01.334+0000] {logging_mixin.py:115} INFO - [2022-09-25T14:27:01.333+0000] {dagbag.py:508} INFO - Filling up the DagBag from /home/airflow/.local/lib/python3.7/site-packages/airflow/example_dags/tutorial_etl_dag.py
[2022-09-25T14:27:01.347+0000] {processor.py:650} INFO - DAG(s) dict_keys(['tutorial_etl_dag']) retrieved from /home/airflow/.local/lib/python3.7/site-packages/airflow/example_dags/tutorial_etl_dag.py
[2022-09-25T14:27:01.399+0000] {logging_mixin.py:115} INFO - [2022-09-25T14:27:01.399+0000] {dag.py:2429} INFO - Sync 1 DAGs
[2022-09-25T14:27:01.442+0000] {logging_mixin.py:115} INFO - [2022-09-25T14:27:01.441+0000] {dag.py:2981} INFO - Setting next_dagrun for tutorial_etl_dag to None, run_after=None
[2022-09-25T14:27:01.472+0000] {processor.py:161} INFO - Processing /home/airflow/.local/lib/python3.7/site-packages/airflow/example_dags/tutorial_etl_dag.py took 0.165 seconds
[2022-09-25T14:27:31.636+0000] {processor.py:153} INFO - Started process (PID=2441) to work on /home/airflow/.local/lib/python3.7/site-packages/airflow/example_dags/tutorial_etl_dag.py
[2022-09-25T14:27:31.639+0000] {processor.py:640} INFO - Processing file /home/airflow/.local/lib/python3.7/site-packages/airflow/example_dags/tutorial_etl_dag.py for tasks to queue
[2022-09-25T14:27:31.641+0000] {logging_mixin.py:115} INFO - [2022-09-25T14:27:31.640+0000] {dagbag.py:508} INFO - Filling up the DagBag from /home/airflow/.local/lib/python3.7/site-packages/airflow/example_dags/tutorial_etl_dag.py
[2022-09-25T14:27:31.654+0000] {processor.py:650} INFO - DAG(s) dict_keys(['tutorial_etl_dag']) retrieved from /home/airflow/.local/lib/python3.7/site-packages/airflow/example_dags/tutorial_etl_dag.py
[2022-09-25T14:27:31.702+0000] {logging_mixin.py:115} INFO - [2022-09-25T14:27:31.702+0000] {dag.py:2429} INFO - Sync 1 DAGs
[2022-09-25T14:27:31.747+0000] {logging_mixin.py:115} INFO - [2022-09-25T14:27:31.747+0000] {dag.py:2981} INFO - Setting next_dagrun for tutorial_etl_dag to None, run_after=None
[2022-09-25T14:27:31.789+0000] {processor.py:161} INFO - Processing /home/airflow/.local/lib/python3.7/site-packages/airflow/example_dags/tutorial_etl_dag.py took 0.162 seconds
[2022-09-25T14:28:01.981+0000] {processor.py:153} INFO - Started process (PID=2643) to work on /home/airflow/.local/lib/python3.7/site-packages/airflow/example_dags/tutorial_etl_dag.py
[2022-09-25T14:28:01.983+0000] {processor.py:640} INFO - Processing file /home/airflow/.local/lib/python3.7/site-packages/airflow/example_dags/tutorial_etl_dag.py for tasks to queue
[2022-09-25T14:28:01.985+0000] {logging_mixin.py:115} INFO - [2022-09-25T14:28:01.985+0000] {dagbag.py:508} INFO - Filling up the DagBag from /home/airflow/.local/lib/python3.7/site-packages/airflow/example_dags/tutorial_etl_dag.py
[2022-09-25T14:28:01.997+0000] {processor.py:650} INFO - DAG(s) dict_keys(['tutorial_etl_dag']) retrieved from /home/airflow/.local/lib/python3.7/site-packages/airflow/example_dags/tutorial_etl_dag.py
[2022-09-25T14:28:02.048+0000] {logging_mixin.py:115} INFO - [2022-09-25T14:28:02.048+0000] {dag.py:2429} INFO - Sync 1 DAGs
[2022-09-25T14:28:02.086+0000] {logging_mixin.py:115} INFO - [2022-09-25T14:28:02.085+0000] {dag.py:2981} INFO - Setting next_dagrun for tutorial_etl_dag to None, run_after=None
[2022-09-25T14:28:02.114+0000] {processor.py:161} INFO - Processing /home/airflow/.local/lib/python3.7/site-packages/airflow/example_dags/tutorial_etl_dag.py took 0.138 seconds
[2022-09-25T14:28:33.044+0000] {processor.py:153} INFO - Started process (PID=2857) to work on /home/airflow/.local/lib/python3.7/site-packages/airflow/example_dags/tutorial_etl_dag.py
[2022-09-25T14:28:33.046+0000] {processor.py:640} INFO - Processing file /home/airflow/.local/lib/python3.7/site-packages/airflow/example_dags/tutorial_etl_dag.py for tasks to queue
[2022-09-25T14:28:33.048+0000] {logging_mixin.py:115} INFO - [2022-09-25T14:28:33.048+0000] {dagbag.py:508} INFO - Filling up the DagBag from /home/airflow/.local/lib/python3.7/site-packages/airflow/example_dags/tutorial_etl_dag.py
[2022-09-25T14:28:33.059+0000] {processor.py:650} INFO - DAG(s) dict_keys(['tutorial_etl_dag']) retrieved from /home/airflow/.local/lib/python3.7/site-packages/airflow/example_dags/tutorial_etl_dag.py
[2022-09-25T14:28:33.109+0000] {logging_mixin.py:115} INFO - [2022-09-25T14:28:33.109+0000] {dag.py:2429} INFO - Sync 1 DAGs
[2022-09-25T14:28:33.143+0000] {logging_mixin.py:115} INFO - [2022-09-25T14:28:33.143+0000] {dag.py:2981} INFO - Setting next_dagrun for tutorial_etl_dag to None, run_after=None
[2022-09-25T14:28:33.165+0000] {processor.py:161} INFO - Processing /home/airflow/.local/lib/python3.7/site-packages/airflow/example_dags/tutorial_etl_dag.py took 0.128 seconds
[2022-09-25T14:29:03.452+0000] {processor.py:153} INFO - Started process (PID=3064) to work on /home/airflow/.local/lib/python3.7/site-packages/airflow/example_dags/tutorial_etl_dag.py
[2022-09-25T14:29:03.455+0000] {processor.py:640} INFO - Processing file /home/airflow/.local/lib/python3.7/site-packages/airflow/example_dags/tutorial_etl_dag.py for tasks to queue
[2022-09-25T14:29:03.458+0000] {logging_mixin.py:115} INFO - [2022-09-25T14:29:03.457+0000] {dagbag.py:508} INFO - Filling up the DagBag from /home/airflow/.local/lib/python3.7/site-packages/airflow/example_dags/tutorial_etl_dag.py
[2022-09-25T14:29:03.469+0000] {processor.py:650} INFO - DAG(s) dict_keys(['tutorial_etl_dag']) retrieved from /home/airflow/.local/lib/python3.7/site-packages/airflow/example_dags/tutorial_etl_dag.py
[2022-09-25T14:29:03.519+0000] {logging_mixin.py:115} INFO - [2022-09-25T14:29:03.519+0000] {dag.py:2429} INFO - Sync 1 DAGs
[2022-09-25T14:29:03.562+0000] {logging_mixin.py:115} INFO - [2022-09-25T14:29:03.561+0000] {dag.py:2981} INFO - Setting next_dagrun for tutorial_etl_dag to None, run_after=None
[2022-09-25T14:29:03.589+0000] {processor.py:161} INFO - Processing /home/airflow/.local/lib/python3.7/site-packages/airflow/example_dags/tutorial_etl_dag.py took 0.142 seconds
[2022-09-25T14:29:33.891+0000] {processor.py:153} INFO - Started process (PID=3276) to work on /home/airflow/.local/lib/python3.7/site-packages/airflow/example_dags/tutorial_etl_dag.py
[2022-09-25T14:29:33.894+0000] {processor.py:640} INFO - Processing file /home/airflow/.local/lib/python3.7/site-packages/airflow/example_dags/tutorial_etl_dag.py for tasks to queue
[2022-09-25T14:29:33.897+0000] {logging_mixin.py:115} INFO - [2022-09-25T14:29:33.897+0000] {dagbag.py:508} INFO - Filling up the DagBag from /home/airflow/.local/lib/python3.7/site-packages/airflow/example_dags/tutorial_etl_dag.py
[2022-09-25T14:29:33.912+0000] {processor.py:650} INFO - DAG(s) dict_keys(['tutorial_etl_dag']) retrieved from /home/airflow/.local/lib/python3.7/site-packages/airflow/example_dags/tutorial_etl_dag.py
[2022-09-25T14:29:33.972+0000] {logging_mixin.py:115} INFO - [2022-09-25T14:29:33.972+0000] {dag.py:2429} INFO - Sync 1 DAGs
[2022-09-25T14:29:34.016+0000] {logging_mixin.py:115} INFO - [2022-09-25T14:29:34.016+0000] {dag.py:2981} INFO - Setting next_dagrun for tutorial_etl_dag to None, run_after=None
[2022-09-25T14:29:34.051+0000] {processor.py:161} INFO - Processing /home/airflow/.local/lib/python3.7/site-packages/airflow/example_dags/tutorial_etl_dag.py took 0.167 seconds
[2022-09-25T14:30:04.148+0000] {processor.py:153} INFO - Started process (PID=3479) to work on /home/airflow/.local/lib/python3.7/site-packages/airflow/example_dags/tutorial_etl_dag.py
[2022-09-25T14:30:04.150+0000] {processor.py:640} INFO - Processing file /home/airflow/.local/lib/python3.7/site-packages/airflow/example_dags/tutorial_etl_dag.py for tasks to queue
[2022-09-25T14:30:04.152+0000] {logging_mixin.py:115} INFO - [2022-09-25T14:30:04.152+0000] {dagbag.py:508} INFO - Filling up the DagBag from /home/airflow/.local/lib/python3.7/site-packages/airflow/example_dags/tutorial_etl_dag.py
[2022-09-25T14:30:04.163+0000] {processor.py:650} INFO - DAG(s) dict_keys(['tutorial_etl_dag']) retrieved from /home/airflow/.local/lib/python3.7/site-packages/airflow/example_dags/tutorial_etl_dag.py
[2022-09-25T14:30:04.206+0000] {logging_mixin.py:115} INFO - [2022-09-25T14:30:04.206+0000] {dag.py:2429} INFO - Sync 1 DAGs
[2022-09-25T14:30:04.240+0000] {logging_mixin.py:115} INFO - [2022-09-25T14:30:04.240+0000] {dag.py:2981} INFO - Setting next_dagrun for tutorial_etl_dag to None, run_after=None
[2022-09-25T14:30:04.265+0000] {processor.py:161} INFO - Processing /home/airflow/.local/lib/python3.7/site-packages/airflow/example_dags/tutorial_etl_dag.py took 0.122 seconds
[2022-09-25T14:30:34.774+0000] {processor.py:153} INFO - Started process (PID=3693) to work on /home/airflow/.local/lib/python3.7/site-packages/airflow/example_dags/tutorial_etl_dag.py
[2022-09-25T14:30:34.776+0000] {processor.py:640} INFO - Processing file /home/airflow/.local/lib/python3.7/site-packages/airflow/example_dags/tutorial_etl_dag.py for tasks to queue
[2022-09-25T14:30:34.778+0000] {logging_mixin.py:115} INFO - [2022-09-25T14:30:34.778+0000] {dagbag.py:508} INFO - Filling up the DagBag from /home/airflow/.local/lib/python3.7/site-packages/airflow/example_dags/tutorial_etl_dag.py
[2022-09-25T14:30:34.789+0000] {processor.py:650} INFO - DAG(s) dict_keys(['tutorial_etl_dag']) retrieved from /home/airflow/.local/lib/python3.7/site-packages/airflow/example_dags/tutorial_etl_dag.py
[2022-09-25T14:30:34.831+0000] {logging_mixin.py:115} INFO - [2022-09-25T14:30:34.831+0000] {dag.py:2429} INFO - Sync 1 DAGs
[2022-09-25T14:30:34.863+0000] {logging_mixin.py:115} INFO - [2022-09-25T14:30:34.863+0000] {dag.py:2981} INFO - Setting next_dagrun for tutorial_etl_dag to None, run_after=None
[2022-09-25T14:30:34.881+0000] {processor.py:161} INFO - Processing /home/airflow/.local/lib/python3.7/site-packages/airflow/example_dags/tutorial_etl_dag.py took 0.112 seconds
[2022-09-25T14:31:05.961+0000] {processor.py:153} INFO - Started process (PID=3896) to work on /home/airflow/.local/lib/python3.7/site-packages/airflow/example_dags/tutorial_etl_dag.py
[2022-09-25T14:31:05.965+0000] {processor.py:640} INFO - Processing file /home/airflow/.local/lib/python3.7/site-packages/airflow/example_dags/tutorial_etl_dag.py for tasks to queue
[2022-09-25T14:31:05.967+0000] {logging_mixin.py:115} INFO - [2022-09-25T14:31:05.967+0000] {dagbag.py:508} INFO - Filling up the DagBag from /home/airflow/.local/lib/python3.7/site-packages/airflow/example_dags/tutorial_etl_dag.py
[2022-09-25T14:31:05.983+0000] {processor.py:650} INFO - DAG(s) dict_keys(['tutorial_etl_dag']) retrieved from /home/airflow/.local/lib/python3.7/site-packages/airflow/example_dags/tutorial_etl_dag.py
[2022-09-25T14:31:06.034+0000] {logging_mixin.py:115} INFO - [2022-09-25T14:31:06.034+0000] {dag.py:2429} INFO - Sync 1 DAGs
[2022-09-25T14:31:06.070+0000] {logging_mixin.py:115} INFO - [2022-09-25T14:31:06.070+0000] {dag.py:2981} INFO - Setting next_dagrun for tutorial_etl_dag to None, run_after=None
[2022-09-25T14:31:06.095+0000] {processor.py:161} INFO - Processing /home/airflow/.local/lib/python3.7/site-packages/airflow/example_dags/tutorial_etl_dag.py took 0.142 seconds
[2022-09-25T14:31:36.912+0000] {processor.py:153} INFO - Started process (PID=4115) to work on /home/airflow/.local/lib/python3.7/site-packages/airflow/example_dags/tutorial_etl_dag.py
[2022-09-25T14:31:36.921+0000] {processor.py:640} INFO - Processing file /home/airflow/.local/lib/python3.7/site-packages/airflow/example_dags/tutorial_etl_dag.py for tasks to queue
[2022-09-25T14:31:36.926+0000] {logging_mixin.py:115} INFO - [2022-09-25T14:31:36.926+0000] {dagbag.py:508} INFO - Filling up the DagBag from /home/airflow/.local/lib/python3.7/site-packages/airflow/example_dags/tutorial_etl_dag.py
[2022-09-25T14:31:36.970+0000] {processor.py:650} INFO - DAG(s) dict_keys(['tutorial_etl_dag']) retrieved from /home/airflow/.local/lib/python3.7/site-packages/airflow/example_dags/tutorial_etl_dag.py
[2022-09-25T14:31:37.063+0000] {logging_mixin.py:115} INFO - [2022-09-25T14:31:37.062+0000] {dag.py:2429} INFO - Sync 1 DAGs
[2022-09-25T14:31:37.161+0000] {logging_mixin.py:115} INFO - [2022-09-25T14:31:37.161+0000] {dag.py:2981} INFO - Setting next_dagrun for tutorial_etl_dag to None, run_after=None
[2022-09-25T14:31:37.244+0000] {processor.py:161} INFO - Processing /home/airflow/.local/lib/python3.7/site-packages/airflow/example_dags/tutorial_etl_dag.py took 0.348 seconds
[2022-09-25T14:32:07.543+0000] {processor.py:153} INFO - Started process (PID=4315) to work on /home/airflow/.local/lib/python3.7/site-packages/airflow/example_dags/tutorial_etl_dag.py
[2022-09-25T14:32:07.546+0000] {processor.py:640} INFO - Processing file /home/airflow/.local/lib/python3.7/site-packages/airflow/example_dags/tutorial_etl_dag.py for tasks to queue
[2022-09-25T14:32:07.548+0000] {logging_mixin.py:115} INFO - [2022-09-25T14:32:07.548+0000] {dagbag.py:508} INFO - Filling up the DagBag from /home/airflow/.local/lib/python3.7/site-packages/airflow/example_dags/tutorial_etl_dag.py
[2022-09-25T14:32:07.565+0000] {processor.py:650} INFO - DAG(s) dict_keys(['tutorial_etl_dag']) retrieved from /home/airflow/.local/lib/python3.7/site-packages/airflow/example_dags/tutorial_etl_dag.py
[2022-09-25T14:32:07.620+0000] {logging_mixin.py:115} INFO - [2022-09-25T14:32:07.620+0000] {dag.py:2429} INFO - Sync 1 DAGs
[2022-09-25T14:32:07.660+0000] {logging_mixin.py:115} INFO - [2022-09-25T14:32:07.659+0000] {dag.py:2981} INFO - Setting next_dagrun for tutorial_etl_dag to None, run_after=None
[2022-09-25T14:32:07.679+0000] {processor.py:161} INFO - Processing /home/airflow/.local/lib/python3.7/site-packages/airflow/example_dags/tutorial_etl_dag.py took 0.141 seconds
[2022-09-25T14:32:38.708+0000] {processor.py:153} INFO - Started process (PID=4525) to work on /home/airflow/.local/lib/python3.7/site-packages/airflow/example_dags/tutorial_etl_dag.py
[2022-09-25T14:32:38.710+0000] {processor.py:640} INFO - Processing file /home/airflow/.local/lib/python3.7/site-packages/airflow/example_dags/tutorial_etl_dag.py for tasks to queue
[2022-09-25T14:32:38.714+0000] {logging_mixin.py:115} INFO - [2022-09-25T14:32:38.713+0000] {dagbag.py:508} INFO - Filling up the DagBag from /home/airflow/.local/lib/python3.7/site-packages/airflow/example_dags/tutorial_etl_dag.py
[2022-09-25T14:32:38.742+0000] {processor.py:650} INFO - DAG(s) dict_keys(['tutorial_etl_dag']) retrieved from /home/airflow/.local/lib/python3.7/site-packages/airflow/example_dags/tutorial_etl_dag.py
[2022-09-25T14:32:38.810+0000] {logging_mixin.py:115} INFO - [2022-09-25T14:32:38.809+0000] {dag.py:2429} INFO - Sync 1 DAGs
[2022-09-25T14:32:38.851+0000] {logging_mixin.py:115} INFO - [2022-09-25T14:32:38.851+0000] {dag.py:2981} INFO - Setting next_dagrun for tutorial_etl_dag to None, run_after=None
[2022-09-25T14:32:38.894+0000] {processor.py:161} INFO - Processing /home/airflow/.local/lib/python3.7/site-packages/airflow/example_dags/tutorial_etl_dag.py took 0.195 seconds
[2022-09-25T14:33:09.569+0000] {processor.py:153} INFO - Started process (PID=4741) to work on /home/airflow/.local/lib/python3.7/site-packages/airflow/example_dags/tutorial_etl_dag.py
[2022-09-25T14:33:09.572+0000] {processor.py:640} INFO - Processing file /home/airflow/.local/lib/python3.7/site-packages/airflow/example_dags/tutorial_etl_dag.py for tasks to queue
[2022-09-25T14:33:09.574+0000] {logging_mixin.py:115} INFO - [2022-09-25T14:33:09.573+0000] {dagbag.py:508} INFO - Filling up the DagBag from /home/airflow/.local/lib/python3.7/site-packages/airflow/example_dags/tutorial_etl_dag.py
[2022-09-25T14:33:09.590+0000] {processor.py:650} INFO - DAG(s) dict_keys(['tutorial_etl_dag']) retrieved from /home/airflow/.local/lib/python3.7/site-packages/airflow/example_dags/tutorial_etl_dag.py
[2022-09-25T14:33:09.634+0000] {logging_mixin.py:115} INFO - [2022-09-25T14:33:09.633+0000] {dag.py:2429} INFO - Sync 1 DAGs
[2022-09-25T14:33:09.669+0000] {logging_mixin.py:115} INFO - [2022-09-25T14:33:09.669+0000] {dag.py:2981} INFO - Setting next_dagrun for tutorial_etl_dag to None, run_after=None
[2022-09-25T14:33:09.695+0000] {processor.py:161} INFO - Processing /home/airflow/.local/lib/python3.7/site-packages/airflow/example_dags/tutorial_etl_dag.py took 0.131 seconds
[2022-09-25T14:33:41.235+0000] {processor.py:153} INFO - Started process (PID=4947) to work on /home/airflow/.local/lib/python3.7/site-packages/airflow/example_dags/tutorial_etl_dag.py
[2022-09-25T14:33:41.237+0000] {processor.py:640} INFO - Processing file /home/airflow/.local/lib/python3.7/site-packages/airflow/example_dags/tutorial_etl_dag.py for tasks to queue
[2022-09-25T14:33:41.239+0000] {logging_mixin.py:115} INFO - [2022-09-25T14:33:41.239+0000] {dagbag.py:508} INFO - Filling up the DagBag from /home/airflow/.local/lib/python3.7/site-packages/airflow/example_dags/tutorial_etl_dag.py
[2022-09-25T14:33:41.261+0000] {processor.py:650} INFO - DAG(s) dict_keys(['tutorial_etl_dag']) retrieved from /home/airflow/.local/lib/python3.7/site-packages/airflow/example_dags/tutorial_etl_dag.py
[2022-09-25T14:33:41.310+0000] {logging_mixin.py:115} INFO - [2022-09-25T14:33:41.310+0000] {dag.py:2429} INFO - Sync 1 DAGs
[2022-09-25T14:33:41.352+0000] {logging_mixin.py:115} INFO - [2022-09-25T14:33:41.351+0000] {dag.py:2981} INFO - Setting next_dagrun for tutorial_etl_dag to None, run_after=None
[2022-09-25T14:33:41.377+0000] {processor.py:161} INFO - Processing /home/airflow/.local/lib/python3.7/site-packages/airflow/example_dags/tutorial_etl_dag.py took 0.148 seconds
[2022-09-25T14:34:11.686+0000] {processor.py:153} INFO - Started process (PID=5161) to work on /home/airflow/.local/lib/python3.7/site-packages/airflow/example_dags/tutorial_etl_dag.py
[2022-09-25T14:34:11.688+0000] {processor.py:640} INFO - Processing file /home/airflow/.local/lib/python3.7/site-packages/airflow/example_dags/tutorial_etl_dag.py for tasks to queue
[2022-09-25T14:34:11.690+0000] {logging_mixin.py:115} INFO - [2022-09-25T14:34:11.690+0000] {dagbag.py:508} INFO - Filling up the DagBag from /home/airflow/.local/lib/python3.7/site-packages/airflow/example_dags/tutorial_etl_dag.py
[2022-09-25T14:34:11.711+0000] {processor.py:650} INFO - DAG(s) dict_keys(['tutorial_etl_dag']) retrieved from /home/airflow/.local/lib/python3.7/site-packages/airflow/example_dags/tutorial_etl_dag.py
[2022-09-25T14:34:11.771+0000] {logging_mixin.py:115} INFO - [2022-09-25T14:34:11.771+0000] {dag.py:2429} INFO - Sync 1 DAGs
[2022-09-25T14:34:11.819+0000] {logging_mixin.py:115} INFO - [2022-09-25T14:34:11.819+0000] {dag.py:2981} INFO - Setting next_dagrun for tutorial_etl_dag to None, run_after=None
[2022-09-25T14:34:11.846+0000] {processor.py:161} INFO - Processing /home/airflow/.local/lib/python3.7/site-packages/airflow/example_dags/tutorial_etl_dag.py took 0.166 seconds
[2022-09-25T14:34:43.537+0000] {processor.py:153} INFO - Started process (PID=5369) to work on /home/airflow/.local/lib/python3.7/site-packages/airflow/example_dags/tutorial_etl_dag.py
[2022-09-25T14:34:43.541+0000] {processor.py:640} INFO - Processing file /home/airflow/.local/lib/python3.7/site-packages/airflow/example_dags/tutorial_etl_dag.py for tasks to queue
[2022-09-25T14:34:43.544+0000] {logging_mixin.py:115} INFO - [2022-09-25T14:34:43.544+0000] {dagbag.py:508} INFO - Filling up the DagBag from /home/airflow/.local/lib/python3.7/site-packages/airflow/example_dags/tutorial_etl_dag.py
[2022-09-25T14:34:43.575+0000] {processor.py:650} INFO - DAG(s) dict_keys(['tutorial_etl_dag']) retrieved from /home/airflow/.local/lib/python3.7/site-packages/airflow/example_dags/tutorial_etl_dag.py
[2022-09-25T14:34:43.636+0000] {logging_mixin.py:115} INFO - [2022-09-25T14:34:43.636+0000] {dag.py:2429} INFO - Sync 1 DAGs
[2022-09-25T14:34:43.691+0000] {logging_mixin.py:115} INFO - [2022-09-25T14:34:43.691+0000] {dag.py:2981} INFO - Setting next_dagrun for tutorial_etl_dag to None, run_after=None
[2022-09-25T14:34:43.720+0000] {processor.py:161} INFO - Processing /home/airflow/.local/lib/python3.7/site-packages/airflow/example_dags/tutorial_etl_dag.py took 0.192 seconds
[2022-09-25T14:35:14.105+0000] {processor.py:153} INFO - Started process (PID=5582) to work on /home/airflow/.local/lib/python3.7/site-packages/airflow/example_dags/tutorial_etl_dag.py
[2022-09-25T14:35:14.107+0000] {processor.py:640} INFO - Processing file /home/airflow/.local/lib/python3.7/site-packages/airflow/example_dags/tutorial_etl_dag.py for tasks to queue
[2022-09-25T14:35:14.110+0000] {logging_mixin.py:115} INFO - [2022-09-25T14:35:14.109+0000] {dagbag.py:508} INFO - Filling up the DagBag from /home/airflow/.local/lib/python3.7/site-packages/airflow/example_dags/tutorial_etl_dag.py
[2022-09-25T14:35:14.132+0000] {processor.py:650} INFO - DAG(s) dict_keys(['tutorial_etl_dag']) retrieved from /home/airflow/.local/lib/python3.7/site-packages/airflow/example_dags/tutorial_etl_dag.py
[2022-09-25T14:35:14.182+0000] {logging_mixin.py:115} INFO - [2022-09-25T14:35:14.181+0000] {dag.py:2429} INFO - Sync 1 DAGs
[2022-09-25T14:35:14.223+0000] {logging_mixin.py:115} INFO - [2022-09-25T14:35:14.223+0000] {dag.py:2981} INFO - Setting next_dagrun for tutorial_etl_dag to None, run_after=None
[2022-09-25T14:35:14.246+0000] {processor.py:161} INFO - Processing /home/airflow/.local/lib/python3.7/site-packages/airflow/example_dags/tutorial_etl_dag.py took 0.146 seconds
[2022-09-25T14:35:44.654+0000] {processor.py:153} INFO - Started process (PID=5796) to work on /home/airflow/.local/lib/python3.7/site-packages/airflow/example_dags/tutorial_etl_dag.py
[2022-09-25T14:35:44.656+0000] {processor.py:640} INFO - Processing file /home/airflow/.local/lib/python3.7/site-packages/airflow/example_dags/tutorial_etl_dag.py for tasks to queue
[2022-09-25T14:35:44.658+0000] {logging_mixin.py:115} INFO - [2022-09-25T14:35:44.658+0000] {dagbag.py:508} INFO - Filling up the DagBag from /home/airflow/.local/lib/python3.7/site-packages/airflow/example_dags/tutorial_etl_dag.py
[2022-09-25T14:35:44.675+0000] {processor.py:650} INFO - DAG(s) dict_keys(['tutorial_etl_dag']) retrieved from /home/airflow/.local/lib/python3.7/site-packages/airflow/example_dags/tutorial_etl_dag.py
[2022-09-25T14:35:44.716+0000] {logging_mixin.py:115} INFO - [2022-09-25T14:35:44.715+0000] {dag.py:2429} INFO - Sync 1 DAGs
[2022-09-25T14:35:44.751+0000] {logging_mixin.py:115} INFO - [2022-09-25T14:35:44.751+0000] {dag.py:2981} INFO - Setting next_dagrun for tutorial_etl_dag to None, run_after=None
[2022-09-25T14:35:44.772+0000] {processor.py:161} INFO - Processing /home/airflow/.local/lib/python3.7/site-packages/airflow/example_dags/tutorial_etl_dag.py took 0.123 seconds
[2022-09-25T14:36:15.125+0000] {processor.py:153} INFO - Started process (PID=6002) to work on /home/airflow/.local/lib/python3.7/site-packages/airflow/example_dags/tutorial_etl_dag.py
[2022-09-25T14:36:15.127+0000] {processor.py:640} INFO - Processing file /home/airflow/.local/lib/python3.7/site-packages/airflow/example_dags/tutorial_etl_dag.py for tasks to queue
[2022-09-25T14:36:15.129+0000] {logging_mixin.py:115} INFO - [2022-09-25T14:36:15.128+0000] {dagbag.py:508} INFO - Filling up the DagBag from /home/airflow/.local/lib/python3.7/site-packages/airflow/example_dags/tutorial_etl_dag.py
[2022-09-25T14:36:15.146+0000] {processor.py:650} INFO - DAG(s) dict_keys(['tutorial_etl_dag']) retrieved from /home/airflow/.local/lib/python3.7/site-packages/airflow/example_dags/tutorial_etl_dag.py
[2022-09-25T14:36:15.188+0000] {logging_mixin.py:115} INFO - [2022-09-25T14:36:15.188+0000] {dag.py:2429} INFO - Sync 1 DAGs
[2022-09-25T14:36:15.224+0000] {logging_mixin.py:115} INFO - [2022-09-25T14:36:15.224+0000] {dag.py:2981} INFO - Setting next_dagrun for tutorial_etl_dag to None, run_after=None
[2022-09-25T14:36:15.244+0000] {processor.py:161} INFO - Processing /home/airflow/.local/lib/python3.7/site-packages/airflow/example_dags/tutorial_etl_dag.py took 0.124 seconds
[2022-09-25T14:36:46.728+0000] {processor.py:153} INFO - Started process (PID=6213) to work on /home/airflow/.local/lib/python3.7/site-packages/airflow/example_dags/tutorial_etl_dag.py
[2022-09-25T14:36:46.732+0000] {processor.py:640} INFO - Processing file /home/airflow/.local/lib/python3.7/site-packages/airflow/example_dags/tutorial_etl_dag.py for tasks to queue
[2022-09-25T14:36:46.736+0000] {logging_mixin.py:115} INFO - [2022-09-25T14:36:46.735+0000] {dagbag.py:508} INFO - Filling up the DagBag from /home/airflow/.local/lib/python3.7/site-packages/airflow/example_dags/tutorial_etl_dag.py
[2022-09-25T14:36:46.752+0000] {processor.py:650} INFO - DAG(s) dict_keys(['tutorial_etl_dag']) retrieved from /home/airflow/.local/lib/python3.7/site-packages/airflow/example_dags/tutorial_etl_dag.py
[2022-09-25T14:36:46.811+0000] {logging_mixin.py:115} INFO - [2022-09-25T14:36:46.810+0000] {dag.py:2429} INFO - Sync 1 DAGs
[2022-09-25T14:36:46.858+0000] {logging_mixin.py:115} INFO - [2022-09-25T14:36:46.858+0000] {dag.py:2981} INFO - Setting next_dagrun for tutorial_etl_dag to None, run_after=None
[2022-09-25T14:36:46.882+0000] {processor.py:161} INFO - Processing /home/airflow/.local/lib/python3.7/site-packages/airflow/example_dags/tutorial_etl_dag.py took 0.164 seconds
[2022-09-25T14:37:17.641+0000] {processor.py:153} INFO - Started process (PID=6420) to work on /home/airflow/.local/lib/python3.7/site-packages/airflow/example_dags/tutorial_etl_dag.py
[2022-09-25T14:37:17.643+0000] {processor.py:640} INFO - Processing file /home/airflow/.local/lib/python3.7/site-packages/airflow/example_dags/tutorial_etl_dag.py for tasks to queue
[2022-09-25T14:37:17.645+0000] {logging_mixin.py:115} INFO - [2022-09-25T14:37:17.645+0000] {dagbag.py:508} INFO - Filling up the DagBag from /home/airflow/.local/lib/python3.7/site-packages/airflow/example_dags/tutorial_etl_dag.py
[2022-09-25T14:37:17.662+0000] {processor.py:650} INFO - DAG(s) dict_keys(['tutorial_etl_dag']) retrieved from /home/airflow/.local/lib/python3.7/site-packages/airflow/example_dags/tutorial_etl_dag.py
[2022-09-25T14:37:17.722+0000] {logging_mixin.py:115} INFO - [2022-09-25T14:37:17.722+0000] {dag.py:2429} INFO - Sync 1 DAGs
[2022-09-25T14:37:17.780+0000] {logging_mixin.py:115} INFO - [2022-09-25T14:37:17.780+0000] {dag.py:2981} INFO - Setting next_dagrun for tutorial_etl_dag to None, run_after=None
[2022-09-25T14:37:17.821+0000] {processor.py:161} INFO - Processing /home/airflow/.local/lib/python3.7/site-packages/airflow/example_dags/tutorial_etl_dag.py took 0.186 seconds
[2022-09-25T14:37:48.325+0000] {processor.py:153} INFO - Started process (PID=6629) to work on /home/airflow/.local/lib/python3.7/site-packages/airflow/example_dags/tutorial_etl_dag.py
[2022-09-25T14:37:48.327+0000] {processor.py:640} INFO - Processing file /home/airflow/.local/lib/python3.7/site-packages/airflow/example_dags/tutorial_etl_dag.py for tasks to queue
[2022-09-25T14:37:48.329+0000] {logging_mixin.py:115} INFO - [2022-09-25T14:37:48.329+0000] {dagbag.py:508} INFO - Filling up the DagBag from /home/airflow/.local/lib/python3.7/site-packages/airflow/example_dags/tutorial_etl_dag.py
[2022-09-25T14:37:48.343+0000] {processor.py:650} INFO - DAG(s) dict_keys(['tutorial_etl_dag']) retrieved from /home/airflow/.local/lib/python3.7/site-packages/airflow/example_dags/tutorial_etl_dag.py
[2022-09-25T14:37:48.394+0000] {logging_mixin.py:115} INFO - [2022-09-25T14:37:48.394+0000] {dag.py:2429} INFO - Sync 1 DAGs
[2022-09-25T14:37:48.438+0000] {logging_mixin.py:115} INFO - [2022-09-25T14:37:48.438+0000] {dag.py:2981} INFO - Setting next_dagrun for tutorial_etl_dag to None, run_after=None
[2022-09-25T14:37:48.463+0000] {processor.py:161} INFO - Processing /home/airflow/.local/lib/python3.7/site-packages/airflow/example_dags/tutorial_etl_dag.py took 0.146 seconds
[2022-09-25T14:38:19.617+0000] {processor.py:153} INFO - Started process (PID=6838) to work on /home/airflow/.local/lib/python3.7/site-packages/airflow/example_dags/tutorial_etl_dag.py
[2022-09-25T14:38:19.620+0000] {processor.py:640} INFO - Processing file /home/airflow/.local/lib/python3.7/site-packages/airflow/example_dags/tutorial_etl_dag.py for tasks to queue
[2022-09-25T14:38:19.622+0000] {logging_mixin.py:115} INFO - [2022-09-25T14:38:19.621+0000] {dagbag.py:508} INFO - Filling up the DagBag from /home/airflow/.local/lib/python3.7/site-packages/airflow/example_dags/tutorial_etl_dag.py
[2022-09-25T14:38:19.636+0000] {processor.py:650} INFO - DAG(s) dict_keys(['tutorial_etl_dag']) retrieved from /home/airflow/.local/lib/python3.7/site-packages/airflow/example_dags/tutorial_etl_dag.py
[2022-09-25T14:38:19.690+0000] {logging_mixin.py:115} INFO - [2022-09-25T14:38:19.690+0000] {dag.py:2429} INFO - Sync 1 DAGs
[2022-09-25T14:38:19.732+0000] {logging_mixin.py:115} INFO - [2022-09-25T14:38:19.732+0000] {dag.py:2981} INFO - Setting next_dagrun for tutorial_etl_dag to None, run_after=None
[2022-09-25T14:38:19.757+0000] {processor.py:161} INFO - Processing /home/airflow/.local/lib/python3.7/site-packages/airflow/example_dags/tutorial_etl_dag.py took 0.146 seconds
[2022-09-25T14:38:52.162+0000] {processor.py:153} INFO - Started process (PID=7052) to work on /home/airflow/.local/lib/python3.7/site-packages/airflow/example_dags/tutorial_etl_dag.py
[2022-09-25T14:38:52.177+0000] {processor.py:640} INFO - Processing file /home/airflow/.local/lib/python3.7/site-packages/airflow/example_dags/tutorial_etl_dag.py for tasks to queue
[2022-09-25T14:38:52.182+0000] {logging_mixin.py:115} INFO - [2022-09-25T14:38:52.182+0000] {dagbag.py:508} INFO - Filling up the DagBag from /home/airflow/.local/lib/python3.7/site-packages/airflow/example_dags/tutorial_etl_dag.py
[2022-09-25T14:38:52.209+0000] {processor.py:650} INFO - DAG(s) dict_keys(['tutorial_etl_dag']) retrieved from /home/airflow/.local/lib/python3.7/site-packages/airflow/example_dags/tutorial_etl_dag.py
[2022-09-25T14:38:52.269+0000] {logging_mixin.py:115} INFO - [2022-09-25T14:38:52.268+0000] {dag.py:2429} INFO - Sync 1 DAGs
[2022-09-25T14:38:52.309+0000] {logging_mixin.py:115} INFO - [2022-09-25T14:38:52.309+0000] {dag.py:2981} INFO - Setting next_dagrun for tutorial_etl_dag to None, run_after=None
[2022-09-25T14:38:52.335+0000] {processor.py:161} INFO - Processing /home/airflow/.local/lib/python3.7/site-packages/airflow/example_dags/tutorial_etl_dag.py took 0.178 seconds
[2022-09-25T14:39:23.399+0000] {processor.py:153} INFO - Started process (PID=7258) to work on /home/airflow/.local/lib/python3.7/site-packages/airflow/example_dags/tutorial_etl_dag.py
[2022-09-25T14:39:23.401+0000] {processor.py:640} INFO - Processing file /home/airflow/.local/lib/python3.7/site-packages/airflow/example_dags/tutorial_etl_dag.py for tasks to queue
[2022-09-25T14:39:23.403+0000] {logging_mixin.py:115} INFO - [2022-09-25T14:39:23.403+0000] {dagbag.py:508} INFO - Filling up the DagBag from /home/airflow/.local/lib/python3.7/site-packages/airflow/example_dags/tutorial_etl_dag.py
[2022-09-25T14:39:23.415+0000] {processor.py:650} INFO - DAG(s) dict_keys(['tutorial_etl_dag']) retrieved from /home/airflow/.local/lib/python3.7/site-packages/airflow/example_dags/tutorial_etl_dag.py
[2022-09-25T14:39:23.467+0000] {logging_mixin.py:115} INFO - [2022-09-25T14:39:23.467+0000] {dag.py:2429} INFO - Sync 1 DAGs
[2022-09-25T14:39:23.502+0000] {logging_mixin.py:115} INFO - [2022-09-25T14:39:23.502+0000] {dag.py:2981} INFO - Setting next_dagrun for tutorial_etl_dag to None, run_after=None
[2022-09-25T14:39:23.528+0000] {processor.py:161} INFO - Processing /home/airflow/.local/lib/python3.7/site-packages/airflow/example_dags/tutorial_etl_dag.py took 0.136 seconds
[2022-09-25T14:39:54.161+0000] {processor.py:153} INFO - Started process (PID=7467) to work on /home/airflow/.local/lib/python3.7/site-packages/airflow/example_dags/tutorial_etl_dag.py
[2022-09-25T14:39:54.163+0000] {processor.py:640} INFO - Processing file /home/airflow/.local/lib/python3.7/site-packages/airflow/example_dags/tutorial_etl_dag.py for tasks to queue
[2022-09-25T14:39:54.165+0000] {logging_mixin.py:115} INFO - [2022-09-25T14:39:54.165+0000] {dagbag.py:508} INFO - Filling up the DagBag from /home/airflow/.local/lib/python3.7/site-packages/airflow/example_dags/tutorial_etl_dag.py
[2022-09-25T14:39:54.181+0000] {processor.py:650} INFO - DAG(s) dict_keys(['tutorial_etl_dag']) retrieved from /home/airflow/.local/lib/python3.7/site-packages/airflow/example_dags/tutorial_etl_dag.py
[2022-09-25T14:39:54.235+0000] {logging_mixin.py:115} INFO - [2022-09-25T14:39:54.234+0000] {dag.py:2429} INFO - Sync 1 DAGs
[2022-09-25T14:39:54.289+0000] {logging_mixin.py:115} INFO - [2022-09-25T14:39:54.288+0000] {dag.py:2981} INFO - Setting next_dagrun for tutorial_etl_dag to None, run_after=None
[2022-09-25T14:39:54.333+0000] {processor.py:161} INFO - Processing /home/airflow/.local/lib/python3.7/site-packages/airflow/example_dags/tutorial_etl_dag.py took 0.178 seconds
[2022-09-25T14:40:24.970+0000] {processor.py:153} INFO - Started process (PID=7672) to work on /home/airflow/.local/lib/python3.7/site-packages/airflow/example_dags/tutorial_etl_dag.py
[2022-09-25T14:40:24.972+0000] {processor.py:640} INFO - Processing file /home/airflow/.local/lib/python3.7/site-packages/airflow/example_dags/tutorial_etl_dag.py for tasks to queue
[2022-09-25T14:40:24.975+0000] {logging_mixin.py:115} INFO - [2022-09-25T14:40:24.975+0000] {dagbag.py:508} INFO - Filling up the DagBag from /home/airflow/.local/lib/python3.7/site-packages/airflow/example_dags/tutorial_etl_dag.py
[2022-09-25T14:40:24.991+0000] {processor.py:650} INFO - DAG(s) dict_keys(['tutorial_etl_dag']) retrieved from /home/airflow/.local/lib/python3.7/site-packages/airflow/example_dags/tutorial_etl_dag.py
[2022-09-25T14:40:25.037+0000] {logging_mixin.py:115} INFO - [2022-09-25T14:40:25.037+0000] {dag.py:2429} INFO - Sync 1 DAGs
[2022-09-25T14:40:25.078+0000] {logging_mixin.py:115} INFO - [2022-09-25T14:40:25.077+0000] {dag.py:2981} INFO - Setting next_dagrun for tutorial_etl_dag to None, run_after=None
[2022-09-25T14:40:25.099+0000] {processor.py:161} INFO - Processing /home/airflow/.local/lib/python3.7/site-packages/airflow/example_dags/tutorial_etl_dag.py took 0.138 seconds
[2022-09-25T14:40:56.188+0000] {processor.py:153} INFO - Started process (PID=7891) to work on /home/airflow/.local/lib/python3.7/site-packages/airflow/example_dags/tutorial_etl_dag.py
[2022-09-25T14:40:56.190+0000] {processor.py:640} INFO - Processing file /home/airflow/.local/lib/python3.7/site-packages/airflow/example_dags/tutorial_etl_dag.py for tasks to queue
[2022-09-25T14:40:56.192+0000] {logging_mixin.py:115} INFO - [2022-09-25T14:40:56.192+0000] {dagbag.py:508} INFO - Filling up the DagBag from /home/airflow/.local/lib/python3.7/site-packages/airflow/example_dags/tutorial_etl_dag.py
[2022-09-25T14:40:56.203+0000] {processor.py:650} INFO - DAG(s) dict_keys(['tutorial_etl_dag']) retrieved from /home/airflow/.local/lib/python3.7/site-packages/airflow/example_dags/tutorial_etl_dag.py
[2022-09-25T14:40:56.246+0000] {logging_mixin.py:115} INFO - [2022-09-25T14:40:56.246+0000] {dag.py:2429} INFO - Sync 1 DAGs
[2022-09-25T14:40:56.283+0000] {logging_mixin.py:115} INFO - [2022-09-25T14:40:56.283+0000] {dag.py:2981} INFO - Setting next_dagrun for tutorial_etl_dag to None, run_after=None
[2022-09-25T14:40:56.307+0000] {processor.py:161} INFO - Processing /home/airflow/.local/lib/python3.7/site-packages/airflow/example_dags/tutorial_etl_dag.py took 0.124 seconds
[2022-09-25T14:41:26.739+0000] {processor.py:153} INFO - Started process (PID=8091) to work on /home/airflow/.local/lib/python3.7/site-packages/airflow/example_dags/tutorial_etl_dag.py
[2022-09-25T14:41:26.741+0000] {processor.py:640} INFO - Processing file /home/airflow/.local/lib/python3.7/site-packages/airflow/example_dags/tutorial_etl_dag.py for tasks to queue
[2022-09-25T14:41:26.743+0000] {logging_mixin.py:115} INFO - [2022-09-25T14:41:26.743+0000] {dagbag.py:508} INFO - Filling up the DagBag from /home/airflow/.local/lib/python3.7/site-packages/airflow/example_dags/tutorial_etl_dag.py
[2022-09-25T14:41:26.757+0000] {processor.py:650} INFO - DAG(s) dict_keys(['tutorial_etl_dag']) retrieved from /home/airflow/.local/lib/python3.7/site-packages/airflow/example_dags/tutorial_etl_dag.py
[2022-09-25T14:41:26.803+0000] {logging_mixin.py:115} INFO - [2022-09-25T14:41:26.803+0000] {dag.py:2429} INFO - Sync 1 DAGs
[2022-09-25T14:41:26.835+0000] {logging_mixin.py:115} INFO - [2022-09-25T14:41:26.835+0000] {dag.py:2981} INFO - Setting next_dagrun for tutorial_etl_dag to None, run_after=None
[2022-09-25T14:41:26.855+0000] {processor.py:161} INFO - Processing /home/airflow/.local/lib/python3.7/site-packages/airflow/example_dags/tutorial_etl_dag.py took 0.122 seconds
[2022-09-25T14:41:57.741+0000] {processor.py:153} INFO - Started process (PID=8307) to work on /home/airflow/.local/lib/python3.7/site-packages/airflow/example_dags/tutorial_etl_dag.py
[2022-09-25T14:41:57.743+0000] {processor.py:640} INFO - Processing file /home/airflow/.local/lib/python3.7/site-packages/airflow/example_dags/tutorial_etl_dag.py for tasks to queue
[2022-09-25T14:41:57.745+0000] {logging_mixin.py:115} INFO - [2022-09-25T14:41:57.745+0000] {dagbag.py:508} INFO - Filling up the DagBag from /home/airflow/.local/lib/python3.7/site-packages/airflow/example_dags/tutorial_etl_dag.py
[2022-09-25T14:41:57.762+0000] {processor.py:650} INFO - DAG(s) dict_keys(['tutorial_etl_dag']) retrieved from /home/airflow/.local/lib/python3.7/site-packages/airflow/example_dags/tutorial_etl_dag.py
[2022-09-25T14:41:57.820+0000] {logging_mixin.py:115} INFO - [2022-09-25T14:41:57.819+0000] {dag.py:2429} INFO - Sync 1 DAGs
[2022-09-25T14:41:57.901+0000] {logging_mixin.py:115} INFO - [2022-09-25T14:41:57.901+0000] {dag.py:2981} INFO - Setting next_dagrun for tutorial_etl_dag to None, run_after=None
[2022-09-25T14:41:57.927+0000] {processor.py:161} INFO - Processing /home/airflow/.local/lib/python3.7/site-packages/airflow/example_dags/tutorial_etl_dag.py took 0.192 seconds
[2022-09-25T14:42:28.573+0000] {processor.py:153} INFO - Started process (PID=8510) to work on /home/airflow/.local/lib/python3.7/site-packages/airflow/example_dags/tutorial_etl_dag.py
[2022-09-25T14:42:28.575+0000] {processor.py:640} INFO - Processing file /home/airflow/.local/lib/python3.7/site-packages/airflow/example_dags/tutorial_etl_dag.py for tasks to queue
[2022-09-25T14:42:28.577+0000] {logging_mixin.py:115} INFO - [2022-09-25T14:42:28.577+0000] {dagbag.py:508} INFO - Filling up the DagBag from /home/airflow/.local/lib/python3.7/site-packages/airflow/example_dags/tutorial_etl_dag.py
[2022-09-25T14:42:28.591+0000] {processor.py:650} INFO - DAG(s) dict_keys(['tutorial_etl_dag']) retrieved from /home/airflow/.local/lib/python3.7/site-packages/airflow/example_dags/tutorial_etl_dag.py
[2022-09-25T14:42:28.634+0000] {logging_mixin.py:115} INFO - [2022-09-25T14:42:28.634+0000] {dag.py:2429} INFO - Sync 1 DAGs
[2022-09-25T14:42:28.671+0000] {logging_mixin.py:115} INFO - [2022-09-25T14:42:28.671+0000] {dag.py:2981} INFO - Setting next_dagrun for tutorial_etl_dag to None, run_after=None
[2022-09-25T14:42:28.692+0000] {processor.py:161} INFO - Processing /home/airflow/.local/lib/python3.7/site-packages/airflow/example_dags/tutorial_etl_dag.py took 0.125 seconds
[2022-09-25T14:42:59.431+0000] {processor.py:153} INFO - Started process (PID=8725) to work on /home/airflow/.local/lib/python3.7/site-packages/airflow/example_dags/tutorial_etl_dag.py
[2022-09-25T14:42:59.434+0000] {processor.py:640} INFO - Processing file /home/airflow/.local/lib/python3.7/site-packages/airflow/example_dags/tutorial_etl_dag.py for tasks to queue
[2022-09-25T14:42:59.435+0000] {logging_mixin.py:115} INFO - [2022-09-25T14:42:59.435+0000] {dagbag.py:508} INFO - Filling up the DagBag from /home/airflow/.local/lib/python3.7/site-packages/airflow/example_dags/tutorial_etl_dag.py
[2022-09-25T14:42:59.451+0000] {processor.py:650} INFO - DAG(s) dict_keys(['tutorial_etl_dag']) retrieved from /home/airflow/.local/lib/python3.7/site-packages/airflow/example_dags/tutorial_etl_dag.py
[2022-09-25T14:42:59.497+0000] {logging_mixin.py:115} INFO - [2022-09-25T14:42:59.497+0000] {dag.py:2429} INFO - Sync 1 DAGs
[2022-09-25T14:42:59.530+0000] {logging_mixin.py:115} INFO - [2022-09-25T14:42:59.529+0000] {dag.py:2981} INFO - Setting next_dagrun for tutorial_etl_dag to None, run_after=None
[2022-09-25T14:42:59.549+0000] {processor.py:161} INFO - Processing /home/airflow/.local/lib/python3.7/site-packages/airflow/example_dags/tutorial_etl_dag.py took 0.124 seconds
[2022-09-25T14:43:29.882+0000] {processor.py:153} INFO - Started process (PID=8926) to work on /home/airflow/.local/lib/python3.7/site-packages/airflow/example_dags/tutorial_etl_dag.py
[2022-09-25T14:43:29.885+0000] {processor.py:640} INFO - Processing file /home/airflow/.local/lib/python3.7/site-packages/airflow/example_dags/tutorial_etl_dag.py for tasks to queue
[2022-09-25T14:43:29.888+0000] {logging_mixin.py:115} INFO - [2022-09-25T14:43:29.888+0000] {dagbag.py:508} INFO - Filling up the DagBag from /home/airflow/.local/lib/python3.7/site-packages/airflow/example_dags/tutorial_etl_dag.py
[2022-09-25T14:43:29.906+0000] {processor.py:650} INFO - DAG(s) dict_keys(['tutorial_etl_dag']) retrieved from /home/airflow/.local/lib/python3.7/site-packages/airflow/example_dags/tutorial_etl_dag.py
[2022-09-25T14:43:29.952+0000] {logging_mixin.py:115} INFO - [2022-09-25T14:43:29.951+0000] {dag.py:2429} INFO - Sync 1 DAGs
[2022-09-25T14:43:29.991+0000] {logging_mixin.py:115} INFO - [2022-09-25T14:43:29.990+0000] {dag.py:2981} INFO - Setting next_dagrun for tutorial_etl_dag to None, run_after=None
[2022-09-25T14:43:30.011+0000] {processor.py:161} INFO - Processing /home/airflow/.local/lib/python3.7/site-packages/airflow/example_dags/tutorial_etl_dag.py took 0.141 seconds
[2022-09-25T14:44:01.073+0000] {processor.py:153} INFO - Started process (PID=9142) to work on /home/airflow/.local/lib/python3.7/site-packages/airflow/example_dags/tutorial_etl_dag.py
[2022-09-25T14:44:01.076+0000] {processor.py:640} INFO - Processing file /home/airflow/.local/lib/python3.7/site-packages/airflow/example_dags/tutorial_etl_dag.py for tasks to queue
[2022-09-25T14:44:01.078+0000] {logging_mixin.py:115} INFO - [2022-09-25T14:44:01.078+0000] {dagbag.py:508} INFO - Filling up the DagBag from /home/airflow/.local/lib/python3.7/site-packages/airflow/example_dags/tutorial_etl_dag.py
[2022-09-25T14:44:01.093+0000] {processor.py:650} INFO - DAG(s) dict_keys(['tutorial_etl_dag']) retrieved from /home/airflow/.local/lib/python3.7/site-packages/airflow/example_dags/tutorial_etl_dag.py
[2022-09-25T14:44:01.150+0000] {logging_mixin.py:115} INFO - [2022-09-25T14:44:01.150+0000] {dag.py:2429} INFO - Sync 1 DAGs
[2022-09-25T14:44:01.200+0000] {logging_mixin.py:115} INFO - [2022-09-25T14:44:01.200+0000] {dag.py:2981} INFO - Setting next_dagrun for tutorial_etl_dag to None, run_after=None
[2022-09-25T14:44:01.233+0000] {processor.py:161} INFO - Processing /home/airflow/.local/lib/python3.7/site-packages/airflow/example_dags/tutorial_etl_dag.py took 0.167 seconds
[2022-09-25T14:44:32.417+0000] {processor.py:153} INFO - Started process (PID=9352) to work on /home/airflow/.local/lib/python3.7/site-packages/airflow/example_dags/tutorial_etl_dag.py
[2022-09-25T14:44:32.421+0000] {processor.py:640} INFO - Processing file /home/airflow/.local/lib/python3.7/site-packages/airflow/example_dags/tutorial_etl_dag.py for tasks to queue
[2022-09-25T14:44:32.425+0000] {logging_mixin.py:115} INFO - [2022-09-25T14:44:32.424+0000] {dagbag.py:508} INFO - Filling up the DagBag from /home/airflow/.local/lib/python3.7/site-packages/airflow/example_dags/tutorial_etl_dag.py
[2022-09-25T14:44:32.444+0000] {processor.py:650} INFO - DAG(s) dict_keys(['tutorial_etl_dag']) retrieved from /home/airflow/.local/lib/python3.7/site-packages/airflow/example_dags/tutorial_etl_dag.py
[2022-09-25T14:44:32.560+0000] {logging_mixin.py:115} INFO - [2022-09-25T14:44:32.559+0000] {dag.py:2429} INFO - Sync 1 DAGs
[2022-09-25T14:44:32.620+0000] {logging_mixin.py:115} INFO - [2022-09-25T14:44:32.620+0000] {dag.py:2981} INFO - Setting next_dagrun for tutorial_etl_dag to None, run_after=None
[2022-09-25T14:44:32.659+0000] {processor.py:161} INFO - Processing /home/airflow/.local/lib/python3.7/site-packages/airflow/example_dags/tutorial_etl_dag.py took 0.252 seconds
[2022-09-25T14:45:02.986+0000] {processor.py:153} INFO - Started process (PID=9565) to work on /home/airflow/.local/lib/python3.7/site-packages/airflow/example_dags/tutorial_etl_dag.py
[2022-09-25T14:45:02.990+0000] {processor.py:640} INFO - Processing file /home/airflow/.local/lib/python3.7/site-packages/airflow/example_dags/tutorial_etl_dag.py for tasks to queue
[2022-09-25T14:45:02.993+0000] {logging_mixin.py:115} INFO - [2022-09-25T14:45:02.993+0000] {dagbag.py:508} INFO - Filling up the DagBag from /home/airflow/.local/lib/python3.7/site-packages/airflow/example_dags/tutorial_etl_dag.py
[2022-09-25T14:45:03.012+0000] {processor.py:650} INFO - DAG(s) dict_keys(['tutorial_etl_dag']) retrieved from /home/airflow/.local/lib/python3.7/site-packages/airflow/example_dags/tutorial_etl_dag.py
[2022-09-25T14:45:03.059+0000] {logging_mixin.py:115} INFO - [2022-09-25T14:45:03.059+0000] {dag.py:2429} INFO - Sync 1 DAGs
[2022-09-25T14:45:03.093+0000] {logging_mixin.py:115} INFO - [2022-09-25T14:45:03.093+0000] {dag.py:2981} INFO - Setting next_dagrun for tutorial_etl_dag to None, run_after=None
[2022-09-25T14:45:03.113+0000] {processor.py:161} INFO - Processing /home/airflow/.local/lib/python3.7/site-packages/airflow/example_dags/tutorial_etl_dag.py took 0.134 seconds
[2022-09-25T14:45:33.449+0000] {processor.py:153} INFO - Started process (PID=9764) to work on /home/airflow/.local/lib/python3.7/site-packages/airflow/example_dags/tutorial_etl_dag.py
[2022-09-25T14:45:33.451+0000] {processor.py:640} INFO - Processing file /home/airflow/.local/lib/python3.7/site-packages/airflow/example_dags/tutorial_etl_dag.py for tasks to queue
[2022-09-25T14:45:33.453+0000] {logging_mixin.py:115} INFO - [2022-09-25T14:45:33.453+0000] {dagbag.py:508} INFO - Filling up the DagBag from /home/airflow/.local/lib/python3.7/site-packages/airflow/example_dags/tutorial_etl_dag.py
[2022-09-25T14:45:33.465+0000] {processor.py:650} INFO - DAG(s) dict_keys(['tutorial_etl_dag']) retrieved from /home/airflow/.local/lib/python3.7/site-packages/airflow/example_dags/tutorial_etl_dag.py
[2022-09-25T14:45:33.508+0000] {logging_mixin.py:115} INFO - [2022-09-25T14:45:33.508+0000] {dag.py:2429} INFO - Sync 1 DAGs
[2022-09-25T14:45:33.544+0000] {logging_mixin.py:115} INFO - [2022-09-25T14:45:33.543+0000] {dag.py:2981} INFO - Setting next_dagrun for tutorial_etl_dag to None, run_after=None
[2022-09-25T14:45:33.566+0000] {processor.py:161} INFO - Processing /home/airflow/.local/lib/python3.7/site-packages/airflow/example_dags/tutorial_etl_dag.py took 0.122 seconds
[2022-09-25T14:46:03.980+0000] {processor.py:153} INFO - Started process (PID=9978) to work on /home/airflow/.local/lib/python3.7/site-packages/airflow/example_dags/tutorial_etl_dag.py
[2022-09-25T14:46:03.983+0000] {processor.py:640} INFO - Processing file /home/airflow/.local/lib/python3.7/site-packages/airflow/example_dags/tutorial_etl_dag.py for tasks to queue
[2022-09-25T14:46:03.986+0000] {logging_mixin.py:115} INFO - [2022-09-25T14:46:03.985+0000] {dagbag.py:508} INFO - Filling up the DagBag from /home/airflow/.local/lib/python3.7/site-packages/airflow/example_dags/tutorial_etl_dag.py
[2022-09-25T14:46:04.000+0000] {processor.py:650} INFO - DAG(s) dict_keys(['tutorial_etl_dag']) retrieved from /home/airflow/.local/lib/python3.7/site-packages/airflow/example_dags/tutorial_etl_dag.py
[2022-09-25T14:46:04.053+0000] {logging_mixin.py:115} INFO - [2022-09-25T14:46:04.053+0000] {dag.py:2429} INFO - Sync 1 DAGs
[2022-09-25T14:46:04.094+0000] {logging_mixin.py:115} INFO - [2022-09-25T14:46:04.094+0000] {dag.py:2981} INFO - Setting next_dagrun for tutorial_etl_dag to None, run_after=None
[2022-09-25T14:46:04.126+0000] {processor.py:161} INFO - Processing /home/airflow/.local/lib/python3.7/site-packages/airflow/example_dags/tutorial_etl_dag.py took 0.156 seconds
[2022-09-25T14:46:34.459+0000] {processor.py:153} INFO - Started process (PID=10182) to work on /home/airflow/.local/lib/python3.7/site-packages/airflow/example_dags/tutorial_etl_dag.py
[2022-09-25T14:46:34.462+0000] {processor.py:640} INFO - Processing file /home/airflow/.local/lib/python3.7/site-packages/airflow/example_dags/tutorial_etl_dag.py for tasks to queue
[2022-09-25T14:46:34.465+0000] {logging_mixin.py:115} INFO - [2022-09-25T14:46:34.464+0000] {dagbag.py:508} INFO - Filling up the DagBag from /home/airflow/.local/lib/python3.7/site-packages/airflow/example_dags/tutorial_etl_dag.py
[2022-09-25T14:46:34.477+0000] {processor.py:650} INFO - DAG(s) dict_keys(['tutorial_etl_dag']) retrieved from /home/airflow/.local/lib/python3.7/site-packages/airflow/example_dags/tutorial_etl_dag.py
[2022-09-25T14:46:34.520+0000] {logging_mixin.py:115} INFO - [2022-09-25T14:46:34.519+0000] {dag.py:2429} INFO - Sync 1 DAGs
[2022-09-25T14:46:34.553+0000] {logging_mixin.py:115} INFO - [2022-09-25T14:46:34.553+0000] {dag.py:2981} INFO - Setting next_dagrun for tutorial_etl_dag to None, run_after=None
[2022-09-25T14:46:34.574+0000] {processor.py:161} INFO - Processing /home/airflow/.local/lib/python3.7/site-packages/airflow/example_dags/tutorial_etl_dag.py took 0.124 seconds
[2022-09-25T14:47:05.251+0000] {processor.py:153} INFO - Started process (PID=10397) to work on /home/airflow/.local/lib/python3.7/site-packages/airflow/example_dags/tutorial_etl_dag.py
[2022-09-25T14:47:05.254+0000] {processor.py:640} INFO - Processing file /home/airflow/.local/lib/python3.7/site-packages/airflow/example_dags/tutorial_etl_dag.py for tasks to queue
[2022-09-25T14:47:05.256+0000] {logging_mixin.py:115} INFO - [2022-09-25T14:47:05.256+0000] {dagbag.py:508} INFO - Filling up the DagBag from /home/airflow/.local/lib/python3.7/site-packages/airflow/example_dags/tutorial_etl_dag.py
[2022-09-25T14:47:05.267+0000] {processor.py:650} INFO - DAG(s) dict_keys(['tutorial_etl_dag']) retrieved from /home/airflow/.local/lib/python3.7/site-packages/airflow/example_dags/tutorial_etl_dag.py
[2022-09-25T14:47:05.310+0000] {logging_mixin.py:115} INFO - [2022-09-25T14:47:05.310+0000] {dag.py:2429} INFO - Sync 1 DAGs
[2022-09-25T14:47:05.343+0000] {logging_mixin.py:115} INFO - [2022-09-25T14:47:05.343+0000] {dag.py:2981} INFO - Setting next_dagrun for tutorial_etl_dag to None, run_after=None
[2022-09-25T14:47:05.364+0000] {processor.py:161} INFO - Processing /home/airflow/.local/lib/python3.7/site-packages/airflow/example_dags/tutorial_etl_dag.py took 0.119 seconds
[2022-09-25T14:47:36.009+0000] {processor.py:153} INFO - Started process (PID=10602) to work on /home/airflow/.local/lib/python3.7/site-packages/airflow/example_dags/tutorial_etl_dag.py
[2022-09-25T14:47:36.012+0000] {processor.py:640} INFO - Processing file /home/airflow/.local/lib/python3.7/site-packages/airflow/example_dags/tutorial_etl_dag.py for tasks to queue
[2022-09-25T14:47:36.014+0000] {logging_mixin.py:115} INFO - [2022-09-25T14:47:36.014+0000] {dagbag.py:508} INFO - Filling up the DagBag from /home/airflow/.local/lib/python3.7/site-packages/airflow/example_dags/tutorial_etl_dag.py
[2022-09-25T14:47:36.027+0000] {processor.py:650} INFO - DAG(s) dict_keys(['tutorial_etl_dag']) retrieved from /home/airflow/.local/lib/python3.7/site-packages/airflow/example_dags/tutorial_etl_dag.py
[2022-09-25T14:47:36.075+0000] {logging_mixin.py:115} INFO - [2022-09-25T14:47:36.074+0000] {dag.py:2429} INFO - Sync 1 DAGs
[2022-09-25T14:47:36.146+0000] {logging_mixin.py:115} INFO - [2022-09-25T14:47:36.146+0000] {dag.py:2981} INFO - Setting next_dagrun for tutorial_etl_dag to None, run_after=None
[2022-09-25T14:47:36.189+0000] {processor.py:161} INFO - Processing /home/airflow/.local/lib/python3.7/site-packages/airflow/example_dags/tutorial_etl_dag.py took 0.188 seconds
[2022-09-25T14:48:06.774+0000] {processor.py:153} INFO - Started process (PID=10817) to work on /home/airflow/.local/lib/python3.7/site-packages/airflow/example_dags/tutorial_etl_dag.py
[2022-09-25T14:48:06.777+0000] {processor.py:640} INFO - Processing file /home/airflow/.local/lib/python3.7/site-packages/airflow/example_dags/tutorial_etl_dag.py for tasks to queue
[2022-09-25T14:48:06.779+0000] {logging_mixin.py:115} INFO - [2022-09-25T14:48:06.778+0000] {dagbag.py:508} INFO - Filling up the DagBag from /home/airflow/.local/lib/python3.7/site-packages/airflow/example_dags/tutorial_etl_dag.py
[2022-09-25T14:48:06.790+0000] {processor.py:650} INFO - DAG(s) dict_keys(['tutorial_etl_dag']) retrieved from /home/airflow/.local/lib/python3.7/site-packages/airflow/example_dags/tutorial_etl_dag.py
[2022-09-25T14:48:06.834+0000] {logging_mixin.py:115} INFO - [2022-09-25T14:48:06.834+0000] {dag.py:2429} INFO - Sync 1 DAGs
[2022-09-25T14:48:06.869+0000] {logging_mixin.py:115} INFO - [2022-09-25T14:48:06.868+0000] {dag.py:2981} INFO - Setting next_dagrun for tutorial_etl_dag to None, run_after=None
[2022-09-25T14:48:06.889+0000] {processor.py:161} INFO - Processing /home/airflow/.local/lib/python3.7/site-packages/airflow/example_dags/tutorial_etl_dag.py took 0.124 seconds
[2022-09-25T14:48:37.523+0000] {processor.py:153} INFO - Started process (PID=11022) to work on /home/airflow/.local/lib/python3.7/site-packages/airflow/example_dags/tutorial_etl_dag.py
[2022-09-25T14:48:37.527+0000] {processor.py:640} INFO - Processing file /home/airflow/.local/lib/python3.7/site-packages/airflow/example_dags/tutorial_etl_dag.py for tasks to queue
[2022-09-25T14:48:37.533+0000] {logging_mixin.py:115} INFO - [2022-09-25T14:48:37.532+0000] {dagbag.py:508} INFO - Filling up the DagBag from /home/airflow/.local/lib/python3.7/site-packages/airflow/example_dags/tutorial_etl_dag.py
[2022-09-25T14:48:37.573+0000] {processor.py:650} INFO - DAG(s) dict_keys(['tutorial_etl_dag']) retrieved from /home/airflow/.local/lib/python3.7/site-packages/airflow/example_dags/tutorial_etl_dag.py
[2022-09-25T14:48:37.661+0000] {logging_mixin.py:115} INFO - [2022-09-25T14:48:37.661+0000] {dag.py:2429} INFO - Sync 1 DAGs
[2022-09-25T14:48:37.710+0000] {logging_mixin.py:115} INFO - [2022-09-25T14:48:37.709+0000] {dag.py:2981} INFO - Setting next_dagrun for tutorial_etl_dag to None, run_after=None
[2022-09-25T14:48:37.734+0000] {processor.py:161} INFO - Processing /home/airflow/.local/lib/python3.7/site-packages/airflow/example_dags/tutorial_etl_dag.py took 0.221 seconds
[2022-09-25T14:49:07.953+0000] {processor.py:153} INFO - Started process (PID=11236) to work on /home/airflow/.local/lib/python3.7/site-packages/airflow/example_dags/tutorial_etl_dag.py
[2022-09-25T14:49:07.957+0000] {processor.py:640} INFO - Processing file /home/airflow/.local/lib/python3.7/site-packages/airflow/example_dags/tutorial_etl_dag.py for tasks to queue
[2022-09-25T14:49:07.959+0000] {logging_mixin.py:115} INFO - [2022-09-25T14:49:07.959+0000] {dagbag.py:508} INFO - Filling up the DagBag from /home/airflow/.local/lib/python3.7/site-packages/airflow/example_dags/tutorial_etl_dag.py
[2022-09-25T14:49:07.975+0000] {processor.py:650} INFO - DAG(s) dict_keys(['tutorial_etl_dag']) retrieved from /home/airflow/.local/lib/python3.7/site-packages/airflow/example_dags/tutorial_etl_dag.py
[2022-09-25T14:49:08.023+0000] {logging_mixin.py:115} INFO - [2022-09-25T14:49:08.023+0000] {dag.py:2429} INFO - Sync 1 DAGs
[2022-09-25T14:49:08.061+0000] {logging_mixin.py:115} INFO - [2022-09-25T14:49:08.060+0000] {dag.py:2981} INFO - Setting next_dagrun for tutorial_etl_dag to None, run_after=None
[2022-09-25T14:49:08.082+0000] {processor.py:161} INFO - Processing /home/airflow/.local/lib/python3.7/site-packages/airflow/example_dags/tutorial_etl_dag.py took 0.135 seconds
[2022-09-25T14:49:38.504+0000] {processor.py:153} INFO - Started process (PID=11447) to work on /home/airflow/.local/lib/python3.7/site-packages/airflow/example_dags/tutorial_etl_dag.py
[2022-09-25T14:49:38.506+0000] {processor.py:640} INFO - Processing file /home/airflow/.local/lib/python3.7/site-packages/airflow/example_dags/tutorial_etl_dag.py for tasks to queue
[2022-09-25T14:49:38.509+0000] {logging_mixin.py:115} INFO - [2022-09-25T14:49:38.508+0000] {dagbag.py:508} INFO - Filling up the DagBag from /home/airflow/.local/lib/python3.7/site-packages/airflow/example_dags/tutorial_etl_dag.py
[2022-09-25T14:49:38.522+0000] {processor.py:650} INFO - DAG(s) dict_keys(['tutorial_etl_dag']) retrieved from /home/airflow/.local/lib/python3.7/site-packages/airflow/example_dags/tutorial_etl_dag.py
[2022-09-25T14:49:38.598+0000] {logging_mixin.py:115} INFO - [2022-09-25T14:49:38.597+0000] {dag.py:2429} INFO - Sync 1 DAGs
[2022-09-25T14:49:38.646+0000] {logging_mixin.py:115} INFO - [2022-09-25T14:49:38.646+0000] {dag.py:2981} INFO - Setting next_dagrun for tutorial_etl_dag to None, run_after=None
[2022-09-25T14:49:38.688+0000] {processor.py:161} INFO - Processing /home/airflow/.local/lib/python3.7/site-packages/airflow/example_dags/tutorial_etl_dag.py took 0.192 seconds
[2022-09-25T14:50:09.461+0000] {processor.py:153} INFO - Started process (PID=11662) to work on /home/airflow/.local/lib/python3.7/site-packages/airflow/example_dags/tutorial_etl_dag.py
[2022-09-25T14:50:09.464+0000] {processor.py:640} INFO - Processing file /home/airflow/.local/lib/python3.7/site-packages/airflow/example_dags/tutorial_etl_dag.py for tasks to queue
[2022-09-25T14:50:09.468+0000] {logging_mixin.py:115} INFO - [2022-09-25T14:50:09.467+0000] {dagbag.py:508} INFO - Filling up the DagBag from /home/airflow/.local/lib/python3.7/site-packages/airflow/example_dags/tutorial_etl_dag.py
[2022-09-25T14:50:09.486+0000] {processor.py:650} INFO - DAG(s) dict_keys(['tutorial_etl_dag']) retrieved from /home/airflow/.local/lib/python3.7/site-packages/airflow/example_dags/tutorial_etl_dag.py
[2022-09-25T14:50:09.540+0000] {logging_mixin.py:115} INFO - [2022-09-25T14:50:09.539+0000] {dag.py:2429} INFO - Sync 1 DAGs
[2022-09-25T14:50:09.586+0000] {logging_mixin.py:115} INFO - [2022-09-25T14:50:09.586+0000] {dag.py:2981} INFO - Setting next_dagrun for tutorial_etl_dag to None, run_after=None
[2022-09-25T14:50:09.621+0000] {processor.py:161} INFO - Processing /home/airflow/.local/lib/python3.7/site-packages/airflow/example_dags/tutorial_etl_dag.py took 0.167 seconds
[2022-09-25T14:50:39.845+0000] {processor.py:153} INFO - Started process (PID=11865) to work on /home/airflow/.local/lib/python3.7/site-packages/airflow/example_dags/tutorial_etl_dag.py
[2022-09-25T14:50:39.852+0000] {processor.py:640} INFO - Processing file /home/airflow/.local/lib/python3.7/site-packages/airflow/example_dags/tutorial_etl_dag.py for tasks to queue
[2022-09-25T14:50:39.854+0000] {logging_mixin.py:115} INFO - [2022-09-25T14:50:39.854+0000] {dagbag.py:508} INFO - Filling up the DagBag from /home/airflow/.local/lib/python3.7/site-packages/airflow/example_dags/tutorial_etl_dag.py
[2022-09-25T14:50:39.865+0000] {processor.py:650} INFO - DAG(s) dict_keys(['tutorial_etl_dag']) retrieved from /home/airflow/.local/lib/python3.7/site-packages/airflow/example_dags/tutorial_etl_dag.py
[2022-09-25T14:50:39.905+0000] {logging_mixin.py:115} INFO - [2022-09-25T14:50:39.905+0000] {dag.py:2429} INFO - Sync 1 DAGs
[2022-09-25T14:50:39.937+0000] {logging_mixin.py:115} INFO - [2022-09-25T14:50:39.937+0000] {dag.py:2981} INFO - Setting next_dagrun for tutorial_etl_dag to None, run_after=None
[2022-09-25T14:50:39.958+0000] {processor.py:161} INFO - Processing /home/airflow/.local/lib/python3.7/site-packages/airflow/example_dags/tutorial_etl_dag.py took 0.118 seconds
[2022-09-25T14:51:10.552+0000] {processor.py:153} INFO - Started process (PID=12082) to work on /home/airflow/.local/lib/python3.7/site-packages/airflow/example_dags/tutorial_etl_dag.py
[2022-09-25T14:51:10.554+0000] {processor.py:640} INFO - Processing file /home/airflow/.local/lib/python3.7/site-packages/airflow/example_dags/tutorial_etl_dag.py for tasks to queue
[2022-09-25T14:51:10.556+0000] {logging_mixin.py:115} INFO - [2022-09-25T14:51:10.556+0000] {dagbag.py:508} INFO - Filling up the DagBag from /home/airflow/.local/lib/python3.7/site-packages/airflow/example_dags/tutorial_etl_dag.py
[2022-09-25T14:51:10.568+0000] {processor.py:650} INFO - DAG(s) dict_keys(['tutorial_etl_dag']) retrieved from /home/airflow/.local/lib/python3.7/site-packages/airflow/example_dags/tutorial_etl_dag.py
[2022-09-25T14:51:10.618+0000] {logging_mixin.py:115} INFO - [2022-09-25T14:51:10.618+0000] {dag.py:2429} INFO - Sync 1 DAGs
[2022-09-25T14:51:10.655+0000] {logging_mixin.py:115} INFO - [2022-09-25T14:51:10.655+0000] {dag.py:2981} INFO - Setting next_dagrun for tutorial_etl_dag to None, run_after=None
[2022-09-25T14:51:10.684+0000] {processor.py:161} INFO - Processing /home/airflow/.local/lib/python3.7/site-packages/airflow/example_dags/tutorial_etl_dag.py took 0.139 seconds
[2022-09-25T14:51:41.469+0000] {processor.py:153} INFO - Started process (PID=12286) to work on /home/airflow/.local/lib/python3.7/site-packages/airflow/example_dags/tutorial_etl_dag.py
[2022-09-25T14:51:41.472+0000] {processor.py:640} INFO - Processing file /home/airflow/.local/lib/python3.7/site-packages/airflow/example_dags/tutorial_etl_dag.py for tasks to queue
[2022-09-25T14:51:41.474+0000] {logging_mixin.py:115} INFO - [2022-09-25T14:51:41.474+0000] {dagbag.py:508} INFO - Filling up the DagBag from /home/airflow/.local/lib/python3.7/site-packages/airflow/example_dags/tutorial_etl_dag.py
[2022-09-25T14:51:41.487+0000] {processor.py:650} INFO - DAG(s) dict_keys(['tutorial_etl_dag']) retrieved from /home/airflow/.local/lib/python3.7/site-packages/airflow/example_dags/tutorial_etl_dag.py
[2022-09-25T14:51:41.547+0000] {logging_mixin.py:115} INFO - [2022-09-25T14:51:41.547+0000] {dag.py:2429} INFO - Sync 1 DAGs
[2022-09-25T14:51:41.591+0000] {logging_mixin.py:115} INFO - [2022-09-25T14:51:41.591+0000] {dag.py:2981} INFO - Setting next_dagrun for tutorial_etl_dag to None, run_after=None
[2022-09-25T14:51:41.611+0000] {processor.py:161} INFO - Processing /home/airflow/.local/lib/python3.7/site-packages/airflow/example_dags/tutorial_etl_dag.py took 0.147 seconds
[2022-09-25T14:52:11.679+0000] {processor.py:153} INFO - Started process (PID=12498) to work on /home/airflow/.local/lib/python3.7/site-packages/airflow/example_dags/tutorial_etl_dag.py
[2022-09-25T14:52:11.681+0000] {processor.py:640} INFO - Processing file /home/airflow/.local/lib/python3.7/site-packages/airflow/example_dags/tutorial_etl_dag.py for tasks to queue
[2022-09-25T14:52:11.684+0000] {logging_mixin.py:115} INFO - [2022-09-25T14:52:11.683+0000] {dagbag.py:508} INFO - Filling up the DagBag from /home/airflow/.local/lib/python3.7/site-packages/airflow/example_dags/tutorial_etl_dag.py
[2022-09-25T14:52:11.696+0000] {processor.py:650} INFO - DAG(s) dict_keys(['tutorial_etl_dag']) retrieved from /home/airflow/.local/lib/python3.7/site-packages/airflow/example_dags/tutorial_etl_dag.py
[2022-09-25T14:52:11.744+0000] {logging_mixin.py:115} INFO - [2022-09-25T14:52:11.743+0000] {dag.py:2429} INFO - Sync 1 DAGs
[2022-09-25T14:52:11.787+0000] {logging_mixin.py:115} INFO - [2022-09-25T14:52:11.787+0000] {dag.py:2981} INFO - Setting next_dagrun for tutorial_etl_dag to None, run_after=None
[2022-09-25T14:52:11.822+0000] {processor.py:161} INFO - Processing /home/airflow/.local/lib/python3.7/site-packages/airflow/example_dags/tutorial_etl_dag.py took 0.150 seconds
