[2022-10-06T14:38:51.045+0000] {taskinstance.py:1171} INFO - Dependencies all met for <TaskInstance: vecap_etl.person_dim manual__2022-10-06T14:38:18.176310+00:00 [queued]>
[2022-10-06T14:38:51.063+0000] {taskinstance.py:1171} INFO - Dependencies all met for <TaskInstance: vecap_etl.person_dim manual__2022-10-06T14:38:18.176310+00:00 [queued]>
[2022-10-06T14:38:51.064+0000] {taskinstance.py:1368} INFO - 
--------------------------------------------------------------------------------
[2022-10-06T14:38:51.065+0000] {taskinstance.py:1369} INFO - Starting attempt 1 of 1
[2022-10-06T14:38:51.066+0000] {taskinstance.py:1370} INFO - 
--------------------------------------------------------------------------------
[2022-10-06T14:38:51.092+0000] {taskinstance.py:1389} INFO - Executing <Task(PythonOperator): person_dim> on 2022-10-06 14:38:18.176310+00:00
[2022-10-06T14:38:51.104+0000] {standard_task_runner.py:52} INFO - Started process 7305 to run task
[2022-10-06T14:38:51.112+0000] {standard_task_runner.py:79} INFO - Running: ['***', 'tasks', 'run', 'vecap_etl', 'person_dim', 'manual__2022-10-06T14:38:18.176310+00:00', '--job-id', '219', '--raw', '--subdir', 'DAGS_FOLDER/c_dag.py', '--cfg-path', '/tmp/tmpt1v938l_', '--error-file', '/tmp/tmpyd6d5i5q']
[2022-10-06T14:38:51.115+0000] {standard_task_runner.py:80} INFO - Job 219: Subtask person_dim
[2022-10-06T14:38:51.303+0000] {task_command.py:371} INFO - Running <TaskInstance: vecap_etl.person_dim manual__2022-10-06T14:38:18.176310+00:00 [running]> on host a41ad1c55a2c
[2022-10-06T14:38:51.489+0000] {taskinstance.py:1583} INFO - Exporting the following env vars:
AIRFLOW_CTX_DAG_EMAIL=admin@vecap.com
AIRFLOW_CTX_DAG_OWNER=***
AIRFLOW_CTX_DAG_ID=vecap_etl
AIRFLOW_CTX_TASK_ID=person_dim
AIRFLOW_CTX_EXECUTION_DATE=2022-10-06T14:38:18.176310+00:00
AIRFLOW_CTX_TRY_NUMBER=1
AIRFLOW_CTX_DAG_RUN_ID=manual__2022-10-06T14:38:18.176310+00:00
[2022-10-06T14:39:04.215+0000] {python.py:173} INFO - Done. Returned value was: {'Table processed ': 'Data imported successful'}
[2022-10-06T14:39:04.278+0000] {taskinstance.py:1412} INFO - Marking task as SUCCESS. dag_id=vecap_etl, task_id=person_dim, execution_date=20221006T143818, start_date=20221006T143851, end_date=20221006T143904
[2022-10-06T14:39:04.337+0000] {local_task_job.py:156} INFO - Task exited with return code 0
