[2022-09-08T11:26:52.943+0000] {processor.py:153} INFO - Started process (PID=16370) to work on /opt/airflow/dags/x_dag.py
[2022-09-08T11:26:52.946+0000] {processor.py:640} INFO - Processing file /opt/airflow/dags/x_dag.py for tasks to queue
[2022-09-08T11:26:52.950+0000] {logging_mixin.py:115} INFO - [2022-09-08T11:26:52.949+0000] {dagbag.py:508} INFO - Filling up the DagBag from /opt/airflow/dags/x_dag.py
[2022-09-08T11:26:52.964+0000] {logging_mixin.py:115} INFO - [2022-09-08T11:26:52.960+0000] {dagbag.py:321} ERROR - Failed to import: /opt/airflow/dags/x_dag.py
Traceback (most recent call last):
  File "/home/airflow/.local/lib/python3.7/site-packages/airflow/models/dagbag.py", line 318, in parse
    loader.exec_module(new_module)
  File "<frozen importlib._bootstrap_external>", line 724, in exec_module
  File "<frozen importlib._bootstrap_external>", line 860, in get_code
  File "<frozen importlib._bootstrap_external>", line 791, in source_to_code
  File "<frozen importlib._bootstrap>", line 219, in _call_with_frames_removed
  File "/opt/airflow/dags/x_dag.py", line 9
    POSTGRES_CONN_ID = “vecap_source”
                                    ^
SyntaxError: invalid character in identifier
[2022-09-08T11:26:52.966+0000] {processor.py:652} WARNING - No viable dags retrieved from /opt/airflow/dags/x_dag.py
[2022-09-08T11:26:53.009+0000] {processor.py:161} INFO - Processing /opt/airflow/dags/x_dag.py took 0.074 seconds
[2022-09-08T11:26:53.955+0000] {processor.py:153} INFO - Started process (PID=16375) to work on /opt/airflow/dags/x_dag.py
[2022-09-08T11:26:53.957+0000] {processor.py:640} INFO - Processing file /opt/airflow/dags/x_dag.py for tasks to queue
[2022-09-08T11:26:53.959+0000] {logging_mixin.py:115} INFO - [2022-09-08T11:26:53.958+0000] {dagbag.py:508} INFO - Filling up the DagBag from /opt/airflow/dags/x_dag.py
[2022-09-08T11:26:53.969+0000] {logging_mixin.py:115} INFO - [2022-09-08T11:26:53.968+0000] {dagbag.py:321} ERROR - Failed to import: /opt/airflow/dags/x_dag.py
Traceback (most recent call last):
  File "/home/airflow/.local/lib/python3.7/site-packages/airflow/models/dagbag.py", line 318, in parse
    loader.exec_module(new_module)
  File "<frozen importlib._bootstrap_external>", line 724, in exec_module
  File "<frozen importlib._bootstrap_external>", line 860, in get_code
  File "<frozen importlib._bootstrap_external>", line 791, in source_to_code
  File "<frozen importlib._bootstrap>", line 219, in _call_with_frames_removed
  File "/opt/airflow/dags/x_dag.py", line 9
    POSTGRES_CONN_ID = “vecap_source”
                                    ^
SyntaxError: invalid character in identifier
[2022-09-08T11:26:53.971+0000] {processor.py:652} WARNING - No viable dags retrieved from /opt/airflow/dags/x_dag.py
[2022-09-08T11:26:54.007+0000] {processor.py:161} INFO - Processing /opt/airflow/dags/x_dag.py took 0.058 seconds
[2022-09-08T11:27:14.127+0000] {processor.py:153} INFO - Started process (PID=16510) to work on /opt/airflow/dags/x_dag.py
[2022-09-08T11:27:14.129+0000] {processor.py:640} INFO - Processing file /opt/airflow/dags/x_dag.py for tasks to queue
[2022-09-08T11:27:14.131+0000] {logging_mixin.py:115} INFO - [2022-09-08T11:27:14.130+0000] {dagbag.py:508} INFO - Filling up the DagBag from /opt/airflow/dags/x_dag.py
[2022-09-08T11:27:14.139+0000] {logging_mixin.py:115} INFO - [2022-09-08T11:27:14.137+0000] {dagbag.py:321} ERROR - Failed to import: /opt/airflow/dags/x_dag.py
Traceback (most recent call last):
  File "/home/airflow/.local/lib/python3.7/site-packages/airflow/models/dagbag.py", line 318, in parse
    loader.exec_module(new_module)
  File "<frozen importlib._bootstrap_external>", line 724, in exec_module
  File "<frozen importlib._bootstrap_external>", line 860, in get_code
  File "<frozen importlib._bootstrap_external>", line 791, in source_to_code
  File "<frozen importlib._bootstrap>", line 219, in _call_with_frames_removed
  File "/opt/airflow/dags/x_dag.py", line 9
    POSTGRES_CONN_ID = “vecap_source
                                   ^
SyntaxError: invalid character in identifier
[2022-09-08T11:27:14.142+0000] {processor.py:652} WARNING - No viable dags retrieved from /opt/airflow/dags/x_dag.py
[2022-09-08T11:27:14.175+0000] {processor.py:161} INFO - Processing /opt/airflow/dags/x_dag.py took 0.054 seconds
[2022-09-08T11:27:15.645+0000] {processor.py:153} INFO - Started process (PID=16538) to work on /opt/airflow/dags/x_dag.py
[2022-09-08T11:27:15.647+0000] {processor.py:640} INFO - Processing file /opt/airflow/dags/x_dag.py for tasks to queue
[2022-09-08T11:27:15.648+0000] {logging_mixin.py:115} INFO - [2022-09-08T11:27:15.648+0000] {dagbag.py:508} INFO - Filling up the DagBag from /opt/airflow/dags/x_dag.py
[2022-09-08T11:27:15.658+0000] {logging_mixin.py:115} INFO - [2022-09-08T11:27:15.656+0000] {dagbag.py:321} ERROR - Failed to import: /opt/airflow/dags/x_dag.py
Traceback (most recent call last):
  File "/home/airflow/.local/lib/python3.7/site-packages/airflow/models/dagbag.py", line 318, in parse
    loader.exec_module(new_module)
  File "<frozen importlib._bootstrap_external>", line 724, in exec_module
  File "<frozen importlib._bootstrap_external>", line 860, in get_code
  File "<frozen importlib._bootstrap_external>", line 791, in source_to_code
  File "<frozen importlib._bootstrap>", line 219, in _call_with_frames_removed
  File "/opt/airflow/dags/x_dag.py", line 15
    logging.info(“Exporting query to file”)
                          ^
SyntaxError: invalid character in identifier
[2022-09-08T11:27:15.660+0000] {processor.py:652} WARNING - No viable dags retrieved from /opt/airflow/dags/x_dag.py
[2022-09-08T11:27:15.695+0000] {processor.py:161} INFO - Processing /opt/airflow/dags/x_dag.py took 0.055 seconds
[2022-09-08T11:27:22.513+0000] {processor.py:153} INFO - Started process (PID=16580) to work on /opt/airflow/dags/x_dag.py
[2022-09-08T11:27:22.515+0000] {processor.py:640} INFO - Processing file /opt/airflow/dags/x_dag.py for tasks to queue
[2022-09-08T11:27:22.517+0000] {logging_mixin.py:115} INFO - [2022-09-08T11:27:22.517+0000] {dagbag.py:508} INFO - Filling up the DagBag from /opt/airflow/dags/x_dag.py
[2022-09-08T11:27:22.529+0000] {logging_mixin.py:115} INFO - [2022-09-08T11:27:22.527+0000] {dagbag.py:321} ERROR - Failed to import: /opt/airflow/dags/x_dag.py
Traceback (most recent call last):
  File "/home/airflow/.local/lib/python3.7/site-packages/airflow/models/dagbag.py", line 318, in parse
    loader.exec_module(new_module)
  File "<frozen importlib._bootstrap_external>", line 724, in exec_module
  File "<frozen importlib._bootstrap_external>", line 860, in get_code
  File "<frozen importlib._bootstrap_external>", line 791, in source_to_code
  File "<frozen importlib._bootstrap>", line 219, in _call_with_frames_removed
  File "/opt/airflow/dags/x_dag.py", line 15
    logging.info(“Exporting query to file”)
                          ^
SyntaxError: invalid character in identifier
[2022-09-08T11:27:22.531+0000] {processor.py:652} WARNING - No viable dags retrieved from /opt/airflow/dags/x_dag.py
[2022-09-08T11:27:22.573+0000] {processor.py:161} INFO - Processing /opt/airflow/dags/x_dag.py took 0.067 seconds
[2022-09-08T11:27:28.209+0000] {processor.py:153} INFO - Started process (PID=16648) to work on /opt/airflow/dags/x_dag.py
[2022-09-08T11:27:28.212+0000] {processor.py:640} INFO - Processing file /opt/airflow/dags/x_dag.py for tasks to queue
[2022-09-08T11:27:28.214+0000] {logging_mixin.py:115} INFO - [2022-09-08T11:27:28.214+0000] {dagbag.py:508} INFO - Filling up the DagBag from /opt/airflow/dags/x_dag.py
[2022-09-08T11:27:28.226+0000] {logging_mixin.py:115} INFO - [2022-09-08T11:27:28.224+0000] {dagbag.py:321} ERROR - Failed to import: /opt/airflow/dags/x_dag.py
Traceback (most recent call last):
  File "/home/airflow/.local/lib/python3.7/site-packages/airflow/models/dagbag.py", line 318, in parse
    loader.exec_module(new_module)
  File "<frozen importlib._bootstrap_external>", line 724, in exec_module
  File "<frozen importlib._bootstrap_external>", line 860, in get_code
  File "<frozen importlib._bootstrap_external>", line 791, in source_to_code
  File "<frozen importlib._bootstrap>", line 219, in _call_with_frames_removed
  File "/opt/airflow/dags/x_dag.py", line 15
    logging.info('Exporting query to file”)
                                          ^
SyntaxError: EOL while scanning string literal
[2022-09-08T11:27:28.229+0000] {processor.py:652} WARNING - No viable dags retrieved from /opt/airflow/dags/x_dag.py
[2022-09-08T11:27:28.273+0000] {processor.py:161} INFO - Processing /opt/airflow/dags/x_dag.py took 0.069 seconds
[2022-09-08T11:27:29.773+0000] {processor.py:153} INFO - Started process (PID=16665) to work on /opt/airflow/dags/x_dag.py
[2022-09-08T11:27:29.775+0000] {processor.py:640} INFO - Processing file /opt/airflow/dags/x_dag.py for tasks to queue
[2022-09-08T11:27:29.777+0000] {logging_mixin.py:115} INFO - [2022-09-08T11:27:29.777+0000] {dagbag.py:508} INFO - Filling up the DagBag from /opt/airflow/dags/x_dag.py
[2022-09-08T11:27:29.791+0000] {logging_mixin.py:115} INFO - [2022-09-08T11:27:29.789+0000] {dagbag.py:321} ERROR - Failed to import: /opt/airflow/dags/x_dag.py
Traceback (most recent call last):
  File "/home/airflow/.local/lib/python3.7/site-packages/airflow/models/dagbag.py", line 318, in parse
    loader.exec_module(new_module)
  File "<frozen importlib._bootstrap_external>", line 724, in exec_module
  File "<frozen importlib._bootstrap_external>", line 860, in get_code
  File "<frozen importlib._bootstrap_external>", line 791, in source_to_code
  File "<frozen importlib._bootstrap>", line 219, in _call_with_frames_removed
  File "/opt/airflow/dags/x_dag.py", line 15
    logging.info("Exporting query to file”)
                                          ^
SyntaxError: EOL while scanning string literal
[2022-09-08T11:27:29.795+0000] {processor.py:652} WARNING - No viable dags retrieved from /opt/airflow/dags/x_dag.py
[2022-09-08T11:27:29.845+0000] {processor.py:161} INFO - Processing /opt/airflow/dags/x_dag.py took 0.080 seconds
[2022-09-08T11:27:43.684+0000] {processor.py:153} INFO - Started process (PID=16730) to work on /opt/airflow/dags/x_dag.py
[2022-09-08T11:27:43.686+0000] {processor.py:640} INFO - Processing file /opt/airflow/dags/x_dag.py for tasks to queue
[2022-09-08T11:27:43.688+0000] {logging_mixin.py:115} INFO - [2022-09-08T11:27:43.687+0000] {dagbag.py:508} INFO - Filling up the DagBag from /opt/airflow/dags/x_dag.py
[2022-09-08T11:27:43.700+0000] {logging_mixin.py:115} INFO - [2022-09-08T11:27:43.698+0000] {dagbag.py:321} ERROR - Failed to import: /opt/airflow/dags/x_dag.py
Traceback (most recent call last):
  File "/home/airflow/.local/lib/python3.7/site-packages/airflow/models/dagbag.py", line 318, in parse
    loader.exec_module(new_module)
  File "<frozen importlib._bootstrap_external>", line 724, in exec_module
  File "<frozen importlib._bootstrap_external>", line 860, in get_code
  File "<frozen importlib._bootstrap_external>", line 791, in source_to_code
  File "<frozen importlib._bootstrap>", line 219, in _call_with_frames_removed
  File "/opt/airflow/dags/x_dag.py", line 15
    logging.info("Exporting query to file”)
                                          ^
SyntaxError: EOL while scanning string literal
[2022-09-08T11:27:43.701+0000] {processor.py:652} WARNING - No viable dags retrieved from /opt/airflow/dags/x_dag.py
[2022-09-08T11:27:43.742+0000] {processor.py:161} INFO - Processing /opt/airflow/dags/x_dag.py took 0.065 seconds
[2022-09-08T11:27:50.025+0000] {processor.py:153} INFO - Started process (PID=16809) to work on /opt/airflow/dags/x_dag.py
[2022-09-08T11:27:50.027+0000] {processor.py:640} INFO - Processing file /opt/airflow/dags/x_dag.py for tasks to queue
[2022-09-08T11:27:50.029+0000] {logging_mixin.py:115} INFO - [2022-09-08T11:27:50.029+0000] {dagbag.py:508} INFO - Filling up the DagBag from /opt/airflow/dags/x_dag.py
[2022-09-08T11:27:50.040+0000] {logging_mixin.py:115} INFO - [2022-09-08T11:27:50.039+0000] {dagbag.py:321} ERROR - Failed to import: /opt/airflow/dags/x_dag.py
Traceback (most recent call last):
  File "/home/airflow/.local/lib/python3.7/site-packages/airflow/models/dagbag.py", line 318, in parse
    loader.exec_module(new_module)
  File "<frozen importlib._bootstrap_external>", line 724, in exec_module
  File "<frozen importlib._bootstrap_external>", line 860, in get_code
  File "<frozen importlib._bootstrap_external>", line 791, in source_to_code
  File "<frozen importlib._bootstrap>", line 219, in _call_with_frames_removed
  File "/opt/airflow/dags/x_dag.py", line 15
    logging.info('Exporting query to file”)
                                          ^
SyntaxError: EOL while scanning string literal
[2022-09-08T11:27:50.044+0000] {processor.py:652} WARNING - No viable dags retrieved from /opt/airflow/dags/x_dag.py
[2022-09-08T11:27:50.080+0000] {processor.py:161} INFO - Processing /opt/airflow/dags/x_dag.py took 0.060 seconds
[2022-09-08T11:27:54.279+0000] {processor.py:153} INFO - Started process (PID=16824) to work on /opt/airflow/dags/x_dag.py
[2022-09-08T11:27:54.281+0000] {processor.py:640} INFO - Processing file /opt/airflow/dags/x_dag.py for tasks to queue
[2022-09-08T11:27:54.283+0000] {logging_mixin.py:115} INFO - [2022-09-08T11:27:54.282+0000] {dagbag.py:508} INFO - Filling up the DagBag from /opt/airflow/dags/x_dag.py
[2022-09-08T11:27:54.293+0000] {logging_mixin.py:115} INFO - [2022-09-08T11:27:54.291+0000] {dagbag.py:321} ERROR - Failed to import: /opt/airflow/dags/x_dag.py
Traceback (most recent call last):
  File "/home/airflow/.local/lib/python3.7/site-packages/airflow/models/dagbag.py", line 318, in parse
    loader.exec_module(new_module)
  File "<frozen importlib._bootstrap_external>", line 724, in exec_module
  File "<frozen importlib._bootstrap_external>", line 860, in get_code
  File "<frozen importlib._bootstrap_external>", line 791, in source_to_code
  File "<frozen importlib._bootstrap>", line 219, in _call_with_frames_removed
  File "/opt/airflow/dags/x_dag.py", line 16
    pg_hook.copy_expert(copy_sql,       filename="/home/user/airflow/customer.csv”)
                                                                                  ^
SyntaxError: EOL while scanning string literal
[2022-09-08T11:27:54.295+0000] {processor.py:652} WARNING - No viable dags retrieved from /opt/airflow/dags/x_dag.py
[2022-09-08T11:27:54.330+0000] {processor.py:161} INFO - Processing /opt/airflow/dags/x_dag.py took 0.057 seconds
[2022-09-08T11:27:59.257+0000] {processor.py:153} INFO - Started process (PID=16873) to work on /opt/airflow/dags/x_dag.py
[2022-09-08T11:27:59.259+0000] {processor.py:640} INFO - Processing file /opt/airflow/dags/x_dag.py for tasks to queue
[2022-09-08T11:27:59.262+0000] {logging_mixin.py:115} INFO - [2022-09-08T11:27:59.262+0000] {dagbag.py:508} INFO - Filling up the DagBag from /opt/airflow/dags/x_dag.py
[2022-09-08T11:27:59.273+0000] {logging_mixin.py:115} INFO - [2022-09-08T11:27:59.271+0000] {dagbag.py:321} ERROR - Failed to import: /opt/airflow/dags/x_dag.py
Traceback (most recent call last):
  File "/home/airflow/.local/lib/python3.7/site-packages/airflow/models/dagbag.py", line 318, in parse
    loader.exec_module(new_module)
  File "<frozen importlib._bootstrap_external>", line 724, in exec_module
  File "<frozen importlib._bootstrap_external>", line 860, in get_code
  File "<frozen importlib._bootstrap_external>", line 791, in source_to_code
  File "<frozen importlib._bootstrap>", line 219, in _call_with_frames_removed
  File "/opt/airflow/dags/x_dag.py", line 16
    pg_hook.copy_expert(copy_sql, filename="/home/user/airflow/customer.csv”)
                                                                            ^
SyntaxError: EOL while scanning string literal
[2022-09-08T11:27:59.274+0000] {processor.py:652} WARNING - No viable dags retrieved from /opt/airflow/dags/x_dag.py
[2022-09-08T11:27:59.312+0000] {processor.py:161} INFO - Processing /opt/airflow/dags/x_dag.py took 0.061 seconds
[2022-09-08T11:28:02.809+0000] {processor.py:153} INFO - Started process (PID=16909) to work on /opt/airflow/dags/x_dag.py
[2022-09-08T11:28:02.811+0000] {processor.py:640} INFO - Processing file /opt/airflow/dags/x_dag.py for tasks to queue
[2022-09-08T11:28:02.813+0000] {logging_mixin.py:115} INFO - [2022-09-08T11:28:02.813+0000] {dagbag.py:508} INFO - Filling up the DagBag from /opt/airflow/dags/x_dag.py
[2022-09-08T11:28:02.827+0000] {logging_mixin.py:115} INFO - [2022-09-08T11:28:02.825+0000] {dagbag.py:321} ERROR - Failed to import: /opt/airflow/dags/x_dag.py
Traceback (most recent call last):
  File "/home/airflow/.local/lib/python3.7/site-packages/airflow/models/dagbag.py", line 318, in parse
    loader.exec_module(new_module)
  File "<frozen importlib._bootstrap_external>", line 724, in exec_module
  File "<frozen importlib._bootstrap_external>", line 860, in get_code
  File "<frozen importlib._bootstrap_external>", line 791, in source_to_code
  File "<frozen importlib._bootstrap>", line 219, in _call_with_frames_removed
  File "/opt/airflow/dags/x_dag.py", line 16
    pg_hook.copy_expert(copy_sql, filename='/home/user/airflow/customer.csv”)
                                                                            ^
SyntaxError: EOL while scanning string literal
[2022-09-08T11:28:02.829+0000] {processor.py:652} WARNING - No viable dags retrieved from /opt/airflow/dags/x_dag.py
[2022-09-08T11:28:02.866+0000] {processor.py:161} INFO - Processing /opt/airflow/dags/x_dag.py took 0.062 seconds
[2022-09-08T11:28:08.029+0000] {processor.py:153} INFO - Started process (PID=16924) to work on /opt/airflow/dags/x_dag.py
[2022-09-08T11:28:08.031+0000] {processor.py:640} INFO - Processing file /opt/airflow/dags/x_dag.py for tasks to queue
[2022-09-08T11:28:08.034+0000] {logging_mixin.py:115} INFO - [2022-09-08T11:28:08.034+0000] {dagbag.py:508} INFO - Filling up the DagBag from /opt/airflow/dags/x_dag.py
[2022-09-08T11:28:08.047+0000] {logging_mixin.py:115} INFO - [2022-09-08T11:28:08.045+0000] {dagbag.py:321} ERROR - Failed to import: /opt/airflow/dags/x_dag.py
Traceback (most recent call last):
  File "/home/airflow/.local/lib/python3.7/site-packages/airflow/models/dagbag.py", line 318, in parse
    loader.exec_module(new_module)
  File "<frozen importlib._bootstrap_external>", line 724, in exec_module
  File "<frozen importlib._bootstrap_external>", line 860, in get_code
  File "<frozen importlib._bootstrap_external>", line 791, in source_to_code
  File "<frozen importlib._bootstrap>", line 219, in _call_with_frames_removed
  File "/opt/airflow/dags/x_dag.py", line 20
    dag_id=”pg_extract”,
                      ^
SyntaxError: invalid character in identifier
[2022-09-08T11:28:08.049+0000] {processor.py:652} WARNING - No viable dags retrieved from /opt/airflow/dags/x_dag.py
[2022-09-08T11:28:08.088+0000] {processor.py:161} INFO - Processing /opt/airflow/dags/x_dag.py took 0.067 seconds
[2022-09-08T11:28:12.157+0000] {processor.py:153} INFO - Started process (PID=16960) to work on /opt/airflow/dags/x_dag.py
[2022-09-08T11:28:12.159+0000] {processor.py:640} INFO - Processing file /opt/airflow/dags/x_dag.py for tasks to queue
[2022-09-08T11:28:12.160+0000] {logging_mixin.py:115} INFO - [2022-09-08T11:28:12.160+0000] {dagbag.py:508} INFO - Filling up the DagBag from /opt/airflow/dags/x_dag.py
[2022-09-08T11:28:12.169+0000] {logging_mixin.py:115} INFO - [2022-09-08T11:28:12.168+0000] {dagbag.py:321} ERROR - Failed to import: /opt/airflow/dags/x_dag.py
Traceback (most recent call last):
  File "/home/airflow/.local/lib/python3.7/site-packages/airflow/models/dagbag.py", line 318, in parse
    loader.exec_module(new_module)
  File "<frozen importlib._bootstrap_external>", line 724, in exec_module
  File "<frozen importlib._bootstrap_external>", line 860, in get_code
  File "<frozen importlib._bootstrap_external>", line 791, in source_to_code
  File "<frozen importlib._bootstrap>", line 219, in _call_with_frames_removed
  File "/opt/airflow/dags/x_dag.py", line 20
    dag_id=”pg_extract”,
                      ^
SyntaxError: invalid character in identifier
[2022-09-08T11:28:12.170+0000] {processor.py:652} WARNING - No viable dags retrieved from /opt/airflow/dags/x_dag.py
[2022-09-08T11:28:12.211+0000] {processor.py:161} INFO - Processing /opt/airflow/dags/x_dag.py took 0.059 seconds
[2022-09-08T11:28:16.278+0000] {processor.py:153} INFO - Started process (PID=16984) to work on /opt/airflow/dags/x_dag.py
[2022-09-08T11:28:16.280+0000] {processor.py:640} INFO - Processing file /opt/airflow/dags/x_dag.py for tasks to queue
[2022-09-08T11:28:16.283+0000] {logging_mixin.py:115} INFO - [2022-09-08T11:28:16.282+0000] {dagbag.py:508} INFO - Filling up the DagBag from /opt/airflow/dags/x_dag.py
[2022-09-08T11:28:16.296+0000] {logging_mixin.py:115} INFO - [2022-09-08T11:28:16.294+0000] {dagbag.py:321} ERROR - Failed to import: /opt/airflow/dags/x_dag.py
Traceback (most recent call last):
  File "/home/airflow/.local/lib/python3.7/site-packages/airflow/models/dagbag.py", line 318, in parse
    loader.exec_module(new_module)
  File "<frozen importlib._bootstrap_external>", line 724, in exec_module
  File "<frozen importlib._bootstrap_external>", line 860, in get_code
  File "<frozen importlib._bootstrap_external>", line 791, in source_to_code
  File "<frozen importlib._bootstrap>", line 219, in _call_with_frames_removed
  File "/opt/airflow/dags/x_dag.py", line 20
    dag_id=”pg_extract”,
                      ^
SyntaxError: invalid character in identifier
[2022-09-08T11:28:16.297+0000] {processor.py:652} WARNING - No viable dags retrieved from /opt/airflow/dags/x_dag.py
[2022-09-08T11:28:16.334+0000] {processor.py:161} INFO - Processing /opt/airflow/dags/x_dag.py took 0.064 seconds
[2022-09-08T11:28:21.573+0000] {processor.py:153} INFO - Started process (PID=17044) to work on /opt/airflow/dags/x_dag.py
[2022-09-08T11:28:21.575+0000] {processor.py:640} INFO - Processing file /opt/airflow/dags/x_dag.py for tasks to queue
[2022-09-08T11:28:21.577+0000] {logging_mixin.py:115} INFO - [2022-09-08T11:28:21.577+0000] {dagbag.py:508} INFO - Filling up the DagBag from /opt/airflow/dags/x_dag.py
[2022-09-08T11:28:21.585+0000] {logging_mixin.py:115} INFO - [2022-09-08T11:28:21.584+0000] {dagbag.py:321} ERROR - Failed to import: /opt/airflow/dags/x_dag.py
Traceback (most recent call last):
  File "/home/airflow/.local/lib/python3.7/site-packages/airflow/models/dagbag.py", line 318, in parse
    loader.exec_module(new_module)
  File "<frozen importlib._bootstrap_external>", line 724, in exec_module
  File "<frozen importlib._bootstrap_external>", line 860, in get_code
  File "<frozen importlib._bootstrap_external>", line 791, in source_to_code
  File "<frozen importlib._bootstrap>", line 219, in _call_with_frames_removed
  File "/opt/airflow/dags/x_dag.py", line 20
    dag_id=”pg_extract”,
                      ^
SyntaxError: invalid character in identifier
[2022-09-08T11:28:21.586+0000] {processor.py:652} WARNING - No viable dags retrieved from /opt/airflow/dags/x_dag.py
[2022-09-08T11:28:21.618+0000] {processor.py:161} INFO - Processing /opt/airflow/dags/x_dag.py took 0.052 seconds
[2022-09-08T11:28:22.608+0000] {processor.py:153} INFO - Started process (PID=17049) to work on /opt/airflow/dags/x_dag.py
[2022-09-08T11:28:22.609+0000] {processor.py:640} INFO - Processing file /opt/airflow/dags/x_dag.py for tasks to queue
[2022-09-08T11:28:22.611+0000] {logging_mixin.py:115} INFO - [2022-09-08T11:28:22.611+0000] {dagbag.py:508} INFO - Filling up the DagBag from /opt/airflow/dags/x_dag.py
[2022-09-08T11:28:22.620+0000] {logging_mixin.py:115} INFO - [2022-09-08T11:28:22.618+0000] {dagbag.py:321} ERROR - Failed to import: /opt/airflow/dags/x_dag.py
Traceback (most recent call last):
  File "/home/airflow/.local/lib/python3.7/site-packages/airflow/models/dagbag.py", line 318, in parse
    loader.exec_module(new_module)
  File "<frozen importlib._bootstrap_external>", line 724, in exec_module
  File "<frozen importlib._bootstrap_external>", line 860, in get_code
  File "<frozen importlib._bootstrap_external>", line 791, in source_to_code
  File "<frozen importlib._bootstrap>", line 219, in _call_with_frames_removed
  File "/opt/airflow/dags/x_dag.py", line 20
    dag_id=”pg_extract”,
                      ^
SyntaxError: invalid character in identifier
[2022-09-08T11:28:22.621+0000] {processor.py:652} WARNING - No viable dags retrieved from /opt/airflow/dags/x_dag.py
[2022-09-08T11:28:22.650+0000] {processor.py:161} INFO - Processing /opt/airflow/dags/x_dag.py took 0.049 seconds
[2022-09-08T11:28:25.861+0000] {processor.py:153} INFO - Started process (PID=17073) to work on /opt/airflow/dags/x_dag.py
[2022-09-08T11:28:25.862+0000] {processor.py:640} INFO - Processing file /opt/airflow/dags/x_dag.py for tasks to queue
[2022-09-08T11:28:25.865+0000] {logging_mixin.py:115} INFO - [2022-09-08T11:28:25.864+0000] {dagbag.py:508} INFO - Filling up the DagBag from /opt/airflow/dags/x_dag.py
[2022-09-08T11:28:25.874+0000] {logging_mixin.py:115} INFO - [2022-09-08T11:28:25.872+0000] {dagbag.py:321} ERROR - Failed to import: /opt/airflow/dags/x_dag.py
Traceback (most recent call last):
  File "/home/airflow/.local/lib/python3.7/site-packages/airflow/models/dagbag.py", line 318, in parse
    loader.exec_module(new_module)
  File "<frozen importlib._bootstrap_external>", line 724, in exec_module
  File "<frozen importlib._bootstrap_external>", line 860, in get_code
  File "<frozen importlib._bootstrap_external>", line 791, in source_to_code
  File "<frozen importlib._bootstrap>", line 219, in _call_with_frames_removed
  File "/opt/airflow/dags/x_dag.py", line 20
    dag_id=”pg_extract”,
                      ^
SyntaxError: invalid character in identifier
[2022-09-08T11:28:25.875+0000] {processor.py:652} WARNING - No viable dags retrieved from /opt/airflow/dags/x_dag.py
[2022-09-08T11:28:25.910+0000] {processor.py:161} INFO - Processing /opt/airflow/dags/x_dag.py took 0.053 seconds
[2022-09-08T11:28:29.324+0000] {processor.py:153} INFO - Started process (PID=17103) to work on /opt/airflow/dags/x_dag.py
[2022-09-08T11:28:29.326+0000] {processor.py:640} INFO - Processing file /opt/airflow/dags/x_dag.py for tasks to queue
[2022-09-08T11:28:29.329+0000] {logging_mixin.py:115} INFO - [2022-09-08T11:28:29.329+0000] {dagbag.py:508} INFO - Filling up the DagBag from /opt/airflow/dags/x_dag.py
[2022-09-08T11:28:29.340+0000] {logging_mixin.py:115} INFO - [2022-09-08T11:28:29.339+0000] {dagbag.py:321} ERROR - Failed to import: /opt/airflow/dags/x_dag.py
Traceback (most recent call last):
  File "/home/airflow/.local/lib/python3.7/site-packages/airflow/models/dagbag.py", line 318, in parse
    loader.exec_module(new_module)
  File "<frozen importlib._bootstrap_external>", line 724, in exec_module
  File "<frozen importlib._bootstrap_external>", line 860, in get_code
  File "<frozen importlib._bootstrap_external>", line 791, in source_to_code
  File "<frozen importlib._bootstrap>", line 219, in _call_with_frames_removed
  File "/opt/airflow/dags/x_dag.py", line 20
    dag_id=”pg_extract',
                     ^
SyntaxError: invalid character in identifier
[2022-09-08T11:28:29.342+0000] {processor.py:652} WARNING - No viable dags retrieved from /opt/airflow/dags/x_dag.py
[2022-09-08T11:28:29.386+0000] {processor.py:161} INFO - Processing /opt/airflow/dags/x_dag.py took 0.071 seconds
[2022-09-08T11:28:31.521+0000] {processor.py:153} INFO - Started process (PID=17139) to work on /opt/airflow/dags/x_dag.py
[2022-09-08T11:28:31.523+0000] {processor.py:640} INFO - Processing file /opt/airflow/dags/x_dag.py for tasks to queue
[2022-09-08T11:28:31.525+0000] {logging_mixin.py:115} INFO - [2022-09-08T11:28:31.525+0000] {dagbag.py:508} INFO - Filling up the DagBag from /opt/airflow/dags/x_dag.py
[2022-09-08T11:28:31.537+0000] {logging_mixin.py:115} INFO - [2022-09-08T11:28:31.535+0000] {dagbag.py:321} ERROR - Failed to import: /opt/airflow/dags/x_dag.py
Traceback (most recent call last):
  File "/home/airflow/.local/lib/python3.7/site-packages/airflow/models/dagbag.py", line 318, in parse
    loader.exec_module(new_module)
  File "<frozen importlib._bootstrap_external>", line 724, in exec_module
  File "<frozen importlib._bootstrap_external>", line 860, in get_code
  File "<frozen importlib._bootstrap_external>", line 791, in source_to_code
  File "<frozen importlib._bootstrap>", line 219, in _call_with_frames_removed
  File "/opt/airflow/dags/x_dag.py", line 30
    “copy_sql”: “COPY (SELECT * FROM CUSTOMER WHERE first_name='john') TO STDOUT WITH CSV HEADER”
             ^
SyntaxError: invalid character in identifier
[2022-09-08T11:28:31.539+0000] {processor.py:652} WARNING - No viable dags retrieved from /opt/airflow/dags/x_dag.py
[2022-09-08T11:28:31.571+0000] {processor.py:161} INFO - Processing /opt/airflow/dags/x_dag.py took 0.055 seconds
[2022-09-08T11:28:34.722+0000] {processor.py:153} INFO - Started process (PID=17154) to work on /opt/airflow/dags/x_dag.py
[2022-09-08T11:28:34.725+0000] {processor.py:640} INFO - Processing file /opt/airflow/dags/x_dag.py for tasks to queue
[2022-09-08T11:28:34.726+0000] {logging_mixin.py:115} INFO - [2022-09-08T11:28:34.726+0000] {dagbag.py:508} INFO - Filling up the DagBag from /opt/airflow/dags/x_dag.py
[2022-09-08T11:28:34.739+0000] {logging_mixin.py:115} INFO - [2022-09-08T11:28:34.736+0000] {dagbag.py:321} ERROR - Failed to import: /opt/airflow/dags/x_dag.py
Traceback (most recent call last):
  File "/home/airflow/.local/lib/python3.7/site-packages/airflow/models/dagbag.py", line 318, in parse
    loader.exec_module(new_module)
  File "<frozen importlib._bootstrap_external>", line 724, in exec_module
  File "<frozen importlib._bootstrap_external>", line 860, in get_code
  File "<frozen importlib._bootstrap_external>", line 791, in source_to_code
  File "<frozen importlib._bootstrap>", line 219, in _call_with_frames_removed
  File "/opt/airflow/dags/x_dag.py", line 30
    “copy_sql': “COPY (SELECT * FROM CUSTOMER WHERE first_name='john') TO STDOUT WITH CSV HEADER”
            ^
SyntaxError: invalid character in identifier
[2022-09-08T11:28:34.740+0000] {processor.py:652} WARNING - No viable dags retrieved from /opt/airflow/dags/x_dag.py
[2022-09-08T11:28:34.780+0000] {processor.py:161} INFO - Processing /opt/airflow/dags/x_dag.py took 0.064 seconds
[2022-09-08T11:28:37.942+0000] {processor.py:153} INFO - Started process (PID=17178) to work on /opt/airflow/dags/x_dag.py
[2022-09-08T11:28:37.944+0000] {processor.py:640} INFO - Processing file /opt/airflow/dags/x_dag.py for tasks to queue
[2022-09-08T11:28:37.946+0000] {logging_mixin.py:115} INFO - [2022-09-08T11:28:37.945+0000] {dagbag.py:508} INFO - Filling up the DagBag from /opt/airflow/dags/x_dag.py
[2022-09-08T11:28:37.958+0000] {logging_mixin.py:115} INFO - [2022-09-08T11:28:37.956+0000] {dagbag.py:321} ERROR - Failed to import: /opt/airflow/dags/x_dag.py
Traceback (most recent call last):
  File "/home/airflow/.local/lib/python3.7/site-packages/airflow/models/dagbag.py", line 318, in parse
    loader.exec_module(new_module)
  File "<frozen importlib._bootstrap_external>", line 724, in exec_module
  File "<frozen importlib._bootstrap_external>", line 860, in get_code
  File "<frozen importlib._bootstrap_external>", line 791, in source_to_code
  File "<frozen importlib._bootstrap>", line 219, in _call_with_frames_removed
  File "/opt/airflow/dags/x_dag.py", line 30
    'copy_sql': “COPY (SELECT * FROM CUSTOMER WHERE first_name='john') TO STDOUT WITH CSV HEADER”
                    ^
SyntaxError: invalid character in identifier
[2022-09-08T11:28:37.959+0000] {processor.py:652} WARNING - No viable dags retrieved from /opt/airflow/dags/x_dag.py
[2022-09-08T11:28:37.993+0000] {processor.py:161} INFO - Processing /opt/airflow/dags/x_dag.py took 0.057 seconds
[2022-09-08T11:28:52.940+0000] {processor.py:153} INFO - Started process (PID=17288) to work on /opt/airflow/dags/x_dag.py
[2022-09-08T11:28:52.941+0000] {processor.py:640} INFO - Processing file /opt/airflow/dags/x_dag.py for tasks to queue
[2022-09-08T11:28:52.943+0000] {logging_mixin.py:115} INFO - [2022-09-08T11:28:52.943+0000] {dagbag.py:508} INFO - Filling up the DagBag from /opt/airflow/dags/x_dag.py
[2022-09-08T11:28:52.952+0000] {logging_mixin.py:115} INFO - [2022-09-08T11:28:52.951+0000] {dagbag.py:321} ERROR - Failed to import: /opt/airflow/dags/x_dag.py
Traceback (most recent call last):
  File "/home/airflow/.local/lib/python3.7/site-packages/airflow/models/dagbag.py", line 318, in parse
    loader.exec_module(new_module)
  File "<frozen importlib._bootstrap_external>", line 724, in exec_module
  File "<frozen importlib._bootstrap_external>", line 860, in get_code
  File "<frozen importlib._bootstrap_external>", line 791, in source_to_code
  File "<frozen importlib._bootstrap>", line 219, in _call_with_frames_removed
  File "/opt/airflow/dags/x_dag.py", line 30
    'copy_sql': COPY (SELECT * FROM CUSTOMER WHERE first_name='john') TO STDOUT WITH CSV HEADER”
                                           ^
SyntaxError: invalid syntax
[2022-09-08T11:28:52.955+0000] {processor.py:652} WARNING - No viable dags retrieved from /opt/airflow/dags/x_dag.py
[2022-09-08T11:28:52.989+0000] {processor.py:161} INFO - Processing /opt/airflow/dags/x_dag.py took 0.054 seconds
[2022-09-08T11:28:54.158+0000] {processor.py:153} INFO - Started process (PID=17303) to work on /opt/airflow/dags/x_dag.py
[2022-09-08T11:28:54.161+0000] {processor.py:640} INFO - Processing file /opt/airflow/dags/x_dag.py for tasks to queue
[2022-09-08T11:28:54.163+0000] {logging_mixin.py:115} INFO - [2022-09-08T11:28:54.163+0000] {dagbag.py:508} INFO - Filling up the DagBag from /opt/airflow/dags/x_dag.py
[2022-09-08T11:28:54.176+0000] {logging_mixin.py:115} INFO - [2022-09-08T11:28:54.173+0000] {dagbag.py:321} ERROR - Failed to import: /opt/airflow/dags/x_dag.py
Traceback (most recent call last):
  File "/home/airflow/.local/lib/python3.7/site-packages/airflow/models/dagbag.py", line 318, in parse
    loader.exec_module(new_module)
  File "<frozen importlib._bootstrap_external>", line 724, in exec_module
  File "<frozen importlib._bootstrap_external>", line 860, in get_code
  File "<frozen importlib._bootstrap_external>", line 791, in source_to_code
  File "<frozen importlib._bootstrap>", line 219, in _call_with_frames_removed
  File "/opt/airflow/dags/x_dag.py", line 30
    'copy_sql': "COPY (SELECT * FROM CUSTOMER WHERE first_name='john') TO STDOUT WITH CSV HEADER”
                                                                                                ^
SyntaxError: EOL while scanning string literal
[2022-09-08T11:28:54.178+0000] {processor.py:652} WARNING - No viable dags retrieved from /opt/airflow/dags/x_dag.py
[2022-09-08T11:28:54.215+0000] {processor.py:161} INFO - Processing /opt/airflow/dags/x_dag.py took 0.066 seconds
[2022-09-08T11:28:58.368+0000] {processor.py:153} INFO - Started process (PID=17323) to work on /opt/airflow/dags/x_dag.py
[2022-09-08T11:28:58.370+0000] {processor.py:640} INFO - Processing file /opt/airflow/dags/x_dag.py for tasks to queue
[2022-09-08T11:28:58.371+0000] {logging_mixin.py:115} INFO - [2022-09-08T11:28:58.371+0000] {dagbag.py:508} INFO - Filling up the DagBag from /opt/airflow/dags/x_dag.py
[2022-09-08T11:28:58.391+0000] {logging_mixin.py:115} INFO - [2022-09-08T11:28:58.388+0000] {dagbag.py:321} ERROR - Failed to import: /opt/airflow/dags/x_dag.py
Traceback (most recent call last):
  File "/home/airflow/.local/lib/python3.7/site-packages/airflow/models/dagbag.py", line 318, in parse
    loader.exec_module(new_module)
  File "<frozen importlib._bootstrap_external>", line 728, in exec_module
  File "<frozen importlib._bootstrap>", line 219, in _call_with_frames_removed
  File "/opt/airflow/dags/x_dag.py", line 2, in <module>
    from Airflow import DAG
ModuleNotFoundError: No module named 'Airflow'
[2022-09-08T11:28:58.393+0000] {processor.py:652} WARNING - No viable dags retrieved from /opt/airflow/dags/x_dag.py
[2022-09-08T11:28:58.436+0000] {processor.py:161} INFO - Processing /opt/airflow/dags/x_dag.py took 0.073 seconds
[2022-09-08T11:29:09.144+0000] {processor.py:153} INFO - Started process (PID=17399) to work on /opt/airflow/dags/x_dag.py
[2022-09-08T11:29:09.146+0000] {processor.py:640} INFO - Processing file /opt/airflow/dags/x_dag.py for tasks to queue
[2022-09-08T11:29:09.148+0000] {logging_mixin.py:115} INFO - [2022-09-08T11:29:09.148+0000] {dagbag.py:508} INFO - Filling up the DagBag from /opt/airflow/dags/x_dag.py
[2022-09-08T11:29:09.170+0000] {logging_mixin.py:115} INFO - [2022-09-08T11:29:09.166+0000] {dagbag.py:321} ERROR - Failed to import: /opt/airflow/dags/x_dag.py
Traceback (most recent call last):
  File "/home/airflow/.local/lib/python3.7/site-packages/airflow/models/dagbag.py", line 318, in parse
    loader.exec_module(new_module)
  File "<frozen importlib._bootstrap_external>", line 728, in exec_module
  File "<frozen importlib._bootstrap>", line 219, in _call_with_frames_removed
  File "/opt/airflow/dags/x_dag.py", line 4, in <module>
    from Airflow.providers.postgres.hooks.postgres import PostgresHook
ModuleNotFoundError: No module named 'Airflow'
[2022-09-08T11:29:09.174+0000] {processor.py:652} WARNING - No viable dags retrieved from /opt/airflow/dags/x_dag.py
[2022-09-08T11:29:09.218+0000] {processor.py:161} INFO - Processing /opt/airflow/dags/x_dag.py took 0.079 seconds
[2022-09-08T11:29:10.509+0000] {processor.py:153} INFO - Started process (PID=17425) to work on /opt/airflow/dags/x_dag.py
[2022-09-08T11:29:10.511+0000] {processor.py:640} INFO - Processing file /opt/airflow/dags/x_dag.py for tasks to queue
[2022-09-08T11:29:10.513+0000] {logging_mixin.py:115} INFO - [2022-09-08T11:29:10.513+0000] {dagbag.py:508} INFO - Filling up the DagBag from /opt/airflow/dags/x_dag.py
[2022-09-08T11:29:10.558+0000] {logging_mixin.py:115} INFO - [2022-09-08T11:29:10.555+0000] {dagbag.py:321} ERROR - Failed to import: /opt/airflow/dags/x_dag.py
Traceback (most recent call last):
  File "/home/airflow/.local/lib/python3.7/site-packages/airflow/models/dagbag.py", line 318, in parse
    loader.exec_module(new_module)
  File "<frozen importlib._bootstrap_external>", line 728, in exec_module
  File "<frozen importlib._bootstrap>", line 219, in _call_with_frames_removed
  File "/opt/airflow/dags/x_dag.py", line 5, in <module>
    from Airflow.operators.python import PythonOperator
ModuleNotFoundError: No module named 'Airflow'
[2022-09-08T11:29:10.559+0000] {processor.py:652} WARNING - No viable dags retrieved from /opt/airflow/dags/x_dag.py
[2022-09-08T11:29:10.591+0000] {processor.py:161} INFO - Processing /opt/airflow/dags/x_dag.py took 0.087 seconds
[2022-09-08T11:29:12.639+0000] {processor.py:153} INFO - Started process (PID=17444) to work on /opt/airflow/dags/x_dag.py
[2022-09-08T11:29:12.642+0000] {processor.py:640} INFO - Processing file /opt/airflow/dags/x_dag.py for tasks to queue
[2022-09-08T11:29:12.644+0000] {logging_mixin.py:115} INFO - [2022-09-08T11:29:12.643+0000] {dagbag.py:508} INFO - Filling up the DagBag from /opt/airflow/dags/x_dag.py
[2022-09-08T11:29:12.705+0000] {logging_mixin.py:115} INFO - [2022-09-08T11:29:12.702+0000] {dagbag.py:321} ERROR - Failed to import: /opt/airflow/dags/x_dag.py
Traceback (most recent call last):
  File "/home/airflow/.local/lib/python3.7/site-packages/airflow/models/dagbag.py", line 318, in parse
    loader.exec_module(new_module)
  File "<frozen importlib._bootstrap_external>", line 728, in exec_module
  File "<frozen importlib._bootstrap>", line 219, in _call_with_frames_removed
  File "/opt/airflow/dags/x_dag.py", line 21, in <module>
    start_date=datetime.datetime(2022, 2, 2),
AttributeError: type object 'datetime.datetime' has no attribute 'datetime'
[2022-09-08T11:29:12.707+0000] {processor.py:652} WARNING - No viable dags retrieved from /opt/airflow/dags/x_dag.py
[2022-09-08T11:29:12.743+0000] {processor.py:161} INFO - Processing /opt/airflow/dags/x_dag.py took 0.109 seconds
[2022-09-08T11:29:17.237+0000] {processor.py:153} INFO - Started process (PID=17464) to work on /opt/airflow/dags/x_dag.py
[2022-09-08T11:29:17.238+0000] {processor.py:640} INFO - Processing file /opt/airflow/dags/x_dag.py for tasks to queue
[2022-09-08T11:29:17.240+0000] {logging_mixin.py:115} INFO - [2022-09-08T11:29:17.240+0000] {dagbag.py:508} INFO - Filling up the DagBag from /opt/airflow/dags/x_dag.py
[2022-09-08T11:29:17.311+0000] {logging_mixin.py:115} INFO - [2022-09-08T11:29:17.305+0000] {dagbag.py:321} ERROR - Failed to import: /opt/airflow/dags/x_dag.py
Traceback (most recent call last):
  File "/home/airflow/.local/lib/python3.7/site-packages/airflow/models/dagbag.py", line 318, in parse
    loader.exec_module(new_module)
  File "<frozen importlib._bootstrap_external>", line 728, in exec_module
  File "<frozen importlib._bootstrap>", line 219, in _call_with_frames_removed
  File "/opt/airflow/dags/x_dag.py", line 21, in <module>
    start_date=datetime.datetime(2022, 2, 2),
AttributeError: type object 'datetime.datetime' has no attribute 'datetime'
[2022-09-08T11:29:17.316+0000] {processor.py:652} WARNING - No viable dags retrieved from /opt/airflow/dags/x_dag.py
[2022-09-08T11:29:17.352+0000] {processor.py:161} INFO - Processing /opt/airflow/dags/x_dag.py took 0.120 seconds
[2022-09-08T11:29:47.633+0000] {processor.py:153} INFO - Started process (PID=17669) to work on /opt/airflow/dags/x_dag.py
[2022-09-08T11:29:47.636+0000] {processor.py:640} INFO - Processing file /opt/airflow/dags/x_dag.py for tasks to queue
[2022-09-08T11:29:47.638+0000] {logging_mixin.py:115} INFO - [2022-09-08T11:29:47.637+0000] {dagbag.py:508} INFO - Filling up the DagBag from /opt/airflow/dags/x_dag.py
[2022-09-08T11:29:47.693+0000] {logging_mixin.py:115} INFO - [2022-09-08T11:29:47.689+0000] {dagbag.py:321} ERROR - Failed to import: /opt/airflow/dags/x_dag.py
Traceback (most recent call last):
  File "/home/airflow/.local/lib/python3.7/site-packages/airflow/models/dagbag.py", line 318, in parse
    loader.exec_module(new_module)
  File "<frozen importlib._bootstrap_external>", line 728, in exec_module
  File "<frozen importlib._bootstrap>", line 219, in _call_with_frames_removed
  File "/opt/airflow/dags/x_dag.py", line 21, in <module>
    start_date=datetime.datetime(2022, 2, 2),
AttributeError: type object 'datetime.datetime' has no attribute 'datetime'
[2022-09-08T11:29:47.695+0000] {processor.py:652} WARNING - No viable dags retrieved from /opt/airflow/dags/x_dag.py
[2022-09-08T11:29:47.735+0000] {processor.py:161} INFO - Processing /opt/airflow/dags/x_dag.py took 0.107 seconds
[2022-09-08T11:30:00.385+0000] {processor.py:153} INFO - Started process (PID=17768) to work on /opt/airflow/dags/x_dag.py
[2022-09-08T11:30:00.390+0000] {processor.py:640} INFO - Processing file /opt/airflow/dags/x_dag.py for tasks to queue
[2022-09-08T11:30:00.392+0000] {logging_mixin.py:115} INFO - [2022-09-08T11:30:00.392+0000] {dagbag.py:508} INFO - Filling up the DagBag from /opt/airflow/dags/x_dag.py
[2022-09-08T11:30:00.442+0000] {logging_mixin.py:115} INFO - [2022-09-08T11:30:00.439+0000] {dagbag.py:321} ERROR - Failed to import: /opt/airflow/dags/x_dag.py
Traceback (most recent call last):
  File "/home/airflow/.local/lib/python3.7/site-packages/airflow/models/dagbag.py", line 318, in parse
    loader.exec_module(new_module)
  File "<frozen importlib._bootstrap_external>", line 728, in exec_module
  File "<frozen importlib._bootstrap>", line 219, in _call_with_frames_removed
  File "/opt/airflow/dags/x_dag.py", line 21, in <module>
    start_date=datetime.datetime(2022, 9, 2),
AttributeError: type object 'datetime.datetime' has no attribute 'datetime'
[2022-09-08T11:30:00.443+0000] {processor.py:652} WARNING - No viable dags retrieved from /opt/airflow/dags/x_dag.py
[2022-09-08T11:30:00.475+0000] {processor.py:161} INFO - Processing /opt/airflow/dags/x_dag.py took 0.095 seconds
[2022-09-08T11:30:02.922+0000] {processor.py:153} INFO - Started process (PID=17801) to work on /opt/airflow/dags/x_dag.py
[2022-09-08T11:30:02.924+0000] {processor.py:640} INFO - Processing file /opt/airflow/dags/x_dag.py for tasks to queue
[2022-09-08T11:30:02.926+0000] {logging_mixin.py:115} INFO - [2022-09-08T11:30:02.926+0000] {dagbag.py:508} INFO - Filling up the DagBag from /opt/airflow/dags/x_dag.py
[2022-09-08T11:30:02.990+0000] {logging_mixin.py:115} INFO - [2022-09-08T11:30:02.988+0000] {dagbag.py:321} ERROR - Failed to import: /opt/airflow/dags/x_dag.py
Traceback (most recent call last):
  File "/home/airflow/.local/lib/python3.7/site-packages/airflow/models/dagbag.py", line 318, in parse
    loader.exec_module(new_module)
  File "<frozen importlib._bootstrap_external>", line 728, in exec_module
  File "<frozen importlib._bootstrap>", line 219, in _call_with_frames_removed
  File "/opt/airflow/dags/x_dag.py", line 21, in <module>
    start_date=datetime.datetime(2022, 9, 8),
AttributeError: type object 'datetime.datetime' has no attribute 'datetime'
[2022-09-08T11:30:02.992+0000] {processor.py:652} WARNING - No viable dags retrieved from /opt/airflow/dags/x_dag.py
[2022-09-08T11:30:03.022+0000] {processor.py:161} INFO - Processing /opt/airflow/dags/x_dag.py took 0.107 seconds
[2022-09-08T11:30:03.646+0000] {processor.py:153} INFO - Started process (PID=17820) to work on /opt/airflow/dags/x_dag.py
[2022-09-08T11:30:03.648+0000] {processor.py:640} INFO - Processing file /opt/airflow/dags/x_dag.py for tasks to queue
[2022-09-08T11:30:03.650+0000] {logging_mixin.py:115} INFO - [2022-09-08T11:30:03.649+0000] {dagbag.py:508} INFO - Filling up the DagBag from /opt/airflow/dags/x_dag.py
[2022-09-08T11:30:03.697+0000] {logging_mixin.py:115} INFO - [2022-09-08T11:30:03.694+0000] {dagbag.py:321} ERROR - Failed to import: /opt/airflow/dags/x_dag.py
Traceback (most recent call last):
  File "/home/airflow/.local/lib/python3.7/site-packages/airflow/models/dagbag.py", line 318, in parse
    loader.exec_module(new_module)
  File "<frozen importlib._bootstrap_external>", line 728, in exec_module
  File "<frozen importlib._bootstrap>", line 219, in _call_with_frames_removed
  File "/opt/airflow/dags/x_dag.py", line 21, in <module>
    start_date=datetime.datetime(2022, 9, 8),
AttributeError: type object 'datetime.datetime' has no attribute 'datetime'
[2022-09-08T11:30:03.698+0000] {processor.py:652} WARNING - No viable dags retrieved from /opt/airflow/dags/x_dag.py
[2022-09-08T11:30:03.728+0000] {processor.py:161} INFO - Processing /opt/airflow/dags/x_dag.py took 0.087 seconds
[2022-09-08T11:30:32.116+0000] {processor.py:153} INFO - Started process (PID=17997) to work on /opt/airflow/dags/x_dag.py
[2022-09-08T11:30:32.119+0000] {processor.py:640} INFO - Processing file /opt/airflow/dags/x_dag.py for tasks to queue
[2022-09-08T11:30:32.122+0000] {logging_mixin.py:115} INFO - [2022-09-08T11:30:32.121+0000] {dagbag.py:508} INFO - Filling up the DagBag from /opt/airflow/dags/x_dag.py
[2022-09-08T11:30:32.198+0000] {processor.py:650} INFO - DAG(s) dict_keys(['pg_extract']) retrieved from /opt/airflow/dags/x_dag.py
[2022-09-08T11:30:32.527+0000] {logging_mixin.py:115} INFO - [2022-09-08T11:30:32.526+0000] {manager.py:508} INFO - Created Permission View: can edit on DAG:pg_extract
[2022-09-08T11:30:32.549+0000] {logging_mixin.py:115} INFO - [2022-09-08T11:30:32.549+0000] {manager.py:508} INFO - Created Permission View: can read on DAG:pg_extract
[2022-09-08T11:30:32.568+0000] {logging_mixin.py:115} INFO - [2022-09-08T11:30:32.568+0000] {manager.py:508} INFO - Created Permission View: can delete on DAG:pg_extract
[2022-09-08T11:30:32.570+0000] {logging_mixin.py:115} INFO - [2022-09-08T11:30:32.570+0000] {dag.py:2429} INFO - Sync 1 DAGs
[2022-09-08T11:30:32.587+0000] {logging_mixin.py:115} INFO - [2022-09-08T11:30:32.587+0000] {dag.py:2448} INFO - Creating ORM DAG for pg_extract
[2022-09-08T11:30:32.611+0000] {logging_mixin.py:115} INFO - [2022-09-08T11:30:32.611+0000] {dag.py:2981} INFO - Setting next_dagrun for pg_extract to 2022-09-08T00:00:00+00:00, run_after=2022-09-09T00:00:00+00:00
[2022-09-08T11:30:32.638+0000] {processor.py:161} INFO - Processing /opt/airflow/dags/x_dag.py took 0.528 seconds
[2022-09-08T11:30:33.699+0000] {processor.py:153} INFO - Started process (PID=18017) to work on /opt/airflow/dags/x_dag.py
[2022-09-08T11:30:33.700+0000] {processor.py:640} INFO - Processing file /opt/airflow/dags/x_dag.py for tasks to queue
[2022-09-08T11:30:33.702+0000] {logging_mixin.py:115} INFO - [2022-09-08T11:30:33.702+0000] {dagbag.py:508} INFO - Filling up the DagBag from /opt/airflow/dags/x_dag.py
[2022-09-08T11:30:33.757+0000] {processor.py:650} INFO - DAG(s) dict_keys(['pg_extract']) retrieved from /opt/airflow/dags/x_dag.py
[2022-09-08T11:30:33.784+0000] {logging_mixin.py:115} INFO - [2022-09-08T11:30:33.783+0000] {dag.py:2429} INFO - Sync 1 DAGs
[2022-09-08T11:30:33.827+0000] {logging_mixin.py:115} INFO - [2022-09-08T11:30:33.827+0000] {dag.py:2981} INFO - Setting next_dagrun for pg_extract to 2022-09-08T00:00:00+00:00, run_after=2022-09-09T00:00:00+00:00
[2022-09-08T11:30:33.862+0000] {processor.py:161} INFO - Processing /opt/airflow/dags/x_dag.py took 0.169 seconds
[2022-09-08T11:30:44.627+0000] {processor.py:153} INFO - Started process (PID=18093) to work on /opt/airflow/dags/x_dag.py
[2022-09-08T11:30:44.629+0000] {processor.py:640} INFO - Processing file /opt/airflow/dags/x_dag.py for tasks to queue
[2022-09-08T11:30:44.630+0000] {logging_mixin.py:115} INFO - [2022-09-08T11:30:44.630+0000] {dagbag.py:508} INFO - Filling up the DagBag from /opt/airflow/dags/x_dag.py
[2022-09-08T11:30:44.680+0000] {processor.py:650} INFO - DAG(s) dict_keys(['pg_extract']) retrieved from /opt/airflow/dags/x_dag.py
[2022-09-08T11:30:44.701+0000] {logging_mixin.py:115} INFO - [2022-09-08T11:30:44.701+0000] {dag.py:2429} INFO - Sync 1 DAGs
[2022-09-08T11:30:44.738+0000] {logging_mixin.py:115} INFO - [2022-09-08T11:30:44.738+0000] {dag.py:2981} INFO - Setting next_dagrun for pg_extract to 2022-09-08T00:00:00+00:00, run_after=2022-09-09T00:00:00+00:00
[2022-09-08T11:30:44.766+0000] {processor.py:161} INFO - Processing /opt/airflow/dags/x_dag.py took 0.144 seconds
[2022-09-08T11:30:46.809+0000] {processor.py:153} INFO - Started process (PID=18103) to work on /opt/airflow/dags/x_dag.py
[2022-09-08T11:30:46.811+0000] {processor.py:640} INFO - Processing file /opt/airflow/dags/x_dag.py for tasks to queue
[2022-09-08T11:30:46.812+0000] {logging_mixin.py:115} INFO - [2022-09-08T11:30:46.812+0000] {dagbag.py:508} INFO - Filling up the DagBag from /opt/airflow/dags/x_dag.py
[2022-09-08T11:30:46.863+0000] {processor.py:650} INFO - DAG(s) dict_keys(['pg_extract']) retrieved from /opt/airflow/dags/x_dag.py
[2022-09-08T11:30:46.885+0000] {logging_mixin.py:115} INFO - [2022-09-08T11:30:46.885+0000] {dag.py:2429} INFO - Sync 1 DAGs
[2022-09-08T11:30:46.921+0000] {logging_mixin.py:115} INFO - [2022-09-08T11:30:46.921+0000] {dag.py:2981} INFO - Setting next_dagrun for pg_extract to 2022-09-08T00:00:00+00:00, run_after=2022-09-09T00:00:00+00:00
[2022-09-08T11:30:46.948+0000] {processor.py:161} INFO - Processing /opt/airflow/dags/x_dag.py took 0.144 seconds
[2022-09-08T11:31:17.125+0000] {processor.py:153} INFO - Started process (PID=18317) to work on /opt/airflow/dags/x_dag.py
[2022-09-08T11:31:17.130+0000] {processor.py:640} INFO - Processing file /opt/airflow/dags/x_dag.py for tasks to queue
[2022-09-08T11:31:17.133+0000] {logging_mixin.py:115} INFO - [2022-09-08T11:31:17.133+0000] {dagbag.py:508} INFO - Filling up the DagBag from /opt/airflow/dags/x_dag.py
[2022-09-08T11:31:17.187+0000] {processor.py:650} INFO - DAG(s) dict_keys(['pg_extract']) retrieved from /opt/airflow/dags/x_dag.py
[2022-09-08T11:31:17.231+0000] {logging_mixin.py:115} INFO - [2022-09-08T11:31:17.231+0000] {dag.py:2429} INFO - Sync 1 DAGs
[2022-09-08T11:31:17.267+0000] {logging_mixin.py:115} INFO - [2022-09-08T11:31:17.266+0000] {dag.py:2981} INFO - Setting next_dagrun for pg_extract to 2022-09-08T00:00:00+00:00, run_after=2022-09-09T00:00:00+00:00
[2022-09-08T11:31:17.287+0000] {processor.py:161} INFO - Processing /opt/airflow/dags/x_dag.py took 0.169 seconds
[2022-09-08T11:31:47.494+0000] {processor.py:153} INFO - Started process (PID=18524) to work on /opt/airflow/dags/x_dag.py
[2022-09-08T11:31:47.502+0000] {processor.py:640} INFO - Processing file /opt/airflow/dags/x_dag.py for tasks to queue
[2022-09-08T11:31:47.504+0000] {logging_mixin.py:115} INFO - [2022-09-08T11:31:47.504+0000] {dagbag.py:508} INFO - Filling up the DagBag from /opt/airflow/dags/x_dag.py
[2022-09-08T11:31:47.552+0000] {processor.py:650} INFO - DAG(s) dict_keys(['pg_extract']) retrieved from /opt/airflow/dags/x_dag.py
[2022-09-08T11:31:47.593+0000] {logging_mixin.py:115} INFO - [2022-09-08T11:31:47.592+0000] {dag.py:2429} INFO - Sync 1 DAGs
[2022-09-08T11:31:47.624+0000] {logging_mixin.py:115} INFO - [2022-09-08T11:31:47.624+0000] {dag.py:2981} INFO - Setting next_dagrun for pg_extract to 2022-09-08T00:00:00+00:00, run_after=2022-09-09T00:00:00+00:00
[2022-09-08T11:31:47.648+0000] {processor.py:161} INFO - Processing /opt/airflow/dags/x_dag.py took 0.160 seconds
[2022-09-08T11:32:17.747+0000] {processor.py:153} INFO - Started process (PID=18738) to work on /opt/airflow/dags/x_dag.py
[2022-09-08T11:32:17.750+0000] {processor.py:640} INFO - Processing file /opt/airflow/dags/x_dag.py for tasks to queue
[2022-09-08T11:32:17.752+0000] {logging_mixin.py:115} INFO - [2022-09-08T11:32:17.751+0000] {dagbag.py:508} INFO - Filling up the DagBag from /opt/airflow/dags/x_dag.py
[2022-09-08T11:32:17.802+0000] {processor.py:650} INFO - DAG(s) dict_keys(['pg_extract']) retrieved from /opt/airflow/dags/x_dag.py
[2022-09-08T11:32:17.851+0000] {logging_mixin.py:115} INFO - [2022-09-08T11:32:17.850+0000] {dag.py:2429} INFO - Sync 1 DAGs
[2022-09-08T11:32:17.888+0000] {logging_mixin.py:115} INFO - [2022-09-08T11:32:17.888+0000] {dag.py:2981} INFO - Setting next_dagrun for pg_extract to 2022-09-08T00:00:00+00:00, run_after=2022-09-09T00:00:00+00:00
[2022-09-08T11:32:17.909+0000] {processor.py:161} INFO - Processing /opt/airflow/dags/x_dag.py took 0.172 seconds
[2022-09-08T11:32:48.777+0000] {processor.py:153} INFO - Started process (PID=18942) to work on /opt/airflow/dags/x_dag.py
[2022-09-08T11:32:48.783+0000] {processor.py:640} INFO - Processing file /opt/airflow/dags/x_dag.py for tasks to queue
[2022-09-08T11:32:48.793+0000] {logging_mixin.py:115} INFO - [2022-09-08T11:32:48.791+0000] {dagbag.py:508} INFO - Filling up the DagBag from /opt/airflow/dags/x_dag.py
[2022-09-08T11:32:48.909+0000] {processor.py:650} INFO - DAG(s) dict_keys(['pg_extract']) retrieved from /opt/airflow/dags/x_dag.py
[2022-09-08T11:32:49.003+0000] {logging_mixin.py:115} INFO - [2022-09-08T11:32:49.003+0000] {dag.py:2429} INFO - Sync 1 DAGs
[2022-09-08T11:32:49.091+0000] {logging_mixin.py:115} INFO - [2022-09-08T11:32:49.091+0000] {dag.py:2981} INFO - Setting next_dagrun for pg_extract to 2022-09-08T00:00:00+00:00, run_after=2022-09-09T00:00:00+00:00
[2022-09-08T11:32:49.137+0000] {processor.py:161} INFO - Processing /opt/airflow/dags/x_dag.py took 0.374 seconds
[2022-09-08T11:33:19.301+0000] {processor.py:153} INFO - Started process (PID=19152) to work on /opt/airflow/dags/x_dag.py
[2022-09-08T11:33:19.306+0000] {processor.py:640} INFO - Processing file /opt/airflow/dags/x_dag.py for tasks to queue
[2022-09-08T11:33:19.309+0000] {logging_mixin.py:115} INFO - [2022-09-08T11:33:19.308+0000] {dagbag.py:508} INFO - Filling up the DagBag from /opt/airflow/dags/x_dag.py
[2022-09-08T11:33:19.358+0000] {processor.py:650} INFO - DAG(s) dict_keys(['pg_extract']) retrieved from /opt/airflow/dags/x_dag.py
[2022-09-08T11:33:19.411+0000] {logging_mixin.py:115} INFO - [2022-09-08T11:33:19.410+0000] {dag.py:2429} INFO - Sync 1 DAGs
[2022-09-08T11:33:19.448+0000] {logging_mixin.py:115} INFO - [2022-09-08T11:33:19.448+0000] {dag.py:2981} INFO - Setting next_dagrun for pg_extract to 2022-09-08T00:00:00+00:00, run_after=2022-09-09T00:00:00+00:00
[2022-09-08T11:33:19.469+0000] {processor.py:161} INFO - Processing /opt/airflow/dags/x_dag.py took 0.173 seconds
[2022-09-08T11:33:49.806+0000] {processor.py:153} INFO - Started process (PID=19358) to work on /opt/airflow/dags/x_dag.py
[2022-09-08T11:33:49.809+0000] {processor.py:640} INFO - Processing file /opt/airflow/dags/x_dag.py for tasks to queue
[2022-09-08T11:33:49.811+0000] {logging_mixin.py:115} INFO - [2022-09-08T11:33:49.811+0000] {dagbag.py:508} INFO - Filling up the DagBag from /opt/airflow/dags/x_dag.py
[2022-09-08T11:33:49.859+0000] {processor.py:650} INFO - DAG(s) dict_keys(['pg_extract']) retrieved from /opt/airflow/dags/x_dag.py
[2022-09-08T11:33:49.903+0000] {logging_mixin.py:115} INFO - [2022-09-08T11:33:49.903+0000] {dag.py:2429} INFO - Sync 1 DAGs
[2022-09-08T11:33:49.935+0000] {logging_mixin.py:115} INFO - [2022-09-08T11:33:49.935+0000] {dag.py:2981} INFO - Setting next_dagrun for pg_extract to 2022-09-08T00:00:00+00:00, run_after=2022-09-09T00:00:00+00:00
[2022-09-08T11:33:49.957+0000] {processor.py:161} INFO - Processing /opt/airflow/dags/x_dag.py took 0.158 seconds
[2022-09-08T11:34:20.403+0000] {processor.py:153} INFO - Started process (PID=19573) to work on /opt/airflow/dags/x_dag.py
[2022-09-08T11:34:20.410+0000] {processor.py:640} INFO - Processing file /opt/airflow/dags/x_dag.py for tasks to queue
[2022-09-08T11:34:20.413+0000] {logging_mixin.py:115} INFO - [2022-09-08T11:34:20.413+0000] {dagbag.py:508} INFO - Filling up the DagBag from /opt/airflow/dags/x_dag.py
[2022-09-08T11:34:20.472+0000] {processor.py:650} INFO - DAG(s) dict_keys(['pg_extract']) retrieved from /opt/airflow/dags/x_dag.py
[2022-09-08T11:34:20.519+0000] {logging_mixin.py:115} INFO - [2022-09-08T11:34:20.519+0000] {dag.py:2429} INFO - Sync 1 DAGs
[2022-09-08T11:34:20.560+0000] {logging_mixin.py:115} INFO - [2022-09-08T11:34:20.560+0000] {dag.py:2981} INFO - Setting next_dagrun for pg_extract to 2022-09-08T00:00:00+00:00, run_after=2022-09-09T00:00:00+00:00
[2022-09-08T11:34:20.581+0000] {processor.py:161} INFO - Processing /opt/airflow/dags/x_dag.py took 0.189 seconds
[2022-09-08T11:34:27.481+0000] {processor.py:153} INFO - Started process (PID=19653) to work on /opt/airflow/dags/x_dag.py
[2022-09-08T11:34:27.483+0000] {processor.py:640} INFO - Processing file /opt/airflow/dags/x_dag.py for tasks to queue
[2022-09-08T11:34:27.485+0000] {logging_mixin.py:115} INFO - [2022-09-08T11:34:27.485+0000] {dagbag.py:508} INFO - Filling up the DagBag from /opt/airflow/dags/x_dag.py
[2022-09-08T11:34:27.538+0000] {processor.py:650} INFO - DAG(s) dict_keys(['pg_extract']) retrieved from /opt/airflow/dags/x_dag.py
[2022-09-08T11:34:27.577+0000] {logging_mixin.py:115} INFO - [2022-09-08T11:34:27.576+0000] {dag.py:2429} INFO - Sync 1 DAGs
[2022-09-08T11:34:27.608+0000] {logging_mixin.py:115} INFO - [2022-09-08T11:34:27.608+0000] {dag.py:2981} INFO - Setting next_dagrun for pg_extract to 2022-09-08T00:00:00+00:00, run_after=2022-09-09T00:00:00+00:00
[2022-09-08T11:34:27.634+0000] {processor.py:161} INFO - Processing /opt/airflow/dags/x_dag.py took 0.159 seconds
[2022-09-08T11:34:29.661+0000] {processor.py:153} INFO - Started process (PID=19663) to work on /opt/airflow/dags/x_dag.py
[2022-09-08T11:34:29.663+0000] {processor.py:640} INFO - Processing file /opt/airflow/dags/x_dag.py for tasks to queue
[2022-09-08T11:34:29.666+0000] {logging_mixin.py:115} INFO - [2022-09-08T11:34:29.666+0000] {dagbag.py:508} INFO - Filling up the DagBag from /opt/airflow/dags/x_dag.py
[2022-09-08T11:34:29.721+0000] {processor.py:650} INFO - DAG(s) dict_keys(['pg_extract']) retrieved from /opt/airflow/dags/x_dag.py
[2022-09-08T11:34:29.766+0000] {logging_mixin.py:115} INFO - [2022-09-08T11:34:29.765+0000] {dag.py:2429} INFO - Sync 1 DAGs
[2022-09-08T11:34:29.805+0000] {logging_mixin.py:115} INFO - [2022-09-08T11:34:29.805+0000] {dag.py:2981} INFO - Setting next_dagrun for pg_extract to 2022-09-08T00:00:00+00:00, run_after=2022-09-09T00:00:00+00:00
[2022-09-08T11:34:29.835+0000] {processor.py:161} INFO - Processing /opt/airflow/dags/x_dag.py took 0.179 seconds
[2022-09-08T11:35:00.108+0000] {processor.py:153} INFO - Started process (PID=19868) to work on /opt/airflow/dags/x_dag.py
[2022-09-08T11:35:00.113+0000] {processor.py:640} INFO - Processing file /opt/airflow/dags/x_dag.py for tasks to queue
[2022-09-08T11:35:00.115+0000] {logging_mixin.py:115} INFO - [2022-09-08T11:35:00.114+0000] {dagbag.py:508} INFO - Filling up the DagBag from /opt/airflow/dags/x_dag.py
[2022-09-08T11:35:00.176+0000] {processor.py:650} INFO - DAG(s) dict_keys(['pg_extract']) retrieved from /opt/airflow/dags/x_dag.py
[2022-09-08T11:35:00.238+0000] {logging_mixin.py:115} INFO - [2022-09-08T11:35:00.237+0000] {dag.py:2429} INFO - Sync 1 DAGs
[2022-09-08T11:35:00.296+0000] {logging_mixin.py:115} INFO - [2022-09-08T11:35:00.296+0000] {dag.py:2981} INFO - Setting next_dagrun for pg_extract to 2022-09-08T00:00:00+00:00, run_after=2022-09-09T00:00:00+00:00
[2022-09-08T11:35:00.324+0000] {processor.py:161} INFO - Processing /opt/airflow/dags/x_dag.py took 0.223 seconds
[2022-09-08T11:35:30.500+0000] {processor.py:153} INFO - Started process (PID=20080) to work on /opt/airflow/dags/x_dag.py
[2022-09-08T11:35:30.508+0000] {processor.py:640} INFO - Processing file /opt/airflow/dags/x_dag.py for tasks to queue
[2022-09-08T11:35:30.509+0000] {logging_mixin.py:115} INFO - [2022-09-08T11:35:30.509+0000] {dagbag.py:508} INFO - Filling up the DagBag from /opt/airflow/dags/x_dag.py
[2022-09-08T11:35:30.554+0000] {processor.py:650} INFO - DAG(s) dict_keys(['pg_extract']) retrieved from /opt/airflow/dags/x_dag.py
[2022-09-08T11:35:30.595+0000] {logging_mixin.py:115} INFO - [2022-09-08T11:35:30.594+0000] {dag.py:2429} INFO - Sync 1 DAGs
[2022-09-08T11:35:30.634+0000] {logging_mixin.py:115} INFO - [2022-09-08T11:35:30.634+0000] {dag.py:2981} INFO - Setting next_dagrun for pg_extract to 2022-09-08T00:00:00+00:00, run_after=2022-09-09T00:00:00+00:00
[2022-09-08T11:35:30.667+0000] {processor.py:161} INFO - Processing /opt/airflow/dags/x_dag.py took 0.174 seconds
[2022-09-08T11:36:00.980+0000] {processor.py:153} INFO - Started process (PID=20286) to work on /opt/airflow/dags/x_dag.py
[2022-09-08T11:36:00.985+0000] {processor.py:640} INFO - Processing file /opt/airflow/dags/x_dag.py for tasks to queue
[2022-09-08T11:36:00.989+0000] {logging_mixin.py:115} INFO - [2022-09-08T11:36:00.988+0000] {dagbag.py:508} INFO - Filling up the DagBag from /opt/airflow/dags/x_dag.py
[2022-09-08T11:36:01.049+0000] {processor.py:650} INFO - DAG(s) dict_keys(['pg_extract']) retrieved from /opt/airflow/dags/x_dag.py
[2022-09-08T11:36:01.112+0000] {logging_mixin.py:115} INFO - [2022-09-08T11:36:01.111+0000] {dag.py:2429} INFO - Sync 1 DAGs
[2022-09-08T11:36:01.146+0000] {logging_mixin.py:115} INFO - [2022-09-08T11:36:01.146+0000] {dag.py:2981} INFO - Setting next_dagrun for pg_extract to 2022-09-08T00:00:00+00:00, run_after=2022-09-09T00:00:00+00:00
[2022-09-08T11:36:01.162+0000] {processor.py:161} INFO - Processing /opt/airflow/dags/x_dag.py took 0.188 seconds
[2022-09-08T11:36:31.568+0000] {processor.py:153} INFO - Started process (PID=20500) to work on /opt/airflow/dags/x_dag.py
[2022-09-08T11:36:31.570+0000] {processor.py:640} INFO - Processing file /opt/airflow/dags/x_dag.py for tasks to queue
[2022-09-08T11:36:31.572+0000] {logging_mixin.py:115} INFO - [2022-09-08T11:36:31.572+0000] {dagbag.py:508} INFO - Filling up the DagBag from /opt/airflow/dags/x_dag.py
[2022-09-08T11:36:31.609+0000] {processor.py:650} INFO - DAG(s) dict_keys(['pg_extract']) retrieved from /opt/airflow/dags/x_dag.py
[2022-09-08T11:36:31.646+0000] {logging_mixin.py:115} INFO - [2022-09-08T11:36:31.646+0000] {dag.py:2429} INFO - Sync 1 DAGs
[2022-09-08T11:36:31.713+0000] {logging_mixin.py:115} INFO - [2022-09-08T11:36:31.713+0000] {dag.py:2981} INFO - Setting next_dagrun for pg_extract to 2022-09-08T00:00:00+00:00, run_after=2022-09-09T00:00:00+00:00
[2022-09-08T11:36:31.731+0000] {processor.py:161} INFO - Processing /opt/airflow/dags/x_dag.py took 0.168 seconds
[2022-09-08T11:37:01.954+0000] {processor.py:153} INFO - Started process (PID=20705) to work on /opt/airflow/dags/x_dag.py
[2022-09-08T11:37:01.956+0000] {processor.py:640} INFO - Processing file /opt/airflow/dags/x_dag.py for tasks to queue
[2022-09-08T11:37:01.958+0000] {logging_mixin.py:115} INFO - [2022-09-08T11:37:01.958+0000] {dagbag.py:508} INFO - Filling up the DagBag from /opt/airflow/dags/x_dag.py
[2022-09-08T11:37:01.996+0000] {processor.py:650} INFO - DAG(s) dict_keys(['pg_extract']) retrieved from /opt/airflow/dags/x_dag.py
[2022-09-08T11:37:02.033+0000] {logging_mixin.py:115} INFO - [2022-09-08T11:37:02.032+0000] {dag.py:2429} INFO - Sync 1 DAGs
[2022-09-08T11:37:02.063+0000] {logging_mixin.py:115} INFO - [2022-09-08T11:37:02.063+0000] {dag.py:2981} INFO - Setting next_dagrun for pg_extract to 2022-09-08T00:00:00+00:00, run_after=2022-09-09T00:00:00+00:00
[2022-09-08T11:37:02.081+0000] {processor.py:161} INFO - Processing /opt/airflow/dags/x_dag.py took 0.132 seconds
[2022-09-08T11:37:32.411+0000] {processor.py:153} INFO - Started process (PID=20919) to work on /opt/airflow/dags/x_dag.py
[2022-09-08T11:37:32.413+0000] {processor.py:640} INFO - Processing file /opt/airflow/dags/x_dag.py for tasks to queue
[2022-09-08T11:37:32.415+0000] {logging_mixin.py:115} INFO - [2022-09-08T11:37:32.415+0000] {dagbag.py:508} INFO - Filling up the DagBag from /opt/airflow/dags/x_dag.py
[2022-09-08T11:37:32.456+0000] {processor.py:650} INFO - DAG(s) dict_keys(['pg_extract']) retrieved from /opt/airflow/dags/x_dag.py
[2022-09-08T11:37:32.493+0000] {logging_mixin.py:115} INFO - [2022-09-08T11:37:32.493+0000] {dag.py:2429} INFO - Sync 1 DAGs
[2022-09-08T11:37:32.525+0000] {logging_mixin.py:115} INFO - [2022-09-08T11:37:32.525+0000] {dag.py:2981} INFO - Setting next_dagrun for pg_extract to 2022-09-08T00:00:00+00:00, run_after=2022-09-09T00:00:00+00:00
[2022-09-08T11:37:32.545+0000] {processor.py:161} INFO - Processing /opt/airflow/dags/x_dag.py took 0.141 seconds
[2022-09-08T11:38:02.985+0000] {processor.py:153} INFO - Started process (PID=21133) to work on /opt/airflow/dags/x_dag.py
[2022-09-08T11:38:02.987+0000] {processor.py:640} INFO - Processing file /opt/airflow/dags/x_dag.py for tasks to queue
[2022-09-08T11:38:02.989+0000] {logging_mixin.py:115} INFO - [2022-09-08T11:38:02.989+0000] {dagbag.py:508} INFO - Filling up the DagBag from /opt/airflow/dags/x_dag.py
[2022-09-08T11:38:03.031+0000] {processor.py:650} INFO - DAG(s) dict_keys(['pg_extract']) retrieved from /opt/airflow/dags/x_dag.py
[2022-09-08T11:38:03.066+0000] {logging_mixin.py:115} INFO - [2022-09-08T11:38:03.066+0000] {dag.py:2429} INFO - Sync 1 DAGs
[2022-09-08T11:38:03.100+0000] {logging_mixin.py:115} INFO - [2022-09-08T11:38:03.100+0000] {dag.py:2981} INFO - Setting next_dagrun for pg_extract to 2022-09-08T00:00:00+00:00, run_after=2022-09-09T00:00:00+00:00
[2022-09-08T11:38:03.124+0000] {processor.py:161} INFO - Processing /opt/airflow/dags/x_dag.py took 0.144 seconds
[2022-09-08T11:38:33.805+0000] {processor.py:153} INFO - Started process (PID=21338) to work on /opt/airflow/dags/x_dag.py
[2022-09-08T11:38:33.806+0000] {processor.py:640} INFO - Processing file /opt/airflow/dags/x_dag.py for tasks to queue
[2022-09-08T11:38:33.808+0000] {logging_mixin.py:115} INFO - [2022-09-08T11:38:33.808+0000] {dagbag.py:508} INFO - Filling up the DagBag from /opt/airflow/dags/x_dag.py
[2022-09-08T11:38:33.866+0000] {processor.py:650} INFO - DAG(s) dict_keys(['pg_extract']) retrieved from /opt/airflow/dags/x_dag.py
[2022-09-08T11:38:33.906+0000] {logging_mixin.py:115} INFO - [2022-09-08T11:38:33.905+0000] {dag.py:2429} INFO - Sync 1 DAGs
[2022-09-08T11:38:33.954+0000] {logging_mixin.py:115} INFO - [2022-09-08T11:38:33.954+0000] {dag.py:2981} INFO - Setting next_dagrun for pg_extract to 2022-09-08T00:00:00+00:00, run_after=2022-09-09T00:00:00+00:00
[2022-09-08T11:38:33.973+0000] {processor.py:161} INFO - Processing /opt/airflow/dags/x_dag.py took 0.173 seconds
[2022-09-08T11:39:04.547+0000] {processor.py:153} INFO - Started process (PID=21552) to work on /opt/airflow/dags/x_dag.py
[2022-09-08T11:39:04.548+0000] {processor.py:640} INFO - Processing file /opt/airflow/dags/x_dag.py for tasks to queue
[2022-09-08T11:39:04.550+0000] {logging_mixin.py:115} INFO - [2022-09-08T11:39:04.550+0000] {dagbag.py:508} INFO - Filling up the DagBag from /opt/airflow/dags/x_dag.py
[2022-09-08T11:39:04.591+0000] {processor.py:650} INFO - DAG(s) dict_keys(['pg_extract']) retrieved from /opt/airflow/dags/x_dag.py
[2022-09-08T11:39:04.627+0000] {logging_mixin.py:115} INFO - [2022-09-08T11:39:04.627+0000] {dag.py:2429} INFO - Sync 1 DAGs
[2022-09-08T11:39:04.659+0000] {logging_mixin.py:115} INFO - [2022-09-08T11:39:04.658+0000] {dag.py:2981} INFO - Setting next_dagrun for pg_extract to 2022-09-08T00:00:00+00:00, run_after=2022-09-09T00:00:00+00:00
[2022-09-08T11:39:04.680+0000] {processor.py:161} INFO - Processing /opt/airflow/dags/x_dag.py took 0.139 seconds
[2022-09-08T11:39:34.921+0000] {processor.py:153} INFO - Started process (PID=21764) to work on /opt/airflow/dags/x_dag.py
[2022-09-08T11:39:34.923+0000] {processor.py:640} INFO - Processing file /opt/airflow/dags/x_dag.py for tasks to queue
[2022-09-08T11:39:34.925+0000] {logging_mixin.py:115} INFO - [2022-09-08T11:39:34.925+0000] {dagbag.py:508} INFO - Filling up the DagBag from /opt/airflow/dags/x_dag.py
[2022-09-08T11:39:34.969+0000] {processor.py:650} INFO - DAG(s) dict_keys(['pg_extract']) retrieved from /opt/airflow/dags/x_dag.py
[2022-09-08T11:39:35.012+0000] {logging_mixin.py:115} INFO - [2022-09-08T11:39:35.012+0000] {dag.py:2429} INFO - Sync 1 DAGs
[2022-09-08T11:39:35.045+0000] {logging_mixin.py:115} INFO - [2022-09-08T11:39:35.045+0000] {dag.py:2981} INFO - Setting next_dagrun for pg_extract to 2022-09-08T00:00:00+00:00, run_after=2022-09-09T00:00:00+00:00
[2022-09-08T11:39:35.064+0000] {processor.py:161} INFO - Processing /opt/airflow/dags/x_dag.py took 0.150 seconds
[2022-09-08T11:40:05.248+0000] {processor.py:153} INFO - Started process (PID=21972) to work on /opt/airflow/dags/x_dag.py
[2022-09-08T11:40:05.249+0000] {processor.py:640} INFO - Processing file /opt/airflow/dags/x_dag.py for tasks to queue
[2022-09-08T11:40:05.251+0000] {logging_mixin.py:115} INFO - [2022-09-08T11:40:05.251+0000] {dagbag.py:508} INFO - Filling up the DagBag from /opt/airflow/dags/x_dag.py
[2022-09-08T11:40:05.292+0000] {processor.py:650} INFO - DAG(s) dict_keys(['pg_extract']) retrieved from /opt/airflow/dags/x_dag.py
[2022-09-08T11:40:05.329+0000] {logging_mixin.py:115} INFO - [2022-09-08T11:40:05.329+0000] {dag.py:2429} INFO - Sync 1 DAGs
[2022-09-08T11:40:05.360+0000] {logging_mixin.py:115} INFO - [2022-09-08T11:40:05.360+0000] {dag.py:2981} INFO - Setting next_dagrun for pg_extract to 2022-09-08T00:00:00+00:00, run_after=2022-09-09T00:00:00+00:00
[2022-09-08T11:40:05.382+0000] {processor.py:161} INFO - Processing /opt/airflow/dags/x_dag.py took 0.142 seconds
[2022-09-08T11:40:35.658+0000] {processor.py:153} INFO - Started process (PID=22186) to work on /opt/airflow/dags/x_dag.py
[2022-09-08T11:40:35.659+0000] {processor.py:640} INFO - Processing file /opt/airflow/dags/x_dag.py for tasks to queue
[2022-09-08T11:40:35.661+0000] {logging_mixin.py:115} INFO - [2022-09-08T11:40:35.661+0000] {dagbag.py:508} INFO - Filling up the DagBag from /opt/airflow/dags/x_dag.py
[2022-09-08T11:40:35.697+0000] {processor.py:650} INFO - DAG(s) dict_keys(['pg_extract']) retrieved from /opt/airflow/dags/x_dag.py
[2022-09-08T11:40:35.730+0000] {logging_mixin.py:115} INFO - [2022-09-08T11:40:35.730+0000] {dag.py:2429} INFO - Sync 1 DAGs
[2022-09-08T11:40:35.758+0000] {logging_mixin.py:115} INFO - [2022-09-08T11:40:35.757+0000] {dag.py:2981} INFO - Setting next_dagrun for pg_extract to 2022-09-08T00:00:00+00:00, run_after=2022-09-09T00:00:00+00:00
[2022-09-08T11:40:35.776+0000] {processor.py:161} INFO - Processing /opt/airflow/dags/x_dag.py took 0.124 seconds
[2022-09-08T11:41:05.849+0000] {processor.py:153} INFO - Started process (PID=22391) to work on /opt/airflow/dags/x_dag.py
[2022-09-08T11:41:05.852+0000] {processor.py:640} INFO - Processing file /opt/airflow/dags/x_dag.py for tasks to queue
[2022-09-08T11:41:05.855+0000] {logging_mixin.py:115} INFO - [2022-09-08T11:41:05.854+0000] {dagbag.py:508} INFO - Filling up the DagBag from /opt/airflow/dags/x_dag.py
[2022-09-08T11:41:05.907+0000] {processor.py:650} INFO - DAG(s) dict_keys(['pg_extract']) retrieved from /opt/airflow/dags/x_dag.py
[2022-09-08T11:41:05.949+0000] {logging_mixin.py:115} INFO - [2022-09-08T11:41:05.949+0000] {dag.py:2429} INFO - Sync 1 DAGs
[2022-09-08T11:41:06.002+0000] {logging_mixin.py:115} INFO - [2022-09-08T11:41:06.002+0000] {dag.py:2981} INFO - Setting next_dagrun for pg_extract to 2022-09-08T00:00:00+00:00, run_after=2022-09-09T00:00:00+00:00
[2022-09-08T11:41:06.025+0000] {processor.py:161} INFO - Processing /opt/airflow/dags/x_dag.py took 0.186 seconds
[2022-09-08T11:41:36.502+0000] {processor.py:153} INFO - Started process (PID=22605) to work on /opt/airflow/dags/x_dag.py
[2022-09-08T11:41:36.505+0000] {processor.py:640} INFO - Processing file /opt/airflow/dags/x_dag.py for tasks to queue
[2022-09-08T11:41:36.506+0000] {logging_mixin.py:115} INFO - [2022-09-08T11:41:36.506+0000] {dagbag.py:508} INFO - Filling up the DagBag from /opt/airflow/dags/x_dag.py
[2022-09-08T11:41:36.547+0000] {processor.py:650} INFO - DAG(s) dict_keys(['pg_extract']) retrieved from /opt/airflow/dags/x_dag.py
[2022-09-08T11:41:36.584+0000] {logging_mixin.py:115} INFO - [2022-09-08T11:41:36.584+0000] {dag.py:2429} INFO - Sync 1 DAGs
[2022-09-08T11:41:36.615+0000] {logging_mixin.py:115} INFO - [2022-09-08T11:41:36.615+0000] {dag.py:2981} INFO - Setting next_dagrun for pg_extract to 2022-09-08T00:00:00+00:00, run_after=2022-09-09T00:00:00+00:00
[2022-09-08T11:41:36.633+0000] {processor.py:161} INFO - Processing /opt/airflow/dags/x_dag.py took 0.136 seconds
[2022-09-08T11:42:06.798+0000] {processor.py:153} INFO - Started process (PID=22810) to work on /opt/airflow/dags/x_dag.py
[2022-09-08T11:42:06.800+0000] {processor.py:640} INFO - Processing file /opt/airflow/dags/x_dag.py for tasks to queue
[2022-09-08T11:42:06.801+0000] {logging_mixin.py:115} INFO - [2022-09-08T11:42:06.801+0000] {dagbag.py:508} INFO - Filling up the DagBag from /opt/airflow/dags/x_dag.py
[2022-09-08T11:42:06.856+0000] {processor.py:650} INFO - DAG(s) dict_keys(['pg_extract']) retrieved from /opt/airflow/dags/x_dag.py
[2022-09-08T11:42:06.896+0000] {logging_mixin.py:115} INFO - [2022-09-08T11:42:06.896+0000] {dag.py:2429} INFO - Sync 1 DAGs
[2022-09-08T11:42:06.936+0000] {logging_mixin.py:115} INFO - [2022-09-08T11:42:06.936+0000] {dag.py:2981} INFO - Setting next_dagrun for pg_extract to 2022-09-08T00:00:00+00:00, run_after=2022-09-09T00:00:00+00:00
[2022-09-08T11:42:06.954+0000] {processor.py:161} INFO - Processing /opt/airflow/dags/x_dag.py took 0.161 seconds
[2022-09-08T11:42:37.772+0000] {processor.py:153} INFO - Started process (PID=23019) to work on /opt/airflow/dags/x_dag.py
[2022-09-08T11:42:37.775+0000] {processor.py:640} INFO - Processing file /opt/airflow/dags/x_dag.py for tasks to queue
[2022-09-08T11:42:37.779+0000] {logging_mixin.py:115} INFO - [2022-09-08T11:42:37.778+0000] {dagbag.py:508} INFO - Filling up the DagBag from /opt/airflow/dags/x_dag.py
[2022-09-08T11:42:37.822+0000] {processor.py:650} INFO - DAG(s) dict_keys(['pg_extract']) retrieved from /opt/airflow/dags/x_dag.py
[2022-09-08T11:42:37.860+0000] {logging_mixin.py:115} INFO - [2022-09-08T11:42:37.860+0000] {dag.py:2429} INFO - Sync 1 DAGs
[2022-09-08T11:42:37.891+0000] {logging_mixin.py:115} INFO - [2022-09-08T11:42:37.891+0000] {dag.py:2981} INFO - Setting next_dagrun for pg_extract to 2022-09-08T00:00:00+00:00, run_after=2022-09-09T00:00:00+00:00
[2022-09-08T11:42:37.917+0000] {processor.py:161} INFO - Processing /opt/airflow/dags/x_dag.py took 0.157 seconds
[2022-09-08T11:43:08.110+0000] {processor.py:153} INFO - Started process (PID=23233) to work on /opt/airflow/dags/x_dag.py
[2022-09-08T11:43:08.112+0000] {processor.py:640} INFO - Processing file /opt/airflow/dags/x_dag.py for tasks to queue
[2022-09-08T11:43:08.115+0000] {logging_mixin.py:115} INFO - [2022-09-08T11:43:08.114+0000] {dagbag.py:508} INFO - Filling up the DagBag from /opt/airflow/dags/x_dag.py
[2022-09-08T11:43:08.161+0000] {processor.py:650} INFO - DAG(s) dict_keys(['pg_extract']) retrieved from /opt/airflow/dags/x_dag.py
[2022-09-08T11:43:08.219+0000] {logging_mixin.py:115} INFO - [2022-09-08T11:43:08.219+0000] {dag.py:2429} INFO - Sync 1 DAGs
[2022-09-08T11:43:08.250+0000] {logging_mixin.py:115} INFO - [2022-09-08T11:43:08.250+0000] {dag.py:2981} INFO - Setting next_dagrun for pg_extract to 2022-09-08T00:00:00+00:00, run_after=2022-09-09T00:00:00+00:00
[2022-09-08T11:43:08.274+0000] {processor.py:161} INFO - Processing /opt/airflow/dags/x_dag.py took 0.170 seconds
[2022-09-08T11:43:38.903+0000] {processor.py:153} INFO - Started process (PID=23439) to work on /opt/airflow/dags/x_dag.py
[2022-09-08T11:43:38.905+0000] {processor.py:640} INFO - Processing file /opt/airflow/dags/x_dag.py for tasks to queue
[2022-09-08T11:43:38.908+0000] {logging_mixin.py:115} INFO - [2022-09-08T11:43:38.907+0000] {dagbag.py:508} INFO - Filling up the DagBag from /opt/airflow/dags/x_dag.py
[2022-09-08T11:43:38.962+0000] {processor.py:650} INFO - DAG(s) dict_keys(['pg_extract']) retrieved from /opt/airflow/dags/x_dag.py
[2022-09-08T11:43:39.007+0000] {logging_mixin.py:115} INFO - [2022-09-08T11:43:39.007+0000] {dag.py:2429} INFO - Sync 1 DAGs
[2022-09-08T11:43:39.048+0000] {logging_mixin.py:115} INFO - [2022-09-08T11:43:39.047+0000] {dag.py:2981} INFO - Setting next_dagrun for pg_extract to 2022-09-08T00:00:00+00:00, run_after=2022-09-09T00:00:00+00:00
[2022-09-08T11:43:39.082+0000] {processor.py:161} INFO - Processing /opt/airflow/dags/x_dag.py took 0.189 seconds
[2022-09-08T11:44:09.292+0000] {processor.py:153} INFO - Started process (PID=23653) to work on /opt/airflow/dags/x_dag.py
[2022-09-08T11:44:09.294+0000] {processor.py:640} INFO - Processing file /opt/airflow/dags/x_dag.py for tasks to queue
[2022-09-08T11:44:09.295+0000] {logging_mixin.py:115} INFO - [2022-09-08T11:44:09.295+0000] {dagbag.py:508} INFO - Filling up the DagBag from /opt/airflow/dags/x_dag.py
[2022-09-08T11:44:09.332+0000] {processor.py:650} INFO - DAG(s) dict_keys(['pg_extract']) retrieved from /opt/airflow/dags/x_dag.py
[2022-09-08T11:44:09.365+0000] {logging_mixin.py:115} INFO - [2022-09-08T11:44:09.364+0000] {dag.py:2429} INFO - Sync 1 DAGs
[2022-09-08T11:44:09.395+0000] {logging_mixin.py:115} INFO - [2022-09-08T11:44:09.395+0000] {dag.py:2981} INFO - Setting next_dagrun for pg_extract to 2022-09-08T00:00:00+00:00, run_after=2022-09-09T00:00:00+00:00
[2022-09-08T11:44:09.416+0000] {processor.py:161} INFO - Processing /opt/airflow/dags/x_dag.py took 0.130 seconds
[2022-09-08T11:44:39.599+0000] {processor.py:153} INFO - Started process (PID=23859) to work on /opt/airflow/dags/x_dag.py
[2022-09-08T11:44:39.602+0000] {processor.py:640} INFO - Processing file /opt/airflow/dags/x_dag.py for tasks to queue
[2022-09-08T11:44:39.605+0000] {logging_mixin.py:115} INFO - [2022-09-08T11:44:39.604+0000] {dagbag.py:508} INFO - Filling up the DagBag from /opt/airflow/dags/x_dag.py
[2022-09-08T11:44:39.645+0000] {processor.py:650} INFO - DAG(s) dict_keys(['pg_extract']) retrieved from /opt/airflow/dags/x_dag.py
[2022-09-08T11:44:39.682+0000] {logging_mixin.py:115} INFO - [2022-09-08T11:44:39.682+0000] {dag.py:2429} INFO - Sync 1 DAGs
[2022-09-08T11:44:39.713+0000] {logging_mixin.py:115} INFO - [2022-09-08T11:44:39.713+0000] {dag.py:2981} INFO - Setting next_dagrun for pg_extract to 2022-09-08T00:00:00+00:00, run_after=2022-09-09T00:00:00+00:00
[2022-09-08T11:44:39.737+0000] {processor.py:161} INFO - Processing /opt/airflow/dags/x_dag.py took 0.142 seconds
[2022-09-08T11:45:10.023+0000] {processor.py:153} INFO - Started process (PID=24074) to work on /opt/airflow/dags/x_dag.py
[2022-09-08T11:45:10.025+0000] {processor.py:640} INFO - Processing file /opt/airflow/dags/x_dag.py for tasks to queue
[2022-09-08T11:45:10.026+0000] {logging_mixin.py:115} INFO - [2022-09-08T11:45:10.026+0000] {dagbag.py:508} INFO - Filling up the DagBag from /opt/airflow/dags/x_dag.py
[2022-09-08T11:45:10.067+0000] {processor.py:650} INFO - DAG(s) dict_keys(['pg_extract']) retrieved from /opt/airflow/dags/x_dag.py
[2022-09-08T11:45:10.103+0000] {logging_mixin.py:115} INFO - [2022-09-08T11:45:10.103+0000] {dag.py:2429} INFO - Sync 1 DAGs
[2022-09-08T11:45:10.134+0000] {logging_mixin.py:115} INFO - [2022-09-08T11:45:10.133+0000] {dag.py:2981} INFO - Setting next_dagrun for pg_extract to 2022-09-08T00:00:00+00:00, run_after=2022-09-09T00:00:00+00:00
[2022-09-08T11:45:10.157+0000] {processor.py:161} INFO - Processing /opt/airflow/dags/x_dag.py took 0.139 seconds
[2022-09-08T11:45:40.440+0000] {processor.py:153} INFO - Started process (PID=24288) to work on /opt/airflow/dags/x_dag.py
[2022-09-08T11:45:40.448+0000] {processor.py:640} INFO - Processing file /opt/airflow/dags/x_dag.py for tasks to queue
[2022-09-08T11:45:40.449+0000] {logging_mixin.py:115} INFO - [2022-09-08T11:45:40.449+0000] {dagbag.py:508} INFO - Filling up the DagBag from /opt/airflow/dags/x_dag.py
[2022-09-08T11:45:40.490+0000] {processor.py:650} INFO - DAG(s) dict_keys(['pg_extract']) retrieved from /opt/airflow/dags/x_dag.py
[2022-09-08T11:45:40.533+0000] {logging_mixin.py:115} INFO - [2022-09-08T11:45:40.533+0000] {dag.py:2429} INFO - Sync 1 DAGs
[2022-09-08T11:45:40.571+0000] {logging_mixin.py:115} INFO - [2022-09-08T11:45:40.571+0000] {dag.py:2981} INFO - Setting next_dagrun for pg_extract to 2022-09-08T00:00:00+00:00, run_after=2022-09-09T00:00:00+00:00
[2022-09-08T11:45:40.590+0000] {processor.py:161} INFO - Processing /opt/airflow/dags/x_dag.py took 0.154 seconds
[2022-09-08T11:46:10.668+0000] {processor.py:153} INFO - Started process (PID=24493) to work on /opt/airflow/dags/x_dag.py
[2022-09-08T11:46:10.670+0000] {processor.py:640} INFO - Processing file /opt/airflow/dags/x_dag.py for tasks to queue
[2022-09-08T11:46:10.673+0000] {logging_mixin.py:115} INFO - [2022-09-08T11:46:10.672+0000] {dagbag.py:508} INFO - Filling up the DagBag from /opt/airflow/dags/x_dag.py
[2022-09-08T11:46:10.714+0000] {processor.py:650} INFO - DAG(s) dict_keys(['pg_extract']) retrieved from /opt/airflow/dags/x_dag.py
[2022-09-08T11:46:10.753+0000] {logging_mixin.py:115} INFO - [2022-09-08T11:46:10.753+0000] {dag.py:2429} INFO - Sync 1 DAGs
[2022-09-08T11:46:10.785+0000] {logging_mixin.py:115} INFO - [2022-09-08T11:46:10.785+0000] {dag.py:2981} INFO - Setting next_dagrun for pg_extract to 2022-09-08T00:00:00+00:00, run_after=2022-09-09T00:00:00+00:00
[2022-09-08T11:46:10.809+0000] {processor.py:161} INFO - Processing /opt/airflow/dags/x_dag.py took 0.146 seconds
[2022-09-08T11:46:41.341+0000] {processor.py:153} INFO - Started process (PID=24708) to work on /opt/airflow/dags/x_dag.py
[2022-09-08T11:46:41.344+0000] {processor.py:640} INFO - Processing file /opt/airflow/dags/x_dag.py for tasks to queue
[2022-09-08T11:46:41.346+0000] {logging_mixin.py:115} INFO - [2022-09-08T11:46:41.346+0000] {dagbag.py:508} INFO - Filling up the DagBag from /opt/airflow/dags/x_dag.py
[2022-09-08T11:46:41.394+0000] {processor.py:650} INFO - DAG(s) dict_keys(['pg_extract']) retrieved from /opt/airflow/dags/x_dag.py
[2022-09-08T11:46:41.437+0000] {logging_mixin.py:115} INFO - [2022-09-08T11:46:41.437+0000] {dag.py:2429} INFO - Sync 1 DAGs
[2022-09-08T11:46:41.481+0000] {logging_mixin.py:115} INFO - [2022-09-08T11:46:41.481+0000] {dag.py:2981} INFO - Setting next_dagrun for pg_extract to 2022-09-08T00:00:00+00:00, run_after=2022-09-09T00:00:00+00:00
[2022-09-08T11:46:41.503+0000] {processor.py:161} INFO - Processing /opt/airflow/dags/x_dag.py took 0.172 seconds
[2022-09-08T11:47:11.892+0000] {processor.py:153} INFO - Started process (PID=24913) to work on /opt/airflow/dags/x_dag.py
[2022-09-08T11:47:11.894+0000] {processor.py:640} INFO - Processing file /opt/airflow/dags/x_dag.py for tasks to queue
[2022-09-08T11:47:11.896+0000] {logging_mixin.py:115} INFO - [2022-09-08T11:47:11.896+0000] {dagbag.py:508} INFO - Filling up the DagBag from /opt/airflow/dags/x_dag.py
[2022-09-08T11:47:11.974+0000] {processor.py:650} INFO - DAG(s) dict_keys(['pg_extract']) retrieved from /opt/airflow/dags/x_dag.py
[2022-09-08T11:47:12.022+0000] {logging_mixin.py:115} INFO - [2022-09-08T11:47:12.022+0000] {dag.py:2429} INFO - Sync 1 DAGs
[2022-09-08T11:47:12.070+0000] {logging_mixin.py:115} INFO - [2022-09-08T11:47:12.070+0000] {dag.py:2981} INFO - Setting next_dagrun for pg_extract to 2022-09-08T00:00:00+00:00, run_after=2022-09-09T00:00:00+00:00
[2022-09-08T11:47:12.112+0000] {processor.py:161} INFO - Processing /opt/airflow/dags/x_dag.py took 0.227 seconds
[2022-09-08T11:57:39.107+0000] {processor.py:153} INFO - Started process (PID=25010) to work on /opt/airflow/dags/x_dag.py
[2022-09-08T11:57:39.113+0000] {processor.py:640} INFO - Processing file /opt/airflow/dags/x_dag.py for tasks to queue
[2022-09-08T11:57:39.123+0000] {logging_mixin.py:115} INFO - [2022-09-08T11:57:39.122+0000] {dagbag.py:508} INFO - Filling up the DagBag from /opt/airflow/dags/x_dag.py
[2022-09-08T11:57:39.223+0000] {processor.py:650} INFO - DAG(s) dict_keys(['pg_extract']) retrieved from /opt/airflow/dags/x_dag.py
[2022-09-08T11:57:39.299+0000] {logging_mixin.py:115} INFO - [2022-09-08T11:57:39.299+0000] {dag.py:2429} INFO - Sync 1 DAGs
[2022-09-08T11:57:39.391+0000] {logging_mixin.py:115} INFO - [2022-09-08T11:57:39.390+0000] {dag.py:2981} INFO - Setting next_dagrun for pg_extract to 2022-09-08T00:00:00+00:00, run_after=2022-09-09T00:00:00+00:00
[2022-09-08T11:57:39.633+0000] {processor.py:161} INFO - Processing /opt/airflow/dags/x_dag.py took 0.531 seconds
[2022-09-08T11:58:09.746+0000] {processor.py:153} INFO - Started process (PID=25215) to work on /opt/airflow/dags/x_dag.py
[2022-09-08T11:58:09.755+0000] {processor.py:640} INFO - Processing file /opt/airflow/dags/x_dag.py for tasks to queue
[2022-09-08T11:58:09.758+0000] {logging_mixin.py:115} INFO - [2022-09-08T11:58:09.757+0000] {dagbag.py:508} INFO - Filling up the DagBag from /opt/airflow/dags/x_dag.py
[2022-09-08T11:58:09.809+0000] {processor.py:650} INFO - DAG(s) dict_keys(['pg_extract']) retrieved from /opt/airflow/dags/x_dag.py
[2022-09-08T11:58:09.851+0000] {logging_mixin.py:115} INFO - [2022-09-08T11:58:09.850+0000] {dag.py:2429} INFO - Sync 1 DAGs
[2022-09-08T11:58:09.888+0000] {logging_mixin.py:115} INFO - [2022-09-08T11:58:09.888+0000] {dag.py:2981} INFO - Setting next_dagrun for pg_extract to 2022-09-08T00:00:00+00:00, run_after=2022-09-09T00:00:00+00:00
[2022-09-08T11:58:10.081+0000] {processor.py:161} INFO - Processing /opt/airflow/dags/x_dag.py took 0.346 seconds
[2022-09-08T11:58:40.165+0000] {processor.py:153} INFO - Started process (PID=25429) to work on /opt/airflow/dags/x_dag.py
[2022-09-08T11:58:40.168+0000] {processor.py:640} INFO - Processing file /opt/airflow/dags/x_dag.py for tasks to queue
[2022-09-08T11:58:40.170+0000] {logging_mixin.py:115} INFO - [2022-09-08T11:58:40.170+0000] {dagbag.py:508} INFO - Filling up the DagBag from /opt/airflow/dags/x_dag.py
[2022-09-08T11:58:40.214+0000] {processor.py:650} INFO - DAG(s) dict_keys(['pg_extract']) retrieved from /opt/airflow/dags/x_dag.py
[2022-09-08T11:58:40.252+0000] {logging_mixin.py:115} INFO - [2022-09-08T11:58:40.252+0000] {dag.py:2429} INFO - Sync 1 DAGs
[2022-09-08T11:58:40.285+0000] {logging_mixin.py:115} INFO - [2022-09-08T11:58:40.285+0000] {dag.py:2981} INFO - Setting next_dagrun for pg_extract to 2022-09-08T00:00:00+00:00, run_after=2022-09-09T00:00:00+00:00
[2022-09-08T11:58:40.456+0000] {processor.py:161} INFO - Processing /opt/airflow/dags/x_dag.py took 0.300 seconds
[2022-09-08T11:59:10.520+0000] {processor.py:153} INFO - Started process (PID=25636) to work on /opt/airflow/dags/x_dag.py
[2022-09-08T11:59:10.521+0000] {processor.py:640} INFO - Processing file /opt/airflow/dags/x_dag.py for tasks to queue
[2022-09-08T11:59:10.523+0000] {logging_mixin.py:115} INFO - [2022-09-08T11:59:10.523+0000] {dagbag.py:508} INFO - Filling up the DagBag from /opt/airflow/dags/x_dag.py
[2022-09-08T11:59:10.567+0000] {processor.py:650} INFO - DAG(s) dict_keys(['pg_extract']) retrieved from /opt/airflow/dags/x_dag.py
[2022-09-08T11:59:10.610+0000] {logging_mixin.py:115} INFO - [2022-09-08T11:59:10.609+0000] {dag.py:2429} INFO - Sync 1 DAGs
[2022-09-08T11:59:10.652+0000] {logging_mixin.py:115} INFO - [2022-09-08T11:59:10.652+0000] {dag.py:2981} INFO - Setting next_dagrun for pg_extract to 2022-09-08T00:00:00+00:00, run_after=2022-09-09T00:00:00+00:00
[2022-09-08T11:59:10.844+0000] {processor.py:161} INFO - Processing /opt/airflow/dags/x_dag.py took 0.329 seconds
[2022-09-08T11:59:41.230+0000] {processor.py:153} INFO - Started process (PID=25850) to work on /opt/airflow/dags/x_dag.py
[2022-09-08T11:59:41.233+0000] {processor.py:640} INFO - Processing file /opt/airflow/dags/x_dag.py for tasks to queue
[2022-09-08T11:59:41.234+0000] {logging_mixin.py:115} INFO - [2022-09-08T11:59:41.234+0000] {dagbag.py:508} INFO - Filling up the DagBag from /opt/airflow/dags/x_dag.py
[2022-09-08T11:59:41.286+0000] {processor.py:650} INFO - DAG(s) dict_keys(['pg_extract']) retrieved from /opt/airflow/dags/x_dag.py
[2022-09-08T11:59:41.335+0000] {logging_mixin.py:115} INFO - [2022-09-08T11:59:41.334+0000] {dag.py:2429} INFO - Sync 1 DAGs
[2022-09-08T11:59:41.383+0000] {logging_mixin.py:115} INFO - [2022-09-08T11:59:41.383+0000] {dag.py:2981} INFO - Setting next_dagrun for pg_extract to 2022-09-08T00:00:00+00:00, run_after=2022-09-09T00:00:00+00:00
[2022-09-08T11:59:41.645+0000] {processor.py:161} INFO - Processing /opt/airflow/dags/x_dag.py took 0.421 seconds
[2022-09-08T12:00:12.097+0000] {processor.py:153} INFO - Started process (PID=26056) to work on /opt/airflow/dags/x_dag.py
[2022-09-08T12:00:12.099+0000] {processor.py:640} INFO - Processing file /opt/airflow/dags/x_dag.py for tasks to queue
[2022-09-08T12:00:12.101+0000] {logging_mixin.py:115} INFO - [2022-09-08T12:00:12.101+0000] {dagbag.py:508} INFO - Filling up the DagBag from /opt/airflow/dags/x_dag.py
[2022-09-08T12:00:12.138+0000] {processor.py:650} INFO - DAG(s) dict_keys(['pg_extract']) retrieved from /opt/airflow/dags/x_dag.py
[2022-09-08T12:00:12.178+0000] {logging_mixin.py:115} INFO - [2022-09-08T12:00:12.177+0000] {dag.py:2429} INFO - Sync 1 DAGs
[2022-09-08T12:00:12.208+0000] {logging_mixin.py:115} INFO - [2022-09-08T12:00:12.208+0000] {dag.py:2981} INFO - Setting next_dagrun for pg_extract to 2022-09-08T00:00:00+00:00, run_after=2022-09-09T00:00:00+00:00
[2022-09-08T12:00:12.382+0000] {processor.py:161} INFO - Processing /opt/airflow/dags/x_dag.py took 0.289 seconds
