[2022-09-28T04:37:10.018+0000] {processor.py:153} INFO - Started process (PID=17972) to work on /opt/airflow/dags/x_dag.py
[2022-09-28T04:37:10.036+0000] {processor.py:640} INFO - Processing file /opt/airflow/dags/x_dag.py for tasks to queue
[2022-09-28T04:37:10.039+0000] {logging_mixin.py:115} INFO - [2022-09-28T04:37:10.039+0000] {dagbag.py:508} INFO - Filling up the DagBag from /opt/airflow/dags/x_dag.py
[2022-09-28T04:37:10.394+0000] {processor.py:650} INFO - DAG(s) dict_keys(['pg_extract']) retrieved from /opt/airflow/dags/x_dag.py
[2022-09-28T04:37:10.747+0000] {logging_mixin.py:115} INFO - [2022-09-28T04:37:10.747+0000] {dag.py:2429} INFO - Sync 1 DAGs
[2022-09-28T04:37:10.914+0000] {logging_mixin.py:115} INFO - [2022-09-28T04:37:10.913+0000] {dag.py:2981} INFO - Setting next_dagrun for pg_extract to 2022-09-27T14:21:30.391338+00:00, run_after=2022-09-28T14:21:30.391338+00:00
[2022-09-28T04:37:11.013+0000] {processor.py:161} INFO - Processing /opt/airflow/dags/x_dag.py took 1.084 seconds
[2022-09-28T15:48:25.075+0000] {processor.py:153} INFO - Started process (PID=18018) to work on /opt/airflow/dags/x_dag.py
[2022-09-28T15:48:25.079+0000] {processor.py:640} INFO - Processing file /opt/airflow/dags/x_dag.py for tasks to queue
[2022-09-28T15:48:25.096+0000] {logging_mixin.py:115} INFO - [2022-09-28T15:48:25.087+0000] {dagbag.py:508} INFO - Filling up the DagBag from /opt/airflow/dags/x_dag.py
[2022-09-28T15:48:25.372+0000] {processor.py:650} INFO - DAG(s) dict_keys(['pg_extract']) retrieved from /opt/airflow/dags/x_dag.py
[2022-09-28T15:48:25.690+0000] {processor.py:610} INFO - Executed failure callback for <TaskInstance: pg_extract.pg_extract_task scheduled__2022-09-26T14:21:30.391338+00:00 [failed]> in state failed
[2022-09-28T15:48:25.803+0000] {logging_mixin.py:115} INFO - [2022-09-28T15:48:25.803+0000] {dag.py:2429} INFO - Sync 1 DAGs
[2022-09-28T15:48:25.927+0000] {logging_mixin.py:115} INFO - [2022-09-28T15:48:25.927+0000] {dag.py:2981} INFO - Setting next_dagrun for pg_extract to 2022-09-28T14:21:30.391338+00:00, run_after=2022-09-29T14:21:30.391338+00:00
[2022-09-28T15:48:25.973+0000] {processor.py:161} INFO - Processing /opt/airflow/dags/x_dag.py took 0.931 seconds
[2022-09-28T15:48:56.179+0000] {processor.py:153} INFO - Started process (PID=18057) to work on /opt/airflow/dags/x_dag.py
[2022-09-28T15:48:56.181+0000] {processor.py:640} INFO - Processing file /opt/airflow/dags/x_dag.py for tasks to queue
[2022-09-28T15:48:56.183+0000] {logging_mixin.py:115} INFO - [2022-09-28T15:48:56.183+0000] {dagbag.py:508} INFO - Filling up the DagBag from /opt/airflow/dags/x_dag.py
[2022-09-28T15:48:56.239+0000] {processor.py:650} INFO - DAG(s) dict_keys(['pg_extract']) retrieved from /opt/airflow/dags/x_dag.py
[2022-09-28T15:48:56.277+0000] {logging_mixin.py:115} INFO - [2022-09-28T15:48:56.276+0000] {dag.py:2429} INFO - Sync 1 DAGs
[2022-09-28T15:48:56.312+0000] {logging_mixin.py:115} INFO - [2022-09-28T15:48:56.312+0000] {dag.py:2981} INFO - Setting next_dagrun for pg_extract to 2022-09-28T14:21:30.391338+00:00, run_after=2022-09-29T14:21:30.391338+00:00
[2022-09-28T15:48:56.331+0000] {processor.py:161} INFO - Processing /opt/airflow/dags/x_dag.py took 0.157 seconds
[2022-09-28T15:49:27.514+0000] {processor.py:153} INFO - Started process (PID=18093) to work on /opt/airflow/dags/x_dag.py
[2022-09-28T15:49:27.517+0000] {processor.py:640} INFO - Processing file /opt/airflow/dags/x_dag.py for tasks to queue
[2022-09-28T15:49:27.520+0000] {logging_mixin.py:115} INFO - [2022-09-28T15:49:27.519+0000] {dagbag.py:508} INFO - Filling up the DagBag from /opt/airflow/dags/x_dag.py
[2022-09-28T15:49:27.608+0000] {processor.py:650} INFO - DAG(s) dict_keys(['pg_extract']) retrieved from /opt/airflow/dags/x_dag.py
[2022-09-28T15:49:27.666+0000] {logging_mixin.py:115} INFO - [2022-09-28T15:49:27.666+0000] {dag.py:2429} INFO - Sync 1 DAGs
[2022-09-28T15:49:27.714+0000] {logging_mixin.py:115} INFO - [2022-09-28T15:49:27.714+0000] {dag.py:2981} INFO - Setting next_dagrun for pg_extract to 2022-09-28T14:21:30.391338+00:00, run_after=2022-09-29T14:21:30.391338+00:00
[2022-09-28T15:49:27.749+0000] {processor.py:161} INFO - Processing /opt/airflow/dags/x_dag.py took 0.242 seconds
[2022-09-28T15:49:58.633+0000] {processor.py:153} INFO - Started process (PID=18137) to work on /opt/airflow/dags/x_dag.py
[2022-09-28T15:49:58.636+0000] {processor.py:640} INFO - Processing file /opt/airflow/dags/x_dag.py for tasks to queue
[2022-09-28T15:49:58.638+0000] {logging_mixin.py:115} INFO - [2022-09-28T15:49:58.638+0000] {dagbag.py:508} INFO - Filling up the DagBag from /opt/airflow/dags/x_dag.py
[2022-09-28T15:49:58.709+0000] {processor.py:650} INFO - DAG(s) dict_keys(['pg_extract']) retrieved from /opt/airflow/dags/x_dag.py
[2022-09-28T15:49:58.758+0000] {logging_mixin.py:115} INFO - [2022-09-28T15:49:58.757+0000] {dag.py:2429} INFO - Sync 1 DAGs
[2022-09-28T15:49:58.796+0000] {logging_mixin.py:115} INFO - [2022-09-28T15:49:58.796+0000] {dag.py:2981} INFO - Setting next_dagrun for pg_extract to 2022-09-28T14:21:30.391338+00:00, run_after=2022-09-29T14:21:30.391338+00:00
[2022-09-28T15:49:58.815+0000] {processor.py:161} INFO - Processing /opt/airflow/dags/x_dag.py took 0.189 seconds
[2022-09-28T15:50:29.501+0000] {processor.py:153} INFO - Started process (PID=18174) to work on /opt/airflow/dags/x_dag.py
[2022-09-28T15:50:29.503+0000] {processor.py:640} INFO - Processing file /opt/airflow/dags/x_dag.py for tasks to queue
[2022-09-28T15:50:29.504+0000] {logging_mixin.py:115} INFO - [2022-09-28T15:50:29.504+0000] {dagbag.py:508} INFO - Filling up the DagBag from /opt/airflow/dags/x_dag.py
[2022-09-28T15:50:29.545+0000] {processor.py:650} INFO - DAG(s) dict_keys(['pg_extract']) retrieved from /opt/airflow/dags/x_dag.py
[2022-09-28T15:50:29.582+0000] {logging_mixin.py:115} INFO - [2022-09-28T15:50:29.582+0000] {dag.py:2429} INFO - Sync 1 DAGs
[2022-09-28T15:50:29.614+0000] {logging_mixin.py:115} INFO - [2022-09-28T15:50:29.614+0000] {dag.py:2981} INFO - Setting next_dagrun for pg_extract to 2022-09-28T14:21:30.391338+00:00, run_after=2022-09-29T14:21:30.391338+00:00
[2022-09-28T15:50:29.634+0000] {processor.py:161} INFO - Processing /opt/airflow/dags/x_dag.py took 0.139 seconds
[2022-09-28T15:51:00.336+0000] {processor.py:153} INFO - Started process (PID=18218) to work on /opt/airflow/dags/x_dag.py
[2022-09-28T15:51:00.339+0000] {processor.py:640} INFO - Processing file /opt/airflow/dags/x_dag.py for tasks to queue
[2022-09-28T15:51:00.342+0000] {logging_mixin.py:115} INFO - [2022-09-28T15:51:00.342+0000] {dagbag.py:508} INFO - Filling up the DagBag from /opt/airflow/dags/x_dag.py
[2022-09-28T15:51:00.398+0000] {processor.py:650} INFO - DAG(s) dict_keys(['pg_extract']) retrieved from /opt/airflow/dags/x_dag.py
[2022-09-28T15:51:00.446+0000] {logging_mixin.py:115} INFO - [2022-09-28T15:51:00.445+0000] {dag.py:2429} INFO - Sync 1 DAGs
[2022-09-28T15:51:00.484+0000] {logging_mixin.py:115} INFO - [2022-09-28T15:51:00.483+0000] {dag.py:2981} INFO - Setting next_dagrun for pg_extract to 2022-09-28T14:21:30.391338+00:00, run_after=2022-09-29T14:21:30.391338+00:00
[2022-09-28T15:51:00.505+0000] {processor.py:161} INFO - Processing /opt/airflow/dags/x_dag.py took 0.178 seconds
[2022-09-28T15:51:31.083+0000] {processor.py:153} INFO - Started process (PID=18255) to work on /opt/airflow/dags/x_dag.py
[2022-09-28T15:51:31.085+0000] {processor.py:640} INFO - Processing file /opt/airflow/dags/x_dag.py for tasks to queue
[2022-09-28T15:51:31.086+0000] {logging_mixin.py:115} INFO - [2022-09-28T15:51:31.086+0000] {dagbag.py:508} INFO - Filling up the DagBag from /opt/airflow/dags/x_dag.py
[2022-09-28T15:51:31.121+0000] {processor.py:650} INFO - DAG(s) dict_keys(['pg_extract']) retrieved from /opt/airflow/dags/x_dag.py
[2022-09-28T15:51:31.153+0000] {logging_mixin.py:115} INFO - [2022-09-28T15:51:31.153+0000] {dag.py:2429} INFO - Sync 1 DAGs
[2022-09-28T15:51:31.182+0000] {logging_mixin.py:115} INFO - [2022-09-28T15:51:31.182+0000] {dag.py:2981} INFO - Setting next_dagrun for pg_extract to 2022-09-28T14:21:30.391338+00:00, run_after=2022-09-29T14:21:30.391338+00:00
[2022-09-28T15:51:31.201+0000] {processor.py:161} INFO - Processing /opt/airflow/dags/x_dag.py took 0.123 seconds
[2022-09-28T15:52:01.895+0000] {processor.py:153} INFO - Started process (PID=18299) to work on /opt/airflow/dags/x_dag.py
[2022-09-28T15:52:01.897+0000] {processor.py:640} INFO - Processing file /opt/airflow/dags/x_dag.py for tasks to queue
[2022-09-28T15:52:01.899+0000] {logging_mixin.py:115} INFO - [2022-09-28T15:52:01.899+0000] {dagbag.py:508} INFO - Filling up the DagBag from /opt/airflow/dags/x_dag.py
[2022-09-28T15:52:01.941+0000] {processor.py:650} INFO - DAG(s) dict_keys(['pg_extract']) retrieved from /opt/airflow/dags/x_dag.py
[2022-09-28T15:52:01.981+0000] {logging_mixin.py:115} INFO - [2022-09-28T15:52:01.980+0000] {dag.py:2429} INFO - Sync 1 DAGs
[2022-09-28T15:52:02.020+0000] {logging_mixin.py:115} INFO - [2022-09-28T15:52:02.020+0000] {dag.py:2981} INFO - Setting next_dagrun for pg_extract to 2022-09-28T14:21:30.391338+00:00, run_after=2022-09-29T14:21:30.391338+00:00
[2022-09-28T15:52:02.039+0000] {processor.py:161} INFO - Processing /opt/airflow/dags/x_dag.py took 0.149 seconds
[2022-09-28T15:52:32.759+0000] {processor.py:153} INFO - Started process (PID=18332) to work on /opt/airflow/dags/x_dag.py
[2022-09-28T15:52:32.761+0000] {processor.py:640} INFO - Processing file /opt/airflow/dags/x_dag.py for tasks to queue
[2022-09-28T15:52:32.765+0000] {logging_mixin.py:115} INFO - [2022-09-28T15:52:32.765+0000] {dagbag.py:508} INFO - Filling up the DagBag from /opt/airflow/dags/x_dag.py
[2022-09-28T15:52:32.816+0000] {processor.py:650} INFO - DAG(s) dict_keys(['pg_extract']) retrieved from /opt/airflow/dags/x_dag.py
[2022-09-28T15:52:32.852+0000] {logging_mixin.py:115} INFO - [2022-09-28T15:52:32.852+0000] {dag.py:2429} INFO - Sync 1 DAGs
[2022-09-28T15:52:32.882+0000] {logging_mixin.py:115} INFO - [2022-09-28T15:52:32.881+0000] {dag.py:2981} INFO - Setting next_dagrun for pg_extract to 2022-09-28T14:21:30.391338+00:00, run_after=2022-09-29T14:21:30.391338+00:00
[2022-09-28T15:52:32.897+0000] {processor.py:161} INFO - Processing /opt/airflow/dags/x_dag.py took 0.142 seconds
[2022-09-28T15:53:03.611+0000] {processor.py:153} INFO - Started process (PID=18376) to work on /opt/airflow/dags/x_dag.py
[2022-09-28T15:53:03.614+0000] {processor.py:640} INFO - Processing file /opt/airflow/dags/x_dag.py for tasks to queue
[2022-09-28T15:53:03.616+0000] {logging_mixin.py:115} INFO - [2022-09-28T15:53:03.616+0000] {dagbag.py:508} INFO - Filling up the DagBag from /opt/airflow/dags/x_dag.py
[2022-09-28T15:53:03.667+0000] {processor.py:650} INFO - DAG(s) dict_keys(['pg_extract']) retrieved from /opt/airflow/dags/x_dag.py
[2022-09-28T15:53:03.710+0000] {logging_mixin.py:115} INFO - [2022-09-28T15:53:03.709+0000] {dag.py:2429} INFO - Sync 1 DAGs
[2022-09-28T15:53:03.745+0000] {logging_mixin.py:115} INFO - [2022-09-28T15:53:03.745+0000] {dag.py:2981} INFO - Setting next_dagrun for pg_extract to 2022-09-28T14:21:30.391338+00:00, run_after=2022-09-29T14:21:30.391338+00:00
[2022-09-28T15:53:03.767+0000] {processor.py:161} INFO - Processing /opt/airflow/dags/x_dag.py took 0.164 seconds
[2022-09-28T15:53:34.803+0000] {processor.py:153} INFO - Started process (PID=18412) to work on /opt/airflow/dags/x_dag.py
[2022-09-28T15:53:34.807+0000] {processor.py:640} INFO - Processing file /opt/airflow/dags/x_dag.py for tasks to queue
[2022-09-28T15:53:34.810+0000] {logging_mixin.py:115} INFO - [2022-09-28T15:53:34.809+0000] {dagbag.py:508} INFO - Filling up the DagBag from /opt/airflow/dags/x_dag.py
[2022-09-28T15:53:34.884+0000] {processor.py:650} INFO - DAG(s) dict_keys(['pg_extract']) retrieved from /opt/airflow/dags/x_dag.py
[2022-09-28T15:53:34.935+0000] {logging_mixin.py:115} INFO - [2022-09-28T15:53:34.934+0000] {dag.py:2429} INFO - Sync 1 DAGs
[2022-09-28T15:53:34.971+0000] {logging_mixin.py:115} INFO - [2022-09-28T15:53:34.970+0000] {dag.py:2981} INFO - Setting next_dagrun for pg_extract to 2022-09-28T14:21:30.391338+00:00, run_after=2022-09-29T14:21:30.391338+00:00
[2022-09-28T15:53:34.993+0000] {processor.py:161} INFO - Processing /opt/airflow/dags/x_dag.py took 0.198 seconds
[2022-09-28T15:54:05.648+0000] {processor.py:153} INFO - Started process (PID=18458) to work on /opt/airflow/dags/x_dag.py
[2022-09-28T15:54:05.650+0000] {processor.py:640} INFO - Processing file /opt/airflow/dags/x_dag.py for tasks to queue
[2022-09-28T15:54:05.652+0000] {logging_mixin.py:115} INFO - [2022-09-28T15:54:05.652+0000] {dagbag.py:508} INFO - Filling up the DagBag from /opt/airflow/dags/x_dag.py
[2022-09-28T15:54:05.693+0000] {processor.py:650} INFO - DAG(s) dict_keys(['pg_extract']) retrieved from /opt/airflow/dags/x_dag.py
[2022-09-28T15:54:05.733+0000] {logging_mixin.py:115} INFO - [2022-09-28T15:54:05.732+0000] {dag.py:2429} INFO - Sync 1 DAGs
[2022-09-28T15:54:05.765+0000] {logging_mixin.py:115} INFO - [2022-09-28T15:54:05.764+0000] {dag.py:2981} INFO - Setting next_dagrun for pg_extract to 2022-09-28T14:21:30.391338+00:00, run_after=2022-09-29T14:21:30.391338+00:00
[2022-09-28T15:54:05.779+0000] {processor.py:161} INFO - Processing /opt/airflow/dags/x_dag.py took 0.137 seconds
[2022-09-28T15:54:36.630+0000] {processor.py:153} INFO - Started process (PID=18498) to work on /opt/airflow/dags/x_dag.py
[2022-09-28T15:54:36.632+0000] {processor.py:640} INFO - Processing file /opt/airflow/dags/x_dag.py for tasks to queue
[2022-09-28T15:54:36.634+0000] {logging_mixin.py:115} INFO - [2022-09-28T15:54:36.634+0000] {dagbag.py:508} INFO - Filling up the DagBag from /opt/airflow/dags/x_dag.py
[2022-09-28T15:54:36.684+0000] {processor.py:650} INFO - DAG(s) dict_keys(['pg_extract']) retrieved from /opt/airflow/dags/x_dag.py
[2022-09-28T15:54:36.745+0000] {logging_mixin.py:115} INFO - [2022-09-28T15:54:36.745+0000] {dag.py:2429} INFO - Sync 1 DAGs
[2022-09-28T15:54:36.787+0000] {logging_mixin.py:115} INFO - [2022-09-28T15:54:36.787+0000] {dag.py:2981} INFO - Setting next_dagrun for pg_extract to 2022-09-28T14:21:30.391338+00:00, run_after=2022-09-29T14:21:30.391338+00:00
[2022-09-28T15:54:36.808+0000] {processor.py:161} INFO - Processing /opt/airflow/dags/x_dag.py took 0.187 seconds
[2022-09-28T15:55:07.431+0000] {processor.py:153} INFO - Started process (PID=18537) to work on /opt/airflow/dags/x_dag.py
[2022-09-28T15:55:07.433+0000] {processor.py:640} INFO - Processing file /opt/airflow/dags/x_dag.py for tasks to queue
[2022-09-28T15:55:07.435+0000] {logging_mixin.py:115} INFO - [2022-09-28T15:55:07.435+0000] {dagbag.py:508} INFO - Filling up the DagBag from /opt/airflow/dags/x_dag.py
[2022-09-28T15:55:07.477+0000] {processor.py:650} INFO - DAG(s) dict_keys(['pg_extract']) retrieved from /opt/airflow/dags/x_dag.py
[2022-09-28T15:55:07.517+0000] {logging_mixin.py:115} INFO - [2022-09-28T15:55:07.517+0000] {dag.py:2429} INFO - Sync 1 DAGs
[2022-09-28T15:55:07.549+0000] {logging_mixin.py:115} INFO - [2022-09-28T15:55:07.549+0000] {dag.py:2981} INFO - Setting next_dagrun for pg_extract to 2022-09-28T14:21:30.391338+00:00, run_after=2022-09-29T14:21:30.391338+00:00
[2022-09-28T15:55:07.566+0000] {processor.py:161} INFO - Processing /opt/airflow/dags/x_dag.py took 0.140 seconds
[2022-09-28T15:55:38.329+0000] {processor.py:153} INFO - Started process (PID=18581) to work on /opt/airflow/dags/x_dag.py
[2022-09-28T15:55:38.333+0000] {processor.py:640} INFO - Processing file /opt/airflow/dags/x_dag.py for tasks to queue
[2022-09-28T15:55:38.336+0000] {logging_mixin.py:115} INFO - [2022-09-28T15:55:38.336+0000] {dagbag.py:508} INFO - Filling up the DagBag from /opt/airflow/dags/x_dag.py
[2022-09-28T15:55:38.388+0000] {processor.py:650} INFO - DAG(s) dict_keys(['pg_extract']) retrieved from /opt/airflow/dags/x_dag.py
[2022-09-28T15:55:38.426+0000] {logging_mixin.py:115} INFO - [2022-09-28T15:55:38.426+0000] {dag.py:2429} INFO - Sync 1 DAGs
[2022-09-28T15:55:38.458+0000] {logging_mixin.py:115} INFO - [2022-09-28T15:55:38.458+0000] {dag.py:2981} INFO - Setting next_dagrun for pg_extract to 2022-09-28T14:21:30.391338+00:00, run_after=2022-09-29T14:21:30.391338+00:00
[2022-09-28T15:55:38.478+0000] {processor.py:161} INFO - Processing /opt/airflow/dags/x_dag.py took 0.161 seconds
[2022-09-28T15:56:09.208+0000] {processor.py:153} INFO - Started process (PID=18616) to work on /opt/airflow/dags/x_dag.py
[2022-09-28T15:56:09.213+0000] {processor.py:640} INFO - Processing file /opt/airflow/dags/x_dag.py for tasks to queue
[2022-09-28T15:56:09.215+0000] {logging_mixin.py:115} INFO - [2022-09-28T15:56:09.215+0000] {dagbag.py:508} INFO - Filling up the DagBag from /opt/airflow/dags/x_dag.py
[2022-09-28T15:56:09.260+0000] {processor.py:650} INFO - DAG(s) dict_keys(['pg_extract']) retrieved from /opt/airflow/dags/x_dag.py
[2022-09-28T15:56:09.302+0000] {logging_mixin.py:115} INFO - [2022-09-28T15:56:09.302+0000] {dag.py:2429} INFO - Sync 1 DAGs
[2022-09-28T15:56:09.336+0000] {logging_mixin.py:115} INFO - [2022-09-28T15:56:09.336+0000] {dag.py:2981} INFO - Setting next_dagrun for pg_extract to 2022-09-28T14:21:30.391338+00:00, run_after=2022-09-29T14:21:30.391338+00:00
[2022-09-28T15:56:09.358+0000] {processor.py:161} INFO - Processing /opt/airflow/dags/x_dag.py took 0.155 seconds
[2022-09-28T15:56:40.066+0000] {processor.py:153} INFO - Started process (PID=18662) to work on /opt/airflow/dags/x_dag.py
[2022-09-28T15:56:40.068+0000] {processor.py:640} INFO - Processing file /opt/airflow/dags/x_dag.py for tasks to queue
[2022-09-28T15:56:40.070+0000] {logging_mixin.py:115} INFO - [2022-09-28T15:56:40.070+0000] {dagbag.py:508} INFO - Filling up the DagBag from /opt/airflow/dags/x_dag.py
[2022-09-28T15:56:40.116+0000] {processor.py:650} INFO - DAG(s) dict_keys(['pg_extract']) retrieved from /opt/airflow/dags/x_dag.py
[2022-09-28T15:56:40.166+0000] {logging_mixin.py:115} INFO - [2022-09-28T15:56:40.166+0000] {dag.py:2429} INFO - Sync 1 DAGs
[2022-09-28T15:56:40.205+0000] {logging_mixin.py:115} INFO - [2022-09-28T15:56:40.205+0000] {dag.py:2981} INFO - Setting next_dagrun for pg_extract to 2022-09-28T14:21:30.391338+00:00, run_after=2022-09-29T14:21:30.391338+00:00
[2022-09-28T15:56:40.222+0000] {processor.py:161} INFO - Processing /opt/airflow/dags/x_dag.py took 0.162 seconds
[2022-09-28T15:57:10.894+0000] {processor.py:153} INFO - Started process (PID=18694) to work on /opt/airflow/dags/x_dag.py
[2022-09-28T15:57:10.897+0000] {processor.py:640} INFO - Processing file /opt/airflow/dags/x_dag.py for tasks to queue
[2022-09-28T15:57:10.901+0000] {logging_mixin.py:115} INFO - [2022-09-28T15:57:10.901+0000] {dagbag.py:508} INFO - Filling up the DagBag from /opt/airflow/dags/x_dag.py
[2022-09-28T15:57:10.958+0000] {processor.py:650} INFO - DAG(s) dict_keys(['pg_extract']) retrieved from /opt/airflow/dags/x_dag.py
[2022-09-28T15:57:11.002+0000] {logging_mixin.py:115} INFO - [2022-09-28T15:57:11.002+0000] {dag.py:2429} INFO - Sync 1 DAGs
[2022-09-28T15:57:11.040+0000] {logging_mixin.py:115} INFO - [2022-09-28T15:57:11.040+0000] {dag.py:2981} INFO - Setting next_dagrun for pg_extract to 2022-09-28T14:21:30.391338+00:00, run_after=2022-09-29T14:21:30.391338+00:00
[2022-09-28T15:57:11.057+0000] {processor.py:161} INFO - Processing /opt/airflow/dags/x_dag.py took 0.171 seconds
[2022-09-28T15:57:41.778+0000] {processor.py:153} INFO - Started process (PID=18740) to work on /opt/airflow/dags/x_dag.py
[2022-09-28T15:57:41.787+0000] {processor.py:640} INFO - Processing file /opt/airflow/dags/x_dag.py for tasks to queue
[2022-09-28T15:57:41.790+0000] {logging_mixin.py:115} INFO - [2022-09-28T15:57:41.789+0000] {dagbag.py:508} INFO - Filling up the DagBag from /opt/airflow/dags/x_dag.py
[2022-09-28T15:57:41.848+0000] {processor.py:650} INFO - DAG(s) dict_keys(['pg_extract']) retrieved from /opt/airflow/dags/x_dag.py
[2022-09-28T15:57:41.887+0000] {logging_mixin.py:115} INFO - [2022-09-28T15:57:41.887+0000] {dag.py:2429} INFO - Sync 1 DAGs
[2022-09-28T15:57:41.920+0000] {logging_mixin.py:115} INFO - [2022-09-28T15:57:41.919+0000] {dag.py:2981} INFO - Setting next_dagrun for pg_extract to 2022-09-28T14:21:30.391338+00:00, run_after=2022-09-29T14:21:30.391338+00:00
[2022-09-28T15:57:41.937+0000] {processor.py:161} INFO - Processing /opt/airflow/dags/x_dag.py took 0.168 seconds
[2022-09-28T15:58:12.618+0000] {processor.py:153} INFO - Started process (PID=18784) to work on /opt/airflow/dags/x_dag.py
[2022-09-28T15:58:12.621+0000] {processor.py:640} INFO - Processing file /opt/airflow/dags/x_dag.py for tasks to queue
[2022-09-28T15:58:12.624+0000] {logging_mixin.py:115} INFO - [2022-09-28T15:58:12.623+0000] {dagbag.py:508} INFO - Filling up the DagBag from /opt/airflow/dags/x_dag.py
[2022-09-28T15:58:12.673+0000] {processor.py:650} INFO - DAG(s) dict_keys(['pg_extract']) retrieved from /opt/airflow/dags/x_dag.py
[2022-09-28T15:58:12.710+0000] {logging_mixin.py:115} INFO - [2022-09-28T15:58:12.710+0000] {dag.py:2429} INFO - Sync 1 DAGs
[2022-09-28T15:58:12.743+0000] {logging_mixin.py:115} INFO - [2022-09-28T15:58:12.743+0000] {dag.py:2981} INFO - Setting next_dagrun for pg_extract to 2022-09-28T14:21:30.391338+00:00, run_after=2022-09-29T14:21:30.391338+00:00
[2022-09-28T15:58:12.759+0000] {processor.py:161} INFO - Processing /opt/airflow/dags/x_dag.py took 0.147 seconds
[2022-09-28T15:58:43.533+0000] {processor.py:153} INFO - Started process (PID=18819) to work on /opt/airflow/dags/x_dag.py
[2022-09-28T15:58:43.534+0000] {processor.py:640} INFO - Processing file /opt/airflow/dags/x_dag.py for tasks to queue
[2022-09-28T15:58:43.536+0000] {logging_mixin.py:115} INFO - [2022-09-28T15:58:43.536+0000] {dagbag.py:508} INFO - Filling up the DagBag from /opt/airflow/dags/x_dag.py
[2022-09-28T15:58:43.591+0000] {processor.py:650} INFO - DAG(s) dict_keys(['pg_extract']) retrieved from /opt/airflow/dags/x_dag.py
[2022-09-28T15:58:43.629+0000] {logging_mixin.py:115} INFO - [2022-09-28T15:58:43.629+0000] {dag.py:2429} INFO - Sync 1 DAGs
[2022-09-28T15:58:43.662+0000] {logging_mixin.py:115} INFO - [2022-09-28T15:58:43.662+0000] {dag.py:2981} INFO - Setting next_dagrun for pg_extract to 2022-09-28T14:21:30.391338+00:00, run_after=2022-09-29T14:21:30.391338+00:00
[2022-09-28T15:58:43.680+0000] {processor.py:161} INFO - Processing /opt/airflow/dags/x_dag.py took 0.152 seconds
[2022-09-28T15:59:14.390+0000] {processor.py:153} INFO - Started process (PID=18865) to work on /opt/airflow/dags/x_dag.py
[2022-09-28T15:59:14.393+0000] {processor.py:640} INFO - Processing file /opt/airflow/dags/x_dag.py for tasks to queue
[2022-09-28T15:59:14.395+0000] {logging_mixin.py:115} INFO - [2022-09-28T15:59:14.394+0000] {dagbag.py:508} INFO - Filling up the DagBag from /opt/airflow/dags/x_dag.py
[2022-09-28T15:59:14.435+0000] {processor.py:650} INFO - DAG(s) dict_keys(['pg_extract']) retrieved from /opt/airflow/dags/x_dag.py
[2022-09-28T15:59:14.470+0000] {logging_mixin.py:115} INFO - [2022-09-28T15:59:14.470+0000] {dag.py:2429} INFO - Sync 1 DAGs
[2022-09-28T15:59:14.500+0000] {logging_mixin.py:115} INFO - [2022-09-28T15:59:14.500+0000] {dag.py:2981} INFO - Setting next_dagrun for pg_extract to 2022-09-28T14:21:30.391338+00:00, run_after=2022-09-29T14:21:30.391338+00:00
[2022-09-28T15:59:14.519+0000] {processor.py:161} INFO - Processing /opt/airflow/dags/x_dag.py took 0.134 seconds
[2022-09-28T15:59:45.296+0000] {processor.py:153} INFO - Started process (PID=18907) to work on /opt/airflow/dags/x_dag.py
[2022-09-28T15:59:45.299+0000] {processor.py:640} INFO - Processing file /opt/airflow/dags/x_dag.py for tasks to queue
[2022-09-28T15:59:45.304+0000] {logging_mixin.py:115} INFO - [2022-09-28T15:59:45.304+0000] {dagbag.py:508} INFO - Filling up the DagBag from /opt/airflow/dags/x_dag.py
[2022-09-28T15:59:45.358+0000] {processor.py:650} INFO - DAG(s) dict_keys(['pg_extract']) retrieved from /opt/airflow/dags/x_dag.py
[2022-09-28T15:59:45.396+0000] {logging_mixin.py:115} INFO - [2022-09-28T15:59:45.395+0000] {dag.py:2429} INFO - Sync 1 DAGs
[2022-09-28T15:59:45.429+0000] {logging_mixin.py:115} INFO - [2022-09-28T15:59:45.428+0000] {dag.py:2981} INFO - Setting next_dagrun for pg_extract to 2022-09-28T14:21:30.391338+00:00, run_after=2022-09-29T14:21:30.391338+00:00
[2022-09-28T15:59:45.450+0000] {processor.py:161} INFO - Processing /opt/airflow/dags/x_dag.py took 0.164 seconds
[2022-09-28T16:00:16.103+0000] {processor.py:153} INFO - Started process (PID=18945) to work on /opt/airflow/dags/x_dag.py
[2022-09-28T16:00:16.106+0000] {processor.py:640} INFO - Processing file /opt/airflow/dags/x_dag.py for tasks to queue
[2022-09-28T16:00:16.108+0000] {logging_mixin.py:115} INFO - [2022-09-28T16:00:16.108+0000] {dagbag.py:508} INFO - Filling up the DagBag from /opt/airflow/dags/x_dag.py
[2022-09-28T16:00:16.162+0000] {processor.py:650} INFO - DAG(s) dict_keys(['pg_extract']) retrieved from /opt/airflow/dags/x_dag.py
[2022-09-28T16:00:16.199+0000] {logging_mixin.py:115} INFO - [2022-09-28T16:00:16.198+0000] {dag.py:2429} INFO - Sync 1 DAGs
[2022-09-28T16:00:16.229+0000] {logging_mixin.py:115} INFO - [2022-09-28T16:00:16.229+0000] {dag.py:2981} INFO - Setting next_dagrun for pg_extract to 2022-09-28T14:21:30.391338+00:00, run_after=2022-09-29T14:21:30.391338+00:00
[2022-09-28T16:00:16.245+0000] {processor.py:161} INFO - Processing /opt/airflow/dags/x_dag.py took 0.147 seconds
[2022-09-28T16:00:46.974+0000] {processor.py:153} INFO - Started process (PID=18991) to work on /opt/airflow/dags/x_dag.py
[2022-09-28T16:00:46.976+0000] {processor.py:640} INFO - Processing file /opt/airflow/dags/x_dag.py for tasks to queue
[2022-09-28T16:00:46.979+0000] {logging_mixin.py:115} INFO - [2022-09-28T16:00:46.978+0000] {dagbag.py:508} INFO - Filling up the DagBag from /opt/airflow/dags/x_dag.py
[2022-09-28T16:00:47.018+0000] {processor.py:650} INFO - DAG(s) dict_keys(['pg_extract']) retrieved from /opt/airflow/dags/x_dag.py
[2022-09-28T16:00:47.052+0000] {logging_mixin.py:115} INFO - [2022-09-28T16:00:47.052+0000] {dag.py:2429} INFO - Sync 1 DAGs
[2022-09-28T16:00:47.083+0000] {logging_mixin.py:115} INFO - [2022-09-28T16:00:47.083+0000] {dag.py:2981} INFO - Setting next_dagrun for pg_extract to 2022-09-28T14:21:30.391338+00:00, run_after=2022-09-29T14:21:30.391338+00:00
[2022-09-28T16:00:47.107+0000] {processor.py:161} INFO - Processing /opt/airflow/dags/x_dag.py took 0.138 seconds
[2022-09-28T16:01:17.754+0000] {processor.py:153} INFO - Started process (PID=19028) to work on /opt/airflow/dags/x_dag.py
[2022-09-28T16:01:17.756+0000] {processor.py:640} INFO - Processing file /opt/airflow/dags/x_dag.py for tasks to queue
[2022-09-28T16:01:17.757+0000] {logging_mixin.py:115} INFO - [2022-09-28T16:01:17.757+0000] {dagbag.py:508} INFO - Filling up the DagBag from /opt/airflow/dags/x_dag.py
[2022-09-28T16:01:17.793+0000] {processor.py:650} INFO - DAG(s) dict_keys(['pg_extract']) retrieved from /opt/airflow/dags/x_dag.py
[2022-09-28T16:01:17.826+0000] {logging_mixin.py:115} INFO - [2022-09-28T16:01:17.826+0000] {dag.py:2429} INFO - Sync 1 DAGs
[2022-09-28T16:01:17.855+0000] {logging_mixin.py:115} INFO - [2022-09-28T16:01:17.854+0000] {dag.py:2981} INFO - Setting next_dagrun for pg_extract to 2022-09-28T14:21:30.391338+00:00, run_after=2022-09-29T14:21:30.391338+00:00
[2022-09-28T16:01:17.874+0000] {processor.py:161} INFO - Processing /opt/airflow/dags/x_dag.py took 0.125 seconds
[2022-09-28T16:01:48.520+0000] {processor.py:153} INFO - Started process (PID=19072) to work on /opt/airflow/dags/x_dag.py
[2022-09-28T16:01:48.522+0000] {processor.py:640} INFO - Processing file /opt/airflow/dags/x_dag.py for tasks to queue
[2022-09-28T16:01:48.523+0000] {logging_mixin.py:115} INFO - [2022-09-28T16:01:48.523+0000] {dagbag.py:508} INFO - Filling up the DagBag from /opt/airflow/dags/x_dag.py
[2022-09-28T16:01:48.562+0000] {processor.py:650} INFO - DAG(s) dict_keys(['pg_extract']) retrieved from /opt/airflow/dags/x_dag.py
[2022-09-28T16:01:48.598+0000] {logging_mixin.py:115} INFO - [2022-09-28T16:01:48.598+0000] {dag.py:2429} INFO - Sync 1 DAGs
[2022-09-28T16:01:48.630+0000] {logging_mixin.py:115} INFO - [2022-09-28T16:01:48.630+0000] {dag.py:2981} INFO - Setting next_dagrun for pg_extract to 2022-09-28T14:21:30.391338+00:00, run_after=2022-09-29T14:21:30.391338+00:00
[2022-09-28T16:01:48.653+0000] {processor.py:161} INFO - Processing /opt/airflow/dags/x_dag.py took 0.138 seconds
[2022-09-28T16:02:55.810+0000] {processor.py:153} INFO - Started process (PID=19089) to work on /opt/airflow/dags/x_dag.py
[2022-09-28T16:02:55.812+0000] {processor.py:640} INFO - Processing file /opt/airflow/dags/x_dag.py for tasks to queue
[2022-09-28T16:02:55.817+0000] {logging_mixin.py:115} INFO - [2022-09-28T16:02:55.816+0000] {dagbag.py:508} INFO - Filling up the DagBag from /opt/airflow/dags/x_dag.py
[2022-09-28T16:02:55.863+0000] {processor.py:650} INFO - DAG(s) dict_keys(['pg_extract']) retrieved from /opt/airflow/dags/x_dag.py
[2022-09-28T16:02:55.902+0000] {logging_mixin.py:115} INFO - [2022-09-28T16:02:55.901+0000] {dag.py:2429} INFO - Sync 1 DAGs
[2022-09-28T16:02:55.935+0000] {logging_mixin.py:115} INFO - [2022-09-28T16:02:55.935+0000] {dag.py:2981} INFO - Setting next_dagrun for pg_extract to 2022-09-28T14:21:30.391338+00:00, run_after=2022-09-29T14:21:30.391338+00:00
[2022-09-28T16:02:55.956+0000] {processor.py:161} INFO - Processing /opt/airflow/dags/x_dag.py took 0.153 seconds
[2022-09-28T16:03:26.720+0000] {processor.py:153} INFO - Started process (PID=19136) to work on /opt/airflow/dags/x_dag.py
[2022-09-28T16:03:26.721+0000] {processor.py:640} INFO - Processing file /opt/airflow/dags/x_dag.py for tasks to queue
[2022-09-28T16:03:26.723+0000] {logging_mixin.py:115} INFO - [2022-09-28T16:03:26.723+0000] {dagbag.py:508} INFO - Filling up the DagBag from /opt/airflow/dags/x_dag.py
[2022-09-28T16:03:26.765+0000] {processor.py:650} INFO - DAG(s) dict_keys(['pg_extract']) retrieved from /opt/airflow/dags/x_dag.py
[2022-09-28T16:03:26.813+0000] {logging_mixin.py:115} INFO - [2022-09-28T16:03:26.813+0000] {dag.py:2429} INFO - Sync 1 DAGs
[2022-09-28T16:03:26.846+0000] {logging_mixin.py:115} INFO - [2022-09-28T16:03:26.846+0000] {dag.py:2981} INFO - Setting next_dagrun for pg_extract to 2022-09-28T14:21:30.391338+00:00, run_after=2022-09-29T14:21:30.391338+00:00
[2022-09-28T16:03:26.867+0000] {processor.py:161} INFO - Processing /opt/airflow/dags/x_dag.py took 0.153 seconds
[2022-09-28T16:03:57.503+0000] {processor.py:153} INFO - Started process (PID=19169) to work on /opt/airflow/dags/x_dag.py
[2022-09-28T16:03:57.506+0000] {processor.py:640} INFO - Processing file /opt/airflow/dags/x_dag.py for tasks to queue
[2022-09-28T16:03:57.508+0000] {logging_mixin.py:115} INFO - [2022-09-28T16:03:57.507+0000] {dagbag.py:508} INFO - Filling up the DagBag from /opt/airflow/dags/x_dag.py
[2022-09-28T16:03:57.550+0000] {processor.py:650} INFO - DAG(s) dict_keys(['pg_extract']) retrieved from /opt/airflow/dags/x_dag.py
[2022-09-28T16:03:57.587+0000] {logging_mixin.py:115} INFO - [2022-09-28T16:03:57.586+0000] {dag.py:2429} INFO - Sync 1 DAGs
[2022-09-28T16:03:57.617+0000] {logging_mixin.py:115} INFO - [2022-09-28T16:03:57.617+0000] {dag.py:2981} INFO - Setting next_dagrun for pg_extract to 2022-09-28T14:21:30.391338+00:00, run_after=2022-09-29T14:21:30.391338+00:00
[2022-09-28T16:03:57.633+0000] {processor.py:161} INFO - Processing /opt/airflow/dags/x_dag.py took 0.136 seconds
[2022-09-28T16:04:28.276+0000] {processor.py:153} INFO - Started process (PID=19214) to work on /opt/airflow/dags/x_dag.py
[2022-09-28T16:04:28.278+0000] {processor.py:640} INFO - Processing file /opt/airflow/dags/x_dag.py for tasks to queue
[2022-09-28T16:04:28.280+0000] {logging_mixin.py:115} INFO - [2022-09-28T16:04:28.279+0000] {dagbag.py:508} INFO - Filling up the DagBag from /opt/airflow/dags/x_dag.py
[2022-09-28T16:04:28.328+0000] {processor.py:650} INFO - DAG(s) dict_keys(['pg_extract']) retrieved from /opt/airflow/dags/x_dag.py
[2022-09-28T16:04:28.365+0000] {logging_mixin.py:115} INFO - [2022-09-28T16:04:28.365+0000] {dag.py:2429} INFO - Sync 1 DAGs
[2022-09-28T16:04:28.400+0000] {logging_mixin.py:115} INFO - [2022-09-28T16:04:28.400+0000] {dag.py:2981} INFO - Setting next_dagrun for pg_extract to 2022-09-28T14:21:30.391338+00:00, run_after=2022-09-29T14:21:30.391338+00:00
[2022-09-28T16:04:28.418+0000] {processor.py:161} INFO - Processing /opt/airflow/dags/x_dag.py took 0.149 seconds
[2022-09-28T16:04:59.253+0000] {processor.py:153} INFO - Started process (PID=19259) to work on /opt/airflow/dags/x_dag.py
[2022-09-28T16:04:59.257+0000] {processor.py:640} INFO - Processing file /opt/airflow/dags/x_dag.py for tasks to queue
[2022-09-28T16:04:59.262+0000] {logging_mixin.py:115} INFO - [2022-09-28T16:04:59.262+0000] {dagbag.py:508} INFO - Filling up the DagBag from /opt/airflow/dags/x_dag.py
[2022-09-28T16:04:59.339+0000] {processor.py:650} INFO - DAG(s) dict_keys(['pg_extract']) retrieved from /opt/airflow/dags/x_dag.py
[2022-09-28T16:04:59.403+0000] {logging_mixin.py:115} INFO - [2022-09-28T16:04:59.402+0000] {dag.py:2429} INFO - Sync 1 DAGs
[2022-09-28T16:04:59.446+0000] {logging_mixin.py:115} INFO - [2022-09-28T16:04:59.446+0000] {dag.py:2981} INFO - Setting next_dagrun for pg_extract to 2022-09-28T14:21:30.391338+00:00, run_after=2022-09-29T14:21:30.391338+00:00
[2022-09-28T16:04:59.465+0000] {processor.py:161} INFO - Processing /opt/airflow/dags/x_dag.py took 0.219 seconds
[2022-09-28T16:05:30.081+0000] {processor.py:153} INFO - Started process (PID=19294) to work on /opt/airflow/dags/x_dag.py
[2022-09-28T16:05:30.082+0000] {processor.py:640} INFO - Processing file /opt/airflow/dags/x_dag.py for tasks to queue
[2022-09-28T16:05:30.084+0000] {logging_mixin.py:115} INFO - [2022-09-28T16:05:30.084+0000] {dagbag.py:508} INFO - Filling up the DagBag from /opt/airflow/dags/x_dag.py
[2022-09-28T16:05:30.129+0000] {processor.py:650} INFO - DAG(s) dict_keys(['pg_extract']) retrieved from /opt/airflow/dags/x_dag.py
[2022-09-28T16:05:30.165+0000] {logging_mixin.py:115} INFO - [2022-09-28T16:05:30.165+0000] {dag.py:2429} INFO - Sync 1 DAGs
[2022-09-28T16:05:30.202+0000] {logging_mixin.py:115} INFO - [2022-09-28T16:05:30.202+0000] {dag.py:2981} INFO - Setting next_dagrun for pg_extract to 2022-09-28T14:21:30.391338+00:00, run_after=2022-09-29T14:21:30.391338+00:00
[2022-09-28T16:05:30.220+0000] {processor.py:161} INFO - Processing /opt/airflow/dags/x_dag.py took 0.145 seconds
[2022-09-28T16:06:00.904+0000] {processor.py:153} INFO - Started process (PID=19340) to work on /opt/airflow/dags/x_dag.py
[2022-09-28T16:06:00.906+0000] {processor.py:640} INFO - Processing file /opt/airflow/dags/x_dag.py for tasks to queue
[2022-09-28T16:06:00.907+0000] {logging_mixin.py:115} INFO - [2022-09-28T16:06:00.907+0000] {dagbag.py:508} INFO - Filling up the DagBag from /opt/airflow/dags/x_dag.py
[2022-09-28T16:06:00.947+0000] {processor.py:650} INFO - DAG(s) dict_keys(['pg_extract']) retrieved from /opt/airflow/dags/x_dag.py
[2022-09-28T16:06:00.983+0000] {logging_mixin.py:115} INFO - [2022-09-28T16:06:00.983+0000] {dag.py:2429} INFO - Sync 1 DAGs
[2022-09-28T16:06:01.013+0000] {logging_mixin.py:115} INFO - [2022-09-28T16:06:01.013+0000] {dag.py:2981} INFO - Setting next_dagrun for pg_extract to 2022-09-28T14:21:30.391338+00:00, run_after=2022-09-29T14:21:30.391338+00:00
[2022-09-28T16:06:01.032+0000] {processor.py:161} INFO - Processing /opt/airflow/dags/x_dag.py took 0.134 seconds
[2022-09-28T16:06:31.703+0000] {processor.py:153} INFO - Started process (PID=19381) to work on /opt/airflow/dags/x_dag.py
[2022-09-28T16:06:31.705+0000] {processor.py:640} INFO - Processing file /opt/airflow/dags/x_dag.py for tasks to queue
[2022-09-28T16:06:31.707+0000] {logging_mixin.py:115} INFO - [2022-09-28T16:06:31.707+0000] {dagbag.py:508} INFO - Filling up the DagBag from /opt/airflow/dags/x_dag.py
[2022-09-28T16:06:31.758+0000] {processor.py:650} INFO - DAG(s) dict_keys(['pg_extract']) retrieved from /opt/airflow/dags/x_dag.py
[2022-09-28T16:06:31.795+0000] {logging_mixin.py:115} INFO - [2022-09-28T16:06:31.795+0000] {dag.py:2429} INFO - Sync 1 DAGs
[2022-09-28T16:06:31.828+0000] {logging_mixin.py:115} INFO - [2022-09-28T16:06:31.828+0000] {dag.py:2981} INFO - Setting next_dagrun for pg_extract to 2022-09-28T14:21:30.391338+00:00, run_after=2022-09-29T14:21:30.391338+00:00
[2022-09-28T16:06:31.845+0000] {processor.py:161} INFO - Processing /opt/airflow/dags/x_dag.py took 0.148 seconds
[2022-09-28T16:07:02.535+0000] {processor.py:153} INFO - Started process (PID=19419) to work on /opt/airflow/dags/x_dag.py
[2022-09-28T16:07:02.537+0000] {processor.py:640} INFO - Processing file /opt/airflow/dags/x_dag.py for tasks to queue
[2022-09-28T16:07:02.539+0000] {logging_mixin.py:115} INFO - [2022-09-28T16:07:02.539+0000] {dagbag.py:508} INFO - Filling up the DagBag from /opt/airflow/dags/x_dag.py
[2022-09-28T16:07:02.581+0000] {processor.py:650} INFO - DAG(s) dict_keys(['pg_extract']) retrieved from /opt/airflow/dags/x_dag.py
[2022-09-28T16:07:02.619+0000] {logging_mixin.py:115} INFO - [2022-09-28T16:07:02.618+0000] {dag.py:2429} INFO - Sync 1 DAGs
[2022-09-28T16:07:02.650+0000] {logging_mixin.py:115} INFO - [2022-09-28T16:07:02.650+0000] {dag.py:2981} INFO - Setting next_dagrun for pg_extract to 2022-09-28T14:21:30.391338+00:00, run_after=2022-09-29T14:21:30.391338+00:00
[2022-09-28T16:07:02.672+0000] {processor.py:161} INFO - Processing /opt/airflow/dags/x_dag.py took 0.142 seconds
[2022-09-28T16:07:33.288+0000] {processor.py:153} INFO - Started process (PID=19462) to work on /opt/airflow/dags/x_dag.py
[2022-09-28T16:07:33.290+0000] {processor.py:640} INFO - Processing file /opt/airflow/dags/x_dag.py for tasks to queue
[2022-09-28T16:07:33.292+0000] {logging_mixin.py:115} INFO - [2022-09-28T16:07:33.292+0000] {dagbag.py:508} INFO - Filling up the DagBag from /opt/airflow/dags/x_dag.py
[2022-09-28T16:07:33.337+0000] {processor.py:650} INFO - DAG(s) dict_keys(['pg_extract']) retrieved from /opt/airflow/dags/x_dag.py
[2022-09-28T16:07:33.373+0000] {logging_mixin.py:115} INFO - [2022-09-28T16:07:33.373+0000] {dag.py:2429} INFO - Sync 1 DAGs
[2022-09-28T16:07:33.406+0000] {logging_mixin.py:115} INFO - [2022-09-28T16:07:33.406+0000] {dag.py:2981} INFO - Setting next_dagrun for pg_extract to 2022-09-28T14:21:30.391338+00:00, run_after=2022-09-29T14:21:30.391338+00:00
[2022-09-28T16:07:33.425+0000] {processor.py:161} INFO - Processing /opt/airflow/dags/x_dag.py took 0.142 seconds
[2022-09-28T16:08:04.483+0000] {processor.py:153} INFO - Started process (PID=19498) to work on /opt/airflow/dags/x_dag.py
[2022-09-28T16:08:04.486+0000] {processor.py:640} INFO - Processing file /opt/airflow/dags/x_dag.py for tasks to queue
[2022-09-28T16:08:04.489+0000] {logging_mixin.py:115} INFO - [2022-09-28T16:08:04.488+0000] {dagbag.py:508} INFO - Filling up the DagBag from /opt/airflow/dags/x_dag.py
[2022-09-28T16:08:04.533+0000] {processor.py:650} INFO - DAG(s) dict_keys(['pg_extract']) retrieved from /opt/airflow/dags/x_dag.py
[2022-09-28T16:08:04.575+0000] {logging_mixin.py:115} INFO - [2022-09-28T16:08:04.574+0000] {dag.py:2429} INFO - Sync 1 DAGs
[2022-09-28T16:08:04.610+0000] {logging_mixin.py:115} INFO - [2022-09-28T16:08:04.610+0000] {dag.py:2981} INFO - Setting next_dagrun for pg_extract to 2022-09-28T14:21:30.391338+00:00, run_after=2022-09-29T14:21:30.391338+00:00
[2022-09-28T16:08:04.631+0000] {processor.py:161} INFO - Processing /opt/airflow/dags/x_dag.py took 0.154 seconds
[2022-09-28T16:08:35.326+0000] {processor.py:153} INFO - Started process (PID=19543) to work on /opt/airflow/dags/x_dag.py
[2022-09-28T16:08:35.327+0000] {processor.py:640} INFO - Processing file /opt/airflow/dags/x_dag.py for tasks to queue
[2022-09-28T16:08:35.330+0000] {logging_mixin.py:115} INFO - [2022-09-28T16:08:35.330+0000] {dagbag.py:508} INFO - Filling up the DagBag from /opt/airflow/dags/x_dag.py
[2022-09-28T16:08:35.376+0000] {processor.py:650} INFO - DAG(s) dict_keys(['pg_extract']) retrieved from /opt/airflow/dags/x_dag.py
[2022-09-28T16:08:35.410+0000] {logging_mixin.py:115} INFO - [2022-09-28T16:08:35.410+0000] {dag.py:2429} INFO - Sync 1 DAGs
[2022-09-28T16:08:35.440+0000] {logging_mixin.py:115} INFO - [2022-09-28T16:08:35.440+0000] {dag.py:2981} INFO - Setting next_dagrun for pg_extract to 2022-09-28T14:21:30.391338+00:00, run_after=2022-09-29T14:21:30.391338+00:00
[2022-09-28T16:08:35.464+0000] {processor.py:161} INFO - Processing /opt/airflow/dags/x_dag.py took 0.144 seconds
[2022-09-28T16:14:09.150+0000] {processor.py:153} INFO - Started process (PID=19579) to work on /opt/airflow/dags/x_dag.py
[2022-09-28T16:14:09.153+0000] {processor.py:640} INFO - Processing file /opt/airflow/dags/x_dag.py for tasks to queue
[2022-09-28T16:14:09.156+0000] {logging_mixin.py:115} INFO - [2022-09-28T16:14:09.156+0000] {dagbag.py:508} INFO - Filling up the DagBag from /opt/airflow/dags/x_dag.py
[2022-09-28T16:14:09.264+0000] {processor.py:650} INFO - DAG(s) dict_keys(['pg_extract']) retrieved from /opt/airflow/dags/x_dag.py
[2022-09-28T16:14:09.343+0000] {logging_mixin.py:115} INFO - [2022-09-28T16:14:09.342+0000] {dag.py:2429} INFO - Sync 1 DAGs
[2022-09-28T16:14:09.409+0000] {logging_mixin.py:115} INFO - [2022-09-28T16:14:09.409+0000] {dag.py:2981} INFO - Setting next_dagrun for pg_extract to 2022-09-28T14:21:30.391338+00:00, run_after=2022-09-29T14:21:30.391338+00:00
[2022-09-28T16:14:09.445+0000] {processor.py:161} INFO - Processing /opt/airflow/dags/x_dag.py took 0.315 seconds
[2022-09-28T16:14:40.007+0000] {processor.py:153} INFO - Started process (PID=19615) to work on /opt/airflow/dags/x_dag.py
[2022-09-28T16:14:40.009+0000] {processor.py:640} INFO - Processing file /opt/airflow/dags/x_dag.py for tasks to queue
[2022-09-28T16:14:40.010+0000] {logging_mixin.py:115} INFO - [2022-09-28T16:14:40.010+0000] {dagbag.py:508} INFO - Filling up the DagBag from /opt/airflow/dags/x_dag.py
[2022-09-28T16:14:40.060+0000] {processor.py:650} INFO - DAG(s) dict_keys(['pg_extract']) retrieved from /opt/airflow/dags/x_dag.py
[2022-09-28T16:14:40.097+0000] {logging_mixin.py:115} INFO - [2022-09-28T16:14:40.097+0000] {dag.py:2429} INFO - Sync 1 DAGs
[2022-09-28T16:14:40.128+0000] {logging_mixin.py:115} INFO - [2022-09-28T16:14:40.128+0000] {dag.py:2981} INFO - Setting next_dagrun for pg_extract to 2022-09-28T14:21:30.391338+00:00, run_after=2022-09-29T14:21:30.391338+00:00
[2022-09-28T16:14:40.148+0000] {processor.py:161} INFO - Processing /opt/airflow/dags/x_dag.py took 0.147 seconds
[2022-09-28T16:15:10.769+0000] {processor.py:153} INFO - Started process (PID=19657) to work on /opt/airflow/dags/x_dag.py
[2022-09-28T16:15:10.773+0000] {processor.py:640} INFO - Processing file /opt/airflow/dags/x_dag.py for tasks to queue
[2022-09-28T16:15:10.775+0000] {logging_mixin.py:115} INFO - [2022-09-28T16:15:10.775+0000] {dagbag.py:508} INFO - Filling up the DagBag from /opt/airflow/dags/x_dag.py
[2022-09-28T16:15:10.817+0000] {processor.py:650} INFO - DAG(s) dict_keys(['pg_extract']) retrieved from /opt/airflow/dags/x_dag.py
[2022-09-28T16:15:10.853+0000] {logging_mixin.py:115} INFO - [2022-09-28T16:15:10.853+0000] {dag.py:2429} INFO - Sync 1 DAGs
[2022-09-28T16:15:10.885+0000] {logging_mixin.py:115} INFO - [2022-09-28T16:15:10.885+0000] {dag.py:2981} INFO - Setting next_dagrun for pg_extract to 2022-09-28T14:21:30.391338+00:00, run_after=2022-09-29T14:21:30.391338+00:00
[2022-09-28T16:15:10.905+0000] {processor.py:161} INFO - Processing /opt/airflow/dags/x_dag.py took 0.145 seconds
[2022-09-28T16:15:41.653+0000] {processor.py:153} INFO - Started process (PID=19701) to work on /opt/airflow/dags/x_dag.py
[2022-09-28T16:15:41.655+0000] {processor.py:640} INFO - Processing file /opt/airflow/dags/x_dag.py for tasks to queue
[2022-09-28T16:15:41.657+0000] {logging_mixin.py:115} INFO - [2022-09-28T16:15:41.657+0000] {dagbag.py:508} INFO - Filling up the DagBag from /opt/airflow/dags/x_dag.py
[2022-09-28T16:15:41.698+0000] {processor.py:650} INFO - DAG(s) dict_keys(['pg_extract']) retrieved from /opt/airflow/dags/x_dag.py
[2022-09-28T16:15:41.733+0000] {logging_mixin.py:115} INFO - [2022-09-28T16:15:41.733+0000] {dag.py:2429} INFO - Sync 1 DAGs
[2022-09-28T16:15:41.763+0000] {logging_mixin.py:115} INFO - [2022-09-28T16:15:41.763+0000] {dag.py:2981} INFO - Setting next_dagrun for pg_extract to 2022-09-28T14:21:30.391338+00:00, run_after=2022-09-29T14:21:30.391338+00:00
[2022-09-28T16:15:41.785+0000] {processor.py:161} INFO - Processing /opt/airflow/dags/x_dag.py took 0.137 seconds
[2022-09-28T16:16:12.512+0000] {processor.py:153} INFO - Started process (PID=19736) to work on /opt/airflow/dags/x_dag.py
[2022-09-28T16:16:12.517+0000] {processor.py:640} INFO - Processing file /opt/airflow/dags/x_dag.py for tasks to queue
[2022-09-28T16:16:12.520+0000] {logging_mixin.py:115} INFO - [2022-09-28T16:16:12.520+0000] {dagbag.py:508} INFO - Filling up the DagBag from /opt/airflow/dags/x_dag.py
[2022-09-28T16:16:12.566+0000] {processor.py:650} INFO - DAG(s) dict_keys(['pg_extract']) retrieved from /opt/airflow/dags/x_dag.py
[2022-09-28T16:16:12.607+0000] {logging_mixin.py:115} INFO - [2022-09-28T16:16:12.607+0000] {dag.py:2429} INFO - Sync 1 DAGs
[2022-09-28T16:16:12.642+0000] {logging_mixin.py:115} INFO - [2022-09-28T16:16:12.642+0000] {dag.py:2981} INFO - Setting next_dagrun for pg_extract to 2022-09-28T14:21:30.391338+00:00, run_after=2022-09-29T14:21:30.391338+00:00
[2022-09-28T16:16:12.663+0000] {processor.py:161} INFO - Processing /opt/airflow/dags/x_dag.py took 0.159 seconds
[2022-09-28T16:16:43.314+0000] {processor.py:153} INFO - Started process (PID=19782) to work on /opt/airflow/dags/x_dag.py
[2022-09-28T16:16:43.315+0000] {processor.py:640} INFO - Processing file /opt/airflow/dags/x_dag.py for tasks to queue
[2022-09-28T16:16:43.317+0000] {logging_mixin.py:115} INFO - [2022-09-28T16:16:43.317+0000] {dagbag.py:508} INFO - Filling up the DagBag from /opt/airflow/dags/x_dag.py
[2022-09-28T16:16:43.355+0000] {processor.py:650} INFO - DAG(s) dict_keys(['pg_extract']) retrieved from /opt/airflow/dags/x_dag.py
[2022-09-28T16:16:43.388+0000] {logging_mixin.py:115} INFO - [2022-09-28T16:16:43.388+0000] {dag.py:2429} INFO - Sync 1 DAGs
[2022-09-28T16:16:43.417+0000] {logging_mixin.py:115} INFO - [2022-09-28T16:16:43.417+0000] {dag.py:2981} INFO - Setting next_dagrun for pg_extract to 2022-09-28T14:21:30.391338+00:00, run_after=2022-09-29T14:21:30.391338+00:00
[2022-09-28T16:16:43.436+0000] {processor.py:161} INFO - Processing /opt/airflow/dags/x_dag.py took 0.128 seconds
[2022-09-28T16:17:14.443+0000] {processor.py:153} INFO - Started process (PID=19822) to work on /opt/airflow/dags/x_dag.py
[2022-09-28T16:17:14.447+0000] {processor.py:640} INFO - Processing file /opt/airflow/dags/x_dag.py for tasks to queue
[2022-09-28T16:17:14.451+0000] {logging_mixin.py:115} INFO - [2022-09-28T16:17:14.450+0000] {dagbag.py:508} INFO - Filling up the DagBag from /opt/airflow/dags/x_dag.py
[2022-09-28T16:17:14.545+0000] {processor.py:650} INFO - DAG(s) dict_keys(['pg_extract']) retrieved from /opt/airflow/dags/x_dag.py
[2022-09-28T16:17:14.617+0000] {logging_mixin.py:115} INFO - [2022-09-28T16:17:14.617+0000] {dag.py:2429} INFO - Sync 1 DAGs
[2022-09-28T16:17:14.680+0000] {logging_mixin.py:115} INFO - [2022-09-28T16:17:14.680+0000] {dag.py:2981} INFO - Setting next_dagrun for pg_extract to 2022-09-28T14:21:30.391338+00:00, run_after=2022-09-29T14:21:30.391338+00:00
[2022-09-28T16:17:14.703+0000] {processor.py:161} INFO - Processing /opt/airflow/dags/x_dag.py took 0.269 seconds
[2022-09-28T16:17:45.483+0000] {processor.py:153} INFO - Started process (PID=19861) to work on /opt/airflow/dags/x_dag.py
[2022-09-28T16:17:45.486+0000] {processor.py:640} INFO - Processing file /opt/airflow/dags/x_dag.py for tasks to queue
[2022-09-28T16:17:45.493+0000] {logging_mixin.py:115} INFO - [2022-09-28T16:17:45.492+0000] {dagbag.py:508} INFO - Filling up the DagBag from /opt/airflow/dags/x_dag.py
[2022-09-28T16:17:45.584+0000] {processor.py:650} INFO - DAG(s) dict_keys(['pg_extract']) retrieved from /opt/airflow/dags/x_dag.py
[2022-09-28T16:17:45.632+0000] {logging_mixin.py:115} INFO - [2022-09-28T16:17:45.632+0000] {dag.py:2429} INFO - Sync 1 DAGs
[2022-09-28T16:17:45.673+0000] {logging_mixin.py:115} INFO - [2022-09-28T16:17:45.673+0000] {dag.py:2981} INFO - Setting next_dagrun for pg_extract to 2022-09-28T14:21:30.391338+00:00, run_after=2022-09-29T14:21:30.391338+00:00
[2022-09-28T16:17:45.695+0000] {processor.py:161} INFO - Processing /opt/airflow/dags/x_dag.py took 0.218 seconds
[2022-09-28T16:18:16.258+0000] {processor.py:153} INFO - Started process (PID=19895) to work on /opt/airflow/dags/x_dag.py
[2022-09-28T16:18:16.260+0000] {processor.py:640} INFO - Processing file /opt/airflow/dags/x_dag.py for tasks to queue
[2022-09-28T16:18:16.261+0000] {logging_mixin.py:115} INFO - [2022-09-28T16:18:16.261+0000] {dagbag.py:508} INFO - Filling up the DagBag from /opt/airflow/dags/x_dag.py
[2022-09-28T16:18:16.327+0000] {processor.py:650} INFO - DAG(s) dict_keys(['pg_extract']) retrieved from /opt/airflow/dags/x_dag.py
[2022-09-28T16:18:16.370+0000] {logging_mixin.py:115} INFO - [2022-09-28T16:18:16.370+0000] {dag.py:2429} INFO - Sync 1 DAGs
[2022-09-28T16:18:16.405+0000] {logging_mixin.py:115} INFO - [2022-09-28T16:18:16.405+0000] {dag.py:2981} INFO - Setting next_dagrun for pg_extract to 2022-09-28T14:21:30.391338+00:00, run_after=2022-09-29T14:21:30.391338+00:00
[2022-09-28T16:18:16.422+0000] {processor.py:161} INFO - Processing /opt/airflow/dags/x_dag.py took 0.169 seconds
[2022-09-28T16:18:47.161+0000] {processor.py:153} INFO - Started process (PID=19941) to work on /opt/airflow/dags/x_dag.py
[2022-09-28T16:18:47.162+0000] {processor.py:640} INFO - Processing file /opt/airflow/dags/x_dag.py for tasks to queue
[2022-09-28T16:18:47.164+0000] {logging_mixin.py:115} INFO - [2022-09-28T16:18:47.164+0000] {dagbag.py:508} INFO - Filling up the DagBag from /opt/airflow/dags/x_dag.py
[2022-09-28T16:18:47.204+0000] {processor.py:650} INFO - DAG(s) dict_keys(['pg_extract']) retrieved from /opt/airflow/dags/x_dag.py
[2022-09-28T16:18:47.241+0000] {logging_mixin.py:115} INFO - [2022-09-28T16:18:47.240+0000] {dag.py:2429} INFO - Sync 1 DAGs
[2022-09-28T16:18:47.273+0000] {logging_mixin.py:115} INFO - [2022-09-28T16:18:47.272+0000] {dag.py:2981} INFO - Setting next_dagrun for pg_extract to 2022-09-28T14:21:30.391338+00:00, run_after=2022-09-29T14:21:30.391338+00:00
[2022-09-28T16:18:47.293+0000] {processor.py:161} INFO - Processing /opt/airflow/dags/x_dag.py took 0.137 seconds
[2022-09-28T16:19:18.061+0000] {processor.py:153} INFO - Started process (PID=19985) to work on /opt/airflow/dags/x_dag.py
[2022-09-28T16:19:18.063+0000] {processor.py:640} INFO - Processing file /opt/airflow/dags/x_dag.py for tasks to queue
[2022-09-28T16:19:18.066+0000] {logging_mixin.py:115} INFO - [2022-09-28T16:19:18.065+0000] {dagbag.py:508} INFO - Filling up the DagBag from /opt/airflow/dags/x_dag.py
[2022-09-28T16:19:18.107+0000] {processor.py:650} INFO - DAG(s) dict_keys(['pg_extract']) retrieved from /opt/airflow/dags/x_dag.py
[2022-09-28T16:19:18.147+0000] {logging_mixin.py:115} INFO - [2022-09-28T16:19:18.147+0000] {dag.py:2429} INFO - Sync 1 DAGs
[2022-09-28T16:19:18.191+0000] {logging_mixin.py:115} INFO - [2022-09-28T16:19:18.191+0000] {dag.py:2981} INFO - Setting next_dagrun for pg_extract to 2022-09-28T14:21:30.391338+00:00, run_after=2022-09-29T14:21:30.391338+00:00
[2022-09-28T16:19:18.216+0000] {processor.py:161} INFO - Processing /opt/airflow/dags/x_dag.py took 0.163 seconds
[2022-09-28T16:19:48.956+0000] {processor.py:153} INFO - Started process (PID=20019) to work on /opt/airflow/dags/x_dag.py
[2022-09-28T16:19:48.958+0000] {processor.py:640} INFO - Processing file /opt/airflow/dags/x_dag.py for tasks to queue
[2022-09-28T16:19:48.962+0000] {logging_mixin.py:115} INFO - [2022-09-28T16:19:48.962+0000] {dagbag.py:508} INFO - Filling up the DagBag from /opt/airflow/dags/x_dag.py
[2022-09-28T16:19:49.009+0000] {processor.py:650} INFO - DAG(s) dict_keys(['pg_extract']) retrieved from /opt/airflow/dags/x_dag.py
[2022-09-28T16:19:49.050+0000] {logging_mixin.py:115} INFO - [2022-09-28T16:19:49.050+0000] {dag.py:2429} INFO - Sync 1 DAGs
[2022-09-28T16:19:49.083+0000] {logging_mixin.py:115} INFO - [2022-09-28T16:19:49.083+0000] {dag.py:2981} INFO - Setting next_dagrun for pg_extract to 2022-09-28T14:21:30.391338+00:00, run_after=2022-09-29T14:21:30.391338+00:00
[2022-09-28T16:19:49.108+0000] {processor.py:161} INFO - Processing /opt/airflow/dags/x_dag.py took 0.157 seconds
[2022-09-28T16:20:19.750+0000] {processor.py:153} INFO - Started process (PID=20064) to work on /opt/airflow/dags/x_dag.py
[2022-09-28T16:20:19.752+0000] {processor.py:640} INFO - Processing file /opt/airflow/dags/x_dag.py for tasks to queue
[2022-09-28T16:20:19.754+0000] {logging_mixin.py:115} INFO - [2022-09-28T16:20:19.754+0000] {dagbag.py:508} INFO - Filling up the DagBag from /opt/airflow/dags/x_dag.py
[2022-09-28T16:20:19.795+0000] {processor.py:650} INFO - DAG(s) dict_keys(['pg_extract']) retrieved from /opt/airflow/dags/x_dag.py
[2022-09-28T16:20:19.828+0000] {logging_mixin.py:115} INFO - [2022-09-28T16:20:19.827+0000] {dag.py:2429} INFO - Sync 1 DAGs
[2022-09-28T16:20:19.856+0000] {logging_mixin.py:115} INFO - [2022-09-28T16:20:19.856+0000] {dag.py:2981} INFO - Setting next_dagrun for pg_extract to 2022-09-28T14:21:30.391338+00:00, run_after=2022-09-29T14:21:30.391338+00:00
[2022-09-28T16:20:19.870+0000] {processor.py:161} INFO - Processing /opt/airflow/dags/x_dag.py took 0.125 seconds
[2022-09-28T16:20:50.546+0000] {processor.py:153} INFO - Started process (PID=20098) to work on /opt/airflow/dags/x_dag.py
[2022-09-28T16:20:50.548+0000] {processor.py:640} INFO - Processing file /opt/airflow/dags/x_dag.py for tasks to queue
[2022-09-28T16:20:50.550+0000] {logging_mixin.py:115} INFO - [2022-09-28T16:20:50.550+0000] {dagbag.py:508} INFO - Filling up the DagBag from /opt/airflow/dags/x_dag.py
[2022-09-28T16:20:50.602+0000] {processor.py:650} INFO - DAG(s) dict_keys(['pg_extract']) retrieved from /opt/airflow/dags/x_dag.py
[2022-09-28T16:20:50.642+0000] {logging_mixin.py:115} INFO - [2022-09-28T16:20:50.642+0000] {dag.py:2429} INFO - Sync 1 DAGs
[2022-09-28T16:20:50.676+0000] {logging_mixin.py:115} INFO - [2022-09-28T16:20:50.675+0000] {dag.py:2981} INFO - Setting next_dagrun for pg_extract to 2022-09-28T14:21:30.391338+00:00, run_after=2022-09-29T14:21:30.391338+00:00
[2022-09-28T16:20:50.697+0000] {processor.py:161} INFO - Processing /opt/airflow/dags/x_dag.py took 0.156 seconds
[2022-09-28T16:21:21.377+0000] {processor.py:153} INFO - Started process (PID=20143) to work on /opt/airflow/dags/x_dag.py
[2022-09-28T16:21:21.379+0000] {processor.py:640} INFO - Processing file /opt/airflow/dags/x_dag.py for tasks to queue
[2022-09-28T16:21:21.381+0000] {logging_mixin.py:115} INFO - [2022-09-28T16:21:21.381+0000] {dagbag.py:508} INFO - Filling up the DagBag from /opt/airflow/dags/x_dag.py
[2022-09-28T16:21:21.424+0000] {processor.py:650} INFO - DAG(s) dict_keys(['pg_extract']) retrieved from /opt/airflow/dags/x_dag.py
[2022-09-28T16:21:21.462+0000] {logging_mixin.py:115} INFO - [2022-09-28T16:21:21.461+0000] {dag.py:2429} INFO - Sync 1 DAGs
[2022-09-28T16:21:21.495+0000] {logging_mixin.py:115} INFO - [2022-09-28T16:21:21.495+0000] {dag.py:2981} INFO - Setting next_dagrun for pg_extract to 2022-09-28T14:21:30.391338+00:00, run_after=2022-09-29T14:21:30.391338+00:00
[2022-09-28T16:21:21.517+0000] {processor.py:161} INFO - Processing /opt/airflow/dags/x_dag.py took 0.145 seconds
[2022-09-28T16:21:52.227+0000] {processor.py:153} INFO - Started process (PID=20188) to work on /opt/airflow/dags/x_dag.py
[2022-09-28T16:21:52.229+0000] {processor.py:640} INFO - Processing file /opt/airflow/dags/x_dag.py for tasks to queue
[2022-09-28T16:21:52.231+0000] {logging_mixin.py:115} INFO - [2022-09-28T16:21:52.231+0000] {dagbag.py:508} INFO - Filling up the DagBag from /opt/airflow/dags/x_dag.py
[2022-09-28T16:21:52.277+0000] {processor.py:650} INFO - DAG(s) dict_keys(['pg_extract']) retrieved from /opt/airflow/dags/x_dag.py
[2022-09-28T16:21:52.321+0000] {logging_mixin.py:115} INFO - [2022-09-28T16:21:52.321+0000] {dag.py:2429} INFO - Sync 1 DAGs
[2022-09-28T16:21:52.357+0000] {logging_mixin.py:115} INFO - [2022-09-28T16:21:52.357+0000] {dag.py:2981} INFO - Setting next_dagrun for pg_extract to 2022-09-28T14:21:30.391338+00:00, run_after=2022-09-29T14:21:30.391338+00:00
[2022-09-28T16:21:52.398+0000] {processor.py:161} INFO - Processing /opt/airflow/dags/x_dag.py took 0.176 seconds
[2022-09-28T16:22:22.989+0000] {processor.py:153} INFO - Started process (PID=20223) to work on /opt/airflow/dags/x_dag.py
[2022-09-28T16:22:22.991+0000] {processor.py:640} INFO - Processing file /opt/airflow/dags/x_dag.py for tasks to queue
[2022-09-28T16:22:22.993+0000] {logging_mixin.py:115} INFO - [2022-09-28T16:22:22.993+0000] {dagbag.py:508} INFO - Filling up the DagBag from /opt/airflow/dags/x_dag.py
[2022-09-28T16:22:23.057+0000] {processor.py:650} INFO - DAG(s) dict_keys(['pg_extract']) retrieved from /opt/airflow/dags/x_dag.py
[2022-09-28T16:22:23.147+0000] {logging_mixin.py:115} INFO - [2022-09-28T16:22:23.146+0000] {dag.py:2429} INFO - Sync 1 DAGs
[2022-09-28T16:22:23.193+0000] {logging_mixin.py:115} INFO - [2022-09-28T16:22:23.193+0000] {dag.py:2981} INFO - Setting next_dagrun for pg_extract to 2022-09-28T14:21:30.391338+00:00, run_after=2022-09-29T14:21:30.391338+00:00
[2022-09-28T16:22:23.219+0000] {processor.py:161} INFO - Processing /opt/airflow/dags/x_dag.py took 0.235 seconds
[2022-09-28T16:22:53.863+0000] {processor.py:153} INFO - Started process (PID=20268) to work on /opt/airflow/dags/x_dag.py
[2022-09-28T16:22:53.867+0000] {processor.py:640} INFO - Processing file /opt/airflow/dags/x_dag.py for tasks to queue
[2022-09-28T16:22:53.871+0000] {logging_mixin.py:115} INFO - [2022-09-28T16:22:53.870+0000] {dagbag.py:508} INFO - Filling up the DagBag from /opt/airflow/dags/x_dag.py
[2022-09-28T16:22:53.945+0000] {processor.py:650} INFO - DAG(s) dict_keys(['pg_extract']) retrieved from /opt/airflow/dags/x_dag.py
[2022-09-28T16:22:54.004+0000] {logging_mixin.py:115} INFO - [2022-09-28T16:22:54.004+0000] {dag.py:2429} INFO - Sync 1 DAGs
[2022-09-28T16:22:54.046+0000] {logging_mixin.py:115} INFO - [2022-09-28T16:22:54.045+0000] {dag.py:2981} INFO - Setting next_dagrun for pg_extract to 2022-09-28T14:21:30.391338+00:00, run_after=2022-09-29T14:21:30.391338+00:00
[2022-09-28T16:22:54.063+0000] {processor.py:161} INFO - Processing /opt/airflow/dags/x_dag.py took 0.208 seconds
[2022-09-28T16:23:25.251+0000] {processor.py:153} INFO - Started process (PID=20303) to work on /opt/airflow/dags/x_dag.py
[2022-09-28T16:23:25.253+0000] {processor.py:640} INFO - Processing file /opt/airflow/dags/x_dag.py for tasks to queue
[2022-09-28T16:23:25.255+0000] {logging_mixin.py:115} INFO - [2022-09-28T16:23:25.255+0000] {dagbag.py:508} INFO - Filling up the DagBag from /opt/airflow/dags/x_dag.py
[2022-09-28T16:23:25.298+0000] {processor.py:650} INFO - DAG(s) dict_keys(['pg_extract']) retrieved from /opt/airflow/dags/x_dag.py
[2022-09-28T16:23:25.336+0000] {logging_mixin.py:115} INFO - [2022-09-28T16:23:25.336+0000] {dag.py:2429} INFO - Sync 1 DAGs
[2022-09-28T16:23:25.375+0000] {logging_mixin.py:115} INFO - [2022-09-28T16:23:25.375+0000] {dag.py:2981} INFO - Setting next_dagrun for pg_extract to 2022-09-28T14:21:30.391338+00:00, run_after=2022-09-29T14:21:30.391338+00:00
[2022-09-28T16:23:25.396+0000] {processor.py:161} INFO - Processing /opt/airflow/dags/x_dag.py took 0.150 seconds
[2022-09-28T16:23:56.491+0000] {processor.py:153} INFO - Started process (PID=20338) to work on /opt/airflow/dags/x_dag.py
[2022-09-28T16:23:56.495+0000] {processor.py:640} INFO - Processing file /opt/airflow/dags/x_dag.py for tasks to queue
[2022-09-28T16:23:56.497+0000] {logging_mixin.py:115} INFO - [2022-09-28T16:23:56.496+0000] {dagbag.py:508} INFO - Filling up the DagBag from /opt/airflow/dags/x_dag.py
[2022-09-28T16:23:56.539+0000] {processor.py:650} INFO - DAG(s) dict_keys(['pg_extract']) retrieved from /opt/airflow/dags/x_dag.py
[2022-09-28T16:23:56.576+0000] {logging_mixin.py:115} INFO - [2022-09-28T16:23:56.576+0000] {dag.py:2429} INFO - Sync 1 DAGs
[2022-09-28T16:23:56.608+0000] {logging_mixin.py:115} INFO - [2022-09-28T16:23:56.608+0000] {dag.py:2981} INFO - Setting next_dagrun for pg_extract to 2022-09-28T14:21:30.391338+00:00, run_after=2022-09-29T14:21:30.391338+00:00
[2022-09-28T16:23:56.628+0000] {processor.py:161} INFO - Processing /opt/airflow/dags/x_dag.py took 0.142 seconds
[2022-09-28T16:24:27.401+0000] {processor.py:153} INFO - Started process (PID=20382) to work on /opt/airflow/dags/x_dag.py
[2022-09-28T16:24:27.403+0000] {processor.py:640} INFO - Processing file /opt/airflow/dags/x_dag.py for tasks to queue
[2022-09-28T16:24:27.405+0000] {logging_mixin.py:115} INFO - [2022-09-28T16:24:27.405+0000] {dagbag.py:508} INFO - Filling up the DagBag from /opt/airflow/dags/x_dag.py
[2022-09-28T16:24:27.448+0000] {processor.py:650} INFO - DAG(s) dict_keys(['pg_extract']) retrieved from /opt/airflow/dags/x_dag.py
[2022-09-28T16:24:27.484+0000] {logging_mixin.py:115} INFO - [2022-09-28T16:24:27.484+0000] {dag.py:2429} INFO - Sync 1 DAGs
[2022-09-28T16:24:27.519+0000] {logging_mixin.py:115} INFO - [2022-09-28T16:24:27.518+0000] {dag.py:2981} INFO - Setting next_dagrun for pg_extract to 2022-09-28T14:21:30.391338+00:00, run_after=2022-09-29T14:21:30.391338+00:00
[2022-09-28T16:24:27.537+0000] {processor.py:161} INFO - Processing /opt/airflow/dags/x_dag.py took 0.142 seconds
[2022-09-28T16:24:58.485+0000] {processor.py:153} INFO - Started process (PID=20420) to work on /opt/airflow/dags/x_dag.py
[2022-09-28T16:24:58.490+0000] {processor.py:640} INFO - Processing file /opt/airflow/dags/x_dag.py for tasks to queue
[2022-09-28T16:24:58.499+0000] {logging_mixin.py:115} INFO - [2022-09-28T16:24:58.499+0000] {dagbag.py:508} INFO - Filling up the DagBag from /opt/airflow/dags/x_dag.py
[2022-09-28T16:24:58.553+0000] {processor.py:650} INFO - DAG(s) dict_keys(['pg_extract']) retrieved from /opt/airflow/dags/x_dag.py
[2022-09-28T16:24:58.598+0000] {logging_mixin.py:115} INFO - [2022-09-28T16:24:58.598+0000] {dag.py:2429} INFO - Sync 1 DAGs
[2022-09-28T16:24:58.641+0000] {logging_mixin.py:115} INFO - [2022-09-28T16:24:58.641+0000] {dag.py:2981} INFO - Setting next_dagrun for pg_extract to 2022-09-28T14:21:30.391338+00:00, run_after=2022-09-29T14:21:30.391338+00:00
[2022-09-28T16:24:58.658+0000] {processor.py:161} INFO - Processing /opt/airflow/dags/x_dag.py took 0.180 seconds
[2022-09-28T16:25:29.306+0000] {processor.py:153} INFO - Started process (PID=20466) to work on /opt/airflow/dags/x_dag.py
[2022-09-28T16:25:29.307+0000] {processor.py:640} INFO - Processing file /opt/airflow/dags/x_dag.py for tasks to queue
[2022-09-28T16:25:29.309+0000] {logging_mixin.py:115} INFO - [2022-09-28T16:25:29.309+0000] {dagbag.py:508} INFO - Filling up the DagBag from /opt/airflow/dags/x_dag.py
[2022-09-28T16:25:29.352+0000] {processor.py:650} INFO - DAG(s) dict_keys(['pg_extract']) retrieved from /opt/airflow/dags/x_dag.py
[2022-09-28T16:25:29.391+0000] {logging_mixin.py:115} INFO - [2022-09-28T16:25:29.391+0000] {dag.py:2429} INFO - Sync 1 DAGs
[2022-09-28T16:25:29.431+0000] {logging_mixin.py:115} INFO - [2022-09-28T16:25:29.430+0000] {dag.py:2981} INFO - Setting next_dagrun for pg_extract to 2022-09-28T14:21:30.391338+00:00, run_after=2022-09-29T14:21:30.391338+00:00
[2022-09-28T16:25:29.446+0000] {processor.py:161} INFO - Processing /opt/airflow/dags/x_dag.py took 0.144 seconds
[2022-09-28T16:26:00.482+0000] {processor.py:153} INFO - Started process (PID=20509) to work on /opt/airflow/dags/x_dag.py
[2022-09-28T16:26:00.484+0000] {processor.py:640} INFO - Processing file /opt/airflow/dags/x_dag.py for tasks to queue
[2022-09-28T16:26:00.487+0000] {logging_mixin.py:115} INFO - [2022-09-28T16:26:00.487+0000] {dagbag.py:508} INFO - Filling up the DagBag from /opt/airflow/dags/x_dag.py
[2022-09-28T16:26:00.542+0000] {processor.py:650} INFO - DAG(s) dict_keys(['pg_extract']) retrieved from /opt/airflow/dags/x_dag.py
[2022-09-28T16:26:00.591+0000] {logging_mixin.py:115} INFO - [2022-09-28T16:26:00.590+0000] {dag.py:2429} INFO - Sync 1 DAGs
[2022-09-28T16:26:00.635+0000] {logging_mixin.py:115} INFO - [2022-09-28T16:26:00.635+0000] {dag.py:2981} INFO - Setting next_dagrun for pg_extract to 2022-09-28T14:21:30.391338+00:00, run_after=2022-09-29T14:21:30.391338+00:00
[2022-09-28T16:26:00.665+0000] {processor.py:161} INFO - Processing /opt/airflow/dags/x_dag.py took 0.190 seconds
[2022-09-28T16:26:31.308+0000] {processor.py:153} INFO - Started process (PID=20545) to work on /opt/airflow/dags/x_dag.py
[2022-09-28T16:26:31.309+0000] {processor.py:640} INFO - Processing file /opt/airflow/dags/x_dag.py for tasks to queue
[2022-09-28T16:26:31.311+0000] {logging_mixin.py:115} INFO - [2022-09-28T16:26:31.311+0000] {dagbag.py:508} INFO - Filling up the DagBag from /opt/airflow/dags/x_dag.py
[2022-09-28T16:26:31.354+0000] {processor.py:650} INFO - DAG(s) dict_keys(['pg_extract']) retrieved from /opt/airflow/dags/x_dag.py
[2022-09-28T16:26:31.391+0000] {logging_mixin.py:115} INFO - [2022-09-28T16:26:31.391+0000] {dag.py:2429} INFO - Sync 1 DAGs
[2022-09-28T16:26:31.426+0000] {logging_mixin.py:115} INFO - [2022-09-28T16:26:31.425+0000] {dag.py:2981} INFO - Setting next_dagrun for pg_extract to 2022-09-28T14:21:30.391338+00:00, run_after=2022-09-29T14:21:30.391338+00:00
[2022-09-28T16:26:31.450+0000] {processor.py:161} INFO - Processing /opt/airflow/dags/x_dag.py took 0.149 seconds
[2022-09-28T16:27:02.084+0000] {processor.py:153} INFO - Started process (PID=20588) to work on /opt/airflow/dags/x_dag.py
[2022-09-28T16:27:02.086+0000] {processor.py:640} INFO - Processing file /opt/airflow/dags/x_dag.py for tasks to queue
[2022-09-28T16:27:02.091+0000] {logging_mixin.py:115} INFO - [2022-09-28T16:27:02.091+0000] {dagbag.py:508} INFO - Filling up the DagBag from /opt/airflow/dags/x_dag.py
[2022-09-28T16:27:02.140+0000] {processor.py:650} INFO - DAG(s) dict_keys(['pg_extract']) retrieved from /opt/airflow/dags/x_dag.py
[2022-09-28T16:27:02.178+0000] {logging_mixin.py:115} INFO - [2022-09-28T16:27:02.178+0000] {dag.py:2429} INFO - Sync 1 DAGs
[2022-09-28T16:27:02.210+0000] {logging_mixin.py:115} INFO - [2022-09-28T16:27:02.210+0000] {dag.py:2981} INFO - Setting next_dagrun for pg_extract to 2022-09-28T14:21:30.391338+00:00, run_after=2022-09-29T14:21:30.391338+00:00
[2022-09-28T16:27:02.227+0000] {processor.py:161} INFO - Processing /opt/airflow/dags/x_dag.py took 0.150 seconds
[2022-09-28T16:27:32.938+0000] {processor.py:153} INFO - Started process (PID=20623) to work on /opt/airflow/dags/x_dag.py
[2022-09-28T16:27:32.941+0000] {processor.py:640} INFO - Processing file /opt/airflow/dags/x_dag.py for tasks to queue
[2022-09-28T16:27:32.943+0000] {logging_mixin.py:115} INFO - [2022-09-28T16:27:32.943+0000] {dagbag.py:508} INFO - Filling up the DagBag from /opt/airflow/dags/x_dag.py
[2022-09-28T16:27:32.987+0000] {processor.py:650} INFO - DAG(s) dict_keys(['pg_extract']) retrieved from /opt/airflow/dags/x_dag.py
[2022-09-28T16:27:33.023+0000] {logging_mixin.py:115} INFO - [2022-09-28T16:27:33.023+0000] {dag.py:2429} INFO - Sync 1 DAGs
[2022-09-28T16:27:33.056+0000] {logging_mixin.py:115} INFO - [2022-09-28T16:27:33.056+0000] {dag.py:2981} INFO - Setting next_dagrun for pg_extract to 2022-09-28T14:21:30.391338+00:00, run_after=2022-09-29T14:21:30.391338+00:00
[2022-09-28T16:27:33.073+0000] {processor.py:161} INFO - Processing /opt/airflow/dags/x_dag.py took 0.140 seconds
[2022-09-28T16:28:03.747+0000] {processor.py:153} INFO - Started process (PID=20669) to work on /opt/airflow/dags/x_dag.py
[2022-09-28T16:28:03.748+0000] {processor.py:640} INFO - Processing file /opt/airflow/dags/x_dag.py for tasks to queue
[2022-09-28T16:28:03.750+0000] {logging_mixin.py:115} INFO - [2022-09-28T16:28:03.750+0000] {dagbag.py:508} INFO - Filling up the DagBag from /opt/airflow/dags/x_dag.py
[2022-09-28T16:28:03.792+0000] {processor.py:650} INFO - DAG(s) dict_keys(['pg_extract']) retrieved from /opt/airflow/dags/x_dag.py
[2022-09-28T16:28:03.829+0000] {logging_mixin.py:115} INFO - [2022-09-28T16:28:03.829+0000] {dag.py:2429} INFO - Sync 1 DAGs
[2022-09-28T16:28:03.872+0000] {logging_mixin.py:115} INFO - [2022-09-28T16:28:03.872+0000] {dag.py:2981} INFO - Setting next_dagrun for pg_extract to 2022-09-28T14:21:30.391338+00:00, run_after=2022-09-29T14:21:30.391338+00:00
[2022-09-28T16:28:03.890+0000] {processor.py:161} INFO - Processing /opt/airflow/dags/x_dag.py took 0.149 seconds
[2022-09-28T16:28:34.689+0000] {processor.py:153} INFO - Started process (PID=20712) to work on /opt/airflow/dags/x_dag.py
[2022-09-28T16:28:34.692+0000] {processor.py:640} INFO - Processing file /opt/airflow/dags/x_dag.py for tasks to queue
[2022-09-28T16:28:34.694+0000] {logging_mixin.py:115} INFO - [2022-09-28T16:28:34.694+0000] {dagbag.py:508} INFO - Filling up the DagBag from /opt/airflow/dags/x_dag.py
[2022-09-28T16:28:34.745+0000] {processor.py:650} INFO - DAG(s) dict_keys(['pg_extract']) retrieved from /opt/airflow/dags/x_dag.py
[2022-09-28T16:28:34.782+0000] {logging_mixin.py:115} INFO - [2022-09-28T16:28:34.782+0000] {dag.py:2429} INFO - Sync 1 DAGs
[2022-09-28T16:28:34.816+0000] {logging_mixin.py:115} INFO - [2022-09-28T16:28:34.816+0000] {dag.py:2981} INFO - Setting next_dagrun for pg_extract to 2022-09-28T14:21:30.391338+00:00, run_after=2022-09-29T14:21:30.391338+00:00
[2022-09-28T16:28:34.837+0000] {processor.py:161} INFO - Processing /opt/airflow/dags/x_dag.py took 0.155 seconds
[2022-09-28T16:29:05.608+0000] {processor.py:153} INFO - Started process (PID=20748) to work on /opt/airflow/dags/x_dag.py
[2022-09-28T16:29:05.610+0000] {processor.py:640} INFO - Processing file /opt/airflow/dags/x_dag.py for tasks to queue
[2022-09-28T16:29:05.613+0000] {logging_mixin.py:115} INFO - [2022-09-28T16:29:05.613+0000] {dagbag.py:508} INFO - Filling up the DagBag from /opt/airflow/dags/x_dag.py
[2022-09-28T16:29:05.659+0000] {processor.py:650} INFO - DAG(s) dict_keys(['pg_extract']) retrieved from /opt/airflow/dags/x_dag.py
[2022-09-28T16:29:05.701+0000] {logging_mixin.py:115} INFO - [2022-09-28T16:29:05.701+0000] {dag.py:2429} INFO - Sync 1 DAGs
[2022-09-28T16:29:05.734+0000] {logging_mixin.py:115} INFO - [2022-09-28T16:29:05.733+0000] {dag.py:2981} INFO - Setting next_dagrun for pg_extract to 2022-09-28T14:21:30.391338+00:00, run_after=2022-09-29T14:21:30.391338+00:00
[2022-09-28T16:29:05.755+0000] {processor.py:161} INFO - Processing /opt/airflow/dags/x_dag.py took 0.153 seconds
[2022-09-28T16:29:36.500+0000] {processor.py:153} INFO - Started process (PID=20793) to work on /opt/airflow/dags/x_dag.py
[2022-09-28T16:29:36.502+0000] {processor.py:640} INFO - Processing file /opt/airflow/dags/x_dag.py for tasks to queue
[2022-09-28T16:29:36.505+0000] {logging_mixin.py:115} INFO - [2022-09-28T16:29:36.504+0000] {dagbag.py:508} INFO - Filling up the DagBag from /opt/airflow/dags/x_dag.py
[2022-09-28T16:29:36.547+0000] {processor.py:650} INFO - DAG(s) dict_keys(['pg_extract']) retrieved from /opt/airflow/dags/x_dag.py
[2022-09-28T16:29:36.587+0000] {logging_mixin.py:115} INFO - [2022-09-28T16:29:36.587+0000] {dag.py:2429} INFO - Sync 1 DAGs
[2022-09-28T16:29:36.620+0000] {logging_mixin.py:115} INFO - [2022-09-28T16:29:36.619+0000] {dag.py:2981} INFO - Setting next_dagrun for pg_extract to 2022-09-28T14:21:30.391338+00:00, run_after=2022-09-29T14:21:30.391338+00:00
[2022-09-28T16:29:36.640+0000] {processor.py:161} INFO - Processing /opt/airflow/dags/x_dag.py took 0.148 seconds
[2022-09-28T16:30:07.388+0000] {processor.py:153} INFO - Started process (PID=20829) to work on /opt/airflow/dags/x_dag.py
[2022-09-28T16:30:07.390+0000] {processor.py:640} INFO - Processing file /opt/airflow/dags/x_dag.py for tasks to queue
[2022-09-28T16:30:07.394+0000] {logging_mixin.py:115} INFO - [2022-09-28T16:30:07.394+0000] {dagbag.py:508} INFO - Filling up the DagBag from /opt/airflow/dags/x_dag.py
[2022-09-28T16:30:07.439+0000] {processor.py:650} INFO - DAG(s) dict_keys(['pg_extract']) retrieved from /opt/airflow/dags/x_dag.py
[2022-09-28T16:30:07.478+0000] {logging_mixin.py:115} INFO - [2022-09-28T16:30:07.478+0000] {dag.py:2429} INFO - Sync 1 DAGs
[2022-09-28T16:30:07.511+0000] {logging_mixin.py:115} INFO - [2022-09-28T16:30:07.511+0000] {dag.py:2981} INFO - Setting next_dagrun for pg_extract to 2022-09-28T14:21:30.391338+00:00, run_after=2022-09-29T14:21:30.391338+00:00
[2022-09-28T16:30:07.534+0000] {processor.py:161} INFO - Processing /opt/airflow/dags/x_dag.py took 0.152 seconds
[2022-09-28T16:30:38.195+0000] {processor.py:153} INFO - Started process (PID=20874) to work on /opt/airflow/dags/x_dag.py
[2022-09-28T16:30:38.200+0000] {processor.py:640} INFO - Processing file /opt/airflow/dags/x_dag.py for tasks to queue
[2022-09-28T16:30:38.204+0000] {logging_mixin.py:115} INFO - [2022-09-28T16:30:38.204+0000] {dagbag.py:508} INFO - Filling up the DagBag from /opt/airflow/dags/x_dag.py
[2022-09-28T16:30:38.260+0000] {processor.py:650} INFO - DAG(s) dict_keys(['pg_extract']) retrieved from /opt/airflow/dags/x_dag.py
[2022-09-28T16:30:38.300+0000] {logging_mixin.py:115} INFO - [2022-09-28T16:30:38.299+0000] {dag.py:2429} INFO - Sync 1 DAGs
[2022-09-28T16:30:38.331+0000] {logging_mixin.py:115} INFO - [2022-09-28T16:30:38.330+0000] {dag.py:2981} INFO - Setting next_dagrun for pg_extract to 2022-09-28T14:21:30.391338+00:00, run_after=2022-09-29T14:21:30.391338+00:00
[2022-09-28T16:30:38.352+0000] {processor.py:161} INFO - Processing /opt/airflow/dags/x_dag.py took 0.162 seconds
[2022-09-28T16:31:09.048+0000] {processor.py:153} INFO - Started process (PID=20920) to work on /opt/airflow/dags/x_dag.py
[2022-09-28T16:31:09.050+0000] {processor.py:640} INFO - Processing file /opt/airflow/dags/x_dag.py for tasks to queue
[2022-09-28T16:31:09.052+0000] {logging_mixin.py:115} INFO - [2022-09-28T16:31:09.052+0000] {dagbag.py:508} INFO - Filling up the DagBag from /opt/airflow/dags/x_dag.py
[2022-09-28T16:31:09.093+0000] {processor.py:650} INFO - DAG(s) dict_keys(['pg_extract']) retrieved from /opt/airflow/dags/x_dag.py
[2022-09-28T16:31:09.132+0000] {logging_mixin.py:115} INFO - [2022-09-28T16:31:09.132+0000] {dag.py:2429} INFO - Sync 1 DAGs
[2022-09-28T16:31:09.167+0000] {logging_mixin.py:115} INFO - [2022-09-28T16:31:09.166+0000] {dag.py:2981} INFO - Setting next_dagrun for pg_extract to 2022-09-28T14:21:30.391338+00:00, run_after=2022-09-29T14:21:30.391338+00:00
[2022-09-28T16:31:09.186+0000] {processor.py:161} INFO - Processing /opt/airflow/dags/x_dag.py took 0.144 seconds
[2022-09-28T16:31:39.827+0000] {processor.py:153} INFO - Started process (PID=20956) to work on /opt/airflow/dags/x_dag.py
[2022-09-28T16:31:39.829+0000] {processor.py:640} INFO - Processing file /opt/airflow/dags/x_dag.py for tasks to queue
[2022-09-28T16:31:39.831+0000] {logging_mixin.py:115} INFO - [2022-09-28T16:31:39.831+0000] {dagbag.py:508} INFO - Filling up the DagBag from /opt/airflow/dags/x_dag.py
[2022-09-28T16:31:39.871+0000] {processor.py:650} INFO - DAG(s) dict_keys(['pg_extract']) retrieved from /opt/airflow/dags/x_dag.py
[2022-09-28T16:31:39.907+0000] {logging_mixin.py:115} INFO - [2022-09-28T16:31:39.907+0000] {dag.py:2429} INFO - Sync 1 DAGs
[2022-09-28T16:31:39.939+0000] {logging_mixin.py:115} INFO - [2022-09-28T16:31:39.939+0000] {dag.py:2981} INFO - Setting next_dagrun for pg_extract to 2022-09-28T14:21:30.391338+00:00, run_after=2022-09-29T14:21:30.391338+00:00
[2022-09-28T16:31:39.959+0000] {processor.py:161} INFO - Processing /opt/airflow/dags/x_dag.py took 0.138 seconds
[2022-09-28T16:32:10.619+0000] {processor.py:153} INFO - Started process (PID=21000) to work on /opt/airflow/dags/x_dag.py
[2022-09-28T16:32:10.621+0000] {processor.py:640} INFO - Processing file /opt/airflow/dags/x_dag.py for tasks to queue
[2022-09-28T16:32:10.623+0000] {logging_mixin.py:115} INFO - [2022-09-28T16:32:10.623+0000] {dagbag.py:508} INFO - Filling up the DagBag from /opt/airflow/dags/x_dag.py
[2022-09-28T16:32:10.663+0000] {processor.py:650} INFO - DAG(s) dict_keys(['pg_extract']) retrieved from /opt/airflow/dags/x_dag.py
[2022-09-28T16:32:10.701+0000] {logging_mixin.py:115} INFO - [2022-09-28T16:32:10.700+0000] {dag.py:2429} INFO - Sync 1 DAGs
[2022-09-28T16:32:10.733+0000] {logging_mixin.py:115} INFO - [2022-09-28T16:32:10.733+0000] {dag.py:2981} INFO - Setting next_dagrun for pg_extract to 2022-09-28T14:21:30.391338+00:00, run_after=2022-09-29T14:21:30.391338+00:00
[2022-09-28T16:32:10.758+0000] {processor.py:161} INFO - Processing /opt/airflow/dags/x_dag.py took 0.144 seconds
[2022-09-28T16:32:41.436+0000] {processor.py:153} INFO - Started process (PID=21034) to work on /opt/airflow/dags/x_dag.py
[2022-09-28T16:32:41.439+0000] {processor.py:640} INFO - Processing file /opt/airflow/dags/x_dag.py for tasks to queue
[2022-09-28T16:32:41.443+0000] {logging_mixin.py:115} INFO - [2022-09-28T16:32:41.443+0000] {dagbag.py:508} INFO - Filling up the DagBag from /opt/airflow/dags/x_dag.py
[2022-09-28T16:32:41.513+0000] {processor.py:650} INFO - DAG(s) dict_keys(['pg_extract']) retrieved from /opt/airflow/dags/x_dag.py
[2022-09-28T16:32:41.556+0000] {logging_mixin.py:115} INFO - [2022-09-28T16:32:41.556+0000] {dag.py:2429} INFO - Sync 1 DAGs
[2022-09-28T16:32:41.590+0000] {logging_mixin.py:115} INFO - [2022-09-28T16:32:41.589+0000] {dag.py:2981} INFO - Setting next_dagrun for pg_extract to 2022-09-28T14:21:30.391338+00:00, run_after=2022-09-29T14:21:30.391338+00:00
[2022-09-28T16:32:41.607+0000] {processor.py:161} INFO - Processing /opt/airflow/dags/x_dag.py took 0.182 seconds
[2022-09-28T16:33:12.246+0000] {processor.py:153} INFO - Started process (PID=21078) to work on /opt/airflow/dags/x_dag.py
[2022-09-28T16:33:12.248+0000] {processor.py:640} INFO - Processing file /opt/airflow/dags/x_dag.py for tasks to queue
[2022-09-28T16:33:12.249+0000] {logging_mixin.py:115} INFO - [2022-09-28T16:33:12.249+0000] {dagbag.py:508} INFO - Filling up the DagBag from /opt/airflow/dags/x_dag.py
[2022-09-28T16:33:12.298+0000] {processor.py:650} INFO - DAG(s) dict_keys(['pg_extract']) retrieved from /opt/airflow/dags/x_dag.py
[2022-09-28T16:33:12.337+0000] {logging_mixin.py:115} INFO - [2022-09-28T16:33:12.337+0000] {dag.py:2429} INFO - Sync 1 DAGs
[2022-09-28T16:33:12.375+0000] {logging_mixin.py:115} INFO - [2022-09-28T16:33:12.375+0000] {dag.py:2981} INFO - Setting next_dagrun for pg_extract to 2022-09-28T14:21:30.391338+00:00, run_after=2022-09-29T14:21:30.391338+00:00
[2022-09-28T16:33:12.389+0000] {processor.py:161} INFO - Processing /opt/airflow/dags/x_dag.py took 0.148 seconds
[2022-09-28T16:55:48.373+0000] {processor.py:153} INFO - Started process (PID=21106) to work on /opt/airflow/dags/x_dag.py
[2022-09-28T16:55:48.381+0000] {processor.py:640} INFO - Processing file /opt/airflow/dags/x_dag.py for tasks to queue
[2022-09-28T16:55:48.384+0000] {logging_mixin.py:115} INFO - [2022-09-28T16:55:48.384+0000] {dagbag.py:508} INFO - Filling up the DagBag from /opt/airflow/dags/x_dag.py
[2022-09-28T16:55:48.447+0000] {processor.py:650} INFO - DAG(s) dict_keys(['pg_extract']) retrieved from /opt/airflow/dags/x_dag.py
[2022-09-28T16:55:48.495+0000] {logging_mixin.py:115} INFO - [2022-09-28T16:55:48.494+0000] {dag.py:2429} INFO - Sync 1 DAGs
[2022-09-28T16:55:48.554+0000] {logging_mixin.py:115} INFO - [2022-09-28T16:55:48.554+0000] {dag.py:2981} INFO - Setting next_dagrun for pg_extract to 2022-09-28T14:21:30.391338+00:00, run_after=2022-09-29T14:21:30.391338+00:00
[2022-09-28T16:55:48.575+0000] {processor.py:161} INFO - Processing /opt/airflow/dags/x_dag.py took 0.209 seconds
[2022-09-28T16:56:19.116+0000] {processor.py:153} INFO - Started process (PID=21144) to work on /opt/airflow/dags/x_dag.py
[2022-09-28T16:56:19.118+0000] {processor.py:640} INFO - Processing file /opt/airflow/dags/x_dag.py for tasks to queue
[2022-09-28T16:56:19.120+0000] {logging_mixin.py:115} INFO - [2022-09-28T16:56:19.119+0000] {dagbag.py:508} INFO - Filling up the DagBag from /opt/airflow/dags/x_dag.py
[2022-09-28T16:56:19.161+0000] {processor.py:650} INFO - DAG(s) dict_keys(['pg_extract']) retrieved from /opt/airflow/dags/x_dag.py
[2022-09-28T16:56:19.198+0000] {logging_mixin.py:115} INFO - [2022-09-28T16:56:19.198+0000] {dag.py:2429} INFO - Sync 1 DAGs
[2022-09-28T16:56:19.236+0000] {logging_mixin.py:115} INFO - [2022-09-28T16:56:19.236+0000] {dag.py:2981} INFO - Setting next_dagrun for pg_extract to 2022-09-28T14:21:30.391338+00:00, run_after=2022-09-29T14:21:30.391338+00:00
[2022-09-28T16:56:19.258+0000] {processor.py:161} INFO - Processing /opt/airflow/dags/x_dag.py took 0.146 seconds
[2022-09-28T16:56:49.894+0000] {processor.py:153} INFO - Started process (PID=21186) to work on /opt/airflow/dags/x_dag.py
[2022-09-28T16:56:49.896+0000] {processor.py:640} INFO - Processing file /opt/airflow/dags/x_dag.py for tasks to queue
[2022-09-28T16:56:49.898+0000] {logging_mixin.py:115} INFO - [2022-09-28T16:56:49.898+0000] {dagbag.py:508} INFO - Filling up the DagBag from /opt/airflow/dags/x_dag.py
[2022-09-28T16:56:49.936+0000] {processor.py:650} INFO - DAG(s) dict_keys(['pg_extract']) retrieved from /opt/airflow/dags/x_dag.py
[2022-09-28T16:56:49.970+0000] {logging_mixin.py:115} INFO - [2022-09-28T16:56:49.969+0000] {dag.py:2429} INFO - Sync 1 DAGs
[2022-09-28T16:56:49.999+0000] {logging_mixin.py:115} INFO - [2022-09-28T16:56:49.999+0000] {dag.py:2981} INFO - Setting next_dagrun for pg_extract to 2022-09-28T14:21:30.391338+00:00, run_after=2022-09-29T14:21:30.391338+00:00
[2022-09-28T16:56:50.014+0000] {processor.py:161} INFO - Processing /opt/airflow/dags/x_dag.py took 0.127 seconds
[2022-09-28T16:57:20.786+0000] {processor.py:153} INFO - Started process (PID=21230) to work on /opt/airflow/dags/x_dag.py
[2022-09-28T16:57:20.788+0000] {processor.py:640} INFO - Processing file /opt/airflow/dags/x_dag.py for tasks to queue
[2022-09-28T16:57:20.790+0000] {logging_mixin.py:115} INFO - [2022-09-28T16:57:20.790+0000] {dagbag.py:508} INFO - Filling up the DagBag from /opt/airflow/dags/x_dag.py
[2022-09-28T16:57:20.840+0000] {processor.py:650} INFO - DAG(s) dict_keys(['pg_extract']) retrieved from /opt/airflow/dags/x_dag.py
[2022-09-28T16:57:20.883+0000] {logging_mixin.py:115} INFO - [2022-09-28T16:57:20.883+0000] {dag.py:2429} INFO - Sync 1 DAGs
[2022-09-28T16:57:20.916+0000] {logging_mixin.py:115} INFO - [2022-09-28T16:57:20.916+0000] {dag.py:2981} INFO - Setting next_dagrun for pg_extract to 2022-09-28T14:21:30.391338+00:00, run_after=2022-09-29T14:21:30.391338+00:00
[2022-09-28T16:57:20.936+0000] {processor.py:161} INFO - Processing /opt/airflow/dags/x_dag.py took 0.159 seconds
[2022-09-28T16:57:51.625+0000] {processor.py:153} INFO - Started process (PID=21267) to work on /opt/airflow/dags/x_dag.py
[2022-09-28T16:57:51.627+0000] {processor.py:640} INFO - Processing file /opt/airflow/dags/x_dag.py for tasks to queue
[2022-09-28T16:57:51.629+0000] {logging_mixin.py:115} INFO - [2022-09-28T16:57:51.629+0000] {dagbag.py:508} INFO - Filling up the DagBag from /opt/airflow/dags/x_dag.py
[2022-09-28T16:57:51.675+0000] {processor.py:650} INFO - DAG(s) dict_keys(['pg_extract']) retrieved from /opt/airflow/dags/x_dag.py
[2022-09-28T16:57:51.710+0000] {logging_mixin.py:115} INFO - [2022-09-28T16:57:51.710+0000] {dag.py:2429} INFO - Sync 1 DAGs
[2022-09-28T16:57:51.741+0000] {logging_mixin.py:115} INFO - [2022-09-28T16:57:51.740+0000] {dag.py:2981} INFO - Setting next_dagrun for pg_extract to 2022-09-28T14:21:30.391338+00:00, run_after=2022-09-29T14:21:30.391338+00:00
[2022-09-28T16:57:51.762+0000] {processor.py:161} INFO - Processing /opt/airflow/dags/x_dag.py took 0.148 seconds
[2022-09-28T16:58:22.450+0000] {processor.py:153} INFO - Started process (PID=21311) to work on /opt/airflow/dags/x_dag.py
[2022-09-28T16:58:22.452+0000] {processor.py:640} INFO - Processing file /opt/airflow/dags/x_dag.py for tasks to queue
[2022-09-28T16:58:22.454+0000] {logging_mixin.py:115} INFO - [2022-09-28T16:58:22.454+0000] {dagbag.py:508} INFO - Filling up the DagBag from /opt/airflow/dags/x_dag.py
[2022-09-28T16:58:22.507+0000] {processor.py:650} INFO - DAG(s) dict_keys(['pg_extract']) retrieved from /opt/airflow/dags/x_dag.py
[2022-09-28T16:58:22.547+0000] {logging_mixin.py:115} INFO - [2022-09-28T16:58:22.547+0000] {dag.py:2429} INFO - Sync 1 DAGs
[2022-09-28T16:58:22.578+0000] {logging_mixin.py:115} INFO - [2022-09-28T16:58:22.578+0000] {dag.py:2981} INFO - Setting next_dagrun for pg_extract to 2022-09-28T14:21:30.391338+00:00, run_after=2022-09-29T14:21:30.391338+00:00
[2022-09-28T16:58:22.599+0000] {processor.py:161} INFO - Processing /opt/airflow/dags/x_dag.py took 0.153 seconds
[2022-09-28T16:58:53.207+0000] {processor.py:153} INFO - Started process (PID=21344) to work on /opt/airflow/dags/x_dag.py
[2022-09-28T16:58:53.211+0000] {processor.py:640} INFO - Processing file /opt/airflow/dags/x_dag.py for tasks to queue
[2022-09-28T16:58:53.213+0000] {logging_mixin.py:115} INFO - [2022-09-28T16:58:53.212+0000] {dagbag.py:508} INFO - Filling up the DagBag from /opt/airflow/dags/x_dag.py
[2022-09-28T16:58:53.255+0000] {processor.py:650} INFO - DAG(s) dict_keys(['pg_extract']) retrieved from /opt/airflow/dags/x_dag.py
[2022-09-28T16:58:53.290+0000] {logging_mixin.py:115} INFO - [2022-09-28T16:58:53.290+0000] {dag.py:2429} INFO - Sync 1 DAGs
[2022-09-28T16:58:53.322+0000] {logging_mixin.py:115} INFO - [2022-09-28T16:58:53.322+0000] {dag.py:2981} INFO - Setting next_dagrun for pg_extract to 2022-09-28T14:21:30.391338+00:00, run_after=2022-09-29T14:21:30.391338+00:00
[2022-09-28T16:58:53.342+0000] {processor.py:161} INFO - Processing /opt/airflow/dags/x_dag.py took 0.140 seconds
[2022-09-28T16:59:24.117+0000] {processor.py:153} INFO - Started process (PID=21388) to work on /opt/airflow/dags/x_dag.py
[2022-09-28T16:59:24.120+0000] {processor.py:640} INFO - Processing file /opt/airflow/dags/x_dag.py for tasks to queue
[2022-09-28T16:59:24.122+0000] {logging_mixin.py:115} INFO - [2022-09-28T16:59:24.122+0000] {dagbag.py:508} INFO - Filling up the DagBag from /opt/airflow/dags/x_dag.py
[2022-09-28T16:59:24.178+0000] {processor.py:650} INFO - DAG(s) dict_keys(['pg_extract']) retrieved from /opt/airflow/dags/x_dag.py
[2022-09-28T16:59:24.220+0000] {logging_mixin.py:115} INFO - [2022-09-28T16:59:24.220+0000] {dag.py:2429} INFO - Sync 1 DAGs
[2022-09-28T16:59:24.261+0000] {logging_mixin.py:115} INFO - [2022-09-28T16:59:24.260+0000] {dag.py:2981} INFO - Setting next_dagrun for pg_extract to 2022-09-28T14:21:30.391338+00:00, run_after=2022-09-29T14:21:30.391338+00:00
[2022-09-28T16:59:24.278+0000] {processor.py:161} INFO - Processing /opt/airflow/dags/x_dag.py took 0.170 seconds
[2022-09-28T17:50:07.127+0000] {processor.py:153} INFO - Started process (PID=21425) to work on /opt/airflow/dags/x_dag.py
[2022-09-28T17:50:07.133+0000] {processor.py:640} INFO - Processing file /opt/airflow/dags/x_dag.py for tasks to queue
[2022-09-28T17:50:07.135+0000] {logging_mixin.py:115} INFO - [2022-09-28T17:50:07.135+0000] {dagbag.py:508} INFO - Filling up the DagBag from /opt/airflow/dags/x_dag.py
[2022-09-28T17:50:07.204+0000] {processor.py:650} INFO - DAG(s) dict_keys(['pg_extract']) retrieved from /opt/airflow/dags/x_dag.py
[2022-09-28T17:50:07.254+0000] {logging_mixin.py:115} INFO - [2022-09-28T17:50:07.254+0000] {dag.py:2429} INFO - Sync 1 DAGs
[2022-09-28T17:50:07.288+0000] {logging_mixin.py:115} INFO - [2022-09-28T17:50:07.288+0000] {dag.py:2981} INFO - Setting next_dagrun for pg_extract to 2022-09-28T14:21:30.391338+00:00, run_after=2022-09-29T14:21:30.391338+00:00
[2022-09-28T17:50:07.305+0000] {processor.py:161} INFO - Processing /opt/airflow/dags/x_dag.py took 0.183 seconds
[2022-09-28T19:00:12.204+0000] {processor.py:153} INFO - Started process (PID=21460) to work on /opt/airflow/dags/x_dag.py
[2022-09-28T19:00:12.212+0000] {processor.py:640} INFO - Processing file /opt/airflow/dags/x_dag.py for tasks to queue
[2022-09-28T19:00:12.215+0000] {logging_mixin.py:115} INFO - [2022-09-28T19:00:12.214+0000] {dagbag.py:508} INFO - Filling up the DagBag from /opt/airflow/dags/x_dag.py
[2022-09-28T19:00:12.296+0000] {processor.py:650} INFO - DAG(s) dict_keys(['pg_extract']) retrieved from /opt/airflow/dags/x_dag.py
[2022-09-28T19:00:12.375+0000] {logging_mixin.py:115} INFO - [2022-09-28T19:00:12.374+0000] {dag.py:2429} INFO - Sync 1 DAGs
[2022-09-28T19:00:12.438+0000] {logging_mixin.py:115} INFO - [2022-09-28T19:00:12.438+0000] {dag.py:2981} INFO - Setting next_dagrun for pg_extract to 2022-09-28T14:21:30.391338+00:00, run_after=2022-09-29T14:21:30.391338+00:00
[2022-09-28T19:00:12.472+0000] {processor.py:161} INFO - Processing /opt/airflow/dags/x_dag.py took 0.282 seconds
[2022-09-28T19:00:43.070+0000] {processor.py:153} INFO - Started process (PID=21495) to work on /opt/airflow/dags/x_dag.py
[2022-09-28T19:00:43.073+0000] {processor.py:640} INFO - Processing file /opt/airflow/dags/x_dag.py for tasks to queue
[2022-09-28T19:00:43.074+0000] {logging_mixin.py:115} INFO - [2022-09-28T19:00:43.074+0000] {dagbag.py:508} INFO - Filling up the DagBag from /opt/airflow/dags/x_dag.py
[2022-09-28T19:00:43.115+0000] {processor.py:650} INFO - DAG(s) dict_keys(['pg_extract']) retrieved from /opt/airflow/dags/x_dag.py
[2022-09-28T19:00:43.150+0000] {logging_mixin.py:115} INFO - [2022-09-28T19:00:43.150+0000] {dag.py:2429} INFO - Sync 1 DAGs
[2022-09-28T19:00:43.182+0000] {logging_mixin.py:115} INFO - [2022-09-28T19:00:43.182+0000] {dag.py:2981} INFO - Setting next_dagrun for pg_extract to 2022-09-28T14:21:30.391338+00:00, run_after=2022-09-29T14:21:30.391338+00:00
[2022-09-28T19:00:43.207+0000] {processor.py:161} INFO - Processing /opt/airflow/dags/x_dag.py took 0.143 seconds
