[2022-09-08T07:37:50.252+0000] {taskinstance.py:1171} INFO - Dependencies all met for <TaskInstance: vecap_etl.target_conn manual__2022-09-08T07:37:48.377134+00:00 [queued]>
[2022-09-08T07:37:50.267+0000] {taskinstance.py:1171} INFO - Dependencies all met for <TaskInstance: vecap_etl.target_conn manual__2022-09-08T07:37:48.377134+00:00 [queued]>
[2022-09-08T07:37:50.268+0000] {taskinstance.py:1368} INFO - 
--------------------------------------------------------------------------------
[2022-09-08T07:37:50.269+0000] {taskinstance.py:1369} INFO - Starting attempt 1 of 1
[2022-09-08T07:37:50.270+0000] {taskinstance.py:1370} INFO - 
--------------------------------------------------------------------------------
[2022-09-08T07:37:50.290+0000] {taskinstance.py:1389} INFO - Executing <Task(PythonOperator): target_conn> on 2022-09-08 07:37:48.377134+00:00
[2022-09-08T07:37:50.298+0000] {standard_task_runner.py:52} INFO - Started process 6831 to run task
[2022-09-08T07:37:50.303+0000] {standard_task_runner.py:79} INFO - Running: ['***', 'tasks', 'run', 'vecap_etl', 'target_conn', 'manual__2022-09-08T07:37:48.377134+00:00', '--job-id', '16', '--raw', '--subdir', 'DAGS_FOLDER/c_dag.py', '--cfg-path', '/tmp/tmpxgm71811', '--error-file', '/tmp/tmp4iphzuhv']
[2022-09-08T07:37:50.307+0000] {standard_task_runner.py:80} INFO - Job 16: Subtask target_conn
[2022-09-08T07:37:50.409+0000] {task_command.py:371} INFO - Running <TaskInstance: vecap_etl.target_conn manual__2022-09-08T07:37:48.377134+00:00 [running]> on host 0edf5f972c6d
[2022-09-08T07:37:50.514+0000] {taskinstance.py:1583} INFO - Exporting the following env vars:
AIRFLOW_CTX_DAG_EMAIL=admin@vecap.com
AIRFLOW_CTX_DAG_OWNER=***
AIRFLOW_CTX_DAG_ID=vecap_etl
AIRFLOW_CTX_TASK_ID=target_conn
AIRFLOW_CTX_EXECUTION_DATE=2022-09-08T07:37:48.377134+00:00
AIRFLOW_CTX_TRY_NUMBER=1
AIRFLOW_CTX_DAG_RUN_ID=manual__2022-09-08T07:37:48.377134+00:00
[2022-09-08T07:37:50.519+0000] {python.py:173} INFO - Done. Returned value was: Engine(postgresql+psycopg2://postgres:***@test-vec-app.cxci97ncnvqs.us-east-1.rds.amazonaws.com:5432/analytics)
[2022-09-08T07:37:50.536+0000] {xcom.py:586} ERROR - Could not serialize the XCom value into JSON. If you are using pickle instead of JSON for XCom, then you need to enable pickle support for XCom in your *** config.
[2022-09-08T07:37:50.539+0000] {taskinstance.py:1902} ERROR - Task failed with exception
Traceback (most recent call last):
  File "/home/airflow/.local/lib/python3.7/site-packages/airflow/utils/session.py", line 68, in wrapper
    return func(*args, **kwargs)
  File "/home/airflow/.local/lib/python3.7/site-packages/airflow/models/taskinstance.py", line 2405, in xcom_push
    session=session,
  File "/home/airflow/.local/lib/python3.7/site-packages/airflow/utils/session.py", line 68, in wrapper
    return func(*args, **kwargs)
  File "/home/airflow/.local/lib/python3.7/site-packages/airflow/models/xcom.py", line 198, in set
    map_index=map_index,
  File "/home/airflow/.local/lib/python3.7/site-packages/airflow/models/xcom.py", line 583, in serialize_value
    return json.dumps(value).encode('UTF-8')
  File "/usr/local/lib/python3.7/json/__init__.py", line 231, in dumps
    return _default_encoder.encode(obj)
  File "/usr/local/lib/python3.7/json/encoder.py", line 199, in encode
    chunks = self.iterencode(o, _one_shot=True)
  File "/usr/local/lib/python3.7/json/encoder.py", line 257, in iterencode
    return _iterencode(o, 0)
  File "/usr/local/lib/python3.7/json/encoder.py", line 179, in default
    raise TypeError(f'Object of type {o.__class__.__name__} '
TypeError: Object of type Engine is not JSON serializable
[2022-09-08T07:37:50.562+0000] {taskinstance.py:1412} INFO - Marking task as FAILED. dag_id=vecap_etl, task_id=target_conn, execution_date=20220908T073748, start_date=20220908T073750, end_date=20220908T073750
[2022-09-08T07:37:50.581+0000] {standard_task_runner.py:97} ERROR - Failed to execute job 16 for task target_conn (Object of type Engine is not JSON serializable; 6831)
[2022-09-08T07:37:50.598+0000] {local_task_job.py:156} INFO - Task exited with return code 1
[2022-09-08T07:37:50.727+0000] {local_task_job.py:279} INFO - 0 downstream tasks scheduled from follow-on schedule check
