[2022-09-17T10:27:42.021+0000] {taskinstance.py:1171} INFO - Dependencies all met for <TaskInstance: vecap_etl.geography_dim scheduled__2022-09-15T00:00:00+00:00 [queued]>
[2022-09-17T10:27:42.050+0000] {taskinstance.py:1171} INFO - Dependencies all met for <TaskInstance: vecap_etl.geography_dim scheduled__2022-09-15T00:00:00+00:00 [queued]>
[2022-09-17T10:27:42.051+0000] {taskinstance.py:1368} INFO - 
--------------------------------------------------------------------------------
[2022-09-17T10:27:42.053+0000] {taskinstance.py:1369} INFO - Starting attempt 1 of 1
[2022-09-17T10:27:42.056+0000] {taskinstance.py:1370} INFO - 
--------------------------------------------------------------------------------
[2022-09-17T10:27:42.096+0000] {taskinstance.py:1389} INFO - Executing <Task(PythonOperator): geography_dim> on 2022-09-15 00:00:00+00:00
[2022-09-17T10:27:42.104+0000] {standard_task_runner.py:52} INFO - Started process 379 to run task
[2022-09-17T10:27:42.113+0000] {standard_task_runner.py:79} INFO - Running: ['***', 'tasks', 'run', 'vecap_etl', 'geography_dim', 'scheduled__2022-09-15T00:00:00+00:00', '--job-id', '117', '--raw', '--subdir', 'DAGS_FOLDER/c_dag.py', '--cfg-path', '/tmp/tmpoeoxhh_z', '--error-file', '/tmp/tmp386c2lbr']
[2022-09-17T10:27:42.118+0000] {standard_task_runner.py:80} INFO - Job 117: Subtask geography_dim
[2022-09-17T10:27:42.278+0000] {task_command.py:371} INFO - Running <TaskInstance: vecap_etl.geography_dim scheduled__2022-09-15T00:00:00+00:00 [running]> on host 0d275337f52b
[2022-09-17T10:27:42.458+0000] {taskinstance.py:1583} INFO - Exporting the following env vars:
AIRFLOW_CTX_DAG_EMAIL=admin@vecap.com
AIRFLOW_CTX_DAG_OWNER=***
AIRFLOW_CTX_DAG_ID=vecap_etl
AIRFLOW_CTX_TASK_ID=geography_dim
AIRFLOW_CTX_EXECUTION_DATE=2022-09-15T00:00:00+00:00
AIRFLOW_CTX_TRY_NUMBER=1
AIRFLOW_CTX_DAG_RUN_ID=scheduled__2022-09-15T00:00:00+00:00
[2022-09-17T10:27:54.890+0000] {python.py:173} INFO - Done. Returned value was: None
[2022-09-17T10:27:54.913+0000] {taskinstance.py:1412} INFO - Marking task as SUCCESS. dag_id=vecap_etl, task_id=geography_dim, execution_date=20220915T000000, start_date=20220917T102742, end_date=20220917T102754
[2022-09-17T10:27:54.973+0000] {local_task_job.py:156} INFO - Task exited with return code 0
