[2022-10-07T09:19:48.351+0000] {taskinstance.py:1171} INFO - Dependencies all met for <TaskInstance: vecap_etl.geography_dim manual__2022-10-07T09:19:41.595481+00:00 [queued]>
[2022-10-07T09:19:48.370+0000] {taskinstance.py:1171} INFO - Dependencies all met for <TaskInstance: vecap_etl.geography_dim manual__2022-10-07T09:19:41.595481+00:00 [queued]>
[2022-10-07T09:19:48.372+0000] {taskinstance.py:1368} INFO - 
--------------------------------------------------------------------------------
[2022-10-07T09:19:48.374+0000] {taskinstance.py:1369} INFO - Starting attempt 1 of 1
[2022-10-07T09:19:48.375+0000] {taskinstance.py:1370} INFO - 
--------------------------------------------------------------------------------
[2022-10-07T09:19:48.404+0000] {taskinstance.py:1389} INFO - Executing <Task(PythonOperator): geography_dim> on 2022-10-07 09:19:41.595481+00:00
[2022-10-07T09:19:48.416+0000] {standard_task_runner.py:52} INFO - Started process 34725 to run task
[2022-10-07T09:19:48.425+0000] {standard_task_runner.py:79} INFO - Running: ['***', 'tasks', 'run', 'vecap_etl', 'geography_dim', 'manual__2022-10-07T09:19:41.595481+00:00', '--job-id', '230', '--raw', '--subdir', 'DAGS_FOLDER/c_dag.py', '--cfg-path', '/tmp/tmpw3rqfj4a', '--error-file', '/tmp/tmp7i7yww4c']
[2022-10-07T09:19:48.428+0000] {standard_task_runner.py:80} INFO - Job 230: Subtask geography_dim
[2022-10-07T09:19:48.548+0000] {task_command.py:371} INFO - Running <TaskInstance: vecap_etl.geography_dim manual__2022-10-07T09:19:41.595481+00:00 [running]> on host a41ad1c55a2c
[2022-10-07T09:19:48.678+0000] {taskinstance.py:1583} INFO - Exporting the following env vars:
AIRFLOW_CTX_DAG_EMAIL=admin@vecap.com
AIRFLOW_CTX_DAG_OWNER=***
AIRFLOW_CTX_DAG_ID=vecap_etl
AIRFLOW_CTX_TASK_ID=geography_dim
AIRFLOW_CTX_EXECUTION_DATE=2022-10-07T09:19:41.595481+00:00
AIRFLOW_CTX_TRY_NUMBER=1
AIRFLOW_CTX_DAG_RUN_ID=manual__2022-10-07T09:19:41.595481+00:00
[2022-10-07T09:19:58.948+0000] {python.py:173} INFO - Done. Returned value was: {'Table processed ': 'Data imported successful'}
[2022-10-07T09:19:58.989+0000] {taskinstance.py:1412} INFO - Marking task as SUCCESS. dag_id=vecap_etl, task_id=geography_dim, execution_date=20221007T091941, start_date=20221007T091948, end_date=20221007T091958
[2022-10-07T09:19:59.028+0000] {local_task_job.py:156} INFO - Task exited with return code 0
