[2022-10-22T10:34:21.890+0000] {processor.py:153} INFO - Started process (PID=165) to work on /opt/airflow/dags/cont_load.py
[2022-10-22T10:34:21.892+0000] {processor.py:640} INFO - Processing file /opt/airflow/dags/cont_load.py for tasks to queue
[2022-10-22T10:34:21.896+0000] {logging_mixin.py:115} INFO - [2022-10-22T10:34:21.895+0000] {dagbag.py:508} INFO - Filling up the DagBag from /opt/airflow/dags/cont_load.py
[2022-10-22T10:34:22.896+0000] {logging_mixin.py:115} INFO - [2022-10-22T10:34:22.895+0000] {base.py:68} INFO - Using connection ID 'vecap_source' for task execution.
[2022-10-22T10:34:22.902+0000] {logging_mixin.py:115} INFO - [2022-10-22T10:34:22.902+0000] {base.py:68} INFO - Using connection ID 'vecap_target' for task execution.
[2022-10-22T10:34:22.920+0000] {processor.py:650} INFO - DAG(s) dict_keys(['vecap_etl']) retrieved from /opt/airflow/dags/cont_load.py
[2022-10-22T10:34:23.020+0000] {logging_mixin.py:115} INFO - [2022-10-22T10:34:23.020+0000] {dag.py:2429} INFO - Sync 1 DAGs
[2022-10-22T10:34:23.068+0000] {logging_mixin.py:115} INFO - [2022-10-22T10:34:23.068+0000] {dag.py:2981} INFO - Setting next_dagrun for vecap_etl to 2022-10-22T00:00:00+00:00, run_after=2022-10-23T00:00:00+00:00
[2022-10-22T10:34:23.133+0000] {processor.py:161} INFO - Processing /opt/airflow/dags/cont_load.py took 1.256 seconds
[2022-10-22T10:34:53.310+0000] {processor.py:153} INFO - Started process (PID=244) to work on /opt/airflow/dags/cont_load.py
[2022-10-22T10:34:53.312+0000] {processor.py:640} INFO - Processing file /opt/airflow/dags/cont_load.py for tasks to queue
[2022-10-22T10:34:53.314+0000] {logging_mixin.py:115} INFO - [2022-10-22T10:34:53.313+0000] {dagbag.py:508} INFO - Filling up the DagBag from /opt/airflow/dags/cont_load.py
[2022-10-22T10:34:53.804+0000] {logging_mixin.py:115} INFO - [2022-10-22T10:34:53.803+0000] {base.py:68} INFO - Using connection ID 'vecap_source' for task execution.
[2022-10-22T10:34:53.817+0000] {logging_mixin.py:115} INFO - [2022-10-22T10:34:53.816+0000] {base.py:68} INFO - Using connection ID 'vecap_target' for task execution.
[2022-10-22T10:34:53.824+0000] {processor.py:650} INFO - DAG(s) dict_keys(['vecap_etl']) retrieved from /opt/airflow/dags/cont_load.py
[2022-10-22T10:34:53.843+0000] {logging_mixin.py:115} INFO - [2022-10-22T10:34:53.843+0000] {dag.py:2429} INFO - Sync 1 DAGs
[2022-10-22T10:34:53.868+0000] {logging_mixin.py:115} INFO - [2022-10-22T10:34:53.868+0000] {dag.py:2981} INFO - Setting next_dagrun for vecap_etl to 2022-10-22T00:00:00+00:00, run_after=2022-10-23T00:00:00+00:00
[2022-10-22T10:34:53.886+0000] {processor.py:161} INFO - Processing /opt/airflow/dags/cont_load.py took 0.580 seconds
[2022-10-22T10:35:24.075+0000] {processor.py:153} INFO - Started process (PID=289) to work on /opt/airflow/dags/cont_load.py
[2022-10-22T10:35:24.090+0000] {processor.py:640} INFO - Processing file /opt/airflow/dags/cont_load.py for tasks to queue
[2022-10-22T10:35:24.092+0000] {logging_mixin.py:115} INFO - [2022-10-22T10:35:24.092+0000] {dagbag.py:508} INFO - Filling up the DagBag from /opt/airflow/dags/cont_load.py
[2022-10-22T10:35:24.906+0000] {logging_mixin.py:115} INFO - [2022-10-22T10:35:24.905+0000] {base.py:68} INFO - Using connection ID 'vecap_source' for task execution.
[2022-10-22T10:35:24.913+0000] {logging_mixin.py:115} INFO - [2022-10-22T10:35:24.913+0000] {base.py:68} INFO - Using connection ID 'vecap_target' for task execution.
[2022-10-22T10:35:24.922+0000] {processor.py:650} INFO - DAG(s) dict_keys(['vecap_etl']) retrieved from /opt/airflow/dags/cont_load.py
[2022-10-22T10:35:25.026+0000] {logging_mixin.py:115} INFO - [2022-10-22T10:35:25.025+0000] {dag.py:2429} INFO - Sync 1 DAGs
[2022-10-22T10:35:25.064+0000] {logging_mixin.py:115} INFO - [2022-10-22T10:35:25.063+0000] {dag.py:2981} INFO - Setting next_dagrun for vecap_etl to 2022-10-22T00:00:00+00:00, run_after=2022-10-23T00:00:00+00:00
[2022-10-22T10:35:25.088+0000] {processor.py:161} INFO - Processing /opt/airflow/dags/cont_load.py took 1.021 seconds
[2022-10-22T10:35:55.260+0000] {processor.py:153} INFO - Started process (PID=328) to work on /opt/airflow/dags/cont_load.py
[2022-10-22T10:35:55.265+0000] {processor.py:640} INFO - Processing file /opt/airflow/dags/cont_load.py for tasks to queue
[2022-10-22T10:35:55.267+0000] {logging_mixin.py:115} INFO - [2022-10-22T10:35:55.266+0000] {dagbag.py:508} INFO - Filling up the DagBag from /opt/airflow/dags/cont_load.py
[2022-10-22T10:35:55.821+0000] {logging_mixin.py:115} INFO - [2022-10-22T10:35:55.820+0000] {base.py:68} INFO - Using connection ID 'vecap_source' for task execution.
[2022-10-22T10:35:55.826+0000] {logging_mixin.py:115} INFO - [2022-10-22T10:35:55.825+0000] {base.py:68} INFO - Using connection ID 'vecap_target' for task execution.
[2022-10-22T10:35:55.834+0000] {processor.py:650} INFO - DAG(s) dict_keys(['vecap_etl']) retrieved from /opt/airflow/dags/cont_load.py
[2022-10-22T10:35:55.859+0000] {logging_mixin.py:115} INFO - [2022-10-22T10:35:55.858+0000] {dag.py:2429} INFO - Sync 1 DAGs
[2022-10-22T10:35:55.892+0000] {logging_mixin.py:115} INFO - [2022-10-22T10:35:55.892+0000] {dag.py:2981} INFO - Setting next_dagrun for vecap_etl to 2022-10-22T00:00:00+00:00, run_after=2022-10-23T00:00:00+00:00
[2022-10-22T10:35:55.915+0000] {processor.py:161} INFO - Processing /opt/airflow/dags/cont_load.py took 0.660 seconds
[2022-10-22T10:36:26.065+0000] {processor.py:153} INFO - Started process (PID=366) to work on /opt/airflow/dags/cont_load.py
[2022-10-22T10:36:26.073+0000] {processor.py:640} INFO - Processing file /opt/airflow/dags/cont_load.py for tasks to queue
[2022-10-22T10:36:26.074+0000] {logging_mixin.py:115} INFO - [2022-10-22T10:36:26.074+0000] {dagbag.py:508} INFO - Filling up the DagBag from /opt/airflow/dags/cont_load.py
[2022-10-22T10:36:26.647+0000] {logging_mixin.py:115} INFO - [2022-10-22T10:36:26.646+0000] {base.py:68} INFO - Using connection ID 'vecap_source' for task execution.
[2022-10-22T10:36:26.658+0000] {logging_mixin.py:115} INFO - [2022-10-22T10:36:26.657+0000] {base.py:68} INFO - Using connection ID 'vecap_target' for task execution.
[2022-10-22T10:36:26.679+0000] {processor.py:650} INFO - DAG(s) dict_keys(['vecap_etl']) retrieved from /opt/airflow/dags/cont_load.py
[2022-10-22T10:36:26.770+0000] {logging_mixin.py:115} INFO - [2022-10-22T10:36:26.770+0000] {dag.py:2429} INFO - Sync 1 DAGs
[2022-10-22T10:36:26.839+0000] {logging_mixin.py:115} INFO - [2022-10-22T10:36:26.839+0000] {dag.py:2981} INFO - Setting next_dagrun for vecap_etl to 2022-10-22T00:00:00+00:00, run_after=2022-10-23T00:00:00+00:00
[2022-10-22T10:36:26.868+0000] {processor.py:161} INFO - Processing /opt/airflow/dags/cont_load.py took 0.808 seconds
[2022-10-22T10:36:56.991+0000] {processor.py:153} INFO - Started process (PID=398) to work on /opt/airflow/dags/cont_load.py
[2022-10-22T10:36:56.999+0000] {processor.py:640} INFO - Processing file /opt/airflow/dags/cont_load.py for tasks to queue
[2022-10-22T10:36:57.002+0000] {logging_mixin.py:115} INFO - [2022-10-22T10:36:57.001+0000] {dagbag.py:508} INFO - Filling up the DagBag from /opt/airflow/dags/cont_load.py
[2022-10-22T10:36:57.547+0000] {logging_mixin.py:115} INFO - [2022-10-22T10:36:57.546+0000] {base.py:68} INFO - Using connection ID 'vecap_source' for task execution.
[2022-10-22T10:36:57.552+0000] {logging_mixin.py:115} INFO - [2022-10-22T10:36:57.552+0000] {base.py:68} INFO - Using connection ID 'vecap_target' for task execution.
[2022-10-22T10:36:57.560+0000] {processor.py:650} INFO - DAG(s) dict_keys(['vecap_etl']) retrieved from /opt/airflow/dags/cont_load.py
[2022-10-22T10:36:57.584+0000] {logging_mixin.py:115} INFO - [2022-10-22T10:36:57.583+0000] {dag.py:2429} INFO - Sync 1 DAGs
[2022-10-22T10:36:57.614+0000] {logging_mixin.py:115} INFO - [2022-10-22T10:36:57.614+0000] {dag.py:2981} INFO - Setting next_dagrun for vecap_etl to 2022-10-22T00:00:00+00:00, run_after=2022-10-23T00:00:00+00:00
[2022-10-22T10:36:57.633+0000] {processor.py:161} INFO - Processing /opt/airflow/dags/cont_load.py took 0.652 seconds
[2022-10-22T10:37:27.791+0000] {processor.py:153} INFO - Started process (PID=437) to work on /opt/airflow/dags/cont_load.py
[2022-10-22T10:37:27.794+0000] {processor.py:640} INFO - Processing file /opt/airflow/dags/cont_load.py for tasks to queue
[2022-10-22T10:37:27.797+0000] {logging_mixin.py:115} INFO - [2022-10-22T10:37:27.797+0000] {dagbag.py:508} INFO - Filling up the DagBag from /opt/airflow/dags/cont_load.py
[2022-10-22T10:37:28.328+0000] {logging_mixin.py:115} INFO - [2022-10-22T10:37:28.327+0000] {base.py:68} INFO - Using connection ID 'vecap_source' for task execution.
[2022-10-22T10:37:28.333+0000] {logging_mixin.py:115} INFO - [2022-10-22T10:37:28.332+0000] {base.py:68} INFO - Using connection ID 'vecap_target' for task execution.
[2022-10-22T10:37:28.340+0000] {processor.py:650} INFO - DAG(s) dict_keys(['vecap_etl']) retrieved from /opt/airflow/dags/cont_load.py
[2022-10-22T10:37:28.419+0000] {logging_mixin.py:115} INFO - [2022-10-22T10:37:28.419+0000] {dag.py:2429} INFO - Sync 1 DAGs
[2022-10-22T10:37:28.468+0000] {logging_mixin.py:115} INFO - [2022-10-22T10:37:28.468+0000] {dag.py:2981} INFO - Setting next_dagrun for vecap_etl to 2022-10-22T00:00:00+00:00, run_after=2022-10-23T00:00:00+00:00
[2022-10-22T10:37:28.494+0000] {processor.py:161} INFO - Processing /opt/airflow/dags/cont_load.py took 0.709 seconds
[2022-10-22T10:37:58.609+0000] {processor.py:153} INFO - Started process (PID=467) to work on /opt/airflow/dags/cont_load.py
[2022-10-22T10:37:58.610+0000] {processor.py:640} INFO - Processing file /opt/airflow/dags/cont_load.py for tasks to queue
[2022-10-22T10:37:58.612+0000] {logging_mixin.py:115} INFO - [2022-10-22T10:37:58.612+0000] {dagbag.py:508} INFO - Filling up the DagBag from /opt/airflow/dags/cont_load.py
[2022-10-22T10:37:59.128+0000] {logging_mixin.py:115} INFO - [2022-10-22T10:37:59.127+0000] {base.py:68} INFO - Using connection ID 'vecap_source' for task execution.
[2022-10-22T10:37:59.133+0000] {logging_mixin.py:115} INFO - [2022-10-22T10:37:59.133+0000] {base.py:68} INFO - Using connection ID 'vecap_target' for task execution.
[2022-10-22T10:37:59.140+0000] {processor.py:650} INFO - DAG(s) dict_keys(['vecap_etl']) retrieved from /opt/airflow/dags/cont_load.py
[2022-10-22T10:37:59.161+0000] {logging_mixin.py:115} INFO - [2022-10-22T10:37:59.161+0000] {dag.py:2429} INFO - Sync 1 DAGs
[2022-10-22T10:37:59.191+0000] {logging_mixin.py:115} INFO - [2022-10-22T10:37:59.190+0000] {dag.py:2981} INFO - Setting next_dagrun for vecap_etl to 2022-10-22T00:00:00+00:00, run_after=2022-10-23T00:00:00+00:00
[2022-10-22T10:37:59.210+0000] {processor.py:161} INFO - Processing /opt/airflow/dags/cont_load.py took 0.608 seconds
[2022-10-22T10:38:29.374+0000] {processor.py:153} INFO - Started process (PID=506) to work on /opt/airflow/dags/cont_load.py
[2022-10-22T10:38:29.383+0000] {processor.py:640} INFO - Processing file /opt/airflow/dags/cont_load.py for tasks to queue
[2022-10-22T10:38:29.388+0000] {logging_mixin.py:115} INFO - [2022-10-22T10:38:29.388+0000] {dagbag.py:508} INFO - Filling up the DagBag from /opt/airflow/dags/cont_load.py
[2022-10-22T10:38:29.896+0000] {logging_mixin.py:115} INFO - [2022-10-22T10:38:29.896+0000] {base.py:68} INFO - Using connection ID 'vecap_source' for task execution.
[2022-10-22T10:38:29.901+0000] {logging_mixin.py:115} INFO - [2022-10-22T10:38:29.901+0000] {base.py:68} INFO - Using connection ID 'vecap_target' for task execution.
[2022-10-22T10:38:29.909+0000] {processor.py:650} INFO - DAG(s) dict_keys(['vecap_etl']) retrieved from /opt/airflow/dags/cont_load.py
[2022-10-22T10:38:29.987+0000] {logging_mixin.py:115} INFO - [2022-10-22T10:38:29.987+0000] {dag.py:2429} INFO - Sync 1 DAGs
[2022-10-22T10:38:30.035+0000] {logging_mixin.py:115} INFO - [2022-10-22T10:38:30.035+0000] {dag.py:2981} INFO - Setting next_dagrun for vecap_etl to 2022-10-22T00:00:00+00:00, run_after=2022-10-23T00:00:00+00:00
[2022-10-22T10:38:30.053+0000] {processor.py:161} INFO - Processing /opt/airflow/dags/cont_load.py took 0.684 seconds
[2022-10-22T10:39:00.267+0000] {processor.py:153} INFO - Started process (PID=545) to work on /opt/airflow/dags/cont_load.py
[2022-10-22T10:39:00.283+0000] {processor.py:640} INFO - Processing file /opt/airflow/dags/cont_load.py for tasks to queue
[2022-10-22T10:39:00.295+0000] {logging_mixin.py:115} INFO - [2022-10-22T10:39:00.295+0000] {dagbag.py:508} INFO - Filling up the DagBag from /opt/airflow/dags/cont_load.py
[2022-10-22T10:39:01.319+0000] {logging_mixin.py:115} INFO - [2022-10-22T10:39:01.318+0000] {base.py:68} INFO - Using connection ID 'vecap_source' for task execution.
[2022-10-22T10:39:01.326+0000] {logging_mixin.py:115} INFO - [2022-10-22T10:39:01.326+0000] {base.py:68} INFO - Using connection ID 'vecap_target' for task execution.
[2022-10-22T10:39:01.335+0000] {processor.py:650} INFO - DAG(s) dict_keys(['vecap_etl']) retrieved from /opt/airflow/dags/cont_load.py
[2022-10-22T10:39:01.367+0000] {logging_mixin.py:115} INFO - [2022-10-22T10:39:01.367+0000] {dag.py:2429} INFO - Sync 1 DAGs
[2022-10-22T10:39:01.407+0000] {logging_mixin.py:115} INFO - [2022-10-22T10:39:01.407+0000] {dag.py:2981} INFO - Setting next_dagrun for vecap_etl to 2022-10-22T00:00:00+00:00, run_after=2022-10-23T00:00:00+00:00
[2022-10-22T10:39:01.431+0000] {processor.py:161} INFO - Processing /opt/airflow/dags/cont_load.py took 1.190 seconds
[2022-10-22T10:39:31.646+0000] {processor.py:153} INFO - Started process (PID=575) to work on /opt/airflow/dags/cont_load.py
[2022-10-22T10:39:31.648+0000] {processor.py:640} INFO - Processing file /opt/airflow/dags/cont_load.py for tasks to queue
[2022-10-22T10:39:31.650+0000] {logging_mixin.py:115} INFO - [2022-10-22T10:39:31.650+0000] {dagbag.py:508} INFO - Filling up the DagBag from /opt/airflow/dags/cont_load.py
[2022-10-22T10:39:32.135+0000] {logging_mixin.py:115} INFO - [2022-10-22T10:39:32.134+0000] {base.py:68} INFO - Using connection ID 'vecap_source' for task execution.
[2022-10-22T10:39:32.140+0000] {logging_mixin.py:115} INFO - [2022-10-22T10:39:32.140+0000] {base.py:68} INFO - Using connection ID 'vecap_target' for task execution.
[2022-10-22T10:39:32.147+0000] {processor.py:650} INFO - DAG(s) dict_keys(['vecap_etl']) retrieved from /opt/airflow/dags/cont_load.py
[2022-10-22T10:39:32.232+0000] {logging_mixin.py:115} INFO - [2022-10-22T10:39:32.232+0000] {dag.py:2429} INFO - Sync 1 DAGs
[2022-10-22T10:39:32.266+0000] {logging_mixin.py:115} INFO - [2022-10-22T10:39:32.266+0000] {dag.py:2981} INFO - Setting next_dagrun for vecap_etl to 2022-10-22T00:00:00+00:00, run_after=2022-10-23T00:00:00+00:00
[2022-10-22T10:39:32.292+0000] {processor.py:161} INFO - Processing /opt/airflow/dags/cont_load.py took 0.650 seconds
[2022-10-22T10:40:02.423+0000] {processor.py:153} INFO - Started process (PID=614) to work on /opt/airflow/dags/cont_load.py
[2022-10-22T10:40:02.430+0000] {processor.py:640} INFO - Processing file /opt/airflow/dags/cont_load.py for tasks to queue
[2022-10-22T10:40:02.431+0000] {logging_mixin.py:115} INFO - [2022-10-22T10:40:02.431+0000] {dagbag.py:508} INFO - Filling up the DagBag from /opt/airflow/dags/cont_load.py
[2022-10-22T10:40:03.020+0000] {logging_mixin.py:115} INFO - [2022-10-22T10:40:03.019+0000] {base.py:68} INFO - Using connection ID 'vecap_source' for task execution.
[2022-10-22T10:40:03.026+0000] {logging_mixin.py:115} INFO - [2022-10-22T10:40:03.026+0000] {base.py:68} INFO - Using connection ID 'vecap_target' for task execution.
[2022-10-22T10:40:03.036+0000] {processor.py:650} INFO - DAG(s) dict_keys(['vecap_etl']) retrieved from /opt/airflow/dags/cont_load.py
[2022-10-22T10:40:03.068+0000] {logging_mixin.py:115} INFO - [2022-10-22T10:40:03.067+0000] {dag.py:2429} INFO - Sync 1 DAGs
[2022-10-22T10:40:03.117+0000] {logging_mixin.py:115} INFO - [2022-10-22T10:40:03.117+0000] {dag.py:2981} INFO - Setting next_dagrun for vecap_etl to 2022-10-22T00:00:00+00:00, run_after=2022-10-23T00:00:00+00:00
[2022-10-22T10:40:03.137+0000] {processor.py:161} INFO - Processing /opt/airflow/dags/cont_load.py took 0.719 seconds
[2022-10-22T10:40:33.300+0000] {processor.py:153} INFO - Started process (PID=645) to work on /opt/airflow/dags/cont_load.py
[2022-10-22T10:40:33.302+0000] {processor.py:640} INFO - Processing file /opt/airflow/dags/cont_load.py for tasks to queue
[2022-10-22T10:40:33.307+0000] {logging_mixin.py:115} INFO - [2022-10-22T10:40:33.306+0000] {dagbag.py:508} INFO - Filling up the DagBag from /opt/airflow/dags/cont_load.py
[2022-10-22T10:40:33.803+0000] {logging_mixin.py:115} INFO - [2022-10-22T10:40:33.802+0000] {base.py:68} INFO - Using connection ID 'vecap_source' for task execution.
[2022-10-22T10:40:33.808+0000] {logging_mixin.py:115} INFO - [2022-10-22T10:40:33.807+0000] {base.py:68} INFO - Using connection ID 'vecap_target' for task execution.
[2022-10-22T10:40:33.815+0000] {processor.py:650} INFO - DAG(s) dict_keys(['vecap_etl']) retrieved from /opt/airflow/dags/cont_load.py
[2022-10-22T10:40:33.889+0000] {logging_mixin.py:115} INFO - [2022-10-22T10:40:33.889+0000] {dag.py:2429} INFO - Sync 1 DAGs
[2022-10-22T10:40:33.921+0000] {logging_mixin.py:115} INFO - [2022-10-22T10:40:33.920+0000] {dag.py:2981} INFO - Setting next_dagrun for vecap_etl to 2022-10-22T00:00:00+00:00, run_after=2022-10-23T00:00:00+00:00
[2022-10-22T10:40:33.945+0000] {processor.py:161} INFO - Processing /opt/airflow/dags/cont_load.py took 0.650 seconds
