[2022-10-09T18:10:49.459+0000] {taskinstance.py:1171} INFO - Dependencies all met for <TaskInstance: pg_extract.pg_extract_task scheduled__2022-10-08T12:36:42.982207+00:00 [queued]>
[2022-10-09T18:10:49.515+0000] {taskinstance.py:1171} INFO - Dependencies all met for <TaskInstance: pg_extract.pg_extract_task scheduled__2022-10-08T12:36:42.982207+00:00 [queued]>
[2022-10-09T18:10:49.516+0000] {taskinstance.py:1368} INFO - 
--------------------------------------------------------------------------------
[2022-10-09T18:10:49.518+0000] {taskinstance.py:1369} INFO - Starting attempt 1 of 1
[2022-10-09T18:10:49.520+0000] {taskinstance.py:1370} INFO - 
--------------------------------------------------------------------------------
[2022-10-09T18:10:49.605+0000] {taskinstance.py:1389} INFO - Executing <Task(PythonOperator): pg_extract_task> on 2022-10-08 12:36:42.982207+00:00
[2022-10-09T18:10:49.627+0000] {standard_task_runner.py:52} INFO - Started process 61276 to run task
[2022-10-09T18:10:49.661+0000] {standard_task_runner.py:79} INFO - Running: ['***', 'tasks', 'run', 'pg_extract', 'pg_extract_task', 'scheduled__2022-10-08T12:36:42.982207+00:00', '--job-id', '251', '--raw', '--subdir', 'DAGS_FOLDER/x_dag.py', '--cfg-path', '/tmp/tmpaq1_q9nx', '--error-file', '/tmp/tmpkreuv9ge']
[2022-10-09T18:10:49.668+0000] {standard_task_runner.py:80} INFO - Job 251: Subtask pg_extract_task
[2022-10-09T18:10:50.879+0000] {task_command.py:371} INFO - Running <TaskInstance: pg_extract.pg_extract_task scheduled__2022-10-08T12:36:42.982207+00:00 [running]> on host a41ad1c55a2c
[2022-10-09T18:10:51.144+0000] {taskinstance.py:1583} INFO - Exporting the following env vars:
AIRFLOW_CTX_DAG_OWNER=***
AIRFLOW_CTX_DAG_ID=pg_extract
AIRFLOW_CTX_TASK_ID=pg_extract_task
AIRFLOW_CTX_EXECUTION_DATE=2022-10-08T12:36:42.982207+00:00
AIRFLOW_CTX_TRY_NUMBER=1
AIRFLOW_CTX_DAG_RUN_ID=scheduled__2022-10-08T12:36:42.982207+00:00
[2022-10-09T18:10:51.171+0000] {base.py:68} INFO - Using connection ID 'home' for task execution.
[2022-10-09T18:10:51.876+0000] {x_dag.py:13} INFO - Exporting query to file
[2022-10-09T18:10:51.880+0000] {postgres.py:127} INFO - Running copy expert: COPY (SELECT * FROM CUSTOMER WHERE first_name='john') TO STDOUT WITH CSV HEADER, filename: /home/user/***/customer.csv
[2022-10-09T18:10:51.882+0000] {taskinstance.py:1902} ERROR - Task failed with exception
Traceback (most recent call last):
  File "/home/airflow/.local/lib/python3.7/site-packages/airflow/operators/python.py", line 171, in execute
    return_value = self.execute_callable()
  File "/home/airflow/.local/lib/python3.7/site-packages/airflow/operators/python.py", line 189, in execute_callable
    return self.python_callable(*self.op_args, **self.op_kwargs)
  File "/opt/airflow/dags/x_dag.py", line 14, in pg_extract
    pg_hook.copy_expert(copy_sql, filename='/home/user/airflow/customer.csv')
  File "/home/airflow/.local/lib/python3.7/site-packages/airflow/providers/postgres/hooks/postgres.py", line 129, in copy_expert
    with open(filename, 'w'):
FileNotFoundError: [Errno 2] No such file or directory: '/home/user/airflow/customer.csv'
[2022-10-09T18:10:51.908+0000] {taskinstance.py:1412} INFO - Marking task as FAILED. dag_id=pg_extract, task_id=pg_extract_task, execution_date=20221008T123642, start_date=20221009T181049, end_date=20221009T181051
[2022-10-09T18:10:51.941+0000] {standard_task_runner.py:97} ERROR - Failed to execute job 251 for task pg_extract_task ([Errno 2] No such file or directory: '/home/user/airflow/customer.csv'; 61276)
[2022-10-09T18:10:51.990+0000] {local_task_job.py:156} INFO - Task exited with return code 1
[2022-10-09T18:10:52.109+0000] {local_task_job.py:279} INFO - 0 downstream tasks scheduled from follow-on schedule check
