[2022-10-06T13:11:24.362+0000] {taskinstance.py:1171} INFO - Dependencies all met for <TaskInstance: vecap_etl.geography_dim manual__2022-10-06T13:11:16.222543+00:00 [queued]>
[2022-10-06T13:11:24.383+0000] {taskinstance.py:1171} INFO - Dependencies all met for <TaskInstance: vecap_etl.geography_dim manual__2022-10-06T13:11:16.222543+00:00 [queued]>
[2022-10-06T13:11:24.384+0000] {taskinstance.py:1368} INFO - 
--------------------------------------------------------------------------------
[2022-10-06T13:11:24.386+0000] {taskinstance.py:1369} INFO - Starting attempt 1 of 1
[2022-10-06T13:11:24.387+0000] {taskinstance.py:1370} INFO - 
--------------------------------------------------------------------------------
[2022-10-06T13:11:24.416+0000] {taskinstance.py:1389} INFO - Executing <Task(PythonOperator): geography_dim> on 2022-10-06 13:11:16.222543+00:00
[2022-10-06T13:11:24.425+0000] {standard_task_runner.py:52} INFO - Started process 2968 to run task
[2022-10-06T13:11:24.430+0000] {standard_task_runner.py:79} INFO - Running: ['***', 'tasks', 'run', 'vecap_etl', 'geography_dim', 'manual__2022-10-06T13:11:16.222543+00:00', '--job-id', '193', '--raw', '--subdir', 'DAGS_FOLDER/c_dag.py', '--cfg-path', '/tmp/tmpqbl7fl0g', '--error-file', '/tmp/tmp5g4t1x88']
[2022-10-06T13:11:24.434+0000] {standard_task_runner.py:80} INFO - Job 193: Subtask geography_dim
[2022-10-06T13:11:24.566+0000] {task_command.py:371} INFO - Running <TaskInstance: vecap_etl.geography_dim manual__2022-10-06T13:11:16.222543+00:00 [running]> on host a41ad1c55a2c
[2022-10-06T13:11:24.696+0000] {taskinstance.py:1583} INFO - Exporting the following env vars:
AIRFLOW_CTX_DAG_EMAIL=admin@vecap.com
AIRFLOW_CTX_DAG_OWNER=***
AIRFLOW_CTX_DAG_ID=vecap_etl
AIRFLOW_CTX_TASK_ID=geography_dim
AIRFLOW_CTX_EXECUTION_DATE=2022-10-06T13:11:16.222543+00:00
AIRFLOW_CTX_TRY_NUMBER=1
AIRFLOW_CTX_DAG_RUN_ID=manual__2022-10-06T13:11:16.222543+00:00
[2022-10-06T13:11:38.131+0000] {python.py:173} INFO - Done. Returned value was: None
[2022-10-06T13:11:38.152+0000] {taskinstance.py:1412} INFO - Marking task as SUCCESS. dag_id=vecap_etl, task_id=geography_dim, execution_date=20221006T131116, start_date=20221006T131124, end_date=20221006T131138
[2022-10-06T13:11:38.212+0000] {local_task_job.py:156} INFO - Task exited with return code 0
