[2022-10-06T14:53:51.690+0000] {taskinstance.py:1171} INFO - Dependencies all met for <TaskInstance: vecap_etl.geography_dim manual__2022-10-06T14:53:43.395110+00:00 [queued]>
[2022-10-06T14:53:51.707+0000] {taskinstance.py:1171} INFO - Dependencies all met for <TaskInstance: vecap_etl.geography_dim manual__2022-10-06T14:53:43.395110+00:00 [queued]>
[2022-10-06T14:53:51.708+0000] {taskinstance.py:1368} INFO - 
--------------------------------------------------------------------------------
[2022-10-06T14:53:51.709+0000] {taskinstance.py:1369} INFO - Starting attempt 1 of 1
[2022-10-06T14:53:51.710+0000] {taskinstance.py:1370} INFO - 
--------------------------------------------------------------------------------
[2022-10-06T14:53:51.732+0000] {taskinstance.py:1389} INFO - Executing <Task(PythonOperator): geography_dim> on 2022-10-06 14:53:43.395110+00:00
[2022-10-06T14:53:51.741+0000] {standard_task_runner.py:52} INFO - Started process 8461 to run task
[2022-10-06T14:53:51.747+0000] {standard_task_runner.py:79} INFO - Running: ['***', 'tasks', 'run', 'vecap_etl', 'geography_dim', 'manual__2022-10-06T14:53:43.395110+00:00', '--job-id', '223', '--raw', '--subdir', 'DAGS_FOLDER/c_dag.py', '--cfg-path', '/tmp/tmpwlv10v0l', '--error-file', '/tmp/tmpw2h0ns2w']
[2022-10-06T14:53:51.751+0000] {standard_task_runner.py:80} INFO - Job 223: Subtask geography_dim
[2022-10-06T14:53:51.853+0000] {task_command.py:371} INFO - Running <TaskInstance: vecap_etl.geography_dim manual__2022-10-06T14:53:43.395110+00:00 [running]> on host a41ad1c55a2c
[2022-10-06T14:53:51.976+0000] {taskinstance.py:1583} INFO - Exporting the following env vars:
AIRFLOW_CTX_DAG_EMAIL=admin@vecap.com
AIRFLOW_CTX_DAG_OWNER=***
AIRFLOW_CTX_DAG_ID=vecap_etl
AIRFLOW_CTX_TASK_ID=geography_dim
AIRFLOW_CTX_EXECUTION_DATE=2022-10-06T14:53:43.395110+00:00
AIRFLOW_CTX_TRY_NUMBER=1
AIRFLOW_CTX_DAG_RUN_ID=manual__2022-10-06T14:53:43.395110+00:00
[2022-10-06T14:54:02.041+0000] {python.py:173} INFO - Done. Returned value was: {'Table processed ': 'Data imported successful'}
[2022-10-06T14:54:02.088+0000] {taskinstance.py:1412} INFO - Marking task as SUCCESS. dag_id=vecap_etl, task_id=geography_dim, execution_date=20221006T145343, start_date=20221006T145351, end_date=20221006T145402
[2022-10-06T14:54:02.139+0000] {local_task_job.py:156} INFO - Task exited with return code 0
