[2022-10-06T14:38:24.571+0000] {taskinstance.py:1171} INFO - Dependencies all met for <TaskInstance: vecap_etl.geography_dim manual__2022-10-06T14:38:18.176310+00:00 [queued]>
[2022-10-06T14:38:24.599+0000] {taskinstance.py:1171} INFO - Dependencies all met for <TaskInstance: vecap_etl.geography_dim manual__2022-10-06T14:38:18.176310+00:00 [queued]>
[2022-10-06T14:38:24.602+0000] {taskinstance.py:1368} INFO - 
--------------------------------------------------------------------------------
[2022-10-06T14:38:24.605+0000] {taskinstance.py:1369} INFO - Starting attempt 1 of 1
[2022-10-06T14:38:24.608+0000] {taskinstance.py:1370} INFO - 
--------------------------------------------------------------------------------
[2022-10-06T14:38:24.656+0000] {taskinstance.py:1389} INFO - Executing <Task(PythonOperator): geography_dim> on 2022-10-06 14:38:18.176310+00:00
[2022-10-06T14:38:24.684+0000] {standard_task_runner.py:52} INFO - Started process 7255 to run task
[2022-10-06T14:38:24.693+0000] {standard_task_runner.py:79} INFO - Running: ['***', 'tasks', 'run', 'vecap_etl', 'geography_dim', 'manual__2022-10-06T14:38:18.176310+00:00', '--job-id', '217', '--raw', '--subdir', 'DAGS_FOLDER/c_dag.py', '--cfg-path', '/tmp/tmph68xbzvn', '--error-file', '/tmp/tmp4kwcvnv4']
[2022-10-06T14:38:24.701+0000] {standard_task_runner.py:80} INFO - Job 217: Subtask geography_dim
[2022-10-06T14:38:24.839+0000] {task_command.py:371} INFO - Running <TaskInstance: vecap_etl.geography_dim manual__2022-10-06T14:38:18.176310+00:00 [running]> on host a41ad1c55a2c
[2022-10-06T14:38:24.989+0000] {taskinstance.py:1583} INFO - Exporting the following env vars:
AIRFLOW_CTX_DAG_EMAIL=admin@vecap.com
AIRFLOW_CTX_DAG_OWNER=***
AIRFLOW_CTX_DAG_ID=vecap_etl
AIRFLOW_CTX_TASK_ID=geography_dim
AIRFLOW_CTX_EXECUTION_DATE=2022-10-06T14:38:18.176310+00:00
AIRFLOW_CTX_TRY_NUMBER=1
AIRFLOW_CTX_DAG_RUN_ID=manual__2022-10-06T14:38:18.176310+00:00
[2022-10-06T14:38:35.772+0000] {python.py:173} INFO - Done. Returned value was: {'Table processed ': 'Data imported successful'}
[2022-10-06T14:38:35.823+0000] {taskinstance.py:1412} INFO - Marking task as SUCCESS. dag_id=vecap_etl, task_id=geography_dim, execution_date=20221006T143818, start_date=20221006T143824, end_date=20221006T143835
[2022-10-06T14:38:35.890+0000] {local_task_job.py:156} INFO - Task exited with return code 0
