[2022-09-25T14:21:30.515+0000] {processor.py:153} INFO - Started process (PID=174) to work on /opt/airflow/dags/c_dag.py
[2022-09-25T14:21:30.518+0000] {processor.py:640} INFO - Processing file /opt/airflow/dags/c_dag.py for tasks to queue
[2022-09-25T14:21:30.520+0000] {logging_mixin.py:115} INFO - [2022-09-25T14:21:30.520+0000] {dagbag.py:508} INFO - Filling up the DagBag from /opt/airflow/dags/c_dag.py
[2022-09-25T14:21:39.065+0000] {logging_mixin.py:115} INFO - [2022-09-25T14:21:39.061+0000] {base.py:68} INFO - Using connection ID 'home' for task execution.
[2022-09-25T14:21:39.100+0000] {logging_mixin.py:115} INFO - [2022-09-25T14:21:39.099+0000] {base.py:68} INFO - Using connection ID 'vecap_target' for task execution.
[2022-09-25T14:21:39.149+0000] {processor.py:650} INFO - DAG(s) dict_keys(['vecap_etl']) retrieved from /opt/airflow/dags/c_dag.py
[2022-09-25T14:21:39.591+0000] {logging_mixin.py:115} INFO - [2022-09-25T14:21:39.582+0000] {dag.py:2429} INFO - Sync 1 DAGs
[2022-09-25T14:21:40.374+0000] {logging_mixin.py:115} INFO - [2022-09-25T14:21:40.373+0000] {dag.py:2981} INFO - Setting next_dagrun for vecap_etl to 2022-09-24T00:00:00+00:00, run_after=2022-09-25T00:00:00+00:00
[2022-09-25T14:21:40.519+0000] {processor.py:161} INFO - Processing /opt/airflow/dags/c_dag.py took 10.008 seconds
[2022-09-25T14:22:38.462+0000] {processor.py:153} INFO - Started process (PID=418) to work on /opt/airflow/dags/c_dag.py
[2022-09-25T14:22:38.475+0000] {processor.py:640} INFO - Processing file /opt/airflow/dags/c_dag.py for tasks to queue
[2022-09-25T14:22:38.483+0000] {logging_mixin.py:115} INFO - [2022-09-25T14:22:38.481+0000] {dagbag.py:508} INFO - Filling up the DagBag from /opt/airflow/dags/c_dag.py
[2022-09-25T14:22:43.487+0000] {logging_mixin.py:115} INFO - [2022-09-25T14:22:43.486+0000] {base.py:68} INFO - Using connection ID 'home' for task execution.
[2022-09-25T14:22:43.503+0000] {logging_mixin.py:115} INFO - [2022-09-25T14:22:43.503+0000] {base.py:68} INFO - Using connection ID 'vecap_target' for task execution.
[2022-09-25T14:22:43.527+0000] {processor.py:650} INFO - DAG(s) dict_keys(['vecap_etl']) retrieved from /opt/airflow/dags/c_dag.py
[2022-09-25T14:22:43.576+0000] {logging_mixin.py:115} INFO - [2022-09-25T14:22:43.575+0000] {dag.py:2429} INFO - Sync 1 DAGs
[2022-09-25T14:22:43.662+0000] {logging_mixin.py:115} INFO - [2022-09-25T14:22:43.661+0000] {dag.py:2981} INFO - Setting next_dagrun for vecap_etl to 2022-09-25T00:00:00+00:00, run_after=2022-09-26T00:00:00+00:00
[2022-09-25T14:22:43.730+0000] {processor.py:161} INFO - Processing /opt/airflow/dags/c_dag.py took 5.206 seconds
[2022-09-25T14:23:14.262+0000] {processor.py:153} INFO - Started process (PID=631) to work on /opt/airflow/dags/c_dag.py
[2022-09-25T14:23:14.265+0000] {processor.py:640} INFO - Processing file /opt/airflow/dags/c_dag.py for tasks to queue
[2022-09-25T14:23:14.268+0000] {logging_mixin.py:115} INFO - [2022-09-25T14:23:14.268+0000] {dagbag.py:508} INFO - Filling up the DagBag from /opt/airflow/dags/c_dag.py
[2022-09-25T14:23:15.016+0000] {logging_mixin.py:115} INFO - [2022-09-25T14:23:15.015+0000] {base.py:68} INFO - Using connection ID 'home' for task execution.
[2022-09-25T14:23:15.024+0000] {logging_mixin.py:115} INFO - [2022-09-25T14:23:15.024+0000] {base.py:68} INFO - Using connection ID 'vecap_target' for task execution.
[2022-09-25T14:23:15.036+0000] {processor.py:650} INFO - DAG(s) dict_keys(['vecap_etl']) retrieved from /opt/airflow/dags/c_dag.py
[2022-09-25T14:23:15.060+0000] {logging_mixin.py:115} INFO - [2022-09-25T14:23:15.059+0000] {dag.py:2429} INFO - Sync 1 DAGs
[2022-09-25T14:23:15.098+0000] {logging_mixin.py:115} INFO - [2022-09-25T14:23:15.098+0000] {dag.py:2981} INFO - Setting next_dagrun for vecap_etl to 2022-09-25T00:00:00+00:00, run_after=2022-09-26T00:00:00+00:00
[2022-09-25T14:23:15.123+0000] {processor.py:161} INFO - Processing /opt/airflow/dags/c_dag.py took 0.869 seconds
[2022-09-25T14:23:45.308+0000] {processor.py:153} INFO - Started process (PID=841) to work on /opt/airflow/dags/c_dag.py
[2022-09-25T14:23:45.311+0000] {processor.py:640} INFO - Processing file /opt/airflow/dags/c_dag.py for tasks to queue
[2022-09-25T14:23:45.316+0000] {logging_mixin.py:115} INFO - [2022-09-25T14:23:45.315+0000] {dagbag.py:508} INFO - Filling up the DagBag from /opt/airflow/dags/c_dag.py
[2022-09-25T14:23:46.001+0000] {logging_mixin.py:115} INFO - [2022-09-25T14:23:46.000+0000] {base.py:68} INFO - Using connection ID 'home' for task execution.
[2022-09-25T14:23:46.006+0000] {logging_mixin.py:115} INFO - [2022-09-25T14:23:46.006+0000] {base.py:68} INFO - Using connection ID 'vecap_target' for task execution.
[2022-09-25T14:23:46.016+0000] {processor.py:650} INFO - DAG(s) dict_keys(['vecap_etl']) retrieved from /opt/airflow/dags/c_dag.py
[2022-09-25T14:23:46.046+0000] {logging_mixin.py:115} INFO - [2022-09-25T14:23:46.046+0000] {dag.py:2429} INFO - Sync 1 DAGs
[2022-09-25T14:23:46.082+0000] {logging_mixin.py:115} INFO - [2022-09-25T14:23:46.082+0000] {dag.py:2981} INFO - Setting next_dagrun for vecap_etl to 2022-09-25T00:00:00+00:00, run_after=2022-09-26T00:00:00+00:00
[2022-09-25T14:23:46.104+0000] {processor.py:161} INFO - Processing /opt/airflow/dags/c_dag.py took 0.806 seconds
[2022-09-25T14:24:16.608+0000] {processor.py:153} INFO - Started process (PID=1051) to work on /opt/airflow/dags/c_dag.py
[2022-09-25T14:24:16.612+0000] {processor.py:640} INFO - Processing file /opt/airflow/dags/c_dag.py for tasks to queue
[2022-09-25T14:24:16.615+0000] {logging_mixin.py:115} INFO - [2022-09-25T14:24:16.615+0000] {dagbag.py:508} INFO - Filling up the DagBag from /opt/airflow/dags/c_dag.py
[2022-09-25T14:24:17.264+0000] {logging_mixin.py:115} INFO - [2022-09-25T14:24:17.263+0000] {base.py:68} INFO - Using connection ID 'home' for task execution.
[2022-09-25T14:24:17.270+0000] {logging_mixin.py:115} INFO - [2022-09-25T14:24:17.270+0000] {base.py:68} INFO - Using connection ID 'vecap_target' for task execution.
[2022-09-25T14:24:17.279+0000] {processor.py:650} INFO - DAG(s) dict_keys(['vecap_etl']) retrieved from /opt/airflow/dags/c_dag.py
[2022-09-25T14:24:17.303+0000] {logging_mixin.py:115} INFO - [2022-09-25T14:24:17.302+0000] {dag.py:2429} INFO - Sync 1 DAGs
[2022-09-25T14:24:17.339+0000] {logging_mixin.py:115} INFO - [2022-09-25T14:24:17.339+0000] {dag.py:2981} INFO - Setting next_dagrun for vecap_etl to 2022-09-25T00:00:00+00:00, run_after=2022-09-26T00:00:00+00:00
[2022-09-25T14:24:17.360+0000] {processor.py:161} INFO - Processing /opt/airflow/dags/c_dag.py took 0.763 seconds
[2022-09-25T14:24:47.450+0000] {processor.py:153} INFO - Started process (PID=1257) to work on /opt/airflow/dags/c_dag.py
[2022-09-25T14:24:47.453+0000] {processor.py:640} INFO - Processing file /opt/airflow/dags/c_dag.py for tasks to queue
[2022-09-25T14:24:47.456+0000] {logging_mixin.py:115} INFO - [2022-09-25T14:24:47.456+0000] {dagbag.py:508} INFO - Filling up the DagBag from /opt/airflow/dags/c_dag.py
[2022-09-25T14:24:48.176+0000] {logging_mixin.py:115} INFO - [2022-09-25T14:24:48.176+0000] {base.py:68} INFO - Using connection ID 'home' for task execution.
[2022-09-25T14:24:48.182+0000] {logging_mixin.py:115} INFO - [2022-09-25T14:24:48.181+0000] {base.py:68} INFO - Using connection ID 'vecap_target' for task execution.
[2022-09-25T14:24:48.191+0000] {processor.py:650} INFO - DAG(s) dict_keys(['vecap_etl']) retrieved from /opt/airflow/dags/c_dag.py
[2022-09-25T14:24:48.220+0000] {logging_mixin.py:115} INFO - [2022-09-25T14:24:48.219+0000] {dag.py:2429} INFO - Sync 1 DAGs
[2022-09-25T14:24:48.260+0000] {logging_mixin.py:115} INFO - [2022-09-25T14:24:48.260+0000] {dag.py:2981} INFO - Setting next_dagrun for vecap_etl to 2022-09-25T00:00:00+00:00, run_after=2022-09-26T00:00:00+00:00
[2022-09-25T14:24:48.291+0000] {processor.py:161} INFO - Processing /opt/airflow/dags/c_dag.py took 0.853 seconds
[2022-09-25T14:25:18.370+0000] {processor.py:153} INFO - Started process (PID=1471) to work on /opt/airflow/dags/c_dag.py
[2022-09-25T14:25:18.372+0000] {processor.py:640} INFO - Processing file /opt/airflow/dags/c_dag.py for tasks to queue
[2022-09-25T14:25:18.373+0000] {logging_mixin.py:115} INFO - [2022-09-25T14:25:18.373+0000] {dagbag.py:508} INFO - Filling up the DagBag from /opt/airflow/dags/c_dag.py
[2022-09-25T14:25:18.965+0000] {logging_mixin.py:115} INFO - [2022-09-25T14:25:18.964+0000] {base.py:68} INFO - Using connection ID 'home' for task execution.
[2022-09-25T14:25:18.971+0000] {logging_mixin.py:115} INFO - [2022-09-25T14:25:18.971+0000] {base.py:68} INFO - Using connection ID 'vecap_target' for task execution.
[2022-09-25T14:25:18.979+0000] {processor.py:650} INFO - DAG(s) dict_keys(['vecap_etl']) retrieved from /opt/airflow/dags/c_dag.py
[2022-09-25T14:25:19.002+0000] {logging_mixin.py:115} INFO - [2022-09-25T14:25:19.001+0000] {dag.py:2429} INFO - Sync 1 DAGs
[2022-09-25T14:25:19.034+0000] {logging_mixin.py:115} INFO - [2022-09-25T14:25:19.033+0000] {dag.py:2981} INFO - Setting next_dagrun for vecap_etl to 2022-09-25T00:00:00+00:00, run_after=2022-09-26T00:00:00+00:00
[2022-09-25T14:25:19.054+0000] {processor.py:161} INFO - Processing /opt/airflow/dags/c_dag.py took 0.690 seconds
[2022-09-25T14:25:49.847+0000] {processor.py:153} INFO - Started process (PID=1686) to work on /opt/airflow/dags/c_dag.py
[2022-09-25T14:25:49.851+0000] {processor.py:640} INFO - Processing file /opt/airflow/dags/c_dag.py for tasks to queue
[2022-09-25T14:25:49.853+0000] {logging_mixin.py:115} INFO - [2022-09-25T14:25:49.853+0000] {dagbag.py:508} INFO - Filling up the DagBag from /opt/airflow/dags/c_dag.py
[2022-09-25T14:25:50.602+0000] {logging_mixin.py:115} INFO - [2022-09-25T14:25:50.602+0000] {base.py:68} INFO - Using connection ID 'home' for task execution.
[2022-09-25T14:25:50.608+0000] {logging_mixin.py:115} INFO - [2022-09-25T14:25:50.608+0000] {base.py:68} INFO - Using connection ID 'vecap_target' for task execution.
[2022-09-25T14:25:50.617+0000] {processor.py:650} INFO - DAG(s) dict_keys(['vecap_etl']) retrieved from /opt/airflow/dags/c_dag.py
[2022-09-25T14:25:50.641+0000] {logging_mixin.py:115} INFO - [2022-09-25T14:25:50.640+0000] {dag.py:2429} INFO - Sync 1 DAGs
[2022-09-25T14:25:50.676+0000] {logging_mixin.py:115} INFO - [2022-09-25T14:25:50.676+0000] {dag.py:2981} INFO - Setting next_dagrun for vecap_etl to 2022-09-25T00:00:00+00:00, run_after=2022-09-26T00:00:00+00:00
[2022-09-25T14:25:50.703+0000] {processor.py:161} INFO - Processing /opt/airflow/dags/c_dag.py took 0.864 seconds
[2022-09-25T14:26:20.829+0000] {processor.py:153} INFO - Started process (PID=1891) to work on /opt/airflow/dags/c_dag.py
[2022-09-25T14:26:20.837+0000] {processor.py:640} INFO - Processing file /opt/airflow/dags/c_dag.py for tasks to queue
[2022-09-25T14:26:20.838+0000] {logging_mixin.py:115} INFO - [2022-09-25T14:26:20.838+0000] {dagbag.py:508} INFO - Filling up the DagBag from /opt/airflow/dags/c_dag.py
[2022-09-25T14:26:21.349+0000] {logging_mixin.py:115} INFO - [2022-09-25T14:26:21.349+0000] {base.py:68} INFO - Using connection ID 'home' for task execution.
[2022-09-25T14:26:21.354+0000] {logging_mixin.py:115} INFO - [2022-09-25T14:26:21.354+0000] {base.py:68} INFO - Using connection ID 'vecap_target' for task execution.
[2022-09-25T14:26:21.361+0000] {processor.py:650} INFO - DAG(s) dict_keys(['vecap_etl']) retrieved from /opt/airflow/dags/c_dag.py
[2022-09-25T14:26:21.381+0000] {logging_mixin.py:115} INFO - [2022-09-25T14:26:21.380+0000] {dag.py:2429} INFO - Sync 1 DAGs
[2022-09-25T14:26:21.414+0000] {logging_mixin.py:115} INFO - [2022-09-25T14:26:21.414+0000] {dag.py:2981} INFO - Setting next_dagrun for vecap_etl to 2022-09-25T00:00:00+00:00, run_after=2022-09-26T00:00:00+00:00
[2022-09-25T14:26:21.440+0000] {processor.py:161} INFO - Processing /opt/airflow/dags/c_dag.py took 0.617 seconds
[2022-09-25T14:26:51.918+0000] {processor.py:153} INFO - Started process (PID=2106) to work on /opt/airflow/dags/c_dag.py
[2022-09-25T14:26:51.922+0000] {processor.py:640} INFO - Processing file /opt/airflow/dags/c_dag.py for tasks to queue
[2022-09-25T14:26:51.924+0000] {logging_mixin.py:115} INFO - [2022-09-25T14:26:51.924+0000] {dagbag.py:508} INFO - Filling up the DagBag from /opt/airflow/dags/c_dag.py
[2022-09-25T14:26:52.506+0000] {logging_mixin.py:115} INFO - [2022-09-25T14:26:52.506+0000] {base.py:68} INFO - Using connection ID 'home' for task execution.
[2022-09-25T14:26:52.512+0000] {logging_mixin.py:115} INFO - [2022-09-25T14:26:52.511+0000] {base.py:68} INFO - Using connection ID 'vecap_target' for task execution.
[2022-09-25T14:26:52.523+0000] {processor.py:650} INFO - DAG(s) dict_keys(['vecap_etl']) retrieved from /opt/airflow/dags/c_dag.py
[2022-09-25T14:26:52.548+0000] {logging_mixin.py:115} INFO - [2022-09-25T14:26:52.548+0000] {dag.py:2429} INFO - Sync 1 DAGs
[2022-09-25T14:26:52.583+0000] {logging_mixin.py:115} INFO - [2022-09-25T14:26:52.583+0000] {dag.py:2981} INFO - Setting next_dagrun for vecap_etl to 2022-09-25T00:00:00+00:00, run_after=2022-09-26T00:00:00+00:00
[2022-09-25T14:26:52.604+0000] {processor.py:161} INFO - Processing /opt/airflow/dags/c_dag.py took 0.692 seconds
[2022-09-25T14:27:23.156+0000] {processor.py:153} INFO - Started process (PID=2310) to work on /opt/airflow/dags/c_dag.py
[2022-09-25T14:27:23.161+0000] {processor.py:640} INFO - Processing file /opt/airflow/dags/c_dag.py for tasks to queue
[2022-09-25T14:27:23.164+0000] {logging_mixin.py:115} INFO - [2022-09-25T14:27:23.163+0000] {dagbag.py:508} INFO - Filling up the DagBag from /opt/airflow/dags/c_dag.py
[2022-09-25T14:27:23.798+0000] {logging_mixin.py:115} INFO - [2022-09-25T14:27:23.797+0000] {base.py:68} INFO - Using connection ID 'home' for task execution.
[2022-09-25T14:27:23.804+0000] {logging_mixin.py:115} INFO - [2022-09-25T14:27:23.804+0000] {base.py:68} INFO - Using connection ID 'vecap_target' for task execution.
[2022-09-25T14:27:23.814+0000] {processor.py:650} INFO - DAG(s) dict_keys(['vecap_etl']) retrieved from /opt/airflow/dags/c_dag.py
[2022-09-25T14:27:23.838+0000] {logging_mixin.py:115} INFO - [2022-09-25T14:27:23.837+0000] {dag.py:2429} INFO - Sync 1 DAGs
[2022-09-25T14:27:23.880+0000] {logging_mixin.py:115} INFO - [2022-09-25T14:27:23.880+0000] {dag.py:2981} INFO - Setting next_dagrun for vecap_etl to 2022-09-25T00:00:00+00:00, run_after=2022-09-26T00:00:00+00:00
[2022-09-25T14:27:23.907+0000] {processor.py:161} INFO - Processing /opt/airflow/dags/c_dag.py took 0.757 seconds
[2022-09-25T14:27:54.020+0000] {processor.py:153} INFO - Started process (PID=2523) to work on /opt/airflow/dags/c_dag.py
[2022-09-25T14:27:54.024+0000] {processor.py:640} INFO - Processing file /opt/airflow/dags/c_dag.py for tasks to queue
[2022-09-25T14:27:54.026+0000] {logging_mixin.py:115} INFO - [2022-09-25T14:27:54.026+0000] {dagbag.py:508} INFO - Filling up the DagBag from /opt/airflow/dags/c_dag.py
[2022-09-25T14:27:54.659+0000] {logging_mixin.py:115} INFO - [2022-09-25T14:27:54.659+0000] {base.py:68} INFO - Using connection ID 'home' for task execution.
[2022-09-25T14:27:54.665+0000] {logging_mixin.py:115} INFO - [2022-09-25T14:27:54.665+0000] {base.py:68} INFO - Using connection ID 'vecap_target' for task execution.
[2022-09-25T14:27:54.674+0000] {processor.py:650} INFO - DAG(s) dict_keys(['vecap_etl']) retrieved from /opt/airflow/dags/c_dag.py
[2022-09-25T14:27:54.701+0000] {logging_mixin.py:115} INFO - [2022-09-25T14:27:54.701+0000] {dag.py:2429} INFO - Sync 1 DAGs
[2022-09-25T14:27:54.751+0000] {logging_mixin.py:115} INFO - [2022-09-25T14:27:54.750+0000] {dag.py:2981} INFO - Setting next_dagrun for vecap_etl to 2022-09-25T00:00:00+00:00, run_after=2022-09-26T00:00:00+00:00
[2022-09-25T14:27:54.775+0000] {processor.py:161} INFO - Processing /opt/airflow/dags/c_dag.py took 0.767 seconds
[2022-09-25T14:28:25.558+0000] {processor.py:153} INFO - Started process (PID=2728) to work on /opt/airflow/dags/c_dag.py
[2022-09-25T14:28:25.561+0000] {processor.py:640} INFO - Processing file /opt/airflow/dags/c_dag.py for tasks to queue
[2022-09-25T14:28:25.564+0000] {logging_mixin.py:115} INFO - [2022-09-25T14:28:25.564+0000] {dagbag.py:508} INFO - Filling up the DagBag from /opt/airflow/dags/c_dag.py
[2022-09-25T14:28:26.279+0000] {logging_mixin.py:115} INFO - [2022-09-25T14:28:26.278+0000] {base.py:68} INFO - Using connection ID 'home' for task execution.
[2022-09-25T14:28:26.291+0000] {logging_mixin.py:115} INFO - [2022-09-25T14:28:26.290+0000] {base.py:68} INFO - Using connection ID 'vecap_target' for task execution.
[2022-09-25T14:28:26.318+0000] {processor.py:650} INFO - DAG(s) dict_keys(['vecap_etl']) retrieved from /opt/airflow/dags/c_dag.py
[2022-09-25T14:28:26.351+0000] {logging_mixin.py:115} INFO - [2022-09-25T14:28:26.349+0000] {dag.py:2429} INFO - Sync 1 DAGs
[2022-09-25T14:28:26.400+0000] {logging_mixin.py:115} INFO - [2022-09-25T14:28:26.400+0000] {dag.py:2981} INFO - Setting next_dagrun for vecap_etl to 2022-09-25T00:00:00+00:00, run_after=2022-09-26T00:00:00+00:00
[2022-09-25T14:28:26.419+0000] {processor.py:161} INFO - Processing /opt/airflow/dags/c_dag.py took 0.871 seconds
[2022-09-25T14:28:57.116+0000] {processor.py:153} INFO - Started process (PID=2942) to work on /opt/airflow/dags/c_dag.py
[2022-09-25T14:28:57.119+0000] {processor.py:640} INFO - Processing file /opt/airflow/dags/c_dag.py for tasks to queue
[2022-09-25T14:28:57.121+0000] {logging_mixin.py:115} INFO - [2022-09-25T14:28:57.120+0000] {dagbag.py:508} INFO - Filling up the DagBag from /opt/airflow/dags/c_dag.py
[2022-09-25T14:28:57.678+0000] {logging_mixin.py:115} INFO - [2022-09-25T14:28:57.677+0000] {base.py:68} INFO - Using connection ID 'home' for task execution.
[2022-09-25T14:28:57.683+0000] {logging_mixin.py:115} INFO - [2022-09-25T14:28:57.683+0000] {base.py:68} INFO - Using connection ID 'vecap_target' for task execution.
[2022-09-25T14:28:57.691+0000] {processor.py:650} INFO - DAG(s) dict_keys(['vecap_etl']) retrieved from /opt/airflow/dags/c_dag.py
[2022-09-25T14:28:57.714+0000] {logging_mixin.py:115} INFO - [2022-09-25T14:28:57.713+0000] {dag.py:2429} INFO - Sync 1 DAGs
[2022-09-25T14:28:57.769+0000] {logging_mixin.py:115} INFO - [2022-09-25T14:28:57.768+0000] {dag.py:2981} INFO - Setting next_dagrun for vecap_etl to 2022-09-25T00:00:00+00:00, run_after=2022-09-26T00:00:00+00:00
[2022-09-25T14:28:57.810+0000] {processor.py:161} INFO - Processing /opt/airflow/dags/c_dag.py took 0.705 seconds
[2022-09-25T14:29:27.981+0000] {processor.py:153} INFO - Started process (PID=3147) to work on /opt/airflow/dags/c_dag.py
[2022-09-25T14:29:27.985+0000] {processor.py:640} INFO - Processing file /opt/airflow/dags/c_dag.py for tasks to queue
[2022-09-25T14:29:27.988+0000] {logging_mixin.py:115} INFO - [2022-09-25T14:29:27.987+0000] {dagbag.py:508} INFO - Filling up the DagBag from /opt/airflow/dags/c_dag.py
[2022-09-25T14:29:28.743+0000] {logging_mixin.py:115} INFO - [2022-09-25T14:29:28.741+0000] {base.py:68} INFO - Using connection ID 'home' for task execution.
[2022-09-25T14:29:28.751+0000] {logging_mixin.py:115} INFO - [2022-09-25T14:29:28.750+0000] {base.py:68} INFO - Using connection ID 'vecap_target' for task execution.
[2022-09-25T14:29:28.765+0000] {processor.py:650} INFO - DAG(s) dict_keys(['vecap_etl']) retrieved from /opt/airflow/dags/c_dag.py
[2022-09-25T14:29:28.798+0000] {logging_mixin.py:115} INFO - [2022-09-25T14:29:28.797+0000] {dag.py:2429} INFO - Sync 1 DAGs
[2022-09-25T14:29:28.856+0000] {logging_mixin.py:115} INFO - [2022-09-25T14:29:28.856+0000] {dag.py:2981} INFO - Setting next_dagrun for vecap_etl to 2022-09-25T00:00:00+00:00, run_after=2022-09-26T00:00:00+00:00
[2022-09-25T14:29:28.885+0000] {processor.py:161} INFO - Processing /opt/airflow/dags/c_dag.py took 0.917 seconds
[2022-09-25T14:29:58.994+0000] {processor.py:153} INFO - Started process (PID=3362) to work on /opt/airflow/dags/c_dag.py
[2022-09-25T14:29:59.002+0000] {processor.py:640} INFO - Processing file /opt/airflow/dags/c_dag.py for tasks to queue
[2022-09-25T14:29:59.003+0000] {logging_mixin.py:115} INFO - [2022-09-25T14:29:59.003+0000] {dagbag.py:508} INFO - Filling up the DagBag from /opt/airflow/dags/c_dag.py
[2022-09-25T14:29:59.582+0000] {logging_mixin.py:115} INFO - [2022-09-25T14:29:59.581+0000] {base.py:68} INFO - Using connection ID 'home' for task execution.
[2022-09-25T14:29:59.589+0000] {logging_mixin.py:115} INFO - [2022-09-25T14:29:59.588+0000] {base.py:68} INFO - Using connection ID 'vecap_target' for task execution.
[2022-09-25T14:29:59.599+0000] {processor.py:650} INFO - DAG(s) dict_keys(['vecap_etl']) retrieved from /opt/airflow/dags/c_dag.py
[2022-09-25T14:29:59.627+0000] {logging_mixin.py:115} INFO - [2022-09-25T14:29:59.626+0000] {dag.py:2429} INFO - Sync 1 DAGs
[2022-09-25T14:29:59.664+0000] {logging_mixin.py:115} INFO - [2022-09-25T14:29:59.664+0000] {dag.py:2981} INFO - Setting next_dagrun for vecap_etl to 2022-09-25T00:00:00+00:00, run_after=2022-09-26T00:00:00+00:00
[2022-09-25T14:29:59.684+0000] {processor.py:161} INFO - Processing /opt/airflow/dags/c_dag.py took 0.698 seconds
[2022-09-25T14:30:29.868+0000] {processor.py:153} INFO - Started process (PID=3567) to work on /opt/airflow/dags/c_dag.py
[2022-09-25T14:30:29.877+0000] {processor.py:640} INFO - Processing file /opt/airflow/dags/c_dag.py for tasks to queue
[2022-09-25T14:30:29.880+0000] {logging_mixin.py:115} INFO - [2022-09-25T14:30:29.880+0000] {dagbag.py:508} INFO - Filling up the DagBag from /opt/airflow/dags/c_dag.py
[2022-09-25T14:30:30.636+0000] {logging_mixin.py:115} INFO - [2022-09-25T14:30:30.635+0000] {base.py:68} INFO - Using connection ID 'home' for task execution.
[2022-09-25T14:30:30.643+0000] {logging_mixin.py:115} INFO - [2022-09-25T14:30:30.643+0000] {base.py:68} INFO - Using connection ID 'vecap_target' for task execution.
[2022-09-25T14:30:30.654+0000] {processor.py:650} INFO - DAG(s) dict_keys(['vecap_etl']) retrieved from /opt/airflow/dags/c_dag.py
[2022-09-25T14:30:30.680+0000] {logging_mixin.py:115} INFO - [2022-09-25T14:30:30.680+0000] {dag.py:2429} INFO - Sync 1 DAGs
[2022-09-25T14:30:30.738+0000] {logging_mixin.py:115} INFO - [2022-09-25T14:30:30.738+0000] {dag.py:2981} INFO - Setting next_dagrun for vecap_etl to 2022-09-25T00:00:00+00:00, run_after=2022-09-26T00:00:00+00:00
[2022-09-25T14:30:30.759+0000] {processor.py:161} INFO - Processing /opt/airflow/dags/c_dag.py took 0.912 seconds
[2022-09-25T14:31:01.178+0000] {processor.py:153} INFO - Started process (PID=3781) to work on /opt/airflow/dags/c_dag.py
[2022-09-25T14:31:01.186+0000] {processor.py:640} INFO - Processing file /opt/airflow/dags/c_dag.py for tasks to queue
[2022-09-25T14:31:01.188+0000] {logging_mixin.py:115} INFO - [2022-09-25T14:31:01.188+0000] {dagbag.py:508} INFO - Filling up the DagBag from /opt/airflow/dags/c_dag.py
[2022-09-25T14:31:01.917+0000] {logging_mixin.py:115} INFO - [2022-09-25T14:31:01.916+0000] {base.py:68} INFO - Using connection ID 'home' for task execution.
[2022-09-25T14:31:01.923+0000] {logging_mixin.py:115} INFO - [2022-09-25T14:31:01.923+0000] {base.py:68} INFO - Using connection ID 'vecap_target' for task execution.
[2022-09-25T14:31:01.931+0000] {processor.py:650} INFO - DAG(s) dict_keys(['vecap_etl']) retrieved from /opt/airflow/dags/c_dag.py
[2022-09-25T14:31:01.953+0000] {logging_mixin.py:115} INFO - [2022-09-25T14:31:01.952+0000] {dag.py:2429} INFO - Sync 1 DAGs
[2022-09-25T14:31:01.991+0000] {logging_mixin.py:115} INFO - [2022-09-25T14:31:01.990+0000] {dag.py:2981} INFO - Setting next_dagrun for vecap_etl to 2022-09-25T00:00:00+00:00, run_after=2022-09-26T00:00:00+00:00
[2022-09-25T14:31:02.007+0000] {processor.py:161} INFO - Processing /opt/airflow/dags/c_dag.py took 0.834 seconds
[2022-09-25T14:31:32.612+0000] {processor.py:153} INFO - Started process (PID=3987) to work on /opt/airflow/dags/c_dag.py
[2022-09-25T14:31:32.627+0000] {processor.py:640} INFO - Processing file /opt/airflow/dags/c_dag.py for tasks to queue
[2022-09-25T14:31:32.637+0000] {logging_mixin.py:115} INFO - [2022-09-25T14:31:32.636+0000] {dagbag.py:508} INFO - Filling up the DagBag from /opt/airflow/dags/c_dag.py
[2022-09-25T14:31:33.471+0000] {logging_mixin.py:115} INFO - [2022-09-25T14:31:33.469+0000] {base.py:68} INFO - Using connection ID 'home' for task execution.
[2022-09-25T14:31:33.480+0000] {logging_mixin.py:115} INFO - [2022-09-25T14:31:33.479+0000] {base.py:68} INFO - Using connection ID 'vecap_target' for task execution.
[2022-09-25T14:31:33.488+0000] {processor.py:650} INFO - DAG(s) dict_keys(['vecap_etl']) retrieved from /opt/airflow/dags/c_dag.py
[2022-09-25T14:31:33.515+0000] {logging_mixin.py:115} INFO - [2022-09-25T14:31:33.514+0000] {dag.py:2429} INFO - Sync 1 DAGs
[2022-09-25T14:31:33.555+0000] {logging_mixin.py:115} INFO - [2022-09-25T14:31:33.555+0000] {dag.py:2981} INFO - Setting next_dagrun for vecap_etl to 2022-09-25T00:00:00+00:00, run_after=2022-09-26T00:00:00+00:00
[2022-09-25T14:31:33.576+0000] {processor.py:161} INFO - Processing /opt/airflow/dags/c_dag.py took 0.978 seconds
[2022-09-25T14:32:03.760+0000] {processor.py:153} INFO - Started process (PID=4200) to work on /opt/airflow/dags/c_dag.py
[2022-09-25T14:32:03.768+0000] {processor.py:640} INFO - Processing file /opt/airflow/dags/c_dag.py for tasks to queue
[2022-09-25T14:32:03.771+0000] {logging_mixin.py:115} INFO - [2022-09-25T14:32:03.771+0000] {dagbag.py:508} INFO - Filling up the DagBag from /opt/airflow/dags/c_dag.py
[2022-09-25T14:32:04.412+0000] {logging_mixin.py:115} INFO - [2022-09-25T14:32:04.411+0000] {base.py:68} INFO - Using connection ID 'home' for task execution.
[2022-09-25T14:32:04.418+0000] {logging_mixin.py:115} INFO - [2022-09-25T14:32:04.417+0000] {base.py:68} INFO - Using connection ID 'vecap_target' for task execution.
[2022-09-25T14:32:04.426+0000] {processor.py:650} INFO - DAG(s) dict_keys(['vecap_etl']) retrieved from /opt/airflow/dags/c_dag.py
[2022-09-25T14:32:04.450+0000] {logging_mixin.py:115} INFO - [2022-09-25T14:32:04.449+0000] {dag.py:2429} INFO - Sync 1 DAGs
[2022-09-25T14:32:04.483+0000] {logging_mixin.py:115} INFO - [2022-09-25T14:32:04.483+0000] {dag.py:2981} INFO - Setting next_dagrun for vecap_etl to 2022-09-25T00:00:00+00:00, run_after=2022-09-26T00:00:00+00:00
[2022-09-25T14:32:04.500+0000] {processor.py:161} INFO - Processing /opt/airflow/dags/c_dag.py took 0.747 seconds
[2022-09-25T14:32:34.684+0000] {processor.py:153} INFO - Started process (PID=4405) to work on /opt/airflow/dags/c_dag.py
[2022-09-25T14:32:34.693+0000] {processor.py:640} INFO - Processing file /opt/airflow/dags/c_dag.py for tasks to queue
[2022-09-25T14:32:34.696+0000] {logging_mixin.py:115} INFO - [2022-09-25T14:32:34.695+0000] {dagbag.py:508} INFO - Filling up the DagBag from /opt/airflow/dags/c_dag.py
[2022-09-25T14:32:35.543+0000] {logging_mixin.py:115} INFO - [2022-09-25T14:32:35.542+0000] {base.py:68} INFO - Using connection ID 'home' for task execution.
[2022-09-25T14:32:35.554+0000] {logging_mixin.py:115} INFO - [2022-09-25T14:32:35.554+0000] {base.py:68} INFO - Using connection ID 'vecap_target' for task execution.
[2022-09-25T14:32:35.565+0000] {processor.py:650} INFO - DAG(s) dict_keys(['vecap_etl']) retrieved from /opt/airflow/dags/c_dag.py
[2022-09-25T14:32:35.596+0000] {logging_mixin.py:115} INFO - [2022-09-25T14:32:35.595+0000] {dag.py:2429} INFO - Sync 1 DAGs
[2022-09-25T14:32:35.647+0000] {logging_mixin.py:115} INFO - [2022-09-25T14:32:35.646+0000] {dag.py:2981} INFO - Setting next_dagrun for vecap_etl to 2022-09-25T00:00:00+00:00, run_after=2022-09-26T00:00:00+00:00
[2022-09-25T14:32:35.674+0000] {processor.py:161} INFO - Processing /opt/airflow/dags/c_dag.py took 0.998 seconds
[2022-09-25T14:33:06.252+0000] {processor.py:153} INFO - Started process (PID=4625) to work on /opt/airflow/dags/c_dag.py
[2022-09-25T14:33:06.261+0000] {processor.py:640} INFO - Processing file /opt/airflow/dags/c_dag.py for tasks to queue
[2022-09-25T14:33:06.264+0000] {logging_mixin.py:115} INFO - [2022-09-25T14:33:06.264+0000] {dagbag.py:508} INFO - Filling up the DagBag from /opt/airflow/dags/c_dag.py
[2022-09-25T14:33:07.048+0000] {logging_mixin.py:115} INFO - [2022-09-25T14:33:07.047+0000] {base.py:68} INFO - Using connection ID 'home' for task execution.
[2022-09-25T14:33:07.055+0000] {logging_mixin.py:115} INFO - [2022-09-25T14:33:07.055+0000] {base.py:68} INFO - Using connection ID 'vecap_target' for task execution.
[2022-09-25T14:33:07.066+0000] {processor.py:650} INFO - DAG(s) dict_keys(['vecap_etl']) retrieved from /opt/airflow/dags/c_dag.py
[2022-09-25T14:33:07.094+0000] {logging_mixin.py:115} INFO - [2022-09-25T14:33:07.093+0000] {dag.py:2429} INFO - Sync 1 DAGs
[2022-09-25T14:33:07.136+0000] {logging_mixin.py:115} INFO - [2022-09-25T14:33:07.135+0000] {dag.py:2981} INFO - Setting next_dagrun for vecap_etl to 2022-09-25T00:00:00+00:00, run_after=2022-09-26T00:00:00+00:00
[2022-09-25T14:33:07.155+0000] {processor.py:161} INFO - Processing /opt/airflow/dags/c_dag.py took 0.909 seconds
[2022-09-25T14:33:37.549+0000] {processor.py:153} INFO - Started process (PID=4841) to work on /opt/airflow/dags/c_dag.py
[2022-09-25T14:33:37.552+0000] {processor.py:640} INFO - Processing file /opt/airflow/dags/c_dag.py for tasks to queue
[2022-09-25T14:33:37.555+0000] {logging_mixin.py:115} INFO - [2022-09-25T14:33:37.554+0000] {dagbag.py:508} INFO - Filling up the DagBag from /opt/airflow/dags/c_dag.py
[2022-09-25T14:33:38.574+0000] {logging_mixin.py:115} INFO - [2022-09-25T14:33:38.573+0000] {base.py:68} INFO - Using connection ID 'home' for task execution.
[2022-09-25T14:33:38.587+0000] {logging_mixin.py:115} INFO - [2022-09-25T14:33:38.587+0000] {base.py:68} INFO - Using connection ID 'vecap_target' for task execution.
[2022-09-25T14:33:38.600+0000] {processor.py:650} INFO - DAG(s) dict_keys(['vecap_etl']) retrieved from /opt/airflow/dags/c_dag.py
[2022-09-25T14:33:38.636+0000] {logging_mixin.py:115} INFO - [2022-09-25T14:33:38.636+0000] {dag.py:2429} INFO - Sync 1 DAGs
[2022-09-25T14:33:38.699+0000] {logging_mixin.py:115} INFO - [2022-09-25T14:33:38.699+0000] {dag.py:2981} INFO - Setting next_dagrun for vecap_etl to 2022-09-25T00:00:00+00:00, run_after=2022-09-26T00:00:00+00:00
[2022-09-25T14:33:38.729+0000] {processor.py:161} INFO - Processing /opt/airflow/dags/c_dag.py took 1.186 seconds
[2022-09-25T14:34:08.941+0000] {processor.py:153} INFO - Started process (PID=5067) to work on /opt/airflow/dags/c_dag.py
[2022-09-25T14:34:08.944+0000] {processor.py:640} INFO - Processing file /opt/airflow/dags/c_dag.py for tasks to queue
[2022-09-25T14:34:08.945+0000] {logging_mixin.py:115} INFO - [2022-09-25T14:34:08.945+0000] {dagbag.py:508} INFO - Filling up the DagBag from /opt/airflow/dags/c_dag.py
[2022-09-25T14:34:09.680+0000] {logging_mixin.py:115} INFO - [2022-09-25T14:34:09.679+0000] {base.py:68} INFO - Using connection ID 'home' for task execution.
[2022-09-25T14:34:09.685+0000] {logging_mixin.py:115} INFO - [2022-09-25T14:34:09.685+0000] {base.py:68} INFO - Using connection ID 'vecap_target' for task execution.
[2022-09-25T14:34:09.696+0000] {processor.py:650} INFO - DAG(s) dict_keys(['vecap_etl']) retrieved from /opt/airflow/dags/c_dag.py
[2022-09-25T14:34:09.721+0000] {logging_mixin.py:115} INFO - [2022-09-25T14:34:09.720+0000] {dag.py:2429} INFO - Sync 1 DAGs
[2022-09-25T14:34:09.764+0000] {logging_mixin.py:115} INFO - [2022-09-25T14:34:09.764+0000] {dag.py:2981} INFO - Setting next_dagrun for vecap_etl to 2022-09-25T00:00:00+00:00, run_after=2022-09-26T00:00:00+00:00
[2022-09-25T14:34:09.780+0000] {processor.py:161} INFO - Processing /opt/airflow/dags/c_dag.py took 0.844 seconds
[2022-09-25T14:34:39.984+0000] {processor.py:153} INFO - Started process (PID=5286) to work on /opt/airflow/dags/c_dag.py
[2022-09-25T14:34:39.987+0000] {processor.py:640} INFO - Processing file /opt/airflow/dags/c_dag.py for tasks to queue
[2022-09-25T14:34:39.989+0000] {logging_mixin.py:115} INFO - [2022-09-25T14:34:39.988+0000] {dagbag.py:508} INFO - Filling up the DagBag from /opt/airflow/dags/c_dag.py
[2022-09-25T14:34:40.631+0000] {logging_mixin.py:115} INFO - [2022-09-25T14:34:40.630+0000] {base.py:68} INFO - Using connection ID 'home' for task execution.
[2022-09-25T14:34:40.638+0000] {logging_mixin.py:115} INFO - [2022-09-25T14:34:40.638+0000] {base.py:68} INFO - Using connection ID 'vecap_target' for task execution.
[2022-09-25T14:34:40.647+0000] {processor.py:650} INFO - DAG(s) dict_keys(['vecap_etl']) retrieved from /opt/airflow/dags/c_dag.py
[2022-09-25T14:34:40.671+0000] {logging_mixin.py:115} INFO - [2022-09-25T14:34:40.671+0000] {dag.py:2429} INFO - Sync 1 DAGs
[2022-09-25T14:34:40.722+0000] {logging_mixin.py:115} INFO - [2022-09-25T14:34:40.722+0000] {dag.py:2981} INFO - Setting next_dagrun for vecap_etl to 2022-09-25T00:00:00+00:00, run_after=2022-09-26T00:00:00+00:00
[2022-09-25T14:34:40.730+0000] {processor.py:161} INFO - Processing /opt/airflow/dags/c_dag.py took 0.773 seconds
[2022-09-25T14:35:11.496+0000] {processor.py:153} INFO - Started process (PID=5506) to work on /opt/airflow/dags/c_dag.py
[2022-09-25T14:35:11.502+0000] {processor.py:640} INFO - Processing file /opt/airflow/dags/c_dag.py for tasks to queue
[2022-09-25T14:35:11.510+0000] {logging_mixin.py:115} INFO - [2022-09-25T14:35:11.510+0000] {dagbag.py:508} INFO - Filling up the DagBag from /opt/airflow/dags/c_dag.py
[2022-09-25T14:35:12.321+0000] {logging_mixin.py:115} INFO - [2022-09-25T14:35:12.320+0000] {base.py:68} INFO - Using connection ID 'home' for task execution.
[2022-09-25T14:35:12.330+0000] {logging_mixin.py:115} INFO - [2022-09-25T14:35:12.329+0000] {base.py:68} INFO - Using connection ID 'vecap_target' for task execution.
[2022-09-25T14:35:12.345+0000] {processor.py:650} INFO - DAG(s) dict_keys(['vecap_etl']) retrieved from /opt/airflow/dags/c_dag.py
[2022-09-25T14:35:12.377+0000] {logging_mixin.py:115} INFO - [2022-09-25T14:35:12.376+0000] {dag.py:2429} INFO - Sync 1 DAGs
[2022-09-25T14:35:12.433+0000] {logging_mixin.py:115} INFO - [2022-09-25T14:35:12.433+0000] {dag.py:2981} INFO - Setting next_dagrun for vecap_etl to 2022-09-25T00:00:00+00:00, run_after=2022-09-26T00:00:00+00:00
[2022-09-25T14:35:12.464+0000] {processor.py:161} INFO - Processing /opt/airflow/dags/c_dag.py took 0.975 seconds
[2022-09-25T14:35:42.737+0000] {processor.py:153} INFO - Started process (PID=5726) to work on /opt/airflow/dags/c_dag.py
[2022-09-25T14:35:42.742+0000] {processor.py:640} INFO - Processing file /opt/airflow/dags/c_dag.py for tasks to queue
[2022-09-25T14:35:42.746+0000] {logging_mixin.py:115} INFO - [2022-09-25T14:35:42.746+0000] {dagbag.py:508} INFO - Filling up the DagBag from /opt/airflow/dags/c_dag.py
[2022-09-25T14:35:43.412+0000] {logging_mixin.py:115} INFO - [2022-09-25T14:35:43.411+0000] {base.py:68} INFO - Using connection ID 'home' for task execution.
[2022-09-25T14:35:43.418+0000] {logging_mixin.py:115} INFO - [2022-09-25T14:35:43.418+0000] {base.py:68} INFO - Using connection ID 'vecap_target' for task execution.
[2022-09-25T14:35:43.426+0000] {processor.py:650} INFO - DAG(s) dict_keys(['vecap_etl']) retrieved from /opt/airflow/dags/c_dag.py
[2022-09-25T14:35:43.452+0000] {logging_mixin.py:115} INFO - [2022-09-25T14:35:43.452+0000] {dag.py:2429} INFO - Sync 1 DAGs
[2022-09-25T14:35:43.491+0000] {logging_mixin.py:115} INFO - [2022-09-25T14:35:43.490+0000] {dag.py:2981} INFO - Setting next_dagrun for vecap_etl to 2022-09-25T00:00:00+00:00, run_after=2022-09-26T00:00:00+00:00
[2022-09-25T14:35:43.507+0000] {processor.py:161} INFO - Processing /opt/airflow/dags/c_dag.py took 0.776 seconds
[2022-09-25T14:36:13.725+0000] {processor.py:153} INFO - Started process (PID=5951) to work on /opt/airflow/dags/c_dag.py
[2022-09-25T14:36:13.728+0000] {processor.py:640} INFO - Processing file /opt/airflow/dags/c_dag.py for tasks to queue
[2022-09-25T14:36:13.730+0000] {logging_mixin.py:115} INFO - [2022-09-25T14:36:13.730+0000] {dagbag.py:508} INFO - Filling up the DagBag from /opt/airflow/dags/c_dag.py
[2022-09-25T14:36:14.381+0000] {logging_mixin.py:115} INFO - [2022-09-25T14:36:14.380+0000] {base.py:68} INFO - Using connection ID 'home' for task execution.
[2022-09-25T14:36:14.387+0000] {logging_mixin.py:115} INFO - [2022-09-25T14:36:14.387+0000] {base.py:68} INFO - Using connection ID 'vecap_target' for task execution.
[2022-09-25T14:36:14.395+0000] {processor.py:650} INFO - DAG(s) dict_keys(['vecap_etl']) retrieved from /opt/airflow/dags/c_dag.py
[2022-09-25T14:36:14.421+0000] {logging_mixin.py:115} INFO - [2022-09-25T14:36:14.420+0000] {dag.py:2429} INFO - Sync 1 DAGs
[2022-09-25T14:36:14.456+0000] {logging_mixin.py:115} INFO - [2022-09-25T14:36:14.456+0000] {dag.py:2981} INFO - Setting next_dagrun for vecap_etl to 2022-09-25T00:00:00+00:00, run_after=2022-09-26T00:00:00+00:00
[2022-09-25T14:36:14.474+0000] {processor.py:161} INFO - Processing /opt/airflow/dags/c_dag.py took 0.755 seconds
[2022-09-25T14:36:45.091+0000] {processor.py:153} INFO - Started process (PID=6156) to work on /opt/airflow/dags/c_dag.py
[2022-09-25T14:36:45.094+0000] {processor.py:640} INFO - Processing file /opt/airflow/dags/c_dag.py for tasks to queue
[2022-09-25T14:36:45.097+0000] {logging_mixin.py:115} INFO - [2022-09-25T14:36:45.097+0000] {dagbag.py:508} INFO - Filling up the DagBag from /opt/airflow/dags/c_dag.py
[2022-09-25T14:36:45.770+0000] {logging_mixin.py:115} INFO - [2022-09-25T14:36:45.769+0000] {base.py:68} INFO - Using connection ID 'home' for task execution.
[2022-09-25T14:36:45.775+0000] {logging_mixin.py:115} INFO - [2022-09-25T14:36:45.775+0000] {base.py:68} INFO - Using connection ID 'vecap_target' for task execution.
[2022-09-25T14:36:45.785+0000] {processor.py:650} INFO - DAG(s) dict_keys(['vecap_etl']) retrieved from /opt/airflow/dags/c_dag.py
[2022-09-25T14:36:45.810+0000] {logging_mixin.py:115} INFO - [2022-09-25T14:36:45.809+0000] {dag.py:2429} INFO - Sync 1 DAGs
[2022-09-25T14:36:45.850+0000] {logging_mixin.py:115} INFO - [2022-09-25T14:36:45.849+0000] {dag.py:2981} INFO - Setting next_dagrun for vecap_etl to 2022-09-25T00:00:00+00:00, run_after=2022-09-26T00:00:00+00:00
[2022-09-25T14:36:45.874+0000] {processor.py:161} INFO - Processing /opt/airflow/dags/c_dag.py took 0.789 seconds
[2022-09-25T14:37:16.138+0000] {processor.py:153} INFO - Started process (PID=6376) to work on /opt/airflow/dags/c_dag.py
[2022-09-25T14:37:16.141+0000] {processor.py:640} INFO - Processing file /opt/airflow/dags/c_dag.py for tasks to queue
[2022-09-25T14:37:16.143+0000] {logging_mixin.py:115} INFO - [2022-09-25T14:37:16.143+0000] {dagbag.py:508} INFO - Filling up the DagBag from /opt/airflow/dags/c_dag.py
[2022-09-25T14:37:16.852+0000] {logging_mixin.py:115} INFO - [2022-09-25T14:37:16.851+0000] {base.py:68} INFO - Using connection ID 'home' for task execution.
[2022-09-25T14:37:16.857+0000] {logging_mixin.py:115} INFO - [2022-09-25T14:37:16.857+0000] {base.py:68} INFO - Using connection ID 'vecap_target' for task execution.
[2022-09-25T14:37:16.873+0000] {processor.py:650} INFO - DAG(s) dict_keys(['vecap_etl']) retrieved from /opt/airflow/dags/c_dag.py
[2022-09-25T14:37:16.902+0000] {logging_mixin.py:115} INFO - [2022-09-25T14:37:16.902+0000] {dag.py:2429} INFO - Sync 1 DAGs
[2022-09-25T14:37:16.939+0000] {logging_mixin.py:115} INFO - [2022-09-25T14:37:16.939+0000] {dag.py:2981} INFO - Setting next_dagrun for vecap_etl to 2022-09-25T00:00:00+00:00, run_after=2022-09-26T00:00:00+00:00
[2022-09-25T14:37:16.958+0000] {processor.py:161} INFO - Processing /opt/airflow/dags/c_dag.py took 0.825 seconds
[2022-09-25T14:37:47.140+0000] {processor.py:153} INFO - Started process (PID=6585) to work on /opt/airflow/dags/c_dag.py
[2022-09-25T14:37:47.142+0000] {processor.py:640} INFO - Processing file /opt/airflow/dags/c_dag.py for tasks to queue
[2022-09-25T14:37:47.145+0000] {logging_mixin.py:115} INFO - [2022-09-25T14:37:47.145+0000] {dagbag.py:508} INFO - Filling up the DagBag from /opt/airflow/dags/c_dag.py
[2022-09-25T14:37:47.942+0000] {logging_mixin.py:115} INFO - [2022-09-25T14:37:47.942+0000] {base.py:68} INFO - Using connection ID 'home' for task execution.
[2022-09-25T14:37:47.949+0000] {logging_mixin.py:115} INFO - [2022-09-25T14:37:47.949+0000] {base.py:68} INFO - Using connection ID 'vecap_target' for task execution.
[2022-09-25T14:37:47.958+0000] {processor.py:650} INFO - DAG(s) dict_keys(['vecap_etl']) retrieved from /opt/airflow/dags/c_dag.py
[2022-09-25T14:37:47.989+0000] {logging_mixin.py:115} INFO - [2022-09-25T14:37:47.988+0000] {dag.py:2429} INFO - Sync 1 DAGs
[2022-09-25T14:37:48.038+0000] {logging_mixin.py:115} INFO - [2022-09-25T14:37:48.038+0000] {dag.py:2981} INFO - Setting next_dagrun for vecap_etl to 2022-09-25T00:00:00+00:00, run_after=2022-09-26T00:00:00+00:00
[2022-09-25T14:37:48.067+0000] {processor.py:161} INFO - Processing /opt/airflow/dags/c_dag.py took 0.933 seconds
[2022-09-25T14:38:18.474+0000] {processor.py:153} INFO - Started process (PID=6802) to work on /opt/airflow/dags/c_dag.py
[2022-09-25T14:38:18.478+0000] {processor.py:640} INFO - Processing file /opt/airflow/dags/c_dag.py for tasks to queue
[2022-09-25T14:38:18.483+0000] {logging_mixin.py:115} INFO - [2022-09-25T14:38:18.481+0000] {dagbag.py:508} INFO - Filling up the DagBag from /opt/airflow/dags/c_dag.py
[2022-09-25T14:38:19.217+0000] {logging_mixin.py:115} INFO - [2022-09-25T14:38:19.216+0000] {base.py:68} INFO - Using connection ID 'home' for task execution.
[2022-09-25T14:38:19.223+0000] {logging_mixin.py:115} INFO - [2022-09-25T14:38:19.223+0000] {base.py:68} INFO - Using connection ID 'vecap_target' for task execution.
[2022-09-25T14:38:19.234+0000] {processor.py:650} INFO - DAG(s) dict_keys(['vecap_etl']) retrieved from /opt/airflow/dags/c_dag.py
[2022-09-25T14:38:19.264+0000] {logging_mixin.py:115} INFO - [2022-09-25T14:38:19.263+0000] {dag.py:2429} INFO - Sync 1 DAGs
[2022-09-25T14:38:19.304+0000] {logging_mixin.py:115} INFO - [2022-09-25T14:38:19.304+0000] {dag.py:2981} INFO - Setting next_dagrun for vecap_etl to 2022-09-25T00:00:00+00:00, run_after=2022-09-26T00:00:00+00:00
[2022-09-25T14:38:19.323+0000] {processor.py:161} INFO - Processing /opt/airflow/dags/c_dag.py took 0.861 seconds
[2022-09-25T14:38:49.616+0000] {processor.py:153} INFO - Started process (PID=7003) to work on /opt/airflow/dags/c_dag.py
[2022-09-25T14:38:49.621+0000] {processor.py:640} INFO - Processing file /opt/airflow/dags/c_dag.py for tasks to queue
[2022-09-25T14:38:49.624+0000] {logging_mixin.py:115} INFO - [2022-09-25T14:38:49.624+0000] {dagbag.py:508} INFO - Filling up the DagBag from /opt/airflow/dags/c_dag.py
[2022-09-25T14:38:50.544+0000] {logging_mixin.py:115} INFO - [2022-09-25T14:38:50.543+0000] {base.py:68} INFO - Using connection ID 'home' for task execution.
[2022-09-25T14:38:50.550+0000] {logging_mixin.py:115} INFO - [2022-09-25T14:38:50.550+0000] {base.py:68} INFO - Using connection ID 'vecap_target' for task execution.
[2022-09-25T14:38:50.561+0000] {processor.py:650} INFO - DAG(s) dict_keys(['vecap_etl']) retrieved from /opt/airflow/dags/c_dag.py
[2022-09-25T14:38:50.587+0000] {logging_mixin.py:115} INFO - [2022-09-25T14:38:50.587+0000] {dag.py:2429} INFO - Sync 1 DAGs
[2022-09-25T14:38:50.630+0000] {logging_mixin.py:115} INFO - [2022-09-25T14:38:50.630+0000] {dag.py:2981} INFO - Setting next_dagrun for vecap_etl to 2022-09-25T00:00:00+00:00, run_after=2022-09-26T00:00:00+00:00
[2022-09-25T14:38:50.676+0000] {processor.py:161} INFO - Processing /opt/airflow/dags/c_dag.py took 1.073 seconds
[2022-09-25T14:39:21.483+0000] {processor.py:153} INFO - Started process (PID=7213) to work on /opt/airflow/dags/c_dag.py
[2022-09-25T14:39:21.486+0000] {processor.py:640} INFO - Processing file /opt/airflow/dags/c_dag.py for tasks to queue
[2022-09-25T14:39:21.489+0000] {logging_mixin.py:115} INFO - [2022-09-25T14:39:21.488+0000] {dagbag.py:508} INFO - Filling up the DagBag from /opt/airflow/dags/c_dag.py
[2022-09-25T14:39:22.209+0000] {logging_mixin.py:115} INFO - [2022-09-25T14:39:22.208+0000] {base.py:68} INFO - Using connection ID 'home' for task execution.
[2022-09-25T14:39:22.216+0000] {logging_mixin.py:115} INFO - [2022-09-25T14:39:22.216+0000] {base.py:68} INFO - Using connection ID 'vecap_target' for task execution.
[2022-09-25T14:39:22.225+0000] {processor.py:650} INFO - DAG(s) dict_keys(['vecap_etl']) retrieved from /opt/airflow/dags/c_dag.py
[2022-09-25T14:39:22.249+0000] {logging_mixin.py:115} INFO - [2022-09-25T14:39:22.249+0000] {dag.py:2429} INFO - Sync 1 DAGs
[2022-09-25T14:39:22.286+0000] {logging_mixin.py:115} INFO - [2022-09-25T14:39:22.286+0000] {dag.py:2981} INFO - Setting next_dagrun for vecap_etl to 2022-09-25T00:00:00+00:00, run_after=2022-09-26T00:00:00+00:00
[2022-09-25T14:39:22.307+0000] {processor.py:161} INFO - Processing /opt/airflow/dags/c_dag.py took 0.830 seconds
[2022-09-25T14:39:52.443+0000] {processor.py:153} INFO - Started process (PID=7427) to work on /opt/airflow/dags/c_dag.py
[2022-09-25T14:39:52.452+0000] {processor.py:640} INFO - Processing file /opt/airflow/dags/c_dag.py for tasks to queue
[2022-09-25T14:39:52.455+0000] {logging_mixin.py:115} INFO - [2022-09-25T14:39:52.454+0000] {dagbag.py:508} INFO - Filling up the DagBag from /opt/airflow/dags/c_dag.py
[2022-09-25T14:39:53.219+0000] {logging_mixin.py:115} INFO - [2022-09-25T14:39:53.218+0000] {base.py:68} INFO - Using connection ID 'home' for task execution.
[2022-09-25T14:39:53.230+0000] {logging_mixin.py:115} INFO - [2022-09-25T14:39:53.230+0000] {base.py:68} INFO - Using connection ID 'vecap_target' for task execution.
[2022-09-25T14:39:53.246+0000] {processor.py:650} INFO - DAG(s) dict_keys(['vecap_etl']) retrieved from /opt/airflow/dags/c_dag.py
[2022-09-25T14:39:53.290+0000] {logging_mixin.py:115} INFO - [2022-09-25T14:39:53.290+0000] {dag.py:2429} INFO - Sync 1 DAGs
[2022-09-25T14:39:53.361+0000] {logging_mixin.py:115} INFO - [2022-09-25T14:39:53.361+0000] {dag.py:2981} INFO - Setting next_dagrun for vecap_etl to 2022-09-25T00:00:00+00:00, run_after=2022-09-26T00:00:00+00:00
[2022-09-25T14:39:53.389+0000] {processor.py:161} INFO - Processing /opt/airflow/dags/c_dag.py took 0.959 seconds
[2022-09-25T14:40:23.646+0000] {processor.py:153} INFO - Started process (PID=7632) to work on /opt/airflow/dags/c_dag.py
[2022-09-25T14:40:23.654+0000] {processor.py:640} INFO - Processing file /opt/airflow/dags/c_dag.py for tasks to queue
[2022-09-25T14:40:23.656+0000] {logging_mixin.py:115} INFO - [2022-09-25T14:40:23.656+0000] {dagbag.py:508} INFO - Filling up the DagBag from /opt/airflow/dags/c_dag.py
[2022-09-25T14:40:24.278+0000] {logging_mixin.py:115} INFO - [2022-09-25T14:40:24.277+0000] {base.py:68} INFO - Using connection ID 'home' for task execution.
[2022-09-25T14:40:24.283+0000] {logging_mixin.py:115} INFO - [2022-09-25T14:40:24.283+0000] {base.py:68} INFO - Using connection ID 'vecap_target' for task execution.
[2022-09-25T14:40:24.295+0000] {processor.py:650} INFO - DAG(s) dict_keys(['vecap_etl']) retrieved from /opt/airflow/dags/c_dag.py
[2022-09-25T14:40:24.328+0000] {logging_mixin.py:115} INFO - [2022-09-25T14:40:24.327+0000] {dag.py:2429} INFO - Sync 1 DAGs
[2022-09-25T14:40:24.372+0000] {logging_mixin.py:115} INFO - [2022-09-25T14:40:24.371+0000] {dag.py:2981} INFO - Setting next_dagrun for vecap_etl to 2022-09-25T00:00:00+00:00, run_after=2022-09-26T00:00:00+00:00
[2022-09-25T14:40:24.394+0000] {processor.py:161} INFO - Processing /opt/airflow/dags/c_dag.py took 0.754 seconds
[2022-09-25T14:40:54.973+0000] {processor.py:153} INFO - Started process (PID=7850) to work on /opt/airflow/dags/c_dag.py
[2022-09-25T14:40:54.980+0000] {processor.py:640} INFO - Processing file /opt/airflow/dags/c_dag.py for tasks to queue
[2022-09-25T14:40:54.985+0000] {logging_mixin.py:115} INFO - [2022-09-25T14:40:54.985+0000] {dagbag.py:508} INFO - Filling up the DagBag from /opt/airflow/dags/c_dag.py
[2022-09-25T14:40:55.629+0000] {logging_mixin.py:115} INFO - [2022-09-25T14:40:55.629+0000] {base.py:68} INFO - Using connection ID 'home' for task execution.
[2022-09-25T14:40:55.636+0000] {logging_mixin.py:115} INFO - [2022-09-25T14:40:55.635+0000] {base.py:68} INFO - Using connection ID 'vecap_target' for task execution.
[2022-09-25T14:40:55.646+0000] {processor.py:650} INFO - DAG(s) dict_keys(['vecap_etl']) retrieved from /opt/airflow/dags/c_dag.py
[2022-09-25T14:40:55.669+0000] {logging_mixin.py:115} INFO - [2022-09-25T14:40:55.668+0000] {dag.py:2429} INFO - Sync 1 DAGs
[2022-09-25T14:40:55.703+0000] {logging_mixin.py:115} INFO - [2022-09-25T14:40:55.703+0000] {dag.py:2981} INFO - Setting next_dagrun for vecap_etl to 2022-09-25T00:00:00+00:00, run_after=2022-09-26T00:00:00+00:00
[2022-09-25T14:40:55.720+0000] {processor.py:161} INFO - Processing /opt/airflow/dags/c_dag.py took 0.753 seconds
[2022-09-25T14:41:25.893+0000] {processor.py:153} INFO - Started process (PID=8065) to work on /opt/airflow/dags/c_dag.py
[2022-09-25T14:41:25.895+0000] {processor.py:640} INFO - Processing file /opt/airflow/dags/c_dag.py for tasks to queue
[2022-09-25T14:41:25.897+0000] {logging_mixin.py:115} INFO - [2022-09-25T14:41:25.897+0000] {dagbag.py:508} INFO - Filling up the DagBag from /opt/airflow/dags/c_dag.py
[2022-09-25T14:41:26.452+0000] {logging_mixin.py:115} INFO - [2022-09-25T14:41:26.451+0000] {base.py:68} INFO - Using connection ID 'home' for task execution.
[2022-09-25T14:41:26.458+0000] {logging_mixin.py:115} INFO - [2022-09-25T14:41:26.458+0000] {base.py:68} INFO - Using connection ID 'vecap_target' for task execution.
[2022-09-25T14:41:26.466+0000] {processor.py:650} INFO - DAG(s) dict_keys(['vecap_etl']) retrieved from /opt/airflow/dags/c_dag.py
[2022-09-25T14:41:26.491+0000] {logging_mixin.py:115} INFO - [2022-09-25T14:41:26.491+0000] {dag.py:2429} INFO - Sync 1 DAGs
[2022-09-25T14:41:26.531+0000] {logging_mixin.py:115} INFO - [2022-09-25T14:41:26.531+0000] {dag.py:2981} INFO - Setting next_dagrun for vecap_etl to 2022-09-25T00:00:00+00:00, run_after=2022-09-26T00:00:00+00:00
[2022-09-25T14:41:26.548+0000] {processor.py:161} INFO - Processing /opt/airflow/dags/c_dag.py took 0.660 seconds
[2022-09-25T14:41:56.977+0000] {processor.py:153} INFO - Started process (PID=8281) to work on /opt/airflow/dags/c_dag.py
[2022-09-25T14:41:56.980+0000] {processor.py:640} INFO - Processing file /opt/airflow/dags/c_dag.py for tasks to queue
[2022-09-25T14:41:56.983+0000] {logging_mixin.py:115} INFO - [2022-09-25T14:41:56.982+0000] {dagbag.py:508} INFO - Filling up the DagBag from /opt/airflow/dags/c_dag.py
[2022-09-25T14:41:57.597+0000] {logging_mixin.py:115} INFO - [2022-09-25T14:41:57.597+0000] {base.py:68} INFO - Using connection ID 'home' for task execution.
[2022-09-25T14:41:57.602+0000] {logging_mixin.py:115} INFO - [2022-09-25T14:41:57.602+0000] {base.py:68} INFO - Using connection ID 'vecap_target' for task execution.
[2022-09-25T14:41:57.611+0000] {processor.py:650} INFO - DAG(s) dict_keys(['vecap_etl']) retrieved from /opt/airflow/dags/c_dag.py
[2022-09-25T14:41:57.636+0000] {logging_mixin.py:115} INFO - [2022-09-25T14:41:57.635+0000] {dag.py:2429} INFO - Sync 1 DAGs
[2022-09-25T14:41:57.671+0000] {logging_mixin.py:115} INFO - [2022-09-25T14:41:57.671+0000] {dag.py:2981} INFO - Setting next_dagrun for vecap_etl to 2022-09-25T00:00:00+00:00, run_after=2022-09-26T00:00:00+00:00
[2022-09-25T14:41:57.692+0000] {processor.py:161} INFO - Processing /opt/airflow/dags/c_dag.py took 0.724 seconds
[2022-09-25T14:42:28.201+0000] {processor.py:153} INFO - Started process (PID=8499) to work on /opt/airflow/dags/c_dag.py
[2022-09-25T14:42:28.203+0000] {processor.py:640} INFO - Processing file /opt/airflow/dags/c_dag.py for tasks to queue
[2022-09-25T14:42:28.205+0000] {logging_mixin.py:115} INFO - [2022-09-25T14:42:28.205+0000] {dagbag.py:508} INFO - Filling up the DagBag from /opt/airflow/dags/c_dag.py
[2022-09-25T14:42:28.837+0000] {logging_mixin.py:115} INFO - [2022-09-25T14:42:28.836+0000] {base.py:68} INFO - Using connection ID 'home' for task execution.
[2022-09-25T14:42:28.844+0000] {logging_mixin.py:115} INFO - [2022-09-25T14:42:28.843+0000] {base.py:68} INFO - Using connection ID 'vecap_target' for task execution.
[2022-09-25T14:42:28.854+0000] {processor.py:650} INFO - DAG(s) dict_keys(['vecap_etl']) retrieved from /opt/airflow/dags/c_dag.py
[2022-09-25T14:42:28.882+0000] {logging_mixin.py:115} INFO - [2022-09-25T14:42:28.881+0000] {dag.py:2429} INFO - Sync 1 DAGs
[2022-09-25T14:42:28.922+0000] {logging_mixin.py:115} INFO - [2022-09-25T14:42:28.922+0000] {dag.py:2981} INFO - Setting next_dagrun for vecap_etl to 2022-09-25T00:00:00+00:00, run_after=2022-09-26T00:00:00+00:00
[2022-09-25T14:42:28.945+0000] {processor.py:161} INFO - Processing /opt/airflow/dags/c_dag.py took 0.749 seconds
[2022-09-25T14:42:59.411+0000] {processor.py:153} INFO - Started process (PID=8722) to work on /opt/airflow/dags/c_dag.py
[2022-09-25T14:42:59.414+0000] {processor.py:640} INFO - Processing file /opt/airflow/dags/c_dag.py for tasks to queue
[2022-09-25T14:42:59.416+0000] {logging_mixin.py:115} INFO - [2022-09-25T14:42:59.416+0000] {dagbag.py:508} INFO - Filling up the DagBag from /opt/airflow/dags/c_dag.py
[2022-09-25T14:43:00.053+0000] {logging_mixin.py:115} INFO - [2022-09-25T14:43:00.052+0000] {base.py:68} INFO - Using connection ID 'home' for task execution.
[2022-09-25T14:43:00.060+0000] {logging_mixin.py:115} INFO - [2022-09-25T14:43:00.060+0000] {base.py:68} INFO - Using connection ID 'vecap_target' for task execution.
[2022-09-25T14:43:00.070+0000] {processor.py:650} INFO - DAG(s) dict_keys(['vecap_etl']) retrieved from /opt/airflow/dags/c_dag.py
[2022-09-25T14:43:00.113+0000] {logging_mixin.py:115} INFO - [2022-09-25T14:43:00.112+0000] {dag.py:2429} INFO - Sync 1 DAGs
[2022-09-25T14:43:00.157+0000] {logging_mixin.py:115} INFO - [2022-09-25T14:43:00.157+0000] {dag.py:2981} INFO - Setting next_dagrun for vecap_etl to 2022-09-25T00:00:00+00:00, run_after=2022-09-26T00:00:00+00:00
[2022-09-25T14:43:00.177+0000] {processor.py:161} INFO - Processing /opt/airflow/dags/c_dag.py took 0.771 seconds
[2022-09-25T14:43:30.269+0000] {processor.py:153} INFO - Started process (PID=8938) to work on /opt/airflow/dags/c_dag.py
[2022-09-25T14:43:30.271+0000] {processor.py:640} INFO - Processing file /opt/airflow/dags/c_dag.py for tasks to queue
[2022-09-25T14:43:30.274+0000] {logging_mixin.py:115} INFO - [2022-09-25T14:43:30.273+0000] {dagbag.py:508} INFO - Filling up the DagBag from /opt/airflow/dags/c_dag.py
[2022-09-25T14:43:30.916+0000] {logging_mixin.py:115} INFO - [2022-09-25T14:43:30.915+0000] {base.py:68} INFO - Using connection ID 'home' for task execution.
[2022-09-25T14:43:30.922+0000] {logging_mixin.py:115} INFO - [2022-09-25T14:43:30.922+0000] {base.py:68} INFO - Using connection ID 'vecap_target' for task execution.
[2022-09-25T14:43:30.933+0000] {processor.py:650} INFO - DAG(s) dict_keys(['vecap_etl']) retrieved from /opt/airflow/dags/c_dag.py
[2022-09-25T14:43:30.961+0000] {logging_mixin.py:115} INFO - [2022-09-25T14:43:30.961+0000] {dag.py:2429} INFO - Sync 1 DAGs
[2022-09-25T14:43:31.004+0000] {logging_mixin.py:115} INFO - [2022-09-25T14:43:31.004+0000] {dag.py:2981} INFO - Setting next_dagrun for vecap_etl to 2022-09-25T00:00:00+00:00, run_after=2022-09-26T00:00:00+00:00
[2022-09-25T14:43:31.031+0000] {processor.py:161} INFO - Processing /opt/airflow/dags/c_dag.py took 0.769 seconds
[2022-09-25T14:44:01.289+0000] {processor.py:153} INFO - Started process (PID=9150) to work on /opt/airflow/dags/c_dag.py
[2022-09-25T14:44:01.292+0000] {processor.py:640} INFO - Processing file /opt/airflow/dags/c_dag.py for tasks to queue
[2022-09-25T14:44:01.295+0000] {logging_mixin.py:115} INFO - [2022-09-25T14:44:01.295+0000] {dagbag.py:508} INFO - Filling up the DagBag from /opt/airflow/dags/c_dag.py
[2022-09-25T14:44:02.049+0000] {logging_mixin.py:115} INFO - [2022-09-25T14:44:02.048+0000] {base.py:68} INFO - Using connection ID 'home' for task execution.
[2022-09-25T14:44:02.063+0000] {logging_mixin.py:115} INFO - [2022-09-25T14:44:02.063+0000] {base.py:68} INFO - Using connection ID 'vecap_target' for task execution.
[2022-09-25T14:44:02.074+0000] {processor.py:650} INFO - DAG(s) dict_keys(['vecap_etl']) retrieved from /opt/airflow/dags/c_dag.py
[2022-09-25T14:44:02.099+0000] {logging_mixin.py:115} INFO - [2022-09-25T14:44:02.098+0000] {dag.py:2429} INFO - Sync 1 DAGs
[2022-09-25T14:44:02.141+0000] {logging_mixin.py:115} INFO - [2022-09-25T14:44:02.141+0000] {dag.py:2981} INFO - Setting next_dagrun for vecap_etl to 2022-09-25T00:00:00+00:00, run_after=2022-09-26T00:00:00+00:00
[2022-09-25T14:44:02.160+0000] {processor.py:161} INFO - Processing /opt/airflow/dags/c_dag.py took 0.876 seconds
[2022-09-25T14:44:32.923+0000] {processor.py:153} INFO - Started process (PID=9365) to work on /opt/airflow/dags/c_dag.py
[2022-09-25T14:44:32.926+0000] {processor.py:640} INFO - Processing file /opt/airflow/dags/c_dag.py for tasks to queue
[2022-09-25T14:44:32.932+0000] {logging_mixin.py:115} INFO - [2022-09-25T14:44:32.932+0000] {dagbag.py:508} INFO - Filling up the DagBag from /opt/airflow/dags/c_dag.py
[2022-09-25T14:44:33.884+0000] {logging_mixin.py:115} INFO - [2022-09-25T14:44:33.883+0000] {base.py:68} INFO - Using connection ID 'home' for task execution.
[2022-09-25T14:44:33.890+0000] {logging_mixin.py:115} INFO - [2022-09-25T14:44:33.890+0000] {base.py:68} INFO - Using connection ID 'vecap_target' for task execution.
[2022-09-25T14:44:33.902+0000] {processor.py:650} INFO - DAG(s) dict_keys(['vecap_etl']) retrieved from /opt/airflow/dags/c_dag.py
[2022-09-25T14:44:33.925+0000] {logging_mixin.py:115} INFO - [2022-09-25T14:44:33.924+0000] {dag.py:2429} INFO - Sync 1 DAGs
[2022-09-25T14:44:33.959+0000] {logging_mixin.py:115} INFO - [2022-09-25T14:44:33.959+0000] {dag.py:2981} INFO - Setting next_dagrun for vecap_etl to 2022-09-25T00:00:00+00:00, run_after=2022-09-26T00:00:00+00:00
[2022-09-25T14:44:33.980+0000] {processor.py:161} INFO - Processing /opt/airflow/dags/c_dag.py took 1.064 seconds
[2022-09-25T14:45:04.475+0000] {processor.py:153} INFO - Started process (PID=9582) to work on /opt/airflow/dags/c_dag.py
[2022-09-25T14:45:04.483+0000] {processor.py:640} INFO - Processing file /opt/airflow/dags/c_dag.py for tasks to queue
[2022-09-25T14:45:04.485+0000] {logging_mixin.py:115} INFO - [2022-09-25T14:45:04.485+0000] {dagbag.py:508} INFO - Filling up the DagBag from /opt/airflow/dags/c_dag.py
[2022-09-25T14:45:05.411+0000] {logging_mixin.py:115} INFO - [2022-09-25T14:45:05.410+0000] {base.py:68} INFO - Using connection ID 'home' for task execution.
[2022-09-25T14:45:05.419+0000] {logging_mixin.py:115} INFO - [2022-09-25T14:45:05.418+0000] {base.py:68} INFO - Using connection ID 'vecap_target' for task execution.
[2022-09-25T14:45:05.433+0000] {processor.py:650} INFO - DAG(s) dict_keys(['vecap_etl']) retrieved from /opt/airflow/dags/c_dag.py
[2022-09-25T14:45:05.468+0000] {logging_mixin.py:115} INFO - [2022-09-25T14:45:05.467+0000] {dag.py:2429} INFO - Sync 1 DAGs
[2022-09-25T14:45:05.503+0000] {logging_mixin.py:115} INFO - [2022-09-25T14:45:05.503+0000] {dag.py:2981} INFO - Setting next_dagrun for vecap_etl to 2022-09-25T00:00:00+00:00, run_after=2022-09-26T00:00:00+00:00
[2022-09-25T14:45:05.522+0000] {processor.py:161} INFO - Processing /opt/airflow/dags/c_dag.py took 1.053 seconds
[2022-09-25T14:45:36.069+0000] {processor.py:153} INFO - Started process (PID=9787) to work on /opt/airflow/dags/c_dag.py
[2022-09-25T14:45:36.078+0000] {processor.py:640} INFO - Processing file /opt/airflow/dags/c_dag.py for tasks to queue
[2022-09-25T14:45:36.081+0000] {logging_mixin.py:115} INFO - [2022-09-25T14:45:36.080+0000] {dagbag.py:508} INFO - Filling up the DagBag from /opt/airflow/dags/c_dag.py
[2022-09-25T14:45:36.648+0000] {logging_mixin.py:115} INFO - [2022-09-25T14:45:36.647+0000] {base.py:68} INFO - Using connection ID 'home' for task execution.
[2022-09-25T14:45:36.657+0000] {logging_mixin.py:115} INFO - [2022-09-25T14:45:36.657+0000] {base.py:68} INFO - Using connection ID 'vecap_target' for task execution.
[2022-09-25T14:45:36.668+0000] {processor.py:650} INFO - DAG(s) dict_keys(['vecap_etl']) retrieved from /opt/airflow/dags/c_dag.py
[2022-09-25T14:45:36.691+0000] {logging_mixin.py:115} INFO - [2022-09-25T14:45:36.690+0000] {dag.py:2429} INFO - Sync 1 DAGs
[2022-09-25T14:45:36.723+0000] {logging_mixin.py:115} INFO - [2022-09-25T14:45:36.723+0000] {dag.py:2981} INFO - Setting next_dagrun for vecap_etl to 2022-09-25T00:00:00+00:00, run_after=2022-09-26T00:00:00+00:00
[2022-09-25T14:45:36.746+0000] {processor.py:161} INFO - Processing /opt/airflow/dags/c_dag.py took 0.687 seconds
[2022-09-25T14:46:07.244+0000] {processor.py:153} INFO - Started process (PID=10001) to work on /opt/airflow/dags/c_dag.py
[2022-09-25T14:46:07.248+0000] {processor.py:640} INFO - Processing file /opt/airflow/dags/c_dag.py for tasks to queue
[2022-09-25T14:46:07.252+0000] {logging_mixin.py:115} INFO - [2022-09-25T14:46:07.251+0000] {dagbag.py:508} INFO - Filling up the DagBag from /opt/airflow/dags/c_dag.py
[2022-09-25T14:46:08.090+0000] {logging_mixin.py:115} INFO - [2022-09-25T14:46:08.090+0000] {base.py:68} INFO - Using connection ID 'home' for task execution.
[2022-09-25T14:46:08.098+0000] {logging_mixin.py:115} INFO - [2022-09-25T14:46:08.098+0000] {base.py:68} INFO - Using connection ID 'vecap_target' for task execution.
[2022-09-25T14:46:08.114+0000] {processor.py:650} INFO - DAG(s) dict_keys(['vecap_etl']) retrieved from /opt/airflow/dags/c_dag.py
[2022-09-25T14:46:08.150+0000] {logging_mixin.py:115} INFO - [2022-09-25T14:46:08.149+0000] {dag.py:2429} INFO - Sync 1 DAGs
[2022-09-25T14:46:08.205+0000] {logging_mixin.py:115} INFO - [2022-09-25T14:46:08.204+0000] {dag.py:2981} INFO - Setting next_dagrun for vecap_etl to 2022-09-25T00:00:00+00:00, run_after=2022-09-26T00:00:00+00:00
[2022-09-25T14:46:08.236+0000] {processor.py:161} INFO - Processing /opt/airflow/dags/c_dag.py took 1.000 seconds
[2022-09-25T14:46:38.650+0000] {processor.py:153} INFO - Started process (PID=10215) to work on /opt/airflow/dags/c_dag.py
[2022-09-25T14:46:38.655+0000] {processor.py:640} INFO - Processing file /opt/airflow/dags/c_dag.py for tasks to queue
[2022-09-25T14:46:38.658+0000] {logging_mixin.py:115} INFO - [2022-09-25T14:46:38.658+0000] {dagbag.py:508} INFO - Filling up the DagBag from /opt/airflow/dags/c_dag.py
[2022-09-25T14:46:39.356+0000] {logging_mixin.py:115} INFO - [2022-09-25T14:46:39.356+0000] {base.py:68} INFO - Using connection ID 'home' for task execution.
[2022-09-25T14:46:39.363+0000] {logging_mixin.py:115} INFO - [2022-09-25T14:46:39.363+0000] {base.py:68} INFO - Using connection ID 'vecap_target' for task execution.
[2022-09-25T14:46:39.372+0000] {processor.py:650} INFO - DAG(s) dict_keys(['vecap_etl']) retrieved from /opt/airflow/dags/c_dag.py
[2022-09-25T14:46:39.400+0000] {logging_mixin.py:115} INFO - [2022-09-25T14:46:39.398+0000] {dag.py:2429} INFO - Sync 1 DAGs
[2022-09-25T14:46:39.441+0000] {logging_mixin.py:115} INFO - [2022-09-25T14:46:39.441+0000] {dag.py:2981} INFO - Setting next_dagrun for vecap_etl to 2022-09-25T00:00:00+00:00, run_after=2022-09-26T00:00:00+00:00
[2022-09-25T14:46:39.467+0000] {processor.py:161} INFO - Processing /opt/airflow/dags/c_dag.py took 0.823 seconds
[2022-09-25T14:47:09.569+0000] {processor.py:153} INFO - Started process (PID=10430) to work on /opt/airflow/dags/c_dag.py
[2022-09-25T14:47:09.571+0000] {processor.py:640} INFO - Processing file /opt/airflow/dags/c_dag.py for tasks to queue
[2022-09-25T14:47:09.573+0000] {logging_mixin.py:115} INFO - [2022-09-25T14:47:09.573+0000] {dagbag.py:508} INFO - Filling up the DagBag from /opt/airflow/dags/c_dag.py
[2022-09-25T14:47:10.152+0000] {logging_mixin.py:115} INFO - [2022-09-25T14:47:10.151+0000] {base.py:68} INFO - Using connection ID 'home' for task execution.
[2022-09-25T14:47:10.158+0000] {logging_mixin.py:115} INFO - [2022-09-25T14:47:10.158+0000] {base.py:68} INFO - Using connection ID 'vecap_target' for task execution.
[2022-09-25T14:47:10.166+0000] {processor.py:650} INFO - DAG(s) dict_keys(['vecap_etl']) retrieved from /opt/airflow/dags/c_dag.py
[2022-09-25T14:47:10.190+0000] {logging_mixin.py:115} INFO - [2022-09-25T14:47:10.188+0000] {dag.py:2429} INFO - Sync 1 DAGs
[2022-09-25T14:47:10.233+0000] {logging_mixin.py:115} INFO - [2022-09-25T14:47:10.233+0000] {dag.py:2981} INFO - Setting next_dagrun for vecap_etl to 2022-09-25T00:00:00+00:00, run_after=2022-09-26T00:00:00+00:00
[2022-09-25T14:47:10.250+0000] {processor.py:161} INFO - Processing /opt/airflow/dags/c_dag.py took 0.686 seconds
[2022-09-25T14:47:36.832+0000] {processor.py:153} INFO - Started process (PID=10617) to work on /opt/airflow/dags/c_dag.py
[2022-09-25T14:47:36.837+0000] {processor.py:640} INFO - Processing file /opt/airflow/dags/c_dag.py for tasks to queue
[2022-09-25T14:47:36.844+0000] {logging_mixin.py:115} INFO - [2022-09-25T14:47:36.844+0000] {dagbag.py:508} INFO - Filling up the DagBag from /opt/airflow/dags/c_dag.py
[2022-09-25T14:47:37.719+0000] {logging_mixin.py:115} INFO - [2022-09-25T14:47:37.718+0000] {base.py:68} INFO - Using connection ID 'home' for task execution.
[2022-09-25T14:47:37.726+0000] {logging_mixin.py:115} INFO - [2022-09-25T14:47:37.726+0000] {base.py:68} INFO - Using connection ID 'vecap_target' for task execution.
[2022-09-25T14:47:37.737+0000] {processor.py:650} INFO - DAG(s) dict_keys(['vecap_etl']) retrieved from /opt/airflow/dags/c_dag.py
[2022-09-25T14:47:37.768+0000] {logging_mixin.py:115} INFO - [2022-09-25T14:47:37.764+0000] {dag.py:2429} INFO - Sync 1 DAGs
[2022-09-25T14:47:37.824+0000] {logging_mixin.py:115} INFO - [2022-09-25T14:47:37.824+0000] {dag.py:2981} INFO - Setting next_dagrun for vecap_etl to 2022-09-25T00:00:00+00:00, run_after=2022-09-26T00:00:00+00:00
[2022-09-25T14:47:37.892+0000] {processor.py:161} INFO - Processing /opt/airflow/dags/c_dag.py took 1.069 seconds
[2022-09-25T14:48:08.197+0000] {processor.py:153} INFO - Started process (PID=10834) to work on /opt/airflow/dags/c_dag.py
[2022-09-25T14:48:08.200+0000] {processor.py:640} INFO - Processing file /opt/airflow/dags/c_dag.py for tasks to queue
[2022-09-25T14:48:08.202+0000] {logging_mixin.py:115} INFO - [2022-09-25T14:48:08.202+0000] {dagbag.py:508} INFO - Filling up the DagBag from /opt/airflow/dags/c_dag.py
[2022-09-25T14:48:08.760+0000] {logging_mixin.py:115} INFO - [2022-09-25T14:48:08.759+0000] {base.py:68} INFO - Using connection ID 'home' for task execution.
[2022-09-25T14:48:08.766+0000] {logging_mixin.py:115} INFO - [2022-09-25T14:48:08.765+0000] {base.py:68} INFO - Using connection ID 'vecap_target' for task execution.
[2022-09-25T14:48:08.773+0000] {processor.py:650} INFO - DAG(s) dict_keys(['vecap_etl']) retrieved from /opt/airflow/dags/c_dag.py
[2022-09-25T14:48:08.796+0000] {logging_mixin.py:115} INFO - [2022-09-25T14:48:08.794+0000] {dag.py:2429} INFO - Sync 1 DAGs
[2022-09-25T14:48:08.830+0000] {logging_mixin.py:115} INFO - [2022-09-25T14:48:08.830+0000] {dag.py:2981} INFO - Setting next_dagrun for vecap_etl to 2022-09-25T00:00:00+00:00, run_after=2022-09-26T00:00:00+00:00
[2022-09-25T14:48:08.856+0000] {processor.py:161} INFO - Processing /opt/airflow/dags/c_dag.py took 0.667 seconds
[2022-09-25T14:48:39.148+0000] {processor.py:153} INFO - Started process (PID=11039) to work on /opt/airflow/dags/c_dag.py
[2022-09-25T14:48:39.157+0000] {processor.py:640} INFO - Processing file /opt/airflow/dags/c_dag.py for tasks to queue
[2022-09-25T14:48:39.159+0000] {logging_mixin.py:115} INFO - [2022-09-25T14:48:39.159+0000] {dagbag.py:508} INFO - Filling up the DagBag from /opt/airflow/dags/c_dag.py
[2022-09-25T14:48:40.338+0000] {logging_mixin.py:115} INFO - [2022-09-25T14:48:40.335+0000] {base.py:68} INFO - Using connection ID 'home' for task execution.
[2022-09-25T14:48:40.333+0000] {logging_mixin.py:115} INFO - [2022-09-25T14:48:40.332+0000] {base.py:68} INFO - Using connection ID 'vecap_target' for task execution.
[2022-09-25T14:48:40.371+0000] {processor.py:650} INFO - DAG(s) dict_keys(['vecap_etl']) retrieved from /opt/airflow/dags/c_dag.py
[2022-09-25T14:48:40.419+0000] {logging_mixin.py:115} INFO - [2022-09-25T14:48:40.417+0000] {dag.py:2429} INFO - Sync 1 DAGs
[2022-09-25T14:48:40.463+0000] {logging_mixin.py:115} INFO - [2022-09-25T14:48:40.463+0000] {dag.py:2981} INFO - Setting next_dagrun for vecap_etl to 2022-09-25T00:00:00+00:00, run_after=2022-09-26T00:00:00+00:00
[2022-09-25T14:48:40.493+0000] {processor.py:161} INFO - Processing /opt/airflow/dags/c_dag.py took 1.371 seconds
[2022-09-25T14:49:11.318+0000] {processor.py:153} INFO - Started process (PID=11253) to work on /opt/airflow/dags/c_dag.py
[2022-09-25T14:49:11.323+0000] {processor.py:640} INFO - Processing file /opt/airflow/dags/c_dag.py for tasks to queue
[2022-09-25T14:49:11.326+0000] {logging_mixin.py:115} INFO - [2022-09-25T14:49:11.325+0000] {dagbag.py:508} INFO - Filling up the DagBag from /opt/airflow/dags/c_dag.py
[2022-09-25T14:49:12.011+0000] {logging_mixin.py:115} INFO - [2022-09-25T14:49:12.010+0000] {base.py:68} INFO - Using connection ID 'home' for task execution.
[2022-09-25T14:49:12.016+0000] {logging_mixin.py:115} INFO - [2022-09-25T14:49:12.016+0000] {base.py:68} INFO - Using connection ID 'vecap_target' for task execution.
[2022-09-25T14:49:12.029+0000] {processor.py:650} INFO - DAG(s) dict_keys(['vecap_etl']) retrieved from /opt/airflow/dags/c_dag.py
[2022-09-25T14:49:12.064+0000] {logging_mixin.py:115} INFO - [2022-09-25T14:49:12.062+0000] {dag.py:2429} INFO - Sync 1 DAGs
[2022-09-25T14:49:12.112+0000] {logging_mixin.py:115} INFO - [2022-09-25T14:49:12.112+0000] {dag.py:2981} INFO - Setting next_dagrun for vecap_etl to 2022-09-25T00:00:00+00:00, run_after=2022-09-26T00:00:00+00:00
[2022-09-25T14:49:12.135+0000] {processor.py:161} INFO - Processing /opt/airflow/dags/c_dag.py took 0.823 seconds
[2022-09-25T14:49:20.945+0000] {processor.py:153} INFO - Started process (PID=11319) to work on /opt/airflow/dags/c_dag.py
[2022-09-25T14:49:20.947+0000] {processor.py:640} INFO - Processing file /opt/airflow/dags/c_dag.py for tasks to queue
[2022-09-25T14:49:20.949+0000] {logging_mixin.py:115} INFO - [2022-09-25T14:49:20.948+0000] {dagbag.py:508} INFO - Filling up the DagBag from /opt/airflow/dags/c_dag.py
[2022-09-25T14:49:21.547+0000] {logging_mixin.py:115} INFO - [2022-09-25T14:49:21.546+0000] {base.py:68} INFO - Using connection ID 'home' for task execution.
[2022-09-25T14:49:21.564+0000] {logging_mixin.py:115} INFO - [2022-09-25T14:49:21.563+0000] {base.py:68} INFO - Using connection ID 'vecap_target' for task execution.
[2022-09-25T14:49:21.595+0000] {processor.py:650} INFO - DAG(s) dict_keys(['vecap_etl']) retrieved from /opt/airflow/dags/c_dag.py
[2022-09-25T14:49:21.625+0000] {logging_mixin.py:115} INFO - [2022-09-25T14:49:21.623+0000] {dag.py:2429} INFO - Sync 1 DAGs
[2022-09-25T14:49:21.660+0000] {logging_mixin.py:115} INFO - [2022-09-25T14:49:21.659+0000] {dag.py:2981} INFO - Setting next_dagrun for vecap_etl to 2022-09-25T00:00:00+00:00, run_after=2022-09-26T00:00:00+00:00
[2022-09-25T14:49:21.689+0000] {processor.py:161} INFO - Processing /opt/airflow/dags/c_dag.py took 0.749 seconds
[2022-09-25T14:49:51.897+0000] {processor.py:153} INFO - Started process (PID=11524) to work on /opt/airflow/dags/c_dag.py
[2022-09-25T14:49:51.900+0000] {processor.py:640} INFO - Processing file /opt/airflow/dags/c_dag.py for tasks to queue
[2022-09-25T14:49:51.904+0000] {logging_mixin.py:115} INFO - [2022-09-25T14:49:51.903+0000] {dagbag.py:508} INFO - Filling up the DagBag from /opt/airflow/dags/c_dag.py
[2022-09-25T14:49:53.469+0000] {logging_mixin.py:115} INFO - [2022-09-25T14:49:53.466+0000] {base.py:68} INFO - Using connection ID 'home' for task execution.
[2022-09-25T14:49:53.490+0000] {logging_mixin.py:115} INFO - [2022-09-25T14:49:53.489+0000] {base.py:68} INFO - Using connection ID 'vecap_target' for task execution.
[2022-09-25T14:49:53.506+0000] {processor.py:650} INFO - DAG(s) dict_keys(['vecap_etl']) retrieved from /opt/airflow/dags/c_dag.py
[2022-09-25T14:49:53.568+0000] {logging_mixin.py:115} INFO - [2022-09-25T14:49:53.564+0000] {dag.py:2429} INFO - Sync 1 DAGs
[2022-09-25T14:49:53.622+0000] {logging_mixin.py:115} INFO - [2022-09-25T14:49:53.622+0000] {dag.py:2981} INFO - Setting next_dagrun for vecap_etl to 2022-09-25T00:00:00+00:00, run_after=2022-09-26T00:00:00+00:00
[2022-09-25T14:49:53.657+0000] {processor.py:161} INFO - Processing /opt/airflow/dags/c_dag.py took 1.768 seconds
[2022-09-25T14:50:23.879+0000] {processor.py:153} INFO - Started process (PID=11744) to work on /opt/airflow/dags/c_dag.py
[2022-09-25T14:50:23.882+0000] {processor.py:640} INFO - Processing file /opt/airflow/dags/c_dag.py for tasks to queue
[2022-09-25T14:50:23.883+0000] {logging_mixin.py:115} INFO - [2022-09-25T14:50:23.883+0000] {dagbag.py:508} INFO - Filling up the DagBag from /opt/airflow/dags/c_dag.py
[2022-09-25T14:50:24.513+0000] {logging_mixin.py:115} INFO - [2022-09-25T14:50:24.512+0000] {base.py:68} INFO - Using connection ID 'home' for task execution.
[2022-09-25T14:50:24.521+0000] {logging_mixin.py:115} INFO - [2022-09-25T14:50:24.521+0000] {base.py:68} INFO - Using connection ID 'vecap_target' for task execution.
[2022-09-25T14:50:24.530+0000] {processor.py:650} INFO - DAG(s) dict_keys(['vecap_etl']) retrieved from /opt/airflow/dags/c_dag.py
[2022-09-25T14:50:24.558+0000] {logging_mixin.py:115} INFO - [2022-09-25T14:50:24.557+0000] {dag.py:2429} INFO - Sync 1 DAGs
[2022-09-25T14:50:24.589+0000] {logging_mixin.py:115} INFO - [2022-09-25T14:50:24.589+0000] {dag.py:2981} INFO - Setting next_dagrun for vecap_etl to 2022-09-25T00:00:00+00:00, run_after=2022-09-26T00:00:00+00:00
[2022-09-25T14:50:24.615+0000] {processor.py:161} INFO - Processing /opt/airflow/dags/c_dag.py took 0.741 seconds
[2022-09-25T14:50:54.907+0000] {processor.py:153} INFO - Started process (PID=11950) to work on /opt/airflow/dags/c_dag.py
[2022-09-25T14:50:54.915+0000] {processor.py:640} INFO - Processing file /opt/airflow/dags/c_dag.py for tasks to queue
[2022-09-25T14:50:54.917+0000] {logging_mixin.py:115} INFO - [2022-09-25T14:50:54.917+0000] {dagbag.py:508} INFO - Filling up the DagBag from /opt/airflow/dags/c_dag.py
[2022-09-25T14:50:55.469+0000] {logging_mixin.py:115} INFO - [2022-09-25T14:50:55.468+0000] {base.py:68} INFO - Using connection ID 'home' for task execution.
[2022-09-25T14:50:55.474+0000] {logging_mixin.py:115} INFO - [2022-09-25T14:50:55.474+0000] {base.py:68} INFO - Using connection ID 'vecap_target' for task execution.
[2022-09-25T14:50:55.483+0000] {processor.py:650} INFO - DAG(s) dict_keys(['vecap_etl']) retrieved from /opt/airflow/dags/c_dag.py
[2022-09-25T14:50:55.506+0000] {logging_mixin.py:115} INFO - [2022-09-25T14:50:55.504+0000] {dag.py:2429} INFO - Sync 1 DAGs
[2022-09-25T14:50:55.536+0000] {logging_mixin.py:115} INFO - [2022-09-25T14:50:55.536+0000] {dag.py:2981} INFO - Setting next_dagrun for vecap_etl to 2022-09-25T00:00:00+00:00, run_after=2022-09-26T00:00:00+00:00
[2022-09-25T14:50:55.554+0000] {processor.py:161} INFO - Processing /opt/airflow/dags/c_dag.py took 0.651 seconds
[2022-09-25T14:51:25.733+0000] {processor.py:153} INFO - Started process (PID=12164) to work on /opt/airflow/dags/c_dag.py
[2022-09-25T14:51:25.735+0000] {processor.py:640} INFO - Processing file /opt/airflow/dags/c_dag.py for tasks to queue
[2022-09-25T14:51:25.736+0000] {logging_mixin.py:115} INFO - [2022-09-25T14:51:25.736+0000] {dagbag.py:508} INFO - Filling up the DagBag from /opt/airflow/dags/c_dag.py
[2022-09-25T14:51:26.291+0000] {logging_mixin.py:115} INFO - [2022-09-25T14:51:26.291+0000] {base.py:68} INFO - Using connection ID 'home' for task execution.
[2022-09-25T14:51:26.297+0000] {logging_mixin.py:115} INFO - [2022-09-25T14:51:26.297+0000] {base.py:68} INFO - Using connection ID 'vecap_target' for task execution.
[2022-09-25T14:51:26.306+0000] {processor.py:650} INFO - DAG(s) dict_keys(['vecap_etl']) retrieved from /opt/airflow/dags/c_dag.py
[2022-09-25T14:51:26.330+0000] {logging_mixin.py:115} INFO - [2022-09-25T14:51:26.327+0000] {dag.py:2429} INFO - Sync 1 DAGs
[2022-09-25T14:51:26.360+0000] {logging_mixin.py:115} INFO - [2022-09-25T14:51:26.360+0000] {dag.py:2981} INFO - Setting next_dagrun for vecap_etl to 2022-09-25T00:00:00+00:00, run_after=2022-09-26T00:00:00+00:00
[2022-09-25T14:51:26.384+0000] {processor.py:161} INFO - Processing /opt/airflow/dags/c_dag.py took 0.656 seconds
[2022-09-25T14:51:56.448+0000] {processor.py:153} INFO - Started process (PID=12369) to work on /opt/airflow/dags/c_dag.py
[2022-09-25T14:51:56.452+0000] {processor.py:640} INFO - Processing file /opt/airflow/dags/c_dag.py for tasks to queue
[2022-09-25T14:51:56.455+0000] {logging_mixin.py:115} INFO - [2022-09-25T14:51:56.454+0000] {dagbag.py:508} INFO - Filling up the DagBag from /opt/airflow/dags/c_dag.py
[2022-09-25T14:51:57.027+0000] {logging_mixin.py:115} INFO - [2022-09-25T14:51:57.026+0000] {base.py:68} INFO - Using connection ID 'home' for task execution.
[2022-09-25T14:51:57.034+0000] {logging_mixin.py:115} INFO - [2022-09-25T14:51:57.034+0000] {base.py:68} INFO - Using connection ID 'vecap_target' for task execution.
[2022-09-25T14:51:57.042+0000] {processor.py:650} INFO - DAG(s) dict_keys(['vecap_etl']) retrieved from /opt/airflow/dags/c_dag.py
[2022-09-25T14:51:57.066+0000] {logging_mixin.py:115} INFO - [2022-09-25T14:51:57.064+0000] {dag.py:2429} INFO - Sync 1 DAGs
[2022-09-25T14:51:57.095+0000] {logging_mixin.py:115} INFO - [2022-09-25T14:51:57.094+0000] {dag.py:2981} INFO - Setting next_dagrun for vecap_etl to 2022-09-25T00:00:00+00:00, run_after=2022-09-26T00:00:00+00:00
[2022-09-25T14:51:57.116+0000] {processor.py:161} INFO - Processing /opt/airflow/dags/c_dag.py took 0.673 seconds
