[2022-10-07T09:20:16.737+0000] {taskinstance.py:1171} INFO - Dependencies all met for <TaskInstance: vecap_etl.person_dim manual__2022-10-07T09:19:41.595481+00:00 [queued]>
[2022-10-07T09:20:16.752+0000] {taskinstance.py:1171} INFO - Dependencies all met for <TaskInstance: vecap_etl.person_dim manual__2022-10-07T09:19:41.595481+00:00 [queued]>
[2022-10-07T09:20:16.753+0000] {taskinstance.py:1368} INFO - 
--------------------------------------------------------------------------------
[2022-10-07T09:20:16.754+0000] {taskinstance.py:1369} INFO - Starting attempt 1 of 1
[2022-10-07T09:20:16.755+0000] {taskinstance.py:1370} INFO - 
--------------------------------------------------------------------------------
[2022-10-07T09:20:16.775+0000] {taskinstance.py:1389} INFO - Executing <Task(PythonOperator): person_dim> on 2022-10-07 09:19:41.595481+00:00
[2022-10-07T09:20:16.784+0000] {standard_task_runner.py:52} INFO - Started process 34766 to run task
[2022-10-07T09:20:16.788+0000] {standard_task_runner.py:79} INFO - Running: ['***', 'tasks', 'run', 'vecap_etl', 'person_dim', 'manual__2022-10-07T09:19:41.595481+00:00', '--job-id', '232', '--raw', '--subdir', 'DAGS_FOLDER/c_dag.py', '--cfg-path', '/tmp/tmp7z_c5wbw', '--error-file', '/tmp/tmp0v91yqc0']
[2022-10-07T09:20:16.791+0000] {standard_task_runner.py:80} INFO - Job 232: Subtask person_dim
[2022-10-07T09:20:16.900+0000] {task_command.py:371} INFO - Running <TaskInstance: vecap_etl.person_dim manual__2022-10-07T09:19:41.595481+00:00 [running]> on host a41ad1c55a2c
[2022-10-07T09:20:17.017+0000] {taskinstance.py:1583} INFO - Exporting the following env vars:
AIRFLOW_CTX_DAG_EMAIL=admin@vecap.com
AIRFLOW_CTX_DAG_OWNER=***
AIRFLOW_CTX_DAG_ID=vecap_etl
AIRFLOW_CTX_TASK_ID=person_dim
AIRFLOW_CTX_EXECUTION_DATE=2022-10-07T09:19:41.595481+00:00
AIRFLOW_CTX_TRY_NUMBER=1
AIRFLOW_CTX_DAG_RUN_ID=manual__2022-10-07T09:19:41.595481+00:00
[2022-10-07T09:20:30.950+0000] {python.py:173} INFO - Done. Returned value was: {'Table processed ': 'Data imported successful'}
[2022-10-07T09:20:30.995+0000] {taskinstance.py:1412} INFO - Marking task as SUCCESS. dag_id=vecap_etl, task_id=person_dim, execution_date=20221007T091941, start_date=20221007T092016, end_date=20221007T092030
[2022-10-07T09:20:31.052+0000] {local_task_job.py:156} INFO - Task exited with return code 0
