[2022-10-07T09:20:00.402+0000] {taskinstance.py:1171} INFO - Dependencies all met for <TaskInstance: vecap_etl.fam_dim manual__2022-10-07T09:19:41.595481+00:00 [queued]>
[2022-10-07T09:20:00.420+0000] {taskinstance.py:1171} INFO - Dependencies all met for <TaskInstance: vecap_etl.fam_dim manual__2022-10-07T09:19:41.595481+00:00 [queued]>
[2022-10-07T09:20:00.421+0000] {taskinstance.py:1368} INFO - 
--------------------------------------------------------------------------------
[2022-10-07T09:20:00.422+0000] {taskinstance.py:1369} INFO - Starting attempt 1 of 1
[2022-10-07T09:20:00.423+0000] {taskinstance.py:1370} INFO - 
--------------------------------------------------------------------------------
[2022-10-07T09:20:00.445+0000] {taskinstance.py:1389} INFO - Executing <Task(PythonOperator): fam_dim> on 2022-10-07 09:19:41.595481+00:00
[2022-10-07T09:20:00.452+0000] {standard_task_runner.py:52} INFO - Started process 34742 to run task
[2022-10-07T09:20:00.458+0000] {standard_task_runner.py:79} INFO - Running: ['***', 'tasks', 'run', 'vecap_etl', 'fam_dim', 'manual__2022-10-07T09:19:41.595481+00:00', '--job-id', '231', '--raw', '--subdir', 'DAGS_FOLDER/c_dag.py', '--cfg-path', '/tmp/tmpguoe0mvz', '--error-file', '/tmp/tmppgkhmiy2']
[2022-10-07T09:20:00.461+0000] {standard_task_runner.py:80} INFO - Job 231: Subtask fam_dim
[2022-10-07T09:20:00.574+0000] {task_command.py:371} INFO - Running <TaskInstance: vecap_etl.fam_dim manual__2022-10-07T09:19:41.595481+00:00 [running]> on host a41ad1c55a2c
[2022-10-07T09:20:00.692+0000] {taskinstance.py:1583} INFO - Exporting the following env vars:
AIRFLOW_CTX_DAG_EMAIL=admin@vecap.com
AIRFLOW_CTX_DAG_OWNER=***
AIRFLOW_CTX_DAG_ID=vecap_etl
AIRFLOW_CTX_TASK_ID=fam_dim
AIRFLOW_CTX_EXECUTION_DATE=2022-10-07T09:19:41.595481+00:00
AIRFLOW_CTX_TRY_NUMBER=1
AIRFLOW_CTX_DAG_RUN_ID=manual__2022-10-07T09:19:41.595481+00:00
[2022-10-07T09:20:14.521+0000] {python.py:173} INFO - Done. Returned value was: {'Table processed ': 'Data imported successful'}
[2022-10-07T09:20:14.568+0000] {taskinstance.py:1412} INFO - Marking task as SUCCESS. dag_id=vecap_etl, task_id=fam_dim, execution_date=20221007T091941, start_date=20221007T092000, end_date=20221007T092014
[2022-10-07T09:20:14.600+0000] {local_task_job.py:156} INFO - Task exited with return code 0
