[2022-10-06T14:39:07.379+0000] {taskinstance.py:1171} INFO - Dependencies all met for <TaskInstance: vecap_etl.church_fact manual__2022-10-06T14:38:18.176310+00:00 [queued]>
[2022-10-06T14:39:07.406+0000] {taskinstance.py:1171} INFO - Dependencies all met for <TaskInstance: vecap_etl.church_fact manual__2022-10-06T14:38:18.176310+00:00 [queued]>
[2022-10-06T14:39:07.407+0000] {taskinstance.py:1368} INFO - 
--------------------------------------------------------------------------------
[2022-10-06T14:39:07.409+0000] {taskinstance.py:1369} INFO - Starting attempt 1 of 1
[2022-10-06T14:39:07.410+0000] {taskinstance.py:1370} INFO - 
--------------------------------------------------------------------------------
[2022-10-06T14:39:07.433+0000] {taskinstance.py:1389} INFO - Executing <Task(PythonOperator): church_fact> on 2022-10-06 14:38:18.176310+00:00
[2022-10-06T14:39:07.441+0000] {standard_task_runner.py:52} INFO - Started process 7337 to run task
[2022-10-06T14:39:07.456+0000] {standard_task_runner.py:79} INFO - Running: ['***', 'tasks', 'run', 'vecap_etl', 'church_fact', 'manual__2022-10-06T14:38:18.176310+00:00', '--job-id', '221', '--raw', '--subdir', 'DAGS_FOLDER/c_dag.py', '--cfg-path', '/tmp/tmpqo5a3lcc', '--error-file', '/tmp/tmpbm4x1z23']
[2022-10-06T14:39:07.460+0000] {standard_task_runner.py:80} INFO - Job 221: Subtask church_fact
[2022-10-06T14:39:07.614+0000] {task_command.py:371} INFO - Running <TaskInstance: vecap_etl.church_fact manual__2022-10-06T14:38:18.176310+00:00 [running]> on host a41ad1c55a2c
[2022-10-06T14:39:07.918+0000] {taskinstance.py:1583} INFO - Exporting the following env vars:
AIRFLOW_CTX_DAG_EMAIL=admin@vecap.com
AIRFLOW_CTX_DAG_OWNER=***
AIRFLOW_CTX_DAG_ID=vecap_etl
AIRFLOW_CTX_TASK_ID=church_fact
AIRFLOW_CTX_EXECUTION_DATE=2022-10-06T14:38:18.176310+00:00
AIRFLOW_CTX_TRY_NUMBER=1
AIRFLOW_CTX_DAG_RUN_ID=manual__2022-10-06T14:38:18.176310+00:00
[2022-10-06T14:39:14.886+0000] {python.py:173} INFO - Done. Returned value was: None
[2022-10-06T14:39:14.908+0000] {taskinstance.py:1412} INFO - Marking task as SUCCESS. dag_id=vecap_etl, task_id=church_fact, execution_date=20221006T143818, start_date=20221006T143907, end_date=20221006T143914
[2022-10-06T14:39:14.949+0000] {local_task_job.py:156} INFO - Task exited with return code 0
[2022-10-06T14:39:14.994+0000] {local_task_job.py:279} INFO - 0 downstream tasks scheduled from follow-on schedule check
