[2022-10-06T15:27:03.823+0000] {taskinstance.py:1171} INFO - Dependencies all met for <TaskInstance: vecap_etl.geography_dim manual__2022-10-06T15:26:56.750630+00:00 [queued]>
[2022-10-06T15:27:03.841+0000] {taskinstance.py:1171} INFO - Dependencies all met for <TaskInstance: vecap_etl.geography_dim manual__2022-10-06T15:26:56.750630+00:00 [queued]>
[2022-10-06T15:27:03.842+0000] {taskinstance.py:1368} INFO - 
--------------------------------------------------------------------------------
[2022-10-06T15:27:03.844+0000] {taskinstance.py:1369} INFO - Starting attempt 1 of 1
[2022-10-06T15:27:03.845+0000] {taskinstance.py:1370} INFO - 
--------------------------------------------------------------------------------
[2022-10-06T15:27:03.866+0000] {taskinstance.py:1389} INFO - Executing <Task(PythonOperator): geography_dim> on 2022-10-06 15:26:56.750630+00:00
[2022-10-06T15:27:03.874+0000] {standard_task_runner.py:52} INFO - Started process 10183 to run task
[2022-10-06T15:27:03.879+0000] {standard_task_runner.py:79} INFO - Running: ['***', 'tasks', 'run', 'vecap_etl', 'geography_dim', 'manual__2022-10-06T15:26:56.750630+00:00', '--job-id', '226', '--raw', '--subdir', 'DAGS_FOLDER/c_dag.py', '--cfg-path', '/tmp/tmp2ledtu3c', '--error-file', '/tmp/tmpbeqjtc1r']
[2022-10-06T15:27:03.881+0000] {standard_task_runner.py:80} INFO - Job 226: Subtask geography_dim
[2022-10-06T15:27:03.971+0000] {task_command.py:371} INFO - Running <TaskInstance: vecap_etl.geography_dim manual__2022-10-06T15:26:56.750630+00:00 [running]> on host a41ad1c55a2c
[2022-10-06T15:27:04.074+0000] {taskinstance.py:1583} INFO - Exporting the following env vars:
AIRFLOW_CTX_DAG_EMAIL=admin@vecap.com
AIRFLOW_CTX_DAG_OWNER=***
AIRFLOW_CTX_DAG_ID=vecap_etl
AIRFLOW_CTX_TASK_ID=geography_dim
AIRFLOW_CTX_EXECUTION_DATE=2022-10-06T15:26:56.750630+00:00
AIRFLOW_CTX_TRY_NUMBER=1
AIRFLOW_CTX_DAG_RUN_ID=manual__2022-10-06T15:26:56.750630+00:00
[2022-10-06T15:27:17.079+0000] {python.py:173} INFO - Done. Returned value was: {'Table processed ': 'Data imported successful'}
[2022-10-06T15:27:17.120+0000] {taskinstance.py:1412} INFO - Marking task as SUCCESS. dag_id=vecap_etl, task_id=geography_dim, execution_date=20221006T152656, start_date=20221006T152703, end_date=20221006T152717
[2022-10-06T15:27:17.186+0000] {local_task_job.py:156} INFO - Task exited with return code 0
