[2022-10-07T09:31:17.932+0000] {taskinstance.py:1171} INFO - Dependencies all met for <TaskInstance: vecap_etl.person_fact manual__2022-10-07T09:30:16.112056+00:00 [queued]>
[2022-10-07T09:31:17.948+0000] {taskinstance.py:1171} INFO - Dependencies all met for <TaskInstance: vecap_etl.person_fact manual__2022-10-07T09:30:16.112056+00:00 [queued]>
[2022-10-07T09:31:17.949+0000] {taskinstance.py:1368} INFO - 
--------------------------------------------------------------------------------
[2022-10-07T09:31:17.950+0000] {taskinstance.py:1369} INFO - Starting attempt 1 of 1
[2022-10-07T09:31:17.951+0000] {taskinstance.py:1370} INFO - 
--------------------------------------------------------------------------------
[2022-10-07T09:31:17.975+0000] {taskinstance.py:1389} INFO - Executing <Task(PythonOperator): person_fact> on 2022-10-07 09:30:16.112056+00:00
[2022-10-07T09:31:17.986+0000] {standard_task_runner.py:52} INFO - Started process 35662 to run task
[2022-10-07T09:31:17.990+0000] {standard_task_runner.py:79} INFO - Running: ['***', 'tasks', 'run', 'vecap_etl', 'person_fact', 'manual__2022-10-07T09:30:16.112056+00:00', '--job-id', '245', '--raw', '--subdir', 'DAGS_FOLDER/c_dag.py', '--cfg-path', '/tmp/tmpara1a9e6', '--error-file', '/tmp/tmppwashv7y']
[2022-10-07T09:31:17.994+0000] {standard_task_runner.py:80} INFO - Job 245: Subtask person_fact
[2022-10-07T09:31:18.151+0000] {task_command.py:371} INFO - Running <TaskInstance: vecap_etl.person_fact manual__2022-10-07T09:30:16.112056+00:00 [running]> on host a41ad1c55a2c
[2022-10-07T09:31:18.381+0000] {taskinstance.py:1583} INFO - Exporting the following env vars:
AIRFLOW_CTX_DAG_EMAIL=admin@vecap.com
AIRFLOW_CTX_DAG_OWNER=***
AIRFLOW_CTX_DAG_ID=vecap_etl
AIRFLOW_CTX_TASK_ID=person_fact
AIRFLOW_CTX_EXECUTION_DATE=2022-10-07T09:30:16.112056+00:00
AIRFLOW_CTX_TRY_NUMBER=1
AIRFLOW_CTX_DAG_RUN_ID=manual__2022-10-07T09:30:16.112056+00:00
[2022-10-07T09:31:26.497+0000] {python.py:173} INFO - Done. Returned value was: {'Table processed ': 'Data imported successful'}
[2022-10-07T09:31:26.566+0000] {taskinstance.py:1412} INFO - Marking task as SUCCESS. dag_id=vecap_etl, task_id=person_fact, execution_date=20221007T093016, start_date=20221007T093117, end_date=20221007T093126
[2022-10-07T09:31:26.637+0000] {local_task_job.py:156} INFO - Task exited with return code 0
[2022-10-07T09:31:26.679+0000] {local_task_job.py:279} INFO - 0 downstream tasks scheduled from follow-on schedule check
