[2022-10-07T09:24:13.659+0000] {taskinstance.py:1171} INFO - Dependencies all met for <TaskInstance: vecap_etl.church_fact manual__2022-10-07T09:23:25.739044+00:00 [queued]>
[2022-10-07T09:24:13.680+0000] {taskinstance.py:1171} INFO - Dependencies all met for <TaskInstance: vecap_etl.church_fact manual__2022-10-07T09:23:25.739044+00:00 [queued]>
[2022-10-07T09:24:13.682+0000] {taskinstance.py:1368} INFO - 
--------------------------------------------------------------------------------
[2022-10-07T09:24:13.683+0000] {taskinstance.py:1369} INFO - Starting attempt 1 of 1
[2022-10-07T09:24:13.684+0000] {taskinstance.py:1370} INFO - 
--------------------------------------------------------------------------------
[2022-10-07T09:24:13.707+0000] {taskinstance.py:1389} INFO - Executing <Task(PythonOperator): church_fact> on 2022-10-07 09:23:25.739044+00:00
[2022-10-07T09:24:13.718+0000] {standard_task_runner.py:52} INFO - Started process 35107 to run task
[2022-10-07T09:24:13.723+0000] {standard_task_runner.py:79} INFO - Running: ['***', 'tasks', 'run', 'vecap_etl', 'church_fact', 'manual__2022-10-07T09:23:25.739044+00:00', '--job-id', '240', '--raw', '--subdir', 'DAGS_FOLDER/c_dag.py', '--cfg-path', '/tmp/tmpim5ptxsl', '--error-file', '/tmp/tmprtgehqat']
[2022-10-07T09:24:13.727+0000] {standard_task_runner.py:80} INFO - Job 240: Subtask church_fact
[2022-10-07T09:24:13.848+0000] {task_command.py:371} INFO - Running <TaskInstance: vecap_etl.church_fact manual__2022-10-07T09:23:25.739044+00:00 [running]> on host a41ad1c55a2c
[2022-10-07T09:24:14.124+0000] {taskinstance.py:1583} INFO - Exporting the following env vars:
AIRFLOW_CTX_DAG_EMAIL=admin@vecap.com
AIRFLOW_CTX_DAG_OWNER=***
AIRFLOW_CTX_DAG_ID=vecap_etl
AIRFLOW_CTX_TASK_ID=church_fact
AIRFLOW_CTX_EXECUTION_DATE=2022-10-07T09:23:25.739044+00:00
AIRFLOW_CTX_TRY_NUMBER=1
AIRFLOW_CTX_DAG_RUN_ID=manual__2022-10-07T09:23:25.739044+00:00
[2022-10-07T09:24:23.934+0000] {python.py:173} INFO - Done. Returned value was: None
[2022-10-07T09:24:23.978+0000] {taskinstance.py:1412} INFO - Marking task as SUCCESS. dag_id=vecap_etl, task_id=church_fact, execution_date=20221007T092325, start_date=20221007T092413, end_date=20221007T092423
[2022-10-07T09:24:24.017+0000] {local_task_job.py:156} INFO - Task exited with return code 0
[2022-10-07T09:24:24.070+0000] {local_task_job.py:279} INFO - 0 downstream tasks scheduled from follow-on schedule check
