[2022-10-07T09:30:21.940+0000] {taskinstance.py:1171} INFO - Dependencies all met for <TaskInstance: vecap_etl.geography_dim manual__2022-10-07T09:30:16.112056+00:00 [queued]>
[2022-10-07T09:30:21.956+0000] {taskinstance.py:1171} INFO - Dependencies all met for <TaskInstance: vecap_etl.geography_dim manual__2022-10-07T09:30:16.112056+00:00 [queued]>
[2022-10-07T09:30:21.957+0000] {taskinstance.py:1368} INFO - 
--------------------------------------------------------------------------------
[2022-10-07T09:30:21.958+0000] {taskinstance.py:1369} INFO - Starting attempt 1 of 1
[2022-10-07T09:30:21.959+0000] {taskinstance.py:1370} INFO - 
--------------------------------------------------------------------------------
[2022-10-07T09:30:21.982+0000] {taskinstance.py:1389} INFO - Executing <Task(PythonOperator): geography_dim> on 2022-10-07 09:30:16.112056+00:00
[2022-10-07T09:30:21.990+0000] {standard_task_runner.py:52} INFO - Started process 35580 to run task
[2022-10-07T09:30:21.996+0000] {standard_task_runner.py:79} INFO - Running: ['***', 'tasks', 'run', 'vecap_etl', 'geography_dim', 'manual__2022-10-07T09:30:16.112056+00:00', '--job-id', '242', '--raw', '--subdir', 'DAGS_FOLDER/c_dag.py', '--cfg-path', '/tmp/tmpjbkjn8io', '--error-file', '/tmp/tmpo1006i70']
[2022-10-07T09:30:22.000+0000] {standard_task_runner.py:80} INFO - Job 242: Subtask geography_dim
[2022-10-07T09:30:22.109+0000] {task_command.py:371} INFO - Running <TaskInstance: vecap_etl.geography_dim manual__2022-10-07T09:30:16.112056+00:00 [running]> on host a41ad1c55a2c
[2022-10-07T09:30:22.233+0000] {taskinstance.py:1583} INFO - Exporting the following env vars:
AIRFLOW_CTX_DAG_EMAIL=admin@vecap.com
AIRFLOW_CTX_DAG_OWNER=***
AIRFLOW_CTX_DAG_ID=vecap_etl
AIRFLOW_CTX_TASK_ID=geography_dim
AIRFLOW_CTX_EXECUTION_DATE=2022-10-07T09:30:16.112056+00:00
AIRFLOW_CTX_TRY_NUMBER=1
AIRFLOW_CTX_DAG_RUN_ID=manual__2022-10-07T09:30:16.112056+00:00
[2022-10-07T09:30:34.322+0000] {python.py:173} INFO - Done. Returned value was: {'Table processed ': 'Data imported successful'}
[2022-10-07T09:30:34.369+0000] {taskinstance.py:1412} INFO - Marking task as SUCCESS. dag_id=vecap_etl, task_id=geography_dim, execution_date=20221007T093016, start_date=20221007T093021, end_date=20221007T093034
[2022-10-07T09:30:34.433+0000] {local_task_job.py:156} INFO - Task exited with return code 0
