[2022-09-15T08:34:56.781+0000] {taskinstance.py:1171} INFO - Dependencies all met for <TaskInstance: vecap_etl.date_dim manual__2022-09-15T08:34:54.192107+00:00 [queued]>
[2022-09-15T08:34:56.798+0000] {taskinstance.py:1171} INFO - Dependencies all met for <TaskInstance: vecap_etl.date_dim manual__2022-09-15T08:34:54.192107+00:00 [queued]>
[2022-09-15T08:34:56.801+0000] {taskinstance.py:1368} INFO - 
--------------------------------------------------------------------------------
[2022-09-15T08:34:56.802+0000] {taskinstance.py:1369} INFO - Starting attempt 1 of 1
[2022-09-15T08:34:56.803+0000] {taskinstance.py:1370} INFO - 
--------------------------------------------------------------------------------
[2022-09-15T08:34:56.825+0000] {taskinstance.py:1389} INFO - Executing <Task(PythonOperator): date_dim> on 2022-09-15 08:34:54.192107+00:00
[2022-09-15T08:34:56.836+0000] {standard_task_runner.py:52} INFO - Started process 12524 to run task
[2022-09-15T08:34:56.848+0000] {standard_task_runner.py:79} INFO - Running: ['***', 'tasks', 'run', 'vecap_etl', 'date_dim', 'manual__2022-09-15T08:34:54.192107+00:00', '--job-id', '93', '--raw', '--subdir', 'DAGS_FOLDER/c_dag.py', '--cfg-path', '/tmp/tmpnoxrgiea', '--error-file', '/tmp/tmpimgzz4y_']
[2022-09-15T08:34:56.851+0000] {standard_task_runner.py:80} INFO - Job 93: Subtask date_dim
[2022-09-15T08:34:56.975+0000] {task_command.py:371} INFO - Running <TaskInstance: vecap_etl.date_dim manual__2022-09-15T08:34:54.192107+00:00 [running]> on host 0d275337f52b
[2022-09-15T08:34:57.132+0000] {taskinstance.py:1583} INFO - Exporting the following env vars:
AIRFLOW_CTX_DAG_EMAIL=admin@vecap.com
AIRFLOW_CTX_DAG_OWNER=***
AIRFLOW_CTX_DAG_ID=vecap_etl
AIRFLOW_CTX_TASK_ID=date_dim
AIRFLOW_CTX_EXECUTION_DATE=2022-09-15T08:34:54.192107+00:00
AIRFLOW_CTX_TRY_NUMBER=1
AIRFLOW_CTX_DAG_RUN_ID=manual__2022-09-15T08:34:54.192107+00:00
[2022-09-15T08:35:02.342+0000] {python.py:173} INFO - Done. Returned value was: <sqlalchemy.engine.cursor.LegacyCursorResult object at 0x7f73da2e4810>
[2022-09-15T08:35:02.405+0000] {xcom.py:586} ERROR - Could not serialize the XCom value into JSON. If you are using pickle instead of JSON for XCom, then you need to enable pickle support for XCom in your *** config.
[2022-09-15T08:35:02.408+0000] {taskinstance.py:1902} ERROR - Task failed with exception
Traceback (most recent call last):
  File "/home/airflow/.local/lib/python3.7/site-packages/airflow/utils/session.py", line 68, in wrapper
    return func(*args, **kwargs)
  File "/home/airflow/.local/lib/python3.7/site-packages/airflow/models/taskinstance.py", line 2405, in xcom_push
    session=session,
  File "/home/airflow/.local/lib/python3.7/site-packages/airflow/utils/session.py", line 68, in wrapper
    return func(*args, **kwargs)
  File "/home/airflow/.local/lib/python3.7/site-packages/airflow/models/xcom.py", line 198, in set
    map_index=map_index,
  File "/home/airflow/.local/lib/python3.7/site-packages/airflow/models/xcom.py", line 583, in serialize_value
    return json.dumps(value).encode('UTF-8')
  File "/usr/local/lib/python3.7/json/__init__.py", line 231, in dumps
    return _default_encoder.encode(obj)
  File "/usr/local/lib/python3.7/json/encoder.py", line 199, in encode
    chunks = self.iterencode(o, _one_shot=True)
  File "/usr/local/lib/python3.7/json/encoder.py", line 257, in iterencode
    return _iterencode(o, 0)
  File "/usr/local/lib/python3.7/json/encoder.py", line 179, in default
    raise TypeError(f'Object of type {o.__class__.__name__} '
TypeError: Object of type LegacyCursorResult is not JSON serializable
[2022-09-15T08:35:02.455+0000] {taskinstance.py:1412} INFO - Marking task as FAILED. dag_id=vecap_etl, task_id=date_dim, execution_date=20220915T083454, start_date=20220915T083456, end_date=20220915T083502
[2022-09-15T08:35:02.536+0000] {standard_task_runner.py:97} ERROR - Failed to execute job 93 for task date_dim (Object of type LegacyCursorResult is not JSON serializable; 12524)
[2022-09-15T08:35:02.636+0000] {local_task_job.py:156} INFO - Task exited with return code 1
[2022-09-15T08:35:02.764+0000] {local_task_job.py:279} INFO - 0 downstream tasks scheduled from follow-on schedule check
