[2022-10-07T09:23:59.585+0000] {taskinstance.py:1171} INFO - Dependencies all met for <TaskInstance: vecap_etl.person_dim manual__2022-10-07T09:23:25.739044+00:00 [queued]>
[2022-10-07T09:23:59.603+0000] {taskinstance.py:1171} INFO - Dependencies all met for <TaskInstance: vecap_etl.person_dim manual__2022-10-07T09:23:25.739044+00:00 [queued]>
[2022-10-07T09:23:59.605+0000] {taskinstance.py:1368} INFO - 
--------------------------------------------------------------------------------
[2022-10-07T09:23:59.606+0000] {taskinstance.py:1369} INFO - Starting attempt 1 of 1
[2022-10-07T09:23:59.608+0000] {taskinstance.py:1370} INFO - 
--------------------------------------------------------------------------------
[2022-10-07T09:23:59.630+0000] {taskinstance.py:1389} INFO - Executing <Task(PythonOperator): person_dim> on 2022-10-07 09:23:25.739044+00:00
[2022-10-07T09:23:59.641+0000] {standard_task_runner.py:52} INFO - Started process 35074 to run task
[2022-10-07T09:23:59.646+0000] {standard_task_runner.py:79} INFO - Running: ['***', 'tasks', 'run', 'vecap_etl', 'person_dim', 'manual__2022-10-07T09:23:25.739044+00:00', '--job-id', '238', '--raw', '--subdir', 'DAGS_FOLDER/c_dag.py', '--cfg-path', '/tmp/tmpkdtti9rm', '--error-file', '/tmp/tmp2qrqkavu']
[2022-10-07T09:23:59.649+0000] {standard_task_runner.py:80} INFO - Job 238: Subtask person_dim
[2022-10-07T09:23:59.763+0000] {task_command.py:371} INFO - Running <TaskInstance: vecap_etl.person_dim manual__2022-10-07T09:23:25.739044+00:00 [running]> on host a41ad1c55a2c
[2022-10-07T09:23:59.912+0000] {taskinstance.py:1583} INFO - Exporting the following env vars:
AIRFLOW_CTX_DAG_EMAIL=admin@vecap.com
AIRFLOW_CTX_DAG_OWNER=***
AIRFLOW_CTX_DAG_ID=vecap_etl
AIRFLOW_CTX_TASK_ID=person_dim
AIRFLOW_CTX_EXECUTION_DATE=2022-10-07T09:23:25.739044+00:00
AIRFLOW_CTX_TRY_NUMBER=1
AIRFLOW_CTX_DAG_RUN_ID=manual__2022-10-07T09:23:25.739044+00:00
[2022-10-07T09:24:12.126+0000] {python.py:173} INFO - Done. Returned value was: {'Table processed ': 'Data imported successful'}
[2022-10-07T09:24:12.169+0000] {taskinstance.py:1412} INFO - Marking task as SUCCESS. dag_id=vecap_etl, task_id=person_dim, execution_date=20221007T092325, start_date=20221007T092359, end_date=20221007T092412
[2022-10-07T09:24:12.243+0000] {local_task_job.py:156} INFO - Task exited with return code 0
