[2022-10-06T14:06:29.837+0000] {taskinstance.py:1171} INFO - Dependencies all met for <TaskInstance: vecap_etl.person_fact manual__2022-10-06T14:05:28.964340+00:00 [queued]>
[2022-10-06T14:06:29.851+0000] {taskinstance.py:1171} INFO - Dependencies all met for <TaskInstance: vecap_etl.person_fact manual__2022-10-06T14:05:28.964340+00:00 [queued]>
[2022-10-06T14:06:29.852+0000] {taskinstance.py:1368} INFO - 
--------------------------------------------------------------------------------
[2022-10-06T14:06:29.853+0000] {taskinstance.py:1369} INFO - Starting attempt 1 of 1
[2022-10-06T14:06:29.854+0000] {taskinstance.py:1370} INFO - 
--------------------------------------------------------------------------------
[2022-10-06T14:06:29.874+0000] {taskinstance.py:1389} INFO - Executing <Task(PythonOperator): person_fact> on 2022-10-06 14:05:28.964340+00:00
[2022-10-06T14:06:29.881+0000] {standard_task_runner.py:52} INFO - Started process 4830 to run task
[2022-10-06T14:06:29.886+0000] {standard_task_runner.py:79} INFO - Running: ['***', 'tasks', 'run', 'vecap_etl', 'person_fact', 'manual__2022-10-06T14:05:28.964340+00:00', '--job-id', '213', '--raw', '--subdir', 'DAGS_FOLDER/c_dag.py', '--cfg-path', '/tmp/tmpuhc32axq', '--error-file', '/tmp/tmplyl_anrv']
[2022-10-06T14:06:29.889+0000] {standard_task_runner.py:80} INFO - Job 213: Subtask person_fact
[2022-10-06T14:06:29.991+0000] {task_command.py:371} INFO - Running <TaskInstance: vecap_etl.person_fact manual__2022-10-06T14:05:28.964340+00:00 [running]> on host a41ad1c55a2c
[2022-10-06T14:06:30.108+0000] {taskinstance.py:1583} INFO - Exporting the following env vars:
AIRFLOW_CTX_DAG_EMAIL=admin@vecap.com
AIRFLOW_CTX_DAG_OWNER=***
AIRFLOW_CTX_DAG_ID=vecap_etl
AIRFLOW_CTX_TASK_ID=person_fact
AIRFLOW_CTX_EXECUTION_DATE=2022-10-06T14:05:28.964340+00:00
AIRFLOW_CTX_TRY_NUMBER=1
AIRFLOW_CTX_DAG_RUN_ID=manual__2022-10-06T14:05:28.964340+00:00
[2022-10-06T14:06:36.814+0000] {python.py:173} INFO - Done. Returned value was: None
[2022-10-06T14:06:36.844+0000] {taskinstance.py:1412} INFO - Marking task as SUCCESS. dag_id=vecap_etl, task_id=person_fact, execution_date=20221006T140528, start_date=20221006T140629, end_date=20221006T140636
[2022-10-06T14:06:36.910+0000] {local_task_job.py:156} INFO - Task exited with return code 0
[2022-10-06T14:06:36.966+0000] {local_task_job.py:279} INFO - 0 downstream tasks scheduled from follow-on schedule check
